[2023-12-29T19:36:45.998+0100] {taskinstance.py:1159} INFO - Dependencies all met for dep_context=non-requeueable deps ti=<TaskInstance: our_first_dag_v4.third_task scheduled__2023-02-09T00:00:00+00:00 [queued]>
[2023-12-29T19:36:46.005+0100] {taskinstance.py:1159} INFO - Dependencies all met for dep_context=requeueable deps ti=<TaskInstance: our_first_dag_v4.third_task scheduled__2023-02-09T00:00:00+00:00 [queued]>
[2023-12-29T19:36:46.005+0100] {taskinstance.py:1361} INFO - Starting attempt 4 of 6
[2023-12-29T19:36:46.017+0100] {taskinstance.py:1382} INFO - Executing <Task(BashOperator): third_task> on 2023-02-09 00:00:00+00:00
[2023-12-29T19:36:46.020+0100] {standard_task_runner.py:57} INFO - Started process 72934 to run task
[2023-12-29T19:36:46.026+0100] {standard_task_runner.py:84} INFO - Running: ['airflow', 'tasks', 'run', 'our_first_dag_v4', 'third_task', 'scheduled__2023-02-09T00:00:00+00:00', '--job-id', '10896', '--raw', '--subdir', '/Users/user/Desktop/Learning/AIRFLOW-TUTORIAL/methode-1/dags/our_first_dag.py', '--cfg-path', '/var/folders/gn/cr4yj18d1tv34pkws9v_kq1r0000gn/T/tmpj642t9_r']
[2023-12-29T19:36:46.030+0100] {standard_task_runner.py:85} INFO - Job 10896: Subtask third_task
[2023-12-29T19:36:46.076+0100] {task_command.py:416} INFO - Running <TaskInstance: our_first_dag_v4.third_task scheduled__2023-02-09T00:00:00+00:00 [running]> on host macbook-pro-de-user.local
[2023-12-29T19:36:46.508+0100] {taskinstance.py:1662} INFO - Exporting env vars: AIRFLOW_CTX_DAG_OWNER='aida' AIRFLOW_CTX_DAG_ID='our_first_dag_v4' AIRFLOW_CTX_TASK_ID='third_task' AIRFLOW_CTX_EXECUTION_DATE='2023-02-09T00:00:00+00:00' AIRFLOW_CTX_TRY_NUMBER='4' AIRFLOW_CTX_DAG_RUN_ID='scheduled__2023-02-09T00:00:00+00:00'
[2023-12-29T19:36:46.509+0100] {subprocess.py:63} INFO - Tmp dir root location: /var/folders/gn/cr4yj18d1tv34pkws9v_kq1r0000gn/T
[2023-12-29T19:36:46.510+0100] {subprocess.py:75} INFO - Running command: ['/bin/bash', '-c', 'I am task 3 and I will be running after the task 2!']
[2023-12-29T19:36:46.516+0100] {subprocess.py:86} INFO - Output:
[2023-12-29T19:36:46.518+0100] {subprocess.py:93} INFO - /bin/bash: I: command not found
[2023-12-29T19:36:46.519+0100] {subprocess.py:97} INFO - Command exited with return code 127
[2023-12-29T19:36:46.528+0100] {taskinstance.py:1937} ERROR - Task failed with exception
Traceback (most recent call last):
  File "/Users/user/Desktop/Learning/AIRFLOW-TUTORIAL/py_env/lib/python3.11/site-packages/airflow/operators/bash.py", line 210, in execute
    raise AirflowException(
airflow.exceptions.AirflowException: Bash command failed. The command returned a non-zero exit code 127.
[2023-12-29T19:36:46.531+0100] {taskinstance.py:1400} INFO - Marking task as UP_FOR_RETRY. dag_id=our_first_dag_v4, task_id=third_task, execution_date=20230209T000000, start_date=20231229T183645, end_date=20231229T183646
[2023-12-29T19:36:46.540+0100] {standard_task_runner.py:104} ERROR - Failed to execute job 10896 for task third_task (Bash command failed. The command returned a non-zero exit code 127.; 72934)
[2023-12-29T19:36:46.593+0100] {local_task_job_runner.py:228} INFO - Task exited with return code 1
[2023-12-29T19:36:46.607+0100] {taskinstance.py:2778} INFO - 0 downstream tasks scheduled from follow-on schedule check
