[2024-01-02T20:31:03.337+0100] {taskinstance.py:1159} INFO - Dependencies all met for dep_context=non-requeueable deps ti=<TaskInstance: dag_with_postgres_operator_v03.insert_into_table scheduled__2022-10-07T00:00:00+00:00 [queued]>
[2024-01-02T20:31:03.344+0100] {taskinstance.py:1159} INFO - Dependencies all met for dep_context=requeueable deps ti=<TaskInstance: dag_with_postgres_operator_v03.insert_into_table scheduled__2022-10-07T00:00:00+00:00 [queued]>
[2024-01-02T20:31:03.345+0100] {taskinstance.py:1361} INFO - Starting attempt 2 of 6
[2024-01-02T20:31:03.354+0100] {taskinstance.py:1382} INFO - Executing <Task(PostgresOperator): insert_into_table> on 2022-10-07 00:00:00+00:00
[2024-01-02T20:31:03.357+0100] {standard_task_runner.py:57} INFO - Started process 60456 to run task
[2024-01-02T20:31:03.363+0100] {standard_task_runner.py:84} INFO - Running: ['airflow', 'tasks', 'run', 'dag_with_postgres_operator_v03', 'insert_into_table', 'scheduled__2022-10-07T00:00:00+00:00', '--job-id', '14237', '--raw', '--subdir', '/Users/user/Desktop/Learning/AIRFLOW-TUTORIAL/methode-1/dags/dag_with_postgres.py', '--cfg-path', '/var/folders/gn/cr4yj18d1tv34pkws9v_kq1r0000gn/T/tmpbkf91beg']
[2024-01-02T20:31:03.366+0100] {standard_task_runner.py:85} INFO - Job 14237: Subtask insert_into_table
[2024-01-02T20:31:03.409+0100] {task_command.py:416} INFO - Running <TaskInstance: dag_with_postgres_operator_v03.insert_into_table scheduled__2022-10-07T00:00:00+00:00 [running]> on host macbook-pro-de-user.local
[2024-01-02T20:31:03.872+0100] {taskinstance.py:1662} INFO - Exporting env vars: AIRFLOW_CTX_DAG_OWNER='aida' AIRFLOW_CTX_DAG_ID='dag_with_postgres_operator_v03' AIRFLOW_CTX_TASK_ID='insert_into_table' AIRFLOW_CTX_EXECUTION_DATE='2022-10-07T00:00:00+00:00' AIRFLOW_CTX_TRY_NUMBER='2' AIRFLOW_CTX_DAG_RUN_ID='scheduled__2022-10-07T00:00:00+00:00'
[2024-01-02T20:31:03.873+0100] {sql.py:274} INFO - Executing: 
            insert into table dag_runs(dt, dag_id) values('2022-10-07','dag_with_postgres_operator_v03')
        
[2024-01-02T20:31:03.877+0100] {base.py:73} INFO - Using connection ID 'postgres_localhost' for task execution.
[2024-01-02T20:31:04.038+0100] {base.py:73} INFO - Using connection ID 'postgres_localhost' for task execution.
[2024-01-02T20:31:04.080+0100] {sql.py:418} INFO - Running statement: 
            insert into table dag_runs(dt, dag_id) values('2022-10-07','dag_with_postgres_operator_v03')
        , parameters: None
[2024-01-02T20:31:04.091+0100] {taskinstance.py:1937} ERROR - Task failed with exception
Traceback (most recent call last):
  File "/Users/user/Desktop/Learning/AIRFLOW-TUTORIAL/py_env/lib/python3.11/site-packages/airflow/providers/common/sql/operators/sql.py", line 280, in execute
    output = hook.run(
             ^^^^^^^^^
  File "/Users/user/Desktop/Learning/AIRFLOW-TUTORIAL/py_env/lib/python3.11/site-packages/airflow/providers/common/sql/hooks/sql.py", line 392, in run
    self._run_command(cur, sql_statement, parameters)
  File "/Users/user/Desktop/Learning/AIRFLOW-TUTORIAL/py_env/lib/python3.11/site-packages/airflow/providers/common/sql/hooks/sql.py", line 423, in _run_command
    cur.execute(sql_statement)
psycopg2.errors.SyntaxError: syntax error at or near "table"
LINE 2:             insert into table dag_runs(dt, dag_id) values('2...
                                ^

[2024-01-02T20:31:04.098+0100] {taskinstance.py:1400} INFO - Marking task as UP_FOR_RETRY. dag_id=dag_with_postgres_operator_v03, task_id=insert_into_table, execution_date=20221007T000000, start_date=20240102T193103, end_date=20240102T193104
[2024-01-02T20:31:04.111+0100] {standard_task_runner.py:104} ERROR - Failed to execute job 14237 for task insert_into_table (syntax error at or near "table"
LINE 2:             insert into table dag_runs(dt, dag_id) values('2...
                                ^
; 60456)
[2024-01-02T20:31:04.136+0100] {local_task_job_runner.py:228} INFO - Task exited with return code 1
[2024-01-02T20:31:04.161+0100] {taskinstance.py:2778} INFO - 0 downstream tasks scheduled from follow-on schedule check
