[2024-01-02T21:05:00.600+0100] {taskinstance.py:1159} INFO - Dependencies all met for dep_context=non-requeueable deps ti=<TaskInstance: dag_with_postgres_operator_v04.delete_into_table scheduled__2023-02-19T00:00:00+00:00 [queued]>
[2024-01-02T21:05:00.607+0100] {taskinstance.py:1159} INFO - Dependencies all met for dep_context=requeueable deps ti=<TaskInstance: dag_with_postgres_operator_v04.delete_into_table scheduled__2023-02-19T00:00:00+00:00 [queued]>
[2024-01-02T21:05:00.608+0100] {taskinstance.py:1361} INFO - Starting attempt 1 of 6
[2024-01-02T21:05:00.620+0100] {taskinstance.py:1382} INFO - Executing <Task(PostgresOperator): delete_into_table> on 2023-02-19 00:00:00+00:00
[2024-01-02T21:05:00.623+0100] {standard_task_runner.py:57} INFO - Started process 79547 to run task
[2024-01-02T21:05:00.629+0100] {standard_task_runner.py:84} INFO - Running: ['airflow', 'tasks', 'run', 'dag_with_postgres_operator_v04', 'delete_into_table', 'scheduled__2023-02-19T00:00:00+00:00', '--job-id', '14719', '--raw', '--subdir', '/Users/user/Desktop/Learning/AIRFLOW-TUTORIAL/methode-1/dags/dag_with_postgres.py', '--cfg-path', '/var/folders/gn/cr4yj18d1tv34pkws9v_kq1r0000gn/T/tmpd7435m93']
[2024-01-02T21:05:00.632+0100] {standard_task_runner.py:85} INFO - Job 14719: Subtask delete_into_table
[2024-01-02T21:05:00.676+0100] {task_command.py:416} INFO - Running <TaskInstance: dag_with_postgres_operator_v04.delete_into_table scheduled__2023-02-19T00:00:00+00:00 [running]> on host macbook-pro-de-user.local
[2024-01-02T21:05:01.226+0100] {taskinstance.py:1662} INFO - Exporting env vars: AIRFLOW_CTX_DAG_OWNER='aida' AIRFLOW_CTX_DAG_ID='dag_with_postgres_operator_v04' AIRFLOW_CTX_TASK_ID='delete_into_table' AIRFLOW_CTX_EXECUTION_DATE='2023-02-19T00:00:00+00:00' AIRFLOW_CTX_TRY_NUMBER='1' AIRFLOW_CTX_DAG_RUN_ID='scheduled__2023-02-19T00:00:00+00:00'
[2024-01-02T21:05:01.227+0100] {sql.py:274} INFO - Executing: 
            delete from dag_runs where dt='2023-02-19' and dag_id='dag_with_postgres_operator_v04'
        
[2024-01-02T21:05:01.236+0100] {base.py:73} INFO - Using connection ID 'postgres_localhost' for task execution.
[2024-01-02T21:05:01.646+0100] {base.py:73} INFO - Using connection ID 'postgres_localhost' for task execution.
[2024-01-02T21:05:01.689+0100] {sql.py:418} INFO - Running statement: 
            delete from dag_runs where dt='2023-02-19' and dag_id='dag_with_postgres_operator_v04'
        , parameters: None
[2024-01-02T21:05:01.693+0100] {sql.py:427} INFO - Rows affected: 0
[2024-01-02T21:05:01.702+0100] {taskinstance.py:1400} INFO - Marking task as SUCCESS. dag_id=dag_with_postgres_operator_v04, task_id=delete_into_table, execution_date=20230219T000000, start_date=20240102T200500, end_date=20240102T200501
[2024-01-02T21:05:01.745+0100] {local_task_job_runner.py:228} INFO - Task exited with return code 0
[2024-01-02T21:05:01.774+0100] {taskinstance.py:2778} INFO - 1 downstream tasks scheduled from follow-on schedule check
