[2023-12-18T22:36:50.679+0100] {processor.py:157} INFO - Started process (PID=24826) to work on /Users/user/Desktop/Learning/AIRFLOW-TUTORIAL/py_env/lib/python3.11/site-packages/airflow/example_dags/subdags/subdag.py
[2023-12-18T22:36:50.682+0100] {processor.py:829} INFO - Processing file /Users/user/Desktop/Learning/AIRFLOW-TUTORIAL/py_env/lib/python3.11/site-packages/airflow/example_dags/subdags/subdag.py for tasks to queue
[2023-12-18T22:36:50.683+0100] {logging_mixin.py:154} INFO - [2023-12-18T22:36:50.682+0100] {dagbag.py:536} INFO - Filling up the DagBag from /Users/user/Desktop/Learning/AIRFLOW-TUTORIAL/py_env/lib/python3.11/site-packages/airflow/example_dags/subdags/subdag.py
[2023-12-18T22:36:50.685+0100] {processor.py:841} WARNING - No viable dags retrieved from /Users/user/Desktop/Learning/AIRFLOW-TUTORIAL/py_env/lib/python3.11/site-packages/airflow/example_dags/subdags/subdag.py
[2023-12-18T22:36:50.796+0100] {processor.py:179} INFO - Processing /Users/user/Desktop/Learning/AIRFLOW-TUTORIAL/py_env/lib/python3.11/site-packages/airflow/example_dags/subdags/subdag.py took 0.118 seconds
[2023-12-18T22:39:32.870+0100] {processor.py:157} INFO - Started process (PID=25893) to work on /Users/user/Desktop/Learning/AIRFLOW-TUTORIAL/py_env/lib/python3.11/site-packages/airflow/example_dags/subdags/subdag.py
[2023-12-18T22:39:32.873+0100] {processor.py:829} INFO - Processing file /Users/user/Desktop/Learning/AIRFLOW-TUTORIAL/py_env/lib/python3.11/site-packages/airflow/example_dags/subdags/subdag.py for tasks to queue
[2023-12-18T22:39:32.874+0100] {logging_mixin.py:154} INFO - [2023-12-18T22:39:32.874+0100] {dagbag.py:536} INFO - Filling up the DagBag from /Users/user/Desktop/Learning/AIRFLOW-TUTORIAL/py_env/lib/python3.11/site-packages/airflow/example_dags/subdags/subdag.py
[2023-12-18T22:39:32.877+0100] {processor.py:841} WARNING - No viable dags retrieved from /Users/user/Desktop/Learning/AIRFLOW-TUTORIAL/py_env/lib/python3.11/site-packages/airflow/example_dags/subdags/subdag.py
[2023-12-18T22:39:33.017+0100] {processor.py:179} INFO - Processing /Users/user/Desktop/Learning/AIRFLOW-TUTORIAL/py_env/lib/python3.11/site-packages/airflow/example_dags/subdags/subdag.py took 0.148 seconds
[2023-12-18T22:41:07.359+0100] {processor.py:157} INFO - Started process (PID=26808) to work on /Users/user/Desktop/Learning/AIRFLOW-TUTORIAL/py_env/lib/python3.11/site-packages/airflow/example_dags/subdags/subdag.py
[2023-12-18T22:41:07.363+0100] {processor.py:829} INFO - Processing file /Users/user/Desktop/Learning/AIRFLOW-TUTORIAL/py_env/lib/python3.11/site-packages/airflow/example_dags/subdags/subdag.py for tasks to queue
[2023-12-18T22:41:07.364+0100] {logging_mixin.py:154} INFO - [2023-12-18T22:41:07.364+0100] {dagbag.py:536} INFO - Filling up the DagBag from /Users/user/Desktop/Learning/AIRFLOW-TUTORIAL/py_env/lib/python3.11/site-packages/airflow/example_dags/subdags/subdag.py
[2023-12-18T22:41:07.367+0100] {processor.py:841} WARNING - No viable dags retrieved from /Users/user/Desktop/Learning/AIRFLOW-TUTORIAL/py_env/lib/python3.11/site-packages/airflow/example_dags/subdags/subdag.py
[2023-12-18T22:41:07.501+0100] {processor.py:179} INFO - Processing /Users/user/Desktop/Learning/AIRFLOW-TUTORIAL/py_env/lib/python3.11/site-packages/airflow/example_dags/subdags/subdag.py took 0.143 seconds
[2023-12-18T22:42:33.206+0100] {processor.py:157} INFO - Started process (PID=27442) to work on /Users/user/Desktop/Learning/AIRFLOW-TUTORIAL/py_env/lib/python3.11/site-packages/airflow/example_dags/subdags/subdag.py
[2023-12-18T22:42:33.210+0100] {processor.py:829} INFO - Processing file /Users/user/Desktop/Learning/AIRFLOW-TUTORIAL/py_env/lib/python3.11/site-packages/airflow/example_dags/subdags/subdag.py for tasks to queue
[2023-12-18T22:42:33.210+0100] {logging_mixin.py:154} INFO - [2023-12-18T22:42:33.210+0100] {dagbag.py:536} INFO - Filling up the DagBag from /Users/user/Desktop/Learning/AIRFLOW-TUTORIAL/py_env/lib/python3.11/site-packages/airflow/example_dags/subdags/subdag.py
[2023-12-18T22:42:33.213+0100] {processor.py:841} WARNING - No viable dags retrieved from /Users/user/Desktop/Learning/AIRFLOW-TUTORIAL/py_env/lib/python3.11/site-packages/airflow/example_dags/subdags/subdag.py
[2023-12-18T22:42:33.346+0100] {processor.py:179} INFO - Processing /Users/user/Desktop/Learning/AIRFLOW-TUTORIAL/py_env/lib/python3.11/site-packages/airflow/example_dags/subdags/subdag.py took 0.140 seconds
[2023-12-18T22:44:10.368+0100] {processor.py:157} INFO - Started process (PID=28156) to work on /Users/user/Desktop/Learning/AIRFLOW-TUTORIAL/py_env/lib/python3.11/site-packages/airflow/example_dags/subdags/subdag.py
[2023-12-18T22:44:10.372+0100] {processor.py:829} INFO - Processing file /Users/user/Desktop/Learning/AIRFLOW-TUTORIAL/py_env/lib/python3.11/site-packages/airflow/example_dags/subdags/subdag.py for tasks to queue
[2023-12-18T22:44:10.373+0100] {logging_mixin.py:154} INFO - [2023-12-18T22:44:10.373+0100] {dagbag.py:536} INFO - Filling up the DagBag from /Users/user/Desktop/Learning/AIRFLOW-TUTORIAL/py_env/lib/python3.11/site-packages/airflow/example_dags/subdags/subdag.py
[2023-12-18T22:44:10.375+0100] {processor.py:841} WARNING - No viable dags retrieved from /Users/user/Desktop/Learning/AIRFLOW-TUTORIAL/py_env/lib/python3.11/site-packages/airflow/example_dags/subdags/subdag.py
[2023-12-18T22:44:10.517+0100] {processor.py:179} INFO - Processing /Users/user/Desktop/Learning/AIRFLOW-TUTORIAL/py_env/lib/python3.11/site-packages/airflow/example_dags/subdags/subdag.py took 0.149 seconds
[2023-12-18T22:45:47.181+0100] {processor.py:157} INFO - Started process (PID=28885) to work on /Users/user/Desktop/Learning/AIRFLOW-TUTORIAL/py_env/lib/python3.11/site-packages/airflow/example_dags/subdags/subdag.py
[2023-12-18T22:45:47.185+0100] {processor.py:829} INFO - Processing file /Users/user/Desktop/Learning/AIRFLOW-TUTORIAL/py_env/lib/python3.11/site-packages/airflow/example_dags/subdags/subdag.py for tasks to queue
[2023-12-18T22:45:47.185+0100] {logging_mixin.py:154} INFO - [2023-12-18T22:45:47.185+0100] {dagbag.py:536} INFO - Filling up the DagBag from /Users/user/Desktop/Learning/AIRFLOW-TUTORIAL/py_env/lib/python3.11/site-packages/airflow/example_dags/subdags/subdag.py
[2023-12-18T22:45:47.189+0100] {processor.py:841} WARNING - No viable dags retrieved from /Users/user/Desktop/Learning/AIRFLOW-TUTORIAL/py_env/lib/python3.11/site-packages/airflow/example_dags/subdags/subdag.py
[2023-12-18T22:45:47.344+0100] {processor.py:179} INFO - Processing /Users/user/Desktop/Learning/AIRFLOW-TUTORIAL/py_env/lib/python3.11/site-packages/airflow/example_dags/subdags/subdag.py took 0.164 seconds
[2023-12-18T22:47:28.067+0100] {processor.py:157} INFO - Started process (PID=29616) to work on /Users/user/Desktop/Learning/AIRFLOW-TUTORIAL/py_env/lib/python3.11/site-packages/airflow/example_dags/subdags/subdag.py
[2023-12-18T22:47:28.071+0100] {processor.py:829} INFO - Processing file /Users/user/Desktop/Learning/AIRFLOW-TUTORIAL/py_env/lib/python3.11/site-packages/airflow/example_dags/subdags/subdag.py for tasks to queue
[2023-12-18T22:47:28.072+0100] {logging_mixin.py:154} INFO - [2023-12-18T22:47:28.072+0100] {dagbag.py:536} INFO - Filling up the DagBag from /Users/user/Desktop/Learning/AIRFLOW-TUTORIAL/py_env/lib/python3.11/site-packages/airflow/example_dags/subdags/subdag.py
[2023-12-18T22:47:28.075+0100] {processor.py:841} WARNING - No viable dags retrieved from /Users/user/Desktop/Learning/AIRFLOW-TUTORIAL/py_env/lib/python3.11/site-packages/airflow/example_dags/subdags/subdag.py
[2023-12-18T22:47:28.221+0100] {processor.py:179} INFO - Processing /Users/user/Desktop/Learning/AIRFLOW-TUTORIAL/py_env/lib/python3.11/site-packages/airflow/example_dags/subdags/subdag.py took 0.155 seconds
[2023-12-18T22:49:06.999+0100] {processor.py:157} INFO - Started process (PID=30602) to work on /Users/user/Desktop/Learning/AIRFLOW-TUTORIAL/py_env/lib/python3.11/site-packages/airflow/example_dags/subdags/subdag.py
[2023-12-18T22:49:07.004+0100] {processor.py:829} INFO - Processing file /Users/user/Desktop/Learning/AIRFLOW-TUTORIAL/py_env/lib/python3.11/site-packages/airflow/example_dags/subdags/subdag.py for tasks to queue
[2023-12-18T22:49:07.004+0100] {logging_mixin.py:154} INFO - [2023-12-18T22:49:07.004+0100] {dagbag.py:536} INFO - Filling up the DagBag from /Users/user/Desktop/Learning/AIRFLOW-TUTORIAL/py_env/lib/python3.11/site-packages/airflow/example_dags/subdags/subdag.py
[2023-12-18T22:49:07.007+0100] {processor.py:841} WARNING - No viable dags retrieved from /Users/user/Desktop/Learning/AIRFLOW-TUTORIAL/py_env/lib/python3.11/site-packages/airflow/example_dags/subdags/subdag.py
[2023-12-18T22:49:07.154+0100] {processor.py:179} INFO - Processing /Users/user/Desktop/Learning/AIRFLOW-TUTORIAL/py_env/lib/python3.11/site-packages/airflow/example_dags/subdags/subdag.py took 0.155 seconds
[2023-12-18T22:50:43.516+0100] {processor.py:157} INFO - Started process (PID=31325) to work on /Users/user/Desktop/Learning/AIRFLOW-TUTORIAL/py_env/lib/python3.11/site-packages/airflow/example_dags/subdags/subdag.py
[2023-12-18T22:50:43.523+0100] {processor.py:829} INFO - Processing file /Users/user/Desktop/Learning/AIRFLOW-TUTORIAL/py_env/lib/python3.11/site-packages/airflow/example_dags/subdags/subdag.py for tasks to queue
[2023-12-18T22:50:43.524+0100] {logging_mixin.py:154} INFO - [2023-12-18T22:50:43.524+0100] {dagbag.py:536} INFO - Filling up the DagBag from /Users/user/Desktop/Learning/AIRFLOW-TUTORIAL/py_env/lib/python3.11/site-packages/airflow/example_dags/subdags/subdag.py
[2023-12-18T22:50:43.527+0100] {processor.py:841} WARNING - No viable dags retrieved from /Users/user/Desktop/Learning/AIRFLOW-TUTORIAL/py_env/lib/python3.11/site-packages/airflow/example_dags/subdags/subdag.py
[2023-12-18T22:50:43.739+0100] {processor.py:179} INFO - Processing /Users/user/Desktop/Learning/AIRFLOW-TUTORIAL/py_env/lib/python3.11/site-packages/airflow/example_dags/subdags/subdag.py took 0.224 seconds
[2023-12-18T22:52:34.970+0100] {processor.py:157} INFO - Started process (PID=32328) to work on /Users/user/Desktop/Learning/AIRFLOW-TUTORIAL/py_env/lib/python3.11/site-packages/airflow/example_dags/subdags/subdag.py
[2023-12-18T22:52:34.975+0100] {processor.py:829} INFO - Processing file /Users/user/Desktop/Learning/AIRFLOW-TUTORIAL/py_env/lib/python3.11/site-packages/airflow/example_dags/subdags/subdag.py for tasks to queue
[2023-12-18T22:52:34.975+0100] {logging_mixin.py:154} INFO - [2023-12-18T22:52:34.975+0100] {dagbag.py:536} INFO - Filling up the DagBag from /Users/user/Desktop/Learning/AIRFLOW-TUTORIAL/py_env/lib/python3.11/site-packages/airflow/example_dags/subdags/subdag.py
[2023-12-18T22:52:34.979+0100] {processor.py:841} WARNING - No viable dags retrieved from /Users/user/Desktop/Learning/AIRFLOW-TUTORIAL/py_env/lib/python3.11/site-packages/airflow/example_dags/subdags/subdag.py
[2023-12-18T22:52:35.152+0100] {processor.py:179} INFO - Processing /Users/user/Desktop/Learning/AIRFLOW-TUTORIAL/py_env/lib/python3.11/site-packages/airflow/example_dags/subdags/subdag.py took 0.184 seconds
[2023-12-18T22:54:26.001+0100] {processor.py:157} INFO - Started process (PID=33156) to work on /Users/user/Desktop/Learning/AIRFLOW-TUTORIAL/py_env/lib/python3.11/site-packages/airflow/example_dags/subdags/subdag.py
[2023-12-18T22:54:26.006+0100] {processor.py:829} INFO - Processing file /Users/user/Desktop/Learning/AIRFLOW-TUTORIAL/py_env/lib/python3.11/site-packages/airflow/example_dags/subdags/subdag.py for tasks to queue
[2023-12-18T22:54:26.007+0100] {logging_mixin.py:154} INFO - [2023-12-18T22:54:26.007+0100] {dagbag.py:536} INFO - Filling up the DagBag from /Users/user/Desktop/Learning/AIRFLOW-TUTORIAL/py_env/lib/python3.11/site-packages/airflow/example_dags/subdags/subdag.py
[2023-12-18T22:54:26.011+0100] {processor.py:841} WARNING - No viable dags retrieved from /Users/user/Desktop/Learning/AIRFLOW-TUTORIAL/py_env/lib/python3.11/site-packages/airflow/example_dags/subdags/subdag.py
[2023-12-18T22:54:26.173+0100] {processor.py:179} INFO - Processing /Users/user/Desktop/Learning/AIRFLOW-TUTORIAL/py_env/lib/python3.11/site-packages/airflow/example_dags/subdags/subdag.py took 0.173 seconds
[2023-12-18T22:56:13.859+0100] {processor.py:157} INFO - Started process (PID=33971) to work on /Users/user/Desktop/Learning/AIRFLOW-TUTORIAL/py_env/lib/python3.11/site-packages/airflow/example_dags/subdags/subdag.py
[2023-12-18T22:56:13.865+0100] {processor.py:829} INFO - Processing file /Users/user/Desktop/Learning/AIRFLOW-TUTORIAL/py_env/lib/python3.11/site-packages/airflow/example_dags/subdags/subdag.py for tasks to queue
[2023-12-18T22:56:13.865+0100] {logging_mixin.py:154} INFO - [2023-12-18T22:56:13.865+0100] {dagbag.py:536} INFO - Filling up the DagBag from /Users/user/Desktop/Learning/AIRFLOW-TUTORIAL/py_env/lib/python3.11/site-packages/airflow/example_dags/subdags/subdag.py
[2023-12-18T22:56:13.869+0100] {processor.py:841} WARNING - No viable dags retrieved from /Users/user/Desktop/Learning/AIRFLOW-TUTORIAL/py_env/lib/python3.11/site-packages/airflow/example_dags/subdags/subdag.py
[2023-12-18T22:56:14.024+0100] {processor.py:179} INFO - Processing /Users/user/Desktop/Learning/AIRFLOW-TUTORIAL/py_env/lib/python3.11/site-packages/airflow/example_dags/subdags/subdag.py took 0.166 seconds
[2023-12-18T22:57:53.742+0100] {processor.py:157} INFO - Started process (PID=34711) to work on /Users/user/Desktop/Learning/AIRFLOW-TUTORIAL/py_env/lib/python3.11/site-packages/airflow/example_dags/subdags/subdag.py
[2023-12-18T22:57:53.749+0100] {processor.py:829} INFO - Processing file /Users/user/Desktop/Learning/AIRFLOW-TUTORIAL/py_env/lib/python3.11/site-packages/airflow/example_dags/subdags/subdag.py for tasks to queue
[2023-12-18T22:57:53.750+0100] {logging_mixin.py:154} INFO - [2023-12-18T22:57:53.749+0100] {dagbag.py:536} INFO - Filling up the DagBag from /Users/user/Desktop/Learning/AIRFLOW-TUTORIAL/py_env/lib/python3.11/site-packages/airflow/example_dags/subdags/subdag.py
[2023-12-18T22:57:53.754+0100] {processor.py:841} WARNING - No viable dags retrieved from /Users/user/Desktop/Learning/AIRFLOW-TUTORIAL/py_env/lib/python3.11/site-packages/airflow/example_dags/subdags/subdag.py
[2023-12-18T22:57:53.988+0100] {processor.py:179} INFO - Processing /Users/user/Desktop/Learning/AIRFLOW-TUTORIAL/py_env/lib/python3.11/site-packages/airflow/example_dags/subdags/subdag.py took 0.247 seconds
[2023-12-18T22:59:38.583+0100] {processor.py:157} INFO - Started process (PID=35645) to work on /Users/user/Desktop/Learning/AIRFLOW-TUTORIAL/py_env/lib/python3.11/site-packages/airflow/example_dags/subdags/subdag.py
[2023-12-18T22:59:38.591+0100] {processor.py:829} INFO - Processing file /Users/user/Desktop/Learning/AIRFLOW-TUTORIAL/py_env/lib/python3.11/site-packages/airflow/example_dags/subdags/subdag.py for tasks to queue
[2023-12-18T22:59:38.592+0100] {logging_mixin.py:154} INFO - [2023-12-18T22:59:38.591+0100] {dagbag.py:536} INFO - Filling up the DagBag from /Users/user/Desktop/Learning/AIRFLOW-TUTORIAL/py_env/lib/python3.11/site-packages/airflow/example_dags/subdags/subdag.py
[2023-12-18T22:59:38.596+0100] {processor.py:841} WARNING - No viable dags retrieved from /Users/user/Desktop/Learning/AIRFLOW-TUTORIAL/py_env/lib/python3.11/site-packages/airflow/example_dags/subdags/subdag.py
[2023-12-18T22:59:38.820+0100] {processor.py:179} INFO - Processing /Users/user/Desktop/Learning/AIRFLOW-TUTORIAL/py_env/lib/python3.11/site-packages/airflow/example_dags/subdags/subdag.py took 0.238 seconds
[2023-12-18T23:01:21.584+0100] {processor.py:157} INFO - Started process (PID=36116) to work on /Users/user/Desktop/Learning/AIRFLOW-TUTORIAL/py_env/lib/python3.11/site-packages/airflow/example_dags/subdags/subdag.py
[2023-12-18T23:01:21.591+0100] {processor.py:829} INFO - Processing file /Users/user/Desktop/Learning/AIRFLOW-TUTORIAL/py_env/lib/python3.11/site-packages/airflow/example_dags/subdags/subdag.py for tasks to queue
[2023-12-18T23:01:21.592+0100] {logging_mixin.py:154} INFO - [2023-12-18T23:01:21.592+0100] {dagbag.py:536} INFO - Filling up the DagBag from /Users/user/Desktop/Learning/AIRFLOW-TUTORIAL/py_env/lib/python3.11/site-packages/airflow/example_dags/subdags/subdag.py
[2023-12-18T23:01:21.598+0100] {processor.py:841} WARNING - No viable dags retrieved from /Users/user/Desktop/Learning/AIRFLOW-TUTORIAL/py_env/lib/python3.11/site-packages/airflow/example_dags/subdags/subdag.py
[2023-12-18T23:01:21.793+0100] {processor.py:179} INFO - Processing /Users/user/Desktop/Learning/AIRFLOW-TUTORIAL/py_env/lib/python3.11/site-packages/airflow/example_dags/subdags/subdag.py took 0.210 seconds
[2023-12-18T23:03:12.640+0100] {processor.py:157} INFO - Started process (PID=36958) to work on /Users/user/Desktop/Learning/AIRFLOW-TUTORIAL/py_env/lib/python3.11/site-packages/airflow/example_dags/subdags/subdag.py
[2023-12-18T23:03:12.644+0100] {processor.py:829} INFO - Processing file /Users/user/Desktop/Learning/AIRFLOW-TUTORIAL/py_env/lib/python3.11/site-packages/airflow/example_dags/subdags/subdag.py for tasks to queue
[2023-12-18T23:03:12.645+0100] {logging_mixin.py:154} INFO - [2023-12-18T23:03:12.645+0100] {dagbag.py:536} INFO - Filling up the DagBag from /Users/user/Desktop/Learning/AIRFLOW-TUTORIAL/py_env/lib/python3.11/site-packages/airflow/example_dags/subdags/subdag.py
[2023-12-18T23:03:12.648+0100] {processor.py:841} WARNING - No viable dags retrieved from /Users/user/Desktop/Learning/AIRFLOW-TUTORIAL/py_env/lib/python3.11/site-packages/airflow/example_dags/subdags/subdag.py
[2023-12-18T23:03:12.782+0100] {processor.py:179} INFO - Processing /Users/user/Desktop/Learning/AIRFLOW-TUTORIAL/py_env/lib/python3.11/site-packages/airflow/example_dags/subdags/subdag.py took 0.142 seconds
[2023-12-18T23:04:08.838+0100] {processor.py:157} INFO - Started process (PID=37219) to work on /Users/user/Desktop/Learning/AIRFLOW-TUTORIAL/py_env/lib/python3.11/site-packages/airflow/example_dags/subdags/subdag.py
[2023-12-18T23:04:08.842+0100] {processor.py:829} INFO - Processing file /Users/user/Desktop/Learning/AIRFLOW-TUTORIAL/py_env/lib/python3.11/site-packages/airflow/example_dags/subdags/subdag.py for tasks to queue
[2023-12-18T23:04:08.843+0100] {logging_mixin.py:154} INFO - [2023-12-18T23:04:08.843+0100] {dagbag.py:536} INFO - Filling up the DagBag from /Users/user/Desktop/Learning/AIRFLOW-TUTORIAL/py_env/lib/python3.11/site-packages/airflow/example_dags/subdags/subdag.py
[2023-12-18T23:04:08.846+0100] {processor.py:841} WARNING - No viable dags retrieved from /Users/user/Desktop/Learning/AIRFLOW-TUTORIAL/py_env/lib/python3.11/site-packages/airflow/example_dags/subdags/subdag.py
[2023-12-18T23:04:08.996+0100] {processor.py:179} INFO - Processing /Users/user/Desktop/Learning/AIRFLOW-TUTORIAL/py_env/lib/python3.11/site-packages/airflow/example_dags/subdags/subdag.py took 0.159 seconds
[2023-12-18T23:06:34.842+0100] {processor.py:157} INFO - Started process (PID=38206) to work on /Users/user/Desktop/Learning/AIRFLOW-TUTORIAL/py_env/lib/python3.11/site-packages/airflow/example_dags/subdags/subdag.py
[2023-12-18T23:06:34.846+0100] {processor.py:829} INFO - Processing file /Users/user/Desktop/Learning/AIRFLOW-TUTORIAL/py_env/lib/python3.11/site-packages/airflow/example_dags/subdags/subdag.py for tasks to queue
[2023-12-18T23:06:34.847+0100] {logging_mixin.py:154} INFO - [2023-12-18T23:06:34.847+0100] {dagbag.py:536} INFO - Filling up the DagBag from /Users/user/Desktop/Learning/AIRFLOW-TUTORIAL/py_env/lib/python3.11/site-packages/airflow/example_dags/subdags/subdag.py
[2023-12-18T23:06:34.851+0100] {processor.py:841} WARNING - No viable dags retrieved from /Users/user/Desktop/Learning/AIRFLOW-TUTORIAL/py_env/lib/python3.11/site-packages/airflow/example_dags/subdags/subdag.py
[2023-12-18T23:06:35.053+0100] {processor.py:179} INFO - Processing /Users/user/Desktop/Learning/AIRFLOW-TUTORIAL/py_env/lib/python3.11/site-packages/airflow/example_dags/subdags/subdag.py took 0.213 seconds
