[2023-12-28T19:35:42.127+0100] {taskinstance.py:1159} INFO - Dependencies all met for dep_context=non-requeueable deps ti=<TaskInstance: our_first_dag_v4.third_task scheduled__2021-12-21T00:00:00+00:00 [queued]>
[2023-12-28T19:35:42.134+0100] {taskinstance.py:1159} INFO - Dependencies all met for dep_context=requeueable deps ti=<TaskInstance: our_first_dag_v4.third_task scheduled__2021-12-21T00:00:00+00:00 [queued]>
[2023-12-28T19:35:42.135+0100] {taskinstance.py:1361} INFO - Starting attempt 6 of 6
[2023-12-28T19:35:42.146+0100] {taskinstance.py:1382} INFO - Executing <Task(BashOperator): third_task> on 2021-12-21 00:00:00+00:00
[2023-12-28T19:35:42.149+0100] {standard_task_runner.py:57} INFO - Started process 27410 to run task
[2023-12-28T19:35:42.155+0100] {standard_task_runner.py:84} INFO - Running: ['airflow', 'tasks', 'run', 'our_first_dag_v4', 'third_task', 'scheduled__2021-12-21T00:00:00+00:00', '--job-id', '2745', '--raw', '--subdir', '/Users/user/Desktop/Learning/AIRFLOW-TUTORIAL/methode-1/dags/our_first_dag.py', '--cfg-path', '/var/folders/gn/cr4yj18d1tv34pkws9v_kq1r0000gn/T/tmpc_ohpeg_']
[2023-12-28T19:35:42.159+0100] {standard_task_runner.py:85} INFO - Job 2745: Subtask third_task
[2023-12-28T19:35:42.211+0100] {task_command.py:416} INFO - Running <TaskInstance: our_first_dag_v4.third_task scheduled__2021-12-21T00:00:00+00:00 [running]> on host macbook-pro-de-user.local
[2023-12-28T19:35:42.698+0100] {taskinstance.py:1662} INFO - Exporting env vars: AIRFLOW_CTX_DAG_OWNER='aida' AIRFLOW_CTX_DAG_ID='our_first_dag_v4' AIRFLOW_CTX_TASK_ID='third_task' AIRFLOW_CTX_EXECUTION_DATE='2021-12-21T00:00:00+00:00' AIRFLOW_CTX_TRY_NUMBER='6' AIRFLOW_CTX_DAG_RUN_ID='scheduled__2021-12-21T00:00:00+00:00'
[2023-12-28T19:35:42.700+0100] {subprocess.py:63} INFO - Tmp dir root location: /var/folders/gn/cr4yj18d1tv34pkws9v_kq1r0000gn/T
[2023-12-28T19:35:42.700+0100] {subprocess.py:75} INFO - Running command: ['/bin/bash', '-c', 'I am task 3 and I will be running after the task 2!']
[2023-12-28T19:35:42.708+0100] {subprocess.py:86} INFO - Output:
[2023-12-28T19:35:42.711+0100] {subprocess.py:93} INFO - /bin/bash: I: command not found
[2023-12-28T19:35:42.712+0100] {subprocess.py:97} INFO - Command exited with return code 127
[2023-12-28T19:35:42.723+0100] {taskinstance.py:1937} ERROR - Task failed with exception
Traceback (most recent call last):
  File "/Users/user/Desktop/Learning/AIRFLOW-TUTORIAL/py_env/lib/python3.11/site-packages/airflow/operators/bash.py", line 210, in execute
    raise AirflowException(
airflow.exceptions.AirflowException: Bash command failed. The command returned a non-zero exit code 127.
[2023-12-28T19:35:42.726+0100] {taskinstance.py:1400} INFO - Marking task as FAILED. dag_id=our_first_dag_v4, task_id=third_task, execution_date=20211221T000000, start_date=20231228T183542, end_date=20231228T183542
[2023-12-28T19:35:42.737+0100] {standard_task_runner.py:104} ERROR - Failed to execute job 2745 for task third_task (Bash command failed. The command returned a non-zero exit code 127.; 27410)
[2023-12-28T19:35:42.753+0100] {local_task_job_runner.py:228} INFO - Task exited with return code 1
[2023-12-28T19:35:42.769+0100] {taskinstance.py:2778} INFO - 0 downstream tasks scheduled from follow-on schedule check
