[2024-01-02T20:35:42.231+0100] {taskinstance.py:1159} INFO - Dependencies all met for dep_context=non-requeueable deps ti=<TaskInstance: dag_with_postgres_operator_v03.insert_into_table manual__2024-01-02T19:32:54.491892+00:00 [queued]>
[2024-01-02T20:35:42.245+0100] {taskinstance.py:1159} INFO - Dependencies all met for dep_context=requeueable deps ti=<TaskInstance: dag_with_postgres_operator_v03.insert_into_table manual__2024-01-02T19:32:54.491892+00:00 [queued]>
[2024-01-02T20:35:42.255+0100] {taskinstance.py:1361} INFO - Starting attempt 2 of 6
[2024-01-02T20:35:42.299+0100] {taskinstance.py:1382} INFO - Executing <Task(PostgresOperator): insert_into_table> on 2024-01-02 19:32:54.491892+00:00
[2024-01-02T20:35:42.302+0100] {standard_task_runner.py:57} INFO - Started process 63120 to run task
[2024-01-02T20:35:42.316+0100] {standard_task_runner.py:84} INFO - Running: ['airflow', 'tasks', 'run', 'dag_with_postgres_operator_v03', 'insert_into_table', 'manual__2024-01-02T19:32:54.491892+00:00', '--job-id', '14288', '--raw', '--subdir', '/Users/user/Desktop/Learning/AIRFLOW-TUTORIAL/methode-1/dags/dag_with_postgres.py', '--cfg-path', '/var/folders/gn/cr4yj18d1tv34pkws9v_kq1r0000gn/T/tmpipvi8bp2']
[2024-01-02T20:35:42.322+0100] {standard_task_runner.py:85} INFO - Job 14288: Subtask insert_into_table
[2024-01-02T20:35:42.449+0100] {task_command.py:416} INFO - Running <TaskInstance: dag_with_postgres_operator_v03.insert_into_table manual__2024-01-02T19:32:54.491892+00:00 [running]> on host macbook-pro-de-user.local
[2024-01-02T20:35:43.992+0100] {taskinstance.py:1662} INFO - Exporting env vars: AIRFLOW_CTX_DAG_OWNER='aida' AIRFLOW_CTX_DAG_ID='dag_with_postgres_operator_v03' AIRFLOW_CTX_TASK_ID='insert_into_table' AIRFLOW_CTX_EXECUTION_DATE='2024-01-02T19:32:54.491892+00:00' AIRFLOW_CTX_TRY_NUMBER='2' AIRFLOW_CTX_DAG_RUN_ID='manual__2024-01-02T19:32:54.491892+00:00'
[2024-01-02T20:35:44.008+0100] {sql.py:274} INFO - Executing: 
            insert into dag_runs(dt, dag_id) values('2024-01-02','dag_with_postgres_operator_v03')
        
[2024-01-02T20:35:44.017+0100] {base.py:73} INFO - Using connection ID 'postgres_localhost' for task execution.
[2024-01-02T20:35:44.214+0100] {base.py:73} INFO - Using connection ID 'postgres_localhost' for task execution.
[2024-01-02T20:35:44.255+0100] {sql.py:418} INFO - Running statement: 
            insert into dag_runs(dt, dag_id) values('2024-01-02','dag_with_postgres_operator_v03')
        , parameters: None
[2024-01-02T20:35:44.268+0100] {taskinstance.py:1937} ERROR - Task failed with exception
Traceback (most recent call last):
  File "/Users/user/Desktop/Learning/AIRFLOW-TUTORIAL/py_env/lib/python3.11/site-packages/airflow/providers/common/sql/operators/sql.py", line 280, in execute
    output = hook.run(
             ^^^^^^^^^
  File "/Users/user/Desktop/Learning/AIRFLOW-TUTORIAL/py_env/lib/python3.11/site-packages/airflow/providers/common/sql/hooks/sql.py", line 392, in run
    self._run_command(cur, sql_statement, parameters)
  File "/Users/user/Desktop/Learning/AIRFLOW-TUTORIAL/py_env/lib/python3.11/site-packages/airflow/providers/common/sql/hooks/sql.py", line 423, in _run_command
    cur.execute(sql_statement)
psycopg2.errors.UniqueViolation: duplicate key value violates unique constraint "dag_runs_pkey"
DETAIL:  Key (dt, dag_id)=(2024-01-02, dag_with_postgres_operator_v03) already exists.

[2024-01-02T20:35:44.289+0100] {taskinstance.py:1400} INFO - Marking task as UP_FOR_RETRY. dag_id=dag_with_postgres_operator_v03, task_id=insert_into_table, execution_date=20240102T193254, start_date=20240102T193542, end_date=20240102T193544
[2024-01-02T20:35:44.425+0100] {standard_task_runner.py:104} ERROR - Failed to execute job 14288 for task insert_into_table (duplicate key value violates unique constraint "dag_runs_pkey"
DETAIL:  Key (dt, dag_id)=(2024-01-02, dag_with_postgres_operator_v03) already exists.
; 63120)
[2024-01-02T20:35:44.486+0100] {local_task_job_runner.py:228} INFO - Task exited with return code 1
[2024-01-02T20:35:44.514+0100] {taskinstance.py:2778} INFO - 0 downstream tasks scheduled from follow-on schedule check
