[2024-01-02T21:40:34.281+0100] {taskinstance.py:1159} INFO - Dependencies all met for dep_context=non-requeueable deps ti=<TaskInstance: dag_with_minio_aws_s3_v01.task1 scheduled__2022-10-03T00:00:00+00:00 [queued]>
[2024-01-02T21:40:34.289+0100] {taskinstance.py:1159} INFO - Dependencies all met for dep_context=requeueable deps ti=<TaskInstance: dag_with_minio_aws_s3_v01.task1 scheduled__2022-10-03T00:00:00+00:00 [queued]>
[2024-01-02T21:40:34.290+0100] {taskinstance.py:1361} INFO - Starting attempt 1 of 6
[2024-01-02T21:40:34.302+0100] {taskinstance.py:1382} INFO - Executing <Task(S3KeySensor): task1> on 2022-10-03 00:00:00+00:00
[2024-01-02T21:40:34.305+0100] {standard_task_runner.py:57} INFO - Started process 88880 to run task
[2024-01-02T21:40:34.312+0100] {standard_task_runner.py:84} INFO - Running: ['airflow', 'tasks', 'run', 'dag_with_minio_aws_s3_v01', 'task1', 'scheduled__2022-10-03T00:00:00+00:00', '--job-id', '15155', '--raw', '--subdir', '/Users/user/Desktop/Learning/AIRFLOW-TUTORIAL/methode-1/dags/dag_minio_s3.py', '--cfg-path', '/var/folders/gn/cr4yj18d1tv34pkws9v_kq1r0000gn/T/tmp4ri7_5nw']
[2024-01-02T21:40:34.316+0100] {standard_task_runner.py:85} INFO - Job 15155: Subtask task1
[2024-01-02T21:40:34.375+0100] {task_command.py:416} INFO - Running <TaskInstance: dag_with_minio_aws_s3_v01.task1 scheduled__2022-10-03T00:00:00+00:00 [running]> on host macbook-pro-de-user.local
[2024-01-02T21:40:34.985+0100] {taskinstance.py:1662} INFO - Exporting env vars: AIRFLOW_CTX_DAG_OWNER='aida' AIRFLOW_CTX_DAG_ID='dag_with_minio_aws_s3_v01' AIRFLOW_CTX_TASK_ID='task1' AIRFLOW_CTX_EXECUTION_DATE='2022-10-03T00:00:00+00:00' AIRFLOW_CTX_TRY_NUMBER='1' AIRFLOW_CTX_DAG_RUN_ID='scheduled__2022-10-03T00:00:00+00:00'
[2024-01-02T21:40:34.986+0100] {s3.py:106} INFO - Poking for key : s3://airflow/data.csv
[2024-01-02T21:40:34.992+0100] {base.py:73} INFO - Using connection ID 'minio_conn' for task execution.
[2024-01-02T21:40:34.993+0100] {connection_wrapper.py:378} INFO - AWS Connection (conn_id='minio_conn', conn_type='aws') credentials retrieved from login and password.
[2024-01-02T21:40:34.998+0100] {logging_mixin.py:154} WARNING - <string>:9 AirflowProviderDeprecationWarning: extra['host'] is deprecated and will be removed in a future release. Please set extra['endpoint_url'] instead
[2024-01-02T21:43:07.518+0100] {local_task_job_runner.py:294} WARNING - State of this instance has been externally set to restarting. Terminating instance.
[2024-01-02T21:43:07.582+0100] {process_utils.py:131} INFO - Sending 15 to group 88880. PIDs of all processes in the group: [88880]
[2024-01-02T21:43:07.584+0100] {process_utils.py:86} INFO - Sending the signal 15 to group 88880
[2024-01-02T21:44:07.604+0100] {process_utils.py:149} WARNING - process psutil.Process(pid=88880, name='Python', status='running', started='21:40:34') did not respond to SIGTERM. Trying SIGKILL
[2024-01-02T21:44:07.650+0100] {process_utils.py:86} INFO - Sending the signal 9 to group 88880
[2024-01-02T21:44:07.660+0100] {process_utils.py:79} INFO - Process psutil.Process(pid=88880, name='Python', status='terminated', exitcode=<Negsignal.SIGKILL: -9>, started='21:40:34') (88880) terminated with exit code -9
[2024-01-02T21:44:07.665+0100] {standard_task_runner.py:172} ERROR - Job 15155 was killed before it finished (likely due to running out of memory)
[2024-01-02T23:43:21.920+0100] {taskinstance.py:1159} INFO - Dependencies all met for dep_context=non-requeueable deps ti=<TaskInstance: dag_with_minio_aws_s3_v01.task1 scheduled__2022-10-03T00:00:00+00:00 [queued]>
[2024-01-02T23:43:21.948+0100] {taskinstance.py:1159} INFO - Dependencies all met for dep_context=requeueable deps ti=<TaskInstance: dag_with_minio_aws_s3_v01.task1 scheduled__2022-10-03T00:00:00+00:00 [queued]>
[2024-01-02T23:43:21.948+0100] {taskinstance.py:1361} INFO - Starting attempt 1 of 6
[2024-01-02T23:43:22.077+0100] {taskinstance.py:1382} INFO - Executing <Task(S3KeySensor): task1> on 2022-10-03 00:00:00+00:00
[2024-01-02T23:43:22.085+0100] {standard_task_runner.py:57} INFO - Started process 93244 to run task
[2024-01-02T23:43:22.090+0100] {standard_task_runner.py:84} INFO - Running: ['airflow', 'tasks', 'run', 'dag_with_minio_aws_s3_v01', 'task1', 'scheduled__2022-10-03T00:00:00+00:00', '--job-id', '15208', '--raw', '--subdir', '/Users/user/Desktop/Learning/AIRFLOW-TUTORIAL/methode-1/dags/dag_minio_s3.py', '--cfg-path', '/var/folders/gn/cr4yj18d1tv34pkws9v_kq1r0000gn/T/tmpg78eg2i_']
[2024-01-02T23:43:22.094+0100] {standard_task_runner.py:85} INFO - Job 15208: Subtask task1
[2024-01-02T23:43:22.170+0100] {task_command.py:416} INFO - Running <TaskInstance: dag_with_minio_aws_s3_v01.task1 scheduled__2022-10-03T00:00:00+00:00 [running]> on host macbook-pro-de-user.local
[2024-01-02T23:43:24.367+0100] {taskinstance.py:1662} INFO - Exporting env vars: AIRFLOW_CTX_DAG_OWNER='aida' AIRFLOW_CTX_DAG_ID='dag_with_minio_aws_s3_v01' AIRFLOW_CTX_TASK_ID='task1' AIRFLOW_CTX_EXECUTION_DATE='2022-10-03T00:00:00+00:00' AIRFLOW_CTX_TRY_NUMBER='1' AIRFLOW_CTX_DAG_RUN_ID='scheduled__2022-10-03T00:00:00+00:00'
[2024-01-02T23:43:24.369+0100] {s3.py:106} INFO - Poking for key : s3://airflow/data.csv
[2024-01-02T23:43:24.382+0100] {base.py:73} INFO - Using connection ID 'minio_conn' for task execution.
[2024-01-02T23:43:24.384+0100] {connection_wrapper.py:378} INFO - AWS Connection (conn_id='minio_conn', conn_type='aws') credentials retrieved from login and password.
[2024-01-03T00:00:20.253+0100] {process_utils.py:131} INFO - Sending 15 to group 93244. PIDs of all processes in the group: [93244]
[2024-01-03T00:00:20.293+0100] {process_utils.py:86} INFO - Sending the signal 15 to group 93244
[2024-01-04T00:16:00.915+0100] {taskinstance.py:1159} INFO - Dependencies all met for dep_context=non-requeueable deps ti=<TaskInstance: dag_with_minio_aws_s3_v01.task1 scheduled__2022-10-03T00:00:00+00:00 [queued]>
[2024-01-04T00:16:01.065+0100] {taskinstance.py:1159} INFO - Dependencies all met for dep_context=requeueable deps ti=<TaskInstance: dag_with_minio_aws_s3_v01.task1 scheduled__2022-10-03T00:00:00+00:00 [queued]>
[2024-01-04T00:16:01.065+0100] {taskinstance.py:1361} INFO - Starting attempt 1 of 6
[2024-01-04T00:16:01.108+0100] {taskinstance.py:1382} INFO - Executing <Task(S3KeySensor): task1> on 2022-10-03 00:00:00+00:00
[2024-01-04T00:16:01.113+0100] {standard_task_runner.py:57} INFO - Started process 99661 to run task
[2024-01-04T00:16:01.121+0100] {standard_task_runner.py:84} INFO - Running: ['airflow', 'tasks', 'run', 'dag_with_minio_aws_s3_v01', 'task1', 'scheduled__2022-10-03T00:00:00+00:00', '--job-id', '15246', '--raw', '--subdir', '/Users/user/Desktop/Learning/AIRFLOW-TUTORIAL/methode-1/dags/dag_minio_s3.py', '--cfg-path', '/var/folders/gn/cr4yj18d1tv34pkws9v_kq1r0000gn/T/tmprwjwxkmp']
[2024-01-04T00:16:01.125+0100] {standard_task_runner.py:85} INFO - Job 15246: Subtask task1
[2024-01-04T00:16:01.223+0100] {task_command.py:416} INFO - Running <TaskInstance: dag_with_minio_aws_s3_v01.task1 scheduled__2022-10-03T00:00:00+00:00 [running]> on host macbook-pro-de-user.local
[2024-01-04T00:16:04.651+0100] {taskinstance.py:1662} INFO - Exporting env vars: AIRFLOW_CTX_DAG_OWNER='aida' AIRFLOW_CTX_DAG_ID='dag_with_minio_aws_s3_v01' AIRFLOW_CTX_TASK_ID='task1' AIRFLOW_CTX_EXECUTION_DATE='2022-10-03T00:00:00+00:00' AIRFLOW_CTX_TRY_NUMBER='1' AIRFLOW_CTX_DAG_RUN_ID='scheduled__2022-10-03T00:00:00+00:00'
[2024-01-04T00:16:04.653+0100] {s3.py:106} INFO - Poking for key : s3://airflow/data.csv
[2024-01-04T00:16:04.668+0100] {base.py:73} INFO - Using connection ID 'minio_conn' for task execution.
[2024-01-04T00:16:04.670+0100] {connection_wrapper.py:378} INFO - AWS Connection (conn_id='minio_conn', conn_type='aws') credentials retrieved from login and password.
[2024-01-04T01:15:07.020+0100] {process_utils.py:131} INFO - Sending 15 to group 99661. PIDs of all processes in the group: [99661]
[2024-01-04T01:15:07.273+0100] {process_utils.py:86} INFO - Sending the signal 15 to group 99661
[2024-01-04T01:16:05.771+0100] {taskinstance.py:1149} INFO - Dependencies not met for <TaskInstance: dag_with_minio_aws_s3_v01.task1 scheduled__2022-10-03T00:00:00+00:00 [running]>, dependency 'Task Instance Not Running' FAILED: Task is in the running state
[2024-01-04T01:16:05.771+0100] {taskinstance.py:1149} INFO - Dependencies not met for <TaskInstance: dag_with_minio_aws_s3_v01.task1 scheduled__2022-10-03T00:00:00+00:00 [running]>, dependency 'Task Instance State' FAILED: Task is in the 'running' state.
[2024-01-04T01:16:05.772+0100] {local_task_job_runner.py:154} INFO - Task is not able to be run
