[2024-01-02T21:37:35.901+0100] {taskinstance.py:1159} INFO - Dependencies all met for dep_context=non-requeueable deps ti=<TaskInstance: dag_with_postgres_operator_v04.insert_into_table scheduled__2023-06-30T00:00:00+00:00 [queued]>
[2024-01-02T21:37:35.909+0100] {taskinstance.py:1159} INFO - Dependencies all met for dep_context=requeueable deps ti=<TaskInstance: dag_with_postgres_operator_v04.insert_into_table scheduled__2023-06-30T00:00:00+00:00 [queued]>
[2024-01-02T21:37:35.909+0100] {taskinstance.py:1361} INFO - Starting attempt 1 of 6
[2024-01-02T21:37:35.929+0100] {taskinstance.py:1382} INFO - Executing <Task(PostgresOperator): insert_into_table> on 2023-06-30 00:00:00+00:00
[2024-01-02T21:37:35.932+0100] {standard_task_runner.py:57} INFO - Started process 88552 to run task
[2024-01-02T21:37:35.941+0100] {standard_task_runner.py:84} INFO - Running: ['airflow', 'tasks', 'run', 'dag_with_postgres_operator_v04', 'insert_into_table', 'scheduled__2023-06-30T00:00:00+00:00', '--job-id', '15116', '--raw', '--subdir', '/Users/user/Desktop/Learning/AIRFLOW-TUTORIAL/methode-1/dags/dag_with_postgres.py', '--cfg-path', '/var/folders/gn/cr4yj18d1tv34pkws9v_kq1r0000gn/T/tmp8swzhatv']
[2024-01-02T21:37:35.949+0100] {standard_task_runner.py:85} INFO - Job 15116: Subtask insert_into_table
[2024-01-02T21:37:36.014+0100] {task_command.py:416} INFO - Running <TaskInstance: dag_with_postgres_operator_v04.insert_into_table scheduled__2023-06-30T00:00:00+00:00 [running]> on host macbook-pro-de-user.local
[2024-01-02T21:37:36.535+0100] {taskinstance.py:1662} INFO - Exporting env vars: AIRFLOW_CTX_DAG_OWNER='aida' AIRFLOW_CTX_DAG_ID='dag_with_postgres_operator_v04' AIRFLOW_CTX_TASK_ID='insert_into_table' AIRFLOW_CTX_EXECUTION_DATE='2023-06-30T00:00:00+00:00' AIRFLOW_CTX_TRY_NUMBER='1' AIRFLOW_CTX_DAG_RUN_ID='scheduled__2023-06-30T00:00:00+00:00'
[2024-01-02T21:37:36.536+0100] {sql.py:274} INFO - Executing: 
            insert into dag_runs(dt, dag_id) values('2023-06-30','dag_with_postgres_operator_v04')
        
[2024-01-02T21:37:36.541+0100] {base.py:73} INFO - Using connection ID 'postgres_localhost' for task execution.
[2024-01-02T21:37:36.709+0100] {base.py:73} INFO - Using connection ID 'postgres_localhost' for task execution.
[2024-01-02T21:37:36.738+0100] {sql.py:418} INFO - Running statement: 
            insert into dag_runs(dt, dag_id) values('2023-06-30','dag_with_postgres_operator_v04')
        , parameters: None
[2024-01-02T21:37:36.741+0100] {sql.py:427} INFO - Rows affected: 1
[2024-01-02T21:37:36.748+0100] {taskinstance.py:1400} INFO - Marking task as SUCCESS. dag_id=dag_with_postgres_operator_v04, task_id=insert_into_table, execution_date=20230630T000000, start_date=20240102T203735, end_date=20240102T203736
[2024-01-02T21:37:36.797+0100] {local_task_job_runner.py:228} INFO - Task exited with return code 0
[2024-01-02T21:37:36.813+0100] {taskinstance.py:2778} INFO - 0 downstream tasks scheduled from follow-on schedule check
