[2023-12-18T22:36:57.687+0100] {processor.py:157} INFO - Started process (PID=24929) to work on /Users/user/Desktop/Learning/AIRFLOW-TUTORIAL/py_env/lib/python3.11/site-packages/airflow/example_dags/plugins/event_listener.py
[2023-12-18T22:36:57.692+0100] {processor.py:829} INFO - Processing file /Users/user/Desktop/Learning/AIRFLOW-TUTORIAL/py_env/lib/python3.11/site-packages/airflow/example_dags/plugins/event_listener.py for tasks to queue
[2023-12-18T22:36:57.692+0100] {logging_mixin.py:154} INFO - [2023-12-18T22:36:57.692+0100] {dagbag.py:536} INFO - Filling up the DagBag from /Users/user/Desktop/Learning/AIRFLOW-TUTORIAL/py_env/lib/python3.11/site-packages/airflow/example_dags/plugins/event_listener.py
[2023-12-18T22:36:57.694+0100] {processor.py:841} WARNING - No viable dags retrieved from /Users/user/Desktop/Learning/AIRFLOW-TUTORIAL/py_env/lib/python3.11/site-packages/airflow/example_dags/plugins/event_listener.py
[2023-12-18T22:36:57.901+0100] {processor.py:179} INFO - Processing /Users/user/Desktop/Learning/AIRFLOW-TUTORIAL/py_env/lib/python3.11/site-packages/airflow/example_dags/plugins/event_listener.py took 0.214 seconds
[2023-12-18T22:39:39.386+0100] {processor.py:157} INFO - Started process (PID=25913) to work on /Users/user/Desktop/Learning/AIRFLOW-TUTORIAL/py_env/lib/python3.11/site-packages/airflow/example_dags/plugins/event_listener.py
[2023-12-18T22:39:39.393+0100] {processor.py:829} INFO - Processing file /Users/user/Desktop/Learning/AIRFLOW-TUTORIAL/py_env/lib/python3.11/site-packages/airflow/example_dags/plugins/event_listener.py for tasks to queue
[2023-12-18T22:39:39.394+0100] {logging_mixin.py:154} INFO - [2023-12-18T22:39:39.393+0100] {dagbag.py:536} INFO - Filling up the DagBag from /Users/user/Desktop/Learning/AIRFLOW-TUTORIAL/py_env/lib/python3.11/site-packages/airflow/example_dags/plugins/event_listener.py
[2023-12-18T22:39:39.395+0100] {processor.py:841} WARNING - No viable dags retrieved from /Users/user/Desktop/Learning/AIRFLOW-TUTORIAL/py_env/lib/python3.11/site-packages/airflow/example_dags/plugins/event_listener.py
[2023-12-18T22:39:39.549+0100] {processor.py:179} INFO - Processing /Users/user/Desktop/Learning/AIRFLOW-TUTORIAL/py_env/lib/python3.11/site-packages/airflow/example_dags/plugins/event_listener.py took 0.165 seconds
[2023-12-18T22:41:13.507+0100] {processor.py:157} INFO - Started process (PID=26811) to work on /Users/user/Desktop/Learning/AIRFLOW-TUTORIAL/py_env/lib/python3.11/site-packages/airflow/example_dags/plugins/event_listener.py
[2023-12-18T22:41:13.511+0100] {processor.py:829} INFO - Processing file /Users/user/Desktop/Learning/AIRFLOW-TUTORIAL/py_env/lib/python3.11/site-packages/airflow/example_dags/plugins/event_listener.py for tasks to queue
[2023-12-18T22:41:13.512+0100] {logging_mixin.py:154} INFO - [2023-12-18T22:41:13.512+0100] {dagbag.py:536} INFO - Filling up the DagBag from /Users/user/Desktop/Learning/AIRFLOW-TUTORIAL/py_env/lib/python3.11/site-packages/airflow/example_dags/plugins/event_listener.py
[2023-12-18T22:41:13.513+0100] {processor.py:841} WARNING - No viable dags retrieved from /Users/user/Desktop/Learning/AIRFLOW-TUTORIAL/py_env/lib/python3.11/site-packages/airflow/example_dags/plugins/event_listener.py
[2023-12-18T22:41:13.639+0100] {processor.py:179} INFO - Processing /Users/user/Desktop/Learning/AIRFLOW-TUTORIAL/py_env/lib/python3.11/site-packages/airflow/example_dags/plugins/event_listener.py took 0.133 seconds
[2023-12-18T22:42:38.956+0100] {processor.py:157} INFO - Started process (PID=27536) to work on /Users/user/Desktop/Learning/AIRFLOW-TUTORIAL/py_env/lib/python3.11/site-packages/airflow/example_dags/plugins/event_listener.py
[2023-12-18T22:42:38.960+0100] {processor.py:829} INFO - Processing file /Users/user/Desktop/Learning/AIRFLOW-TUTORIAL/py_env/lib/python3.11/site-packages/airflow/example_dags/plugins/event_listener.py for tasks to queue
[2023-12-18T22:42:38.961+0100] {logging_mixin.py:154} INFO - [2023-12-18T22:42:38.961+0100] {dagbag.py:536} INFO - Filling up the DagBag from /Users/user/Desktop/Learning/AIRFLOW-TUTORIAL/py_env/lib/python3.11/site-packages/airflow/example_dags/plugins/event_listener.py
[2023-12-18T22:42:38.962+0100] {processor.py:841} WARNING - No viable dags retrieved from /Users/user/Desktop/Learning/AIRFLOW-TUTORIAL/py_env/lib/python3.11/site-packages/airflow/example_dags/plugins/event_listener.py
[2023-12-18T22:42:39.116+0100] {processor.py:179} INFO - Processing /Users/user/Desktop/Learning/AIRFLOW-TUTORIAL/py_env/lib/python3.11/site-packages/airflow/example_dags/plugins/event_listener.py took 0.161 seconds
[2023-12-18T22:44:16.857+0100] {processor.py:157} INFO - Started process (PID=28250) to work on /Users/user/Desktop/Learning/AIRFLOW-TUTORIAL/py_env/lib/python3.11/site-packages/airflow/example_dags/plugins/event_listener.py
[2023-12-18T22:44:16.861+0100] {processor.py:829} INFO - Processing file /Users/user/Desktop/Learning/AIRFLOW-TUTORIAL/py_env/lib/python3.11/site-packages/airflow/example_dags/plugins/event_listener.py for tasks to queue
[2023-12-18T22:44:16.861+0100] {logging_mixin.py:154} INFO - [2023-12-18T22:44:16.861+0100] {dagbag.py:536} INFO - Filling up the DagBag from /Users/user/Desktop/Learning/AIRFLOW-TUTORIAL/py_env/lib/python3.11/site-packages/airflow/example_dags/plugins/event_listener.py
[2023-12-18T22:44:16.863+0100] {processor.py:841} WARNING - No viable dags retrieved from /Users/user/Desktop/Learning/AIRFLOW-TUTORIAL/py_env/lib/python3.11/site-packages/airflow/example_dags/plugins/event_listener.py
[2023-12-18T22:44:17.002+0100] {processor.py:179} INFO - Processing /Users/user/Desktop/Learning/AIRFLOW-TUTORIAL/py_env/lib/python3.11/site-packages/airflow/example_dags/plugins/event_listener.py took 0.146 seconds
[2023-12-18T22:45:54.860+0100] {processor.py:157} INFO - Started process (PID=28982) to work on /Users/user/Desktop/Learning/AIRFLOW-TUTORIAL/py_env/lib/python3.11/site-packages/airflow/example_dags/plugins/event_listener.py
[2023-12-18T22:45:54.865+0100] {processor.py:829} INFO - Processing file /Users/user/Desktop/Learning/AIRFLOW-TUTORIAL/py_env/lib/python3.11/site-packages/airflow/example_dags/plugins/event_listener.py for tasks to queue
[2023-12-18T22:45:54.866+0100] {logging_mixin.py:154} INFO - [2023-12-18T22:45:54.866+0100] {dagbag.py:536} INFO - Filling up the DagBag from /Users/user/Desktop/Learning/AIRFLOW-TUTORIAL/py_env/lib/python3.11/site-packages/airflow/example_dags/plugins/event_listener.py
[2023-12-18T22:45:54.867+0100] {processor.py:841} WARNING - No viable dags retrieved from /Users/user/Desktop/Learning/AIRFLOW-TUTORIAL/py_env/lib/python3.11/site-packages/airflow/example_dags/plugins/event_listener.py
[2023-12-18T22:45:55.021+0100] {processor.py:179} INFO - Processing /Users/user/Desktop/Learning/AIRFLOW-TUTORIAL/py_env/lib/python3.11/site-packages/airflow/example_dags/plugins/event_listener.py took 0.162 seconds
[2023-12-18T22:47:36.107+0100] {processor.py:157} INFO - Started process (PID=29723) to work on /Users/user/Desktop/Learning/AIRFLOW-TUTORIAL/py_env/lib/python3.11/site-packages/airflow/example_dags/plugins/event_listener.py
[2023-12-18T22:47:36.112+0100] {processor.py:829} INFO - Processing file /Users/user/Desktop/Learning/AIRFLOW-TUTORIAL/py_env/lib/python3.11/site-packages/airflow/example_dags/plugins/event_listener.py for tasks to queue
[2023-12-18T22:47:36.113+0100] {logging_mixin.py:154} INFO - [2023-12-18T22:47:36.112+0100] {dagbag.py:536} INFO - Filling up the DagBag from /Users/user/Desktop/Learning/AIRFLOW-TUTORIAL/py_env/lib/python3.11/site-packages/airflow/example_dags/plugins/event_listener.py
[2023-12-18T22:47:36.114+0100] {processor.py:841} WARNING - No viable dags retrieved from /Users/user/Desktop/Learning/AIRFLOW-TUTORIAL/py_env/lib/python3.11/site-packages/airflow/example_dags/plugins/event_listener.py
[2023-12-18T22:47:36.306+0100] {processor.py:179} INFO - Processing /Users/user/Desktop/Learning/AIRFLOW-TUTORIAL/py_env/lib/python3.11/site-packages/airflow/example_dags/plugins/event_listener.py took 0.200 seconds
[2023-12-18T22:49:13.790+0100] {processor.py:157} INFO - Started process (PID=30610) to work on /Users/user/Desktop/Learning/AIRFLOW-TUTORIAL/py_env/lib/python3.11/site-packages/airflow/example_dags/plugins/event_listener.py
[2023-12-18T22:49:13.794+0100] {processor.py:829} INFO - Processing file /Users/user/Desktop/Learning/AIRFLOW-TUTORIAL/py_env/lib/python3.11/site-packages/airflow/example_dags/plugins/event_listener.py for tasks to queue
[2023-12-18T22:49:13.795+0100] {logging_mixin.py:154} INFO - [2023-12-18T22:49:13.795+0100] {dagbag.py:536} INFO - Filling up the DagBag from /Users/user/Desktop/Learning/AIRFLOW-TUTORIAL/py_env/lib/python3.11/site-packages/airflow/example_dags/plugins/event_listener.py
[2023-12-18T22:49:13.796+0100] {processor.py:841} WARNING - No viable dags retrieved from /Users/user/Desktop/Learning/AIRFLOW-TUTORIAL/py_env/lib/python3.11/site-packages/airflow/example_dags/plugins/event_listener.py
[2023-12-18T22:49:13.971+0100] {processor.py:179} INFO - Processing /Users/user/Desktop/Learning/AIRFLOW-TUTORIAL/py_env/lib/python3.11/site-packages/airflow/example_dags/plugins/event_listener.py took 0.182 seconds
[2023-12-18T22:50:52.962+0100] {processor.py:157} INFO - Started process (PID=31332) to work on /Users/user/Desktop/Learning/AIRFLOW-TUTORIAL/py_env/lib/python3.11/site-packages/airflow/example_dags/plugins/event_listener.py
[2023-12-18T22:50:52.973+0100] {processor.py:829} INFO - Processing file /Users/user/Desktop/Learning/AIRFLOW-TUTORIAL/py_env/lib/python3.11/site-packages/airflow/example_dags/plugins/event_listener.py for tasks to queue
[2023-12-18T22:50:52.974+0100] {logging_mixin.py:154} INFO - [2023-12-18T22:50:52.974+0100] {dagbag.py:536} INFO - Filling up the DagBag from /Users/user/Desktop/Learning/AIRFLOW-TUTORIAL/py_env/lib/python3.11/site-packages/airflow/example_dags/plugins/event_listener.py
[2023-12-18T22:50:52.976+0100] {processor.py:841} WARNING - No viable dags retrieved from /Users/user/Desktop/Learning/AIRFLOW-TUTORIAL/py_env/lib/python3.11/site-packages/airflow/example_dags/plugins/event_listener.py
[2023-12-18T22:50:53.350+0100] {processor.py:179} INFO - Processing /Users/user/Desktop/Learning/AIRFLOW-TUTORIAL/py_env/lib/python3.11/site-packages/airflow/example_dags/plugins/event_listener.py took 0.389 seconds
[2023-12-18T22:52:43.306+0100] {processor.py:157} INFO - Started process (PID=32422) to work on /Users/user/Desktop/Learning/AIRFLOW-TUTORIAL/py_env/lib/python3.11/site-packages/airflow/example_dags/plugins/event_listener.py
[2023-12-18T22:52:43.310+0100] {processor.py:829} INFO - Processing file /Users/user/Desktop/Learning/AIRFLOW-TUTORIAL/py_env/lib/python3.11/site-packages/airflow/example_dags/plugins/event_listener.py for tasks to queue
[2023-12-18T22:52:43.311+0100] {logging_mixin.py:154} INFO - [2023-12-18T22:52:43.311+0100] {dagbag.py:536} INFO - Filling up the DagBag from /Users/user/Desktop/Learning/AIRFLOW-TUTORIAL/py_env/lib/python3.11/site-packages/airflow/example_dags/plugins/event_listener.py
[2023-12-18T22:52:43.312+0100] {processor.py:841} WARNING - No viable dags retrieved from /Users/user/Desktop/Learning/AIRFLOW-TUTORIAL/py_env/lib/python3.11/site-packages/airflow/example_dags/plugins/event_listener.py
[2023-12-18T22:52:43.490+0100] {processor.py:179} INFO - Processing /Users/user/Desktop/Learning/AIRFLOW-TUTORIAL/py_env/lib/python3.11/site-packages/airflow/example_dags/plugins/event_listener.py took 0.185 seconds
[2023-12-18T22:54:34.192+0100] {processor.py:157} INFO - Started process (PID=33258) to work on /Users/user/Desktop/Learning/AIRFLOW-TUTORIAL/py_env/lib/python3.11/site-packages/airflow/example_dags/plugins/event_listener.py
[2023-12-18T22:54:34.198+0100] {processor.py:829} INFO - Processing file /Users/user/Desktop/Learning/AIRFLOW-TUTORIAL/py_env/lib/python3.11/site-packages/airflow/example_dags/plugins/event_listener.py for tasks to queue
[2023-12-18T22:54:34.199+0100] {logging_mixin.py:154} INFO - [2023-12-18T22:54:34.199+0100] {dagbag.py:536} INFO - Filling up the DagBag from /Users/user/Desktop/Learning/AIRFLOW-TUTORIAL/py_env/lib/python3.11/site-packages/airflow/example_dags/plugins/event_listener.py
[2023-12-18T22:54:34.201+0100] {processor.py:841} WARNING - No viable dags retrieved from /Users/user/Desktop/Learning/AIRFLOW-TUTORIAL/py_env/lib/python3.11/site-packages/airflow/example_dags/plugins/event_listener.py
[2023-12-18T22:54:34.364+0100] {processor.py:179} INFO - Processing /Users/user/Desktop/Learning/AIRFLOW-TUTORIAL/py_env/lib/python3.11/site-packages/airflow/example_dags/plugins/event_listener.py took 0.172 seconds
[2023-12-18T22:56:22.035+0100] {processor.py:157} INFO - Started process (PID=34068) to work on /Users/user/Desktop/Learning/AIRFLOW-TUTORIAL/py_env/lib/python3.11/site-packages/airflow/example_dags/plugins/event_listener.py
[2023-12-18T22:56:22.039+0100] {processor.py:829} INFO - Processing file /Users/user/Desktop/Learning/AIRFLOW-TUTORIAL/py_env/lib/python3.11/site-packages/airflow/example_dags/plugins/event_listener.py for tasks to queue
[2023-12-18T22:56:22.040+0100] {logging_mixin.py:154} INFO - [2023-12-18T22:56:22.039+0100] {dagbag.py:536} INFO - Filling up the DagBag from /Users/user/Desktop/Learning/AIRFLOW-TUTORIAL/py_env/lib/python3.11/site-packages/airflow/example_dags/plugins/event_listener.py
[2023-12-18T22:56:22.041+0100] {processor.py:841} WARNING - No viable dags retrieved from /Users/user/Desktop/Learning/AIRFLOW-TUTORIAL/py_env/lib/python3.11/site-packages/airflow/example_dags/plugins/event_listener.py
[2023-12-18T22:56:22.193+0100] {processor.py:179} INFO - Processing /Users/user/Desktop/Learning/AIRFLOW-TUTORIAL/py_env/lib/python3.11/site-packages/airflow/example_dags/plugins/event_listener.py took 0.160 seconds
[2023-12-18T22:58:02.746+0100] {processor.py:157} INFO - Started process (PID=34807) to work on /Users/user/Desktop/Learning/AIRFLOW-TUTORIAL/py_env/lib/python3.11/site-packages/airflow/example_dags/plugins/event_listener.py
[2023-12-18T22:58:02.758+0100] {processor.py:829} INFO - Processing file /Users/user/Desktop/Learning/AIRFLOW-TUTORIAL/py_env/lib/python3.11/site-packages/airflow/example_dags/plugins/event_listener.py for tasks to queue
[2023-12-18T22:58:02.759+0100] {logging_mixin.py:154} INFO - [2023-12-18T22:58:02.758+0100] {dagbag.py:536} INFO - Filling up the DagBag from /Users/user/Desktop/Learning/AIRFLOW-TUTORIAL/py_env/lib/python3.11/site-packages/airflow/example_dags/plugins/event_listener.py
[2023-12-18T22:58:02.762+0100] {processor.py:841} WARNING - No viable dags retrieved from /Users/user/Desktop/Learning/AIRFLOW-TUTORIAL/py_env/lib/python3.11/site-packages/airflow/example_dags/plugins/event_listener.py
[2023-12-18T22:58:03.037+0100] {processor.py:179} INFO - Processing /Users/user/Desktop/Learning/AIRFLOW-TUTORIAL/py_env/lib/python3.11/site-packages/airflow/example_dags/plugins/event_listener.py took 0.294 seconds
[2023-12-18T22:59:47.571+0100] {processor.py:157} INFO - Started process (PID=35654) to work on /Users/user/Desktop/Learning/AIRFLOW-TUTORIAL/py_env/lib/python3.11/site-packages/airflow/example_dags/plugins/event_listener.py
[2023-12-18T22:59:47.576+0100] {processor.py:829} INFO - Processing file /Users/user/Desktop/Learning/AIRFLOW-TUTORIAL/py_env/lib/python3.11/site-packages/airflow/example_dags/plugins/event_listener.py for tasks to queue
[2023-12-18T22:59:47.577+0100] {logging_mixin.py:154} INFO - [2023-12-18T22:59:47.576+0100] {dagbag.py:536} INFO - Filling up the DagBag from /Users/user/Desktop/Learning/AIRFLOW-TUTORIAL/py_env/lib/python3.11/site-packages/airflow/example_dags/plugins/event_listener.py
[2023-12-18T22:59:47.578+0100] {processor.py:841} WARNING - No viable dags retrieved from /Users/user/Desktop/Learning/AIRFLOW-TUTORIAL/py_env/lib/python3.11/site-packages/airflow/example_dags/plugins/event_listener.py
[2023-12-18T22:59:47.753+0100] {processor.py:179} INFO - Processing /Users/user/Desktop/Learning/AIRFLOW-TUTORIAL/py_env/lib/python3.11/site-packages/airflow/example_dags/plugins/event_listener.py took 0.184 seconds
[2023-12-18T23:01:30.127+0100] {processor.py:157} INFO - Started process (PID=36210) to work on /Users/user/Desktop/Learning/AIRFLOW-TUTORIAL/py_env/lib/python3.11/site-packages/airflow/example_dags/plugins/event_listener.py
[2023-12-18T23:01:30.135+0100] {processor.py:829} INFO - Processing file /Users/user/Desktop/Learning/AIRFLOW-TUTORIAL/py_env/lib/python3.11/site-packages/airflow/example_dags/plugins/event_listener.py for tasks to queue
[2023-12-18T23:01:30.137+0100] {logging_mixin.py:154} INFO - [2023-12-18T23:01:30.137+0100] {dagbag.py:536} INFO - Filling up the DagBag from /Users/user/Desktop/Learning/AIRFLOW-TUTORIAL/py_env/lib/python3.11/site-packages/airflow/example_dags/plugins/event_listener.py
[2023-12-18T23:01:30.157+0100] {processor.py:841} WARNING - No viable dags retrieved from /Users/user/Desktop/Learning/AIRFLOW-TUTORIAL/py_env/lib/python3.11/site-packages/airflow/example_dags/plugins/event_listener.py
[2023-12-18T23:01:30.333+0100] {processor.py:179} INFO - Processing /Users/user/Desktop/Learning/AIRFLOW-TUTORIAL/py_env/lib/python3.11/site-packages/airflow/example_dags/plugins/event_listener.py took 0.206 seconds
[2023-12-18T23:03:19.304+0100] {processor.py:157} INFO - Started process (PID=36961) to work on /Users/user/Desktop/Learning/AIRFLOW-TUTORIAL/py_env/lib/python3.11/site-packages/airflow/example_dags/plugins/event_listener.py
[2023-12-18T23:03:19.308+0100] {processor.py:829} INFO - Processing file /Users/user/Desktop/Learning/AIRFLOW-TUTORIAL/py_env/lib/python3.11/site-packages/airflow/example_dags/plugins/event_listener.py for tasks to queue
[2023-12-18T23:03:19.309+0100] {logging_mixin.py:154} INFO - [2023-12-18T23:03:19.308+0100] {dagbag.py:536} INFO - Filling up the DagBag from /Users/user/Desktop/Learning/AIRFLOW-TUTORIAL/py_env/lib/python3.11/site-packages/airflow/example_dags/plugins/event_listener.py
[2023-12-18T23:03:19.310+0100] {processor.py:841} WARNING - No viable dags retrieved from /Users/user/Desktop/Learning/AIRFLOW-TUTORIAL/py_env/lib/python3.11/site-packages/airflow/example_dags/plugins/event_listener.py
[2023-12-18T23:03:19.455+0100] {processor.py:179} INFO - Processing /Users/user/Desktop/Learning/AIRFLOW-TUTORIAL/py_env/lib/python3.11/site-packages/airflow/example_dags/plugins/event_listener.py took 0.152 seconds
[2023-12-18T23:04:17.366+0100] {processor.py:157} INFO - Started process (PID=37315) to work on /Users/user/Desktop/Learning/AIRFLOW-TUTORIAL/py_env/lib/python3.11/site-packages/airflow/example_dags/plugins/event_listener.py
[2023-12-18T23:04:17.372+0100] {processor.py:829} INFO - Processing file /Users/user/Desktop/Learning/AIRFLOW-TUTORIAL/py_env/lib/python3.11/site-packages/airflow/example_dags/plugins/event_listener.py for tasks to queue
[2023-12-18T23:04:17.372+0100] {logging_mixin.py:154} INFO - [2023-12-18T23:04:17.372+0100] {dagbag.py:536} INFO - Filling up the DagBag from /Users/user/Desktop/Learning/AIRFLOW-TUTORIAL/py_env/lib/python3.11/site-packages/airflow/example_dags/plugins/event_listener.py
[2023-12-18T23:04:17.373+0100] {processor.py:841} WARNING - No viable dags retrieved from /Users/user/Desktop/Learning/AIRFLOW-TUTORIAL/py_env/lib/python3.11/site-packages/airflow/example_dags/plugins/event_listener.py
[2023-12-18T23:04:17.580+0100] {processor.py:179} INFO - Processing /Users/user/Desktop/Learning/AIRFLOW-TUTORIAL/py_env/lib/python3.11/site-packages/airflow/example_dags/plugins/event_listener.py took 0.215 seconds
[2023-12-18T23:06:44.281+0100] {processor.py:157} INFO - Started process (PID=38209) to work on /Users/user/Desktop/Learning/AIRFLOW-TUTORIAL/py_env/lib/python3.11/site-packages/airflow/example_dags/plugins/event_listener.py
[2023-12-18T23:06:44.291+0100] {processor.py:829} INFO - Processing file /Users/user/Desktop/Learning/AIRFLOW-TUTORIAL/py_env/lib/python3.11/site-packages/airflow/example_dags/plugins/event_listener.py for tasks to queue
[2023-12-18T23:06:44.313+0100] {logging_mixin.py:154} INFO - [2023-12-18T23:06:44.312+0100] {dagbag.py:536} INFO - Filling up the DagBag from /Users/user/Desktop/Learning/AIRFLOW-TUTORIAL/py_env/lib/python3.11/site-packages/airflow/example_dags/plugins/event_listener.py
[2023-12-18T23:06:44.334+0100] {processor.py:841} WARNING - No viable dags retrieved from /Users/user/Desktop/Learning/AIRFLOW-TUTORIAL/py_env/lib/python3.11/site-packages/airflow/example_dags/plugins/event_listener.py
[2023-12-18T23:06:44.577+0100] {processor.py:179} INFO - Processing /Users/user/Desktop/Learning/AIRFLOW-TUTORIAL/py_env/lib/python3.11/site-packages/airflow/example_dags/plugins/event_listener.py took 0.296 seconds
