[2023-12-18T22:36:54.647+0100] {processor.py:157} INFO - Started process (PID=24832) to work on /Users/user/Desktop/Learning/AIRFLOW-TUTORIAL/py_env/lib/python3.11/site-packages/airflow/example_dags/plugins/listener_plugin.py
[2023-12-18T22:36:54.650+0100] {processor.py:829} INFO - Processing file /Users/user/Desktop/Learning/AIRFLOW-TUTORIAL/py_env/lib/python3.11/site-packages/airflow/example_dags/plugins/listener_plugin.py for tasks to queue
[2023-12-18T22:36:54.651+0100] {logging_mixin.py:154} INFO - [2023-12-18T22:36:54.651+0100] {dagbag.py:536} INFO - Filling up the DagBag from /Users/user/Desktop/Learning/AIRFLOW-TUTORIAL/py_env/lib/python3.11/site-packages/airflow/example_dags/plugins/listener_plugin.py
[2023-12-18T22:36:54.653+0100] {processor.py:841} WARNING - No viable dags retrieved from /Users/user/Desktop/Learning/AIRFLOW-TUTORIAL/py_env/lib/python3.11/site-packages/airflow/example_dags/plugins/listener_plugin.py
[2023-12-18T22:36:54.786+0100] {processor.py:179} INFO - Processing /Users/user/Desktop/Learning/AIRFLOW-TUTORIAL/py_env/lib/python3.11/site-packages/airflow/example_dags/plugins/listener_plugin.py took 0.139 seconds
[2023-12-18T22:39:36.851+0100] {processor.py:157} INFO - Started process (PID=25895) to work on /Users/user/Desktop/Learning/AIRFLOW-TUTORIAL/py_env/lib/python3.11/site-packages/airflow/example_dags/plugins/listener_plugin.py
[2023-12-18T22:39:36.856+0100] {processor.py:829} INFO - Processing file /Users/user/Desktop/Learning/AIRFLOW-TUTORIAL/py_env/lib/python3.11/site-packages/airflow/example_dags/plugins/listener_plugin.py for tasks to queue
[2023-12-18T22:39:36.856+0100] {logging_mixin.py:154} INFO - [2023-12-18T22:39:36.856+0100] {dagbag.py:536} INFO - Filling up the DagBag from /Users/user/Desktop/Learning/AIRFLOW-TUTORIAL/py_env/lib/python3.11/site-packages/airflow/example_dags/plugins/listener_plugin.py
[2023-12-18T22:39:36.860+0100] {processor.py:841} WARNING - No viable dags retrieved from /Users/user/Desktop/Learning/AIRFLOW-TUTORIAL/py_env/lib/python3.11/site-packages/airflow/example_dags/plugins/listener_plugin.py
[2023-12-18T22:39:37.000+0100] {processor.py:179} INFO - Processing /Users/user/Desktop/Learning/AIRFLOW-TUTORIAL/py_env/lib/python3.11/site-packages/airflow/example_dags/plugins/listener_plugin.py took 0.150 seconds
[2023-12-18T22:41:11.134+0100] {processor.py:157} INFO - Started process (PID=26810) to work on /Users/user/Desktop/Learning/AIRFLOW-TUTORIAL/py_env/lib/python3.11/site-packages/airflow/example_dags/plugins/listener_plugin.py
[2023-12-18T22:41:11.138+0100] {processor.py:829} INFO - Processing file /Users/user/Desktop/Learning/AIRFLOW-TUTORIAL/py_env/lib/python3.11/site-packages/airflow/example_dags/plugins/listener_plugin.py for tasks to queue
[2023-12-18T22:41:11.139+0100] {logging_mixin.py:154} INFO - [2023-12-18T22:41:11.138+0100] {dagbag.py:536} INFO - Filling up the DagBag from /Users/user/Desktop/Learning/AIRFLOW-TUTORIAL/py_env/lib/python3.11/site-packages/airflow/example_dags/plugins/listener_plugin.py
[2023-12-18T22:41:11.142+0100] {processor.py:841} WARNING - No viable dags retrieved from /Users/user/Desktop/Learning/AIRFLOW-TUTORIAL/py_env/lib/python3.11/site-packages/airflow/example_dags/plugins/listener_plugin.py
[2023-12-18T22:41:11.280+0100] {processor.py:179} INFO - Processing /Users/user/Desktop/Learning/AIRFLOW-TUTORIAL/py_env/lib/python3.11/site-packages/airflow/example_dags/plugins/listener_plugin.py took 0.147 seconds
[2023-12-18T22:42:36.418+0100] {processor.py:157} INFO - Started process (PID=27444) to work on /Users/user/Desktop/Learning/AIRFLOW-TUTORIAL/py_env/lib/python3.11/site-packages/airflow/example_dags/plugins/listener_plugin.py
[2023-12-18T22:42:36.422+0100] {processor.py:829} INFO - Processing file /Users/user/Desktop/Learning/AIRFLOW-TUTORIAL/py_env/lib/python3.11/site-packages/airflow/example_dags/plugins/listener_plugin.py for tasks to queue
[2023-12-18T22:42:36.422+0100] {logging_mixin.py:154} INFO - [2023-12-18T22:42:36.422+0100] {dagbag.py:536} INFO - Filling up the DagBag from /Users/user/Desktop/Learning/AIRFLOW-TUTORIAL/py_env/lib/python3.11/site-packages/airflow/example_dags/plugins/listener_plugin.py
[2023-12-18T22:42:36.426+0100] {processor.py:841} WARNING - No viable dags retrieved from /Users/user/Desktop/Learning/AIRFLOW-TUTORIAL/py_env/lib/python3.11/site-packages/airflow/example_dags/plugins/listener_plugin.py
[2023-12-18T22:42:36.571+0100] {processor.py:179} INFO - Processing /Users/user/Desktop/Learning/AIRFLOW-TUTORIAL/py_env/lib/python3.11/site-packages/airflow/example_dags/plugins/listener_plugin.py took 0.154 seconds
[2023-12-18T22:44:14.485+0100] {processor.py:157} INFO - Started process (PID=28248) to work on /Users/user/Desktop/Learning/AIRFLOW-TUTORIAL/py_env/lib/python3.11/site-packages/airflow/example_dags/plugins/listener_plugin.py
[2023-12-18T22:44:14.490+0100] {processor.py:829} INFO - Processing file /Users/user/Desktop/Learning/AIRFLOW-TUTORIAL/py_env/lib/python3.11/site-packages/airflow/example_dags/plugins/listener_plugin.py for tasks to queue
[2023-12-18T22:44:14.491+0100] {logging_mixin.py:154} INFO - [2023-12-18T22:44:14.491+0100] {dagbag.py:536} INFO - Filling up the DagBag from /Users/user/Desktop/Learning/AIRFLOW-TUTORIAL/py_env/lib/python3.11/site-packages/airflow/example_dags/plugins/listener_plugin.py
[2023-12-18T22:44:14.495+0100] {processor.py:841} WARNING - No viable dags retrieved from /Users/user/Desktop/Learning/AIRFLOW-TUTORIAL/py_env/lib/python3.11/site-packages/airflow/example_dags/plugins/listener_plugin.py
[2023-12-18T22:44:14.672+0100] {processor.py:179} INFO - Processing /Users/user/Desktop/Learning/AIRFLOW-TUTORIAL/py_env/lib/python3.11/site-packages/airflow/example_dags/plugins/listener_plugin.py took 0.188 seconds
[2023-12-18T22:45:52.236+0100] {processor.py:157} INFO - Started process (PID=28981) to work on /Users/user/Desktop/Learning/AIRFLOW-TUTORIAL/py_env/lib/python3.11/site-packages/airflow/example_dags/plugins/listener_plugin.py
[2023-12-18T22:45:52.240+0100] {processor.py:829} INFO - Processing file /Users/user/Desktop/Learning/AIRFLOW-TUTORIAL/py_env/lib/python3.11/site-packages/airflow/example_dags/plugins/listener_plugin.py for tasks to queue
[2023-12-18T22:45:52.241+0100] {logging_mixin.py:154} INFO - [2023-12-18T22:45:52.241+0100] {dagbag.py:536} INFO - Filling up the DagBag from /Users/user/Desktop/Learning/AIRFLOW-TUTORIAL/py_env/lib/python3.11/site-packages/airflow/example_dags/plugins/listener_plugin.py
[2023-12-18T22:45:52.246+0100] {processor.py:841} WARNING - No viable dags retrieved from /Users/user/Desktop/Learning/AIRFLOW-TUTORIAL/py_env/lib/python3.11/site-packages/airflow/example_dags/plugins/listener_plugin.py
[2023-12-18T22:45:52.431+0100] {processor.py:179} INFO - Processing /Users/user/Desktop/Learning/AIRFLOW-TUTORIAL/py_env/lib/python3.11/site-packages/airflow/example_dags/plugins/listener_plugin.py took 0.197 seconds
[2023-12-18T22:47:33.428+0100] {processor.py:157} INFO - Started process (PID=29722) to work on /Users/user/Desktop/Learning/AIRFLOW-TUTORIAL/py_env/lib/python3.11/site-packages/airflow/example_dags/plugins/listener_plugin.py
[2023-12-18T22:47:33.433+0100] {processor.py:829} INFO - Processing file /Users/user/Desktop/Learning/AIRFLOW-TUTORIAL/py_env/lib/python3.11/site-packages/airflow/example_dags/plugins/listener_plugin.py for tasks to queue
[2023-12-18T22:47:33.433+0100] {logging_mixin.py:154} INFO - [2023-12-18T22:47:33.433+0100] {dagbag.py:536} INFO - Filling up the DagBag from /Users/user/Desktop/Learning/AIRFLOW-TUTORIAL/py_env/lib/python3.11/site-packages/airflow/example_dags/plugins/listener_plugin.py
[2023-12-18T22:47:33.435+0100] {processor.py:841} WARNING - No viable dags retrieved from /Users/user/Desktop/Learning/AIRFLOW-TUTORIAL/py_env/lib/python3.11/site-packages/airflow/example_dags/plugins/listener_plugin.py
[2023-12-18T22:47:33.600+0100] {processor.py:179} INFO - Processing /Users/user/Desktop/Learning/AIRFLOW-TUTORIAL/py_env/lib/python3.11/site-packages/airflow/example_dags/plugins/listener_plugin.py took 0.173 seconds
[2023-12-18T22:49:11.153+0100] {processor.py:157} INFO - Started process (PID=30604) to work on /Users/user/Desktop/Learning/AIRFLOW-TUTORIAL/py_env/lib/python3.11/site-packages/airflow/example_dags/plugins/listener_plugin.py
[2023-12-18T22:49:11.157+0100] {processor.py:829} INFO - Processing file /Users/user/Desktop/Learning/AIRFLOW-TUTORIAL/py_env/lib/python3.11/site-packages/airflow/example_dags/plugins/listener_plugin.py for tasks to queue
[2023-12-18T22:49:11.158+0100] {logging_mixin.py:154} INFO - [2023-12-18T22:49:11.158+0100] {dagbag.py:536} INFO - Filling up the DagBag from /Users/user/Desktop/Learning/AIRFLOW-TUTORIAL/py_env/lib/python3.11/site-packages/airflow/example_dags/plugins/listener_plugin.py
[2023-12-18T22:49:11.163+0100] {processor.py:841} WARNING - No viable dags retrieved from /Users/user/Desktop/Learning/AIRFLOW-TUTORIAL/py_env/lib/python3.11/site-packages/airflow/example_dags/plugins/listener_plugin.py
[2023-12-18T22:49:11.304+0100] {processor.py:179} INFO - Processing /Users/user/Desktop/Learning/AIRFLOW-TUTORIAL/py_env/lib/python3.11/site-packages/airflow/example_dags/plugins/listener_plugin.py took 0.152 seconds
[2023-12-18T22:50:48.889+0100] {processor.py:157} INFO - Started process (PID=31329) to work on /Users/user/Desktop/Learning/AIRFLOW-TUTORIAL/py_env/lib/python3.11/site-packages/airflow/example_dags/plugins/listener_plugin.py
[2023-12-18T22:50:48.893+0100] {processor.py:829} INFO - Processing file /Users/user/Desktop/Learning/AIRFLOW-TUTORIAL/py_env/lib/python3.11/site-packages/airflow/example_dags/plugins/listener_plugin.py for tasks to queue
[2023-12-18T22:50:48.894+0100] {logging_mixin.py:154} INFO - [2023-12-18T22:50:48.894+0100] {dagbag.py:536} INFO - Filling up the DagBag from /Users/user/Desktop/Learning/AIRFLOW-TUTORIAL/py_env/lib/python3.11/site-packages/airflow/example_dags/plugins/listener_plugin.py
[2023-12-18T22:50:48.900+0100] {processor.py:841} WARNING - No viable dags retrieved from /Users/user/Desktop/Learning/AIRFLOW-TUTORIAL/py_env/lib/python3.11/site-packages/airflow/example_dags/plugins/listener_plugin.py
[2023-12-18T22:50:49.136+0100] {processor.py:179} INFO - Processing /Users/user/Desktop/Learning/AIRFLOW-TUTORIAL/py_env/lib/python3.11/site-packages/airflow/example_dags/plugins/listener_plugin.py took 0.248 seconds
[2023-12-18T22:52:40.497+0100] {processor.py:157} INFO - Started process (PID=32332) to work on /Users/user/Desktop/Learning/AIRFLOW-TUTORIAL/py_env/lib/python3.11/site-packages/airflow/example_dags/plugins/listener_plugin.py
[2023-12-18T22:52:40.502+0100] {processor.py:829} INFO - Processing file /Users/user/Desktop/Learning/AIRFLOW-TUTORIAL/py_env/lib/python3.11/site-packages/airflow/example_dags/plugins/listener_plugin.py for tasks to queue
[2023-12-18T22:52:40.502+0100] {logging_mixin.py:154} INFO - [2023-12-18T22:52:40.502+0100] {dagbag.py:536} INFO - Filling up the DagBag from /Users/user/Desktop/Learning/AIRFLOW-TUTORIAL/py_env/lib/python3.11/site-packages/airflow/example_dags/plugins/listener_plugin.py
[2023-12-18T22:52:40.507+0100] {processor.py:841} WARNING - No viable dags retrieved from /Users/user/Desktop/Learning/AIRFLOW-TUTORIAL/py_env/lib/python3.11/site-packages/airflow/example_dags/plugins/listener_plugin.py
[2023-12-18T22:52:40.678+0100] {processor.py:179} INFO - Processing /Users/user/Desktop/Learning/AIRFLOW-TUTORIAL/py_env/lib/python3.11/site-packages/airflow/example_dags/plugins/listener_plugin.py took 0.182 seconds
[2023-12-18T22:54:31.511+0100] {processor.py:157} INFO - Started process (PID=33167) to work on /Users/user/Desktop/Learning/AIRFLOW-TUTORIAL/py_env/lib/python3.11/site-packages/airflow/example_dags/plugins/listener_plugin.py
[2023-12-18T22:54:31.515+0100] {processor.py:829} INFO - Processing file /Users/user/Desktop/Learning/AIRFLOW-TUTORIAL/py_env/lib/python3.11/site-packages/airflow/example_dags/plugins/listener_plugin.py for tasks to queue
[2023-12-18T22:54:31.516+0100] {logging_mixin.py:154} INFO - [2023-12-18T22:54:31.516+0100] {dagbag.py:536} INFO - Filling up the DagBag from /Users/user/Desktop/Learning/AIRFLOW-TUTORIAL/py_env/lib/python3.11/site-packages/airflow/example_dags/plugins/listener_plugin.py
[2023-12-18T22:54:31.520+0100] {processor.py:841} WARNING - No viable dags retrieved from /Users/user/Desktop/Learning/AIRFLOW-TUTORIAL/py_env/lib/python3.11/site-packages/airflow/example_dags/plugins/listener_plugin.py
[2023-12-18T22:54:31.694+0100] {processor.py:179} INFO - Processing /Users/user/Desktop/Learning/AIRFLOW-TUTORIAL/py_env/lib/python3.11/site-packages/airflow/example_dags/plugins/listener_plugin.py took 0.184 seconds
[2023-12-18T22:56:19.257+0100] {processor.py:157} INFO - Started process (PID=33978) to work on /Users/user/Desktop/Learning/AIRFLOW-TUTORIAL/py_env/lib/python3.11/site-packages/airflow/example_dags/plugins/listener_plugin.py
[2023-12-18T22:56:19.262+0100] {processor.py:829} INFO - Processing file /Users/user/Desktop/Learning/AIRFLOW-TUTORIAL/py_env/lib/python3.11/site-packages/airflow/example_dags/plugins/listener_plugin.py for tasks to queue
[2023-12-18T22:56:19.263+0100] {logging_mixin.py:154} INFO - [2023-12-18T22:56:19.263+0100] {dagbag.py:536} INFO - Filling up the DagBag from /Users/user/Desktop/Learning/AIRFLOW-TUTORIAL/py_env/lib/python3.11/site-packages/airflow/example_dags/plugins/listener_plugin.py
[2023-12-18T22:56:19.268+0100] {processor.py:841} WARNING - No viable dags retrieved from /Users/user/Desktop/Learning/AIRFLOW-TUTORIAL/py_env/lib/python3.11/site-packages/airflow/example_dags/plugins/listener_plugin.py
[2023-12-18T22:56:19.433+0100] {processor.py:179} INFO - Processing /Users/user/Desktop/Learning/AIRFLOW-TUTORIAL/py_env/lib/python3.11/site-packages/airflow/example_dags/plugins/listener_plugin.py took 0.177 seconds
[2023-12-18T22:57:59.476+0100] {processor.py:157} INFO - Started process (PID=34714) to work on /Users/user/Desktop/Learning/AIRFLOW-TUTORIAL/py_env/lib/python3.11/site-packages/airflow/example_dags/plugins/listener_plugin.py
[2023-12-18T22:57:59.483+0100] {processor.py:829} INFO - Processing file /Users/user/Desktop/Learning/AIRFLOW-TUTORIAL/py_env/lib/python3.11/site-packages/airflow/example_dags/plugins/listener_plugin.py for tasks to queue
[2023-12-18T22:57:59.484+0100] {logging_mixin.py:154} INFO - [2023-12-18T22:57:59.483+0100] {dagbag.py:536} INFO - Filling up the DagBag from /Users/user/Desktop/Learning/AIRFLOW-TUTORIAL/py_env/lib/python3.11/site-packages/airflow/example_dags/plugins/listener_plugin.py
[2023-12-18T22:57:59.488+0100] {processor.py:841} WARNING - No viable dags retrieved from /Users/user/Desktop/Learning/AIRFLOW-TUTORIAL/py_env/lib/python3.11/site-packages/airflow/example_dags/plugins/listener_plugin.py
[2023-12-18T22:57:59.652+0100] {processor.py:179} INFO - Processing /Users/user/Desktop/Learning/AIRFLOW-TUTORIAL/py_env/lib/python3.11/site-packages/airflow/example_dags/plugins/listener_plugin.py took 0.177 seconds
[2023-12-18T22:59:44.444+0100] {processor.py:157} INFO - Started process (PID=35653) to work on /Users/user/Desktop/Learning/AIRFLOW-TUTORIAL/py_env/lib/python3.11/site-packages/airflow/example_dags/plugins/listener_plugin.py
[2023-12-18T22:59:44.449+0100] {processor.py:829} INFO - Processing file /Users/user/Desktop/Learning/AIRFLOW-TUTORIAL/py_env/lib/python3.11/site-packages/airflow/example_dags/plugins/listener_plugin.py for tasks to queue
[2023-12-18T22:59:44.450+0100] {logging_mixin.py:154} INFO - [2023-12-18T22:59:44.449+0100] {dagbag.py:536} INFO - Filling up the DagBag from /Users/user/Desktop/Learning/AIRFLOW-TUTORIAL/py_env/lib/python3.11/site-packages/airflow/example_dags/plugins/listener_plugin.py
[2023-12-18T22:59:44.455+0100] {processor.py:841} WARNING - No viable dags retrieved from /Users/user/Desktop/Learning/AIRFLOW-TUTORIAL/py_env/lib/python3.11/site-packages/airflow/example_dags/plugins/listener_plugin.py
[2023-12-18T22:59:44.634+0100] {processor.py:179} INFO - Processing /Users/user/Desktop/Learning/AIRFLOW-TUTORIAL/py_env/lib/python3.11/site-packages/airflow/example_dags/plugins/listener_plugin.py took 0.192 seconds
[2023-12-18T23:01:27.324+0100] {processor.py:157} INFO - Started process (PID=36209) to work on /Users/user/Desktop/Learning/AIRFLOW-TUTORIAL/py_env/lib/python3.11/site-packages/airflow/example_dags/plugins/listener_plugin.py
[2023-12-18T23:01:27.328+0100] {processor.py:829} INFO - Processing file /Users/user/Desktop/Learning/AIRFLOW-TUTORIAL/py_env/lib/python3.11/site-packages/airflow/example_dags/plugins/listener_plugin.py for tasks to queue
[2023-12-18T23:01:27.329+0100] {logging_mixin.py:154} INFO - [2023-12-18T23:01:27.329+0100] {dagbag.py:536} INFO - Filling up the DagBag from /Users/user/Desktop/Learning/AIRFLOW-TUTORIAL/py_env/lib/python3.11/site-packages/airflow/example_dags/plugins/listener_plugin.py
[2023-12-18T23:01:27.332+0100] {processor.py:841} WARNING - No viable dags retrieved from /Users/user/Desktop/Learning/AIRFLOW-TUTORIAL/py_env/lib/python3.11/site-packages/airflow/example_dags/plugins/listener_plugin.py
[2023-12-18T23:01:27.488+0100] {processor.py:179} INFO - Processing /Users/user/Desktop/Learning/AIRFLOW-TUTORIAL/py_env/lib/python3.11/site-packages/airflow/example_dags/plugins/listener_plugin.py took 0.165 seconds
[2023-12-18T23:03:16.741+0100] {processor.py:157} INFO - Started process (PID=36960) to work on /Users/user/Desktop/Learning/AIRFLOW-TUTORIAL/py_env/lib/python3.11/site-packages/airflow/example_dags/plugins/listener_plugin.py
[2023-12-18T23:03:16.746+0100] {processor.py:829} INFO - Processing file /Users/user/Desktop/Learning/AIRFLOW-TUTORIAL/py_env/lib/python3.11/site-packages/airflow/example_dags/plugins/listener_plugin.py for tasks to queue
[2023-12-18T23:03:16.747+0100] {logging_mixin.py:154} INFO - [2023-12-18T23:03:16.747+0100] {dagbag.py:536} INFO - Filling up the DagBag from /Users/user/Desktop/Learning/AIRFLOW-TUTORIAL/py_env/lib/python3.11/site-packages/airflow/example_dags/plugins/listener_plugin.py
[2023-12-18T23:03:16.752+0100] {processor.py:841} WARNING - No viable dags retrieved from /Users/user/Desktop/Learning/AIRFLOW-TUTORIAL/py_env/lib/python3.11/site-packages/airflow/example_dags/plugins/listener_plugin.py
[2023-12-18T23:03:16.899+0100] {processor.py:179} INFO - Processing /Users/user/Desktop/Learning/AIRFLOW-TUTORIAL/py_env/lib/python3.11/site-packages/airflow/example_dags/plugins/listener_plugin.py took 0.159 seconds
[2023-12-18T23:04:14.188+0100] {processor.py:157} INFO - Started process (PID=37223) to work on /Users/user/Desktop/Learning/AIRFLOW-TUTORIAL/py_env/lib/python3.11/site-packages/airflow/example_dags/plugins/listener_plugin.py
[2023-12-18T23:04:14.194+0100] {processor.py:829} INFO - Processing file /Users/user/Desktop/Learning/AIRFLOW-TUTORIAL/py_env/lib/python3.11/site-packages/airflow/example_dags/plugins/listener_plugin.py for tasks to queue
[2023-12-18T23:04:14.194+0100] {logging_mixin.py:154} INFO - [2023-12-18T23:04:14.194+0100] {dagbag.py:536} INFO - Filling up the DagBag from /Users/user/Desktop/Learning/AIRFLOW-TUTORIAL/py_env/lib/python3.11/site-packages/airflow/example_dags/plugins/listener_plugin.py
[2023-12-18T23:04:14.198+0100] {processor.py:841} WARNING - No viable dags retrieved from /Users/user/Desktop/Learning/AIRFLOW-TUTORIAL/py_env/lib/python3.11/site-packages/airflow/example_dags/plugins/listener_plugin.py
[2023-12-18T23:04:14.386+0100] {processor.py:179} INFO - Processing /Users/user/Desktop/Learning/AIRFLOW-TUTORIAL/py_env/lib/python3.11/site-packages/airflow/example_dags/plugins/listener_plugin.py took 0.199 seconds
[2023-12-18T23:06:40.845+0100] {processor.py:157} INFO - Started process (PID=38208) to work on /Users/user/Desktop/Learning/AIRFLOW-TUTORIAL/py_env/lib/python3.11/site-packages/airflow/example_dags/plugins/listener_plugin.py
[2023-12-18T23:06:40.857+0100] {processor.py:829} INFO - Processing file /Users/user/Desktop/Learning/AIRFLOW-TUTORIAL/py_env/lib/python3.11/site-packages/airflow/example_dags/plugins/listener_plugin.py for tasks to queue
[2023-12-18T23:06:40.858+0100] {logging_mixin.py:154} INFO - [2023-12-18T23:06:40.858+0100] {dagbag.py:536} INFO - Filling up the DagBag from /Users/user/Desktop/Learning/AIRFLOW-TUTORIAL/py_env/lib/python3.11/site-packages/airflow/example_dags/plugins/listener_plugin.py
[2023-12-18T23:06:40.863+0100] {processor.py:841} WARNING - No viable dags retrieved from /Users/user/Desktop/Learning/AIRFLOW-TUTORIAL/py_env/lib/python3.11/site-packages/airflow/example_dags/plugins/listener_plugin.py
[2023-12-18T23:06:41.104+0100] {processor.py:179} INFO - Processing /Users/user/Desktop/Learning/AIRFLOW-TUTORIAL/py_env/lib/python3.11/site-packages/airflow/example_dags/plugins/listener_plugin.py took 0.260 seconds
