[2023-12-18T22:36:53.032+0100] {processor.py:157} INFO - Started process (PID=24830) to work on /Users/user/Desktop/Learning/AIRFLOW-TUTORIAL/py_env/lib/python3.11/site-packages/airflow/example_dags/plugins/workday.py
[2023-12-18T22:36:53.036+0100] {processor.py:829} INFO - Processing file /Users/user/Desktop/Learning/AIRFLOW-TUTORIAL/py_env/lib/python3.11/site-packages/airflow/example_dags/plugins/workday.py for tasks to queue
[2023-12-18T22:36:53.036+0100] {logging_mixin.py:154} INFO - [2023-12-18T22:36:53.036+0100] {dagbag.py:536} INFO - Filling up the DagBag from /Users/user/Desktop/Learning/AIRFLOW-TUTORIAL/py_env/lib/python3.11/site-packages/airflow/example_dags/plugins/workday.py
[2023-12-18T22:36:53.038+0100] {logging_mixin.py:154} INFO - [2023-12-18T22:36:53.038+0100] {workday.py:36} WARNING - Could not import pandas. Holidays will not be considered.
[2023-12-18T22:36:53.038+0100] {processor.py:841} WARNING - No viable dags retrieved from /Users/user/Desktop/Learning/AIRFLOW-TUTORIAL/py_env/lib/python3.11/site-packages/airflow/example_dags/plugins/workday.py
[2023-12-18T22:36:53.213+0100] {processor.py:179} INFO - Processing /Users/user/Desktop/Learning/AIRFLOW-TUTORIAL/py_env/lib/python3.11/site-packages/airflow/example_dags/plugins/workday.py took 0.181 seconds
[2023-12-18T22:39:34.372+0100] {processor.py:157} INFO - Started process (PID=25894) to work on /Users/user/Desktop/Learning/AIRFLOW-TUTORIAL/py_env/lib/python3.11/site-packages/airflow/example_dags/plugins/workday.py
[2023-12-18T22:39:34.378+0100] {processor.py:829} INFO - Processing file /Users/user/Desktop/Learning/AIRFLOW-TUTORIAL/py_env/lib/python3.11/site-packages/airflow/example_dags/plugins/workday.py for tasks to queue
[2023-12-18T22:39:34.378+0100] {logging_mixin.py:154} INFO - [2023-12-18T22:39:34.378+0100] {dagbag.py:536} INFO - Filling up the DagBag from /Users/user/Desktop/Learning/AIRFLOW-TUTORIAL/py_env/lib/python3.11/site-packages/airflow/example_dags/plugins/workday.py
[2023-12-18T22:39:34.380+0100] {logging_mixin.py:154} INFO - [2023-12-18T22:39:34.380+0100] {workday.py:36} WARNING - Could not import pandas. Holidays will not be considered.
[2023-12-18T22:39:34.381+0100] {processor.py:841} WARNING - No viable dags retrieved from /Users/user/Desktop/Learning/AIRFLOW-TUTORIAL/py_env/lib/python3.11/site-packages/airflow/example_dags/plugins/workday.py
[2023-12-18T22:39:34.534+0100] {processor.py:179} INFO - Processing /Users/user/Desktop/Learning/AIRFLOW-TUTORIAL/py_env/lib/python3.11/site-packages/airflow/example_dags/plugins/workday.py took 0.163 seconds
[2023-12-18T22:41:08.817+0100] {processor.py:157} INFO - Started process (PID=26809) to work on /Users/user/Desktop/Learning/AIRFLOW-TUTORIAL/py_env/lib/python3.11/site-packages/airflow/example_dags/plugins/workday.py
[2023-12-18T22:41:08.821+0100] {processor.py:829} INFO - Processing file /Users/user/Desktop/Learning/AIRFLOW-TUTORIAL/py_env/lib/python3.11/site-packages/airflow/example_dags/plugins/workday.py for tasks to queue
[2023-12-18T22:41:08.822+0100] {logging_mixin.py:154} INFO - [2023-12-18T22:41:08.822+0100] {dagbag.py:536} INFO - Filling up the DagBag from /Users/user/Desktop/Learning/AIRFLOW-TUTORIAL/py_env/lib/python3.11/site-packages/airflow/example_dags/plugins/workday.py
[2023-12-18T22:41:08.824+0100] {logging_mixin.py:154} INFO - [2023-12-18T22:41:08.824+0100] {workday.py:36} WARNING - Could not import pandas. Holidays will not be considered.
[2023-12-18T22:41:08.825+0100] {processor.py:841} WARNING - No viable dags retrieved from /Users/user/Desktop/Learning/AIRFLOW-TUTORIAL/py_env/lib/python3.11/site-packages/airflow/example_dags/plugins/workday.py
[2023-12-18T22:41:08.954+0100] {processor.py:179} INFO - Processing /Users/user/Desktop/Learning/AIRFLOW-TUTORIAL/py_env/lib/python3.11/site-packages/airflow/example_dags/plugins/workday.py took 0.137 seconds
[2023-12-18T22:42:34.789+0100] {processor.py:157} INFO - Started process (PID=27443) to work on /Users/user/Desktop/Learning/AIRFLOW-TUTORIAL/py_env/lib/python3.11/site-packages/airflow/example_dags/plugins/workday.py
[2023-12-18T22:42:34.793+0100] {processor.py:829} INFO - Processing file /Users/user/Desktop/Learning/AIRFLOW-TUTORIAL/py_env/lib/python3.11/site-packages/airflow/example_dags/plugins/workday.py for tasks to queue
[2023-12-18T22:42:34.793+0100] {logging_mixin.py:154} INFO - [2023-12-18T22:42:34.793+0100] {dagbag.py:536} INFO - Filling up the DagBag from /Users/user/Desktop/Learning/AIRFLOW-TUTORIAL/py_env/lib/python3.11/site-packages/airflow/example_dags/plugins/workday.py
[2023-12-18T22:42:34.795+0100] {logging_mixin.py:154} INFO - [2023-12-18T22:42:34.795+0100] {workday.py:36} WARNING - Could not import pandas. Holidays will not be considered.
[2023-12-18T22:42:34.796+0100] {processor.py:841} WARNING - No viable dags retrieved from /Users/user/Desktop/Learning/AIRFLOW-TUTORIAL/py_env/lib/python3.11/site-packages/airflow/example_dags/plugins/workday.py
[2023-12-18T22:42:34.932+0100] {processor.py:179} INFO - Processing /Users/user/Desktop/Learning/AIRFLOW-TUTORIAL/py_env/lib/python3.11/site-packages/airflow/example_dags/plugins/workday.py took 0.144 seconds
[2023-12-18T22:44:12.928+0100] {processor.py:157} INFO - Started process (PID=28157) to work on /Users/user/Desktop/Learning/AIRFLOW-TUTORIAL/py_env/lib/python3.11/site-packages/airflow/example_dags/plugins/workday.py
[2023-12-18T22:44:12.934+0100] {processor.py:829} INFO - Processing file /Users/user/Desktop/Learning/AIRFLOW-TUTORIAL/py_env/lib/python3.11/site-packages/airflow/example_dags/plugins/workday.py for tasks to queue
[2023-12-18T22:44:12.935+0100] {logging_mixin.py:154} INFO - [2023-12-18T22:44:12.935+0100] {dagbag.py:536} INFO - Filling up the DagBag from /Users/user/Desktop/Learning/AIRFLOW-TUTORIAL/py_env/lib/python3.11/site-packages/airflow/example_dags/plugins/workday.py
[2023-12-18T22:44:12.937+0100] {logging_mixin.py:154} INFO - [2023-12-18T22:44:12.937+0100] {workday.py:36} WARNING - Could not import pandas. Holidays will not be considered.
[2023-12-18T22:44:12.937+0100] {processor.py:841} WARNING - No viable dags retrieved from /Users/user/Desktop/Learning/AIRFLOW-TUTORIAL/py_env/lib/python3.11/site-packages/airflow/example_dags/plugins/workday.py
[2023-12-18T22:44:13.088+0100] {processor.py:179} INFO - Processing /Users/user/Desktop/Learning/AIRFLOW-TUTORIAL/py_env/lib/python3.11/site-packages/airflow/example_dags/plugins/workday.py took 0.162 seconds
[2023-12-18T22:45:49.953+0100] {processor.py:157} INFO - Started process (PID=28887) to work on /Users/user/Desktop/Learning/AIRFLOW-TUTORIAL/py_env/lib/python3.11/site-packages/airflow/example_dags/plugins/workday.py
[2023-12-18T22:45:49.957+0100] {processor.py:829} INFO - Processing file /Users/user/Desktop/Learning/AIRFLOW-TUTORIAL/py_env/lib/python3.11/site-packages/airflow/example_dags/plugins/workday.py for tasks to queue
[2023-12-18T22:45:49.958+0100] {logging_mixin.py:154} INFO - [2023-12-18T22:45:49.958+0100] {dagbag.py:536} INFO - Filling up the DagBag from /Users/user/Desktop/Learning/AIRFLOW-TUTORIAL/py_env/lib/python3.11/site-packages/airflow/example_dags/plugins/workday.py
[2023-12-18T22:45:49.960+0100] {logging_mixin.py:154} INFO - [2023-12-18T22:45:49.960+0100] {workday.py:36} WARNING - Could not import pandas. Holidays will not be considered.
[2023-12-18T22:45:49.960+0100] {processor.py:841} WARNING - No viable dags retrieved from /Users/user/Desktop/Learning/AIRFLOW-TUTORIAL/py_env/lib/python3.11/site-packages/airflow/example_dags/plugins/workday.py
[2023-12-18T22:45:50.132+0100] {processor.py:179} INFO - Processing /Users/user/Desktop/Learning/AIRFLOW-TUTORIAL/py_env/lib/python3.11/site-packages/airflow/example_dags/plugins/workday.py took 0.180 seconds
[2023-12-18T22:47:30.801+0100] {processor.py:157} INFO - Started process (PID=29721) to work on /Users/user/Desktop/Learning/AIRFLOW-TUTORIAL/py_env/lib/python3.11/site-packages/airflow/example_dags/plugins/workday.py
[2023-12-18T22:47:30.805+0100] {processor.py:829} INFO - Processing file /Users/user/Desktop/Learning/AIRFLOW-TUTORIAL/py_env/lib/python3.11/site-packages/airflow/example_dags/plugins/workday.py for tasks to queue
[2023-12-18T22:47:30.806+0100] {logging_mixin.py:154} INFO - [2023-12-18T22:47:30.806+0100] {dagbag.py:536} INFO - Filling up the DagBag from /Users/user/Desktop/Learning/AIRFLOW-TUTORIAL/py_env/lib/python3.11/site-packages/airflow/example_dags/plugins/workday.py
[2023-12-18T22:47:30.807+0100] {logging_mixin.py:154} INFO - [2023-12-18T22:47:30.807+0100] {workday.py:36} WARNING - Could not import pandas. Holidays will not be considered.
[2023-12-18T22:47:30.808+0100] {processor.py:841} WARNING - No viable dags retrieved from /Users/user/Desktop/Learning/AIRFLOW-TUTORIAL/py_env/lib/python3.11/site-packages/airflow/example_dags/plugins/workday.py
[2023-12-18T22:47:30.993+0100] {processor.py:179} INFO - Processing /Users/user/Desktop/Learning/AIRFLOW-TUTORIAL/py_env/lib/python3.11/site-packages/airflow/example_dags/plugins/workday.py took 0.192 seconds
[2023-12-18T22:49:08.653+0100] {processor.py:157} INFO - Started process (PID=30603) to work on /Users/user/Desktop/Learning/AIRFLOW-TUTORIAL/py_env/lib/python3.11/site-packages/airflow/example_dags/plugins/workday.py
[2023-12-18T22:49:08.657+0100] {processor.py:829} INFO - Processing file /Users/user/Desktop/Learning/AIRFLOW-TUTORIAL/py_env/lib/python3.11/site-packages/airflow/example_dags/plugins/workday.py for tasks to queue
[2023-12-18T22:49:08.658+0100] {logging_mixin.py:154} INFO - [2023-12-18T22:49:08.658+0100] {dagbag.py:536} INFO - Filling up the DagBag from /Users/user/Desktop/Learning/AIRFLOW-TUTORIAL/py_env/lib/python3.11/site-packages/airflow/example_dags/plugins/workday.py
[2023-12-18T22:49:08.660+0100] {logging_mixin.py:154} INFO - [2023-12-18T22:49:08.659+0100] {workday.py:36} WARNING - Could not import pandas. Holidays will not be considered.
[2023-12-18T22:49:08.660+0100] {processor.py:841} WARNING - No viable dags retrieved from /Users/user/Desktop/Learning/AIRFLOW-TUTORIAL/py_env/lib/python3.11/site-packages/airflow/example_dags/plugins/workday.py
[2023-12-18T22:49:08.808+0100] {processor.py:179} INFO - Processing /Users/user/Desktop/Learning/AIRFLOW-TUTORIAL/py_env/lib/python3.11/site-packages/airflow/example_dags/plugins/workday.py took 0.156 seconds
[2023-12-18T22:50:46.457+0100] {processor.py:157} INFO - Started process (PID=31327) to work on /Users/user/Desktop/Learning/AIRFLOW-TUTORIAL/py_env/lib/python3.11/site-packages/airflow/example_dags/plugins/workday.py
[2023-12-18T22:50:46.461+0100] {processor.py:829} INFO - Processing file /Users/user/Desktop/Learning/AIRFLOW-TUTORIAL/py_env/lib/python3.11/site-packages/airflow/example_dags/plugins/workday.py for tasks to queue
[2023-12-18T22:50:46.462+0100] {logging_mixin.py:154} INFO - [2023-12-18T22:50:46.461+0100] {dagbag.py:536} INFO - Filling up the DagBag from /Users/user/Desktop/Learning/AIRFLOW-TUTORIAL/py_env/lib/python3.11/site-packages/airflow/example_dags/plugins/workday.py
[2023-12-18T22:50:46.464+0100] {logging_mixin.py:154} INFO - [2023-12-18T22:50:46.464+0100] {workday.py:36} WARNING - Could not import pandas. Holidays will not be considered.
[2023-12-18T22:50:46.465+0100] {processor.py:841} WARNING - No viable dags retrieved from /Users/user/Desktop/Learning/AIRFLOW-TUTORIAL/py_env/lib/python3.11/site-packages/airflow/example_dags/plugins/workday.py
[2023-12-18T22:50:46.638+0100] {processor.py:179} INFO - Processing /Users/user/Desktop/Learning/AIRFLOW-TUTORIAL/py_env/lib/python3.11/site-packages/airflow/example_dags/plugins/workday.py took 0.182 seconds
[2023-12-18T22:52:37.781+0100] {processor.py:157} INFO - Started process (PID=32331) to work on /Users/user/Desktop/Learning/AIRFLOW-TUTORIAL/py_env/lib/python3.11/site-packages/airflow/example_dags/plugins/workday.py
[2023-12-18T22:52:37.786+0100] {processor.py:829} INFO - Processing file /Users/user/Desktop/Learning/AIRFLOW-TUTORIAL/py_env/lib/python3.11/site-packages/airflow/example_dags/plugins/workday.py for tasks to queue
[2023-12-18T22:52:37.787+0100] {logging_mixin.py:154} INFO - [2023-12-18T22:52:37.786+0100] {dagbag.py:536} INFO - Filling up the DagBag from /Users/user/Desktop/Learning/AIRFLOW-TUTORIAL/py_env/lib/python3.11/site-packages/airflow/example_dags/plugins/workday.py
[2023-12-18T22:52:37.789+0100] {logging_mixin.py:154} INFO - [2023-12-18T22:52:37.789+0100] {workday.py:36} WARNING - Could not import pandas. Holidays will not be considered.
[2023-12-18T22:52:37.789+0100] {processor.py:841} WARNING - No viable dags retrieved from /Users/user/Desktop/Learning/AIRFLOW-TUTORIAL/py_env/lib/python3.11/site-packages/airflow/example_dags/plugins/workday.py
[2023-12-18T22:52:37.956+0100] {processor.py:179} INFO - Processing /Users/user/Desktop/Learning/AIRFLOW-TUTORIAL/py_env/lib/python3.11/site-packages/airflow/example_dags/plugins/workday.py took 0.176 seconds
[2023-12-18T22:54:28.558+0100] {processor.py:157} INFO - Started process (PID=33157) to work on /Users/user/Desktop/Learning/AIRFLOW-TUTORIAL/py_env/lib/python3.11/site-packages/airflow/example_dags/plugins/workday.py
[2023-12-18T22:54:28.562+0100] {processor.py:829} INFO - Processing file /Users/user/Desktop/Learning/AIRFLOW-TUTORIAL/py_env/lib/python3.11/site-packages/airflow/example_dags/plugins/workday.py for tasks to queue
[2023-12-18T22:54:28.563+0100] {logging_mixin.py:154} INFO - [2023-12-18T22:54:28.562+0100] {dagbag.py:536} INFO - Filling up the DagBag from /Users/user/Desktop/Learning/AIRFLOW-TUTORIAL/py_env/lib/python3.11/site-packages/airflow/example_dags/plugins/workday.py
[2023-12-18T22:54:28.565+0100] {logging_mixin.py:154} INFO - [2023-12-18T22:54:28.565+0100] {workday.py:36} WARNING - Could not import pandas. Holidays will not be considered.
[2023-12-18T22:54:28.565+0100] {processor.py:841} WARNING - No viable dags retrieved from /Users/user/Desktop/Learning/AIRFLOW-TUTORIAL/py_env/lib/python3.11/site-packages/airflow/example_dags/plugins/workday.py
[2023-12-18T22:54:28.728+0100] {processor.py:179} INFO - Processing /Users/user/Desktop/Learning/AIRFLOW-TUTORIAL/py_env/lib/python3.11/site-packages/airflow/example_dags/plugins/workday.py took 0.171 seconds
[2023-12-18T22:56:16.485+0100] {processor.py:157} INFO - Started process (PID=33972) to work on /Users/user/Desktop/Learning/AIRFLOW-TUTORIAL/py_env/lib/python3.11/site-packages/airflow/example_dags/plugins/workday.py
[2023-12-18T22:56:16.490+0100] {processor.py:829} INFO - Processing file /Users/user/Desktop/Learning/AIRFLOW-TUTORIAL/py_env/lib/python3.11/site-packages/airflow/example_dags/plugins/workday.py for tasks to queue
[2023-12-18T22:56:16.491+0100] {logging_mixin.py:154} INFO - [2023-12-18T22:56:16.491+0100] {dagbag.py:536} INFO - Filling up the DagBag from /Users/user/Desktop/Learning/AIRFLOW-TUTORIAL/py_env/lib/python3.11/site-packages/airflow/example_dags/plugins/workday.py
[2023-12-18T22:56:16.493+0100] {logging_mixin.py:154} INFO - [2023-12-18T22:56:16.493+0100] {workday.py:36} WARNING - Could not import pandas. Holidays will not be considered.
[2023-12-18T22:56:16.493+0100] {processor.py:841} WARNING - No viable dags retrieved from /Users/user/Desktop/Learning/AIRFLOW-TUTORIAL/py_env/lib/python3.11/site-packages/airflow/example_dags/plugins/workday.py
[2023-12-18T22:56:16.684+0100] {processor.py:179} INFO - Processing /Users/user/Desktop/Learning/AIRFLOW-TUTORIAL/py_env/lib/python3.11/site-packages/airflow/example_dags/plugins/workday.py took 0.200 seconds
[2023-12-18T22:57:56.644+0100] {processor.py:157} INFO - Started process (PID=34713) to work on /Users/user/Desktop/Learning/AIRFLOW-TUTORIAL/py_env/lib/python3.11/site-packages/airflow/example_dags/plugins/workday.py
[2023-12-18T22:57:56.650+0100] {processor.py:829} INFO - Processing file /Users/user/Desktop/Learning/AIRFLOW-TUTORIAL/py_env/lib/python3.11/site-packages/airflow/example_dags/plugins/workday.py for tasks to queue
[2023-12-18T22:57:56.651+0100] {logging_mixin.py:154} INFO - [2023-12-18T22:57:56.651+0100] {dagbag.py:536} INFO - Filling up the DagBag from /Users/user/Desktop/Learning/AIRFLOW-TUTORIAL/py_env/lib/python3.11/site-packages/airflow/example_dags/plugins/workday.py
[2023-12-18T22:57:56.653+0100] {logging_mixin.py:154} INFO - [2023-12-18T22:57:56.653+0100] {workday.py:36} WARNING - Could not import pandas. Holidays will not be considered.
[2023-12-18T22:57:56.653+0100] {processor.py:841} WARNING - No viable dags retrieved from /Users/user/Desktop/Learning/AIRFLOW-TUTORIAL/py_env/lib/python3.11/site-packages/airflow/example_dags/plugins/workday.py
[2023-12-18T22:57:56.857+0100] {processor.py:179} INFO - Processing /Users/user/Desktop/Learning/AIRFLOW-TUTORIAL/py_env/lib/python3.11/site-packages/airflow/example_dags/plugins/workday.py took 0.215 seconds
[2023-12-18T22:59:41.529+0100] {processor.py:157} INFO - Started process (PID=35650) to work on /Users/user/Desktop/Learning/AIRFLOW-TUTORIAL/py_env/lib/python3.11/site-packages/airflow/example_dags/plugins/workday.py
[2023-12-18T22:59:41.535+0100] {processor.py:829} INFO - Processing file /Users/user/Desktop/Learning/AIRFLOW-TUTORIAL/py_env/lib/python3.11/site-packages/airflow/example_dags/plugins/workday.py for tasks to queue
[2023-12-18T22:59:41.536+0100] {logging_mixin.py:154} INFO - [2023-12-18T22:59:41.536+0100] {dagbag.py:536} INFO - Filling up the DagBag from /Users/user/Desktop/Learning/AIRFLOW-TUTORIAL/py_env/lib/python3.11/site-packages/airflow/example_dags/plugins/workday.py
[2023-12-18T22:59:41.539+0100] {logging_mixin.py:154} INFO - [2023-12-18T22:59:41.538+0100] {workday.py:36} WARNING - Could not import pandas. Holidays will not be considered.
[2023-12-18T22:59:41.539+0100] {processor.py:841} WARNING - No viable dags retrieved from /Users/user/Desktop/Learning/AIRFLOW-TUTORIAL/py_env/lib/python3.11/site-packages/airflow/example_dags/plugins/workday.py
[2023-12-18T22:59:41.761+0100] {processor.py:179} INFO - Processing /Users/user/Desktop/Learning/AIRFLOW-TUTORIAL/py_env/lib/python3.11/site-packages/airflow/example_dags/plugins/workday.py took 0.234 seconds
[2023-12-18T23:01:24.542+0100] {processor.py:157} INFO - Started process (PID=36117) to work on /Users/user/Desktop/Learning/AIRFLOW-TUTORIAL/py_env/lib/python3.11/site-packages/airflow/example_dags/plugins/workday.py
[2023-12-18T23:01:24.546+0100] {processor.py:829} INFO - Processing file /Users/user/Desktop/Learning/AIRFLOW-TUTORIAL/py_env/lib/python3.11/site-packages/airflow/example_dags/plugins/workday.py for tasks to queue
[2023-12-18T23:01:24.547+0100] {logging_mixin.py:154} INFO - [2023-12-18T23:01:24.547+0100] {dagbag.py:536} INFO - Filling up the DagBag from /Users/user/Desktop/Learning/AIRFLOW-TUTORIAL/py_env/lib/python3.11/site-packages/airflow/example_dags/plugins/workday.py
[2023-12-18T23:01:24.549+0100] {logging_mixin.py:154} INFO - [2023-12-18T23:01:24.549+0100] {workday.py:36} WARNING - Could not import pandas. Holidays will not be considered.
[2023-12-18T23:01:24.549+0100] {processor.py:841} WARNING - No viable dags retrieved from /Users/user/Desktop/Learning/AIRFLOW-TUTORIAL/py_env/lib/python3.11/site-packages/airflow/example_dags/plugins/workday.py
[2023-12-18T23:01:24.702+0100] {processor.py:179} INFO - Processing /Users/user/Desktop/Learning/AIRFLOW-TUTORIAL/py_env/lib/python3.11/site-packages/airflow/example_dags/plugins/workday.py took 0.160 seconds
[2023-12-18T23:03:14.935+0100] {processor.py:157} INFO - Started process (PID=36959) to work on /Users/user/Desktop/Learning/AIRFLOW-TUTORIAL/py_env/lib/python3.11/site-packages/airflow/example_dags/plugins/workday.py
[2023-12-18T23:03:14.940+0100] {processor.py:829} INFO - Processing file /Users/user/Desktop/Learning/AIRFLOW-TUTORIAL/py_env/lib/python3.11/site-packages/airflow/example_dags/plugins/workday.py for tasks to queue
[2023-12-18T23:03:14.941+0100] {logging_mixin.py:154} INFO - [2023-12-18T23:03:14.940+0100] {dagbag.py:536} INFO - Filling up the DagBag from /Users/user/Desktop/Learning/AIRFLOW-TUTORIAL/py_env/lib/python3.11/site-packages/airflow/example_dags/plugins/workday.py
[2023-12-18T23:03:14.943+0100] {logging_mixin.py:154} INFO - [2023-12-18T23:03:14.942+0100] {workday.py:36} WARNING - Could not import pandas. Holidays will not be considered.
[2023-12-18T23:03:14.943+0100] {processor.py:841} WARNING - No viable dags retrieved from /Users/user/Desktop/Learning/AIRFLOW-TUTORIAL/py_env/lib/python3.11/site-packages/airflow/example_dags/plugins/workday.py
[2023-12-18T23:03:15.088+0100] {processor.py:179} INFO - Processing /Users/user/Desktop/Learning/AIRFLOW-TUTORIAL/py_env/lib/python3.11/site-packages/airflow/example_dags/plugins/workday.py took 0.153 seconds
[2023-12-18T23:04:11.433+0100] {processor.py:157} INFO - Started process (PID=37220) to work on /Users/user/Desktop/Learning/AIRFLOW-TUTORIAL/py_env/lib/python3.11/site-packages/airflow/example_dags/plugins/workday.py
[2023-12-18T23:04:11.438+0100] {processor.py:829} INFO - Processing file /Users/user/Desktop/Learning/AIRFLOW-TUTORIAL/py_env/lib/python3.11/site-packages/airflow/example_dags/plugins/workday.py for tasks to queue
[2023-12-18T23:04:11.438+0100] {logging_mixin.py:154} INFO - [2023-12-18T23:04:11.438+0100] {dagbag.py:536} INFO - Filling up the DagBag from /Users/user/Desktop/Learning/AIRFLOW-TUTORIAL/py_env/lib/python3.11/site-packages/airflow/example_dags/plugins/workday.py
[2023-12-18T23:04:11.440+0100] {logging_mixin.py:154} INFO - [2023-12-18T23:04:11.440+0100] {workday.py:36} WARNING - Could not import pandas. Holidays will not be considered.
[2023-12-18T23:04:11.440+0100] {processor.py:841} WARNING - No viable dags retrieved from /Users/user/Desktop/Learning/AIRFLOW-TUTORIAL/py_env/lib/python3.11/site-packages/airflow/example_dags/plugins/workday.py
[2023-12-18T23:04:11.586+0100] {processor.py:179} INFO - Processing /Users/user/Desktop/Learning/AIRFLOW-TUTORIAL/py_env/lib/python3.11/site-packages/airflow/example_dags/plugins/workday.py took 0.154 seconds
[2023-12-18T23:06:38.006+0100] {processor.py:157} INFO - Started process (PID=38207) to work on /Users/user/Desktop/Learning/AIRFLOW-TUTORIAL/py_env/lib/python3.11/site-packages/airflow/example_dags/plugins/workday.py
[2023-12-18T23:06:38.011+0100] {processor.py:829} INFO - Processing file /Users/user/Desktop/Learning/AIRFLOW-TUTORIAL/py_env/lib/python3.11/site-packages/airflow/example_dags/plugins/workday.py for tasks to queue
[2023-12-18T23:06:38.011+0100] {logging_mixin.py:154} INFO - [2023-12-18T23:06:38.011+0100] {dagbag.py:536} INFO - Filling up the DagBag from /Users/user/Desktop/Learning/AIRFLOW-TUTORIAL/py_env/lib/python3.11/site-packages/airflow/example_dags/plugins/workday.py
[2023-12-18T23:06:38.014+0100] {logging_mixin.py:154} INFO - [2023-12-18T23:06:38.013+0100] {workday.py:36} WARNING - Could not import pandas. Holidays will not be considered.
[2023-12-18T23:06:38.014+0100] {processor.py:841} WARNING - No viable dags retrieved from /Users/user/Desktop/Learning/AIRFLOW-TUTORIAL/py_env/lib/python3.11/site-packages/airflow/example_dags/plugins/workday.py
[2023-12-18T23:06:38.181+0100] {processor.py:179} INFO - Processing /Users/user/Desktop/Learning/AIRFLOW-TUTORIAL/py_env/lib/python3.11/site-packages/airflow/example_dags/plugins/workday.py took 0.176 seconds
