[2023-12-28T23:44:18.050+0100] {taskinstance.py:1159} INFO - Dependencies all met for dep_context=non-requeueable deps ti=<TaskInstance: our_first_dag_v4.third_task scheduled__2022-05-05T00:00:00+00:00 [queued]>
[2023-12-28T23:44:18.059+0100] {taskinstance.py:1159} INFO - Dependencies all met for dep_context=requeueable deps ti=<TaskInstance: our_first_dag_v4.third_task scheduled__2022-05-05T00:00:00+00:00 [queued]>
[2023-12-28T23:44:18.059+0100] {taskinstance.py:1361} INFO - Starting attempt 6 of 6
[2023-12-28T23:44:18.071+0100] {taskinstance.py:1382} INFO - Executing <Task(BashOperator): third_task> on 2022-05-05 00:00:00+00:00
[2023-12-28T23:44:18.074+0100] {standard_task_runner.py:57} INFO - Started process 8947 to run task
[2023-12-28T23:44:18.081+0100] {standard_task_runner.py:84} INFO - Running: ['airflow', 'tasks', 'run', 'our_first_dag_v4', 'third_task', 'scheduled__2022-05-05T00:00:00+00:00', '--job-id', '5530', '--raw', '--subdir', '/Users/user/Desktop/Learning/AIRFLOW-TUTORIAL/methode-1/dags/our_first_dag.py', '--cfg-path', '/var/folders/gn/cr4yj18d1tv34pkws9v_kq1r0000gn/T/tmpr7hmoi1u']
[2023-12-28T23:44:18.084+0100] {standard_task_runner.py:85} INFO - Job 5530: Subtask third_task
[2023-12-28T23:44:18.139+0100] {task_command.py:416} INFO - Running <TaskInstance: our_first_dag_v4.third_task scheduled__2022-05-05T00:00:00+00:00 [running]> on host macbook-pro-de-user.local
[2023-12-28T23:44:18.694+0100] {taskinstance.py:1662} INFO - Exporting env vars: AIRFLOW_CTX_DAG_OWNER='aida' AIRFLOW_CTX_DAG_ID='our_first_dag_v4' AIRFLOW_CTX_TASK_ID='third_task' AIRFLOW_CTX_EXECUTION_DATE='2022-05-05T00:00:00+00:00' AIRFLOW_CTX_TRY_NUMBER='6' AIRFLOW_CTX_DAG_RUN_ID='scheduled__2022-05-05T00:00:00+00:00'
[2023-12-28T23:44:18.696+0100] {subprocess.py:63} INFO - Tmp dir root location: /var/folders/gn/cr4yj18d1tv34pkws9v_kq1r0000gn/T
[2023-12-28T23:44:18.697+0100] {subprocess.py:75} INFO - Running command: ['/bin/bash', '-c', 'I am task 3 and I will be running after the task 2!']
[2023-12-28T23:44:18.707+0100] {subprocess.py:86} INFO - Output:
[2023-12-28T23:44:18.711+0100] {subprocess.py:93} INFO - /bin/bash: I: command not found
[2023-12-28T23:44:18.712+0100] {subprocess.py:97} INFO - Command exited with return code 127
[2023-12-28T23:44:18.724+0100] {taskinstance.py:1937} ERROR - Task failed with exception
Traceback (most recent call last):
  File "/Users/user/Desktop/Learning/AIRFLOW-TUTORIAL/py_env/lib/python3.11/site-packages/airflow/operators/bash.py", line 210, in execute
    raise AirflowException(
airflow.exceptions.AirflowException: Bash command failed. The command returned a non-zero exit code 127.
[2023-12-28T23:44:18.729+0100] {taskinstance.py:1400} INFO - Marking task as FAILED. dag_id=our_first_dag_v4, task_id=third_task, execution_date=20220505T000000, start_date=20231228T224418, end_date=20231228T224418
[2023-12-28T23:44:18.740+0100] {standard_task_runner.py:104} ERROR - Failed to execute job 5530 for task third_task (Bash command failed. The command returned a non-zero exit code 127.; 8947)
[2023-12-28T23:44:18.769+0100] {local_task_job_runner.py:228} INFO - Task exited with return code 1
[2023-12-28T23:44:18.786+0100] {taskinstance.py:2778} INFO - 0 downstream tasks scheduled from follow-on schedule check
