[2024-01-02T21:39:42.257+0100] {processor.py:157} INFO - Started process (PID=88776) to work on /Users/user/Desktop/Learning/AIRFLOW-TUTORIAL/methode-1/dags/dag_minio_s3.py
[2024-01-02T21:39:42.264+0100] {processor.py:829} INFO - Processing file /Users/user/Desktop/Learning/AIRFLOW-TUTORIAL/methode-1/dags/dag_minio_s3.py for tasks to queue
[2024-01-02T21:39:42.265+0100] {logging_mixin.py:154} INFO - [2024-01-02T21:39:42.265+0100] {dagbag.py:536} INFO - Filling up the DagBag from /Users/user/Desktop/Learning/AIRFLOW-TUTORIAL/methode-1/dags/dag_minio_s3.py
[2024-01-02T21:39:42.565+0100] {processor.py:839} INFO - DAG(s) dict_keys(['dag_with_minio_aws_s3_v01']) retrieved from /Users/user/Desktop/Learning/AIRFLOW-TUTORIAL/methode-1/dags/dag_minio_s3.py
[2024-01-02T21:39:43.537+0100] {logging_mixin.py:154} INFO - [2024-01-02T21:39:43.537+0100] {manager.py:499} INFO - Created Permission View: %s
[2024-01-02T21:39:43.546+0100] {logging_mixin.py:154} INFO - [2024-01-02T21:39:43.546+0100] {manager.py:499} INFO - Created Permission View: %s
[2024-01-02T21:39:43.552+0100] {logging_mixin.py:154} INFO - [2024-01-02T21:39:43.552+0100] {manager.py:499} INFO - Created Permission View: %s
[2024-01-02T21:39:43.552+0100] {logging_mixin.py:154} INFO - [2024-01-02T21:39:43.552+0100] {dag.py:2941} INFO - Sync 1 DAGs
[2024-01-02T21:39:43.563+0100] {logging_mixin.py:154} INFO - [2024-01-02T21:39:43.563+0100] {dag.py:2963} INFO - Creating ORM DAG for dag_with_minio_aws_s3_v01
[2024-01-02T21:39:43.572+0100] {logging_mixin.py:154} INFO - [2024-01-02T21:39:43.572+0100] {dag.py:3722} INFO - Setting next_dagrun for dag_with_minio_aws_s3_v01 to 2022-10-03T00:00:00+00:00, run_after=2022-10-04T00:00:00+00:00
[2024-01-02T21:39:43.587+0100] {processor.py:179} INFO - Processing /Users/user/Desktop/Learning/AIRFLOW-TUTORIAL/methode-1/dags/dag_minio_s3.py took 1.333 seconds
[2024-01-02T21:40:22.210+0100] {processor.py:157} INFO - Started process (PID=88861) to work on /Users/user/Desktop/Learning/AIRFLOW-TUTORIAL/methode-1/dags/dag_minio_s3.py
[2024-01-02T21:40:22.217+0100] {processor.py:829} INFO - Processing file /Users/user/Desktop/Learning/AIRFLOW-TUTORIAL/methode-1/dags/dag_minio_s3.py for tasks to queue
[2024-01-02T21:40:22.218+0100] {logging_mixin.py:154} INFO - [2024-01-02T21:40:22.218+0100] {dagbag.py:536} INFO - Filling up the DagBag from /Users/user/Desktop/Learning/AIRFLOW-TUTORIAL/methode-1/dags/dag_minio_s3.py
[2024-01-02T21:40:22.486+0100] {processor.py:839} INFO - DAG(s) dict_keys(['dag_with_minio_aws_s3_v01']) retrieved from /Users/user/Desktop/Learning/AIRFLOW-TUTORIAL/methode-1/dags/dag_minio_s3.py
[2024-01-02T21:40:22.724+0100] {logging_mixin.py:154} INFO - [2024-01-02T21:40:22.724+0100] {dag.py:2941} INFO - Sync 1 DAGs
[2024-01-02T21:40:22.745+0100] {logging_mixin.py:154} INFO - [2024-01-02T21:40:22.744+0100] {dag.py:3722} INFO - Setting next_dagrun for dag_with_minio_aws_s3_v01 to 2022-10-03T00:00:00+00:00, run_after=2022-10-04T00:00:00+00:00
[2024-01-02T21:40:22.765+0100] {processor.py:179} INFO - Processing /Users/user/Desktop/Learning/AIRFLOW-TUTORIAL/methode-1/dags/dag_minio_s3.py took 0.557 seconds
[2024-01-02T21:44:13.287+0100] {processor.py:157} INFO - Started process (PID=89046) to work on /Users/user/Desktop/Learning/AIRFLOW-TUTORIAL/methode-1/dags/dag_minio_s3.py
[2024-01-02T21:44:13.292+0100] {processor.py:829} INFO - Processing file /Users/user/Desktop/Learning/AIRFLOW-TUTORIAL/methode-1/dags/dag_minio_s3.py for tasks to queue
[2024-01-02T21:44:13.292+0100] {logging_mixin.py:154} INFO - [2024-01-02T21:44:13.292+0100] {dagbag.py:536} INFO - Filling up the DagBag from /Users/user/Desktop/Learning/AIRFLOW-TUTORIAL/methode-1/dags/dag_minio_s3.py
[2024-01-02T21:44:13.464+0100] {processor.py:839} INFO - DAG(s) dict_keys(['dag_with_minio_aws_s3_v01']) retrieved from /Users/user/Desktop/Learning/AIRFLOW-TUTORIAL/methode-1/dags/dag_minio_s3.py
[2024-01-02T21:44:13.669+0100] {logging_mixin.py:154} INFO - [2024-01-02T21:44:13.668+0100] {dag.py:2941} INFO - Sync 1 DAGs
[2024-01-02T21:44:13.686+0100] {logging_mixin.py:154} INFO - [2024-01-02T21:44:13.686+0100] {dag.py:3722} INFO - Setting next_dagrun for dag_with_minio_aws_s3_v01 to 2022-10-04T00:00:00+00:00, run_after=2022-10-05T00:00:00+00:00
[2024-01-02T21:44:13.706+0100] {processor.py:179} INFO - Processing /Users/user/Desktop/Learning/AIRFLOW-TUTORIAL/methode-1/dags/dag_minio_s3.py took 0.419 seconds
[2024-01-02T21:47:47.127+0100] {processor.py:157} INFO - Started process (PID=89225) to work on /Users/user/Desktop/Learning/AIRFLOW-TUTORIAL/methode-1/dags/dag_minio_s3.py
[2024-01-02T21:47:47.131+0100] {processor.py:829} INFO - Processing file /Users/user/Desktop/Learning/AIRFLOW-TUTORIAL/methode-1/dags/dag_minio_s3.py for tasks to queue
[2024-01-02T21:47:47.132+0100] {logging_mixin.py:154} INFO - [2024-01-02T21:47:47.132+0100] {dagbag.py:536} INFO - Filling up the DagBag from /Users/user/Desktop/Learning/AIRFLOW-TUTORIAL/methode-1/dags/dag_minio_s3.py
[2024-01-02T21:47:47.308+0100] {processor.py:839} INFO - DAG(s) dict_keys(['dag_with_minio_aws_s3_v01']) retrieved from /Users/user/Desktop/Learning/AIRFLOW-TUTORIAL/methode-1/dags/dag_minio_s3.py
[2024-01-02T21:47:47.497+0100] {logging_mixin.py:154} INFO - [2024-01-02T21:47:47.497+0100] {dag.py:2941} INFO - Sync 1 DAGs
[2024-01-02T21:47:47.521+0100] {logging_mixin.py:154} INFO - [2024-01-02T21:47:47.521+0100] {dag.py:3722} INFO - Setting next_dagrun for dag_with_minio_aws_s3_v01 to 2022-10-05T00:00:00+00:00, run_after=2022-10-06T00:00:00+00:00
[2024-01-02T21:47:47.552+0100] {processor.py:179} INFO - Processing /Users/user/Desktop/Learning/AIRFLOW-TUTORIAL/methode-1/dags/dag_minio_s3.py took 0.427 seconds
[2024-01-02T21:51:07.984+0100] {processor.py:157} INFO - Started process (PID=89399) to work on /Users/user/Desktop/Learning/AIRFLOW-TUTORIAL/methode-1/dags/dag_minio_s3.py
[2024-01-02T21:51:07.991+0100] {processor.py:829} INFO - Processing file /Users/user/Desktop/Learning/AIRFLOW-TUTORIAL/methode-1/dags/dag_minio_s3.py for tasks to queue
[2024-01-02T21:51:07.992+0100] {logging_mixin.py:154} INFO - [2024-01-02T21:51:07.992+0100] {dagbag.py:536} INFO - Filling up the DagBag from /Users/user/Desktop/Learning/AIRFLOW-TUTORIAL/methode-1/dags/dag_minio_s3.py
[2024-01-02T21:51:08.224+0100] {processor.py:839} INFO - DAG(s) dict_keys(['dag_with_minio_aws_s3_v01']) retrieved from /Users/user/Desktop/Learning/AIRFLOW-TUTORIAL/methode-1/dags/dag_minio_s3.py
[2024-01-02T21:51:08.565+0100] {logging_mixin.py:154} INFO - [2024-01-02T21:51:08.565+0100] {dag.py:2941} INFO - Sync 1 DAGs
[2024-01-02T21:51:08.591+0100] {logging_mixin.py:154} INFO - [2024-01-02T21:51:08.591+0100] {dag.py:3722} INFO - Setting next_dagrun for dag_with_minio_aws_s3_v01 to 2022-10-06T00:00:00+00:00, run_after=2022-10-07T00:00:00+00:00
[2024-01-02T21:51:08.622+0100] {processor.py:179} INFO - Processing /Users/user/Desktop/Learning/AIRFLOW-TUTORIAL/methode-1/dags/dag_minio_s3.py took 0.639 seconds
[2024-01-02T21:58:26.512+0100] {processor.py:157} INFO - Started process (PID=89701) to work on /Users/user/Desktop/Learning/AIRFLOW-TUTORIAL/methode-1/dags/dag_minio_s3.py
[2024-01-02T21:58:26.519+0100] {processor.py:829} INFO - Processing file /Users/user/Desktop/Learning/AIRFLOW-TUTORIAL/methode-1/dags/dag_minio_s3.py for tasks to queue
[2024-01-02T21:58:26.520+0100] {logging_mixin.py:154} INFO - [2024-01-02T21:58:26.520+0100] {dagbag.py:536} INFO - Filling up the DagBag from /Users/user/Desktop/Learning/AIRFLOW-TUTORIAL/methode-1/dags/dag_minio_s3.py
[2024-01-02T21:58:26.786+0100] {processor.py:839} INFO - DAG(s) dict_keys(['dag_with_minio_aws_s3_v02']) retrieved from /Users/user/Desktop/Learning/AIRFLOW-TUTORIAL/methode-1/dags/dag_minio_s3.py
[2024-01-02T21:58:27.988+0100] {logging_mixin.py:154} INFO - [2024-01-02T21:58:27.987+0100] {manager.py:499} INFO - Created Permission View: %s
[2024-01-02T21:58:28.003+0100] {logging_mixin.py:154} INFO - [2024-01-02T21:58:28.002+0100] {manager.py:499} INFO - Created Permission View: %s
[2024-01-02T21:58:28.012+0100] {logging_mixin.py:154} INFO - [2024-01-02T21:58:28.012+0100] {manager.py:499} INFO - Created Permission View: %s
[2024-01-02T21:58:28.012+0100] {logging_mixin.py:154} INFO - [2024-01-02T21:58:28.012+0100] {dag.py:2941} INFO - Sync 1 DAGs
[2024-01-02T21:58:28.031+0100] {logging_mixin.py:154} INFO - [2024-01-02T21:58:28.030+0100] {dag.py:2963} INFO - Creating ORM DAG for dag_with_minio_aws_s3_v02
[2024-01-02T21:58:28.046+0100] {logging_mixin.py:154} INFO - [2024-01-02T21:58:28.046+0100] {dag.py:3722} INFO - Setting next_dagrun for dag_with_minio_aws_s3_v02 to 2022-10-03T00:00:00+00:00, run_after=2022-10-04T00:00:00+00:00
[2024-01-02T21:58:28.073+0100] {processor.py:179} INFO - Processing /Users/user/Desktop/Learning/AIRFLOW-TUTORIAL/methode-1/dags/dag_minio_s3.py took 1.563 seconds
[2024-01-02T22:08:52.234+0100] {processor.py:157} INFO - Started process (PID=90061) to work on /Users/user/Desktop/Learning/AIRFLOW-TUTORIAL/methode-1/dags/dag_minio_s3.py
[2024-01-02T22:08:52.262+0100] {processor.py:829} INFO - Processing file /Users/user/Desktop/Learning/AIRFLOW-TUTORIAL/methode-1/dags/dag_minio_s3.py for tasks to queue
[2024-01-02T22:08:52.272+0100] {logging_mixin.py:154} INFO - [2024-01-02T22:08:52.272+0100] {dagbag.py:536} INFO - Filling up the DagBag from /Users/user/Desktop/Learning/AIRFLOW-TUTORIAL/methode-1/dags/dag_minio_s3.py
[2024-01-02T22:08:52.809+0100] {processor.py:839} INFO - DAG(s) dict_keys(['dag_with_minio_aws_s3_v02']) retrieved from /Users/user/Desktop/Learning/AIRFLOW-TUTORIAL/methode-1/dags/dag_minio_s3.py
[2024-01-02T22:08:53.515+0100] {logging_mixin.py:154} INFO - [2024-01-02T22:08:53.514+0100] {dag.py:2941} INFO - Sync 1 DAGs
[2024-01-02T22:08:53.574+0100] {logging_mixin.py:154} INFO - [2024-01-02T22:08:53.573+0100] {dag.py:3722} INFO - Setting next_dagrun for dag_with_minio_aws_s3_v02 to 2022-10-04T00:00:00+00:00, run_after=2022-10-05T00:00:00+00:00
[2024-01-02T22:08:53.623+0100] {processor.py:179} INFO - Processing /Users/user/Desktop/Learning/AIRFLOW-TUTORIAL/methode-1/dags/dag_minio_s3.py took 1.391 seconds
[2024-01-02T22:26:38.196+0100] {processor.py:157} INFO - Started process (PID=90632) to work on /Users/user/Desktop/Learning/AIRFLOW-TUTORIAL/methode-1/dags/dag_minio_s3.py
[2024-01-02T22:26:38.209+0100] {processor.py:829} INFO - Processing file /Users/user/Desktop/Learning/AIRFLOW-TUTORIAL/methode-1/dags/dag_minio_s3.py for tasks to queue
[2024-01-02T22:26:38.211+0100] {logging_mixin.py:154} INFO - [2024-01-02T22:26:38.211+0100] {dagbag.py:536} INFO - Filling up the DagBag from /Users/user/Desktop/Learning/AIRFLOW-TUTORIAL/methode-1/dags/dag_minio_s3.py
[2024-01-02T22:26:38.960+0100] {processor.py:839} INFO - DAG(s) dict_keys(['dag_with_minio_aws_s3_v02']) retrieved from /Users/user/Desktop/Learning/AIRFLOW-TUTORIAL/methode-1/dags/dag_minio_s3.py
[2024-01-02T22:26:40.372+0100] {logging_mixin.py:154} INFO - [2024-01-02T22:26:40.370+0100] {dag.py:2941} INFO - Sync 1 DAGs
[2024-01-02T22:26:40.461+0100] {logging_mixin.py:154} INFO - [2024-01-02T22:26:40.461+0100] {dag.py:3722} INFO - Setting next_dagrun for dag_with_minio_aws_s3_v02 to 2022-10-05T00:00:00+00:00, run_after=2022-10-06T00:00:00+00:00
[2024-01-02T22:26:40.605+0100] {processor.py:179} INFO - Processing /Users/user/Desktop/Learning/AIRFLOW-TUTORIAL/methode-1/dags/dag_minio_s3.py took 2.413 seconds
[2024-01-02T22:29:45.918+0100] {processor.py:157} INFO - Started process (PID=90800) to work on /Users/user/Desktop/Learning/AIRFLOW-TUTORIAL/methode-1/dags/dag_minio_s3.py
[2024-01-02T22:29:45.927+0100] {processor.py:829} INFO - Processing file /Users/user/Desktop/Learning/AIRFLOW-TUTORIAL/methode-1/dags/dag_minio_s3.py for tasks to queue
[2024-01-02T22:29:45.930+0100] {logging_mixin.py:154} INFO - [2024-01-02T22:29:45.929+0100] {dagbag.py:536} INFO - Filling up the DagBag from /Users/user/Desktop/Learning/AIRFLOW-TUTORIAL/methode-1/dags/dag_minio_s3.py
[2024-01-02T22:29:46.536+0100] {processor.py:839} INFO - DAG(s) dict_keys(['dag_with_minio_aws_s3_v02']) retrieved from /Users/user/Desktop/Learning/AIRFLOW-TUTORIAL/methode-1/dags/dag_minio_s3.py
[2024-01-02T22:29:47.400+0100] {logging_mixin.py:154} INFO - [2024-01-02T22:29:47.400+0100] {dag.py:2941} INFO - Sync 1 DAGs
[2024-01-02T22:29:47.471+0100] {logging_mixin.py:154} INFO - [2024-01-02T22:29:47.470+0100] {dag.py:3722} INFO - Setting next_dagrun for dag_with_minio_aws_s3_v02 to 2022-10-06T00:00:00+00:00, run_after=2022-10-07T00:00:00+00:00
[2024-01-02T22:29:47.552+0100] {processor.py:179} INFO - Processing /Users/user/Desktop/Learning/AIRFLOW-TUTORIAL/methode-1/dags/dag_minio_s3.py took 1.636 seconds
[2024-01-02T22:50:25.760+0100] {processor.py:157} INFO - Started process (PID=91382) to work on /Users/user/Desktop/Learning/AIRFLOW-TUTORIAL/methode-1/dags/dag_minio_s3.py
[2024-01-02T22:50:25.770+0100] {processor.py:829} INFO - Processing file /Users/user/Desktop/Learning/AIRFLOW-TUTORIAL/methode-1/dags/dag_minio_s3.py for tasks to queue
[2024-01-02T22:50:25.772+0100] {logging_mixin.py:154} INFO - [2024-01-02T22:50:25.771+0100] {dagbag.py:536} INFO - Filling up the DagBag from /Users/user/Desktop/Learning/AIRFLOW-TUTORIAL/methode-1/dags/dag_minio_s3.py
[2024-01-02T22:50:26.563+0100] {processor.py:839} INFO - DAG(s) dict_keys(['dag_with_minio_aws_s3_v02']) retrieved from /Users/user/Desktop/Learning/AIRFLOW-TUTORIAL/methode-1/dags/dag_minio_s3.py
[2024-01-02T22:50:27.505+0100] {logging_mixin.py:154} INFO - [2024-01-02T22:50:27.505+0100] {dag.py:2941} INFO - Sync 1 DAGs
[2024-01-02T22:50:27.574+0100] {logging_mixin.py:154} INFO - [2024-01-02T22:50:27.553+0100] {dag.py:3722} INFO - Setting next_dagrun for dag_with_minio_aws_s3_v02 to 2022-10-07T00:00:00+00:00, run_after=2022-10-08T00:00:00+00:00
[2024-01-02T22:50:27.667+0100] {processor.py:179} INFO - Processing /Users/user/Desktop/Learning/AIRFLOW-TUTORIAL/methode-1/dags/dag_minio_s3.py took 1.908 seconds
[2024-01-02T22:53:59.927+0100] {processor.py:157} INFO - Started process (PID=91642) to work on /Users/user/Desktop/Learning/AIRFLOW-TUTORIAL/methode-1/dags/dag_minio_s3.py
[2024-01-02T22:53:59.939+0100] {processor.py:829} INFO - Processing file /Users/user/Desktop/Learning/AIRFLOW-TUTORIAL/methode-1/dags/dag_minio_s3.py for tasks to queue
[2024-01-02T22:53:59.941+0100] {logging_mixin.py:154} INFO - [2024-01-02T22:53:59.940+0100] {dagbag.py:536} INFO - Filling up the DagBag from /Users/user/Desktop/Learning/AIRFLOW-TUTORIAL/methode-1/dags/dag_minio_s3.py
[2024-01-02T22:54:01.014+0100] {processor.py:839} INFO - DAG(s) dict_keys(['dag_with_minio_aws_s3_v02']) retrieved from /Users/user/Desktop/Learning/AIRFLOW-TUTORIAL/methode-1/dags/dag_minio_s3.py
[2024-01-02T22:54:02.423+0100] {logging_mixin.py:154} INFO - [2024-01-02T22:54:02.423+0100] {dag.py:2941} INFO - Sync 1 DAGs
[2024-01-02T22:54:02.609+0100] {logging_mixin.py:154} INFO - [2024-01-02T22:54:02.608+0100] {dag.py:3722} INFO - Setting next_dagrun for dag_with_minio_aws_s3_v02 to 2022-10-08T00:00:00+00:00, run_after=2022-10-09T00:00:00+00:00
[2024-01-02T22:54:02.693+0100] {processor.py:179} INFO - Processing /Users/user/Desktop/Learning/AIRFLOW-TUTORIAL/methode-1/dags/dag_minio_s3.py took 2.767 seconds
[2024-01-02T23:40:50.635+0100] {processor.py:157} INFO - Started process (PID=93071) to work on /Users/user/Desktop/Learning/AIRFLOW-TUTORIAL/methode-1/dags/dag_minio_s3.py
[2024-01-02T23:40:50.672+0100] {processor.py:829} INFO - Processing file /Users/user/Desktop/Learning/AIRFLOW-TUTORIAL/methode-1/dags/dag_minio_s3.py for tasks to queue
[2024-01-02T23:40:50.673+0100] {logging_mixin.py:154} INFO - [2024-01-02T23:40:50.673+0100] {dagbag.py:536} INFO - Filling up the DagBag from /Users/user/Desktop/Learning/AIRFLOW-TUTORIAL/methode-1/dags/dag_minio_s3.py
[2024-01-02T23:40:51.920+0100] {processor.py:839} INFO - DAG(s) dict_keys(['dag_with_minio_aws_s3_v01']) retrieved from /Users/user/Desktop/Learning/AIRFLOW-TUTORIAL/methode-1/dags/dag_minio_s3.py
[2024-01-02T23:40:56.568+0100] {logging_mixin.py:154} INFO - [2024-01-02T23:40:56.568+0100] {dag.py:2941} INFO - Sync 1 DAGs
[2024-01-02T23:40:56.626+0100] {logging_mixin.py:154} INFO - [2024-01-02T23:40:56.625+0100] {dag.py:2963} INFO - Creating ORM DAG for dag_with_minio_aws_s3_v01
[2024-01-02T23:40:56.688+0100] {logging_mixin.py:154} INFO - [2024-01-02T23:40:56.688+0100] {dag.py:3722} INFO - Setting next_dagrun for dag_with_minio_aws_s3_v01 to 2022-10-03T00:00:00+00:00, run_after=2022-10-04T00:00:00+00:00
[2024-01-02T23:40:56.789+0100] {processor.py:179} INFO - Processing /Users/user/Desktop/Learning/AIRFLOW-TUTORIAL/methode-1/dags/dag_minio_s3.py took 6.156 seconds
[2024-01-02T23:42:44.920+0100] {processor.py:157} INFO - Started process (PID=93207) to work on /Users/user/Desktop/Learning/AIRFLOW-TUTORIAL/methode-1/dags/dag_minio_s3.py
[2024-01-02T23:42:44.928+0100] {processor.py:829} INFO - Processing file /Users/user/Desktop/Learning/AIRFLOW-TUTORIAL/methode-1/dags/dag_minio_s3.py for tasks to queue
[2024-01-02T23:42:44.929+0100] {logging_mixin.py:154} INFO - [2024-01-02T23:42:44.929+0100] {dagbag.py:536} INFO - Filling up the DagBag from /Users/user/Desktop/Learning/AIRFLOW-TUTORIAL/methode-1/dags/dag_minio_s3.py
[2024-01-02T23:42:45.850+0100] {processor.py:839} INFO - DAG(s) dict_keys(['dag_with_minio_aws_s3_v01']) retrieved from /Users/user/Desktop/Learning/AIRFLOW-TUTORIAL/methode-1/dags/dag_minio_s3.py
[2024-01-02T23:42:46.719+0100] {logging_mixin.py:154} INFO - [2024-01-02T23:42:46.718+0100] {dag.py:2941} INFO - Sync 1 DAGs
[2024-01-02T23:42:46.766+0100] {logging_mixin.py:154} INFO - [2024-01-02T23:42:46.765+0100] {dag.py:3722} INFO - Setting next_dagrun for dag_with_minio_aws_s3_v01 to 2022-10-03T00:00:00+00:00, run_after=2022-10-04T00:00:00+00:00
[2024-01-02T23:42:46.919+0100] {processor.py:179} INFO - Processing /Users/user/Desktop/Learning/AIRFLOW-TUTORIAL/methode-1/dags/dag_minio_s3.py took 2.001 seconds
[2024-01-03T00:01:09.362+0100] {processor.py:157} INFO - Started process (PID=93788) to work on /Users/user/Desktop/Learning/AIRFLOW-TUTORIAL/methode-1/dags/dag_minio_s3.py
[2024-01-03T00:01:09.369+0100] {processor.py:829} INFO - Processing file /Users/user/Desktop/Learning/AIRFLOW-TUTORIAL/methode-1/dags/dag_minio_s3.py for tasks to queue
[2024-01-03T00:01:09.370+0100] {logging_mixin.py:154} INFO - [2024-01-03T00:01:09.370+0100] {dagbag.py:536} INFO - Filling up the DagBag from /Users/user/Desktop/Learning/AIRFLOW-TUTORIAL/methode-1/dags/dag_minio_s3.py
[2024-01-03T00:01:10.694+0100] {processor.py:839} INFO - DAG(s) dict_keys(['dag_with_minio_aws_s3_v01']) retrieved from /Users/user/Desktop/Learning/AIRFLOW-TUTORIAL/methode-1/dags/dag_minio_s3.py
[2024-01-03T00:01:11.886+0100] {logging_mixin.py:154} INFO - [2024-01-03T00:01:11.886+0100] {dag.py:2941} INFO - Sync 1 DAGs
[2024-01-03T00:01:11.924+0100] {logging_mixin.py:154} INFO - [2024-01-03T00:01:11.924+0100] {dag.py:3722} INFO - Setting next_dagrun for dag_with_minio_aws_s3_v01 to 2022-10-04T00:00:00+00:00, run_after=2022-10-05T00:00:00+00:00
[2024-01-03T00:01:12.121+0100] {processor.py:179} INFO - Processing /Users/user/Desktop/Learning/AIRFLOW-TUTORIAL/methode-1/dags/dag_minio_s3.py took 2.760 seconds
[2024-01-03T00:13:48.403+0100] {processor.py:157} INFO - Started process (PID=94375) to work on /Users/user/Desktop/Learning/AIRFLOW-TUTORIAL/methode-1/dags/dag_minio_s3.py
[2024-01-03T00:13:48.411+0100] {processor.py:829} INFO - Processing file /Users/user/Desktop/Learning/AIRFLOW-TUTORIAL/methode-1/dags/dag_minio_s3.py for tasks to queue
[2024-01-03T00:13:48.412+0100] {logging_mixin.py:154} INFO - [2024-01-03T00:13:48.412+0100] {dagbag.py:536} INFO - Filling up the DagBag from /Users/user/Desktop/Learning/AIRFLOW-TUTORIAL/methode-1/dags/dag_minio_s3.py
[2024-01-03T00:13:49.410+0100] {processor.py:839} INFO - DAG(s) dict_keys(['dag_with_minio_aws_s3_v01']) retrieved from /Users/user/Desktop/Learning/AIRFLOW-TUTORIAL/methode-1/dags/dag_minio_s3.py
[2024-01-03T00:13:50.655+0100] {logging_mixin.py:154} INFO - [2024-01-03T00:13:50.654+0100] {dag.py:2941} INFO - Sync 1 DAGs
[2024-01-03T00:13:50.776+0100] {logging_mixin.py:154} INFO - [2024-01-03T00:13:50.776+0100] {dag.py:3722} INFO - Setting next_dagrun for dag_with_minio_aws_s3_v01 to 2022-10-05T00:00:00+00:00, run_after=2022-10-06T00:00:00+00:00
[2024-01-03T00:13:50.805+0100] {processor.py:179} INFO - Processing /Users/user/Desktop/Learning/AIRFLOW-TUTORIAL/methode-1/dags/dag_minio_s3.py took 2.403 seconds
[2024-01-03T00:20:17.154+0100] {processor.py:157} INFO - Started process (PID=94734) to work on /Users/user/Desktop/Learning/AIRFLOW-TUTORIAL/methode-1/dags/dag_minio_s3.py
[2024-01-03T00:20:17.164+0100] {processor.py:829} INFO - Processing file /Users/user/Desktop/Learning/AIRFLOW-TUTORIAL/methode-1/dags/dag_minio_s3.py for tasks to queue
[2024-01-03T00:20:17.165+0100] {logging_mixin.py:154} INFO - [2024-01-03T00:20:17.165+0100] {dagbag.py:536} INFO - Filling up the DagBag from /Users/user/Desktop/Learning/AIRFLOW-TUTORIAL/methode-1/dags/dag_minio_s3.py
[2024-01-03T00:20:18.209+0100] {processor.py:839} INFO - DAG(s) dict_keys(['dag_with_minio_aws_s3_v01']) retrieved from /Users/user/Desktop/Learning/AIRFLOW-TUTORIAL/methode-1/dags/dag_minio_s3.py
[2024-01-03T00:20:20.001+0100] {logging_mixin.py:154} INFO - [2024-01-03T00:20:19.997+0100] {dag.py:2941} INFO - Sync 1 DAGs
[2024-01-03T00:20:20.317+0100] {logging_mixin.py:154} INFO - [2024-01-03T00:20:20.317+0100] {dag.py:3722} INFO - Setting next_dagrun for dag_with_minio_aws_s3_v01 to 2022-10-06T00:00:00+00:00, run_after=2022-10-07T00:00:00+00:00
[2024-01-03T00:20:20.378+0100] {processor.py:179} INFO - Processing /Users/user/Desktop/Learning/AIRFLOW-TUTORIAL/methode-1/dags/dag_minio_s3.py took 3.227 seconds
