[2024-01-02T20:53:14.335+0100] {taskinstance.py:1159} INFO - Dependencies all met for dep_context=non-requeueable deps ti=<TaskInstance: dag_with_postgres_operator_v04.delete_into_table scheduled__2022-12-20T00:00:00+00:00 [queued]>
[2024-01-02T20:53:14.342+0100] {taskinstance.py:1159} INFO - Dependencies all met for dep_context=requeueable deps ti=<TaskInstance: dag_with_postgres_operator_v04.delete_into_table scheduled__2022-12-20T00:00:00+00:00 [queued]>
[2024-01-02T20:53:14.342+0100] {taskinstance.py:1361} INFO - Starting attempt 1 of 6
[2024-01-02T20:53:14.353+0100] {taskinstance.py:1382} INFO - Executing <Task(PostgresOperator): delete_into_table> on 2022-12-20 00:00:00+00:00
[2024-01-02T20:53:14.355+0100] {standard_task_runner.py:57} INFO - Started process 72401 to run task
[2024-01-02T20:53:14.361+0100] {standard_task_runner.py:84} INFO - Running: ['airflow', 'tasks', 'run', 'dag_with_postgres_operator_v04', 'delete_into_table', 'scheduled__2022-12-20T00:00:00+00:00', '--job-id', '14535', '--raw', '--subdir', '/Users/user/Desktop/Learning/AIRFLOW-TUTORIAL/methode-1/dags/dag_with_postgres.py', '--cfg-path', '/var/folders/gn/cr4yj18d1tv34pkws9v_kq1r0000gn/T/tmpy8fl_f3k']
[2024-01-02T20:53:14.364+0100] {standard_task_runner.py:85} INFO - Job 14535: Subtask delete_into_table
[2024-01-02T20:53:14.407+0100] {task_command.py:416} INFO - Running <TaskInstance: dag_with_postgres_operator_v04.delete_into_table scheduled__2022-12-20T00:00:00+00:00 [running]> on host macbook-pro-de-user.local
[2024-01-02T20:53:14.851+0100] {taskinstance.py:1662} INFO - Exporting env vars: AIRFLOW_CTX_DAG_OWNER='aida' AIRFLOW_CTX_DAG_ID='dag_with_postgres_operator_v04' AIRFLOW_CTX_TASK_ID='delete_into_table' AIRFLOW_CTX_EXECUTION_DATE='2022-12-20T00:00:00+00:00' AIRFLOW_CTX_TRY_NUMBER='1' AIRFLOW_CTX_DAG_RUN_ID='scheduled__2022-12-20T00:00:00+00:00'
[2024-01-02T20:53:14.852+0100] {sql.py:274} INFO - Executing: 
            delete from dag_runs where dt='2022-12-20' and dag_id='dag_with_postgres_operator_v04'
        
[2024-01-02T20:53:14.857+0100] {base.py:73} INFO - Using connection ID 'postgres_localhost' for task execution.
[2024-01-02T20:53:15.008+0100] {base.py:73} INFO - Using connection ID 'postgres_localhost' for task execution.
[2024-01-02T20:53:15.038+0100] {sql.py:418} INFO - Running statement: 
            delete from dag_runs where dt='2022-12-20' and dag_id='dag_with_postgres_operator_v04'
        , parameters: None
[2024-01-02T20:53:15.041+0100] {sql.py:427} INFO - Rows affected: 0
[2024-01-02T20:53:15.047+0100] {taskinstance.py:1400} INFO - Marking task as SUCCESS. dag_id=dag_with_postgres_operator_v04, task_id=delete_into_table, execution_date=20221220T000000, start_date=20240102T195314, end_date=20240102T195315
[2024-01-02T20:53:15.093+0100] {local_task_job_runner.py:228} INFO - Task exited with return code 0
[2024-01-02T20:53:15.113+0100] {taskinstance.py:2778} INFO - 1 downstream tasks scheduled from follow-on schedule check
