[2024-01-04T01:17:52.756+0100] {processor.py:157} INFO - Started process (PID=1195) to work on /Users/user/Desktop/Learning/AIRFLOW-TUTORIAL/methode-1/dags/dag_hook.py
[2024-01-04T01:17:52.765+0100] {processor.py:829} INFO - Processing file /Users/user/Desktop/Learning/AIRFLOW-TUTORIAL/methode-1/dags/dag_hook.py for tasks to queue
[2024-01-04T01:17:52.802+0100] {logging_mixin.py:154} INFO - [2024-01-04T01:17:52.802+0100] {dagbag.py:536} INFO - Filling up the DagBag from /Users/user/Desktop/Learning/AIRFLOW-TUTORIAL/methode-1/dags/dag_hook.py
[2024-01-04T01:17:53.561+0100] {processor.py:839} INFO - DAG(s) dict_keys(['dag_hook_v01']) retrieved from /Users/user/Desktop/Learning/AIRFLOW-TUTORIAL/methode-1/dags/dag_hook.py
[2024-01-04T01:18:00.900+0100] {logging_mixin.py:154} INFO - [2024-01-04T01:18:00.900+0100] {manager.py:499} INFO - Created Permission View: %s
[2024-01-04T01:18:00.926+0100] {logging_mixin.py:154} INFO - [2024-01-04T01:18:00.925+0100] {manager.py:499} INFO - Created Permission View: %s
[2024-01-04T01:18:00.940+0100] {logging_mixin.py:154} INFO - [2024-01-04T01:18:00.939+0100] {manager.py:499} INFO - Created Permission View: %s
[2024-01-04T01:18:00.940+0100] {logging_mixin.py:154} INFO - [2024-01-04T01:18:00.940+0100] {dag.py:2941} INFO - Sync 1 DAGs
[2024-01-04T01:18:01.142+0100] {logging_mixin.py:154} INFO - [2024-01-04T01:18:01.141+0100] {dag.py:2963} INFO - Creating ORM DAG for dag_hook_v01
[2024-01-04T01:18:01.259+0100] {logging_mixin.py:154} INFO - [2024-01-04T01:18:01.259+0100] {dag.py:3722} INFO - Setting next_dagrun for dag_hook_v01 to 2022-10-03T00:00:00+00:00, run_after=2022-10-04T00:00:00+00:00
[2024-01-04T01:18:01.298+0100] {processor.py:179} INFO - Processing /Users/user/Desktop/Learning/AIRFLOW-TUTORIAL/methode-1/dags/dag_hook.py took 8.543 seconds
[2024-01-04T01:21:57.897+0100] {processor.py:157} INFO - Started process (PID=1413) to work on /Users/user/Desktop/Learning/AIRFLOW-TUTORIAL/methode-1/dags/dag_hook.py
[2024-01-04T01:21:57.905+0100] {processor.py:829} INFO - Processing file /Users/user/Desktop/Learning/AIRFLOW-TUTORIAL/methode-1/dags/dag_hook.py for tasks to queue
[2024-01-04T01:21:57.906+0100] {logging_mixin.py:154} INFO - [2024-01-04T01:21:57.905+0100] {dagbag.py:536} INFO - Filling up the DagBag from /Users/user/Desktop/Learning/AIRFLOW-TUTORIAL/methode-1/dags/dag_hook.py
[2024-01-04T01:21:58.310+0100] {processor.py:839} INFO - DAG(s) dict_keys(['dag_hook_v01']) retrieved from /Users/user/Desktop/Learning/AIRFLOW-TUTORIAL/methode-1/dags/dag_hook.py
[2024-01-04T01:22:00.084+0100] {logging_mixin.py:154} INFO - [2024-01-04T01:22:00.083+0100] {dag.py:2941} INFO - Sync 1 DAGs
[2024-01-04T01:22:00.271+0100] {logging_mixin.py:154} INFO - [2024-01-04T01:22:00.271+0100] {dag.py:3722} INFO - Setting next_dagrun for dag_hook_v01 to 2022-10-03T00:00:00+00:00, run_after=2022-10-04T00:00:00+00:00
[2024-01-04T01:22:00.522+0100] {processor.py:179} INFO - Processing /Users/user/Desktop/Learning/AIRFLOW-TUTORIAL/methode-1/dags/dag_hook.py took 2.626 seconds
[2024-01-04T01:26:19.544+0100] {processor.py:157} INFO - Started process (PID=1673) to work on /Users/user/Desktop/Learning/AIRFLOW-TUTORIAL/methode-1/dags/dag_hook.py
[2024-01-04T01:26:19.554+0100] {processor.py:829} INFO - Processing file /Users/user/Desktop/Learning/AIRFLOW-TUTORIAL/methode-1/dags/dag_hook.py for tasks to queue
[2024-01-04T01:26:19.555+0100] {logging_mixin.py:154} INFO - [2024-01-04T01:26:19.554+0100] {dagbag.py:536} INFO - Filling up the DagBag from /Users/user/Desktop/Learning/AIRFLOW-TUTORIAL/methode-1/dags/dag_hook.py
[2024-01-04T01:26:20.167+0100] {processor.py:839} INFO - DAG(s) dict_keys(['dag_hook_v01']) retrieved from /Users/user/Desktop/Learning/AIRFLOW-TUTORIAL/methode-1/dags/dag_hook.py
[2024-01-04T01:26:21.744+0100] {logging_mixin.py:154} INFO - [2024-01-04T01:26:21.743+0100] {dag.py:2941} INFO - Sync 1 DAGs
[2024-01-04T01:26:22.059+0100] {logging_mixin.py:154} INFO - [2024-01-04T01:26:22.043+0100] {dag.py:3722} INFO - Setting next_dagrun for dag_hook_v01 to 2022-10-04T00:00:00+00:00, run_after=2022-10-05T00:00:00+00:00
[2024-01-04T01:26:22.118+0100] {processor.py:179} INFO - Processing /Users/user/Desktop/Learning/AIRFLOW-TUTORIAL/methode-1/dags/dag_hook.py took 2.575 seconds
[2024-01-04T01:28:09.442+0100] {processor.py:157} INFO - Started process (PID=1775) to work on /Users/user/Desktop/Learning/AIRFLOW-TUTORIAL/methode-1/dags/dag_hook.py
[2024-01-04T01:28:09.451+0100] {processor.py:829} INFO - Processing file /Users/user/Desktop/Learning/AIRFLOW-TUTORIAL/methode-1/dags/dag_hook.py for tasks to queue
[2024-01-04T01:28:09.453+0100] {logging_mixin.py:154} INFO - [2024-01-04T01:28:09.452+0100] {dagbag.py:536} INFO - Filling up the DagBag from /Users/user/Desktop/Learning/AIRFLOW-TUTORIAL/methode-1/dags/dag_hook.py
[2024-01-04T01:28:10.191+0100] {processor.py:839} INFO - DAG(s) dict_keys(['dag_hook_v01']) retrieved from /Users/user/Desktop/Learning/AIRFLOW-TUTORIAL/methode-1/dags/dag_hook.py
[2024-01-04T01:28:11.992+0100] {logging_mixin.py:154} INFO - [2024-01-04T01:28:11.991+0100] {dag.py:2941} INFO - Sync 1 DAGs
[2024-01-04T01:28:12.189+0100] {logging_mixin.py:154} INFO - [2024-01-04T01:28:12.188+0100] {dag.py:3722} INFO - Setting next_dagrun for dag_hook_v01 to 2022-10-05T00:00:00+00:00, run_after=2022-10-06T00:00:00+00:00
[2024-01-04T01:28:12.303+0100] {processor.py:179} INFO - Processing /Users/user/Desktop/Learning/AIRFLOW-TUTORIAL/methode-1/dags/dag_hook.py took 2.864 seconds
[2024-01-04T01:30:42.748+0100] {processor.py:157} INFO - Started process (PID=1943) to work on /Users/user/Desktop/Learning/AIRFLOW-TUTORIAL/methode-1/dags/dag_hook.py
[2024-01-04T01:30:42.764+0100] {processor.py:829} INFO - Processing file /Users/user/Desktop/Learning/AIRFLOW-TUTORIAL/methode-1/dags/dag_hook.py for tasks to queue
[2024-01-04T01:30:42.765+0100] {logging_mixin.py:154} INFO - [2024-01-04T01:30:42.765+0100] {dagbag.py:536} INFO - Filling up the DagBag from /Users/user/Desktop/Learning/AIRFLOW-TUTORIAL/methode-1/dags/dag_hook.py
[2024-01-04T01:30:43.470+0100] {processor.py:839} INFO - DAG(s) dict_keys(['dag_hook_v01']) retrieved from /Users/user/Desktop/Learning/AIRFLOW-TUTORIAL/methode-1/dags/dag_hook.py
[2024-01-04T01:30:46.336+0100] {logging_mixin.py:154} INFO - [2024-01-04T01:30:46.335+0100] {dag.py:2941} INFO - Sync 1 DAGs
[2024-01-04T01:30:46.448+0100] {logging_mixin.py:154} INFO - [2024-01-04T01:30:46.448+0100] {dag.py:3722} INFO - Setting next_dagrun for dag_hook_v01 to 2022-10-07T00:00:00+00:00, run_after=2022-10-08T00:00:00+00:00
[2024-01-04T01:30:46.624+0100] {processor.py:179} INFO - Processing /Users/user/Desktop/Learning/AIRFLOW-TUTORIAL/methode-1/dags/dag_hook.py took 3.881 seconds
[2024-01-04T01:33:12.833+0100] {processor.py:157} INFO - Started process (PID=2072) to work on /Users/user/Desktop/Learning/AIRFLOW-TUTORIAL/methode-1/dags/dag_hook.py
[2024-01-04T01:33:12.931+0100] {processor.py:829} INFO - Processing file /Users/user/Desktop/Learning/AIRFLOW-TUTORIAL/methode-1/dags/dag_hook.py for tasks to queue
[2024-01-04T01:33:12.932+0100] {logging_mixin.py:154} INFO - [2024-01-04T01:33:12.932+0100] {dagbag.py:536} INFO - Filling up the DagBag from /Users/user/Desktop/Learning/AIRFLOW-TUTORIAL/methode-1/dags/dag_hook.py
[2024-01-04T01:33:13.698+0100] {processor.py:839} INFO - DAG(s) dict_keys(['dag_hook_v01']) retrieved from /Users/user/Desktop/Learning/AIRFLOW-TUTORIAL/methode-1/dags/dag_hook.py
[2024-01-04T01:33:15.816+0100] {logging_mixin.py:154} INFO - [2024-01-04T01:33:15.816+0100] {dag.py:2941} INFO - Sync 1 DAGs
[2024-01-04T01:33:15.970+0100] {logging_mixin.py:154} INFO - [2024-01-04T01:33:15.970+0100] {dag.py:3722} INFO - Setting next_dagrun for dag_hook_v01 to 2022-10-08T00:00:00+00:00, run_after=2022-10-09T00:00:00+00:00
[2024-01-04T01:33:16.117+0100] {processor.py:179} INFO - Processing /Users/user/Desktop/Learning/AIRFLOW-TUTORIAL/methode-1/dags/dag_hook.py took 3.287 seconds
[2024-01-04T01:36:14.388+0100] {processor.py:157} INFO - Started process (PID=2188) to work on /Users/user/Desktop/Learning/AIRFLOW-TUTORIAL/methode-1/dags/dag_hook.py
[2024-01-04T01:36:14.398+0100] {processor.py:829} INFO - Processing file /Users/user/Desktop/Learning/AIRFLOW-TUTORIAL/methode-1/dags/dag_hook.py for tasks to queue
[2024-01-04T01:36:14.399+0100] {logging_mixin.py:154} INFO - [2024-01-04T01:36:14.399+0100] {dagbag.py:536} INFO - Filling up the DagBag from /Users/user/Desktop/Learning/AIRFLOW-TUTORIAL/methode-1/dags/dag_hook.py
[2024-01-04T01:36:15.014+0100] {processor.py:839} INFO - DAG(s) dict_keys(['dag_hook_v01']) retrieved from /Users/user/Desktop/Learning/AIRFLOW-TUTORIAL/methode-1/dags/dag_hook.py
[2024-01-04T01:36:16.847+0100] {logging_mixin.py:154} INFO - [2024-01-04T01:36:16.846+0100] {dag.py:2941} INFO - Sync 1 DAGs
[2024-01-04T01:36:17.049+0100] {logging_mixin.py:154} INFO - [2024-01-04T01:36:17.048+0100] {dag.py:3722} INFO - Setting next_dagrun for dag_hook_v01 to 2022-10-09T00:00:00+00:00, run_after=2022-10-10T00:00:00+00:00
[2024-01-04T01:36:17.133+0100] {processor.py:179} INFO - Processing /Users/user/Desktop/Learning/AIRFLOW-TUTORIAL/methode-1/dags/dag_hook.py took 2.747 seconds
[2024-01-04T01:38:41.270+0100] {processor.py:157} INFO - Started process (PID=2280) to work on /Users/user/Desktop/Learning/AIRFLOW-TUTORIAL/methode-1/dags/dag_hook.py
[2024-01-04T01:38:41.359+0100] {processor.py:829} INFO - Processing file /Users/user/Desktop/Learning/AIRFLOW-TUTORIAL/methode-1/dags/dag_hook.py for tasks to queue
[2024-01-04T01:38:41.361+0100] {logging_mixin.py:154} INFO - [2024-01-04T01:38:41.361+0100] {dagbag.py:536} INFO - Filling up the DagBag from /Users/user/Desktop/Learning/AIRFLOW-TUTORIAL/methode-1/dags/dag_hook.py
[2024-01-04T01:38:42.076+0100] {processor.py:839} INFO - DAG(s) dict_keys(['dag_hook_v01']) retrieved from /Users/user/Desktop/Learning/AIRFLOW-TUTORIAL/methode-1/dags/dag_hook.py
[2024-01-04T01:38:43.971+0100] {logging_mixin.py:154} INFO - [2024-01-04T01:38:43.970+0100] {dag.py:2941} INFO - Sync 1 DAGs
[2024-01-04T01:38:44.115+0100] {logging_mixin.py:154} INFO - [2024-01-04T01:38:44.115+0100] {dag.py:3722} INFO - Setting next_dagrun for dag_hook_v01 to 2022-10-10T00:00:00+00:00, run_after=2022-10-11T00:00:00+00:00
[2024-01-04T01:38:44.242+0100] {processor.py:179} INFO - Processing /Users/user/Desktop/Learning/AIRFLOW-TUTORIAL/methode-1/dags/dag_hook.py took 2.974 seconds
[2024-01-04T01:40:25.162+0100] {processor.py:157} INFO - Started process (PID=2368) to work on /Users/user/Desktop/Learning/AIRFLOW-TUTORIAL/methode-1/dags/dag_hook.py
[2024-01-04T01:40:25.282+0100] {processor.py:829} INFO - Processing file /Users/user/Desktop/Learning/AIRFLOW-TUTORIAL/methode-1/dags/dag_hook.py for tasks to queue
[2024-01-04T01:40:25.283+0100] {logging_mixin.py:154} INFO - [2024-01-04T01:40:25.283+0100] {dagbag.py:536} INFO - Filling up the DagBag from /Users/user/Desktop/Learning/AIRFLOW-TUTORIAL/methode-1/dags/dag_hook.py
[2024-01-04T01:40:25.826+0100] {processor.py:839} INFO - DAG(s) dict_keys(['dag_hook_v01']) retrieved from /Users/user/Desktop/Learning/AIRFLOW-TUTORIAL/methode-1/dags/dag_hook.py
[2024-01-04T01:40:27.563+0100] {logging_mixin.py:154} INFO - [2024-01-04T01:40:27.562+0100] {dag.py:2941} INFO - Sync 1 DAGs
[2024-01-04T01:40:27.900+0100] {logging_mixin.py:154} INFO - [2024-01-04T01:40:27.899+0100] {dag.py:3722} INFO - Setting next_dagrun for dag_hook_v01 to 2022-10-11T00:00:00+00:00, run_after=2022-10-12T00:00:00+00:00
[2024-01-04T01:40:28.093+0100] {processor.py:179} INFO - Processing /Users/user/Desktop/Learning/AIRFLOW-TUTORIAL/methode-1/dags/dag_hook.py took 2.933 seconds
[2024-01-04T01:44:46.623+0100] {processor.py:157} INFO - Started process (PID=2611) to work on /Users/user/Desktop/Learning/AIRFLOW-TUTORIAL/methode-1/dags/dag_hook.py
[2024-01-04T01:44:46.728+0100] {processor.py:829} INFO - Processing file /Users/user/Desktop/Learning/AIRFLOW-TUTORIAL/methode-1/dags/dag_hook.py for tasks to queue
[2024-01-04T01:44:46.731+0100] {logging_mixin.py:154} INFO - [2024-01-04T01:44:46.731+0100] {dagbag.py:536} INFO - Filling up the DagBag from /Users/user/Desktop/Learning/AIRFLOW-TUTORIAL/methode-1/dags/dag_hook.py
[2024-01-04T01:44:47.687+0100] {processor.py:839} INFO - DAG(s) dict_keys(['dag_hook_v01']) retrieved from /Users/user/Desktop/Learning/AIRFLOW-TUTORIAL/methode-1/dags/dag_hook.py
[2024-01-04T01:44:50.480+0100] {logging_mixin.py:154} INFO - [2024-01-04T01:44:50.479+0100] {dag.py:2941} INFO - Sync 1 DAGs
[2024-01-04T01:44:50.642+0100] {logging_mixin.py:154} INFO - [2024-01-04T01:44:50.640+0100] {dag.py:3722} INFO - Setting next_dagrun for dag_hook_v01 to 2022-10-12T00:00:00+00:00, run_after=2022-10-13T00:00:00+00:00
[2024-01-04T01:44:50.963+0100] {processor.py:179} INFO - Processing /Users/user/Desktop/Learning/AIRFLOW-TUTORIAL/methode-1/dags/dag_hook.py took 4.342 seconds
[2024-01-04T01:46:19.259+0100] {processor.py:157} INFO - Started process (PID=2667) to work on /Users/user/Desktop/Learning/AIRFLOW-TUTORIAL/methode-1/dags/dag_hook.py
[2024-01-04T01:46:19.270+0100] {processor.py:829} INFO - Processing file /Users/user/Desktop/Learning/AIRFLOW-TUTORIAL/methode-1/dags/dag_hook.py for tasks to queue
[2024-01-04T01:46:19.271+0100] {logging_mixin.py:154} INFO - [2024-01-04T01:46:19.271+0100] {dagbag.py:536} INFO - Filling up the DagBag from /Users/user/Desktop/Learning/AIRFLOW-TUTORIAL/methode-1/dags/dag_hook.py
[2024-01-04T01:46:20.651+0100] {processor.py:839} INFO - DAG(s) dict_keys(['dag_hook_v01']) retrieved from /Users/user/Desktop/Learning/AIRFLOW-TUTORIAL/methode-1/dags/dag_hook.py
[2024-01-04T01:46:23.681+0100] {logging_mixin.py:154} INFO - [2024-01-04T01:46:23.681+0100] {dag.py:2941} INFO - Sync 1 DAGs
[2024-01-04T01:46:24.008+0100] {logging_mixin.py:154} INFO - [2024-01-04T01:46:24.008+0100] {dag.py:3722} INFO - Setting next_dagrun for dag_hook_v01 to 2022-10-13T00:00:00+00:00, run_after=2022-10-14T00:00:00+00:00
[2024-01-04T01:46:24.053+0100] {processor.py:179} INFO - Processing /Users/user/Desktop/Learning/AIRFLOW-TUTORIAL/methode-1/dags/dag_hook.py took 4.796 seconds
[2024-01-04T01:51:15.533+0100] {processor.py:157} INFO - Started process (PID=2773) to work on /Users/user/Desktop/Learning/AIRFLOW-TUTORIAL/methode-1/dags/dag_hook.py
[2024-01-04T01:51:15.552+0100] {processor.py:829} INFO - Processing file /Users/user/Desktop/Learning/AIRFLOW-TUTORIAL/methode-1/dags/dag_hook.py for tasks to queue
[2024-01-04T01:51:15.554+0100] {logging_mixin.py:154} INFO - [2024-01-04T01:51:15.553+0100] {dagbag.py:536} INFO - Filling up the DagBag from /Users/user/Desktop/Learning/AIRFLOW-TUTORIAL/methode-1/dags/dag_hook.py
[2024-01-04T01:51:17.498+0100] {processor.py:839} INFO - DAG(s) dict_keys(['dag_hook_v01']) retrieved from /Users/user/Desktop/Learning/AIRFLOW-TUTORIAL/methode-1/dags/dag_hook.py
[2024-01-04T01:51:19.210+0100] {logging_mixin.py:154} INFO - [2024-01-04T01:51:19.209+0100] {dag.py:2941} INFO - Sync 1 DAGs
[2024-01-04T01:51:19.636+0100] {logging_mixin.py:154} INFO - [2024-01-04T01:51:19.635+0100] {dag.py:3722} INFO - Setting next_dagrun for dag_hook_v01 to 2022-10-14T00:00:00+00:00, run_after=2022-10-15T00:00:00+00:00
[2024-01-04T01:51:19.831+0100] {processor.py:179} INFO - Processing /Users/user/Desktop/Learning/AIRFLOW-TUTORIAL/methode-1/dags/dag_hook.py took 4.301 seconds
[2024-01-04T01:53:45.664+0100] {processor.py:157} INFO - Started process (PID=2886) to work on /Users/user/Desktop/Learning/AIRFLOW-TUTORIAL/methode-1/dags/dag_hook.py
[2024-01-04T01:53:45.673+0100] {processor.py:829} INFO - Processing file /Users/user/Desktop/Learning/AIRFLOW-TUTORIAL/methode-1/dags/dag_hook.py for tasks to queue
[2024-01-04T01:53:45.674+0100] {logging_mixin.py:154} INFO - [2024-01-04T01:53:45.674+0100] {dagbag.py:536} INFO - Filling up the DagBag from /Users/user/Desktop/Learning/AIRFLOW-TUTORIAL/methode-1/dags/dag_hook.py
[2024-01-04T01:53:47.298+0100] {processor.py:839} INFO - DAG(s) dict_keys(['dag_hook_v02']) retrieved from /Users/user/Desktop/Learning/AIRFLOW-TUTORIAL/methode-1/dags/dag_hook.py
[2024-01-04T01:53:53.202+0100] {logging_mixin.py:154} INFO - [2024-01-04T01:53:53.202+0100] {manager.py:499} INFO - Created Permission View: %s
[2024-01-04T01:53:53.229+0100] {logging_mixin.py:154} INFO - [2024-01-04T01:53:53.229+0100] {manager.py:499} INFO - Created Permission View: %s
[2024-01-04T01:53:53.248+0100] {logging_mixin.py:154} INFO - [2024-01-04T01:53:53.248+0100] {manager.py:499} INFO - Created Permission View: %s
[2024-01-04T01:53:53.249+0100] {logging_mixin.py:154} INFO - [2024-01-04T01:53:53.249+0100] {dag.py:2941} INFO - Sync 1 DAGs
[2024-01-04T01:53:53.602+0100] {logging_mixin.py:154} INFO - [2024-01-04T01:53:53.601+0100] {dag.py:2963} INFO - Creating ORM DAG for dag_hook_v02
[2024-01-04T01:53:53.634+0100] {logging_mixin.py:154} INFO - [2024-01-04T01:53:53.634+0100] {dag.py:3722} INFO - Setting next_dagrun for dag_hook_v02 to 2022-10-03T00:00:00+00:00, run_after=2022-10-04T00:00:00+00:00
[2024-01-04T01:53:53.808+0100] {processor.py:179} INFO - Processing /Users/user/Desktop/Learning/AIRFLOW-TUTORIAL/methode-1/dags/dag_hook.py took 8.146 seconds
[2024-01-04T01:56:41.331+0100] {processor.py:157} INFO - Started process (PID=3044) to work on /Users/user/Desktop/Learning/AIRFLOW-TUTORIAL/methode-1/dags/dag_hook.py
[2024-01-04T01:56:41.484+0100] {processor.py:829} INFO - Processing file /Users/user/Desktop/Learning/AIRFLOW-TUTORIAL/methode-1/dags/dag_hook.py for tasks to queue
[2024-01-04T01:56:41.488+0100] {logging_mixin.py:154} INFO - [2024-01-04T01:56:41.487+0100] {dagbag.py:536} INFO - Filling up the DagBag from /Users/user/Desktop/Learning/AIRFLOW-TUTORIAL/methode-1/dags/dag_hook.py
[2024-01-04T01:56:43.691+0100] {processor.py:839} INFO - DAG(s) dict_keys(['dag_hook_v02']) retrieved from /Users/user/Desktop/Learning/AIRFLOW-TUTORIAL/methode-1/dags/dag_hook.py
[2024-01-04T01:56:45.785+0100] {logging_mixin.py:154} INFO - [2024-01-04T01:56:45.785+0100] {dag.py:2941} INFO - Sync 1 DAGs
[2024-01-04T01:56:46.059+0100] {logging_mixin.py:154} INFO - [2024-01-04T01:56:46.058+0100] {dag.py:3722} INFO - Setting next_dagrun for dag_hook_v02 to 2022-10-03T00:00:00+00:00, run_after=2022-10-04T00:00:00+00:00
[2024-01-04T01:56:46.312+0100] {processor.py:179} INFO - Processing /Users/user/Desktop/Learning/AIRFLOW-TUTORIAL/methode-1/dags/dag_hook.py took 4.988 seconds
