[2024-01-04T01:28:28.667+0100] {taskinstance.py:1159} INFO - Dependencies all met for dep_context=non-requeueable deps ti=<TaskInstance: dag_hook_v01.task1 scheduled__2022-10-05T00:00:00+00:00 [queued]>
[2024-01-04T01:28:28.783+0100] {taskinstance.py:1159} INFO - Dependencies all met for dep_context=requeueable deps ti=<TaskInstance: dag_hook_v01.task1 scheduled__2022-10-05T00:00:00+00:00 [queued]>
[2024-01-04T01:28:28.784+0100] {taskinstance.py:1361} INFO - Starting attempt 1 of 6
[2024-01-04T01:28:28.811+0100] {taskinstance.py:1382} INFO - Executing <Task(PythonOperator): task1> on 2022-10-05 00:00:00+00:00
[2024-01-04T01:28:28.817+0100] {standard_task_runner.py:57} INFO - Started process 1812 to run task
[2024-01-04T01:28:28.827+0100] {standard_task_runner.py:84} INFO - Running: ['airflow', 'tasks', 'run', 'dag_hook_v01', 'task1', 'scheduled__2022-10-05T00:00:00+00:00', '--job-id', '15275', '--raw', '--subdir', '/Users/user/Desktop/Learning/AIRFLOW-TUTORIAL/methode-1/dags/dag_hook.py', '--cfg-path', '/var/folders/gn/cr4yj18d1tv34pkws9v_kq1r0000gn/T/tmpernps3qk']
[2024-01-04T01:28:28.832+0100] {standard_task_runner.py:85} INFO - Job 15275: Subtask task1
[2024-01-04T01:28:29.040+0100] {task_command.py:416} INFO - Running <TaskInstance: dag_hook_v01.task1 scheduled__2022-10-05T00:00:00+00:00 [running]> on host macbook-pro-de-user.local
[2024-01-04T01:28:33.054+0100] {taskinstance.py:1662} INFO - Exporting env vars: AIRFLOW_CTX_DAG_OWNER='aida' AIRFLOW_CTX_DAG_ID='dag_hook_v01' AIRFLOW_CTX_TASK_ID='task1' AIRFLOW_CTX_EXECUTION_DATE='2022-10-05T00:00:00+00:00' AIRFLOW_CTX_TRY_NUMBER='1' AIRFLOW_CTX_DAG_RUN_ID='scheduled__2022-10-05T00:00:00+00:00'
[2024-01-04T01:28:33.122+0100] {base.py:73} INFO - Using connection ID 'postgres_localhost' for task execution.
[2024-01-04T01:28:33.328+0100] {taskinstance.py:1937} ERROR - Task failed with exception
Traceback (most recent call last):
  File "/Users/user/Desktop/Learning/AIRFLOW-TUTORIAL/py_env/lib/python3.11/site-packages/airflow/operators/python.py", line 192, in execute
    return_value = self.execute_callable()
                   ^^^^^^^^^^^^^^^^^^^^^^^
  File "/Users/user/Desktop/Learning/AIRFLOW-TUTORIAL/py_env/lib/python3.11/site-packages/airflow/operators/python.py", line 209, in execute_callable
    return self.python_callable(*self.op_args, **self.op_kwargs)
           ^^^^^^^^^^^^^^^^^^^^^^^^^^^^^^^^^^^^^^^^^^^^^^^^^^^^^
  File "/Users/user/Desktop/Learning/AIRFLOW-TUTORIAL/methode-1/dags/dag_hook.py", line 26, in postgres_to_s3
    logging.log("Saved data into text file get_orders.txt")
TypeError: log() missing 1 required positional argument: 'msg'
[2024-01-04T01:28:33.338+0100] {taskinstance.py:1400} INFO - Marking task as UP_FOR_RETRY. dag_id=dag_hook_v01, task_id=task1, execution_date=20221005T000000, start_date=20240104T002828, end_date=20240104T002833
[2024-01-04T01:28:33.431+0100] {standard_task_runner.py:104} ERROR - Failed to execute job 15275 for task task1 (log() missing 1 required positional argument: 'msg'; 1812)
[2024-01-04T01:28:33.463+0100] {local_task_job_runner.py:228} INFO - Task exited with return code 1
[2024-01-04T01:28:33.488+0100] {taskinstance.py:2778} INFO - 0 downstream tasks scheduled from follow-on schedule check
