[2024-01-02T21:37:33.262+0100] {taskinstance.py:1159} INFO - Dependencies all met for dep_context=non-requeueable deps ti=<TaskInstance: dag_with_postgres_operator_v04.delete_into_table scheduled__2023-07-01T00:00:00+00:00 [queued]>
[2024-01-02T21:37:33.269+0100] {taskinstance.py:1159} INFO - Dependencies all met for dep_context=requeueable deps ti=<TaskInstance: dag_with_postgres_operator_v04.delete_into_table scheduled__2023-07-01T00:00:00+00:00 [queued]>
[2024-01-02T21:37:33.269+0100] {taskinstance.py:1361} INFO - Starting attempt 1 of 6
[2024-01-02T21:37:33.283+0100] {taskinstance.py:1382} INFO - Executing <Task(PostgresOperator): delete_into_table> on 2023-07-01 00:00:00+00:00
[2024-01-02T21:37:33.286+0100] {standard_task_runner.py:57} INFO - Started process 88547 to run task
[2024-01-02T21:37:33.292+0100] {standard_task_runner.py:84} INFO - Running: ['airflow', 'tasks', 'run', 'dag_with_postgres_operator_v04', 'delete_into_table', 'scheduled__2023-07-01T00:00:00+00:00', '--job-id', '15115', '--raw', '--subdir', '/Users/user/Desktop/Learning/AIRFLOW-TUTORIAL/methode-1/dags/dag_with_postgres.py', '--cfg-path', '/var/folders/gn/cr4yj18d1tv34pkws9v_kq1r0000gn/T/tmp6w6n6n5t']
[2024-01-02T21:37:33.295+0100] {standard_task_runner.py:85} INFO - Job 15115: Subtask delete_into_table
[2024-01-02T21:37:33.338+0100] {task_command.py:416} INFO - Running <TaskInstance: dag_with_postgres_operator_v04.delete_into_table scheduled__2023-07-01T00:00:00+00:00 [running]> on host macbook-pro-de-user.local
[2024-01-02T21:37:33.792+0100] {taskinstance.py:1662} INFO - Exporting env vars: AIRFLOW_CTX_DAG_OWNER='aida' AIRFLOW_CTX_DAG_ID='dag_with_postgres_operator_v04' AIRFLOW_CTX_TASK_ID='delete_into_table' AIRFLOW_CTX_EXECUTION_DATE='2023-07-01T00:00:00+00:00' AIRFLOW_CTX_TRY_NUMBER='1' AIRFLOW_CTX_DAG_RUN_ID='scheduled__2023-07-01T00:00:00+00:00'
[2024-01-02T21:37:33.793+0100] {sql.py:274} INFO - Executing: 
            delete from dag_runs where dt='2023-07-01' and dag_id='dag_with_postgres_operator_v04'
        
[2024-01-02T21:37:33.797+0100] {base.py:73} INFO - Using connection ID 'postgres_localhost' for task execution.
[2024-01-02T21:37:33.968+0100] {base.py:73} INFO - Using connection ID 'postgres_localhost' for task execution.
[2024-01-02T21:37:33.998+0100] {sql.py:418} INFO - Running statement: 
            delete from dag_runs where dt='2023-07-01' and dag_id='dag_with_postgres_operator_v04'
        , parameters: None
[2024-01-02T21:37:34.002+0100] {sql.py:427} INFO - Rows affected: 0
[2024-01-02T21:37:34.009+0100] {taskinstance.py:1400} INFO - Marking task as SUCCESS. dag_id=dag_with_postgres_operator_v04, task_id=delete_into_table, execution_date=20230701T000000, start_date=20240102T203733, end_date=20240102T203734
[2024-01-02T21:37:34.064+0100] {local_task_job_runner.py:228} INFO - Task exited with return code 0
[2024-01-02T21:37:34.085+0100] {taskinstance.py:2778} INFO - 1 downstream tasks scheduled from follow-on schedule check
