[2023-12-29T13:56:13.459+0100] {taskinstance.py:1159} INFO - Dependencies all met for dep_context=non-requeueable deps ti=<TaskInstance: our_first_dag_v4.third_task scheduled__2022-07-23T00:00:00+00:00 [queued]>
[2023-12-29T13:56:13.469+0100] {taskinstance.py:1159} INFO - Dependencies all met for dep_context=requeueable deps ti=<TaskInstance: our_first_dag_v4.third_task scheduled__2022-07-23T00:00:00+00:00 [queued]>
[2023-12-29T13:56:13.470+0100] {taskinstance.py:1361} INFO - Starting attempt 3 of 6
[2023-12-29T13:56:13.486+0100] {taskinstance.py:1382} INFO - Executing <Task(BashOperator): third_task> on 2022-07-23 00:00:00+00:00
[2023-12-29T13:56:13.489+0100] {standard_task_runner.py:57} INFO - Started process 53329 to run task
[2023-12-29T13:56:13.499+0100] {standard_task_runner.py:84} INFO - Running: ['airflow', 'tasks', 'run', 'our_first_dag_v4', 'third_task', 'scheduled__2022-07-23T00:00:00+00:00', '--job-id', '7003', '--raw', '--subdir', '/Users/user/Desktop/Learning/AIRFLOW-TUTORIAL/methode-1/dags/our_first_dag.py', '--cfg-path', '/var/folders/gn/cr4yj18d1tv34pkws9v_kq1r0000gn/T/tmput5l9_ux']
[2023-12-29T13:56:13.502+0100] {standard_task_runner.py:85} INFO - Job 7003: Subtask third_task
[2023-12-29T13:56:13.572+0100] {task_command.py:416} INFO - Running <TaskInstance: our_first_dag_v4.third_task scheduled__2022-07-23T00:00:00+00:00 [running]> on host macbook-pro-de-user.local
[2023-12-29T13:56:14.311+0100] {taskinstance.py:1662} INFO - Exporting env vars: AIRFLOW_CTX_DAG_OWNER='aida' AIRFLOW_CTX_DAG_ID='our_first_dag_v4' AIRFLOW_CTX_TASK_ID='third_task' AIRFLOW_CTX_EXECUTION_DATE='2022-07-23T00:00:00+00:00' AIRFLOW_CTX_TRY_NUMBER='3' AIRFLOW_CTX_DAG_RUN_ID='scheduled__2022-07-23T00:00:00+00:00'
[2023-12-29T13:56:14.313+0100] {subprocess.py:63} INFO - Tmp dir root location: /var/folders/gn/cr4yj18d1tv34pkws9v_kq1r0000gn/T
[2023-12-29T13:56:14.314+0100] {subprocess.py:75} INFO - Running command: ['/bin/bash', '-c', 'I am task 3 and I will be running after the task 2!']
[2023-12-29T13:56:14.323+0100] {subprocess.py:86} INFO - Output:
[2023-12-29T13:56:14.329+0100] {subprocess.py:93} INFO - /bin/bash: I: command not found
[2023-12-29T13:56:14.330+0100] {subprocess.py:97} INFO - Command exited with return code 127
[2023-12-29T13:56:14.341+0100] {taskinstance.py:1937} ERROR - Task failed with exception
Traceback (most recent call last):
  File "/Users/user/Desktop/Learning/AIRFLOW-TUTORIAL/py_env/lib/python3.11/site-packages/airflow/operators/bash.py", line 210, in execute
    raise AirflowException(
airflow.exceptions.AirflowException: Bash command failed. The command returned a non-zero exit code 127.
[2023-12-29T13:56:14.346+0100] {taskinstance.py:1400} INFO - Marking task as UP_FOR_RETRY. dag_id=our_first_dag_v4, task_id=third_task, execution_date=20220723T000000, start_date=20231229T125613, end_date=20231229T125614
[2023-12-29T13:56:14.358+0100] {standard_task_runner.py:104} ERROR - Failed to execute job 7003 for task third_task (Bash command failed. The command returned a non-zero exit code 127.; 53329)
[2023-12-29T13:56:14.393+0100] {local_task_job_runner.py:228} INFO - Task exited with return code 1
[2023-12-29T13:56:14.415+0100] {taskinstance.py:2778} INFO - 0 downstream tasks scheduled from follow-on schedule check
