[2024-01-02T20:14:17.583+0100] {taskinstance.py:1159} INFO - Dependencies all met for dep_context=non-requeueable deps ti=<TaskInstance: dag_with_postgres_operator_v01.create_postgres_table scheduled__2022-11-08T00:00:00+00:00 [queued]>
[2024-01-02T20:14:17.592+0100] {taskinstance.py:1159} INFO - Dependencies all met for dep_context=requeueable deps ti=<TaskInstance: dag_with_postgres_operator_v01.create_postgres_table scheduled__2022-11-08T00:00:00+00:00 [queued]>
[2024-01-02T20:14:17.592+0100] {taskinstance.py:1361} INFO - Starting attempt 5 of 6
[2024-01-02T20:14:17.610+0100] {taskinstance.py:1382} INFO - Executing <Task(PostgresOperator): create_postgres_table> on 2022-11-08 00:00:00+00:00
[2024-01-02T20:14:17.614+0100] {standard_task_runner.py:57} INFO - Started process 51113 to run task
[2024-01-02T20:14:17.621+0100] {standard_task_runner.py:84} INFO - Running: ['airflow', 'tasks', 'run', 'dag_with_postgres_operator_v01', 'create_postgres_table', 'scheduled__2022-11-08T00:00:00+00:00', '--job-id', '14051', '--raw', '--subdir', '/Users/user/Desktop/Learning/AIRFLOW-TUTORIAL/methode-1/dags/dag_with_postgres.py', '--cfg-path', '/var/folders/gn/cr4yj18d1tv34pkws9v_kq1r0000gn/T/tmp23inh_6a']
[2024-01-02T20:14:17.625+0100] {standard_task_runner.py:85} INFO - Job 14051: Subtask create_postgres_table
[2024-01-02T20:14:17.674+0100] {task_command.py:416} INFO - Running <TaskInstance: dag_with_postgres_operator_v01.create_postgres_table scheduled__2022-11-08T00:00:00+00:00 [running]> on host macbook-pro-de-user.local
[2024-01-02T20:14:18.278+0100] {taskinstance.py:1662} INFO - Exporting env vars: AIRFLOW_CTX_DAG_OWNER='aida' AIRFLOW_CTX_DAG_ID='dag_with_postgres_operator_v01' AIRFLOW_CTX_TASK_ID='create_postgres_table' AIRFLOW_CTX_EXECUTION_DATE='2022-11-08T00:00:00+00:00' AIRFLOW_CTX_TRY_NUMBER='5' AIRFLOW_CTX_DAG_RUN_ID='scheduled__2022-11-08T00:00:00+00:00'
[2024-01-02T20:14:18.280+0100] {sql.py:274} INFO - Executing: 
            create table if not exists dag_runs(
            dt date,
            dag_id character varying,
            primary key (dt, dag_id)
            )
        
[2024-01-02T20:14:18.286+0100] {base.py:73} INFO - Using connection ID 'postgres_localhost' for task execution.
[2024-01-02T20:14:18.473+0100] {base.py:73} INFO - Using connection ID 'postgres_localhost' for task execution.
[2024-01-02T20:14:18.505+0100] {sql.py:418} INFO - Running statement: 
            create table if not exists dag_runs(
            dt date,
            dag_id character varying,
            primary key (dt, dag_id)
            )
        , parameters: None
[2024-01-02T20:14:18.507+0100] {taskinstance.py:1937} ERROR - Task failed with exception
Traceback (most recent call last):
  File "/Users/user/Desktop/Learning/AIRFLOW-TUTORIAL/py_env/lib/python3.11/site-packages/airflow/providers/common/sql/operators/sql.py", line 280, in execute
    output = hook.run(
             ^^^^^^^^^
  File "/Users/user/Desktop/Learning/AIRFLOW-TUTORIAL/py_env/lib/python3.11/site-packages/airflow/providers/common/sql/hooks/sql.py", line 392, in run
    self._run_command(cur, sql_statement, parameters)
  File "/Users/user/Desktop/Learning/AIRFLOW-TUTORIAL/py_env/lib/python3.11/site-packages/airflow/providers/common/sql/hooks/sql.py", line 423, in _run_command
    cur.execute(sql_statement)
psycopg2.errors.InsufficientPrivilege: permission denied for schema public
LINE 2:             create table if not exists dag_runs(
                                               ^

[2024-01-02T20:14:18.515+0100] {taskinstance.py:1400} INFO - Marking task as UP_FOR_RETRY. dag_id=dag_with_postgres_operator_v01, task_id=create_postgres_table, execution_date=20221108T000000, start_date=20240102T191417, end_date=20240102T191418
[2024-01-02T20:14:18.524+0100] {standard_task_runner.py:104} ERROR - Failed to execute job 14051 for task create_postgres_table (permission denied for schema public
LINE 2:             create table if not exists dag_runs(
                                               ^
; 51113)
[2024-01-02T20:14:18.557+0100] {local_task_job_runner.py:228} INFO - Task exited with return code 1
[2024-01-02T20:14:18.574+0100] {taskinstance.py:2778} INFO - 0 downstream tasks scheduled from follow-on schedule check
