[2023-12-28T19:35:01.816+0100] {taskinstance.py:1159} INFO - Dependencies all met for dep_context=non-requeueable deps ti=<TaskInstance: our_first_dag_v4.third_task scheduled__2021-12-31T00:00:00+00:00 [queued]>
[2023-12-28T19:35:01.823+0100] {taskinstance.py:1159} INFO - Dependencies all met for dep_context=requeueable deps ti=<TaskInstance: our_first_dag_v4.third_task scheduled__2021-12-31T00:00:00+00:00 [queued]>
[2023-12-28T19:35:01.823+0100] {taskinstance.py:1361} INFO - Starting attempt 1 of 6
[2023-12-28T19:35:01.835+0100] {taskinstance.py:1382} INFO - Executing <Task(BashOperator): third_task> on 2021-12-31 00:00:00+00:00
[2023-12-28T19:35:01.837+0100] {standard_task_runner.py:57} INFO - Started process 26982 to run task
[2023-12-28T19:35:01.844+0100] {standard_task_runner.py:84} INFO - Running: ['airflow', 'tasks', 'run', 'our_first_dag_v4', 'third_task', 'scheduled__2021-12-31T00:00:00+00:00', '--job-id', '2731', '--raw', '--subdir', '/Users/user/Desktop/Learning/AIRFLOW-TUTORIAL/methode-1/dags/our_first_dag.py', '--cfg-path', '/var/folders/gn/cr4yj18d1tv34pkws9v_kq1r0000gn/T/tmp2i7crjd0']
[2023-12-28T19:35:01.847+0100] {standard_task_runner.py:85} INFO - Job 2731: Subtask third_task
[2023-12-28T19:35:01.897+0100] {task_command.py:416} INFO - Running <TaskInstance: our_first_dag_v4.third_task scheduled__2021-12-31T00:00:00+00:00 [running]> on host macbook-pro-de-user.local
[2023-12-28T19:35:02.372+0100] {taskinstance.py:1662} INFO - Exporting env vars: AIRFLOW_CTX_DAG_OWNER='aida' AIRFLOW_CTX_DAG_ID='our_first_dag_v4' AIRFLOW_CTX_TASK_ID='third_task' AIRFLOW_CTX_EXECUTION_DATE='2021-12-31T00:00:00+00:00' AIRFLOW_CTX_TRY_NUMBER='1' AIRFLOW_CTX_DAG_RUN_ID='scheduled__2021-12-31T00:00:00+00:00'
[2023-12-28T19:35:02.373+0100] {subprocess.py:63} INFO - Tmp dir root location: /var/folders/gn/cr4yj18d1tv34pkws9v_kq1r0000gn/T
[2023-12-28T19:35:02.374+0100] {subprocess.py:75} INFO - Running command: ['/bin/bash', '-c', 'I am task 3 and I will be running after the task 2!']
[2023-12-28T19:35:02.381+0100] {subprocess.py:86} INFO - Output:
[2023-12-28T19:35:02.384+0100] {subprocess.py:93} INFO - /bin/bash: I: command not found
[2023-12-28T19:35:02.384+0100] {subprocess.py:97} INFO - Command exited with return code 127
[2023-12-28T19:35:02.395+0100] {taskinstance.py:1937} ERROR - Task failed with exception
Traceback (most recent call last):
  File "/Users/user/Desktop/Learning/AIRFLOW-TUTORIAL/py_env/lib/python3.11/site-packages/airflow/operators/bash.py", line 210, in execute
    raise AirflowException(
airflow.exceptions.AirflowException: Bash command failed. The command returned a non-zero exit code 127.
[2023-12-28T19:35:02.399+0100] {taskinstance.py:1400} INFO - Marking task as UP_FOR_RETRY. dag_id=our_first_dag_v4, task_id=third_task, execution_date=20211231T000000, start_date=20231228T183501, end_date=20231228T183502
[2023-12-28T19:35:02.411+0100] {standard_task_runner.py:104} ERROR - Failed to execute job 2731 for task third_task (Bash command failed. The command returned a non-zero exit code 127.; 26982)
[2023-12-28T19:35:02.441+0100] {local_task_job_runner.py:228} INFO - Task exited with return code 1
[2023-12-28T19:35:02.455+0100] {taskinstance.py:2778} INFO - 0 downstream tasks scheduled from follow-on schedule check
