[2024-01-01T16:51:35.261+0100] {taskinstance.py:1159} INFO - Dependencies all met for dep_context=non-requeueable deps ti=<TaskInstance: our_first_dag_v4.third_task scheduled__2023-09-12T00:00:00+00:00 [queued]>
[2024-01-01T16:51:35.269+0100] {taskinstance.py:1159} INFO - Dependencies all met for dep_context=requeueable deps ti=<TaskInstance: our_first_dag_v4.third_task scheduled__2023-09-12T00:00:00+00:00 [queued]>
[2024-01-01T16:51:35.270+0100] {taskinstance.py:1361} INFO - Starting attempt 3 of 6
[2024-01-01T16:51:35.281+0100] {taskinstance.py:1382} INFO - Executing <Task(BashOperator): third_task> on 2023-09-12 00:00:00+00:00
[2024-01-01T16:51:35.284+0100] {standard_task_runner.py:57} INFO - Started process 63009 to run task
[2024-01-01T16:51:35.289+0100] {standard_task_runner.py:84} INFO - Running: ['airflow', 'tasks', 'run', 'our_first_dag_v4', 'third_task', 'scheduled__2023-09-12T00:00:00+00:00', '--job-id', '12904', '--raw', '--subdir', '/Users/user/Desktop/Learning/AIRFLOW-TUTORIAL/methode-1/dags/our_first_dag.py', '--cfg-path', '/var/folders/gn/cr4yj18d1tv34pkws9v_kq1r0000gn/T/tmpyywydng1']
[2024-01-01T16:51:35.292+0100] {standard_task_runner.py:85} INFO - Job 12904: Subtask third_task
[2024-01-01T16:51:35.339+0100] {task_command.py:416} INFO - Running <TaskInstance: our_first_dag_v4.third_task scheduled__2023-09-12T00:00:00+00:00 [running]> on host macbook-pro-de-user.local
[2024-01-01T16:51:35.864+0100] {taskinstance.py:1662} INFO - Exporting env vars: AIRFLOW_CTX_DAG_OWNER='aida' AIRFLOW_CTX_DAG_ID='our_first_dag_v4' AIRFLOW_CTX_TASK_ID='third_task' AIRFLOW_CTX_EXECUTION_DATE='2023-09-12T00:00:00+00:00' AIRFLOW_CTX_TRY_NUMBER='3' AIRFLOW_CTX_DAG_RUN_ID='scheduled__2023-09-12T00:00:00+00:00'
[2024-01-01T16:51:35.865+0100] {subprocess.py:63} INFO - Tmp dir root location: /var/folders/gn/cr4yj18d1tv34pkws9v_kq1r0000gn/T
[2024-01-01T16:51:35.866+0100] {subprocess.py:75} INFO - Running command: ['/bin/bash', '-c', 'I am task 3 and I will be running after the task 2!']
[2024-01-01T16:51:35.873+0100] {subprocess.py:86} INFO - Output:
[2024-01-01T16:51:35.876+0100] {subprocess.py:93} INFO - /bin/bash: I: command not found
[2024-01-01T16:51:35.877+0100] {subprocess.py:97} INFO - Command exited with return code 127
[2024-01-01T16:51:35.886+0100] {taskinstance.py:1937} ERROR - Task failed with exception
Traceback (most recent call last):
  File "/Users/user/Desktop/Learning/AIRFLOW-TUTORIAL/py_env/lib/python3.11/site-packages/airflow/operators/bash.py", line 210, in execute
    raise AirflowException(
airflow.exceptions.AirflowException: Bash command failed. The command returned a non-zero exit code 127.
[2024-01-01T16:51:35.889+0100] {taskinstance.py:1400} INFO - Marking task as UP_FOR_RETRY. dag_id=our_first_dag_v4, task_id=third_task, execution_date=20230912T000000, start_date=20240101T155135, end_date=20240101T155135
[2024-01-01T16:51:35.900+0100] {standard_task_runner.py:104} ERROR - Failed to execute job 12904 for task third_task (Bash command failed. The command returned a non-zero exit code 127.; 63009)
[2024-01-01T16:51:35.943+0100] {local_task_job_runner.py:228} INFO - Task exited with return code 1
[2024-01-01T16:51:35.960+0100] {taskinstance.py:2778} INFO - 0 downstream tasks scheduled from follow-on schedule check
