[2024-01-02T21:08:13.786+0100] {taskinstance.py:1159} INFO - Dependencies all met for dep_context=non-requeueable deps ti=<TaskInstance: dag_with_postgres_operator_v04.insert_into_table scheduled__2023-03-05T00:00:00+00:00 [queued]>
[2024-01-02T21:08:13.793+0100] {taskinstance.py:1159} INFO - Dependencies all met for dep_context=requeueable deps ti=<TaskInstance: dag_with_postgres_operator_v04.insert_into_table scheduled__2023-03-05T00:00:00+00:00 [queued]>
[2024-01-02T21:08:13.793+0100] {taskinstance.py:1361} INFO - Starting attempt 1 of 6
[2024-01-02T21:08:13.805+0100] {taskinstance.py:1382} INFO - Executing <Task(PostgresOperator): insert_into_table> on 2023-03-05 00:00:00+00:00
[2024-01-02T21:08:13.807+0100] {standard_task_runner.py:57} INFO - Started process 81555 to run task
[2024-01-02T21:08:13.814+0100] {standard_task_runner.py:84} INFO - Running: ['airflow', 'tasks', 'run', 'dag_with_postgres_operator_v04', 'insert_into_table', 'scheduled__2023-03-05T00:00:00+00:00', '--job-id', '14763', '--raw', '--subdir', '/Users/user/Desktop/Learning/AIRFLOW-TUTORIAL/methode-1/dags/dag_with_postgres.py', '--cfg-path', '/var/folders/gn/cr4yj18d1tv34pkws9v_kq1r0000gn/T/tmp1mja6j1r']
[2024-01-02T21:08:13.817+0100] {standard_task_runner.py:85} INFO - Job 14763: Subtask insert_into_table
[2024-01-02T21:08:13.864+0100] {task_command.py:416} INFO - Running <TaskInstance: dag_with_postgres_operator_v04.insert_into_table scheduled__2023-03-05T00:00:00+00:00 [running]> on host macbook-pro-de-user.local
[2024-01-02T21:08:14.363+0100] {taskinstance.py:1662} INFO - Exporting env vars: AIRFLOW_CTX_DAG_OWNER='aida' AIRFLOW_CTX_DAG_ID='dag_with_postgres_operator_v04' AIRFLOW_CTX_TASK_ID='insert_into_table' AIRFLOW_CTX_EXECUTION_DATE='2023-03-05T00:00:00+00:00' AIRFLOW_CTX_TRY_NUMBER='1' AIRFLOW_CTX_DAG_RUN_ID='scheduled__2023-03-05T00:00:00+00:00'
[2024-01-02T21:08:14.364+0100] {sql.py:274} INFO - Executing: 
            insert into dag_runs(dt, dag_id) values('2023-03-05','dag_with_postgres_operator_v04')
        
[2024-01-02T21:08:14.369+0100] {base.py:73} INFO - Using connection ID 'postgres_localhost' for task execution.
[2024-01-02T21:08:14.576+0100] {base.py:73} INFO - Using connection ID 'postgres_localhost' for task execution.
[2024-01-02T21:08:14.660+0100] {sql.py:418} INFO - Running statement: 
            insert into dag_runs(dt, dag_id) values('2023-03-05','dag_with_postgres_operator_v04')
        , parameters: None
[2024-01-02T21:08:14.662+0100] {sql.py:427} INFO - Rows affected: 1
[2024-01-02T21:08:14.678+0100] {taskinstance.py:1400} INFO - Marking task as SUCCESS. dag_id=dag_with_postgres_operator_v04, task_id=insert_into_table, execution_date=20230305T000000, start_date=20240102T200813, end_date=20240102T200814
[2024-01-02T21:08:14.742+0100] {local_task_job_runner.py:228} INFO - Task exited with return code 0
[2024-01-02T21:08:14.764+0100] {taskinstance.py:2778} INFO - 0 downstream tasks scheduled from follow-on schedule check
