[2024-01-04T01:27:36.612+0100] {taskinstance.py:1159} INFO - Dependencies all met for dep_context=non-requeueable deps ti=<TaskInstance: dag_hook_v01.task1 manual__2024-01-04T00:20:27.518578+00:00 [queued]>
[2024-01-04T01:27:37.017+0100] {taskinstance.py:1159} INFO - Dependencies all met for dep_context=requeueable deps ti=<TaskInstance: dag_hook_v01.task1 manual__2024-01-04T00:20:27.518578+00:00 [queued]>
[2024-01-04T01:27:37.018+0100] {taskinstance.py:1361} INFO - Starting attempt 1 of 6
[2024-01-04T01:27:37.496+0100] {taskinstance.py:1382} INFO - Executing <Task(PythonOperator): task1> on 2024-01-04 00:20:27.518578+00:00
[2024-01-04T01:27:37.502+0100] {standard_task_runner.py:57} INFO - Started process 1760 to run task
[2024-01-04T01:27:37.517+0100] {standard_task_runner.py:84} INFO - Running: ['airflow', 'tasks', 'run', 'dag_hook_v01', 'task1', 'manual__2024-01-04T00:20:27.518578+00:00', '--job-id', '15274', '--raw', '--subdir', '/Users/user/Desktop/Learning/AIRFLOW-TUTORIAL/methode-1/dags/dag_hook.py', '--cfg-path', '/var/folders/gn/cr4yj18d1tv34pkws9v_kq1r0000gn/T/tmpyl0gms7l']
[2024-01-04T01:27:37.523+0100] {standard_task_runner.py:85} INFO - Job 15274: Subtask task1
[2024-01-04T01:27:37.775+0100] {task_command.py:416} INFO - Running <TaskInstance: dag_hook_v01.task1 manual__2024-01-04T00:20:27.518578+00:00 [running]> on host macbook-pro-de-user.local
[2024-01-04T01:27:41.602+0100] {taskinstance.py:1662} INFO - Exporting env vars: AIRFLOW_CTX_DAG_OWNER='aida' AIRFLOW_CTX_DAG_ID='dag_hook_v01' AIRFLOW_CTX_TASK_ID='task1' AIRFLOW_CTX_EXECUTION_DATE='2024-01-04T00:20:27.518578+00:00' AIRFLOW_CTX_TRY_NUMBER='1' AIRFLOW_CTX_DAG_RUN_ID='manual__2024-01-04T00:20:27.518578+00:00'
[2024-01-04T01:27:41.617+0100] {base.py:73} INFO - Using connection ID 'postgres_localhost' for task execution.
[2024-01-04T01:27:41.985+0100] {taskinstance.py:1937} ERROR - Task failed with exception
Traceback (most recent call last):
  File "/Users/user/Desktop/Learning/AIRFLOW-TUTORIAL/py_env/lib/python3.11/site-packages/airflow/operators/python.py", line 192, in execute
    return_value = self.execute_callable()
                   ^^^^^^^^^^^^^^^^^^^^^^^
  File "/Users/user/Desktop/Learning/AIRFLOW-TUTORIAL/py_env/lib/python3.11/site-packages/airflow/operators/python.py", line 209, in execute_callable
    return self.python_callable(*self.op_args, **self.op_kwargs)
           ^^^^^^^^^^^^^^^^^^^^^^^^^^^^^^^^^^^^^^^^^^^^^^^^^^^^^
  File "/Users/user/Desktop/Learning/AIRFLOW-TUTORIAL/methode-1/dags/dag_hook.py", line 26, in postgres_to_s3
    logging.log("Saved data into text file get_orders.txt")
TypeError: log() missing 1 required positional argument: 'msg'
[2024-01-04T01:27:41.997+0100] {taskinstance.py:1400} INFO - Marking task as UP_FOR_RETRY. dag_id=dag_hook_v01, task_id=task1, execution_date=20240104T002027, start_date=20240104T002736, end_date=20240104T002741
[2024-01-04T01:27:42.046+0100] {standard_task_runner.py:104} ERROR - Failed to execute job 15274 for task task1 (log() missing 1 required positional argument: 'msg'; 1760)
[2024-01-04T01:27:42.098+0100] {local_task_job_runner.py:228} INFO - Task exited with return code 1
[2024-01-04T01:27:42.122+0100] {taskinstance.py:2778} INFO - 0 downstream tasks scheduled from follow-on schedule check
