[2024-01-04T01:36:57.307+0100] {taskinstance.py:1159} INFO - Dependencies all met for dep_context=non-requeueable deps ti=<TaskInstance: dag_with_postgres_operator_v04.delete_into_table scheduled__2023-07-29T00:00:00+00:00 [queued]>
[2024-01-04T01:36:57.362+0100] {taskinstance.py:1159} INFO - Dependencies all met for dep_context=requeueable deps ti=<TaskInstance: dag_with_postgres_operator_v04.delete_into_table scheduled__2023-07-29T00:00:00+00:00 [queued]>
[2024-01-04T01:36:57.369+0100] {taskinstance.py:1361} INFO - Starting attempt 1 of 6
[2024-01-04T01:36:57.478+0100] {taskinstance.py:1382} INFO - Executing <Task(PostgresOperator): delete_into_table> on 2023-07-29 00:00:00+00:00
[2024-01-04T01:36:57.484+0100] {standard_task_runner.py:57} INFO - Started process 2217 to run task
[2024-01-04T01:36:57.494+0100] {standard_task_runner.py:84} INFO - Running: ['airflow', 'tasks', 'run', 'dag_with_postgres_operator_v04', 'delete_into_table', 'scheduled__2023-07-29T00:00:00+00:00', '--job-id', '15291', '--raw', '--subdir', '/Users/user/Desktop/Learning/AIRFLOW-TUTORIAL/methode-1/dags/dag_with_postgres.py', '--cfg-path', '/var/folders/gn/cr4yj18d1tv34pkws9v_kq1r0000gn/T/tmp07pq72ba']
[2024-01-04T01:36:57.500+0100] {standard_task_runner.py:85} INFO - Job 15291: Subtask delete_into_table
[2024-01-04T01:36:57.958+0100] {task_command.py:416} INFO - Running <TaskInstance: dag_with_postgres_operator_v04.delete_into_table scheduled__2023-07-29T00:00:00+00:00 [running]> on host macbook-pro-de-user.local
[2024-01-04T01:37:02.450+0100] {taskinstance.py:1662} INFO - Exporting env vars: AIRFLOW_CTX_DAG_OWNER='aida' AIRFLOW_CTX_DAG_ID='dag_with_postgres_operator_v04' AIRFLOW_CTX_TASK_ID='delete_into_table' AIRFLOW_CTX_EXECUTION_DATE='2023-07-29T00:00:00+00:00' AIRFLOW_CTX_TRY_NUMBER='1' AIRFLOW_CTX_DAG_RUN_ID='scheduled__2023-07-29T00:00:00+00:00'
[2024-01-04T01:37:02.451+0100] {sql.py:274} INFO - Executing: 
            delete from dag_runs where dt='2023-07-29' and dag_id='dag_with_postgres_operator_v04'
        
[2024-01-04T01:37:02.460+0100] {base.py:73} INFO - Using connection ID 'postgres_localhost' for task execution.
[2024-01-04T01:37:03.856+0100] {base.py:73} INFO - Using connection ID 'postgres_localhost' for task execution.
[2024-01-04T01:37:04.061+0100] {sql.py:418} INFO - Running statement: 
            delete from dag_runs where dt='2023-07-29' and dag_id='dag_with_postgres_operator_v04'
        , parameters: None
[2024-01-04T01:37:04.166+0100] {sql.py:427} INFO - Rows affected: 0
[2024-01-04T01:37:04.210+0100] {taskinstance.py:1400} INFO - Marking task as SUCCESS. dag_id=dag_with_postgres_operator_v04, task_id=delete_into_table, execution_date=20230729T000000, start_date=20240104T003657, end_date=20240104T003704
[2024-01-04T01:37:04.350+0100] {local_task_job_runner.py:228} INFO - Task exited with return code 0
[2024-01-04T01:37:04.383+0100] {taskinstance.py:2778} INFO - 1 downstream tasks scheduled from follow-on schedule check
