[2024-01-02T19:52:25.540+0100] {taskinstance.py:1159} INFO - Dependencies all met for dep_context=non-requeueable deps ti=<TaskInstance: dag_with_postgres_operator_v01.create_postgres_table manual__2024-01-02T18:41:36.702788+00:00 [queued]>
[2024-01-02T19:52:25.546+0100] {taskinstance.py:1159} INFO - Dependencies all met for dep_context=requeueable deps ti=<TaskInstance: dag_with_postgres_operator_v01.create_postgres_table manual__2024-01-02T18:41:36.702788+00:00 [queued]>
[2024-01-02T19:52:25.547+0100] {taskinstance.py:1361} INFO - Starting attempt 6 of 6
[2024-01-02T19:52:25.559+0100] {taskinstance.py:1382} INFO - Executing <Task(PostgresOperator): create_postgres_table> on 2024-01-02 18:41:36.702788+00:00
[2024-01-02T19:52:25.561+0100] {standard_task_runner.py:57} INFO - Started process 38885 to run task
[2024-01-02T19:52:25.568+0100] {standard_task_runner.py:84} INFO - Running: ['airflow', 'tasks', 'run', 'dag_with_postgres_operator_v01', 'create_postgres_table', 'manual__2024-01-02T18:41:36.702788+00:00', '--job-id', '13878', '--raw', '--subdir', '/Users/user/Desktop/Learning/AIRFLOW-TUTORIAL/methode-1/dags/dag_with_postgres.py', '--cfg-path', '/var/folders/gn/cr4yj18d1tv34pkws9v_kq1r0000gn/T/tmpjohmsdwh']
[2024-01-02T19:52:25.571+0100] {standard_task_runner.py:85} INFO - Job 13878: Subtask create_postgres_table
[2024-01-02T19:52:25.617+0100] {task_command.py:416} INFO - Running <TaskInstance: dag_with_postgres_operator_v01.create_postgres_table manual__2024-01-02T18:41:36.702788+00:00 [running]> on host macbook-pro-de-user.local
[2024-01-02T19:52:26.161+0100] {taskinstance.py:1662} INFO - Exporting env vars: AIRFLOW_CTX_DAG_OWNER='aida' AIRFLOW_CTX_DAG_ID='dag_with_postgres_operator_v01' AIRFLOW_CTX_TASK_ID='create_postgres_table' AIRFLOW_CTX_EXECUTION_DATE='2024-01-02T18:41:36.702788+00:00' AIRFLOW_CTX_TRY_NUMBER='6' AIRFLOW_CTX_DAG_RUN_ID='manual__2024-01-02T18:41:36.702788+00:00'
[2024-01-02T19:52:26.162+0100] {sql.py:274} INFO - Executing: 
            create table if not exists dag_runs(
            dt date,
            dag_id character varying,
            primary key(dt, dag_id)
            )
        
[2024-01-02T19:52:26.168+0100] {base.py:73} INFO - Using connection ID 'postgres_localhost' for task execution.
[2024-01-02T19:52:26.343+0100] {base.py:73} INFO - Using connection ID 'postgres_localhost' for task execution.
[2024-01-02T19:52:26.375+0100] {sql.py:418} INFO - Running statement: 
            create table if not exists dag_runs(
            dt date,
            dag_id character varying,
            primary key(dt, dag_id)
            )
        , parameters: None
[2024-01-02T19:52:26.377+0100] {taskinstance.py:1937} ERROR - Task failed with exception
Traceback (most recent call last):
  File "/Users/user/Desktop/Learning/AIRFLOW-TUTORIAL/py_env/lib/python3.11/site-packages/airflow/providers/common/sql/operators/sql.py", line 280, in execute
    output = hook.run(
             ^^^^^^^^^
  File "/Users/user/Desktop/Learning/AIRFLOW-TUTORIAL/py_env/lib/python3.11/site-packages/airflow/providers/common/sql/hooks/sql.py", line 392, in run
    self._run_command(cur, sql_statement, parameters)
  File "/Users/user/Desktop/Learning/AIRFLOW-TUTORIAL/py_env/lib/python3.11/site-packages/airflow/providers/common/sql/hooks/sql.py", line 423, in _run_command
    cur.execute(sql_statement)
psycopg2.errors.InsufficientPrivilege: permission denied for schema public
LINE 2:             create table if not exists dag_runs(
                                               ^

[2024-01-02T19:52:26.383+0100] {taskinstance.py:1400} INFO - Marking task as FAILED. dag_id=dag_with_postgres_operator_v01, task_id=create_postgres_table, execution_date=20240102T184136, start_date=20240102T185225, end_date=20240102T185226
[2024-01-02T19:52:26.392+0100] {standard_task_runner.py:104} ERROR - Failed to execute job 13878 for task create_postgres_table (permission denied for schema public
LINE 2:             create table if not exists dag_runs(
                                               ^
; 38885)
[2024-01-02T19:52:26.430+0100] {local_task_job_runner.py:228} INFO - Task exited with return code 1
[2024-01-02T19:52:26.446+0100] {taskinstance.py:2778} INFO - 0 downstream tasks scheduled from follow-on schedule check
