[2024-01-04T01:22:15.953+0100] {taskinstance.py:1159} INFO - Dependencies all met for dep_context=non-requeueable deps ti=<TaskInstance: dag_hook_v01.task1 scheduled__2022-10-03T00:00:00+00:00 [queued]>
[2024-01-04T01:22:16.033+0100] {taskinstance.py:1159} INFO - Dependencies all met for dep_context=requeueable deps ti=<TaskInstance: dag_hook_v01.task1 scheduled__2022-10-03T00:00:00+00:00 [queued]>
[2024-01-04T01:22:16.033+0100] {taskinstance.py:1361} INFO - Starting attempt 1 of 6
[2024-01-04T01:22:16.203+0100] {taskinstance.py:1382} INFO - Executing <Task(PythonOperator): task1> on 2022-10-03 00:00:00+00:00
[2024-01-04T01:22:16.224+0100] {standard_task_runner.py:84} INFO - Running: ['airflow', 'tasks', 'run', 'dag_hook_v01', 'task1', 'scheduled__2022-10-03T00:00:00+00:00', '--job-id', '15261', '--raw', '--subdir', '/Users/user/Desktop/Learning/AIRFLOW-TUTORIAL/methode-1/dags/dag_hook.py', '--cfg-path', '/var/folders/gn/cr4yj18d1tv34pkws9v_kq1r0000gn/T/tmpu9ga_w0v']
[2024-01-04T01:22:16.228+0100] {standard_task_runner.py:85} INFO - Job 15261: Subtask task1
[2024-01-04T01:22:16.231+0100] {standard_task_runner.py:57} INFO - Started process 1433 to run task
[2024-01-04T01:22:16.431+0100] {task_command.py:416} INFO - Running <TaskInstance: dag_hook_v01.task1 scheduled__2022-10-03T00:00:00+00:00 [running]> on host macbook-pro-de-user.local
[2024-01-04T01:22:20.333+0100] {taskinstance.py:1662} INFO - Exporting env vars: AIRFLOW_CTX_DAG_OWNER='aida' AIRFLOW_CTX_DAG_ID='dag_hook_v01' AIRFLOW_CTX_TASK_ID='task1' AIRFLOW_CTX_EXECUTION_DATE='2022-10-03T00:00:00+00:00' AIRFLOW_CTX_TRY_NUMBER='1' AIRFLOW_CTX_DAG_RUN_ID='scheduled__2022-10-03T00:00:00+00:00'
[2024-01-04T01:22:20.362+0100] {base.py:73} INFO - Using connection ID 'postgres_localhost' for task execution.
[2024-01-04T01:22:21.806+0100] {taskinstance.py:1937} ERROR - Task failed with exception
Traceback (most recent call last):
  File "/Users/user/Desktop/Learning/AIRFLOW-TUTORIAL/py_env/lib/python3.11/site-packages/airflow/operators/python.py", line 192, in execute
    return_value = self.execute_callable()
                   ^^^^^^^^^^^^^^^^^^^^^^^
  File "/Users/user/Desktop/Learning/AIRFLOW-TUTORIAL/py_env/lib/python3.11/site-packages/airflow/operators/python.py", line 209, in execute_callable
    return self.python_callable(*self.op_args, **self.op_kwargs)
           ^^^^^^^^^^^^^^^^^^^^^^^^^^^^^^^^^^^^^^^^^^^^^^^^^^^^^
  File "/Users/user/Desktop/Learning/AIRFLOW-TUTORIAL/methode-1/dags/dag_hook.py", line 19, in postgres_to_s3
    cursor.execute("select * from orders where date<=20220501")
psycopg2.errors.UndefinedFunction: operator does not exist: date <= integer
LINE 1: select * from orders where date<=20220501
                                       ^
HINT:  No operator matches the given name and argument types. You might need to add explicit type casts.

[2024-01-04T01:22:21.817+0100] {taskinstance.py:1400} INFO - Marking task as UP_FOR_RETRY. dag_id=dag_hook_v01, task_id=task1, execution_date=20221003T000000, start_date=20240104T002215, end_date=20240104T002221
[2024-01-04T01:22:21.832+0100] {standard_task_runner.py:104} ERROR - Failed to execute job 15261 for task task1 (operator does not exist: date <= integer
LINE 1: select * from orders where date<=20220501
                                       ^
HINT:  No operator matches the given name and argument types. You might need to add explicit type casts.
; 1433)
[2024-01-04T01:22:21.860+0100] {local_task_job_runner.py:228} INFO - Task exited with return code 1
[2024-01-04T01:22:21.882+0100] {taskinstance.py:2778} INFO - 0 downstream tasks scheduled from follow-on schedule check
