[2024-01-02T20:44:52.239+0100] {taskinstance.py:1159} INFO - Dependencies all met for dep_context=non-requeueable deps ti=<TaskInstance: dag_with_postgres_operator_v04.create_postgres_table scheduled__2022-11-12T00:00:00+00:00 [queued]>
[2024-01-02T20:44:52.249+0100] {taskinstance.py:1159} INFO - Dependencies all met for dep_context=requeueable deps ti=<TaskInstance: dag_with_postgres_operator_v04.create_postgres_table scheduled__2022-11-12T00:00:00+00:00 [queued]>
[2024-01-02T20:44:52.249+0100] {taskinstance.py:1361} INFO - Starting attempt 1 of 6
[2024-01-02T20:44:52.263+0100] {taskinstance.py:1382} INFO - Executing <Task(PostgresOperator): create_postgres_table> on 2022-11-12 00:00:00+00:00
[2024-01-02T20:44:52.265+0100] {standard_task_runner.py:57} INFO - Started process 68060 to run task
[2024-01-02T20:44:52.271+0100] {standard_task_runner.py:84} INFO - Running: ['airflow', 'tasks', 'run', 'dag_with_postgres_operator_v04', 'create_postgres_table', 'scheduled__2022-11-12T00:00:00+00:00', '--job-id', '14418', '--raw', '--subdir', '/Users/user/Desktop/Learning/AIRFLOW-TUTORIAL/methode-1/dags/dag_with_postgres.py', '--cfg-path', '/var/folders/gn/cr4yj18d1tv34pkws9v_kq1r0000gn/T/tmpcans038p']
[2024-01-02T20:44:52.275+0100] {standard_task_runner.py:85} INFO - Job 14418: Subtask create_postgres_table
[2024-01-02T20:44:52.320+0100] {task_command.py:416} INFO - Running <TaskInstance: dag_with_postgres_operator_v04.create_postgres_table scheduled__2022-11-12T00:00:00+00:00 [running]> on host macbook-pro-de-user.local
[2024-01-02T20:44:52.833+0100] {taskinstance.py:1662} INFO - Exporting env vars: AIRFLOW_CTX_DAG_OWNER='aida' AIRFLOW_CTX_DAG_ID='dag_with_postgres_operator_v04' AIRFLOW_CTX_TASK_ID='create_postgres_table' AIRFLOW_CTX_EXECUTION_DATE='2022-11-12T00:00:00+00:00' AIRFLOW_CTX_TRY_NUMBER='1' AIRFLOW_CTX_DAG_RUN_ID='scheduled__2022-11-12T00:00:00+00:00'
[2024-01-02T20:44:52.834+0100] {sql.py:274} INFO - Executing: 
            create table if not exists dag_runs(
            dt date,
            dag_id character varying,
            primary key (dt, dag_id)
            )
        
[2024-01-02T20:44:52.839+0100] {base.py:73} INFO - Using connection ID 'postgres_localhost' for task execution.
[2024-01-02T20:44:52.991+0100] {base.py:73} INFO - Using connection ID 'postgres_localhost' for task execution.
[2024-01-02T20:44:53.018+0100] {sql.py:418} INFO - Running statement: 
            create table if not exists dag_runs(
            dt date,
            dag_id character varying,
            primary key (dt, dag_id)
            )
        , parameters: None
[2024-01-02T20:44:53.025+0100] {taskinstance.py:1400} INFO - Marking task as SUCCESS. dag_id=dag_with_postgres_operator_v04, task_id=create_postgres_table, execution_date=20221112T000000, start_date=20240102T194452, end_date=20240102T194453
[2024-01-02T20:44:53.086+0100] {local_task_job_runner.py:228} INFO - Task exited with return code 0
[2024-01-02T20:44:53.109+0100] {taskinstance.py:2778} INFO - 1 downstream tasks scheduled from follow-on schedule check
