[2024-01-02T20:19:05.558+0100] {taskinstance.py:1159} INFO - Dependencies all met for dep_context=non-requeueable deps ti=<TaskInstance: dag_with_postgres_operator_v02.create_postgres_table scheduled__2022-10-05T00:00:00+00:00 [queued]>
[2024-01-02T20:19:05.568+0100] {taskinstance.py:1159} INFO - Dependencies all met for dep_context=requeueable deps ti=<TaskInstance: dag_with_postgres_operator_v02.create_postgres_table scheduled__2022-10-05T00:00:00+00:00 [queued]>
[2024-01-02T20:19:05.569+0100] {taskinstance.py:1361} INFO - Starting attempt 1 of 6
[2024-01-02T20:19:05.581+0100] {taskinstance.py:1382} INFO - Executing <Task(PostgresOperator): create_postgres_table> on 2022-10-05 00:00:00+00:00
[2024-01-02T20:19:05.584+0100] {standard_task_runner.py:57} INFO - Started process 53781 to run task
[2024-01-02T20:19:05.590+0100] {standard_task_runner.py:84} INFO - Running: ['airflow', 'tasks', 'run', 'dag_with_postgres_operator_v02', 'create_postgres_table', 'scheduled__2022-10-05T00:00:00+00:00', '--job-id', '14087', '--raw', '--subdir', '/Users/user/Desktop/Learning/AIRFLOW-TUTORIAL/methode-1/dags/dag_with_postgres.py', '--cfg-path', '/var/folders/gn/cr4yj18d1tv34pkws9v_kq1r0000gn/T/tmpqqb4o738']
[2024-01-02T20:19:05.594+0100] {standard_task_runner.py:85} INFO - Job 14087: Subtask create_postgres_table
[2024-01-02T20:19:05.656+0100] {task_command.py:416} INFO - Running <TaskInstance: dag_with_postgres_operator_v02.create_postgres_table scheduled__2022-10-05T00:00:00+00:00 [running]> on host macbook-pro-de-user.local
[2024-01-02T20:19:06.316+0100] {taskinstance.py:1662} INFO - Exporting env vars: AIRFLOW_CTX_DAG_OWNER='aida' AIRFLOW_CTX_DAG_ID='dag_with_postgres_operator_v02' AIRFLOW_CTX_TASK_ID='create_postgres_table' AIRFLOW_CTX_EXECUTION_DATE='2022-10-05T00:00:00+00:00' AIRFLOW_CTX_TRY_NUMBER='1' AIRFLOW_CTX_DAG_RUN_ID='scheduled__2022-10-05T00:00:00+00:00'
[2024-01-02T20:19:06.317+0100] {sql.py:274} INFO - Executing: 
            create table if not exists dag_runs(
            dt date,
            dag_id character varying,
            primary key (dt, dag_id)
            )
        
[2024-01-02T20:19:06.323+0100] {base.py:73} INFO - Using connection ID '***_localhost' for task execution.
[2024-01-02T20:19:06.554+0100] {base.py:73} INFO - Using connection ID '***_localhost' for task execution.
[2024-01-02T20:19:06.580+0100] {taskinstance.py:1937} ERROR - Task failed with exception
Traceback (most recent call last):
  File "/Users/user/Desktop/Learning/AIRFLOW-TUTORIAL/py_env/lib/python3.11/site-packages/airflow/providers/common/sql/operators/sql.py", line 280, in execute
    output = hook.run(
             ^^^^^^^^^
  File "/Users/user/Desktop/Learning/AIRFLOW-TUTORIAL/py_env/lib/python3.11/site-packages/airflow/providers/common/sql/hooks/sql.py", line 385, in run
    with closing(self.get_conn()) as conn:
                 ^^^^^^^^^^^^^^^
  File "/Users/user/Desktop/Learning/AIRFLOW-TUTORIAL/py_env/lib/python3.11/site-packages/airflow/providers/postgres/hooks/postgres.py", line 158, in get_conn
    self.conn = psycopg2.connect(**conn_args)
                ^^^^^^^^^^^^^^^^^^^^^^^^^^^^^
  File "/Users/user/Desktop/Learning/AIRFLOW-TUTORIAL/py_env/lib/python3.11/site-packages/psycopg2/__init__.py", line 122, in connect
    conn = _connect(dsn, connection_factory=connection_factory, **kwasync)
           ^^^^^^^^^^^^^^^^^^^^^^^^^^^^^^^^^^^^^^^^^^^^^^^^^^^^^^^^^^^^^^^
psycopg2.OperationalError: connection to server at "localhost" (::1), port 5432 failed: FATAL:  password authentication failed for user "***"

[2024-01-02T20:19:06.587+0100] {taskinstance.py:1400} INFO - Marking task as UP_FOR_RETRY. dag_id=dag_with_***_operator_v02, task_id=create_***_table, execution_date=20221005T000000, start_date=20240102T191905, end_date=20240102T191906
[2024-01-02T20:19:06.596+0100] {standard_task_runner.py:104} ERROR - Failed to execute job 14087 for task create_***_table (connection to server at "localhost" (::1), port 5432 failed: FATAL:  password authentication failed for user "***"
; 53781)
[2024-01-02T20:19:06.649+0100] {local_task_job_runner.py:228} INFO - Task exited with return code 1
[2024-01-02T20:19:06.666+0100] {taskinstance.py:2778} INFO - 0 downstream tasks scheduled from follow-on schedule check
