[2024-01-02T20:30:10.443+0100] {taskinstance.py:1159} INFO - Dependencies all met for dep_context=non-requeueable deps ti=<TaskInstance: dag_with_postgres_operator_v03.create_postgres_table scheduled__2022-10-05T00:00:00+00:00 [queued]>
[2024-01-02T20:30:10.457+0100] {taskinstance.py:1159} INFO - Dependencies all met for dep_context=requeueable deps ti=<TaskInstance: dag_with_postgres_operator_v03.create_postgres_table scheduled__2022-10-05T00:00:00+00:00 [queued]>
[2024-01-02T20:30:10.457+0100] {taskinstance.py:1361} INFO - Starting attempt 1 of 6
[2024-01-02T20:30:10.474+0100] {taskinstance.py:1382} INFO - Executing <Task(PostgresOperator): create_postgres_table> on 2022-10-05 00:00:00+00:00
[2024-01-02T20:30:10.477+0100] {standard_task_runner.py:57} INFO - Started process 59881 to run task
[2024-01-02T20:30:10.484+0100] {standard_task_runner.py:84} INFO - Running: ['airflow', 'tasks', 'run', 'dag_with_postgres_operator_v03', 'create_postgres_table', 'scheduled__2022-10-05T00:00:00+00:00', '--job-id', '14219', '--raw', '--subdir', '/Users/user/Desktop/Learning/AIRFLOW-TUTORIAL/methode-1/dags/dag_with_postgres.py', '--cfg-path', '/var/folders/gn/cr4yj18d1tv34pkws9v_kq1r0000gn/T/tmpsm44t7bw']
[2024-01-02T20:30:10.488+0100] {standard_task_runner.py:85} INFO - Job 14219: Subtask create_postgres_table
[2024-01-02T20:30:10.547+0100] {task_command.py:416} INFO - Running <TaskInstance: dag_with_postgres_operator_v03.create_postgres_table scheduled__2022-10-05T00:00:00+00:00 [running]> on host macbook-pro-de-user.local
[2024-01-02T20:30:11.215+0100] {taskinstance.py:1662} INFO - Exporting env vars: AIRFLOW_CTX_DAG_OWNER='aida' AIRFLOW_CTX_DAG_ID='dag_with_postgres_operator_v03' AIRFLOW_CTX_TASK_ID='create_postgres_table' AIRFLOW_CTX_EXECUTION_DATE='2022-10-05T00:00:00+00:00' AIRFLOW_CTX_TRY_NUMBER='1' AIRFLOW_CTX_DAG_RUN_ID='scheduled__2022-10-05T00:00:00+00:00'
[2024-01-02T20:30:11.217+0100] {sql.py:274} INFO - Executing: 
            create table if not exists dag_runs(
            dt date,
            dag_id character varying,
            primary key (dt, dag_id)
            )
        
[2024-01-02T20:30:11.223+0100] {base.py:73} INFO - Using connection ID 'postgres_localhost' for task execution.
[2024-01-02T20:30:11.414+0100] {base.py:73} INFO - Using connection ID 'postgres_localhost' for task execution.
[2024-01-02T20:30:11.442+0100] {sql.py:418} INFO - Running statement: 
            create table if not exists dag_runs(
            dt date,
            dag_id character varying,
            primary key (dt, dag_id)
            )
        , parameters: None
[2024-01-02T20:30:11.448+0100] {taskinstance.py:1400} INFO - Marking task as SUCCESS. dag_id=dag_with_postgres_operator_v03, task_id=create_postgres_table, execution_date=20221005T000000, start_date=20240102T193010, end_date=20240102T193011
[2024-01-02T20:30:11.507+0100] {local_task_job_runner.py:228} INFO - Task exited with return code 0
[2024-01-02T20:30:11.529+0100] {taskinstance.py:2778} INFO - 0 downstream tasks scheduled from follow-on schedule check
