[2024-01-02T20:25:43.343+0100] {taskinstance.py:1159} INFO - Dependencies all met for dep_context=non-requeueable deps ti=<TaskInstance: dag_with_postgres_operator_v02.create_postgres_table scheduled__2022-12-25T00:00:00+00:00 [queued]>
[2024-01-02T20:25:43.353+0100] {taskinstance.py:1159} INFO - Dependencies all met for dep_context=requeueable deps ti=<TaskInstance: dag_with_postgres_operator_v02.create_postgres_table scheduled__2022-12-25T00:00:00+00:00 [queued]>
[2024-01-02T20:25:43.353+0100] {taskinstance.py:1361} INFO - Starting attempt 1 of 6
[2024-01-02T20:25:43.366+0100] {taskinstance.py:1382} INFO - Executing <Task(PostgresOperator): create_postgres_table> on 2022-12-25 00:00:00+00:00
[2024-01-02T20:25:43.369+0100] {standard_task_runner.py:57} INFO - Started process 57775 to run task
[2024-01-02T20:25:43.380+0100] {standard_task_runner.py:84} INFO - Running: ['airflow', 'tasks', 'run', 'dag_with_postgres_operator_v02', 'create_postgres_table', 'scheduled__2022-12-25T00:00:00+00:00', '--job-id', '14177', '--raw', '--subdir', '/Users/user/Desktop/Learning/AIRFLOW-TUTORIAL/methode-1/dags/dag_with_postgres.py', '--cfg-path', '/var/folders/gn/cr4yj18d1tv34pkws9v_kq1r0000gn/T/tmpcqqbva3o']
[2024-01-02T20:25:43.383+0100] {standard_task_runner.py:85} INFO - Job 14177: Subtask create_postgres_table
[2024-01-02T20:25:43.443+0100] {task_command.py:416} INFO - Running <TaskInstance: dag_with_postgres_operator_v02.create_postgres_table scheduled__2022-12-25T00:00:00+00:00 [running]> on host macbook-pro-de-user.local
[2024-01-02T20:25:44.089+0100] {taskinstance.py:1662} INFO - Exporting env vars: AIRFLOW_CTX_DAG_OWNER='aida' AIRFLOW_CTX_DAG_ID='dag_with_postgres_operator_v02' AIRFLOW_CTX_TASK_ID='create_postgres_table' AIRFLOW_CTX_EXECUTION_DATE='2022-12-25T00:00:00+00:00' AIRFLOW_CTX_TRY_NUMBER='1' AIRFLOW_CTX_DAG_RUN_ID='scheduled__2022-12-25T00:00:00+00:00'
[2024-01-02T20:25:44.091+0100] {sql.py:274} INFO - Executing: 
            create table if not exists dag_runs(
            dt date,
            dag_id character varying,
            primary key (dt, dag_id)
            )
        
[2024-01-02T20:25:44.123+0100] {base.py:73} INFO - Using connection ID 'postgres_localhost' for task execution.
[2024-01-02T20:25:44.519+0100] {base.py:73} INFO - Using connection ID 'postgres_localhost' for task execution.
[2024-01-02T20:25:44.678+0100] {sql.py:418} INFO - Running statement: 
            create table if not exists dag_runs(
            dt date,
            dag_id character varying,
            primary key (dt, dag_id)
            )
        , parameters: None
[2024-01-02T20:25:44.689+0100] {taskinstance.py:1400} INFO - Marking task as SUCCESS. dag_id=dag_with_postgres_operator_v02, task_id=create_postgres_table, execution_date=20221225T000000, start_date=20240102T192543, end_date=20240102T192544
[2024-01-02T20:25:44.739+0100] {local_task_job_runner.py:228} INFO - Task exited with return code 0
[2024-01-02T20:25:44.762+0100] {taskinstance.py:2778} INFO - 0 downstream tasks scheduled from follow-on schedule check
