[2024-01-01T15:47:11.746+0100] {taskinstance.py:1159} INFO - Dependencies all met for dep_context=non-requeueable deps ti=<TaskInstance: our_first_dag_v4.third_task scheduled__2023-06-07T00:00:00+00:00 [queued]>
[2024-01-01T15:47:11.753+0100] {taskinstance.py:1159} INFO - Dependencies all met for dep_context=requeueable deps ti=<TaskInstance: our_first_dag_v4.third_task scheduled__2023-06-07T00:00:00+00:00 [queued]>
[2024-01-01T15:47:11.754+0100] {taskinstance.py:1361} INFO - Starting attempt 4 of 6
[2024-01-01T15:47:11.763+0100] {taskinstance.py:1382} INFO - Executing <Task(BashOperator): third_task> on 2023-06-07 00:00:00+00:00
[2024-01-01T15:47:11.765+0100] {standard_task_runner.py:57} INFO - Started process 25838 to run task
[2024-01-01T15:47:11.770+0100] {standard_task_runner.py:84} INFO - Running: ['airflow', 'tasks', 'run', 'our_first_dag_v4', 'third_task', 'scheduled__2023-06-07T00:00:00+00:00', '--job-id', '12149', '--raw', '--subdir', '/Users/user/Desktop/Learning/AIRFLOW-TUTORIAL/methode-1/dags/our_first_dag.py', '--cfg-path', '/var/folders/gn/cr4yj18d1tv34pkws9v_kq1r0000gn/T/tmpafuj4a4o']
[2024-01-01T15:47:11.772+0100] {standard_task_runner.py:85} INFO - Job 12149: Subtask third_task
[2024-01-01T15:47:11.816+0100] {task_command.py:416} INFO - Running <TaskInstance: our_first_dag_v4.third_task scheduled__2023-06-07T00:00:00+00:00 [running]> on host macbook-pro-de-user.local
[2024-01-01T15:47:12.216+0100] {taskinstance.py:1662} INFO - Exporting env vars: AIRFLOW_CTX_DAG_OWNER='aida' AIRFLOW_CTX_DAG_ID='our_first_dag_v4' AIRFLOW_CTX_TASK_ID='third_task' AIRFLOW_CTX_EXECUTION_DATE='2023-06-07T00:00:00+00:00' AIRFLOW_CTX_TRY_NUMBER='4' AIRFLOW_CTX_DAG_RUN_ID='scheduled__2023-06-07T00:00:00+00:00'
[2024-01-01T15:47:12.218+0100] {subprocess.py:63} INFO - Tmp dir root location: /var/folders/gn/cr4yj18d1tv34pkws9v_kq1r0000gn/T
[2024-01-01T15:47:12.218+0100] {subprocess.py:75} INFO - Running command: ['/bin/bash', '-c', 'I am task 3 and I will be running after the task 2!']
[2024-01-01T15:47:12.225+0100] {subprocess.py:86} INFO - Output:
[2024-01-01T15:47:12.227+0100] {subprocess.py:93} INFO - /bin/bash: I: command not found
[2024-01-01T15:47:12.228+0100] {subprocess.py:97} INFO - Command exited with return code 127
[2024-01-01T15:47:12.235+0100] {taskinstance.py:1937} ERROR - Task failed with exception
Traceback (most recent call last):
  File "/Users/user/Desktop/Learning/AIRFLOW-TUTORIAL/py_env/lib/python3.11/site-packages/airflow/operators/bash.py", line 210, in execute
    raise AirflowException(
airflow.exceptions.AirflowException: Bash command failed. The command returned a non-zero exit code 127.
[2024-01-01T15:47:12.238+0100] {taskinstance.py:1400} INFO - Marking task as UP_FOR_RETRY. dag_id=our_first_dag_v4, task_id=third_task, execution_date=20230607T000000, start_date=20240101T144711, end_date=20240101T144712
[2024-01-01T15:47:12.246+0100] {standard_task_runner.py:104} ERROR - Failed to execute job 12149 for task third_task (Bash command failed. The command returned a non-zero exit code 127.; 25838)
[2024-01-01T15:47:12.281+0100] {local_task_job_runner.py:228} INFO - Task exited with return code 1
[2024-01-01T15:47:12.295+0100] {taskinstance.py:2778} INFO - 0 downstream tasks scheduled from follow-on schedule check
