[2024-01-02T21:44:18.901+0100] {taskinstance.py:1159} INFO - Dependencies all met for dep_context=non-requeueable deps ti=<TaskInstance: dag_with_minio_aws_s3_v01.task1 scheduled__2022-10-04T00:00:00+00:00 [queued]>
[2024-01-02T21:44:18.907+0100] {taskinstance.py:1159} INFO - Dependencies all met for dep_context=requeueable deps ti=<TaskInstance: dag_with_minio_aws_s3_v01.task1 scheduled__2022-10-04T00:00:00+00:00 [queued]>
[2024-01-02T21:44:18.907+0100] {taskinstance.py:1361} INFO - Starting attempt 1 of 6
[2024-01-02T21:44:18.919+0100] {taskinstance.py:1382} INFO - Executing <Task(S3KeySensor): task1> on 2022-10-04 00:00:00+00:00
[2024-01-02T21:44:18.922+0100] {standard_task_runner.py:57} INFO - Started process 89070 to run task
[2024-01-02T21:44:18.929+0100] {standard_task_runner.py:84} INFO - Running: ['airflow', 'tasks', 'run', 'dag_with_minio_aws_s3_v01', 'task1', 'scheduled__2022-10-04T00:00:00+00:00', '--job-id', '15157', '--raw', '--subdir', '/Users/user/Desktop/Learning/AIRFLOW-TUTORIAL/methode-1/dags/dag_minio_s3.py', '--cfg-path', '/var/folders/gn/cr4yj18d1tv34pkws9v_kq1r0000gn/T/tmpkrhyifkh']
[2024-01-02T21:44:18.933+0100] {standard_task_runner.py:85} INFO - Job 15157: Subtask task1
[2024-01-02T21:44:18.988+0100] {task_command.py:416} INFO - Running <TaskInstance: dag_with_minio_aws_s3_v01.task1 scheduled__2022-10-04T00:00:00+00:00 [running]> on host macbook-pro-de-user.local
[2024-01-02T21:44:19.575+0100] {taskinstance.py:1662} INFO - Exporting env vars: AIRFLOW_CTX_DAG_OWNER='aida' AIRFLOW_CTX_DAG_ID='dag_with_minio_aws_s3_v01' AIRFLOW_CTX_TASK_ID='task1' AIRFLOW_CTX_EXECUTION_DATE='2022-10-04T00:00:00+00:00' AIRFLOW_CTX_TRY_NUMBER='1' AIRFLOW_CTX_DAG_RUN_ID='scheduled__2022-10-04T00:00:00+00:00'
[2024-01-02T21:44:19.587+0100] {s3.py:106} INFO - Poking for key : s3://airflow/data.csv
[2024-01-02T21:44:19.595+0100] {base.py:73} INFO - Using connection ID 'minio_conn' for task execution.
[2024-01-02T21:44:19.609+0100] {connection_wrapper.py:378} INFO - AWS Connection (conn_id='minio_conn', conn_type='aws') credentials retrieved from login and password.
[2024-01-02T21:44:19.615+0100] {logging_mixin.py:154} WARNING - <string>:9 AirflowProviderDeprecationWarning: extra['host'] is deprecated and will be removed in a future release. Please set extra['endpoint_url'] instead
[2024-01-02T21:47:30.636+0100] {process_utils.py:131} INFO - Sending 15 to group 89070. PIDs of all processes in the group: [89070]
[2024-01-02T21:47:30.653+0100] {process_utils.py:86} INFO - Sending the signal 15 to group 89070
[2024-01-02T21:47:36.940+0100] {taskinstance.py:1149} INFO - Dependencies not met for <TaskInstance: dag_with_minio_aws_s3_v01.task1 scheduled__2022-10-04T00:00:00+00:00 [running]>, dependency 'Task Instance Not Running' FAILED: Task is in the running state
[2024-01-02T21:47:36.947+0100] {taskinstance.py:1149} INFO - Dependencies not met for <TaskInstance: dag_with_minio_aws_s3_v01.task1 scheduled__2022-10-04T00:00:00+00:00 [running]>, dependency 'Task Instance State' FAILED: Task is in the 'running' state.
[2024-01-02T21:47:36.948+0100] {local_task_job_runner.py:154} INFO - Task is not able to be run
[2024-01-03T00:10:36.014+0100] {taskinstance.py:1159} INFO - Dependencies all met for dep_context=non-requeueable deps ti=<TaskInstance: dag_with_minio_aws_s3_v01.task1 scheduled__2022-10-04T00:00:00+00:00 [None]>
[2024-01-03T00:10:36.049+0100] {taskinstance.py:1159} INFO - Dependencies all met for dep_context=requeueable deps ti=<TaskInstance: dag_with_minio_aws_s3_v01.task1 scheduled__2022-10-04T00:00:00+00:00 [None]>
[2024-01-03T00:10:36.050+0100] {taskinstance.py:1361} INFO - Starting attempt 1 of 6
[2024-01-03T00:10:36.154+0100] {taskinstance.py:1382} INFO - Executing <Task(S3KeySensor): task1> on 2022-10-04 00:00:00+00:00
[2024-01-03T00:10:36.160+0100] {standard_task_runner.py:57} INFO - Started process 94199 to run task
[2024-01-03T00:10:36.170+0100] {standard_task_runner.py:84} INFO - Running: ['airflow', 'tasks', 'run', 'dag_with_minio_aws_s3_v01', 'task1', 'scheduled__2022-10-04T00:00:00+00:00', '--job-id', '15212', '--raw', '--subdir', '/Users/user/Desktop/Learning/AIRFLOW-TUTORIAL/methode-1/dags/dag_minio_s3.py', '--cfg-path', '/var/folders/gn/cr4yj18d1tv34pkws9v_kq1r0000gn/T/tmp0lue5stq']
[2024-01-03T00:10:36.174+0100] {standard_task_runner.py:85} INFO - Job 15212: Subtask task1
[2024-01-03T00:10:36.382+0100] {task_command.py:416} INFO - Running <TaskInstance: dag_with_minio_aws_s3_v01.task1 scheduled__2022-10-04T00:00:00+00:00 [running]> on host macbook-pro-de-user.local
[2024-01-03T00:10:39.617+0100] {taskinstance.py:1662} INFO - Exporting env vars: AIRFLOW_CTX_DAG_OWNER='aida' AIRFLOW_CTX_DAG_ID='dag_with_minio_aws_s3_v01' AIRFLOW_CTX_TASK_ID='task1' AIRFLOW_CTX_EXECUTION_DATE='2022-10-04T00:00:00+00:00' AIRFLOW_CTX_TRY_NUMBER='1' AIRFLOW_CTX_DAG_RUN_ID='scheduled__2022-10-04T00:00:00+00:00'
[2024-01-03T00:10:39.619+0100] {s3.py:106} INFO - Poking for key : s3://airflow/data.csv
[2024-01-03T00:10:39.636+0100] {base.py:73} INFO - Using connection ID 'minio_conn' for task execution.
[2024-01-03T00:10:39.638+0100] {connection_wrapper.py:378} INFO - AWS Connection (conn_id='minio_conn', conn_type='aws') credentials retrieved from login and password.
[2024-01-03T00:11:26.595+0100] {local_task_job_runner.py:294} WARNING - State of this instance has been externally set to None. Terminating instance.
[2024-01-03T00:11:26.659+0100] {process_utils.py:131} INFO - Sending 15 to group 94199. PIDs of all processes in the group: [94199]
[2024-01-03T00:11:26.660+0100] {process_utils.py:86} INFO - Sending the signal 15 to group 94199
[2024-01-03T00:12:26.693+0100] {process_utils.py:149} WARNING - process psutil.Process(pid=94199, name='Python', status='running', started='00:10:36') did not respond to SIGTERM. Trying SIGKILL
[2024-01-03T00:12:26.709+0100] {process_utils.py:86} INFO - Sending the signal 9 to group 94199
[2024-01-03T00:12:26.848+0100] {process_utils.py:79} INFO - Process psutil.Process(pid=94199, name='Python', status='terminated', exitcode=<Negsignal.SIGKILL: -9>, started='00:10:36') (94199) terminated with exit code -9
[2024-01-03T00:12:26.852+0100] {standard_task_runner.py:172} ERROR - Job 15212 was killed before it finished (likely due to running out of memory)
