[2024-01-02T20:39:30.871+0100] {taskinstance.py:1159} INFO - Dependencies all met for dep_context=non-requeueable deps ti=<TaskInstance: dag_with_postgres_operator_v04.delete_into_table scheduled__2022-10-13T00:00:00+00:00 [queued]>
[2024-01-02T20:39:30.879+0100] {taskinstance.py:1159} INFO - Dependencies all met for dep_context=requeueable deps ti=<TaskInstance: dag_with_postgres_operator_v04.delete_into_table scheduled__2022-10-13T00:00:00+00:00 [queued]>
[2024-01-02T20:39:30.880+0100] {taskinstance.py:1361} INFO - Starting attempt 1 of 6
[2024-01-02T20:39:30.893+0100] {taskinstance.py:1382} INFO - Executing <Task(PostgresOperator): delete_into_table> on 2022-10-13 00:00:00+00:00
[2024-01-02T20:39:30.896+0100] {standard_task_runner.py:57} INFO - Started process 64925 to run task
[2024-01-02T20:39:30.904+0100] {standard_task_runner.py:84} INFO - Running: ['airflow', 'tasks', 'run', 'dag_with_postgres_operator_v04', 'delete_into_table', 'scheduled__2022-10-13T00:00:00+00:00', '--job-id', '14331', '--raw', '--subdir', '/Users/user/Desktop/Learning/AIRFLOW-TUTORIAL/methode-1/dags/dag_with_postgres.py', '--cfg-path', '/var/folders/gn/cr4yj18d1tv34pkws9v_kq1r0000gn/T/tmpcybpzyy6']
[2024-01-02T20:39:30.909+0100] {standard_task_runner.py:85} INFO - Job 14331: Subtask delete_into_table
[2024-01-02T20:39:30.969+0100] {task_command.py:416} INFO - Running <TaskInstance: dag_with_postgres_operator_v04.delete_into_table scheduled__2022-10-13T00:00:00+00:00 [running]> on host macbook-pro-de-user.local
[2024-01-02T20:39:31.693+0100] {taskinstance.py:1662} INFO - Exporting env vars: AIRFLOW_CTX_DAG_OWNER='aida' AIRFLOW_CTX_DAG_ID='dag_with_postgres_operator_v04' AIRFLOW_CTX_TASK_ID='delete_into_table' AIRFLOW_CTX_EXECUTION_DATE='2022-10-13T00:00:00+00:00' AIRFLOW_CTX_TRY_NUMBER='1' AIRFLOW_CTX_DAG_RUN_ID='scheduled__2022-10-13T00:00:00+00:00'
[2024-01-02T20:39:31.694+0100] {sql.py:274} INFO - Executing: 
            delete from dag_runs where dt='2022-10-13' and dag_id='dag_with_postgres_operator_v04'
        
[2024-01-02T20:39:31.700+0100] {base.py:73} INFO - Using connection ID 'postgres_localhost' for task execution.
[2024-01-02T20:39:31.940+0100] {base.py:73} INFO - Using connection ID 'postgres_localhost' for task execution.
[2024-01-02T20:39:31.976+0100] {sql.py:418} INFO - Running statement: 
            delete from dag_runs where dt='2022-10-13' and dag_id='dag_with_postgres_operator_v04'
        , parameters: None
[2024-01-02T20:39:31.980+0100] {sql.py:427} INFO - Rows affected: 0
[2024-01-02T20:39:31.988+0100] {taskinstance.py:1400} INFO - Marking task as SUCCESS. dag_id=dag_with_postgres_operator_v04, task_id=delete_into_table, execution_date=20221013T000000, start_date=20240102T193930, end_date=20240102T193931
[2024-01-02T20:39:32.046+0100] {local_task_job_runner.py:228} INFO - Task exited with return code 0
[2024-01-02T20:39:32.078+0100] {taskinstance.py:2778} INFO - 1 downstream tasks scheduled from follow-on schedule check
