[2023-12-29T13:31:43.023+0100] {taskinstance.py:1159} INFO - Dependencies all met for dep_context=non-requeueable deps ti=<TaskInstance: our_first_dag_v4.third_task scheduled__2022-07-13T00:00:00+00:00 [queued]>
[2023-12-29T13:31:43.031+0100] {taskinstance.py:1159} INFO - Dependencies all met for dep_context=requeueable deps ti=<TaskInstance: our_first_dag_v4.third_task scheduled__2022-07-13T00:00:00+00:00 [queued]>
[2023-12-29T13:31:43.032+0100] {taskinstance.py:1361} INFO - Starting attempt 2 of 6
[2023-12-29T13:31:43.043+0100] {taskinstance.py:1382} INFO - Executing <Task(BashOperator): third_task> on 2022-07-13 00:00:00+00:00
[2023-12-29T13:31:43.046+0100] {standard_task_runner.py:57} INFO - Started process 44428 to run task
[2023-12-29T13:31:43.053+0100] {standard_task_runner.py:84} INFO - Running: ['airflow', 'tasks', 'run', 'our_first_dag_v4', 'third_task', 'scheduled__2022-07-13T00:00:00+00:00', '--job-id', '6704', '--raw', '--subdir', '/Users/user/Desktop/Learning/AIRFLOW-TUTORIAL/methode-1/dags/our_first_dag.py', '--cfg-path', '/var/folders/gn/cr4yj18d1tv34pkws9v_kq1r0000gn/T/tmpjyw6zgr_']
[2023-12-29T13:31:43.056+0100] {standard_task_runner.py:85} INFO - Job 6704: Subtask third_task
[2023-12-29T13:31:43.112+0100] {task_command.py:416} INFO - Running <TaskInstance: our_first_dag_v4.third_task scheduled__2022-07-13T00:00:00+00:00 [running]> on host macbook-pro-de-user.local
[2023-12-29T13:31:43.636+0100] {taskinstance.py:1662} INFO - Exporting env vars: AIRFLOW_CTX_DAG_OWNER='aida' AIRFLOW_CTX_DAG_ID='our_first_dag_v4' AIRFLOW_CTX_TASK_ID='third_task' AIRFLOW_CTX_EXECUTION_DATE='2022-07-13T00:00:00+00:00' AIRFLOW_CTX_TRY_NUMBER='2' AIRFLOW_CTX_DAG_RUN_ID='scheduled__2022-07-13T00:00:00+00:00'
[2023-12-29T13:31:43.637+0100] {subprocess.py:63} INFO - Tmp dir root location: /var/folders/gn/cr4yj18d1tv34pkws9v_kq1r0000gn/T
[2023-12-29T13:31:43.637+0100] {subprocess.py:75} INFO - Running command: ['/bin/bash', '-c', 'I am task 3 and I will be running after the task 2!']
[2023-12-29T13:31:43.646+0100] {subprocess.py:86} INFO - Output:
[2023-12-29T13:31:43.651+0100] {subprocess.py:93} INFO - /bin/bash: I: command not found
[2023-12-29T13:31:43.652+0100] {subprocess.py:97} INFO - Command exited with return code 127
[2023-12-29T13:31:43.661+0100] {taskinstance.py:1937} ERROR - Task failed with exception
Traceback (most recent call last):
  File "/Users/user/Desktop/Learning/AIRFLOW-TUTORIAL/py_env/lib/python3.11/site-packages/airflow/operators/bash.py", line 210, in execute
    raise AirflowException(
airflow.exceptions.AirflowException: Bash command failed. The command returned a non-zero exit code 127.
[2023-12-29T13:31:43.665+0100] {taskinstance.py:1400} INFO - Marking task as UP_FOR_RETRY. dag_id=our_first_dag_v4, task_id=third_task, execution_date=20220713T000000, start_date=20231229T123143, end_date=20231229T123143
[2023-12-29T13:31:43.676+0100] {standard_task_runner.py:104} ERROR - Failed to execute job 6704 for task third_task (Bash command failed. The command returned a non-zero exit code 127.; 44428)
[2023-12-29T13:31:43.694+0100] {local_task_job_runner.py:228} INFO - Task exited with return code 1
[2023-12-29T13:31:43.713+0100] {taskinstance.py:2778} INFO - 0 downstream tasks scheduled from follow-on schedule check
