[2023-12-29T19:16:39.071+0100] {taskinstance.py:1159} INFO - Dependencies all met for dep_context=non-requeueable deps ti=<TaskInstance: our_first_dag_v4.third_task scheduled__2023-01-19T00:00:00+00:00 [queued]>
[2023-12-29T19:16:39.083+0100] {taskinstance.py:1159} INFO - Dependencies all met for dep_context=requeueable deps ti=<TaskInstance: our_first_dag_v4.third_task scheduled__2023-01-19T00:00:00+00:00 [queued]>
[2023-12-29T19:16:39.083+0100] {taskinstance.py:1361} INFO - Starting attempt 6 of 6
[2023-12-29T19:16:39.098+0100] {taskinstance.py:1382} INFO - Executing <Task(BashOperator): third_task> on 2023-01-19 00:00:00+00:00
[2023-12-29T19:16:39.102+0100] {standard_task_runner.py:57} INFO - Started process 61223 to run task
[2023-12-29T19:16:39.111+0100] {standard_task_runner.py:84} INFO - Running: ['airflow', 'tasks', 'run', 'our_first_dag_v4', 'third_task', 'scheduled__2023-01-19T00:00:00+00:00', '--job-id', '10495', '--raw', '--subdir', '/Users/user/Desktop/Learning/AIRFLOW-TUTORIAL/methode-1/dags/our_first_dag.py', '--cfg-path', '/var/folders/gn/cr4yj18d1tv34pkws9v_kq1r0000gn/T/tmpey3_o8uc']
[2023-12-29T19:16:39.115+0100] {standard_task_runner.py:85} INFO - Job 10495: Subtask third_task
[2023-12-29T19:16:39.177+0100] {task_command.py:416} INFO - Running <TaskInstance: our_first_dag_v4.third_task scheduled__2023-01-19T00:00:00+00:00 [running]> on host macbook-pro-de-user.local
[2023-12-29T19:16:39.783+0100] {taskinstance.py:1662} INFO - Exporting env vars: AIRFLOW_CTX_DAG_OWNER='aida' AIRFLOW_CTX_DAG_ID='our_first_dag_v4' AIRFLOW_CTX_TASK_ID='third_task' AIRFLOW_CTX_EXECUTION_DATE='2023-01-19T00:00:00+00:00' AIRFLOW_CTX_TRY_NUMBER='6' AIRFLOW_CTX_DAG_RUN_ID='scheduled__2023-01-19T00:00:00+00:00'
[2023-12-29T19:16:39.784+0100] {subprocess.py:63} INFO - Tmp dir root location: /var/folders/gn/cr4yj18d1tv34pkws9v_kq1r0000gn/T
[2023-12-29T19:16:39.785+0100] {subprocess.py:75} INFO - Running command: ['/bin/bash', '-c', 'I am task 3 and I will be running after the task 2!']
[2023-12-29T19:16:39.793+0100] {subprocess.py:86} INFO - Output:
[2023-12-29T19:16:39.796+0100] {subprocess.py:93} INFO - /bin/bash: I: command not found
[2023-12-29T19:16:39.797+0100] {subprocess.py:97} INFO - Command exited with return code 127
[2023-12-29T19:16:39.807+0100] {taskinstance.py:1937} ERROR - Task failed with exception
Traceback (most recent call last):
  File "/Users/user/Desktop/Learning/AIRFLOW-TUTORIAL/py_env/lib/python3.11/site-packages/airflow/operators/bash.py", line 210, in execute
    raise AirflowException(
airflow.exceptions.AirflowException: Bash command failed. The command returned a non-zero exit code 127.
[2023-12-29T19:16:39.811+0100] {taskinstance.py:1400} INFO - Marking task as FAILED. dag_id=our_first_dag_v4, task_id=third_task, execution_date=20230119T000000, start_date=20231229T181639, end_date=20231229T181639
[2023-12-29T19:16:39.825+0100] {standard_task_runner.py:104} ERROR - Failed to execute job 10495 for task third_task (Bash command failed. The command returned a non-zero exit code 127.; 61223)
[2023-12-29T19:16:39.851+0100] {local_task_job_runner.py:228} INFO - Task exited with return code 1
[2023-12-29T19:16:39.866+0100] {taskinstance.py:2778} INFO - 0 downstream tasks scheduled from follow-on schedule check
