[2024-01-02T21:28:17.713+0100] {taskinstance.py:1159} INFO - Dependencies all met for dep_context=non-requeueable deps ti=<TaskInstance: dag_with_postgres_operator_v04.create_postgres_table scheduled__2023-05-20T00:00:00+00:00 [queued]>
[2024-01-02T21:28:17.735+0100] {taskinstance.py:1159} INFO - Dependencies all met for dep_context=requeueable deps ti=<TaskInstance: dag_with_postgres_operator_v04.create_postgres_table scheduled__2023-05-20T00:00:00+00:00 [queued]>
[2024-01-02T21:28:17.735+0100] {taskinstance.py:1361} INFO - Starting attempt 1 of 6
[2024-01-02T21:28:17.786+0100] {taskinstance.py:1382} INFO - Executing <Task(PostgresOperator): create_postgres_table> on 2023-05-20 00:00:00+00:00
[2024-01-02T21:28:17.790+0100] {standard_task_runner.py:57} INFO - Started process 87551 to run task
[2024-01-02T21:28:17.798+0100] {standard_task_runner.py:84} INFO - Running: ['airflow', 'tasks', 'run', 'dag_with_postgres_operator_v04', 'create_postgres_table', 'scheduled__2023-05-20T00:00:00+00:00', '--job-id', '14988', '--raw', '--subdir', '/Users/user/Desktop/Learning/AIRFLOW-TUTORIAL/methode-1/dags/dag_with_postgres.py', '--cfg-path', '/var/folders/gn/cr4yj18d1tv34pkws9v_kq1r0000gn/T/tmpm54iyfwz']
[2024-01-02T21:28:17.801+0100] {standard_task_runner.py:85} INFO - Job 14988: Subtask create_postgres_table
[2024-01-02T21:28:17.847+0100] {task_command.py:416} INFO - Running <TaskInstance: dag_with_postgres_operator_v04.create_postgres_table scheduled__2023-05-20T00:00:00+00:00 [running]> on host macbook-pro-de-user.local
[2024-01-02T21:28:18.428+0100] {taskinstance.py:1662} INFO - Exporting env vars: AIRFLOW_CTX_DAG_OWNER='aida' AIRFLOW_CTX_DAG_ID='dag_with_postgres_operator_v04' AIRFLOW_CTX_TASK_ID='create_postgres_table' AIRFLOW_CTX_EXECUTION_DATE='2023-05-20T00:00:00+00:00' AIRFLOW_CTX_TRY_NUMBER='1' AIRFLOW_CTX_DAG_RUN_ID='scheduled__2023-05-20T00:00:00+00:00'
[2024-01-02T21:28:18.429+0100] {sql.py:274} INFO - Executing: 
            create table if not exists dag_runs(
            dt date,
            dag_id character varying,
            primary key (dt, dag_id)
            )
        
[2024-01-02T21:28:18.434+0100] {base.py:73} INFO - Using connection ID 'postgres_localhost' for task execution.
[2024-01-02T21:28:18.611+0100] {base.py:73} INFO - Using connection ID 'postgres_localhost' for task execution.
[2024-01-02T21:28:18.654+0100] {sql.py:418} INFO - Running statement: 
            create table if not exists dag_runs(
            dt date,
            dag_id character varying,
            primary key (dt, dag_id)
            )
        , parameters: None
[2024-01-02T21:28:18.663+0100] {taskinstance.py:1400} INFO - Marking task as SUCCESS. dag_id=dag_with_postgres_operator_v04, task_id=create_postgres_table, execution_date=20230520T000000, start_date=20240102T202817, end_date=20240102T202818
[2024-01-02T21:28:18.689+0100] {local_task_job_runner.py:228} INFO - Task exited with return code 0
[2024-01-02T21:28:18.723+0100] {taskinstance.py:2778} INFO - 1 downstream tasks scheduled from follow-on schedule check
