[2024-01-02T21:28:23.779+0100] {taskinstance.py:1159} INFO - Dependencies all met for dep_context=non-requeueable deps ti=<TaskInstance: dag_with_postgres_operator_v04.delete_into_table scheduled__2023-05-20T00:00:00+00:00 [queued]>
[2024-01-02T21:28:23.790+0100] {taskinstance.py:1159} INFO - Dependencies all met for dep_context=requeueable deps ti=<TaskInstance: dag_with_postgres_operator_v04.delete_into_table scheduled__2023-05-20T00:00:00+00:00 [queued]>
[2024-01-02T21:28:23.790+0100] {taskinstance.py:1361} INFO - Starting attempt 1 of 6
[2024-01-02T21:28:23.808+0100] {taskinstance.py:1382} INFO - Executing <Task(PostgresOperator): delete_into_table> on 2023-05-20 00:00:00+00:00
[2024-01-02T21:28:23.811+0100] {standard_task_runner.py:57} INFO - Started process 87561 to run task
[2024-01-02T21:28:23.818+0100] {standard_task_runner.py:84} INFO - Running: ['airflow', 'tasks', 'run', 'dag_with_postgres_operator_v04', 'delete_into_table', 'scheduled__2023-05-20T00:00:00+00:00', '--job-id', '14990', '--raw', '--subdir', '/Users/user/Desktop/Learning/AIRFLOW-TUTORIAL/methode-1/dags/dag_with_postgres.py', '--cfg-path', '/var/folders/gn/cr4yj18d1tv34pkws9v_kq1r0000gn/T/tmp8nblx_zp']
[2024-01-02T21:28:23.822+0100] {standard_task_runner.py:85} INFO - Job 14990: Subtask delete_into_table
[2024-01-02T21:28:23.870+0100] {task_command.py:416} INFO - Running <TaskInstance: dag_with_postgres_operator_v04.delete_into_table scheduled__2023-05-20T00:00:00+00:00 [running]> on host macbook-pro-de-user.local
[2024-01-02T21:28:24.527+0100] {taskinstance.py:1662} INFO - Exporting env vars: AIRFLOW_CTX_DAG_OWNER='aida' AIRFLOW_CTX_DAG_ID='dag_with_postgres_operator_v04' AIRFLOW_CTX_TASK_ID='delete_into_table' AIRFLOW_CTX_EXECUTION_DATE='2023-05-20T00:00:00+00:00' AIRFLOW_CTX_TRY_NUMBER='1' AIRFLOW_CTX_DAG_RUN_ID='scheduled__2023-05-20T00:00:00+00:00'
[2024-01-02T21:28:24.527+0100] {sql.py:274} INFO - Executing: 
            delete from dag_runs where dt='2023-05-20' and dag_id='dag_with_postgres_operator_v04'
        
[2024-01-02T21:28:24.534+0100] {base.py:73} INFO - Using connection ID 'postgres_localhost' for task execution.
[2024-01-02T21:28:24.755+0100] {base.py:73} INFO - Using connection ID 'postgres_localhost' for task execution.
[2024-01-02T21:28:24.799+0100] {sql.py:418} INFO - Running statement: 
            delete from dag_runs where dt='2023-05-20' and dag_id='dag_with_postgres_operator_v04'
        , parameters: None
[2024-01-02T21:28:24.814+0100] {sql.py:427} INFO - Rows affected: 0
[2024-01-02T21:28:24.821+0100] {taskinstance.py:1400} INFO - Marking task as SUCCESS. dag_id=dag_with_postgres_operator_v04, task_id=delete_into_table, execution_date=20230520T000000, start_date=20240102T202823, end_date=20240102T202824
[2024-01-02T21:28:24.865+0100] {local_task_job_runner.py:228} INFO - Task exited with return code 0
[2024-01-02T21:28:24.888+0100] {taskinstance.py:2778} INFO - 1 downstream tasks scheduled from follow-on schedule check
