[2023-12-18T22:39:16.463+0100] {processor.py:157} INFO - Started process (PID=25692) to work on /Users/user/Desktop/Learning/AIRFLOW-TUTORIAL/py_env/lib/python3.11/site-packages/airflow/example_dags/example_branch_operator.py
[2023-12-18T22:39:16.468+0100] {processor.py:829} INFO - Processing file /Users/user/Desktop/Learning/AIRFLOW-TUTORIAL/py_env/lib/python3.11/site-packages/airflow/example_dags/example_branch_operator.py for tasks to queue
[2023-12-18T22:39:16.468+0100] {logging_mixin.py:154} INFO - [2023-12-18T22:39:16.468+0100] {dagbag.py:536} INFO - Filling up the DagBag from /Users/user/Desktop/Learning/AIRFLOW-TUTORIAL/py_env/lib/python3.11/site-packages/airflow/example_dags/example_branch_operator.py
[2023-12-18T22:39:16.526+0100] {processor.py:839} INFO - DAG(s) dict_keys(['example_branch_operator']) retrieved from /Users/user/Desktop/Learning/AIRFLOW-TUTORIAL/py_env/lib/python3.11/site-packages/airflow/example_dags/example_branch_operator.py
[2023-12-18T22:39:17.313+0100] {logging_mixin.py:154} INFO - [2023-12-18T22:39:17.313+0100] {manager.py:499} INFO - Created Permission View: %s
[2023-12-18T22:39:17.326+0100] {logging_mixin.py:154} INFO - [2023-12-18T22:39:17.325+0100] {manager.py:499} INFO - Created Permission View: %s
[2023-12-18T22:39:17.335+0100] {logging_mixin.py:154} INFO - [2023-12-18T22:39:17.335+0100] {manager.py:499} INFO - Created Permission View: %s
[2023-12-18T22:39:17.335+0100] {logging_mixin.py:154} INFO - [2023-12-18T22:39:17.335+0100] {dag.py:2941} INFO - Sync 1 DAGs
[2023-12-18T22:39:17.348+0100] {logging_mixin.py:154} INFO - [2023-12-18T22:39:17.348+0100] {dag.py:2963} INFO - Creating ORM DAG for example_branch_operator
[2023-12-18T22:39:17.359+0100] {logging_mixin.py:154} INFO - [2023-12-18T22:39:17.359+0100] {dag.py:3722} INFO - Setting next_dagrun for example_branch_operator to 2023-12-17T00:00:00+00:00, run_after=2023-12-18T00:00:00+00:00
[2023-12-18T22:39:17.380+0100] {processor.py:179} INFO - Processing /Users/user/Desktop/Learning/AIRFLOW-TUTORIAL/py_env/lib/python3.11/site-packages/airflow/example_dags/example_branch_operator.py took 0.918 seconds
[2023-12-18T22:42:19.899+0100] {processor.py:157} INFO - Started process (PID=27337) to work on /Users/user/Desktop/Learning/AIRFLOW-TUTORIAL/py_env/lib/python3.11/site-packages/airflow/example_dags/example_branch_operator.py
[2023-12-18T22:42:19.904+0100] {processor.py:829} INFO - Processing file /Users/user/Desktop/Learning/AIRFLOW-TUTORIAL/py_env/lib/python3.11/site-packages/airflow/example_dags/example_branch_operator.py for tasks to queue
[2023-12-18T22:42:19.905+0100] {logging_mixin.py:154} INFO - [2023-12-18T22:42:19.904+0100] {dagbag.py:536} INFO - Filling up the DagBag from /Users/user/Desktop/Learning/AIRFLOW-TUTORIAL/py_env/lib/python3.11/site-packages/airflow/example_dags/example_branch_operator.py
[2023-12-18T22:42:19.944+0100] {processor.py:839} INFO - DAG(s) dict_keys(['example_branch_operator']) retrieved from /Users/user/Desktop/Learning/AIRFLOW-TUTORIAL/py_env/lib/python3.11/site-packages/airflow/example_dags/example_branch_operator.py
[2023-12-18T22:42:20.107+0100] {logging_mixin.py:154} INFO - [2023-12-18T22:42:20.106+0100] {dag.py:2941} INFO - Sync 1 DAGs
[2023-12-18T22:42:20.124+0100] {logging_mixin.py:154} INFO - [2023-12-18T22:42:20.123+0100] {dag.py:3722} INFO - Setting next_dagrun for example_branch_operator to 2023-12-17T00:00:00+00:00, run_after=2023-12-18T00:00:00+00:00
[2023-12-18T22:42:20.141+0100] {processor.py:179} INFO - Processing /Users/user/Desktop/Learning/AIRFLOW-TUTORIAL/py_env/lib/python3.11/site-packages/airflow/example_dags/example_branch_operator.py took 0.243 seconds
[2023-12-18T22:45:32.284+0100] {processor.py:157} INFO - Started process (PID=28783) to work on /Users/user/Desktop/Learning/AIRFLOW-TUTORIAL/py_env/lib/python3.11/site-packages/airflow/example_dags/example_branch_operator.py
[2023-12-18T22:45:32.289+0100] {processor.py:829} INFO - Processing file /Users/user/Desktop/Learning/AIRFLOW-TUTORIAL/py_env/lib/python3.11/site-packages/airflow/example_dags/example_branch_operator.py for tasks to queue
[2023-12-18T22:45:32.290+0100] {logging_mixin.py:154} INFO - [2023-12-18T22:45:32.290+0100] {dagbag.py:536} INFO - Filling up the DagBag from /Users/user/Desktop/Learning/AIRFLOW-TUTORIAL/py_env/lib/python3.11/site-packages/airflow/example_dags/example_branch_operator.py
[2023-12-18T22:45:32.363+0100] {processor.py:839} INFO - DAG(s) dict_keys(['example_branch_operator']) retrieved from /Users/user/Desktop/Learning/AIRFLOW-TUTORIAL/py_env/lib/python3.11/site-packages/airflow/example_dags/example_branch_operator.py
[2023-12-18T22:45:32.632+0100] {logging_mixin.py:154} INFO - [2023-12-18T22:45:32.632+0100] {dag.py:2941} INFO - Sync 1 DAGs
[2023-12-18T22:45:32.667+0100] {logging_mixin.py:154} INFO - [2023-12-18T22:45:32.667+0100] {dag.py:3722} INFO - Setting next_dagrun for example_branch_operator to 2023-12-17T00:00:00+00:00, run_after=2023-12-18T00:00:00+00:00
[2023-12-18T22:45:32.699+0100] {processor.py:179} INFO - Processing /Users/user/Desktop/Learning/AIRFLOW-TUTORIAL/py_env/lib/python3.11/site-packages/airflow/example_dags/example_branch_operator.py took 0.416 seconds
[2023-12-18T22:48:54.241+0100] {processor.py:157} INFO - Started process (PID=30414) to work on /Users/user/Desktop/Learning/AIRFLOW-TUTORIAL/py_env/lib/python3.11/site-packages/airflow/example_dags/example_branch_operator.py
[2023-12-18T22:48:54.246+0100] {processor.py:829} INFO - Processing file /Users/user/Desktop/Learning/AIRFLOW-TUTORIAL/py_env/lib/python3.11/site-packages/airflow/example_dags/example_branch_operator.py for tasks to queue
[2023-12-18T22:48:54.246+0100] {logging_mixin.py:154} INFO - [2023-12-18T22:48:54.246+0100] {dagbag.py:536} INFO - Filling up the DagBag from /Users/user/Desktop/Learning/AIRFLOW-TUTORIAL/py_env/lib/python3.11/site-packages/airflow/example_dags/example_branch_operator.py
[2023-12-18T22:48:54.290+0100] {processor.py:839} INFO - DAG(s) dict_keys(['example_branch_operator']) retrieved from /Users/user/Desktop/Learning/AIRFLOW-TUTORIAL/py_env/lib/python3.11/site-packages/airflow/example_dags/example_branch_operator.py
[2023-12-18T22:48:54.476+0100] {logging_mixin.py:154} INFO - [2023-12-18T22:48:54.476+0100] {dag.py:2941} INFO - Sync 1 DAGs
[2023-12-18T22:48:54.498+0100] {logging_mixin.py:154} INFO - [2023-12-18T22:48:54.498+0100] {dag.py:3722} INFO - Setting next_dagrun for example_branch_operator to 2023-12-17T00:00:00+00:00, run_after=2023-12-18T00:00:00+00:00
[2023-12-18T22:48:54.518+0100] {processor.py:179} INFO - Processing /Users/user/Desktop/Learning/AIRFLOW-TUTORIAL/py_env/lib/python3.11/site-packages/airflow/example_dags/example_branch_operator.py took 0.277 seconds
[2023-12-18T22:52:18.836+0100] {processor.py:157} INFO - Started process (PID=32132) to work on /Users/user/Desktop/Learning/AIRFLOW-TUTORIAL/py_env/lib/python3.11/site-packages/airflow/example_dags/example_branch_operator.py
[2023-12-18T22:52:18.841+0100] {processor.py:829} INFO - Processing file /Users/user/Desktop/Learning/AIRFLOW-TUTORIAL/py_env/lib/python3.11/site-packages/airflow/example_dags/example_branch_operator.py for tasks to queue
[2023-12-18T22:52:18.841+0100] {logging_mixin.py:154} INFO - [2023-12-18T22:52:18.841+0100] {dagbag.py:536} INFO - Filling up the DagBag from /Users/user/Desktop/Learning/AIRFLOW-TUTORIAL/py_env/lib/python3.11/site-packages/airflow/example_dags/example_branch_operator.py
[2023-12-18T22:52:18.889+0100] {processor.py:839} INFO - DAG(s) dict_keys(['example_branch_operator']) retrieved from /Users/user/Desktop/Learning/AIRFLOW-TUTORIAL/py_env/lib/python3.11/site-packages/airflow/example_dags/example_branch_operator.py
[2023-12-18T22:52:19.099+0100] {logging_mixin.py:154} INFO - [2023-12-18T22:52:19.099+0100] {dag.py:2941} INFO - Sync 1 DAGs
[2023-12-18T22:52:19.122+0100] {logging_mixin.py:154} INFO - [2023-12-18T22:52:19.121+0100] {dag.py:3722} INFO - Setting next_dagrun for example_branch_operator to 2023-12-17T00:00:00+00:00, run_after=2023-12-18T00:00:00+00:00
[2023-12-18T22:52:19.142+0100] {processor.py:179} INFO - Processing /Users/user/Desktop/Learning/AIRFLOW-TUTORIAL/py_env/lib/python3.11/site-packages/airflow/example_dags/example_branch_operator.py took 0.307 seconds
[2023-12-18T22:55:59.661+0100] {processor.py:157} INFO - Started process (PID=33873) to work on /Users/user/Desktop/Learning/AIRFLOW-TUTORIAL/py_env/lib/python3.11/site-packages/airflow/example_dags/example_branch_operator.py
[2023-12-18T22:55:59.709+0100] {processor.py:829} INFO - Processing file /Users/user/Desktop/Learning/AIRFLOW-TUTORIAL/py_env/lib/python3.11/site-packages/airflow/example_dags/example_branch_operator.py for tasks to queue
[2023-12-18T22:55:59.710+0100] {logging_mixin.py:154} INFO - [2023-12-18T22:55:59.710+0100] {dagbag.py:536} INFO - Filling up the DagBag from /Users/user/Desktop/Learning/AIRFLOW-TUTORIAL/py_env/lib/python3.11/site-packages/airflow/example_dags/example_branch_operator.py
[2023-12-18T22:55:59.768+0100] {processor.py:839} INFO - DAG(s) dict_keys(['example_branch_operator']) retrieved from /Users/user/Desktop/Learning/AIRFLOW-TUTORIAL/py_env/lib/python3.11/site-packages/airflow/example_dags/example_branch_operator.py
[2023-12-18T22:55:59.995+0100] {logging_mixin.py:154} INFO - [2023-12-18T22:55:59.995+0100] {dag.py:2941} INFO - Sync 1 DAGs
[2023-12-18T22:56:00.034+0100] {logging_mixin.py:154} INFO - [2023-12-18T22:56:00.033+0100] {dag.py:3722} INFO - Setting next_dagrun for example_branch_operator to 2023-12-17T00:00:00+00:00, run_after=2023-12-18T00:00:00+00:00
[2023-12-18T22:56:00.060+0100] {processor.py:179} INFO - Processing /Users/user/Desktop/Learning/AIRFLOW-TUTORIAL/py_env/lib/python3.11/site-packages/airflow/example_dags/example_branch_operator.py took 0.400 seconds
[2023-12-18T22:59:25.852+0100] {processor.py:157} INFO - Started process (PID=35504) to work on /Users/user/Desktop/Learning/AIRFLOW-TUTORIAL/py_env/lib/python3.11/site-packages/airflow/example_dags/example_branch_operator.py
[2023-12-18T22:59:25.860+0100] {processor.py:829} INFO - Processing file /Users/user/Desktop/Learning/AIRFLOW-TUTORIAL/py_env/lib/python3.11/site-packages/airflow/example_dags/example_branch_operator.py for tasks to queue
[2023-12-18T22:59:25.861+0100] {logging_mixin.py:154} INFO - [2023-12-18T22:59:25.861+0100] {dagbag.py:536} INFO - Filling up the DagBag from /Users/user/Desktop/Learning/AIRFLOW-TUTORIAL/py_env/lib/python3.11/site-packages/airflow/example_dags/example_branch_operator.py
[2023-12-18T22:59:25.984+0100] {processor.py:839} INFO - DAG(s) dict_keys(['example_branch_operator']) retrieved from /Users/user/Desktop/Learning/AIRFLOW-TUTORIAL/py_env/lib/python3.11/site-packages/airflow/example_dags/example_branch_operator.py
[2023-12-18T22:59:26.318+0100] {logging_mixin.py:154} INFO - [2023-12-18T22:59:26.317+0100] {dag.py:2941} INFO - Sync 1 DAGs
[2023-12-18T22:59:26.347+0100] {logging_mixin.py:154} INFO - [2023-12-18T22:59:26.346+0100] {dag.py:3722} INFO - Setting next_dagrun for example_branch_operator to 2023-12-17T00:00:00+00:00, run_after=2023-12-18T00:00:00+00:00
[2023-12-18T22:59:26.372+0100] {processor.py:179} INFO - Processing /Users/user/Desktop/Learning/AIRFLOW-TUTORIAL/py_env/lib/python3.11/site-packages/airflow/example_dags/example_branch_operator.py took 0.522 seconds
[2023-12-18T23:02:57.572+0100] {processor.py:157} INFO - Started process (PID=36759) to work on /Users/user/Desktop/Learning/AIRFLOW-TUTORIAL/py_env/lib/python3.11/site-packages/airflow/example_dags/example_branch_operator.py
[2023-12-18T23:02:57.578+0100] {processor.py:829} INFO - Processing file /Users/user/Desktop/Learning/AIRFLOW-TUTORIAL/py_env/lib/python3.11/site-packages/airflow/example_dags/example_branch_operator.py for tasks to queue
[2023-12-18T23:02:57.579+0100] {logging_mixin.py:154} INFO - [2023-12-18T23:02:57.579+0100] {dagbag.py:536} INFO - Filling up the DagBag from /Users/user/Desktop/Learning/AIRFLOW-TUTORIAL/py_env/lib/python3.11/site-packages/airflow/example_dags/example_branch_operator.py
[2023-12-18T23:02:57.645+0100] {processor.py:839} INFO - DAG(s) dict_keys(['example_branch_operator']) retrieved from /Users/user/Desktop/Learning/AIRFLOW-TUTORIAL/py_env/lib/python3.11/site-packages/airflow/example_dags/example_branch_operator.py
[2023-12-18T23:02:58.088+0100] {logging_mixin.py:154} INFO - [2023-12-18T23:02:58.087+0100] {dag.py:2941} INFO - Sync 1 DAGs
[2023-12-18T23:02:58.139+0100] {logging_mixin.py:154} INFO - [2023-12-18T23:02:58.135+0100] {dag.py:3722} INFO - Setting next_dagrun for example_branch_operator to 2023-12-17T00:00:00+00:00, run_after=2023-12-18T00:00:00+00:00
[2023-12-18T23:02:58.246+0100] {processor.py:179} INFO - Processing /Users/user/Desktop/Learning/AIRFLOW-TUTORIAL/py_env/lib/python3.11/site-packages/airflow/example_dags/example_branch_operator.py took 0.675 seconds
[2023-12-18T23:06:17.604+0100] {processor.py:157} INFO - Started process (PID=38080) to work on /Users/user/Desktop/Learning/AIRFLOW-TUTORIAL/py_env/lib/python3.11/site-packages/airflow/example_dags/example_branch_operator.py
[2023-12-18T23:06:17.609+0100] {processor.py:829} INFO - Processing file /Users/user/Desktop/Learning/AIRFLOW-TUTORIAL/py_env/lib/python3.11/site-packages/airflow/example_dags/example_branch_operator.py for tasks to queue
[2023-12-18T23:06:17.609+0100] {logging_mixin.py:154} INFO - [2023-12-18T23:06:17.609+0100] {dagbag.py:536} INFO - Filling up the DagBag from /Users/user/Desktop/Learning/AIRFLOW-TUTORIAL/py_env/lib/python3.11/site-packages/airflow/example_dags/example_branch_operator.py
[2023-12-18T23:06:17.667+0100] {processor.py:839} INFO - DAG(s) dict_keys(['example_branch_operator']) retrieved from /Users/user/Desktop/Learning/AIRFLOW-TUTORIAL/py_env/lib/python3.11/site-packages/airflow/example_dags/example_branch_operator.py
[2023-12-18T23:06:17.890+0100] {logging_mixin.py:154} INFO - [2023-12-18T23:06:17.889+0100] {dag.py:2941} INFO - Sync 1 DAGs
[2023-12-18T23:06:17.919+0100] {logging_mixin.py:154} INFO - [2023-12-18T23:06:17.918+0100] {dag.py:3722} INFO - Setting next_dagrun for example_branch_operator to 2023-12-17T00:00:00+00:00, run_after=2023-12-18T00:00:00+00:00
[2023-12-18T23:06:17.946+0100] {processor.py:179} INFO - Processing /Users/user/Desktop/Learning/AIRFLOW-TUTORIAL/py_env/lib/python3.11/site-packages/airflow/example_dags/example_branch_operator.py took 0.343 seconds
