[2023-12-18T22:38:48.996+0100] {processor.py:157} INFO - Started process (PID=25496) to work on /Users/user/Desktop/Learning/AIRFLOW-TUTORIAL/py_env/lib/python3.11/site-packages/airflow/example_dags/example_external_task_marker_dag.py
[2023-12-18T22:38:49.000+0100] {processor.py:829} INFO - Processing file /Users/user/Desktop/Learning/AIRFLOW-TUTORIAL/py_env/lib/python3.11/site-packages/airflow/example_dags/example_external_task_marker_dag.py for tasks to queue
[2023-12-18T22:38:49.000+0100] {logging_mixin.py:154} INFO - [2023-12-18T22:38:49.000+0100] {dagbag.py:536} INFO - Filling up the DagBag from /Users/user/Desktop/Learning/AIRFLOW-TUTORIAL/py_env/lib/python3.11/site-packages/airflow/example_dags/example_external_task_marker_dag.py
[2023-12-18T22:38:49.033+0100] {processor.py:839} INFO - DAG(s) dict_keys(['example_external_task_marker_child', 'example_external_task_marker_parent']) retrieved from /Users/user/Desktop/Learning/AIRFLOW-TUTORIAL/py_env/lib/python3.11/site-packages/airflow/example_dags/example_external_task_marker_dag.py
[2023-12-18T22:38:49.701+0100] {logging_mixin.py:154} INFO - [2023-12-18T22:38:49.701+0100] {manager.py:499} INFO - Created Permission View: %s
[2023-12-18T22:38:49.710+0100] {logging_mixin.py:154} INFO - [2023-12-18T22:38:49.710+0100] {manager.py:499} INFO - Created Permission View: %s
[2023-12-18T22:38:49.716+0100] {logging_mixin.py:154} INFO - [2023-12-18T22:38:49.716+0100] {manager.py:499} INFO - Created Permission View: %s
[2023-12-18T22:38:49.729+0100] {logging_mixin.py:154} INFO - [2023-12-18T22:38:49.729+0100] {manager.py:499} INFO - Created Permission View: %s
[2023-12-18T22:38:49.736+0100] {logging_mixin.py:154} INFO - [2023-12-18T22:38:49.735+0100] {manager.py:499} INFO - Created Permission View: %s
[2023-12-18T22:38:49.742+0100] {logging_mixin.py:154} INFO - [2023-12-18T22:38:49.742+0100] {manager.py:499} INFO - Created Permission View: %s
[2023-12-18T22:38:49.742+0100] {logging_mixin.py:154} INFO - [2023-12-18T22:38:49.742+0100] {dag.py:2941} INFO - Sync 2 DAGs
[2023-12-18T22:38:49.754+0100] {logging_mixin.py:154} INFO - [2023-12-18T22:38:49.754+0100] {dag.py:2963} INFO - Creating ORM DAG for example_external_task_marker_child
[2023-12-18T22:38:49.755+0100] {logging_mixin.py:154} INFO - [2023-12-18T22:38:49.755+0100] {dag.py:2963} INFO - Creating ORM DAG for example_external_task_marker_parent
[2023-12-18T22:38:49.756+0100] {logging_mixin.py:154} INFO - [2023-12-18T22:38:49.756+0100] {dag.py:3722} INFO - Setting next_dagrun for example_external_task_marker_child to None, run_after=None
[2023-12-18T22:38:49.757+0100] {logging_mixin.py:154} INFO - [2023-12-18T22:38:49.756+0100] {dag.py:3722} INFO - Setting next_dagrun for example_external_task_marker_parent to None, run_after=None
[2023-12-18T22:38:49.775+0100] {processor.py:179} INFO - Processing /Users/user/Desktop/Learning/AIRFLOW-TUTORIAL/py_env/lib/python3.11/site-packages/airflow/example_dags/example_external_task_marker_dag.py took 0.780 seconds
[2023-12-18T22:40:58.319+0100] {processor.py:157} INFO - Started process (PID=26713) to work on /Users/user/Desktop/Learning/AIRFLOW-TUTORIAL/py_env/lib/python3.11/site-packages/airflow/example_dags/example_external_task_marker_dag.py
[2023-12-18T22:40:58.322+0100] {processor.py:829} INFO - Processing file /Users/user/Desktop/Learning/AIRFLOW-TUTORIAL/py_env/lib/python3.11/site-packages/airflow/example_dags/example_external_task_marker_dag.py for tasks to queue
[2023-12-18T22:40:58.323+0100] {logging_mixin.py:154} INFO - [2023-12-18T22:40:58.322+0100] {dagbag.py:536} INFO - Filling up the DagBag from /Users/user/Desktop/Learning/AIRFLOW-TUTORIAL/py_env/lib/python3.11/site-packages/airflow/example_dags/example_external_task_marker_dag.py
[2023-12-18T22:40:58.350+0100] {processor.py:839} INFO - DAG(s) dict_keys(['example_external_task_marker_child', 'example_external_task_marker_parent']) retrieved from /Users/user/Desktop/Learning/AIRFLOW-TUTORIAL/py_env/lib/python3.11/site-packages/airflow/example_dags/example_external_task_marker_dag.py
[2023-12-18T22:40:58.524+0100] {logging_mixin.py:154} INFO - [2023-12-18T22:40:58.524+0100] {dag.py:2941} INFO - Sync 2 DAGs
[2023-12-18T22:40:58.533+0100] {logging_mixin.py:154} INFO - [2023-12-18T22:40:58.533+0100] {dag.py:3722} INFO - Setting next_dagrun for example_external_task_marker_child to None, run_after=None
[2023-12-18T22:40:58.536+0100] {logging_mixin.py:154} INFO - [2023-12-18T22:40:58.536+0100] {dag.py:3722} INFO - Setting next_dagrun for example_external_task_marker_parent to None, run_after=None
[2023-12-18T22:40:58.551+0100] {processor.py:179} INFO - Processing /Users/user/Desktop/Learning/AIRFLOW-TUTORIAL/py_env/lib/python3.11/site-packages/airflow/example_dags/example_external_task_marker_dag.py took 0.233 seconds
[2023-12-18T22:43:59.842+0100] {processor.py:157} INFO - Started process (PID=28056) to work on /Users/user/Desktop/Learning/AIRFLOW-TUTORIAL/py_env/lib/python3.11/site-packages/airflow/example_dags/example_external_task_marker_dag.py
[2023-12-18T22:43:59.847+0100] {processor.py:829} INFO - Processing file /Users/user/Desktop/Learning/AIRFLOW-TUTORIAL/py_env/lib/python3.11/site-packages/airflow/example_dags/example_external_task_marker_dag.py for tasks to queue
[2023-12-18T22:43:59.848+0100] {logging_mixin.py:154} INFO - [2023-12-18T22:43:59.847+0100] {dagbag.py:536} INFO - Filling up the DagBag from /Users/user/Desktop/Learning/AIRFLOW-TUTORIAL/py_env/lib/python3.11/site-packages/airflow/example_dags/example_external_task_marker_dag.py
[2023-12-18T22:43:59.885+0100] {processor.py:839} INFO - DAG(s) dict_keys(['example_external_task_marker_parent', 'example_external_task_marker_child']) retrieved from /Users/user/Desktop/Learning/AIRFLOW-TUTORIAL/py_env/lib/python3.11/site-packages/airflow/example_dags/example_external_task_marker_dag.py
[2023-12-18T22:44:00.094+0100] {logging_mixin.py:154} INFO - [2023-12-18T22:44:00.093+0100] {dag.py:2941} INFO - Sync 2 DAGs
[2023-12-18T22:44:00.105+0100] {logging_mixin.py:154} INFO - [2023-12-18T22:44:00.105+0100] {dag.py:3722} INFO - Setting next_dagrun for example_external_task_marker_child to None, run_after=None
[2023-12-18T22:44:00.108+0100] {logging_mixin.py:154} INFO - [2023-12-18T22:44:00.108+0100] {dag.py:3722} INFO - Setting next_dagrun for example_external_task_marker_parent to None, run_after=None
[2023-12-18T22:44:00.128+0100] {processor.py:179} INFO - Processing /Users/user/Desktop/Learning/AIRFLOW-TUTORIAL/py_env/lib/python3.11/site-packages/airflow/example_dags/example_external_task_marker_dag.py took 0.286 seconds
[2023-12-18T22:47:16.908+0100] {processor.py:157} INFO - Started process (PID=29520) to work on /Users/user/Desktop/Learning/AIRFLOW-TUTORIAL/py_env/lib/python3.11/site-packages/airflow/example_dags/example_external_task_marker_dag.py
[2023-12-18T22:47:16.912+0100] {processor.py:829} INFO - Processing file /Users/user/Desktop/Learning/AIRFLOW-TUTORIAL/py_env/lib/python3.11/site-packages/airflow/example_dags/example_external_task_marker_dag.py for tasks to queue
[2023-12-18T22:47:16.913+0100] {logging_mixin.py:154} INFO - [2023-12-18T22:47:16.913+0100] {dagbag.py:536} INFO - Filling up the DagBag from /Users/user/Desktop/Learning/AIRFLOW-TUTORIAL/py_env/lib/python3.11/site-packages/airflow/example_dags/example_external_task_marker_dag.py
[2023-12-18T22:47:16.961+0100] {processor.py:839} INFO - DAG(s) dict_keys(['example_external_task_marker_parent', 'example_external_task_marker_child']) retrieved from /Users/user/Desktop/Learning/AIRFLOW-TUTORIAL/py_env/lib/python3.11/site-packages/airflow/example_dags/example_external_task_marker_dag.py
[2023-12-18T22:47:17.223+0100] {logging_mixin.py:154} INFO - [2023-12-18T22:47:17.223+0100] {dag.py:2941} INFO - Sync 2 DAGs
[2023-12-18T22:47:17.237+0100] {logging_mixin.py:154} INFO - [2023-12-18T22:47:17.237+0100] {dag.py:3722} INFO - Setting next_dagrun for example_external_task_marker_child to None, run_after=None
[2023-12-18T22:47:17.241+0100] {logging_mixin.py:154} INFO - [2023-12-18T22:47:17.241+0100] {dag.py:3722} INFO - Setting next_dagrun for example_external_task_marker_parent to None, run_after=None
[2023-12-18T22:47:17.265+0100] {processor.py:179} INFO - Processing /Users/user/Desktop/Learning/AIRFLOW-TUTORIAL/py_env/lib/python3.11/site-packages/airflow/example_dags/example_external_task_marker_dag.py took 0.358 seconds
[2023-12-18T22:50:30.827+0100] {processor.py:157} INFO - Started process (PID=31318) to work on /Users/user/Desktop/Learning/AIRFLOW-TUTORIAL/py_env/lib/python3.11/site-packages/airflow/example_dags/example_external_task_marker_dag.py
[2023-12-18T22:50:30.833+0100] {processor.py:829} INFO - Processing file /Users/user/Desktop/Learning/AIRFLOW-TUTORIAL/py_env/lib/python3.11/site-packages/airflow/example_dags/example_external_task_marker_dag.py for tasks to queue
[2023-12-18T22:50:30.834+0100] {logging_mixin.py:154} INFO - [2023-12-18T22:50:30.834+0100] {dagbag.py:536} INFO - Filling up the DagBag from /Users/user/Desktop/Learning/AIRFLOW-TUTORIAL/py_env/lib/python3.11/site-packages/airflow/example_dags/example_external_task_marker_dag.py
[2023-12-18T22:50:30.880+0100] {processor.py:839} INFO - DAG(s) dict_keys(['example_external_task_marker_child', 'example_external_task_marker_parent']) retrieved from /Users/user/Desktop/Learning/AIRFLOW-TUTORIAL/py_env/lib/python3.11/site-packages/airflow/example_dags/example_external_task_marker_dag.py
[2023-12-18T22:50:31.154+0100] {logging_mixin.py:154} INFO - [2023-12-18T22:50:31.153+0100] {dag.py:2941} INFO - Sync 2 DAGs
[2023-12-18T22:50:31.166+0100] {logging_mixin.py:154} INFO - [2023-12-18T22:50:31.166+0100] {dag.py:3722} INFO - Setting next_dagrun for example_external_task_marker_child to None, run_after=None
[2023-12-18T22:50:31.170+0100] {logging_mixin.py:154} INFO - [2023-12-18T22:50:31.170+0100] {dag.py:3722} INFO - Setting next_dagrun for example_external_task_marker_parent to None, run_after=None
[2023-12-18T22:50:31.189+0100] {processor.py:179} INFO - Processing /Users/user/Desktop/Learning/AIRFLOW-TUTORIAL/py_env/lib/python3.11/site-packages/airflow/example_dags/example_external_task_marker_dag.py took 0.364 seconds
[2023-12-18T22:54:14.178+0100] {processor.py:157} INFO - Started process (PID=33060) to work on /Users/user/Desktop/Learning/AIRFLOW-TUTORIAL/py_env/lib/python3.11/site-packages/airflow/example_dags/example_external_task_marker_dag.py
[2023-12-18T22:54:14.195+0100] {processor.py:829} INFO - Processing file /Users/user/Desktop/Learning/AIRFLOW-TUTORIAL/py_env/lib/python3.11/site-packages/airflow/example_dags/example_external_task_marker_dag.py for tasks to queue
[2023-12-18T22:54:14.235+0100] {logging_mixin.py:154} INFO - [2023-12-18T22:54:14.235+0100] {dagbag.py:536} INFO - Filling up the DagBag from /Users/user/Desktop/Learning/AIRFLOW-TUTORIAL/py_env/lib/python3.11/site-packages/airflow/example_dags/example_external_task_marker_dag.py
[2023-12-18T22:54:14.329+0100] {processor.py:839} INFO - DAG(s) dict_keys(['example_external_task_marker_parent', 'example_external_task_marker_child']) retrieved from /Users/user/Desktop/Learning/AIRFLOW-TUTORIAL/py_env/lib/python3.11/site-packages/airflow/example_dags/example_external_task_marker_dag.py
[2023-12-18T22:54:14.579+0100] {logging_mixin.py:154} INFO - [2023-12-18T22:54:14.578+0100] {dag.py:2941} INFO - Sync 2 DAGs
[2023-12-18T22:54:14.589+0100] {logging_mixin.py:154} INFO - [2023-12-18T22:54:14.589+0100] {dag.py:3722} INFO - Setting next_dagrun for example_external_task_marker_child to None, run_after=None
[2023-12-18T22:54:14.592+0100] {logging_mixin.py:154} INFO - [2023-12-18T22:54:14.592+0100] {dag.py:3722} INFO - Setting next_dagrun for example_external_task_marker_parent to None, run_after=None
[2023-12-18T22:54:14.644+0100] {processor.py:179} INFO - Processing /Users/user/Desktop/Learning/AIRFLOW-TUTORIAL/py_env/lib/python3.11/site-packages/airflow/example_dags/example_external_task_marker_dag.py took 0.466 seconds
[2023-12-18T22:57:39.428+0100] {processor.py:157} INFO - Started process (PID=34706) to work on /Users/user/Desktop/Learning/AIRFLOW-TUTORIAL/py_env/lib/python3.11/site-packages/airflow/example_dags/example_external_task_marker_dag.py
[2023-12-18T22:57:39.435+0100] {processor.py:829} INFO - Processing file /Users/user/Desktop/Learning/AIRFLOW-TUTORIAL/py_env/lib/python3.11/site-packages/airflow/example_dags/example_external_task_marker_dag.py for tasks to queue
[2023-12-18T22:57:39.436+0100] {logging_mixin.py:154} INFO - [2023-12-18T22:57:39.436+0100] {dagbag.py:536} INFO - Filling up the DagBag from /Users/user/Desktop/Learning/AIRFLOW-TUTORIAL/py_env/lib/python3.11/site-packages/airflow/example_dags/example_external_task_marker_dag.py
[2023-12-18T22:57:39.477+0100] {processor.py:839} INFO - DAG(s) dict_keys(['example_external_task_marker_parent', 'example_external_task_marker_child']) retrieved from /Users/user/Desktop/Learning/AIRFLOW-TUTORIAL/py_env/lib/python3.11/site-packages/airflow/example_dags/example_external_task_marker_dag.py
[2023-12-18T22:57:39.743+0100] {logging_mixin.py:154} INFO - [2023-12-18T22:57:39.743+0100] {dag.py:2941} INFO - Sync 2 DAGs
[2023-12-18T22:57:39.756+0100] {logging_mixin.py:154} INFO - [2023-12-18T22:57:39.756+0100] {dag.py:3722} INFO - Setting next_dagrun for example_external_task_marker_child to None, run_after=None
[2023-12-18T22:57:39.759+0100] {logging_mixin.py:154} INFO - [2023-12-18T22:57:39.759+0100] {dag.py:3722} INFO - Setting next_dagrun for example_external_task_marker_parent to None, run_after=None
[2023-12-18T22:57:39.780+0100] {processor.py:179} INFO - Processing /Users/user/Desktop/Learning/AIRFLOW-TUTORIAL/py_env/lib/python3.11/site-packages/airflow/example_dags/example_external_task_marker_dag.py took 0.354 seconds
[2023-12-18T23:01:11.357+0100] {processor.py:157} INFO - Started process (PID=36013) to work on /Users/user/Desktop/Learning/AIRFLOW-TUTORIAL/py_env/lib/python3.11/site-packages/airflow/example_dags/example_external_task_marker_dag.py
[2023-12-18T23:01:11.365+0100] {processor.py:829} INFO - Processing file /Users/user/Desktop/Learning/AIRFLOW-TUTORIAL/py_env/lib/python3.11/site-packages/airflow/example_dags/example_external_task_marker_dag.py for tasks to queue
[2023-12-18T23:01:11.366+0100] {logging_mixin.py:154} INFO - [2023-12-18T23:01:11.365+0100] {dagbag.py:536} INFO - Filling up the DagBag from /Users/user/Desktop/Learning/AIRFLOW-TUTORIAL/py_env/lib/python3.11/site-packages/airflow/example_dags/example_external_task_marker_dag.py
[2023-12-18T23:01:11.414+0100] {processor.py:839} INFO - DAG(s) dict_keys(['example_external_task_marker_parent', 'example_external_task_marker_child']) retrieved from /Users/user/Desktop/Learning/AIRFLOW-TUTORIAL/py_env/lib/python3.11/site-packages/airflow/example_dags/example_external_task_marker_dag.py
[2023-12-18T23:01:11.708+0100] {logging_mixin.py:154} INFO - [2023-12-18T23:01:11.708+0100] {dag.py:2941} INFO - Sync 2 DAGs
[2023-12-18T23:01:11.723+0100] {logging_mixin.py:154} INFO - [2023-12-18T23:01:11.723+0100] {dag.py:3722} INFO - Setting next_dagrun for example_external_task_marker_child to None, run_after=None
[2023-12-18T23:01:11.728+0100] {logging_mixin.py:154} INFO - [2023-12-18T23:01:11.728+0100] {dag.py:3722} INFO - Setting next_dagrun for example_external_task_marker_parent to None, run_after=None
[2023-12-18T23:01:11.752+0100] {processor.py:179} INFO - Processing /Users/user/Desktop/Learning/AIRFLOW-TUTORIAL/py_env/lib/python3.11/site-packages/airflow/example_dags/example_external_task_marker_dag.py took 0.397 seconds
[2023-12-18T23:05:53.391+0100] {processor.py:157} INFO - Started process (PID=37885) to work on /Users/user/Desktop/Learning/AIRFLOW-TUTORIAL/py_env/lib/python3.11/site-packages/airflow/example_dags/example_external_task_marker_dag.py
[2023-12-18T23:05:53.396+0100] {processor.py:829} INFO - Processing file /Users/user/Desktop/Learning/AIRFLOW-TUTORIAL/py_env/lib/python3.11/site-packages/airflow/example_dags/example_external_task_marker_dag.py for tasks to queue
[2023-12-18T23:05:53.396+0100] {logging_mixin.py:154} INFO - [2023-12-18T23:05:53.396+0100] {dagbag.py:536} INFO - Filling up the DagBag from /Users/user/Desktop/Learning/AIRFLOW-TUTORIAL/py_env/lib/python3.11/site-packages/airflow/example_dags/example_external_task_marker_dag.py
[2023-12-18T23:05:53.434+0100] {processor.py:839} INFO - DAG(s) dict_keys(['example_external_task_marker_parent', 'example_external_task_marker_child']) retrieved from /Users/user/Desktop/Learning/AIRFLOW-TUTORIAL/py_env/lib/python3.11/site-packages/airflow/example_dags/example_external_task_marker_dag.py
[2023-12-18T23:05:53.653+0100] {logging_mixin.py:154} INFO - [2023-12-18T23:05:53.652+0100] {dag.py:2941} INFO - Sync 2 DAGs
[2023-12-18T23:05:53.665+0100] {logging_mixin.py:154} INFO - [2023-12-18T23:05:53.665+0100] {dag.py:3722} INFO - Setting next_dagrun for example_external_task_marker_child to None, run_after=None
[2023-12-18T23:05:53.670+0100] {logging_mixin.py:154} INFO - [2023-12-18T23:05:53.670+0100] {dag.py:3722} INFO - Setting next_dagrun for example_external_task_marker_parent to None, run_after=None
[2023-12-18T23:05:53.696+0100] {processor.py:179} INFO - Processing /Users/user/Desktop/Learning/AIRFLOW-TUTORIAL/py_env/lib/python3.11/site-packages/airflow/example_dags/example_external_task_marker_dag.py took 0.306 seconds
[2023-12-18T23:08:12.456+0100] {processor.py:157} INFO - Started process (PID=38922) to work on /Users/user/Desktop/Learning/AIRFLOW-TUTORIAL/py_env/lib/python3.11/site-packages/airflow/example_dags/example_external_task_marker_dag.py
[2023-12-18T23:08:12.460+0100] {processor.py:829} INFO - Processing file /Users/user/Desktop/Learning/AIRFLOW-TUTORIAL/py_env/lib/python3.11/site-packages/airflow/example_dags/example_external_task_marker_dag.py for tasks to queue
[2023-12-18T23:08:12.460+0100] {logging_mixin.py:154} INFO - [2023-12-18T23:08:12.460+0100] {dagbag.py:536} INFO - Filling up the DagBag from /Users/user/Desktop/Learning/AIRFLOW-TUTORIAL/py_env/lib/python3.11/site-packages/airflow/example_dags/example_external_task_marker_dag.py
[2023-12-18T23:08:12.492+0100] {processor.py:839} INFO - DAG(s) dict_keys(['example_external_task_marker_parent', 'example_external_task_marker_child']) retrieved from /Users/user/Desktop/Learning/AIRFLOW-TUTORIAL/py_env/lib/python3.11/site-packages/airflow/example_dags/example_external_task_marker_dag.py
[2023-12-18T23:08:12.672+0100] {logging_mixin.py:154} INFO - [2023-12-18T23:08:12.671+0100] {dag.py:2941} INFO - Sync 2 DAGs
[2023-12-18T23:08:12.681+0100] {logging_mixin.py:154} INFO - [2023-12-18T23:08:12.681+0100] {dag.py:3722} INFO - Setting next_dagrun for example_external_task_marker_child to None, run_after=None
[2023-12-18T23:08:12.684+0100] {logging_mixin.py:154} INFO - [2023-12-18T23:08:12.684+0100] {dag.py:3722} INFO - Setting next_dagrun for example_external_task_marker_parent to None, run_after=None
[2023-12-18T23:08:12.701+0100] {processor.py:179} INFO - Processing /Users/user/Desktop/Learning/AIRFLOW-TUTORIAL/py_env/lib/python3.11/site-packages/airflow/example_dags/example_external_task_marker_dag.py took 0.246 seconds
