[2023-12-18T22:39:06.422+0100] {processor.py:157} INFO - Started process (PID=25598) to work on /Users/user/Desktop/Learning/AIRFLOW-TUTORIAL/py_env/lib/python3.11/site-packages/airflow/example_dags/example_complex.py
[2023-12-18T22:39:06.429+0100] {processor.py:829} INFO - Processing file /Users/user/Desktop/Learning/AIRFLOW-TUTORIAL/py_env/lib/python3.11/site-packages/airflow/example_dags/example_complex.py for tasks to queue
[2023-12-18T22:39:06.430+0100] {logging_mixin.py:154} INFO - [2023-12-18T22:39:06.429+0100] {dagbag.py:536} INFO - Filling up the DagBag from /Users/user/Desktop/Learning/AIRFLOW-TUTORIAL/py_env/lib/python3.11/site-packages/airflow/example_dags/example_complex.py
[2023-12-18T22:39:06.491+0100] {processor.py:839} INFO - DAG(s) dict_keys(['example_complex']) retrieved from /Users/user/Desktop/Learning/AIRFLOW-TUTORIAL/py_env/lib/python3.11/site-packages/airflow/example_dags/example_complex.py
[2023-12-18T22:39:07.214+0100] {logging_mixin.py:154} INFO - [2023-12-18T22:39:07.214+0100] {manager.py:499} INFO - Created Permission View: %s
[2023-12-18T22:39:07.223+0100] {logging_mixin.py:154} INFO - [2023-12-18T22:39:07.223+0100] {manager.py:499} INFO - Created Permission View: %s
[2023-12-18T22:39:07.229+0100] {logging_mixin.py:154} INFO - [2023-12-18T22:39:07.229+0100] {manager.py:499} INFO - Created Permission View: %s
[2023-12-18T22:39:07.230+0100] {logging_mixin.py:154} INFO - [2023-12-18T22:39:07.230+0100] {dag.py:2941} INFO - Sync 1 DAGs
[2023-12-18T22:39:07.241+0100] {logging_mixin.py:154} INFO - [2023-12-18T22:39:07.241+0100] {dag.py:2963} INFO - Creating ORM DAG for example_complex
[2023-12-18T22:39:07.241+0100] {logging_mixin.py:154} INFO - [2023-12-18T22:39:07.241+0100] {dag.py:3722} INFO - Setting next_dagrun for example_complex to None, run_after=None
[2023-12-18T22:39:07.259+0100] {processor.py:179} INFO - Processing /Users/user/Desktop/Learning/AIRFLOW-TUTORIAL/py_env/lib/python3.11/site-packages/airflow/example_dags/example_complex.py took 0.839 seconds
[2023-12-18T22:42:12.279+0100] {processor.py:157} INFO - Started process (PID=27238) to work on /Users/user/Desktop/Learning/AIRFLOW-TUTORIAL/py_env/lib/python3.11/site-packages/airflow/example_dags/example_complex.py
[2023-12-18T22:42:12.284+0100] {processor.py:829} INFO - Processing file /Users/user/Desktop/Learning/AIRFLOW-TUTORIAL/py_env/lib/python3.11/site-packages/airflow/example_dags/example_complex.py for tasks to queue
[2023-12-18T22:42:12.285+0100] {logging_mixin.py:154} INFO - [2023-12-18T22:42:12.285+0100] {dagbag.py:536} INFO - Filling up the DagBag from /Users/user/Desktop/Learning/AIRFLOW-TUTORIAL/py_env/lib/python3.11/site-packages/airflow/example_dags/example_complex.py
[2023-12-18T22:42:12.317+0100] {processor.py:839} INFO - DAG(s) dict_keys(['example_complex']) retrieved from /Users/user/Desktop/Learning/AIRFLOW-TUTORIAL/py_env/lib/python3.11/site-packages/airflow/example_dags/example_complex.py
[2023-12-18T22:42:12.492+0100] {logging_mixin.py:154} INFO - [2023-12-18T22:42:12.492+0100] {dag.py:2941} INFO - Sync 1 DAGs
[2023-12-18T22:42:12.501+0100] {logging_mixin.py:154} INFO - [2023-12-18T22:42:12.500+0100] {dag.py:3722} INFO - Setting next_dagrun for example_complex to None, run_after=None
[2023-12-18T22:42:12.518+0100] {processor.py:179} INFO - Processing /Users/user/Desktop/Learning/AIRFLOW-TUTORIAL/py_env/lib/python3.11/site-packages/airflow/example_dags/example_complex.py took 0.240 seconds
[2023-12-18T22:45:23.433+0100] {processor.py:157} INFO - Started process (PID=28675) to work on /Users/user/Desktop/Learning/AIRFLOW-TUTORIAL/py_env/lib/python3.11/site-packages/airflow/example_dags/example_complex.py
[2023-12-18T22:45:23.438+0100] {processor.py:829} INFO - Processing file /Users/user/Desktop/Learning/AIRFLOW-TUTORIAL/py_env/lib/python3.11/site-packages/airflow/example_dags/example_complex.py for tasks to queue
[2023-12-18T22:45:23.438+0100] {logging_mixin.py:154} INFO - [2023-12-18T22:45:23.438+0100] {dagbag.py:536} INFO - Filling up the DagBag from /Users/user/Desktop/Learning/AIRFLOW-TUTORIAL/py_env/lib/python3.11/site-packages/airflow/example_dags/example_complex.py
[2023-12-18T22:45:23.480+0100] {processor.py:839} INFO - DAG(s) dict_keys(['example_complex']) retrieved from /Users/user/Desktop/Learning/AIRFLOW-TUTORIAL/py_env/lib/python3.11/site-packages/airflow/example_dags/example_complex.py
[2023-12-18T22:45:23.775+0100] {logging_mixin.py:154} INFO - [2023-12-18T22:45:23.774+0100] {dag.py:2941} INFO - Sync 1 DAGs
[2023-12-18T22:45:23.787+0100] {logging_mixin.py:154} INFO - [2023-12-18T22:45:23.787+0100] {dag.py:3722} INFO - Setting next_dagrun for example_complex to None, run_after=None
[2023-12-18T22:45:23.813+0100] {processor.py:179} INFO - Processing /Users/user/Desktop/Learning/AIRFLOW-TUTORIAL/py_env/lib/python3.11/site-packages/airflow/example_dags/example_complex.py took 0.380 seconds
[2023-12-18T22:48:46.829+0100] {processor.py:157} INFO - Started process (PID=30406) to work on /Users/user/Desktop/Learning/AIRFLOW-TUTORIAL/py_env/lib/python3.11/site-packages/airflow/example_dags/example_complex.py
[2023-12-18T22:48:46.834+0100] {processor.py:829} INFO - Processing file /Users/user/Desktop/Learning/AIRFLOW-TUTORIAL/py_env/lib/python3.11/site-packages/airflow/example_dags/example_complex.py for tasks to queue
[2023-12-18T22:48:46.834+0100] {logging_mixin.py:154} INFO - [2023-12-18T22:48:46.834+0100] {dagbag.py:536} INFO - Filling up the DagBag from /Users/user/Desktop/Learning/AIRFLOW-TUTORIAL/py_env/lib/python3.11/site-packages/airflow/example_dags/example_complex.py
[2023-12-18T22:48:46.868+0100] {processor.py:839} INFO - DAG(s) dict_keys(['example_complex']) retrieved from /Users/user/Desktop/Learning/AIRFLOW-TUTORIAL/py_env/lib/python3.11/site-packages/airflow/example_dags/example_complex.py
[2023-12-18T22:48:47.072+0100] {logging_mixin.py:154} INFO - [2023-12-18T22:48:47.072+0100] {dag.py:2941} INFO - Sync 1 DAGs
[2023-12-18T22:48:47.081+0100] {logging_mixin.py:154} INFO - [2023-12-18T22:48:47.081+0100] {dag.py:3722} INFO - Setting next_dagrun for example_complex to None, run_after=None
[2023-12-18T22:48:47.101+0100] {processor.py:179} INFO - Processing /Users/user/Desktop/Learning/AIRFLOW-TUTORIAL/py_env/lib/python3.11/site-packages/airflow/example_dags/example_complex.py took 0.272 seconds
[2023-12-18T22:52:08.998+0100] {processor.py:157} INFO - Started process (PID=32029) to work on /Users/user/Desktop/Learning/AIRFLOW-TUTORIAL/py_env/lib/python3.11/site-packages/airflow/example_dags/example_complex.py
[2023-12-18T22:52:09.003+0100] {processor.py:829} INFO - Processing file /Users/user/Desktop/Learning/AIRFLOW-TUTORIAL/py_env/lib/python3.11/site-packages/airflow/example_dags/example_complex.py for tasks to queue
[2023-12-18T22:52:09.004+0100] {logging_mixin.py:154} INFO - [2023-12-18T22:52:09.004+0100] {dagbag.py:536} INFO - Filling up the DagBag from /Users/user/Desktop/Learning/AIRFLOW-TUTORIAL/py_env/lib/python3.11/site-packages/airflow/example_dags/example_complex.py
[2023-12-18T22:52:09.046+0100] {processor.py:839} INFO - DAG(s) dict_keys(['example_complex']) retrieved from /Users/user/Desktop/Learning/AIRFLOW-TUTORIAL/py_env/lib/python3.11/site-packages/airflow/example_dags/example_complex.py
[2023-12-18T22:52:09.330+0100] {logging_mixin.py:154} INFO - [2023-12-18T22:52:09.330+0100] {dag.py:2941} INFO - Sync 1 DAGs
[2023-12-18T22:52:09.351+0100] {logging_mixin.py:154} INFO - [2023-12-18T22:52:09.350+0100] {dag.py:3722} INFO - Setting next_dagrun for example_complex to None, run_after=None
[2023-12-18T22:52:09.412+0100] {processor.py:179} INFO - Processing /Users/user/Desktop/Learning/AIRFLOW-TUTORIAL/py_env/lib/python3.11/site-packages/airflow/example_dags/example_complex.py took 0.414 seconds
[2023-12-18T22:55:49.942+0100] {processor.py:157} INFO - Started process (PID=33870) to work on /Users/user/Desktop/Learning/AIRFLOW-TUTORIAL/py_env/lib/python3.11/site-packages/airflow/example_dags/example_complex.py
[2023-12-18T22:55:49.948+0100] {processor.py:829} INFO - Processing file /Users/user/Desktop/Learning/AIRFLOW-TUTORIAL/py_env/lib/python3.11/site-packages/airflow/example_dags/example_complex.py for tasks to queue
[2023-12-18T22:55:49.949+0100] {logging_mixin.py:154} INFO - [2023-12-18T22:55:49.949+0100] {dagbag.py:536} INFO - Filling up the DagBag from /Users/user/Desktop/Learning/AIRFLOW-TUTORIAL/py_env/lib/python3.11/site-packages/airflow/example_dags/example_complex.py
[2023-12-18T22:55:49.996+0100] {processor.py:839} INFO - DAG(s) dict_keys(['example_complex']) retrieved from /Users/user/Desktop/Learning/AIRFLOW-TUTORIAL/py_env/lib/python3.11/site-packages/airflow/example_dags/example_complex.py
[2023-12-18T22:55:50.300+0100] {logging_mixin.py:154} INFO - [2023-12-18T22:55:50.300+0100] {dag.py:2941} INFO - Sync 1 DAGs
[2023-12-18T22:55:50.313+0100] {logging_mixin.py:154} INFO - [2023-12-18T22:55:50.313+0100] {dag.py:3722} INFO - Setting next_dagrun for example_complex to None, run_after=None
[2023-12-18T22:55:50.340+0100] {processor.py:179} INFO - Processing /Users/user/Desktop/Learning/AIRFLOW-TUTORIAL/py_env/lib/python3.11/site-packages/airflow/example_dags/example_complex.py took 0.399 seconds
[2023-12-18T22:59:16.795+0100] {processor.py:157} INFO - Started process (PID=35500) to work on /Users/user/Desktop/Learning/AIRFLOW-TUTORIAL/py_env/lib/python3.11/site-packages/airflow/example_dags/example_complex.py
[2023-12-18T22:59:16.799+0100] {processor.py:829} INFO - Processing file /Users/user/Desktop/Learning/AIRFLOW-TUTORIAL/py_env/lib/python3.11/site-packages/airflow/example_dags/example_complex.py for tasks to queue
[2023-12-18T22:59:16.799+0100] {logging_mixin.py:154} INFO - [2023-12-18T22:59:16.799+0100] {dagbag.py:536} INFO - Filling up the DagBag from /Users/user/Desktop/Learning/AIRFLOW-TUTORIAL/py_env/lib/python3.11/site-packages/airflow/example_dags/example_complex.py
[2023-12-18T22:59:16.832+0100] {processor.py:839} INFO - DAG(s) dict_keys(['example_complex']) retrieved from /Users/user/Desktop/Learning/AIRFLOW-TUTORIAL/py_env/lib/python3.11/site-packages/airflow/example_dags/example_complex.py
[2023-12-18T22:59:17.045+0100] {logging_mixin.py:154} INFO - [2023-12-18T22:59:17.045+0100] {dag.py:2941} INFO - Sync 1 DAGs
[2023-12-18T22:59:17.054+0100] {logging_mixin.py:154} INFO - [2023-12-18T22:59:17.054+0100] {dag.py:3722} INFO - Setting next_dagrun for example_complex to None, run_after=None
[2023-12-18T22:59:17.075+0100] {processor.py:179} INFO - Processing /Users/user/Desktop/Learning/AIRFLOW-TUTORIAL/py_env/lib/python3.11/site-packages/airflow/example_dags/example_complex.py took 0.281 seconds
[2023-12-18T23:02:46.529+0100] {processor.py:157} INFO - Started process (PID=36662) to work on /Users/user/Desktop/Learning/AIRFLOW-TUTORIAL/py_env/lib/python3.11/site-packages/airflow/example_dags/example_complex.py
[2023-12-18T23:02:46.534+0100] {processor.py:829} INFO - Processing file /Users/user/Desktop/Learning/AIRFLOW-TUTORIAL/py_env/lib/python3.11/site-packages/airflow/example_dags/example_complex.py for tasks to queue
[2023-12-18T23:02:46.535+0100] {logging_mixin.py:154} INFO - [2023-12-18T23:02:46.535+0100] {dagbag.py:536} INFO - Filling up the DagBag from /Users/user/Desktop/Learning/AIRFLOW-TUTORIAL/py_env/lib/python3.11/site-packages/airflow/example_dags/example_complex.py
[2023-12-18T23:02:46.577+0100] {processor.py:839} INFO - DAG(s) dict_keys(['example_complex']) retrieved from /Users/user/Desktop/Learning/AIRFLOW-TUTORIAL/py_env/lib/python3.11/site-packages/airflow/example_dags/example_complex.py
[2023-12-18T23:02:46.865+0100] {logging_mixin.py:154} INFO - [2023-12-18T23:02:46.865+0100] {dag.py:2941} INFO - Sync 1 DAGs
[2023-12-18T23:02:46.878+0100] {logging_mixin.py:154} INFO - [2023-12-18T23:02:46.878+0100] {dag.py:3722} INFO - Setting next_dagrun for example_complex to None, run_after=None
[2023-12-18T23:02:46.902+0100] {processor.py:179} INFO - Processing /Users/user/Desktop/Learning/AIRFLOW-TUTORIAL/py_env/lib/python3.11/site-packages/airflow/example_dags/example_complex.py took 0.374 seconds
[2023-12-18T23:06:08.572+0100] {processor.py:157} INFO - Started process (PID=37986) to work on /Users/user/Desktop/Learning/AIRFLOW-TUTORIAL/py_env/lib/python3.11/site-packages/airflow/example_dags/example_complex.py
[2023-12-18T23:06:08.576+0100] {processor.py:829} INFO - Processing file /Users/user/Desktop/Learning/AIRFLOW-TUTORIAL/py_env/lib/python3.11/site-packages/airflow/example_dags/example_complex.py for tasks to queue
[2023-12-18T23:06:08.577+0100] {logging_mixin.py:154} INFO - [2023-12-18T23:06:08.577+0100] {dagbag.py:536} INFO - Filling up the DagBag from /Users/user/Desktop/Learning/AIRFLOW-TUTORIAL/py_env/lib/python3.11/site-packages/airflow/example_dags/example_complex.py
[2023-12-18T23:06:08.614+0100] {processor.py:839} INFO - DAG(s) dict_keys(['example_complex']) retrieved from /Users/user/Desktop/Learning/AIRFLOW-TUTORIAL/py_env/lib/python3.11/site-packages/airflow/example_dags/example_complex.py
[2023-12-18T23:06:08.843+0100] {logging_mixin.py:154} INFO - [2023-12-18T23:06:08.842+0100] {dag.py:2941} INFO - Sync 1 DAGs
[2023-12-18T23:06:08.857+0100] {logging_mixin.py:154} INFO - [2023-12-18T23:06:08.856+0100] {dag.py:3722} INFO - Setting next_dagrun for example_complex to None, run_after=None
[2023-12-18T23:06:08.880+0100] {processor.py:179} INFO - Processing /Users/user/Desktop/Learning/AIRFLOW-TUTORIAL/py_env/lib/python3.11/site-packages/airflow/example_dags/example_complex.py took 0.309 seconds
