[2023-12-18T22:38:40.613+0100] {processor.py:157} INFO - Started process (PID=25402) to work on /Users/user/Desktop/Learning/AIRFLOW-TUTORIAL/py_env/lib/python3.11/site-packages/airflow/example_dags/example_latest_only_with_trigger.py
[2023-12-18T22:38:40.616+0100] {processor.py:829} INFO - Processing file /Users/user/Desktop/Learning/AIRFLOW-TUTORIAL/py_env/lib/python3.11/site-packages/airflow/example_dags/example_latest_only_with_trigger.py for tasks to queue
[2023-12-18T22:38:40.617+0100] {logging_mixin.py:154} INFO - [2023-12-18T22:38:40.617+0100] {dagbag.py:536} INFO - Filling up the DagBag from /Users/user/Desktop/Learning/AIRFLOW-TUTORIAL/py_env/lib/python3.11/site-packages/airflow/example_dags/example_latest_only_with_trigger.py
[2023-12-18T22:38:40.651+0100] {processor.py:839} INFO - DAG(s) dict_keys(['latest_only_with_trigger']) retrieved from /Users/user/Desktop/Learning/AIRFLOW-TUTORIAL/py_env/lib/python3.11/site-packages/airflow/example_dags/example_latest_only_with_trigger.py
[2023-12-18T22:38:41.320+0100] {logging_mixin.py:154} INFO - [2023-12-18T22:38:41.320+0100] {manager.py:499} INFO - Created Permission View: %s
[2023-12-18T22:38:41.329+0100] {logging_mixin.py:154} INFO - [2023-12-18T22:38:41.329+0100] {manager.py:499} INFO - Created Permission View: %s
[2023-12-18T22:38:41.336+0100] {logging_mixin.py:154} INFO - [2023-12-18T22:38:41.335+0100] {manager.py:499} INFO - Created Permission View: %s
[2023-12-18T22:38:41.336+0100] {logging_mixin.py:154} INFO - [2023-12-18T22:38:41.336+0100] {dag.py:2941} INFO - Sync 1 DAGs
[2023-12-18T22:38:41.348+0100] {logging_mixin.py:154} INFO - [2023-12-18T22:38:41.348+0100] {dag.py:2963} INFO - Creating ORM DAG for latest_only_with_trigger
[2023-12-18T22:38:41.356+0100] {logging_mixin.py:154} INFO - [2023-12-18T22:38:41.355+0100] {dag.py:3722} INFO - Setting next_dagrun for latest_only_with_trigger to 2023-12-18T17:38:41.355742+00:00, run_after=2023-12-18T21:38:41.355742+00:00
[2023-12-18T22:38:41.373+0100] {processor.py:179} INFO - Processing /Users/user/Desktop/Learning/AIRFLOW-TUTORIAL/py_env/lib/python3.11/site-packages/airflow/example_dags/example_latest_only_with_trigger.py took 0.762 seconds
[2023-12-18T22:40:51.134+0100] {processor.py:157} INFO - Started process (PID=26612) to work on /Users/user/Desktop/Learning/AIRFLOW-TUTORIAL/py_env/lib/python3.11/site-packages/airflow/example_dags/example_latest_only_with_trigger.py
[2023-12-18T22:40:51.139+0100] {processor.py:829} INFO - Processing file /Users/user/Desktop/Learning/AIRFLOW-TUTORIAL/py_env/lib/python3.11/site-packages/airflow/example_dags/example_latest_only_with_trigger.py for tasks to queue
[2023-12-18T22:40:51.140+0100] {logging_mixin.py:154} INFO - [2023-12-18T22:40:51.140+0100] {dagbag.py:536} INFO - Filling up the DagBag from /Users/user/Desktop/Learning/AIRFLOW-TUTORIAL/py_env/lib/python3.11/site-packages/airflow/example_dags/example_latest_only_with_trigger.py
[2023-12-18T22:40:51.167+0100] {processor.py:839} INFO - DAG(s) dict_keys(['latest_only_with_trigger']) retrieved from /Users/user/Desktop/Learning/AIRFLOW-TUTORIAL/py_env/lib/python3.11/site-packages/airflow/example_dags/example_latest_only_with_trigger.py
[2023-12-18T22:40:51.330+0100] {logging_mixin.py:154} INFO - [2023-12-18T22:40:51.329+0100] {dag.py:2941} INFO - Sync 1 DAGs
[2023-12-18T22:40:51.347+0100] {logging_mixin.py:154} INFO - [2023-12-18T22:40:51.346+0100] {dag.py:3722} INFO - Setting next_dagrun for latest_only_with_trigger to 2023-12-18T17:40:51.346779+00:00, run_after=2023-12-18T21:40:51.346779+00:00
[2023-12-18T22:40:51.365+0100] {processor.py:179} INFO - Processing /Users/user/Desktop/Learning/AIRFLOW-TUTORIAL/py_env/lib/python3.11/site-packages/airflow/example_dags/example_latest_only_with_trigger.py took 0.233 seconds
[2023-12-18T22:43:53.156+0100] {processor.py:157} INFO - Started process (PID=28052) to work on /Users/user/Desktop/Learning/AIRFLOW-TUTORIAL/py_env/lib/python3.11/site-packages/airflow/example_dags/example_latest_only_with_trigger.py
[2023-12-18T22:43:53.160+0100] {processor.py:829} INFO - Processing file /Users/user/Desktop/Learning/AIRFLOW-TUTORIAL/py_env/lib/python3.11/site-packages/airflow/example_dags/example_latest_only_with_trigger.py for tasks to queue
[2023-12-18T22:43:53.160+0100] {logging_mixin.py:154} INFO - [2023-12-18T22:43:53.160+0100] {dagbag.py:536} INFO - Filling up the DagBag from /Users/user/Desktop/Learning/AIRFLOW-TUTORIAL/py_env/lib/python3.11/site-packages/airflow/example_dags/example_latest_only_with_trigger.py
[2023-12-18T22:43:53.191+0100] {processor.py:839} INFO - DAG(s) dict_keys(['latest_only_with_trigger']) retrieved from /Users/user/Desktop/Learning/AIRFLOW-TUTORIAL/py_env/lib/python3.11/site-packages/airflow/example_dags/example_latest_only_with_trigger.py
[2023-12-18T22:43:53.381+0100] {logging_mixin.py:154} INFO - [2023-12-18T22:43:53.380+0100] {dag.py:2941} INFO - Sync 1 DAGs
[2023-12-18T22:43:53.398+0100] {logging_mixin.py:154} INFO - [2023-12-18T22:43:53.398+0100] {dag.py:3722} INFO - Setting next_dagrun for latest_only_with_trigger to 2023-12-18T17:43:53.398255+00:00, run_after=2023-12-18T21:43:53.398255+00:00
[2023-12-18T22:43:53.417+0100] {processor.py:179} INFO - Processing /Users/user/Desktop/Learning/AIRFLOW-TUTORIAL/py_env/lib/python3.11/site-packages/airflow/example_dags/example_latest_only_with_trigger.py took 0.262 seconds
[2023-12-18T22:47:08.170+0100] {processor.py:157} INFO - Started process (PID=29514) to work on /Users/user/Desktop/Learning/AIRFLOW-TUTORIAL/py_env/lib/python3.11/site-packages/airflow/example_dags/example_latest_only_with_trigger.py
[2023-12-18T22:47:08.176+0100] {processor.py:829} INFO - Processing file /Users/user/Desktop/Learning/AIRFLOW-TUTORIAL/py_env/lib/python3.11/site-packages/airflow/example_dags/example_latest_only_with_trigger.py for tasks to queue
[2023-12-18T22:47:08.177+0100] {logging_mixin.py:154} INFO - [2023-12-18T22:47:08.177+0100] {dagbag.py:536} INFO - Filling up the DagBag from /Users/user/Desktop/Learning/AIRFLOW-TUTORIAL/py_env/lib/python3.11/site-packages/airflow/example_dags/example_latest_only_with_trigger.py
[2023-12-18T22:47:08.213+0100] {processor.py:839} INFO - DAG(s) dict_keys(['latest_only_with_trigger']) retrieved from /Users/user/Desktop/Learning/AIRFLOW-TUTORIAL/py_env/lib/python3.11/site-packages/airflow/example_dags/example_latest_only_with_trigger.py
[2023-12-18T22:47:08.468+0100] {logging_mixin.py:154} INFO - [2023-12-18T22:47:08.468+0100] {dag.py:2941} INFO - Sync 1 DAGs
[2023-12-18T22:47:08.492+0100] {logging_mixin.py:154} INFO - [2023-12-18T22:47:08.492+0100] {dag.py:3722} INFO - Setting next_dagrun for latest_only_with_trigger to 2023-12-18T17:47:08.492193+00:00, run_after=2023-12-18T21:47:08.492193+00:00
[2023-12-18T22:47:08.514+0100] {processor.py:179} INFO - Processing /Users/user/Desktop/Learning/AIRFLOW-TUTORIAL/py_env/lib/python3.11/site-packages/airflow/example_dags/example_latest_only_with_trigger.py took 0.344 seconds
[2023-12-18T22:50:20.973+0100] {processor.py:157} INFO - Started process (PID=31292) to work on /Users/user/Desktop/Learning/AIRFLOW-TUTORIAL/py_env/lib/python3.11/site-packages/airflow/example_dags/example_latest_only_with_trigger.py
[2023-12-18T22:50:20.981+0100] {processor.py:829} INFO - Processing file /Users/user/Desktop/Learning/AIRFLOW-TUTORIAL/py_env/lib/python3.11/site-packages/airflow/example_dags/example_latest_only_with_trigger.py for tasks to queue
[2023-12-18T22:50:20.982+0100] {logging_mixin.py:154} INFO - [2023-12-18T22:50:20.981+0100] {dagbag.py:536} INFO - Filling up the DagBag from /Users/user/Desktop/Learning/AIRFLOW-TUTORIAL/py_env/lib/python3.11/site-packages/airflow/example_dags/example_latest_only_with_trigger.py
[2023-12-18T22:50:21.033+0100] {processor.py:839} INFO - DAG(s) dict_keys(['latest_only_with_trigger']) retrieved from /Users/user/Desktop/Learning/AIRFLOW-TUTORIAL/py_env/lib/python3.11/site-packages/airflow/example_dags/example_latest_only_with_trigger.py
[2023-12-18T22:50:21.364+0100] {logging_mixin.py:154} INFO - [2023-12-18T22:50:21.364+0100] {dag.py:2941} INFO - Sync 1 DAGs
[2023-12-18T22:50:21.393+0100] {logging_mixin.py:154} INFO - [2023-12-18T22:50:21.392+0100] {dag.py:3722} INFO - Setting next_dagrun for latest_only_with_trigger to 2023-12-18T17:50:21.392756+00:00, run_after=2023-12-18T21:50:21.392756+00:00
[2023-12-18T22:50:21.419+0100] {processor.py:179} INFO - Processing /Users/user/Desktop/Learning/AIRFLOW-TUTORIAL/py_env/lib/python3.11/site-packages/airflow/example_dags/example_latest_only_with_trigger.py took 0.447 seconds
[2023-12-18T22:54:04.348+0100] {processor.py:157} INFO - Started process (PID=33052) to work on /Users/user/Desktop/Learning/AIRFLOW-TUTORIAL/py_env/lib/python3.11/site-packages/airflow/example_dags/example_latest_only_with_trigger.py
[2023-12-18T22:54:04.352+0100] {processor.py:829} INFO - Processing file /Users/user/Desktop/Learning/AIRFLOW-TUTORIAL/py_env/lib/python3.11/site-packages/airflow/example_dags/example_latest_only_with_trigger.py for tasks to queue
[2023-12-18T22:54:04.353+0100] {logging_mixin.py:154} INFO - [2023-12-18T22:54:04.353+0100] {dagbag.py:536} INFO - Filling up the DagBag from /Users/user/Desktop/Learning/AIRFLOW-TUTORIAL/py_env/lib/python3.11/site-packages/airflow/example_dags/example_latest_only_with_trigger.py
[2023-12-18T22:54:04.394+0100] {processor.py:839} INFO - DAG(s) dict_keys(['latest_only_with_trigger']) retrieved from /Users/user/Desktop/Learning/AIRFLOW-TUTORIAL/py_env/lib/python3.11/site-packages/airflow/example_dags/example_latest_only_with_trigger.py
[2023-12-18T22:54:04.647+0100] {logging_mixin.py:154} INFO - [2023-12-18T22:54:04.647+0100] {dag.py:2941} INFO - Sync 1 DAGs
[2023-12-18T22:54:04.669+0100] {logging_mixin.py:154} INFO - [2023-12-18T22:54:04.669+0100] {dag.py:3722} INFO - Setting next_dagrun for latest_only_with_trigger to 2023-12-18T17:54:04.668848+00:00, run_after=2023-12-18T21:54:04.668848+00:00
[2023-12-18T22:54:04.693+0100] {processor.py:179} INFO - Processing /Users/user/Desktop/Learning/AIRFLOW-TUTORIAL/py_env/lib/python3.11/site-packages/airflow/example_dags/example_latest_only_with_trigger.py took 0.346 seconds
[2023-12-18T22:57:26.655+0100] {processor.py:157} INFO - Started process (PID=34665) to work on /Users/user/Desktop/Learning/AIRFLOW-TUTORIAL/py_env/lib/python3.11/site-packages/airflow/example_dags/example_latest_only_with_trigger.py
[2023-12-18T22:57:26.666+0100] {processor.py:829} INFO - Processing file /Users/user/Desktop/Learning/AIRFLOW-TUTORIAL/py_env/lib/python3.11/site-packages/airflow/example_dags/example_latest_only_with_trigger.py for tasks to queue
[2023-12-18T22:57:26.668+0100] {logging_mixin.py:154} INFO - [2023-12-18T22:57:26.667+0100] {dagbag.py:536} INFO - Filling up the DagBag from /Users/user/Desktop/Learning/AIRFLOW-TUTORIAL/py_env/lib/python3.11/site-packages/airflow/example_dags/example_latest_only_with_trigger.py
[2023-12-18T22:57:26.727+0100] {processor.py:839} INFO - DAG(s) dict_keys(['latest_only_with_trigger']) retrieved from /Users/user/Desktop/Learning/AIRFLOW-TUTORIAL/py_env/lib/python3.11/site-packages/airflow/example_dags/example_latest_only_with_trigger.py
[2023-12-18T22:57:27.072+0100] {logging_mixin.py:154} INFO - [2023-12-18T22:57:27.071+0100] {dag.py:2941} INFO - Sync 1 DAGs
[2023-12-18T22:57:27.095+0100] {logging_mixin.py:154} INFO - [2023-12-18T22:57:27.095+0100] {dag.py:3722} INFO - Setting next_dagrun for latest_only_with_trigger to 2023-12-18T17:57:27.095141+00:00, run_after=2023-12-18T21:57:27.095141+00:00
[2023-12-18T22:57:27.132+0100] {processor.py:179} INFO - Processing /Users/user/Desktop/Learning/AIRFLOW-TUTORIAL/py_env/lib/python3.11/site-packages/airflow/example_dags/example_latest_only_with_trigger.py took 0.477 seconds
[2023-12-18T23:00:59.823+0100] {processor.py:157} INFO - Started process (PID=36005) to work on /Users/user/Desktop/Learning/AIRFLOW-TUTORIAL/py_env/lib/python3.11/site-packages/airflow/example_dags/example_latest_only_with_trigger.py
[2023-12-18T23:00:59.836+0100] {processor.py:829} INFO - Processing file /Users/user/Desktop/Learning/AIRFLOW-TUTORIAL/py_env/lib/python3.11/site-packages/airflow/example_dags/example_latest_only_with_trigger.py for tasks to queue
[2023-12-18T23:00:59.836+0100] {logging_mixin.py:154} INFO - [2023-12-18T23:00:59.836+0100] {dagbag.py:536} INFO - Filling up the DagBag from /Users/user/Desktop/Learning/AIRFLOW-TUTORIAL/py_env/lib/python3.11/site-packages/airflow/example_dags/example_latest_only_with_trigger.py
[2023-12-18T23:00:59.931+0100] {processor.py:839} INFO - DAG(s) dict_keys(['latest_only_with_trigger']) retrieved from /Users/user/Desktop/Learning/AIRFLOW-TUTORIAL/py_env/lib/python3.11/site-packages/airflow/example_dags/example_latest_only_with_trigger.py
[2023-12-18T23:01:00.376+0100] {logging_mixin.py:154} INFO - [2023-12-18T23:01:00.376+0100] {dag.py:2941} INFO - Sync 1 DAGs
[2023-12-18T23:01:00.411+0100] {logging_mixin.py:154} INFO - [2023-12-18T23:01:00.411+0100] {dag.py:3722} INFO - Setting next_dagrun for latest_only_with_trigger to 2023-12-18T18:01:00.411273+00:00, run_after=2023-12-18T22:01:00.411273+00:00
[2023-12-18T23:01:00.435+0100] {processor.py:179} INFO - Processing /Users/user/Desktop/Learning/AIRFLOW-TUTORIAL/py_env/lib/python3.11/site-packages/airflow/example_dags/example_latest_only_with_trigger.py took 0.613 seconds
[2023-12-18T23:05:46.212+0100] {processor.py:157} INFO - Started process (PID=37790) to work on /Users/user/Desktop/Learning/AIRFLOW-TUTORIAL/py_env/lib/python3.11/site-packages/airflow/example_dags/example_latest_only_with_trigger.py
[2023-12-18T23:05:46.216+0100] {processor.py:829} INFO - Processing file /Users/user/Desktop/Learning/AIRFLOW-TUTORIAL/py_env/lib/python3.11/site-packages/airflow/example_dags/example_latest_only_with_trigger.py for tasks to queue
[2023-12-18T23:05:46.217+0100] {logging_mixin.py:154} INFO - [2023-12-18T23:05:46.217+0100] {dagbag.py:536} INFO - Filling up the DagBag from /Users/user/Desktop/Learning/AIRFLOW-TUTORIAL/py_env/lib/python3.11/site-packages/airflow/example_dags/example_latest_only_with_trigger.py
[2023-12-18T23:05:46.245+0100] {processor.py:839} INFO - DAG(s) dict_keys(['latest_only_with_trigger']) retrieved from /Users/user/Desktop/Learning/AIRFLOW-TUTORIAL/py_env/lib/python3.11/site-packages/airflow/example_dags/example_latest_only_with_trigger.py
[2023-12-18T23:05:46.433+0100] {logging_mixin.py:154} INFO - [2023-12-18T23:05:46.433+0100] {dag.py:2941} INFO - Sync 1 DAGs
[2023-12-18T23:05:46.449+0100] {logging_mixin.py:154} INFO - [2023-12-18T23:05:46.449+0100] {dag.py:3722} INFO - Setting next_dagrun for latest_only_with_trigger to 2023-12-18T18:05:46.449425+00:00, run_after=2023-12-18T22:05:46.449425+00:00
[2023-12-18T23:05:46.468+0100] {processor.py:179} INFO - Processing /Users/user/Desktop/Learning/AIRFLOW-TUTORIAL/py_env/lib/python3.11/site-packages/airflow/example_dags/example_latest_only_with_trigger.py took 0.257 seconds
[2023-12-18T23:08:04.254+0100] {processor.py:157} INFO - Started process (PID=38915) to work on /Users/user/Desktop/Learning/AIRFLOW-TUTORIAL/py_env/lib/python3.11/site-packages/airflow/example_dags/example_latest_only_with_trigger.py
[2023-12-18T23:08:04.260+0100] {processor.py:829} INFO - Processing file /Users/user/Desktop/Learning/AIRFLOW-TUTORIAL/py_env/lib/python3.11/site-packages/airflow/example_dags/example_latest_only_with_trigger.py for tasks to queue
[2023-12-18T23:08:04.261+0100] {logging_mixin.py:154} INFO - [2023-12-18T23:08:04.260+0100] {dagbag.py:536} INFO - Filling up the DagBag from /Users/user/Desktop/Learning/AIRFLOW-TUTORIAL/py_env/lib/python3.11/site-packages/airflow/example_dags/example_latest_only_with_trigger.py
[2023-12-18T23:08:04.295+0100] {processor.py:839} INFO - DAG(s) dict_keys(['latest_only_with_trigger']) retrieved from /Users/user/Desktop/Learning/AIRFLOW-TUTORIAL/py_env/lib/python3.11/site-packages/airflow/example_dags/example_latest_only_with_trigger.py
[2023-12-18T23:08:04.509+0100] {logging_mixin.py:154} INFO - [2023-12-18T23:08:04.509+0100] {dag.py:2941} INFO - Sync 1 DAGs
[2023-12-18T23:08:04.529+0100] {logging_mixin.py:154} INFO - [2023-12-18T23:08:04.529+0100] {dag.py:3722} INFO - Setting next_dagrun for latest_only_with_trigger to 2023-12-18T18:08:04.529486+00:00, run_after=2023-12-18T22:08:04.529486+00:00
[2023-12-18T23:08:04.553+0100] {processor.py:179} INFO - Processing /Users/user/Desktop/Learning/AIRFLOW-TUTORIAL/py_env/lib/python3.11/site-packages/airflow/example_dags/example_latest_only_with_trigger.py took 0.300 seconds
