[2023-12-18T22:38:31.582+0100] {processor.py:157} INFO - Started process (PID=25304) to work on /Users/user/Desktop/Learning/AIRFLOW-TUTORIAL/py_env/lib/python3.11/site-packages/airflow/example_dags/example_params_trigger_ui.py
[2023-12-18T22:38:31.586+0100] {processor.py:829} INFO - Processing file /Users/user/Desktop/Learning/AIRFLOW-TUTORIAL/py_env/lib/python3.11/site-packages/airflow/example_dags/example_params_trigger_ui.py for tasks to queue
[2023-12-18T22:38:31.586+0100] {logging_mixin.py:154} INFO - [2023-12-18T22:38:31.586+0100] {dagbag.py:536} INFO - Filling up the DagBag from /Users/user/Desktop/Learning/AIRFLOW-TUTORIAL/py_env/lib/python3.11/site-packages/airflow/example_dags/example_params_trigger_ui.py
[2023-12-18T22:38:31.722+0100] {processor.py:839} INFO - DAG(s) dict_keys(['example_params_trigger_ui']) retrieved from /Users/user/Desktop/Learning/AIRFLOW-TUTORIAL/py_env/lib/python3.11/site-packages/airflow/example_dags/example_params_trigger_ui.py
[2023-12-18T22:38:32.441+0100] {logging_mixin.py:154} INFO - [2023-12-18T22:38:32.440+0100] {manager.py:499} INFO - Created Permission View: %s
[2023-12-18T22:38:32.452+0100] {logging_mixin.py:154} INFO - [2023-12-18T22:38:32.452+0100] {manager.py:499} INFO - Created Permission View: %s
[2023-12-18T22:38:32.459+0100] {logging_mixin.py:154} INFO - [2023-12-18T22:38:32.459+0100] {manager.py:499} INFO - Created Permission View: %s
[2023-12-18T22:38:32.459+0100] {logging_mixin.py:154} INFO - [2023-12-18T22:38:32.459+0100] {dag.py:2941} INFO - Sync 1 DAGs
[2023-12-18T22:38:32.471+0100] {logging_mixin.py:154} INFO - [2023-12-18T22:38:32.470+0100] {dag.py:2963} INFO - Creating ORM DAG for example_params_trigger_ui
[2023-12-18T22:38:32.471+0100] {logging_mixin.py:154} INFO - [2023-12-18T22:38:32.471+0100] {dag.py:3722} INFO - Setting next_dagrun for example_params_trigger_ui to None, run_after=None
[2023-12-18T22:38:32.492+0100] {processor.py:179} INFO - Processing /Users/user/Desktop/Learning/AIRFLOW-TUTORIAL/py_env/lib/python3.11/site-packages/airflow/example_dags/example_params_trigger_ui.py took 0.910 seconds
[2023-12-18T22:40:45.554+0100] {processor.py:157} INFO - Started process (PID=26609) to work on /Users/user/Desktop/Learning/AIRFLOW-TUTORIAL/py_env/lib/python3.11/site-packages/airflow/example_dags/example_params_trigger_ui.py
[2023-12-18T22:40:45.559+0100] {processor.py:829} INFO - Processing file /Users/user/Desktop/Learning/AIRFLOW-TUTORIAL/py_env/lib/python3.11/site-packages/airflow/example_dags/example_params_trigger_ui.py for tasks to queue
[2023-12-18T22:40:45.560+0100] {logging_mixin.py:154} INFO - [2023-12-18T22:40:45.559+0100] {dagbag.py:536} INFO - Filling up the DagBag from /Users/user/Desktop/Learning/AIRFLOW-TUTORIAL/py_env/lib/python3.11/site-packages/airflow/example_dags/example_params_trigger_ui.py
[2023-12-18T22:40:45.663+0100] {processor.py:839} INFO - DAG(s) dict_keys(['example_params_trigger_ui']) retrieved from /Users/user/Desktop/Learning/AIRFLOW-TUTORIAL/py_env/lib/python3.11/site-packages/airflow/example_dags/example_params_trigger_ui.py
[2023-12-18T22:40:45.807+0100] {logging_mixin.py:154} INFO - [2023-12-18T22:40:45.806+0100] {dag.py:2941} INFO - Sync 1 DAGs
[2023-12-18T22:40:45.815+0100] {logging_mixin.py:154} INFO - [2023-12-18T22:40:45.815+0100] {dag.py:3722} INFO - Setting next_dagrun for example_params_trigger_ui to None, run_after=None
[2023-12-18T22:40:45.832+0100] {processor.py:179} INFO - Processing /Users/user/Desktop/Learning/AIRFLOW-TUTORIAL/py_env/lib/python3.11/site-packages/airflow/example_dags/example_params_trigger_ui.py took 0.278 seconds
[2023-12-18T22:43:44.961+0100] {processor.py:157} INFO - Started process (PID=27957) to work on /Users/user/Desktop/Learning/AIRFLOW-TUTORIAL/py_env/lib/python3.11/site-packages/airflow/example_dags/example_params_trigger_ui.py
[2023-12-18T22:43:44.965+0100] {processor.py:829} INFO - Processing file /Users/user/Desktop/Learning/AIRFLOW-TUTORIAL/py_env/lib/python3.11/site-packages/airflow/example_dags/example_params_trigger_ui.py for tasks to queue
[2023-12-18T22:43:44.965+0100] {logging_mixin.py:154} INFO - [2023-12-18T22:43:44.965+0100] {dagbag.py:536} INFO - Filling up the DagBag from /Users/user/Desktop/Learning/AIRFLOW-TUTORIAL/py_env/lib/python3.11/site-packages/airflow/example_dags/example_params_trigger_ui.py
[2023-12-18T22:43:45.075+0100] {processor.py:839} INFO - DAG(s) dict_keys(['example_params_trigger_ui']) retrieved from /Users/user/Desktop/Learning/AIRFLOW-TUTORIAL/py_env/lib/python3.11/site-packages/airflow/example_dags/example_params_trigger_ui.py
[2023-12-18T22:43:45.243+0100] {logging_mixin.py:154} INFO - [2023-12-18T22:43:45.242+0100] {dag.py:2941} INFO - Sync 1 DAGs
[2023-12-18T22:43:45.253+0100] {logging_mixin.py:154} INFO - [2023-12-18T22:43:45.252+0100] {dag.py:3722} INFO - Setting next_dagrun for example_params_trigger_ui to None, run_after=None
[2023-12-18T22:43:45.274+0100] {processor.py:179} INFO - Processing /Users/user/Desktop/Learning/AIRFLOW-TUTORIAL/py_env/lib/python3.11/site-packages/airflow/example_dags/example_params_trigger_ui.py took 0.314 seconds
[2023-12-18T22:46:58.906+0100] {processor.py:157} INFO - Started process (PID=29412) to work on /Users/user/Desktop/Learning/AIRFLOW-TUTORIAL/py_env/lib/python3.11/site-packages/airflow/example_dags/example_params_trigger_ui.py
[2023-12-18T22:46:58.913+0100] {processor.py:829} INFO - Processing file /Users/user/Desktop/Learning/AIRFLOW-TUTORIAL/py_env/lib/python3.11/site-packages/airflow/example_dags/example_params_trigger_ui.py for tasks to queue
[2023-12-18T22:46:58.913+0100] {logging_mixin.py:154} INFO - [2023-12-18T22:46:58.913+0100] {dagbag.py:536} INFO - Filling up the DagBag from /Users/user/Desktop/Learning/AIRFLOW-TUTORIAL/py_env/lib/python3.11/site-packages/airflow/example_dags/example_params_trigger_ui.py
[2023-12-18T22:46:59.059+0100] {processor.py:839} INFO - DAG(s) dict_keys(['example_params_trigger_ui']) retrieved from /Users/user/Desktop/Learning/AIRFLOW-TUTORIAL/py_env/lib/python3.11/site-packages/airflow/example_dags/example_params_trigger_ui.py
[2023-12-18T22:46:59.270+0100] {logging_mixin.py:154} INFO - [2023-12-18T22:46:59.270+0100] {dag.py:2941} INFO - Sync 1 DAGs
[2023-12-18T22:46:59.286+0100] {logging_mixin.py:154} INFO - [2023-12-18T22:46:59.286+0100] {dag.py:3722} INFO - Setting next_dagrun for example_params_trigger_ui to None, run_after=None
[2023-12-18T22:46:59.317+0100] {processor.py:179} INFO - Processing /Users/user/Desktop/Learning/AIRFLOW-TUTORIAL/py_env/lib/python3.11/site-packages/airflow/example_dags/example_params_trigger_ui.py took 0.412 seconds
[2023-12-18T22:50:12.465+0100] {processor.py:157} INFO - Started process (PID=31193) to work on /Users/user/Desktop/Learning/AIRFLOW-TUTORIAL/py_env/lib/python3.11/site-packages/airflow/example_dags/example_params_trigger_ui.py
[2023-12-18T22:50:12.469+0100] {processor.py:829} INFO - Processing file /Users/user/Desktop/Learning/AIRFLOW-TUTORIAL/py_env/lib/python3.11/site-packages/airflow/example_dags/example_params_trigger_ui.py for tasks to queue
[2023-12-18T22:50:12.470+0100] {logging_mixin.py:154} INFO - [2023-12-18T22:50:12.470+0100] {dagbag.py:536} INFO - Filling up the DagBag from /Users/user/Desktop/Learning/AIRFLOW-TUTORIAL/py_env/lib/python3.11/site-packages/airflow/example_dags/example_params_trigger_ui.py
[2023-12-18T22:50:12.585+0100] {processor.py:839} INFO - DAG(s) dict_keys(['example_params_trigger_ui']) retrieved from /Users/user/Desktop/Learning/AIRFLOW-TUTORIAL/py_env/lib/python3.11/site-packages/airflow/example_dags/example_params_trigger_ui.py
[2023-12-18T22:50:12.760+0100] {logging_mixin.py:154} INFO - [2023-12-18T22:50:12.760+0100] {dag.py:2941} INFO - Sync 1 DAGs
[2023-12-18T22:50:12.769+0100] {logging_mixin.py:154} INFO - [2023-12-18T22:50:12.769+0100] {dag.py:3722} INFO - Setting next_dagrun for example_params_trigger_ui to None, run_after=None
[2023-12-18T22:50:12.788+0100] {processor.py:179} INFO - Processing /Users/user/Desktop/Learning/AIRFLOW-TUTORIAL/py_env/lib/python3.11/site-packages/airflow/example_dags/example_params_trigger_ui.py took 0.324 seconds
[2023-12-18T22:53:53.861+0100] {processor.py:157} INFO - Started process (PID=33048) to work on /Users/user/Desktop/Learning/AIRFLOW-TUTORIAL/py_env/lib/python3.11/site-packages/airflow/example_dags/example_params_trigger_ui.py
[2023-12-18T22:53:53.867+0100] {processor.py:829} INFO - Processing file /Users/user/Desktop/Learning/AIRFLOW-TUTORIAL/py_env/lib/python3.11/site-packages/airflow/example_dags/example_params_trigger_ui.py for tasks to queue
[2023-12-18T22:53:53.868+0100] {logging_mixin.py:154} INFO - [2023-12-18T22:53:53.868+0100] {dagbag.py:536} INFO - Filling up the DagBag from /Users/user/Desktop/Learning/AIRFLOW-TUTORIAL/py_env/lib/python3.11/site-packages/airflow/example_dags/example_params_trigger_ui.py
[2023-12-18T22:53:54.050+0100] {processor.py:839} INFO - DAG(s) dict_keys(['example_params_trigger_ui']) retrieved from /Users/user/Desktop/Learning/AIRFLOW-TUTORIAL/py_env/lib/python3.11/site-packages/airflow/example_dags/example_params_trigger_ui.py
[2023-12-18T22:53:54.366+0100] {logging_mixin.py:154} INFO - [2023-12-18T22:53:54.366+0100] {dag.py:2941} INFO - Sync 1 DAGs
[2023-12-18T22:53:54.386+0100] {logging_mixin.py:154} INFO - [2023-12-18T22:53:54.385+0100] {dag.py:3722} INFO - Setting next_dagrun for example_params_trigger_ui to None, run_after=None
[2023-12-18T22:53:54.419+0100] {processor.py:179} INFO - Processing /Users/user/Desktop/Learning/AIRFLOW-TUTORIAL/py_env/lib/python3.11/site-packages/airflow/example_dags/example_params_trigger_ui.py took 0.559 seconds
[2023-12-18T22:57:19.447+0100] {processor.py:157} INFO - Started process (PID=34570) to work on /Users/user/Desktop/Learning/AIRFLOW-TUTORIAL/py_env/lib/python3.11/site-packages/airflow/example_dags/example_params_trigger_ui.py
[2023-12-18T22:57:19.451+0100] {processor.py:829} INFO - Processing file /Users/user/Desktop/Learning/AIRFLOW-TUTORIAL/py_env/lib/python3.11/site-packages/airflow/example_dags/example_params_trigger_ui.py for tasks to queue
[2023-12-18T22:57:19.452+0100] {logging_mixin.py:154} INFO - [2023-12-18T22:57:19.452+0100] {dagbag.py:536} INFO - Filling up the DagBag from /Users/user/Desktop/Learning/AIRFLOW-TUTORIAL/py_env/lib/python3.11/site-packages/airflow/example_dags/example_params_trigger_ui.py
[2023-12-18T22:57:19.578+0100] {processor.py:839} INFO - DAG(s) dict_keys(['example_params_trigger_ui']) retrieved from /Users/user/Desktop/Learning/AIRFLOW-TUTORIAL/py_env/lib/python3.11/site-packages/airflow/example_dags/example_params_trigger_ui.py
[2023-12-18T22:57:19.775+0100] {logging_mixin.py:154} INFO - [2023-12-18T22:57:19.774+0100] {dag.py:2941} INFO - Sync 1 DAGs
[2023-12-18T22:57:19.792+0100] {logging_mixin.py:154} INFO - [2023-12-18T22:57:19.792+0100] {dag.py:3722} INFO - Setting next_dagrun for example_params_trigger_ui to None, run_after=None
[2023-12-18T22:57:19.813+0100] {processor.py:179} INFO - Processing /Users/user/Desktop/Learning/AIRFLOW-TUTORIAL/py_env/lib/python3.11/site-packages/airflow/example_dags/example_params_trigger_ui.py took 0.367 seconds
[2023-12-18T22:59:10.300+0100] {processor.py:157} INFO - Started process (PID=35402) to work on /Users/user/Desktop/Learning/AIRFLOW-TUTORIAL/py_env/lib/python3.11/site-packages/airflow/example_dags/example_params_trigger_ui.py
[2023-12-18T22:59:10.304+0100] {processor.py:829} INFO - Processing file /Users/user/Desktop/Learning/AIRFLOW-TUTORIAL/py_env/lib/python3.11/site-packages/airflow/example_dags/example_params_trigger_ui.py for tasks to queue
[2023-12-18T22:59:10.305+0100] {logging_mixin.py:154} INFO - [2023-12-18T22:59:10.305+0100] {dagbag.py:536} INFO - Filling up the DagBag from /Users/user/Desktop/Learning/AIRFLOW-TUTORIAL/py_env/lib/python3.11/site-packages/airflow/example_dags/example_params_trigger_ui.py
[2023-12-18T22:59:10.411+0100] {processor.py:839} INFO - DAG(s) dict_keys(['example_params_trigger_ui']) retrieved from /Users/user/Desktop/Learning/AIRFLOW-TUTORIAL/py_env/lib/python3.11/site-packages/airflow/example_dags/example_params_trigger_ui.py
[2023-12-18T22:59:10.565+0100] {logging_mixin.py:154} INFO - [2023-12-18T22:59:10.564+0100] {dag.py:2941} INFO - Sync 1 DAGs
[2023-12-18T22:59:10.577+0100] {logging_mixin.py:154} INFO - [2023-12-18T22:59:10.577+0100] {dag.py:3722} INFO - Setting next_dagrun for example_params_trigger_ui to None, run_after=None
[2023-12-18T22:59:10.614+0100] {processor.py:179} INFO - Processing /Users/user/Desktop/Learning/AIRFLOW-TUTORIAL/py_env/lib/python3.11/site-packages/airflow/example_dags/example_params_trigger_ui.py took 0.315 seconds
[2023-12-18T23:02:39.042+0100] {processor.py:157} INFO - Started process (PID=36657) to work on /Users/user/Desktop/Learning/AIRFLOW-TUTORIAL/py_env/lib/python3.11/site-packages/airflow/example_dags/example_params_trigger_ui.py
[2023-12-18T23:02:39.068+0100] {processor.py:829} INFO - Processing file /Users/user/Desktop/Learning/AIRFLOW-TUTORIAL/py_env/lib/python3.11/site-packages/airflow/example_dags/example_params_trigger_ui.py for tasks to queue
[2023-12-18T23:02:39.069+0100] {logging_mixin.py:154} INFO - [2023-12-18T23:02:39.069+0100] {dagbag.py:536} INFO - Filling up the DagBag from /Users/user/Desktop/Learning/AIRFLOW-TUTORIAL/py_env/lib/python3.11/site-packages/airflow/example_dags/example_params_trigger_ui.py
[2023-12-18T23:02:39.219+0100] {processor.py:839} INFO - DAG(s) dict_keys(['example_params_trigger_ui']) retrieved from /Users/user/Desktop/Learning/AIRFLOW-TUTORIAL/py_env/lib/python3.11/site-packages/airflow/example_dags/example_params_trigger_ui.py
[2023-12-18T23:02:39.472+0100] {logging_mixin.py:154} INFO - [2023-12-18T23:02:39.472+0100] {dag.py:2941} INFO - Sync 1 DAGs
[2023-12-18T23:02:39.493+0100] {logging_mixin.py:154} INFO - [2023-12-18T23:02:39.493+0100] {dag.py:3722} INFO - Setting next_dagrun for example_params_trigger_ui to None, run_after=None
[2023-12-18T23:02:39.629+0100] {processor.py:179} INFO - Processing /Users/user/Desktop/Learning/AIRFLOW-TUTORIAL/py_env/lib/python3.11/site-packages/airflow/example_dags/example_params_trigger_ui.py took 0.588 seconds
[2023-12-18T23:05:38.748+0100] {processor.py:157} INFO - Started process (PID=37787) to work on /Users/user/Desktop/Learning/AIRFLOW-TUTORIAL/py_env/lib/python3.11/site-packages/airflow/example_dags/example_params_trigger_ui.py
[2023-12-18T23:05:38.752+0100] {processor.py:829} INFO - Processing file /Users/user/Desktop/Learning/AIRFLOW-TUTORIAL/py_env/lib/python3.11/site-packages/airflow/example_dags/example_params_trigger_ui.py for tasks to queue
[2023-12-18T23:05:38.753+0100] {logging_mixin.py:154} INFO - [2023-12-18T23:05:38.753+0100] {dagbag.py:536} INFO - Filling up the DagBag from /Users/user/Desktop/Learning/AIRFLOW-TUTORIAL/py_env/lib/python3.11/site-packages/airflow/example_dags/example_params_trigger_ui.py
[2023-12-18T23:05:38.875+0100] {processor.py:839} INFO - DAG(s) dict_keys(['example_params_trigger_ui']) retrieved from /Users/user/Desktop/Learning/AIRFLOW-TUTORIAL/py_env/lib/python3.11/site-packages/airflow/example_dags/example_params_trigger_ui.py
[2023-12-18T23:05:39.080+0100] {logging_mixin.py:154} INFO - [2023-12-18T23:05:39.080+0100] {dag.py:2941} INFO - Sync 1 DAGs
[2023-12-18T23:05:39.091+0100] {logging_mixin.py:154} INFO - [2023-12-18T23:05:39.091+0100] {dag.py:3722} INFO - Setting next_dagrun for example_params_trigger_ui to None, run_after=None
[2023-12-18T23:05:39.110+0100] {processor.py:179} INFO - Processing /Users/user/Desktop/Learning/AIRFLOW-TUTORIAL/py_env/lib/python3.11/site-packages/airflow/example_dags/example_params_trigger_ui.py took 0.363 seconds
[2023-12-18T23:07:57.231+0100] {processor.py:157} INFO - Started process (PID=38811) to work on /Users/user/Desktop/Learning/AIRFLOW-TUTORIAL/py_env/lib/python3.11/site-packages/airflow/example_dags/example_params_trigger_ui.py
[2023-12-18T23:07:57.236+0100] {processor.py:829} INFO - Processing file /Users/user/Desktop/Learning/AIRFLOW-TUTORIAL/py_env/lib/python3.11/site-packages/airflow/example_dags/example_params_trigger_ui.py for tasks to queue
[2023-12-18T23:07:57.236+0100] {logging_mixin.py:154} INFO - [2023-12-18T23:07:57.236+0100] {dagbag.py:536} INFO - Filling up the DagBag from /Users/user/Desktop/Learning/AIRFLOW-TUTORIAL/py_env/lib/python3.11/site-packages/airflow/example_dags/example_params_trigger_ui.py
[2023-12-18T23:07:57.357+0100] {processor.py:839} INFO - DAG(s) dict_keys(['example_params_trigger_ui']) retrieved from /Users/user/Desktop/Learning/AIRFLOW-TUTORIAL/py_env/lib/python3.11/site-packages/airflow/example_dags/example_params_trigger_ui.py
[2023-12-18T23:07:57.534+0100] {logging_mixin.py:154} INFO - [2023-12-18T23:07:57.533+0100] {dag.py:2941} INFO - Sync 1 DAGs
[2023-12-18T23:07:57.546+0100] {logging_mixin.py:154} INFO - [2023-12-18T23:07:57.546+0100] {dag.py:3722} INFO - Setting next_dagrun for example_params_trigger_ui to None, run_after=None
[2023-12-18T23:07:57.566+0100] {processor.py:179} INFO - Processing /Users/user/Desktop/Learning/AIRFLOW-TUTORIAL/py_env/lib/python3.11/site-packages/airflow/example_dags/example_params_trigger_ui.py took 0.336 seconds
