[2023-12-18T22:38:59.356+0100] {processor.py:157} INFO - Started process (PID=25594) to work on /Users/user/Desktop/Learning/AIRFLOW-TUTORIAL/py_env/lib/python3.11/site-packages/airflow/example_dags/example_datasets.py
[2023-12-18T22:38:59.360+0100] {processor.py:829} INFO - Processing file /Users/user/Desktop/Learning/AIRFLOW-TUTORIAL/py_env/lib/python3.11/site-packages/airflow/example_dags/example_datasets.py for tasks to queue
[2023-12-18T22:38:59.360+0100] {logging_mixin.py:154} INFO - [2023-12-18T22:38:59.360+0100] {dagbag.py:536} INFO - Filling up the DagBag from /Users/user/Desktop/Learning/AIRFLOW-TUTORIAL/py_env/lib/python3.11/site-packages/airflow/example_dags/example_datasets.py
[2023-12-18T22:38:59.394+0100] {processor.py:839} INFO - DAG(s) dict_keys(['dataset_produces_2', 'dataset_consumes_1_never_scheduled', 'dataset_consumes_unknown_never_scheduled', 'dataset_produces_1', 'dataset_consumes_1_and_2', 'dataset_consumes_1']) retrieved from /Users/user/Desktop/Learning/AIRFLOW-TUTORIAL/py_env/lib/python3.11/site-packages/airflow/example_dags/example_datasets.py
[2023-12-18T22:39:00.037+0100] {logging_mixin.py:154} INFO - [2023-12-18T22:39:00.037+0100] {manager.py:499} INFO - Created Permission View: %s
[2023-12-18T22:39:00.049+0100] {logging_mixin.py:154} INFO - [2023-12-18T22:39:00.049+0100] {manager.py:499} INFO - Created Permission View: %s
[2023-12-18T22:39:00.055+0100] {logging_mixin.py:154} INFO - [2023-12-18T22:39:00.055+0100] {manager.py:499} INFO - Created Permission View: %s
[2023-12-18T22:39:00.068+0100] {logging_mixin.py:154} INFO - [2023-12-18T22:39:00.068+0100] {manager.py:499} INFO - Created Permission View: %s
[2023-12-18T22:39:00.075+0100] {logging_mixin.py:154} INFO - [2023-12-18T22:39:00.074+0100] {manager.py:499} INFO - Created Permission View: %s
[2023-12-18T22:39:00.080+0100] {logging_mixin.py:154} INFO - [2023-12-18T22:39:00.080+0100] {manager.py:499} INFO - Created Permission View: %s
[2023-12-18T22:39:00.094+0100] {logging_mixin.py:154} INFO - [2023-12-18T22:39:00.093+0100] {manager.py:499} INFO - Created Permission View: %s
[2023-12-18T22:39:00.100+0100] {logging_mixin.py:154} INFO - [2023-12-18T22:39:00.100+0100] {manager.py:499} INFO - Created Permission View: %s
[2023-12-18T22:39:00.106+0100] {logging_mixin.py:154} INFO - [2023-12-18T22:39:00.106+0100] {manager.py:499} INFO - Created Permission View: %s
[2023-12-18T22:39:00.118+0100] {logging_mixin.py:154} INFO - [2023-12-18T22:39:00.118+0100] {manager.py:499} INFO - Created Permission View: %s
[2023-12-18T22:39:00.124+0100] {logging_mixin.py:154} INFO - [2023-12-18T22:39:00.124+0100] {manager.py:499} INFO - Created Permission View: %s
[2023-12-18T22:39:00.131+0100] {logging_mixin.py:154} INFO - [2023-12-18T22:39:00.131+0100] {manager.py:499} INFO - Created Permission View: %s
[2023-12-18T22:39:00.143+0100] {logging_mixin.py:154} INFO - [2023-12-18T22:39:00.143+0100] {manager.py:499} INFO - Created Permission View: %s
[2023-12-18T22:39:00.148+0100] {logging_mixin.py:154} INFO - [2023-12-18T22:39:00.148+0100] {manager.py:499} INFO - Created Permission View: %s
[2023-12-18T22:39:00.154+0100] {logging_mixin.py:154} INFO - [2023-12-18T22:39:00.154+0100] {manager.py:499} INFO - Created Permission View: %s
[2023-12-18T22:39:00.166+0100] {logging_mixin.py:154} INFO - [2023-12-18T22:39:00.165+0100] {manager.py:499} INFO - Created Permission View: %s
[2023-12-18T22:39:00.172+0100] {logging_mixin.py:154} INFO - [2023-12-18T22:39:00.172+0100] {manager.py:499} INFO - Created Permission View: %s
[2023-12-18T22:39:00.178+0100] {logging_mixin.py:154} INFO - [2023-12-18T22:39:00.177+0100] {manager.py:499} INFO - Created Permission View: %s
[2023-12-18T22:39:00.178+0100] {logging_mixin.py:154} INFO - [2023-12-18T22:39:00.178+0100] {dag.py:2941} INFO - Sync 6 DAGs
[2023-12-18T22:39:00.190+0100] {logging_mixin.py:154} INFO - [2023-12-18T22:39:00.190+0100] {dag.py:2963} INFO - Creating ORM DAG for dataset_consumes_1
[2023-12-18T22:39:00.191+0100] {logging_mixin.py:154} INFO - [2023-12-18T22:39:00.191+0100] {dag.py:2963} INFO - Creating ORM DAG for dataset_produces_1
[2023-12-18T22:39:00.192+0100] {logging_mixin.py:154} INFO - [2023-12-18T22:39:00.192+0100] {dag.py:2963} INFO - Creating ORM DAG for dataset_produces_2
[2023-12-18T22:39:00.192+0100] {logging_mixin.py:154} INFO - [2023-12-18T22:39:00.192+0100] {dag.py:2963} INFO - Creating ORM DAG for dataset_consumes_1_never_scheduled
[2023-12-18T22:39:00.193+0100] {logging_mixin.py:154} INFO - [2023-12-18T22:39:00.193+0100] {dag.py:2963} INFO - Creating ORM DAG for dataset_consumes_1_and_2
[2023-12-18T22:39:00.194+0100] {logging_mixin.py:154} INFO - [2023-12-18T22:39:00.194+0100] {dag.py:2963} INFO - Creating ORM DAG for dataset_consumes_unknown_never_scheduled
[2023-12-18T22:39:00.202+0100] {logging_mixin.py:154} INFO - [2023-12-18T22:39:00.202+0100] {dag.py:3722} INFO - Setting next_dagrun for dataset_consumes_1 to None, run_after=None
[2023-12-18T22:39:00.203+0100] {logging_mixin.py:154} INFO - [2023-12-18T22:39:00.203+0100] {dag.py:3722} INFO - Setting next_dagrun for dataset_consumes_1_and_2 to None, run_after=None
[2023-12-18T22:39:00.203+0100] {logging_mixin.py:154} INFO - [2023-12-18T22:39:00.203+0100] {dag.py:3722} INFO - Setting next_dagrun for dataset_consumes_1_never_scheduled to None, run_after=None
[2023-12-18T22:39:00.204+0100] {logging_mixin.py:154} INFO - [2023-12-18T22:39:00.204+0100] {dag.py:3722} INFO - Setting next_dagrun for dataset_consumes_unknown_never_scheduled to None, run_after=None
[2023-12-18T22:39:00.207+0100] {logging_mixin.py:154} INFO - [2023-12-18T22:39:00.207+0100] {dag.py:3722} INFO - Setting next_dagrun for dataset_produces_1 to 2023-12-17T00:00:00+00:00, run_after=2023-12-18T00:00:00+00:00
[2023-12-18T22:39:00.208+0100] {logging_mixin.py:154} INFO - [2023-12-18T22:39:00.208+0100] {dag.py:3722} INFO - Setting next_dagrun for dataset_produces_2 to None, run_after=None
[2023-12-18T22:39:00.244+0100] {processor.py:179} INFO - Processing /Users/user/Desktop/Learning/AIRFLOW-TUTORIAL/py_env/lib/python3.11/site-packages/airflow/example_dags/example_datasets.py took 0.889 seconds
[2023-12-18T22:41:04.827+0100] {processor.py:157} INFO - Started process (PID=26716) to work on /Users/user/Desktop/Learning/AIRFLOW-TUTORIAL/py_env/lib/python3.11/site-packages/airflow/example_dags/example_datasets.py
[2023-12-18T22:41:04.832+0100] {processor.py:829} INFO - Processing file /Users/user/Desktop/Learning/AIRFLOW-TUTORIAL/py_env/lib/python3.11/site-packages/airflow/example_dags/example_datasets.py for tasks to queue
[2023-12-18T22:41:04.833+0100] {logging_mixin.py:154} INFO - [2023-12-18T22:41:04.833+0100] {dagbag.py:536} INFO - Filling up the DagBag from /Users/user/Desktop/Learning/AIRFLOW-TUTORIAL/py_env/lib/python3.11/site-packages/airflow/example_dags/example_datasets.py
[2023-12-18T22:41:04.870+0100] {processor.py:839} INFO - DAG(s) dict_keys(['dataset_produces_1', 'dataset_consumes_1_never_scheduled', 'dataset_consumes_1', 'dataset_consumes_unknown_never_scheduled', 'dataset_consumes_1_and_2', 'dataset_produces_2']) retrieved from /Users/user/Desktop/Learning/AIRFLOW-TUTORIAL/py_env/lib/python3.11/site-packages/airflow/example_dags/example_datasets.py
[2023-12-18T22:41:05.073+0100] {logging_mixin.py:154} INFO - [2023-12-18T22:41:05.073+0100] {dag.py:2941} INFO - Sync 6 DAGs
[2023-12-18T22:41:05.089+0100] {logging_mixin.py:154} INFO - [2023-12-18T22:41:05.088+0100] {dag.py:3722} INFO - Setting next_dagrun for dataset_consumes_1 to None, run_after=None
[2023-12-18T22:41:05.091+0100] {logging_mixin.py:154} INFO - [2023-12-18T22:41:05.091+0100] {dag.py:3722} INFO - Setting next_dagrun for dataset_consumes_1_and_2 to None, run_after=None
[2023-12-18T22:41:05.092+0100] {logging_mixin.py:154} INFO - [2023-12-18T22:41:05.092+0100] {dag.py:3722} INFO - Setting next_dagrun for dataset_consumes_1_never_scheduled to None, run_after=None
[2023-12-18T22:41:05.093+0100] {logging_mixin.py:154} INFO - [2023-12-18T22:41:05.093+0100] {dag.py:3722} INFO - Setting next_dagrun for dataset_consumes_unknown_never_scheduled to None, run_after=None
[2023-12-18T22:41:05.095+0100] {logging_mixin.py:154} INFO - [2023-12-18T22:41:05.095+0100] {dag.py:3722} INFO - Setting next_dagrun for dataset_produces_1 to 2023-12-17T00:00:00+00:00, run_after=2023-12-18T00:00:00+00:00
[2023-12-18T22:41:05.095+0100] {logging_mixin.py:154} INFO - [2023-12-18T22:41:05.095+0100] {dag.py:3722} INFO - Setting next_dagrun for dataset_produces_2 to None, run_after=None
[2023-12-18T22:41:05.121+0100] {processor.py:179} INFO - Processing /Users/user/Desktop/Learning/AIRFLOW-TUTORIAL/py_env/lib/python3.11/site-packages/airflow/example_dags/example_datasets.py took 0.294 seconds
[2023-12-18T22:44:07.692+0100] {processor.py:157} INFO - Started process (PID=28155) to work on /Users/user/Desktop/Learning/AIRFLOW-TUTORIAL/py_env/lib/python3.11/site-packages/airflow/example_dags/example_datasets.py
[2023-12-18T22:44:07.697+0100] {processor.py:829} INFO - Processing file /Users/user/Desktop/Learning/AIRFLOW-TUTORIAL/py_env/lib/python3.11/site-packages/airflow/example_dags/example_datasets.py for tasks to queue
[2023-12-18T22:44:07.698+0100] {logging_mixin.py:154} INFO - [2023-12-18T22:44:07.698+0100] {dagbag.py:536} INFO - Filling up the DagBag from /Users/user/Desktop/Learning/AIRFLOW-TUTORIAL/py_env/lib/python3.11/site-packages/airflow/example_dags/example_datasets.py
[2023-12-18T22:44:07.735+0100] {processor.py:839} INFO - DAG(s) dict_keys(['dataset_consumes_1', 'dataset_consumes_1_and_2', 'dataset_consumes_unknown_never_scheduled', 'dataset_consumes_1_never_scheduled', 'dataset_produces_2', 'dataset_produces_1']) retrieved from /Users/user/Desktop/Learning/AIRFLOW-TUTORIAL/py_env/lib/python3.11/site-packages/airflow/example_dags/example_datasets.py
[2023-12-18T22:44:07.941+0100] {logging_mixin.py:154} INFO - [2023-12-18T22:44:07.941+0100] {dag.py:2941} INFO - Sync 6 DAGs
[2023-12-18T22:44:07.961+0100] {logging_mixin.py:154} INFO - [2023-12-18T22:44:07.961+0100] {dag.py:3722} INFO - Setting next_dagrun for dataset_consumes_1 to None, run_after=None
[2023-12-18T22:44:07.965+0100] {logging_mixin.py:154} INFO - [2023-12-18T22:44:07.965+0100] {dag.py:3722} INFO - Setting next_dagrun for dataset_consumes_1_and_2 to None, run_after=None
[2023-12-18T22:44:07.967+0100] {logging_mixin.py:154} INFO - [2023-12-18T22:44:07.967+0100] {dag.py:3722} INFO - Setting next_dagrun for dataset_consumes_1_never_scheduled to None, run_after=None
[2023-12-18T22:44:07.968+0100] {logging_mixin.py:154} INFO - [2023-12-18T22:44:07.968+0100] {dag.py:3722} INFO - Setting next_dagrun for dataset_consumes_unknown_never_scheduled to None, run_after=None
[2023-12-18T22:44:07.971+0100] {logging_mixin.py:154} INFO - [2023-12-18T22:44:07.971+0100] {dag.py:3722} INFO - Setting next_dagrun for dataset_produces_1 to 2023-12-17T00:00:00+00:00, run_after=2023-12-18T00:00:00+00:00
[2023-12-18T22:44:07.973+0100] {logging_mixin.py:154} INFO - [2023-12-18T22:44:07.972+0100] {dag.py:3722} INFO - Setting next_dagrun for dataset_produces_2 to None, run_after=None
[2023-12-18T22:44:08.004+0100] {processor.py:179} INFO - Processing /Users/user/Desktop/Learning/AIRFLOW-TUTORIAL/py_env/lib/python3.11/site-packages/airflow/example_dags/example_datasets.py took 0.313 seconds
[2023-12-18T22:47:25.476+0100] {processor.py:157} INFO - Started process (PID=29614) to work on /Users/user/Desktop/Learning/AIRFLOW-TUTORIAL/py_env/lib/python3.11/site-packages/airflow/example_dags/example_datasets.py
[2023-12-18T22:47:25.480+0100] {processor.py:829} INFO - Processing file /Users/user/Desktop/Learning/AIRFLOW-TUTORIAL/py_env/lib/python3.11/site-packages/airflow/example_dags/example_datasets.py for tasks to queue
[2023-12-18T22:47:25.481+0100] {logging_mixin.py:154} INFO - [2023-12-18T22:47:25.481+0100] {dagbag.py:536} INFO - Filling up the DagBag from /Users/user/Desktop/Learning/AIRFLOW-TUTORIAL/py_env/lib/python3.11/site-packages/airflow/example_dags/example_datasets.py
[2023-12-18T22:47:25.518+0100] {processor.py:839} INFO - DAG(s) dict_keys(['dataset_produces_2', 'dataset_consumes_unknown_never_scheduled', 'dataset_consumes_1_and_2', 'dataset_produces_1', 'dataset_consumes_1', 'dataset_consumes_1_never_scheduled']) retrieved from /Users/user/Desktop/Learning/AIRFLOW-TUTORIAL/py_env/lib/python3.11/site-packages/airflow/example_dags/example_datasets.py
[2023-12-18T22:47:25.735+0100] {logging_mixin.py:154} INFO - [2023-12-18T22:47:25.735+0100] {dag.py:2941} INFO - Sync 6 DAGs
[2023-12-18T22:47:25.760+0100] {logging_mixin.py:154} INFO - [2023-12-18T22:47:25.760+0100] {dag.py:3722} INFO - Setting next_dagrun for dataset_consumes_1 to None, run_after=None
[2023-12-18T22:47:25.782+0100] {logging_mixin.py:154} INFO - [2023-12-18T22:47:25.782+0100] {dag.py:3722} INFO - Setting next_dagrun for dataset_consumes_1_and_2 to None, run_after=None
[2023-12-18T22:47:25.783+0100] {logging_mixin.py:154} INFO - [2023-12-18T22:47:25.783+0100] {dag.py:3722} INFO - Setting next_dagrun for dataset_consumes_1_never_scheduled to None, run_after=None
[2023-12-18T22:47:25.784+0100] {logging_mixin.py:154} INFO - [2023-12-18T22:47:25.784+0100] {dag.py:3722} INFO - Setting next_dagrun for dataset_consumes_unknown_never_scheduled to None, run_after=None
[2023-12-18T22:47:25.787+0100] {logging_mixin.py:154} INFO - [2023-12-18T22:47:25.787+0100] {dag.py:3722} INFO - Setting next_dagrun for dataset_produces_1 to 2023-12-17T00:00:00+00:00, run_after=2023-12-18T00:00:00+00:00
[2023-12-18T22:47:25.791+0100] {logging_mixin.py:154} INFO - [2023-12-18T22:47:25.791+0100] {dag.py:3722} INFO - Setting next_dagrun for dataset_produces_2 to None, run_after=None
[2023-12-18T22:47:25.829+0100] {processor.py:179} INFO - Processing /Users/user/Desktop/Learning/AIRFLOW-TUTORIAL/py_env/lib/python3.11/site-packages/airflow/example_dags/example_datasets.py took 0.353 seconds
[2023-12-18T22:50:39.916+0100] {processor.py:157} INFO - Started process (PID=31324) to work on /Users/user/Desktop/Learning/AIRFLOW-TUTORIAL/py_env/lib/python3.11/site-packages/airflow/example_dags/example_datasets.py
[2023-12-18T22:50:39.945+0100] {processor.py:829} INFO - Processing file /Users/user/Desktop/Learning/AIRFLOW-TUTORIAL/py_env/lib/python3.11/site-packages/airflow/example_dags/example_datasets.py for tasks to queue
[2023-12-18T22:50:39.946+0100] {logging_mixin.py:154} INFO - [2023-12-18T22:50:39.945+0100] {dagbag.py:536} INFO - Filling up the DagBag from /Users/user/Desktop/Learning/AIRFLOW-TUTORIAL/py_env/lib/python3.11/site-packages/airflow/example_dags/example_datasets.py
[2023-12-18T22:50:39.990+0100] {processor.py:839} INFO - DAG(s) dict_keys(['dataset_consumes_unknown_never_scheduled', 'dataset_produces_1', 'dataset_consumes_1_never_scheduled', 'dataset_produces_2', 'dataset_consumes_1_and_2', 'dataset_consumes_1']) retrieved from /Users/user/Desktop/Learning/AIRFLOW-TUTORIAL/py_env/lib/python3.11/site-packages/airflow/example_dags/example_datasets.py
[2023-12-18T22:50:40.275+0100] {logging_mixin.py:154} INFO - [2023-12-18T22:50:40.275+0100] {dag.py:2941} INFO - Sync 6 DAGs
[2023-12-18T22:50:40.316+0100] {logging_mixin.py:154} INFO - [2023-12-18T22:50:40.316+0100] {dag.py:3722} INFO - Setting next_dagrun for dataset_consumes_1 to None, run_after=None
[2023-12-18T22:50:40.360+0100] {logging_mixin.py:154} INFO - [2023-12-18T22:50:40.359+0100] {dag.py:3722} INFO - Setting next_dagrun for dataset_consumes_1_and_2 to None, run_after=None
[2023-12-18T22:50:40.365+0100] {logging_mixin.py:154} INFO - [2023-12-18T22:50:40.365+0100] {dag.py:3722} INFO - Setting next_dagrun for dataset_consumes_1_never_scheduled to None, run_after=None
[2023-12-18T22:50:40.394+0100] {logging_mixin.py:154} INFO - [2023-12-18T22:50:40.393+0100] {dag.py:3722} INFO - Setting next_dagrun for dataset_consumes_unknown_never_scheduled to None, run_after=None
[2023-12-18T22:50:40.412+0100] {logging_mixin.py:154} INFO - [2023-12-18T22:50:40.411+0100] {dag.py:3722} INFO - Setting next_dagrun for dataset_produces_1 to 2023-12-17T00:00:00+00:00, run_after=2023-12-18T00:00:00+00:00
[2023-12-18T22:50:40.418+0100] {logging_mixin.py:154} INFO - [2023-12-18T22:50:40.418+0100] {dag.py:3722} INFO - Setting next_dagrun for dataset_produces_2 to None, run_after=None
[2023-12-18T22:50:40.567+0100] {processor.py:179} INFO - Processing /Users/user/Desktop/Learning/AIRFLOW-TUTORIAL/py_env/lib/python3.11/site-packages/airflow/example_dags/example_datasets.py took 0.652 seconds
[2023-12-18T22:54:23.026+0100] {processor.py:157} INFO - Started process (PID=33064) to work on /Users/user/Desktop/Learning/AIRFLOW-TUTORIAL/py_env/lib/python3.11/site-packages/airflow/example_dags/example_datasets.py
[2023-12-18T22:54:23.032+0100] {processor.py:829} INFO - Processing file /Users/user/Desktop/Learning/AIRFLOW-TUTORIAL/py_env/lib/python3.11/site-packages/airflow/example_dags/example_datasets.py for tasks to queue
[2023-12-18T22:54:23.032+0100] {logging_mixin.py:154} INFO - [2023-12-18T22:54:23.032+0100] {dagbag.py:536} INFO - Filling up the DagBag from /Users/user/Desktop/Learning/AIRFLOW-TUTORIAL/py_env/lib/python3.11/site-packages/airflow/example_dags/example_datasets.py
[2023-12-18T22:54:23.078+0100] {processor.py:839} INFO - DAG(s) dict_keys(['dataset_produces_1', 'dataset_consumes_1', 'dataset_produces_2', 'dataset_consumes_1_never_scheduled', 'dataset_consumes_1_and_2', 'dataset_consumes_unknown_never_scheduled']) retrieved from /Users/user/Desktop/Learning/AIRFLOW-TUTORIAL/py_env/lib/python3.11/site-packages/airflow/example_dags/example_datasets.py
[2023-12-18T22:54:23.314+0100] {logging_mixin.py:154} INFO - [2023-12-18T22:54:23.314+0100] {dag.py:2941} INFO - Sync 6 DAGs
[2023-12-18T22:54:23.341+0100] {logging_mixin.py:154} INFO - [2023-12-18T22:54:23.341+0100] {dag.py:3722} INFO - Setting next_dagrun for dataset_consumes_1 to None, run_after=None
[2023-12-18T22:54:23.346+0100] {logging_mixin.py:154} INFO - [2023-12-18T22:54:23.346+0100] {dag.py:3722} INFO - Setting next_dagrun for dataset_consumes_1_and_2 to None, run_after=None
[2023-12-18T22:54:23.347+0100] {logging_mixin.py:154} INFO - [2023-12-18T22:54:23.347+0100] {dag.py:3722} INFO - Setting next_dagrun for dataset_consumes_1_never_scheduled to None, run_after=None
[2023-12-18T22:54:23.348+0100] {logging_mixin.py:154} INFO - [2023-12-18T22:54:23.348+0100] {dag.py:3722} INFO - Setting next_dagrun for dataset_consumes_unknown_never_scheduled to None, run_after=None
[2023-12-18T22:54:23.351+0100] {logging_mixin.py:154} INFO - [2023-12-18T22:54:23.351+0100] {dag.py:3722} INFO - Setting next_dagrun for dataset_produces_1 to 2023-12-17T00:00:00+00:00, run_after=2023-12-18T00:00:00+00:00
[2023-12-18T22:54:23.354+0100] {logging_mixin.py:154} INFO - [2023-12-18T22:54:23.354+0100] {dag.py:3722} INFO - Setting next_dagrun for dataset_produces_2 to None, run_after=None
[2023-12-18T22:54:23.393+0100] {processor.py:179} INFO - Processing /Users/user/Desktop/Learning/AIRFLOW-TUTORIAL/py_env/lib/python3.11/site-packages/airflow/example_dags/example_datasets.py took 0.368 seconds
[2023-12-18T22:57:49.926+0100] {processor.py:157} INFO - Started process (PID=34710) to work on /Users/user/Desktop/Learning/AIRFLOW-TUTORIAL/py_env/lib/python3.11/site-packages/airflow/example_dags/example_datasets.py
[2023-12-18T22:57:49.931+0100] {processor.py:829} INFO - Processing file /Users/user/Desktop/Learning/AIRFLOW-TUTORIAL/py_env/lib/python3.11/site-packages/airflow/example_dags/example_datasets.py for tasks to queue
[2023-12-18T22:57:49.955+0100] {logging_mixin.py:154} INFO - [2023-12-18T22:57:49.955+0100] {dagbag.py:536} INFO - Filling up the DagBag from /Users/user/Desktop/Learning/AIRFLOW-TUTORIAL/py_env/lib/python3.11/site-packages/airflow/example_dags/example_datasets.py
[2023-12-18T22:57:50.018+0100] {processor.py:839} INFO - DAG(s) dict_keys(['dataset_consumes_1', 'dataset_consumes_1_and_2', 'dataset_produces_1', 'dataset_produces_2', 'dataset_consumes_1_never_scheduled', 'dataset_consumes_unknown_never_scheduled']) retrieved from /Users/user/Desktop/Learning/AIRFLOW-TUTORIAL/py_env/lib/python3.11/site-packages/airflow/example_dags/example_datasets.py
[2023-12-18T22:57:50.358+0100] {logging_mixin.py:154} INFO - [2023-12-18T22:57:50.358+0100] {dag.py:2941} INFO - Sync 6 DAGs
[2023-12-18T22:57:50.384+0100] {logging_mixin.py:154} INFO - [2023-12-18T22:57:50.383+0100] {dag.py:3722} INFO - Setting next_dagrun for dataset_consumes_1 to None, run_after=None
[2023-12-18T22:57:50.405+0100] {logging_mixin.py:154} INFO - [2023-12-18T22:57:50.405+0100] {dag.py:3722} INFO - Setting next_dagrun for dataset_consumes_1_and_2 to None, run_after=None
[2023-12-18T22:57:50.406+0100] {logging_mixin.py:154} INFO - [2023-12-18T22:57:50.406+0100] {dag.py:3722} INFO - Setting next_dagrun for dataset_consumes_1_never_scheduled to None, run_after=None
[2023-12-18T22:57:50.407+0100] {logging_mixin.py:154} INFO - [2023-12-18T22:57:50.407+0100] {dag.py:3722} INFO - Setting next_dagrun for dataset_consumes_unknown_never_scheduled to None, run_after=None
[2023-12-18T22:57:50.430+0100] {logging_mixin.py:154} INFO - [2023-12-18T22:57:50.430+0100] {dag.py:3722} INFO - Setting next_dagrun for dataset_produces_1 to 2023-12-17T00:00:00+00:00, run_after=2023-12-18T00:00:00+00:00
[2023-12-18T22:57:50.433+0100] {logging_mixin.py:154} INFO - [2023-12-18T22:57:50.433+0100] {dag.py:3722} INFO - Setting next_dagrun for dataset_produces_2 to None, run_after=None
[2023-12-18T22:57:50.495+0100] {processor.py:179} INFO - Processing /Users/user/Desktop/Learning/AIRFLOW-TUTORIAL/py_env/lib/python3.11/site-packages/airflow/example_dags/example_datasets.py took 0.569 seconds
[2023-12-18T23:01:19.562+0100] {processor.py:157} INFO - Started process (PID=36114) to work on /Users/user/Desktop/Learning/AIRFLOW-TUTORIAL/py_env/lib/python3.11/site-packages/airflow/example_dags/example_datasets.py
[2023-12-18T23:01:19.566+0100] {processor.py:829} INFO - Processing file /Users/user/Desktop/Learning/AIRFLOW-TUTORIAL/py_env/lib/python3.11/site-packages/airflow/example_dags/example_datasets.py for tasks to queue
[2023-12-18T23:01:19.567+0100] {logging_mixin.py:154} INFO - [2023-12-18T23:01:19.567+0100] {dagbag.py:536} INFO - Filling up the DagBag from /Users/user/Desktop/Learning/AIRFLOW-TUTORIAL/py_env/lib/python3.11/site-packages/airflow/example_dags/example_datasets.py
[2023-12-18T23:01:19.612+0100] {processor.py:839} INFO - DAG(s) dict_keys(['dataset_consumes_1_and_2', 'dataset_consumes_1', 'dataset_produces_1', 'dataset_consumes_unknown_never_scheduled', 'dataset_consumes_1_never_scheduled', 'dataset_produces_2']) retrieved from /Users/user/Desktop/Learning/AIRFLOW-TUTORIAL/py_env/lib/python3.11/site-packages/airflow/example_dags/example_datasets.py
[2023-12-18T23:01:19.864+0100] {logging_mixin.py:154} INFO - [2023-12-18T23:01:19.864+0100] {dag.py:2941} INFO - Sync 6 DAGs
[2023-12-18T23:01:19.889+0100] {logging_mixin.py:154} INFO - [2023-12-18T23:01:19.889+0100] {dag.py:3722} INFO - Setting next_dagrun for dataset_consumes_1 to None, run_after=None
[2023-12-18T23:01:19.893+0100] {logging_mixin.py:154} INFO - [2023-12-18T23:01:19.893+0100] {dag.py:3722} INFO - Setting next_dagrun for dataset_consumes_1_and_2 to None, run_after=None
[2023-12-18T23:01:19.894+0100] {logging_mixin.py:154} INFO - [2023-12-18T23:01:19.894+0100] {dag.py:3722} INFO - Setting next_dagrun for dataset_consumes_1_never_scheduled to None, run_after=None
[2023-12-18T23:01:19.895+0100] {logging_mixin.py:154} INFO - [2023-12-18T23:01:19.895+0100] {dag.py:3722} INFO - Setting next_dagrun for dataset_consumes_unknown_never_scheduled to None, run_after=None
[2023-12-18T23:01:19.898+0100] {logging_mixin.py:154} INFO - [2023-12-18T23:01:19.898+0100] {dag.py:3722} INFO - Setting next_dagrun for dataset_produces_1 to 2023-12-17T00:00:00+00:00, run_after=2023-12-18T00:00:00+00:00
[2023-12-18T23:01:19.899+0100] {logging_mixin.py:154} INFO - [2023-12-18T23:01:19.899+0100] {dag.py:3722} INFO - Setting next_dagrun for dataset_produces_2 to None, run_after=None
[2023-12-18T23:01:19.942+0100] {processor.py:179} INFO - Processing /Users/user/Desktop/Learning/AIRFLOW-TUTORIAL/py_env/lib/python3.11/site-packages/airflow/example_dags/example_datasets.py took 0.381 seconds
[2023-12-18T23:06:02.664+0100] {processor.py:157} INFO - Started process (PID=37984) to work on /Users/user/Desktop/Learning/AIRFLOW-TUTORIAL/py_env/lib/python3.11/site-packages/airflow/example_dags/example_datasets.py
[2023-12-18T23:06:02.670+0100] {processor.py:829} INFO - Processing file /Users/user/Desktop/Learning/AIRFLOW-TUTORIAL/py_env/lib/python3.11/site-packages/airflow/example_dags/example_datasets.py for tasks to queue
[2023-12-18T23:06:02.670+0100] {logging_mixin.py:154} INFO - [2023-12-18T23:06:02.670+0100] {dagbag.py:536} INFO - Filling up the DagBag from /Users/user/Desktop/Learning/AIRFLOW-TUTORIAL/py_env/lib/python3.11/site-packages/airflow/example_dags/example_datasets.py
[2023-12-18T23:06:02.707+0100] {processor.py:839} INFO - DAG(s) dict_keys(['dataset_produces_1', 'dataset_consumes_1', 'dataset_consumes_1_and_2', 'dataset_produces_2', 'dataset_consumes_unknown_never_scheduled', 'dataset_consumes_1_never_scheduled']) retrieved from /Users/user/Desktop/Learning/AIRFLOW-TUTORIAL/py_env/lib/python3.11/site-packages/airflow/example_dags/example_datasets.py
[2023-12-18T23:06:02.931+0100] {logging_mixin.py:154} INFO - [2023-12-18T23:06:02.930+0100] {dag.py:2941} INFO - Sync 6 DAGs
[2023-12-18T23:06:02.952+0100] {logging_mixin.py:154} INFO - [2023-12-18T23:06:02.952+0100] {dag.py:3722} INFO - Setting next_dagrun for dataset_consumes_1 to None, run_after=None
[2023-12-18T23:06:02.956+0100] {logging_mixin.py:154} INFO - [2023-12-18T23:06:02.956+0100] {dag.py:3722} INFO - Setting next_dagrun for dataset_consumes_1_and_2 to None, run_after=None
[2023-12-18T23:06:02.957+0100] {logging_mixin.py:154} INFO - [2023-12-18T23:06:02.956+0100] {dag.py:3722} INFO - Setting next_dagrun for dataset_consumes_1_never_scheduled to None, run_after=None
[2023-12-18T23:06:02.957+0100] {logging_mixin.py:154} INFO - [2023-12-18T23:06:02.957+0100] {dag.py:3722} INFO - Setting next_dagrun for dataset_consumes_unknown_never_scheduled to None, run_after=None
[2023-12-18T23:06:02.960+0100] {logging_mixin.py:154} INFO - [2023-12-18T23:06:02.960+0100] {dag.py:3722} INFO - Setting next_dagrun for dataset_produces_1 to 2023-12-17T00:00:00+00:00, run_after=2023-12-18T00:00:00+00:00
[2023-12-18T23:06:02.963+0100] {logging_mixin.py:154} INFO - [2023-12-18T23:06:02.963+0100] {dag.py:3722} INFO - Setting next_dagrun for dataset_produces_2 to None, run_after=None
[2023-12-18T23:06:02.995+0100] {processor.py:179} INFO - Processing /Users/user/Desktop/Learning/AIRFLOW-TUTORIAL/py_env/lib/python3.11/site-packages/airflow/example_dags/example_datasets.py took 0.332 seconds
