[2023-12-18T22:39:29.372+0100] {processor.py:157} INFO - Started process (PID=25794) to work on /Users/user/Desktop/Learning/AIRFLOW-TUTORIAL/py_env/lib/python3.11/site-packages/airflow/example_dags/example_bash_operator.py
[2023-12-18T22:39:29.380+0100] {processor.py:829} INFO - Processing file /Users/user/Desktop/Learning/AIRFLOW-TUTORIAL/py_env/lib/python3.11/site-packages/airflow/example_dags/example_bash_operator.py for tasks to queue
[2023-12-18T22:39:29.381+0100] {logging_mixin.py:154} INFO - [2023-12-18T22:39:29.381+0100] {dagbag.py:536} INFO - Filling up the DagBag from /Users/user/Desktop/Learning/AIRFLOW-TUTORIAL/py_env/lib/python3.11/site-packages/airflow/example_dags/example_bash_operator.py
[2023-12-18T22:39:29.491+0100] {processor.py:839} INFO - DAG(s) dict_keys(['example_bash_operator']) retrieved from /Users/user/Desktop/Learning/AIRFLOW-TUTORIAL/py_env/lib/python3.11/site-packages/airflow/example_dags/example_bash_operator.py
[2023-12-18T22:39:30.273+0100] {logging_mixin.py:154} INFO - [2023-12-18T22:39:30.272+0100] {manager.py:499} INFO - Created Permission View: %s
[2023-12-18T22:39:30.283+0100] {logging_mixin.py:154} INFO - [2023-12-18T22:39:30.283+0100] {manager.py:499} INFO - Created Permission View: %s
[2023-12-18T22:39:30.291+0100] {logging_mixin.py:154} INFO - [2023-12-18T22:39:30.291+0100] {manager.py:499} INFO - Created Permission View: %s
[2023-12-18T22:39:30.291+0100] {logging_mixin.py:154} INFO - [2023-12-18T22:39:30.291+0100] {dag.py:2941} INFO - Sync 1 DAGs
[2023-12-18T22:39:30.307+0100] {logging_mixin.py:154} INFO - [2023-12-18T22:39:30.306+0100] {dag.py:2963} INFO - Creating ORM DAG for example_bash_operator
[2023-12-18T22:39:30.321+0100] {logging_mixin.py:154} INFO - [2023-12-18T22:39:30.321+0100] {dag.py:3722} INFO - Setting next_dagrun for example_bash_operator to 2023-12-17T00:00:00+00:00, run_after=2023-12-18T00:00:00+00:00
[2023-12-18T22:39:30.346+0100] {processor.py:179} INFO - Processing /Users/user/Desktop/Learning/AIRFLOW-TUTORIAL/py_env/lib/python3.11/site-packages/airflow/example_dags/example_bash_operator.py took 0.975 seconds
[2023-12-18T22:42:30.674+0100] {processor.py:157} INFO - Started process (PID=27441) to work on /Users/user/Desktop/Learning/AIRFLOW-TUTORIAL/py_env/lib/python3.11/site-packages/airflow/example_dags/example_bash_operator.py
[2023-12-18T22:42:30.678+0100] {processor.py:829} INFO - Processing file /Users/user/Desktop/Learning/AIRFLOW-TUTORIAL/py_env/lib/python3.11/site-packages/airflow/example_dags/example_bash_operator.py for tasks to queue
[2023-12-18T22:42:30.678+0100] {logging_mixin.py:154} INFO - [2023-12-18T22:42:30.678+0100] {dagbag.py:536} INFO - Filling up the DagBag from /Users/user/Desktop/Learning/AIRFLOW-TUTORIAL/py_env/lib/python3.11/site-packages/airflow/example_dags/example_bash_operator.py
[2023-12-18T22:42:30.750+0100] {processor.py:839} INFO - DAG(s) dict_keys(['example_bash_operator']) retrieved from /Users/user/Desktop/Learning/AIRFLOW-TUTORIAL/py_env/lib/python3.11/site-packages/airflow/example_dags/example_bash_operator.py
[2023-12-18T22:42:30.883+0100] {logging_mixin.py:154} INFO - [2023-12-18T22:42:30.882+0100] {dag.py:2941} INFO - Sync 1 DAGs
[2023-12-18T22:42:30.899+0100] {logging_mixin.py:154} INFO - [2023-12-18T22:42:30.899+0100] {dag.py:3722} INFO - Setting next_dagrun for example_bash_operator to 2023-12-17T00:00:00+00:00, run_after=2023-12-18T00:00:00+00:00
[2023-12-18T22:42:30.917+0100] {processor.py:179} INFO - Processing /Users/user/Desktop/Learning/AIRFLOW-TUTORIAL/py_env/lib/python3.11/site-packages/airflow/example_dags/example_bash_operator.py took 0.244 seconds
[2023-12-18T22:45:44.281+0100] {processor.py:157} INFO - Started process (PID=28882) to work on /Users/user/Desktop/Learning/AIRFLOW-TUTORIAL/py_env/lib/python3.11/site-packages/airflow/example_dags/example_bash_operator.py
[2023-12-18T22:45:44.286+0100] {processor.py:829} INFO - Processing file /Users/user/Desktop/Learning/AIRFLOW-TUTORIAL/py_env/lib/python3.11/site-packages/airflow/example_dags/example_bash_operator.py for tasks to queue
[2023-12-18T22:45:44.287+0100] {logging_mixin.py:154} INFO - [2023-12-18T22:45:44.287+0100] {dagbag.py:536} INFO - Filling up the DagBag from /Users/user/Desktop/Learning/AIRFLOW-TUTORIAL/py_env/lib/python3.11/site-packages/airflow/example_dags/example_bash_operator.py
[2023-12-18T22:45:44.394+0100] {processor.py:839} INFO - DAG(s) dict_keys(['example_bash_operator']) retrieved from /Users/user/Desktop/Learning/AIRFLOW-TUTORIAL/py_env/lib/python3.11/site-packages/airflow/example_dags/example_bash_operator.py
[2023-12-18T22:45:44.589+0100] {logging_mixin.py:154} INFO - [2023-12-18T22:45:44.589+0100] {dag.py:2941} INFO - Sync 1 DAGs
[2023-12-18T22:45:44.611+0100] {logging_mixin.py:154} INFO - [2023-12-18T22:45:44.610+0100] {dag.py:3722} INFO - Setting next_dagrun for example_bash_operator to 2023-12-17T00:00:00+00:00, run_after=2023-12-18T00:00:00+00:00
[2023-12-18T22:45:44.636+0100] {processor.py:179} INFO - Processing /Users/user/Desktop/Learning/AIRFLOW-TUTORIAL/py_env/lib/python3.11/site-packages/airflow/example_dags/example_bash_operator.py took 0.356 seconds
[2023-12-18T22:49:04.262+0100] {processor.py:157} INFO - Started process (PID=30510) to work on /Users/user/Desktop/Learning/AIRFLOW-TUTORIAL/py_env/lib/python3.11/site-packages/airflow/example_dags/example_bash_operator.py
[2023-12-18T22:49:04.266+0100] {processor.py:829} INFO - Processing file /Users/user/Desktop/Learning/AIRFLOW-TUTORIAL/py_env/lib/python3.11/site-packages/airflow/example_dags/example_bash_operator.py for tasks to queue
[2023-12-18T22:49:04.267+0100] {logging_mixin.py:154} INFO - [2023-12-18T22:49:04.266+0100] {dagbag.py:536} INFO - Filling up the DagBag from /Users/user/Desktop/Learning/AIRFLOW-TUTORIAL/py_env/lib/python3.11/site-packages/airflow/example_dags/example_bash_operator.py
[2023-12-18T22:49:04.361+0100] {processor.py:839} INFO - DAG(s) dict_keys(['example_bash_operator']) retrieved from /Users/user/Desktop/Learning/AIRFLOW-TUTORIAL/py_env/lib/python3.11/site-packages/airflow/example_dags/example_bash_operator.py
[2023-12-18T22:49:04.541+0100] {logging_mixin.py:154} INFO - [2023-12-18T22:49:04.541+0100] {dag.py:2941} INFO - Sync 1 DAGs
[2023-12-18T22:49:04.561+0100] {logging_mixin.py:154} INFO - [2023-12-18T22:49:04.560+0100] {dag.py:3722} INFO - Setting next_dagrun for example_bash_operator to 2023-12-17T00:00:00+00:00, run_after=2023-12-18T00:00:00+00:00
[2023-12-18T22:49:04.588+0100] {processor.py:179} INFO - Processing /Users/user/Desktop/Learning/AIRFLOW-TUTORIAL/py_env/lib/python3.11/site-packages/airflow/example_dags/example_bash_operator.py took 0.327 seconds
[2023-12-18T22:52:31.190+0100] {processor.py:157} INFO - Started process (PID=32235) to work on /Users/user/Desktop/Learning/AIRFLOW-TUTORIAL/py_env/lib/python3.11/site-packages/airflow/example_dags/example_bash_operator.py
[2023-12-18T22:52:31.197+0100] {processor.py:829} INFO - Processing file /Users/user/Desktop/Learning/AIRFLOW-TUTORIAL/py_env/lib/python3.11/site-packages/airflow/example_dags/example_bash_operator.py for tasks to queue
[2023-12-18T22:52:31.198+0100] {logging_mixin.py:154} INFO - [2023-12-18T22:52:31.198+0100] {dagbag.py:536} INFO - Filling up the DagBag from /Users/user/Desktop/Learning/AIRFLOW-TUTORIAL/py_env/lib/python3.11/site-packages/airflow/example_dags/example_bash_operator.py
[2023-12-18T22:52:31.624+0100] {processor.py:839} INFO - DAG(s) dict_keys(['example_bash_operator']) retrieved from /Users/user/Desktop/Learning/AIRFLOW-TUTORIAL/py_env/lib/python3.11/site-packages/airflow/example_dags/example_bash_operator.py
[2023-12-18T22:52:31.968+0100] {logging_mixin.py:154} INFO - [2023-12-18T22:52:31.968+0100] {dag.py:2941} INFO - Sync 1 DAGs
[2023-12-18T22:52:32.049+0100] {logging_mixin.py:154} INFO - [2023-12-18T22:52:32.048+0100] {dag.py:3722} INFO - Setting next_dagrun for example_bash_operator to 2023-12-17T00:00:00+00:00, run_after=2023-12-18T00:00:00+00:00
[2023-12-18T22:52:32.083+0100] {processor.py:179} INFO - Processing /Users/user/Desktop/Learning/AIRFLOW-TUTORIAL/py_env/lib/python3.11/site-packages/airflow/example_dags/example_bash_operator.py took 0.894 seconds
[2023-12-18T22:56:11.023+0100] {processor.py:157} INFO - Started process (PID=33965) to work on /Users/user/Desktop/Learning/AIRFLOW-TUTORIAL/py_env/lib/python3.11/site-packages/airflow/example_dags/example_bash_operator.py
[2023-12-18T22:56:11.027+0100] {processor.py:829} INFO - Processing file /Users/user/Desktop/Learning/AIRFLOW-TUTORIAL/py_env/lib/python3.11/site-packages/airflow/example_dags/example_bash_operator.py for tasks to queue
[2023-12-18T22:56:11.028+0100] {logging_mixin.py:154} INFO - [2023-12-18T22:56:11.028+0100] {dagbag.py:536} INFO - Filling up the DagBag from /Users/user/Desktop/Learning/AIRFLOW-TUTORIAL/py_env/lib/python3.11/site-packages/airflow/example_dags/example_bash_operator.py
[2023-12-18T22:56:11.121+0100] {processor.py:839} INFO - DAG(s) dict_keys(['example_bash_operator']) retrieved from /Users/user/Desktop/Learning/AIRFLOW-TUTORIAL/py_env/lib/python3.11/site-packages/airflow/example_dags/example_bash_operator.py
[2023-12-18T22:56:11.276+0100] {logging_mixin.py:154} INFO - [2023-12-18T22:56:11.276+0100] {dag.py:2941} INFO - Sync 1 DAGs
[2023-12-18T22:56:11.298+0100] {logging_mixin.py:154} INFO - [2023-12-18T22:56:11.298+0100] {dag.py:3722} INFO - Setting next_dagrun for example_bash_operator to 2023-12-17T00:00:00+00:00, run_after=2023-12-18T00:00:00+00:00
[2023-12-18T22:56:11.325+0100] {processor.py:179} INFO - Processing /Users/user/Desktop/Learning/AIRFLOW-TUTORIAL/py_env/lib/python3.11/site-packages/airflow/example_dags/example_bash_operator.py took 0.303 seconds
[2023-12-18T22:59:35.490+0100] {processor.py:157} INFO - Started process (PID=35642) to work on /Users/user/Desktop/Learning/AIRFLOW-TUTORIAL/py_env/lib/python3.11/site-packages/airflow/example_dags/example_bash_operator.py
[2023-12-18T22:59:35.496+0100] {processor.py:829} INFO - Processing file /Users/user/Desktop/Learning/AIRFLOW-TUTORIAL/py_env/lib/python3.11/site-packages/airflow/example_dags/example_bash_operator.py for tasks to queue
[2023-12-18T22:59:35.497+0100] {logging_mixin.py:154} INFO - [2023-12-18T22:59:35.496+0100] {dagbag.py:536} INFO - Filling up the DagBag from /Users/user/Desktop/Learning/AIRFLOW-TUTORIAL/py_env/lib/python3.11/site-packages/airflow/example_dags/example_bash_operator.py
[2023-12-18T22:59:35.595+0100] {processor.py:839} INFO - DAG(s) dict_keys(['example_bash_operator']) retrieved from /Users/user/Desktop/Learning/AIRFLOW-TUTORIAL/py_env/lib/python3.11/site-packages/airflow/example_dags/example_bash_operator.py
[2023-12-18T22:59:35.765+0100] {logging_mixin.py:154} INFO - [2023-12-18T22:59:35.764+0100] {dag.py:2941} INFO - Sync 1 DAGs
[2023-12-18T22:59:35.788+0100] {logging_mixin.py:154} INFO - [2023-12-18T22:59:35.788+0100] {dag.py:3722} INFO - Setting next_dagrun for example_bash_operator to 2023-12-17T00:00:00+00:00, run_after=2023-12-18T00:00:00+00:00
[2023-12-18T22:59:35.815+0100] {processor.py:179} INFO - Processing /Users/user/Desktop/Learning/AIRFLOW-TUTORIAL/py_env/lib/python3.11/site-packages/airflow/example_dags/example_bash_operator.py took 0.326 seconds
[2023-12-18T23:03:09.894+0100] {processor.py:157} INFO - Started process (PID=36865) to work on /Users/user/Desktop/Learning/AIRFLOW-TUTORIAL/py_env/lib/python3.11/site-packages/airflow/example_dags/example_bash_operator.py
[2023-12-18T23:03:09.899+0100] {processor.py:829} INFO - Processing file /Users/user/Desktop/Learning/AIRFLOW-TUTORIAL/py_env/lib/python3.11/site-packages/airflow/example_dags/example_bash_operator.py for tasks to queue
[2023-12-18T23:03:09.900+0100] {logging_mixin.py:154} INFO - [2023-12-18T23:03:09.900+0100] {dagbag.py:536} INFO - Filling up the DagBag from /Users/user/Desktop/Learning/AIRFLOW-TUTORIAL/py_env/lib/python3.11/site-packages/airflow/example_dags/example_bash_operator.py
[2023-12-18T23:03:09.996+0100] {processor.py:839} INFO - DAG(s) dict_keys(['example_bash_operator']) retrieved from /Users/user/Desktop/Learning/AIRFLOW-TUTORIAL/py_env/lib/python3.11/site-packages/airflow/example_dags/example_bash_operator.py
[2023-12-18T23:03:10.162+0100] {logging_mixin.py:154} INFO - [2023-12-18T23:03:10.161+0100] {dag.py:2941} INFO - Sync 1 DAGs
[2023-12-18T23:03:10.186+0100] {logging_mixin.py:154} INFO - [2023-12-18T23:03:10.185+0100] {dag.py:3722} INFO - Setting next_dagrun for example_bash_operator to 2023-12-17T00:00:00+00:00, run_after=2023-12-18T00:00:00+00:00
[2023-12-18T23:03:10.212+0100] {processor.py:179} INFO - Processing /Users/user/Desktop/Learning/AIRFLOW-TUTORIAL/py_env/lib/python3.11/site-packages/airflow/example_dags/example_bash_operator.py took 0.318 seconds
[2023-12-18T23:06:32.117+0100] {processor.py:157} INFO - Started process (PID=38205) to work on /Users/user/Desktop/Learning/AIRFLOW-TUTORIAL/py_env/lib/python3.11/site-packages/airflow/example_dags/example_bash_operator.py
[2023-12-18T23:06:32.126+0100] {processor.py:829} INFO - Processing file /Users/user/Desktop/Learning/AIRFLOW-TUTORIAL/py_env/lib/python3.11/site-packages/airflow/example_dags/example_bash_operator.py for tasks to queue
[2023-12-18T23:06:32.126+0100] {logging_mixin.py:154} INFO - [2023-12-18T23:06:32.126+0100] {dagbag.py:536} INFO - Filling up the DagBag from /Users/user/Desktop/Learning/AIRFLOW-TUTORIAL/py_env/lib/python3.11/site-packages/airflow/example_dags/example_bash_operator.py
[2023-12-18T23:06:32.332+0100] {processor.py:839} INFO - DAG(s) dict_keys(['example_bash_operator']) retrieved from /Users/user/Desktop/Learning/AIRFLOW-TUTORIAL/py_env/lib/python3.11/site-packages/airflow/example_dags/example_bash_operator.py
[2023-12-18T23:06:32.644+0100] {logging_mixin.py:154} INFO - [2023-12-18T23:06:32.644+0100] {dag.py:2941} INFO - Sync 1 DAGs
[2023-12-18T23:06:32.675+0100] {logging_mixin.py:154} INFO - [2023-12-18T23:06:32.675+0100] {dag.py:3722} INFO - Setting next_dagrun for example_bash_operator to 2023-12-17T00:00:00+00:00, run_after=2023-12-18T00:00:00+00:00
[2023-12-18T23:06:32.710+0100] {processor.py:179} INFO - Processing /Users/user/Desktop/Learning/AIRFLOW-TUTORIAL/py_env/lib/python3.11/site-packages/airflow/example_dags/example_bash_operator.py took 0.596 seconds
