[2023-12-18T22:37:55.526+0100] {processor.py:157} INFO - Started process (PID=25097) to work on /Users/user/Desktop/Learning/AIRFLOW-TUTORIAL/py_env/lib/python3.11/site-packages/airflow/example_dags/example_short_circuit_operator.py
[2023-12-18T22:37:55.532+0100] {processor.py:829} INFO - Processing file /Users/user/Desktop/Learning/AIRFLOW-TUTORIAL/py_env/lib/python3.11/site-packages/airflow/example_dags/example_short_circuit_operator.py for tasks to queue
[2023-12-18T22:37:55.533+0100] {logging_mixin.py:154} INFO - [2023-12-18T22:37:55.532+0100] {dagbag.py:536} INFO - Filling up the DagBag from /Users/user/Desktop/Learning/AIRFLOW-TUTORIAL/py_env/lib/python3.11/site-packages/airflow/example_dags/example_short_circuit_operator.py
[2023-12-18T22:37:55.608+0100] {processor.py:839} INFO - DAG(s) dict_keys(['example_short_circuit_operator']) retrieved from /Users/user/Desktop/Learning/AIRFLOW-TUTORIAL/py_env/lib/python3.11/site-packages/airflow/example_dags/example_short_circuit_operator.py
[2023-12-18T22:37:56.791+0100] {logging_mixin.py:154} INFO - [2023-12-18T22:37:56.791+0100] {manager.py:499} INFO - Created Permission View: %s
[2023-12-18T22:37:56.805+0100] {logging_mixin.py:154} INFO - [2023-12-18T22:37:56.805+0100] {manager.py:499} INFO - Created Permission View: %s
[2023-12-18T22:37:56.816+0100] {logging_mixin.py:154} INFO - [2023-12-18T22:37:56.816+0100] {manager.py:499} INFO - Created Permission View: %s
[2023-12-18T22:37:56.816+0100] {logging_mixin.py:154} INFO - [2023-12-18T22:37:56.816+0100] {dag.py:2941} INFO - Sync 1 DAGs
[2023-12-18T22:37:56.836+0100] {logging_mixin.py:154} INFO - [2023-12-18T22:37:56.835+0100] {dag.py:2963} INFO - Creating ORM DAG for example_short_circuit_operator
[2023-12-18T22:37:56.851+0100] {logging_mixin.py:154} INFO - [2023-12-18T22:37:56.850+0100] {dag.py:3722} INFO - Setting next_dagrun for example_short_circuit_operator to 2023-12-17T21:37:56.850639+00:00, run_after=2023-12-18T21:37:56.850639+00:00
[2023-12-18T22:37:56.884+0100] {processor.py:179} INFO - Processing /Users/user/Desktop/Learning/AIRFLOW-TUTORIAL/py_env/lib/python3.11/site-packages/airflow/example_dags/example_short_circuit_operator.py took 1.359 seconds
[2023-12-18T22:40:21.092+0100] {processor.py:157} INFO - Started process (PID=26304) to work on /Users/user/Desktop/Learning/AIRFLOW-TUTORIAL/py_env/lib/python3.11/site-packages/airflow/example_dags/example_short_circuit_operator.py
[2023-12-18T22:40:21.096+0100] {processor.py:829} INFO - Processing file /Users/user/Desktop/Learning/AIRFLOW-TUTORIAL/py_env/lib/python3.11/site-packages/airflow/example_dags/example_short_circuit_operator.py for tasks to queue
[2023-12-18T22:40:21.096+0100] {logging_mixin.py:154} INFO - [2023-12-18T22:40:21.096+0100] {dagbag.py:536} INFO - Filling up the DagBag from /Users/user/Desktop/Learning/AIRFLOW-TUTORIAL/py_env/lib/python3.11/site-packages/airflow/example_dags/example_short_circuit_operator.py
[2023-12-18T22:40:21.147+0100] {processor.py:839} INFO - DAG(s) dict_keys(['example_short_circuit_operator']) retrieved from /Users/user/Desktop/Learning/AIRFLOW-TUTORIAL/py_env/lib/python3.11/site-packages/airflow/example_dags/example_short_circuit_operator.py
[2023-12-18T22:40:21.373+0100] {logging_mixin.py:154} INFO - [2023-12-18T22:40:21.373+0100] {dag.py:2941} INFO - Sync 1 DAGs
[2023-12-18T22:40:21.393+0100] {logging_mixin.py:154} INFO - [2023-12-18T22:40:21.392+0100] {dag.py:3722} INFO - Setting next_dagrun for example_short_circuit_operator to 2023-12-17T21:40:21.392592+00:00, run_after=2023-12-18T21:40:21.392592+00:00
[2023-12-18T22:40:21.418+0100] {processor.py:179} INFO - Processing /Users/user/Desktop/Learning/AIRFLOW-TUTORIAL/py_env/lib/python3.11/site-packages/airflow/example_dags/example_short_circuit_operator.py took 0.327 seconds
[2023-12-18T22:41:52.789+0100] {processor.py:157} INFO - Started process (PID=27048) to work on /Users/user/Desktop/Learning/AIRFLOW-TUTORIAL/py_env/lib/python3.11/site-packages/airflow/example_dags/example_short_circuit_operator.py
[2023-12-18T22:41:52.793+0100] {processor.py:829} INFO - Processing file /Users/user/Desktop/Learning/AIRFLOW-TUTORIAL/py_env/lib/python3.11/site-packages/airflow/example_dags/example_short_circuit_operator.py for tasks to queue
[2023-12-18T22:41:52.794+0100] {logging_mixin.py:154} INFO - [2023-12-18T22:41:52.793+0100] {dagbag.py:536} INFO - Filling up the DagBag from /Users/user/Desktop/Learning/AIRFLOW-TUTORIAL/py_env/lib/python3.11/site-packages/airflow/example_dags/example_short_circuit_operator.py
[2023-12-18T22:41:52.835+0100] {processor.py:839} INFO - DAG(s) dict_keys(['example_short_circuit_operator']) retrieved from /Users/user/Desktop/Learning/AIRFLOW-TUTORIAL/py_env/lib/python3.11/site-packages/airflow/example_dags/example_short_circuit_operator.py
[2023-12-18T22:41:53.039+0100] {logging_mixin.py:154} INFO - [2023-12-18T22:41:53.039+0100] {dag.py:2941} INFO - Sync 1 DAGs
[2023-12-18T22:41:53.058+0100] {logging_mixin.py:154} INFO - [2023-12-18T22:41:53.058+0100] {dag.py:3722} INFO - Setting next_dagrun for example_short_circuit_operator to 2023-12-17T21:41:53.057826+00:00, run_after=2023-12-18T21:41:53.057826+00:00
[2023-12-18T22:41:53.078+0100] {processor.py:179} INFO - Processing /Users/user/Desktop/Learning/AIRFLOW-TUTORIAL/py_env/lib/python3.11/site-packages/airflow/example_dags/example_short_circuit_operator.py took 0.290 seconds
[2023-12-18T22:43:25.161+0100] {processor.py:157} INFO - Started process (PID=27760) to work on /Users/user/Desktop/Learning/AIRFLOW-TUTORIAL/py_env/lib/python3.11/site-packages/airflow/example_dags/example_short_circuit_operator.py
[2023-12-18T22:43:25.166+0100] {processor.py:829} INFO - Processing file /Users/user/Desktop/Learning/AIRFLOW-TUTORIAL/py_env/lib/python3.11/site-packages/airflow/example_dags/example_short_circuit_operator.py for tasks to queue
[2023-12-18T22:43:25.167+0100] {logging_mixin.py:154} INFO - [2023-12-18T22:43:25.167+0100] {dagbag.py:536} INFO - Filling up the DagBag from /Users/user/Desktop/Learning/AIRFLOW-TUTORIAL/py_env/lib/python3.11/site-packages/airflow/example_dags/example_short_circuit_operator.py
[2023-12-18T22:43:25.222+0100] {processor.py:839} INFO - DAG(s) dict_keys(['example_short_circuit_operator']) retrieved from /Users/user/Desktop/Learning/AIRFLOW-TUTORIAL/py_env/lib/python3.11/site-packages/airflow/example_dags/example_short_circuit_operator.py
[2023-12-18T22:43:25.501+0100] {logging_mixin.py:154} INFO - [2023-12-18T22:43:25.501+0100] {dag.py:2941} INFO - Sync 1 DAGs
[2023-12-18T22:43:25.526+0100] {logging_mixin.py:154} INFO - [2023-12-18T22:43:25.526+0100] {dag.py:3722} INFO - Setting next_dagrun for example_short_circuit_operator to 2023-12-17T21:43:25.526200+00:00, run_after=2023-12-18T21:43:25.526200+00:00
[2023-12-18T22:43:25.553+0100] {processor.py:179} INFO - Processing /Users/user/Desktop/Learning/AIRFLOW-TUTORIAL/py_env/lib/python3.11/site-packages/airflow/example_dags/example_short_circuit_operator.py took 0.393 seconds
[2023-12-18T22:44:57.008+0100] {processor.py:157} INFO - Started process (PID=28560) to work on /Users/user/Desktop/Learning/AIRFLOW-TUTORIAL/py_env/lib/python3.11/site-packages/airflow/example_dags/example_short_circuit_operator.py
[2023-12-18T22:44:57.012+0100] {processor.py:829} INFO - Processing file /Users/user/Desktop/Learning/AIRFLOW-TUTORIAL/py_env/lib/python3.11/site-packages/airflow/example_dags/example_short_circuit_operator.py for tasks to queue
[2023-12-18T22:44:57.013+0100] {logging_mixin.py:154} INFO - [2023-12-18T22:44:57.013+0100] {dagbag.py:536} INFO - Filling up the DagBag from /Users/user/Desktop/Learning/AIRFLOW-TUTORIAL/py_env/lib/python3.11/site-packages/airflow/example_dags/example_short_circuit_operator.py
[2023-12-18T22:44:57.064+0100] {processor.py:839} INFO - DAG(s) dict_keys(['example_short_circuit_operator']) retrieved from /Users/user/Desktop/Learning/AIRFLOW-TUTORIAL/py_env/lib/python3.11/site-packages/airflow/example_dags/example_short_circuit_operator.py
[2023-12-18T22:44:57.289+0100] {logging_mixin.py:154} INFO - [2023-12-18T22:44:57.289+0100] {dag.py:2941} INFO - Sync 1 DAGs
[2023-12-18T22:44:57.311+0100] {logging_mixin.py:154} INFO - [2023-12-18T22:44:57.311+0100] {dag.py:3722} INFO - Setting next_dagrun for example_short_circuit_operator to 2023-12-17T21:44:57.311015+00:00, run_after=2023-12-18T21:44:57.311015+00:00
[2023-12-18T22:44:57.333+0100] {processor.py:179} INFO - Processing /Users/user/Desktop/Learning/AIRFLOW-TUTORIAL/py_env/lib/python3.11/site-packages/airflow/example_dags/example_short_circuit_operator.py took 0.326 seconds
[2023-12-18T22:46:33.837+0100] {processor.py:157} INFO - Started process (PID=29382) to work on /Users/user/Desktop/Learning/AIRFLOW-TUTORIAL/py_env/lib/python3.11/site-packages/airflow/example_dags/example_short_circuit_operator.py
[2023-12-18T22:46:33.845+0100] {processor.py:829} INFO - Processing file /Users/user/Desktop/Learning/AIRFLOW-TUTORIAL/py_env/lib/python3.11/site-packages/airflow/example_dags/example_short_circuit_operator.py for tasks to queue
[2023-12-18T22:46:33.846+0100] {logging_mixin.py:154} INFO - [2023-12-18T22:46:33.846+0100] {dagbag.py:536} INFO - Filling up the DagBag from /Users/user/Desktop/Learning/AIRFLOW-TUTORIAL/py_env/lib/python3.11/site-packages/airflow/example_dags/example_short_circuit_operator.py
[2023-12-18T22:46:33.926+0100] {processor.py:839} INFO - DAG(s) dict_keys(['example_short_circuit_operator']) retrieved from /Users/user/Desktop/Learning/AIRFLOW-TUTORIAL/py_env/lib/python3.11/site-packages/airflow/example_dags/example_short_circuit_operator.py
[2023-12-18T22:46:34.287+0100] {logging_mixin.py:154} INFO - [2023-12-18T22:46:34.286+0100] {dag.py:2941} INFO - Sync 1 DAGs
[2023-12-18T22:46:34.316+0100] {logging_mixin.py:154} INFO - [2023-12-18T22:46:34.316+0100] {dag.py:3722} INFO - Setting next_dagrun for example_short_circuit_operator to 2023-12-17T21:46:34.315813+00:00, run_after=2023-12-18T21:46:34.315813+00:00
[2023-12-18T22:46:34.343+0100] {processor.py:179} INFO - Processing /Users/user/Desktop/Learning/AIRFLOW-TUTORIAL/py_env/lib/python3.11/site-packages/airflow/example_dags/example_short_circuit_operator.py took 0.508 seconds
[2023-12-18T22:48:18.301+0100] {processor.py:157} INFO - Started process (PID=30109) to work on /Users/user/Desktop/Learning/AIRFLOW-TUTORIAL/py_env/lib/python3.11/site-packages/airflow/example_dags/example_short_circuit_operator.py
[2023-12-18T22:48:18.307+0100] {processor.py:829} INFO - Processing file /Users/user/Desktop/Learning/AIRFLOW-TUTORIAL/py_env/lib/python3.11/site-packages/airflow/example_dags/example_short_circuit_operator.py for tasks to queue
[2023-12-18T22:48:18.308+0100] {logging_mixin.py:154} INFO - [2023-12-18T22:48:18.308+0100] {dagbag.py:536} INFO - Filling up the DagBag from /Users/user/Desktop/Learning/AIRFLOW-TUTORIAL/py_env/lib/python3.11/site-packages/airflow/example_dags/example_short_circuit_operator.py
[2023-12-18T22:48:18.358+0100] {processor.py:839} INFO - DAG(s) dict_keys(['example_short_circuit_operator']) retrieved from /Users/user/Desktop/Learning/AIRFLOW-TUTORIAL/py_env/lib/python3.11/site-packages/airflow/example_dags/example_short_circuit_operator.py
[2023-12-18T22:48:18.561+0100] {logging_mixin.py:154} INFO - [2023-12-18T22:48:18.561+0100] {dag.py:2941} INFO - Sync 1 DAGs
[2023-12-18T22:48:18.581+0100] {logging_mixin.py:154} INFO - [2023-12-18T22:48:18.581+0100] {dag.py:3722} INFO - Setting next_dagrun for example_short_circuit_operator to 2023-12-17T21:48:18.581071+00:00, run_after=2023-12-18T21:48:18.581071+00:00
[2023-12-18T22:48:18.601+0100] {processor.py:179} INFO - Processing /Users/user/Desktop/Learning/AIRFLOW-TUTORIAL/py_env/lib/python3.11/site-packages/airflow/example_dags/example_short_circuit_operator.py took 0.301 seconds
[2023-12-18T22:49:55.219+0100] {processor.py:157} INFO - Started process (PID=31004) to work on /Users/user/Desktop/Learning/AIRFLOW-TUTORIAL/py_env/lib/python3.11/site-packages/airflow/example_dags/example_short_circuit_operator.py
[2023-12-18T22:49:55.223+0100] {processor.py:829} INFO - Processing file /Users/user/Desktop/Learning/AIRFLOW-TUTORIAL/py_env/lib/python3.11/site-packages/airflow/example_dags/example_short_circuit_operator.py for tasks to queue
[2023-12-18T22:49:55.224+0100] {logging_mixin.py:154} INFO - [2023-12-18T22:49:55.223+0100] {dagbag.py:536} INFO - Filling up the DagBag from /Users/user/Desktop/Learning/AIRFLOW-TUTORIAL/py_env/lib/python3.11/site-packages/airflow/example_dags/example_short_circuit_operator.py
[2023-12-18T22:49:55.277+0100] {processor.py:839} INFO - DAG(s) dict_keys(['example_short_circuit_operator']) retrieved from /Users/user/Desktop/Learning/AIRFLOW-TUTORIAL/py_env/lib/python3.11/site-packages/airflow/example_dags/example_short_circuit_operator.py
[2023-12-18T22:49:55.485+0100] {logging_mixin.py:154} INFO - [2023-12-18T22:49:55.485+0100] {dag.py:2941} INFO - Sync 1 DAGs
[2023-12-18T22:49:55.504+0100] {logging_mixin.py:154} INFO - [2023-12-18T22:49:55.504+0100] {dag.py:3722} INFO - Setting next_dagrun for example_short_circuit_operator to 2023-12-17T21:49:55.504390+00:00, run_after=2023-12-18T21:49:55.504390+00:00
[2023-12-18T22:49:55.523+0100] {processor.py:179} INFO - Processing /Users/user/Desktop/Learning/AIRFLOW-TUTORIAL/py_env/lib/python3.11/site-packages/airflow/example_dags/example_short_circuit_operator.py took 0.305 seconds
[2023-12-18T22:51:36.332+0100] {processor.py:157} INFO - Started process (PID=31738) to work on /Users/user/Desktop/Learning/AIRFLOW-TUTORIAL/py_env/lib/python3.11/site-packages/airflow/example_dags/example_short_circuit_operator.py
[2023-12-18T22:51:36.338+0100] {processor.py:829} INFO - Processing file /Users/user/Desktop/Learning/AIRFLOW-TUTORIAL/py_env/lib/python3.11/site-packages/airflow/example_dags/example_short_circuit_operator.py for tasks to queue
[2023-12-18T22:51:36.339+0100] {logging_mixin.py:154} INFO - [2023-12-18T22:51:36.338+0100] {dagbag.py:536} INFO - Filling up the DagBag from /Users/user/Desktop/Learning/AIRFLOW-TUTORIAL/py_env/lib/python3.11/site-packages/airflow/example_dags/example_short_circuit_operator.py
[2023-12-18T22:51:36.521+0100] {processor.py:839} INFO - DAG(s) dict_keys(['example_short_circuit_operator']) retrieved from /Users/user/Desktop/Learning/AIRFLOW-TUTORIAL/py_env/lib/python3.11/site-packages/airflow/example_dags/example_short_circuit_operator.py
[2023-12-18T22:51:36.791+0100] {logging_mixin.py:154} INFO - [2023-12-18T22:51:36.790+0100] {dag.py:2941} INFO - Sync 1 DAGs
[2023-12-18T22:51:36.810+0100] {logging_mixin.py:154} INFO - [2023-12-18T22:51:36.809+0100] {dag.py:3722} INFO - Setting next_dagrun for example_short_circuit_operator to 2023-12-17T21:51:36.809680+00:00, run_after=2023-12-18T21:51:36.809680+00:00
[2023-12-18T22:51:36.830+0100] {processor.py:179} INFO - Processing /Users/user/Desktop/Learning/AIRFLOW-TUTORIAL/py_env/lib/python3.11/site-packages/airflow/example_dags/example_short_circuit_operator.py took 0.498 seconds
[2023-12-18T22:53:27.907+0100] {processor.py:157} INFO - Started process (PID=32829) to work on /Users/user/Desktop/Learning/AIRFLOW-TUTORIAL/py_env/lib/python3.11/site-packages/airflow/example_dags/example_short_circuit_operator.py
[2023-12-18T22:53:27.915+0100] {processor.py:829} INFO - Processing file /Users/user/Desktop/Learning/AIRFLOW-TUTORIAL/py_env/lib/python3.11/site-packages/airflow/example_dags/example_short_circuit_operator.py for tasks to queue
[2023-12-18T22:53:27.916+0100] {logging_mixin.py:154} INFO - [2023-12-18T22:53:27.916+0100] {dagbag.py:536} INFO - Filling up the DagBag from /Users/user/Desktop/Learning/AIRFLOW-TUTORIAL/py_env/lib/python3.11/site-packages/airflow/example_dags/example_short_circuit_operator.py
[2023-12-18T22:53:28.014+0100] {processor.py:839} INFO - DAG(s) dict_keys(['example_short_circuit_operator']) retrieved from /Users/user/Desktop/Learning/AIRFLOW-TUTORIAL/py_env/lib/python3.11/site-packages/airflow/example_dags/example_short_circuit_operator.py
[2023-12-18T22:53:28.303+0100] {logging_mixin.py:154} INFO - [2023-12-18T22:53:28.302+0100] {dag.py:2941} INFO - Sync 1 DAGs
[2023-12-18T22:53:28.321+0100] {logging_mixin.py:154} INFO - [2023-12-18T22:53:28.320+0100] {dag.py:3722} INFO - Setting next_dagrun for example_short_circuit_operator to 2023-12-17T21:53:28.320724+00:00, run_after=2023-12-18T21:53:28.320724+00:00
[2023-12-18T22:53:28.340+0100] {processor.py:179} INFO - Processing /Users/user/Desktop/Learning/AIRFLOW-TUTORIAL/py_env/lib/python3.11/site-packages/airflow/example_dags/example_short_circuit_operator.py took 0.433 seconds
[2023-12-18T22:55:17.685+0100] {processor.py:157} INFO - Started process (PID=33648) to work on /Users/user/Desktop/Learning/AIRFLOW-TUTORIAL/py_env/lib/python3.11/site-packages/airflow/example_dags/example_short_circuit_operator.py
[2023-12-18T22:55:17.690+0100] {processor.py:829} INFO - Processing file /Users/user/Desktop/Learning/AIRFLOW-TUTORIAL/py_env/lib/python3.11/site-packages/airflow/example_dags/example_short_circuit_operator.py for tasks to queue
[2023-12-18T22:55:17.690+0100] {logging_mixin.py:154} INFO - [2023-12-18T22:55:17.690+0100] {dagbag.py:536} INFO - Filling up the DagBag from /Users/user/Desktop/Learning/AIRFLOW-TUTORIAL/py_env/lib/python3.11/site-packages/airflow/example_dags/example_short_circuit_operator.py
[2023-12-18T22:55:17.733+0100] {processor.py:839} INFO - DAG(s) dict_keys(['example_short_circuit_operator']) retrieved from /Users/user/Desktop/Learning/AIRFLOW-TUTORIAL/py_env/lib/python3.11/site-packages/airflow/example_dags/example_short_circuit_operator.py
[2023-12-18T22:55:17.922+0100] {logging_mixin.py:154} INFO - [2023-12-18T22:55:17.922+0100] {dag.py:2941} INFO - Sync 1 DAGs
[2023-12-18T22:55:17.941+0100] {logging_mixin.py:154} INFO - [2023-12-18T22:55:17.941+0100] {dag.py:3722} INFO - Setting next_dagrun for example_short_circuit_operator to 2023-12-17T21:55:17.940875+00:00, run_after=2023-12-18T21:55:17.940875+00:00
[2023-12-18T22:55:17.980+0100] {processor.py:179} INFO - Processing /Users/user/Desktop/Learning/AIRFLOW-TUTORIAL/py_env/lib/python3.11/site-packages/airflow/example_dags/example_short_circuit_operator.py took 0.296 seconds
[2023-12-18T22:56:57.981+0100] {processor.py:157} INFO - Started process (PID=34372) to work on /Users/user/Desktop/Learning/AIRFLOW-TUTORIAL/py_env/lib/python3.11/site-packages/airflow/example_dags/example_short_circuit_operator.py
[2023-12-18T22:56:57.985+0100] {processor.py:829} INFO - Processing file /Users/user/Desktop/Learning/AIRFLOW-TUTORIAL/py_env/lib/python3.11/site-packages/airflow/example_dags/example_short_circuit_operator.py for tasks to queue
[2023-12-18T22:56:57.986+0100] {logging_mixin.py:154} INFO - [2023-12-18T22:56:57.986+0100] {dagbag.py:536} INFO - Filling up the DagBag from /Users/user/Desktop/Learning/AIRFLOW-TUTORIAL/py_env/lib/python3.11/site-packages/airflow/example_dags/example_short_circuit_operator.py
[2023-12-18T22:56:58.022+0100] {processor.py:839} INFO - DAG(s) dict_keys(['example_short_circuit_operator']) retrieved from /Users/user/Desktop/Learning/AIRFLOW-TUTORIAL/py_env/lib/python3.11/site-packages/airflow/example_dags/example_short_circuit_operator.py
[2023-12-18T22:56:58.182+0100] {logging_mixin.py:154} INFO - [2023-12-18T22:56:58.181+0100] {dag.py:2941} INFO - Sync 1 DAGs
[2023-12-18T22:56:58.197+0100] {logging_mixin.py:154} INFO - [2023-12-18T22:56:58.197+0100] {dag.py:3722} INFO - Setting next_dagrun for example_short_circuit_operator to 2023-12-17T21:56:58.197617+00:00, run_after=2023-12-18T21:56:58.197617+00:00
[2023-12-18T22:56:58.215+0100] {processor.py:179} INFO - Processing /Users/user/Desktop/Learning/AIRFLOW-TUTORIAL/py_env/lib/python3.11/site-packages/airflow/example_dags/example_short_circuit_operator.py took 0.235 seconds
[2023-12-18T22:58:46.002+0100] {processor.py:157} INFO - Started process (PID=35210) to work on /Users/user/Desktop/Learning/AIRFLOW-TUTORIAL/py_env/lib/python3.11/site-packages/airflow/example_dags/example_short_circuit_operator.py
[2023-12-18T22:58:46.006+0100] {processor.py:829} INFO - Processing file /Users/user/Desktop/Learning/AIRFLOW-TUTORIAL/py_env/lib/python3.11/site-packages/airflow/example_dags/example_short_circuit_operator.py for tasks to queue
[2023-12-18T22:58:46.007+0100] {logging_mixin.py:154} INFO - [2023-12-18T22:58:46.007+0100] {dagbag.py:536} INFO - Filling up the DagBag from /Users/user/Desktop/Learning/AIRFLOW-TUTORIAL/py_env/lib/python3.11/site-packages/airflow/example_dags/example_short_circuit_operator.py
[2023-12-18T22:58:46.046+0100] {processor.py:839} INFO - DAG(s) dict_keys(['example_short_circuit_operator']) retrieved from /Users/user/Desktop/Learning/AIRFLOW-TUTORIAL/py_env/lib/python3.11/site-packages/airflow/example_dags/example_short_circuit_operator.py
[2023-12-18T22:58:46.241+0100] {logging_mixin.py:154} INFO - [2023-12-18T22:58:46.240+0100] {dag.py:2941} INFO - Sync 1 DAGs
[2023-12-18T22:58:46.261+0100] {logging_mixin.py:154} INFO - [2023-12-18T22:58:46.261+0100] {dag.py:3722} INFO - Setting next_dagrun for example_short_circuit_operator to 2023-12-17T21:58:46.260973+00:00, run_after=2023-12-18T21:58:46.260973+00:00
[2023-12-18T22:58:46.281+0100] {processor.py:179} INFO - Processing /Users/user/Desktop/Learning/AIRFLOW-TUTORIAL/py_env/lib/python3.11/site-packages/airflow/example_dags/example_short_circuit_operator.py took 0.279 seconds
[2023-12-18T23:00:26.418+0100] {processor.py:157} INFO - Started process (PID=35866) to work on /Users/user/Desktop/Learning/AIRFLOW-TUTORIAL/py_env/lib/python3.11/site-packages/airflow/example_dags/example_short_circuit_operator.py
[2023-12-18T23:00:26.423+0100] {processor.py:829} INFO - Processing file /Users/user/Desktop/Learning/AIRFLOW-TUTORIAL/py_env/lib/python3.11/site-packages/airflow/example_dags/example_short_circuit_operator.py for tasks to queue
[2023-12-18T23:00:26.423+0100] {logging_mixin.py:154} INFO - [2023-12-18T23:00:26.423+0100] {dagbag.py:536} INFO - Filling up the DagBag from /Users/user/Desktop/Learning/AIRFLOW-TUTORIAL/py_env/lib/python3.11/site-packages/airflow/example_dags/example_short_circuit_operator.py
[2023-12-18T23:00:26.463+0100] {processor.py:839} INFO - DAG(s) dict_keys(['example_short_circuit_operator']) retrieved from /Users/user/Desktop/Learning/AIRFLOW-TUTORIAL/py_env/lib/python3.11/site-packages/airflow/example_dags/example_short_circuit_operator.py
[2023-12-18T23:00:26.670+0100] {logging_mixin.py:154} INFO - [2023-12-18T23:00:26.670+0100] {dag.py:2941} INFO - Sync 1 DAGs
[2023-12-18T23:00:26.687+0100] {logging_mixin.py:154} INFO - [2023-12-18T23:00:26.687+0100] {dag.py:3722} INFO - Setting next_dagrun for example_short_circuit_operator to 2023-12-17T22:00:26.687025+00:00, run_after=2023-12-18T22:00:26.687025+00:00
[2023-12-18T23:00:26.704+0100] {processor.py:179} INFO - Processing /Users/user/Desktop/Learning/AIRFLOW-TUTORIAL/py_env/lib/python3.11/site-packages/airflow/example_dags/example_short_circuit_operator.py took 0.286 seconds
[2023-12-18T23:02:11.686+0100] {processor.py:157} INFO - Started process (PID=36628) to work on /Users/user/Desktop/Learning/AIRFLOW-TUTORIAL/py_env/lib/python3.11/site-packages/airflow/example_dags/example_short_circuit_operator.py
[2023-12-18T23:02:11.693+0100] {processor.py:829} INFO - Processing file /Users/user/Desktop/Learning/AIRFLOW-TUTORIAL/py_env/lib/python3.11/site-packages/airflow/example_dags/example_short_circuit_operator.py for tasks to queue
[2023-12-18T23:02:11.694+0100] {logging_mixin.py:154} INFO - [2023-12-18T23:02:11.694+0100] {dagbag.py:536} INFO - Filling up the DagBag from /Users/user/Desktop/Learning/AIRFLOW-TUTORIAL/py_env/lib/python3.11/site-packages/airflow/example_dags/example_short_circuit_operator.py
[2023-12-18T23:02:11.748+0100] {processor.py:839} INFO - DAG(s) dict_keys(['example_short_circuit_operator']) retrieved from /Users/user/Desktop/Learning/AIRFLOW-TUTORIAL/py_env/lib/python3.11/site-packages/airflow/example_dags/example_short_circuit_operator.py
[2023-12-18T23:02:12.040+0100] {logging_mixin.py:154} INFO - [2023-12-18T23:02:12.039+0100] {dag.py:2941} INFO - Sync 1 DAGs
[2023-12-18T23:02:12.062+0100] {logging_mixin.py:154} INFO - [2023-12-18T23:02:12.062+0100] {dag.py:3722} INFO - Setting next_dagrun for example_short_circuit_operator to 2023-12-17T22:02:12.062484+00:00, run_after=2023-12-18T22:02:12.062484+00:00
[2023-12-18T23:02:12.086+0100] {processor.py:179} INFO - Processing /Users/user/Desktop/Learning/AIRFLOW-TUTORIAL/py_env/lib/python3.11/site-packages/airflow/example_dags/example_short_circuit_operator.py took 0.402 seconds
[2023-12-18T23:05:09.579+0100] {processor.py:157} INFO - Started process (PID=37468) to work on /Users/user/Desktop/Learning/AIRFLOW-TUTORIAL/py_env/lib/python3.11/site-packages/airflow/example_dags/example_short_circuit_operator.py
[2023-12-18T23:05:09.584+0100] {processor.py:829} INFO - Processing file /Users/user/Desktop/Learning/AIRFLOW-TUTORIAL/py_env/lib/python3.11/site-packages/airflow/example_dags/example_short_circuit_operator.py for tasks to queue
[2023-12-18T23:05:09.585+0100] {logging_mixin.py:154} INFO - [2023-12-18T23:05:09.584+0100] {dagbag.py:536} INFO - Filling up the DagBag from /Users/user/Desktop/Learning/AIRFLOW-TUTORIAL/py_env/lib/python3.11/site-packages/airflow/example_dags/example_short_circuit_operator.py
[2023-12-18T23:05:09.633+0100] {processor.py:839} INFO - DAG(s) dict_keys(['example_short_circuit_operator']) retrieved from /Users/user/Desktop/Learning/AIRFLOW-TUTORIAL/py_env/lib/python3.11/site-packages/airflow/example_dags/example_short_circuit_operator.py
[2023-12-18T23:05:09.862+0100] {logging_mixin.py:154} INFO - [2023-12-18T23:05:09.862+0100] {dag.py:2941} INFO - Sync 1 DAGs
[2023-12-18T23:05:09.883+0100] {logging_mixin.py:154} INFO - [2023-12-18T23:05:09.883+0100] {dag.py:3722} INFO - Setting next_dagrun for example_short_circuit_operator to 2023-12-17T22:05:09.883185+00:00, run_after=2023-12-18T22:05:09.883185+00:00
[2023-12-18T23:05:09.907+0100] {processor.py:179} INFO - Processing /Users/user/Desktop/Learning/AIRFLOW-TUTORIAL/py_env/lib/python3.11/site-packages/airflow/example_dags/example_short_circuit_operator.py took 0.328 seconds
[2023-12-18T23:07:30.706+0100] {processor.py:157} INFO - Started process (PID=38603) to work on /Users/user/Desktop/Learning/AIRFLOW-TUTORIAL/py_env/lib/python3.11/site-packages/airflow/example_dags/example_short_circuit_operator.py
[2023-12-18T23:07:30.711+0100] {processor.py:829} INFO - Processing file /Users/user/Desktop/Learning/AIRFLOW-TUTORIAL/py_env/lib/python3.11/site-packages/airflow/example_dags/example_short_circuit_operator.py for tasks to queue
[2023-12-18T23:07:30.712+0100] {logging_mixin.py:154} INFO - [2023-12-18T23:07:30.712+0100] {dagbag.py:536} INFO - Filling up the DagBag from /Users/user/Desktop/Learning/AIRFLOW-TUTORIAL/py_env/lib/python3.11/site-packages/airflow/example_dags/example_short_circuit_operator.py
[2023-12-18T23:07:30.761+0100] {processor.py:839} INFO - DAG(s) dict_keys(['example_short_circuit_operator']) retrieved from /Users/user/Desktop/Learning/AIRFLOW-TUTORIAL/py_env/lib/python3.11/site-packages/airflow/example_dags/example_short_circuit_operator.py
[2023-12-18T23:07:30.949+0100] {logging_mixin.py:154} INFO - [2023-12-18T23:07:30.949+0100] {dag.py:2941} INFO - Sync 1 DAGs
[2023-12-18T23:07:30.969+0100] {logging_mixin.py:154} INFO - [2023-12-18T23:07:30.968+0100] {dag.py:3722} INFO - Setting next_dagrun for example_short_circuit_operator to 2023-12-17T22:07:30.968802+00:00, run_after=2023-12-18T22:07:30.968802+00:00
[2023-12-18T23:07:30.992+0100] {processor.py:179} INFO - Processing /Users/user/Desktop/Learning/AIRFLOW-TUTORIAL/py_env/lib/python3.11/site-packages/airflow/example_dags/example_short_circuit_operator.py took 0.287 seconds
