[2023-12-18T22:37:33.166+0100] {processor.py:157} INFO - Started process (PID=24972) to work on /Users/user/Desktop/Learning/AIRFLOW-TUTORIAL/py_env/lib/python3.11/site-packages/airflow/example_dags/example_task_group_decorator.py
[2023-12-18T22:37:33.172+0100] {processor.py:829} INFO - Processing file /Users/user/Desktop/Learning/AIRFLOW-TUTORIAL/py_env/lib/python3.11/site-packages/airflow/example_dags/example_task_group_decorator.py for tasks to queue
[2023-12-18T22:37:33.173+0100] {logging_mixin.py:154} INFO - [2023-12-18T22:37:33.173+0100] {dagbag.py:536} INFO - Filling up the DagBag from /Users/user/Desktop/Learning/AIRFLOW-TUTORIAL/py_env/lib/python3.11/site-packages/airflow/example_dags/example_task_group_decorator.py
[2023-12-18T22:37:33.289+0100] {processor.py:839} INFO - DAG(s) dict_keys(['example_task_group_decorator']) retrieved from /Users/user/Desktop/Learning/AIRFLOW-TUTORIAL/py_env/lib/python3.11/site-packages/airflow/example_dags/example_task_group_decorator.py
[2023-12-18T22:37:34.169+0100] {logging_mixin.py:154} INFO - [2023-12-18T22:37:34.169+0100] {manager.py:499} INFO - Created Permission View: %s
[2023-12-18T22:37:34.179+0100] {logging_mixin.py:154} INFO - [2023-12-18T22:37:34.179+0100] {manager.py:499} INFO - Created Permission View: %s
[2023-12-18T22:37:34.185+0100] {logging_mixin.py:154} INFO - [2023-12-18T22:37:34.185+0100] {manager.py:499} INFO - Created Permission View: %s
[2023-12-18T22:37:34.186+0100] {logging_mixin.py:154} INFO - [2023-12-18T22:37:34.185+0100] {dag.py:2941} INFO - Sync 1 DAGs
[2023-12-18T22:37:34.197+0100] {logging_mixin.py:154} INFO - [2023-12-18T22:37:34.197+0100] {dag.py:2963} INFO - Creating ORM DAG for example_task_group_decorator
[2023-12-18T22:37:34.208+0100] {logging_mixin.py:154} INFO - [2023-12-18T22:37:34.207+0100] {dag.py:3722} INFO - Setting next_dagrun for example_task_group_decorator to 2023-12-17T21:37:34.207819+00:00, run_after=2023-12-18T21:37:34.207819+00:00
[2023-12-18T22:37:34.225+0100] {processor.py:179} INFO - Processing /Users/user/Desktop/Learning/AIRFLOW-TUTORIAL/py_env/lib/python3.11/site-packages/airflow/example_dags/example_task_group_decorator.py took 1.060 seconds
[2023-12-18T22:40:07.611+0100] {processor.py:157} INFO - Started process (PID=26203) to work on /Users/user/Desktop/Learning/AIRFLOW-TUTORIAL/py_env/lib/python3.11/site-packages/airflow/example_dags/example_task_group_decorator.py
[2023-12-18T22:40:07.616+0100] {processor.py:829} INFO - Processing file /Users/user/Desktop/Learning/AIRFLOW-TUTORIAL/py_env/lib/python3.11/site-packages/airflow/example_dags/example_task_group_decorator.py for tasks to queue
[2023-12-18T22:40:07.616+0100] {logging_mixin.py:154} INFO - [2023-12-18T22:40:07.616+0100] {dagbag.py:536} INFO - Filling up the DagBag from /Users/user/Desktop/Learning/AIRFLOW-TUTORIAL/py_env/lib/python3.11/site-packages/airflow/example_dags/example_task_group_decorator.py
[2023-12-18T22:40:07.698+0100] {processor.py:839} INFO - DAG(s) dict_keys(['example_task_group_decorator']) retrieved from /Users/user/Desktop/Learning/AIRFLOW-TUTORIAL/py_env/lib/python3.11/site-packages/airflow/example_dags/example_task_group_decorator.py
[2023-12-18T22:40:07.939+0100] {logging_mixin.py:154} INFO - [2023-12-18T22:40:07.939+0100] {dag.py:2941} INFO - Sync 1 DAGs
[2023-12-18T22:40:07.962+0100] {logging_mixin.py:154} INFO - [2023-12-18T22:40:07.961+0100] {dag.py:3722} INFO - Setting next_dagrun for example_task_group_decorator to 2023-12-17T21:40:07.961754+00:00, run_after=2023-12-18T21:40:07.961754+00:00
[2023-12-18T22:40:07.985+0100] {processor.py:179} INFO - Processing /Users/user/Desktop/Learning/AIRFLOW-TUTORIAL/py_env/lib/python3.11/site-packages/airflow/example_dags/example_task_group_decorator.py took 0.374 seconds
[2023-12-18T22:41:38.922+0100] {processor.py:157} INFO - Started process (PID=27035) to work on /Users/user/Desktop/Learning/AIRFLOW-TUTORIAL/py_env/lib/python3.11/site-packages/airflow/example_dags/example_task_group_decorator.py
[2023-12-18T22:41:38.927+0100] {processor.py:829} INFO - Processing file /Users/user/Desktop/Learning/AIRFLOW-TUTORIAL/py_env/lib/python3.11/site-packages/airflow/example_dags/example_task_group_decorator.py for tasks to queue
[2023-12-18T22:41:38.928+0100] {logging_mixin.py:154} INFO - [2023-12-18T22:41:38.927+0100] {dagbag.py:536} INFO - Filling up the DagBag from /Users/user/Desktop/Learning/AIRFLOW-TUTORIAL/py_env/lib/python3.11/site-packages/airflow/example_dags/example_task_group_decorator.py
[2023-12-18T22:41:39.016+0100] {processor.py:839} INFO - DAG(s) dict_keys(['example_task_group_decorator']) retrieved from /Users/user/Desktop/Learning/AIRFLOW-TUTORIAL/py_env/lib/python3.11/site-packages/airflow/example_dags/example_task_group_decorator.py
[2023-12-18T22:41:39.286+0100] {logging_mixin.py:154} INFO - [2023-12-18T22:41:39.286+0100] {dag.py:2941} INFO - Sync 1 DAGs
[2023-12-18T22:41:39.317+0100] {logging_mixin.py:154} INFO - [2023-12-18T22:41:39.316+0100] {dag.py:3722} INFO - Setting next_dagrun for example_task_group_decorator to 2023-12-17T21:41:39.316646+00:00, run_after=2023-12-18T21:41:39.316646+00:00
[2023-12-18T22:41:39.340+0100] {processor.py:179} INFO - Processing /Users/user/Desktop/Learning/AIRFLOW-TUTORIAL/py_env/lib/python3.11/site-packages/airflow/example_dags/example_task_group_decorator.py took 0.420 seconds
[2023-12-18T22:43:08.941+0100] {processor.py:157} INFO - Started process (PID=27658) to work on /Users/user/Desktop/Learning/AIRFLOW-TUTORIAL/py_env/lib/python3.11/site-packages/airflow/example_dags/example_task_group_decorator.py
[2023-12-18T22:43:08.958+0100] {processor.py:829} INFO - Processing file /Users/user/Desktop/Learning/AIRFLOW-TUTORIAL/py_env/lib/python3.11/site-packages/airflow/example_dags/example_task_group_decorator.py for tasks to queue
[2023-12-18T22:43:08.959+0100] {logging_mixin.py:154} INFO - [2023-12-18T22:43:08.959+0100] {dagbag.py:536} INFO - Filling up the DagBag from /Users/user/Desktop/Learning/AIRFLOW-TUTORIAL/py_env/lib/python3.11/site-packages/airflow/example_dags/example_task_group_decorator.py
[2023-12-18T22:43:09.040+0100] {processor.py:839} INFO - DAG(s) dict_keys(['example_task_group_decorator']) retrieved from /Users/user/Desktop/Learning/AIRFLOW-TUTORIAL/py_env/lib/python3.11/site-packages/airflow/example_dags/example_task_group_decorator.py
[2023-12-18T22:43:09.286+0100] {logging_mixin.py:154} INFO - [2023-12-18T22:43:09.286+0100] {dag.py:2941} INFO - Sync 1 DAGs
[2023-12-18T22:43:09.319+0100] {logging_mixin.py:154} INFO - [2023-12-18T22:43:09.319+0100] {dag.py:3722} INFO - Setting next_dagrun for example_task_group_decorator to 2023-12-17T21:43:09.319363+00:00, run_after=2023-12-18T21:43:09.319363+00:00
[2023-12-18T22:43:09.364+0100] {processor.py:179} INFO - Processing /Users/user/Desktop/Learning/AIRFLOW-TUTORIAL/py_env/lib/python3.11/site-packages/airflow/example_dags/example_task_group_decorator.py took 0.424 seconds
[2023-12-18T22:44:43.370+0100] {processor.py:157} INFO - Started process (PID=28457) to work on /Users/user/Desktop/Learning/AIRFLOW-TUTORIAL/py_env/lib/python3.11/site-packages/airflow/example_dags/example_task_group_decorator.py
[2023-12-18T22:44:43.374+0100] {processor.py:829} INFO - Processing file /Users/user/Desktop/Learning/AIRFLOW-TUTORIAL/py_env/lib/python3.11/site-packages/airflow/example_dags/example_task_group_decorator.py for tasks to queue
[2023-12-18T22:44:43.374+0100] {logging_mixin.py:154} INFO - [2023-12-18T22:44:43.374+0100] {dagbag.py:536} INFO - Filling up the DagBag from /Users/user/Desktop/Learning/AIRFLOW-TUTORIAL/py_env/lib/python3.11/site-packages/airflow/example_dags/example_task_group_decorator.py
[2023-12-18T22:44:43.438+0100] {processor.py:839} INFO - DAG(s) dict_keys(['example_task_group_decorator']) retrieved from /Users/user/Desktop/Learning/AIRFLOW-TUTORIAL/py_env/lib/python3.11/site-packages/airflow/example_dags/example_task_group_decorator.py
[2023-12-18T22:44:43.619+0100] {logging_mixin.py:154} INFO - [2023-12-18T22:44:43.619+0100] {dag.py:2941} INFO - Sync 1 DAGs
[2023-12-18T22:44:43.634+0100] {logging_mixin.py:154} INFO - [2023-12-18T22:44:43.634+0100] {dag.py:3722} INFO - Setting next_dagrun for example_task_group_decorator to 2023-12-17T21:44:43.634047+00:00, run_after=2023-12-18T21:44:43.634047+00:00
[2023-12-18T22:44:43.652+0100] {processor.py:179} INFO - Processing /Users/user/Desktop/Learning/AIRFLOW-TUTORIAL/py_env/lib/python3.11/site-packages/airflow/example_dags/example_task_group_decorator.py took 0.282 seconds
[2023-12-18T22:46:19.323+0100] {processor.py:157} INFO - Started process (PID=29181) to work on /Users/user/Desktop/Learning/AIRFLOW-TUTORIAL/py_env/lib/python3.11/site-packages/airflow/example_dags/example_task_group_decorator.py
[2023-12-18T22:46:19.327+0100] {processor.py:829} INFO - Processing file /Users/user/Desktop/Learning/AIRFLOW-TUTORIAL/py_env/lib/python3.11/site-packages/airflow/example_dags/example_task_group_decorator.py for tasks to queue
[2023-12-18T22:46:19.328+0100] {logging_mixin.py:154} INFO - [2023-12-18T22:46:19.328+0100] {dagbag.py:536} INFO - Filling up the DagBag from /Users/user/Desktop/Learning/AIRFLOW-TUTORIAL/py_env/lib/python3.11/site-packages/airflow/example_dags/example_task_group_decorator.py
[2023-12-18T22:46:19.396+0100] {processor.py:839} INFO - DAG(s) dict_keys(['example_task_group_decorator']) retrieved from /Users/user/Desktop/Learning/AIRFLOW-TUTORIAL/py_env/lib/python3.11/site-packages/airflow/example_dags/example_task_group_decorator.py
[2023-12-18T22:46:19.601+0100] {logging_mixin.py:154} INFO - [2023-12-18T22:46:19.601+0100] {dag.py:2941} INFO - Sync 1 DAGs
[2023-12-18T22:46:19.621+0100] {logging_mixin.py:154} INFO - [2023-12-18T22:46:19.621+0100] {dag.py:3722} INFO - Setting next_dagrun for example_task_group_decorator to 2023-12-17T21:46:19.621017+00:00, run_after=2023-12-18T21:46:19.621017+00:00
[2023-12-18T22:46:19.646+0100] {processor.py:179} INFO - Processing /Users/user/Desktop/Learning/AIRFLOW-TUTORIAL/py_env/lib/python3.11/site-packages/airflow/example_dags/example_task_group_decorator.py took 0.323 seconds
[2023-12-18T22:48:04.667+0100] {processor.py:157} INFO - Started process (PID=30013) to work on /Users/user/Desktop/Learning/AIRFLOW-TUTORIAL/py_env/lib/python3.11/site-packages/airflow/example_dags/example_task_group_decorator.py
[2023-12-18T22:48:04.672+0100] {processor.py:829} INFO - Processing file /Users/user/Desktop/Learning/AIRFLOW-TUTORIAL/py_env/lib/python3.11/site-packages/airflow/example_dags/example_task_group_decorator.py for tasks to queue
[2023-12-18T22:48:04.672+0100] {logging_mixin.py:154} INFO - [2023-12-18T22:48:04.672+0100] {dagbag.py:536} INFO - Filling up the DagBag from /Users/user/Desktop/Learning/AIRFLOW-TUTORIAL/py_env/lib/python3.11/site-packages/airflow/example_dags/example_task_group_decorator.py
[2023-12-18T22:48:04.754+0100] {processor.py:839} INFO - DAG(s) dict_keys(['example_task_group_decorator']) retrieved from /Users/user/Desktop/Learning/AIRFLOW-TUTORIAL/py_env/lib/python3.11/site-packages/airflow/example_dags/example_task_group_decorator.py
[2023-12-18T22:48:04.953+0100] {logging_mixin.py:154} INFO - [2023-12-18T22:48:04.952+0100] {dag.py:2941} INFO - Sync 1 DAGs
[2023-12-18T22:48:04.974+0100] {logging_mixin.py:154} INFO - [2023-12-18T22:48:04.974+0100] {dag.py:3722} INFO - Setting next_dagrun for example_task_group_decorator to 2023-12-17T21:48:04.973944+00:00, run_after=2023-12-18T21:48:04.973944+00:00
[2023-12-18T22:48:04.995+0100] {processor.py:179} INFO - Processing /Users/user/Desktop/Learning/AIRFLOW-TUTORIAL/py_env/lib/python3.11/site-packages/airflow/example_dags/example_task_group_decorator.py took 0.329 seconds
[2023-12-18T22:49:41.398+0100] {processor.py:157} INFO - Started process (PID=30903) to work on /Users/user/Desktop/Learning/AIRFLOW-TUTORIAL/py_env/lib/python3.11/site-packages/airflow/example_dags/example_task_group_decorator.py
[2023-12-18T22:49:41.403+0100] {processor.py:829} INFO - Processing file /Users/user/Desktop/Learning/AIRFLOW-TUTORIAL/py_env/lib/python3.11/site-packages/airflow/example_dags/example_task_group_decorator.py for tasks to queue
[2023-12-18T22:49:41.404+0100] {logging_mixin.py:154} INFO - [2023-12-18T22:49:41.403+0100] {dagbag.py:536} INFO - Filling up the DagBag from /Users/user/Desktop/Learning/AIRFLOW-TUTORIAL/py_env/lib/python3.11/site-packages/airflow/example_dags/example_task_group_decorator.py
[2023-12-18T22:49:41.467+0100] {processor.py:839} INFO - DAG(s) dict_keys(['example_task_group_decorator']) retrieved from /Users/user/Desktop/Learning/AIRFLOW-TUTORIAL/py_env/lib/python3.11/site-packages/airflow/example_dags/example_task_group_decorator.py
[2023-12-18T22:49:41.638+0100] {logging_mixin.py:154} INFO - [2023-12-18T22:49:41.638+0100] {dag.py:2941} INFO - Sync 1 DAGs
[2023-12-18T22:49:41.653+0100] {logging_mixin.py:154} INFO - [2023-12-18T22:49:41.653+0100] {dag.py:3722} INFO - Setting next_dagrun for example_task_group_decorator to 2023-12-17T21:49:41.653353+00:00, run_after=2023-12-18T21:49:41.653353+00:00
[2023-12-18T22:49:41.672+0100] {processor.py:179} INFO - Processing /Users/user/Desktop/Learning/AIRFLOW-TUTORIAL/py_env/lib/python3.11/site-packages/airflow/example_dags/example_task_group_decorator.py took 0.274 seconds
[2023-12-18T22:51:22.437+0100] {processor.py:157} INFO - Started process (PID=31628) to work on /Users/user/Desktop/Learning/AIRFLOW-TUTORIAL/py_env/lib/python3.11/site-packages/airflow/example_dags/example_task_group_decorator.py
[2023-12-18T22:51:22.444+0100] {processor.py:829} INFO - Processing file /Users/user/Desktop/Learning/AIRFLOW-TUTORIAL/py_env/lib/python3.11/site-packages/airflow/example_dags/example_task_group_decorator.py for tasks to queue
[2023-12-18T22:51:22.445+0100] {logging_mixin.py:154} INFO - [2023-12-18T22:51:22.444+0100] {dagbag.py:536} INFO - Filling up the DagBag from /Users/user/Desktop/Learning/AIRFLOW-TUTORIAL/py_env/lib/python3.11/site-packages/airflow/example_dags/example_task_group_decorator.py
[2023-12-18T22:51:22.517+0100] {processor.py:839} INFO - DAG(s) dict_keys(['example_task_group_decorator']) retrieved from /Users/user/Desktop/Learning/AIRFLOW-TUTORIAL/py_env/lib/python3.11/site-packages/airflow/example_dags/example_task_group_decorator.py
[2023-12-18T22:51:22.725+0100] {logging_mixin.py:154} INFO - [2023-12-18T22:51:22.725+0100] {dag.py:2941} INFO - Sync 1 DAGs
[2023-12-18T22:51:22.743+0100] {logging_mixin.py:154} INFO - [2023-12-18T22:51:22.743+0100] {dag.py:3722} INFO - Setting next_dagrun for example_task_group_decorator to 2023-12-17T21:51:22.742849+00:00, run_after=2023-12-18T21:51:22.742849+00:00
[2023-12-18T22:51:22.763+0100] {processor.py:179} INFO - Processing /Users/user/Desktop/Learning/AIRFLOW-TUTORIAL/py_env/lib/python3.11/site-packages/airflow/example_dags/example_task_group_decorator.py took 0.327 seconds
[2023-12-18T22:53:13.623+0100] {processor.py:157} INFO - Started process (PID=32642) to work on /Users/user/Desktop/Learning/AIRFLOW-TUTORIAL/py_env/lib/python3.11/site-packages/airflow/example_dags/example_task_group_decorator.py
[2023-12-18T22:53:13.633+0100] {processor.py:829} INFO - Processing file /Users/user/Desktop/Learning/AIRFLOW-TUTORIAL/py_env/lib/python3.11/site-packages/airflow/example_dags/example_task_group_decorator.py for tasks to queue
[2023-12-18T22:53:13.634+0100] {logging_mixin.py:154} INFO - [2023-12-18T22:53:13.633+0100] {dagbag.py:536} INFO - Filling up the DagBag from /Users/user/Desktop/Learning/AIRFLOW-TUTORIAL/py_env/lib/python3.11/site-packages/airflow/example_dags/example_task_group_decorator.py
[2023-12-18T22:53:13.719+0100] {processor.py:839} INFO - DAG(s) dict_keys(['example_task_group_decorator']) retrieved from /Users/user/Desktop/Learning/AIRFLOW-TUTORIAL/py_env/lib/python3.11/site-packages/airflow/example_dags/example_task_group_decorator.py
[2023-12-18T22:53:13.945+0100] {logging_mixin.py:154} INFO - [2023-12-18T22:53:13.945+0100] {dag.py:2941} INFO - Sync 1 DAGs
[2023-12-18T22:53:13.966+0100] {logging_mixin.py:154} INFO - [2023-12-18T22:53:13.966+0100] {dag.py:3722} INFO - Setting next_dagrun for example_task_group_decorator to 2023-12-17T21:53:13.966286+00:00, run_after=2023-12-18T21:53:13.966286+00:00
[2023-12-18T22:53:13.989+0100] {processor.py:179} INFO - Processing /Users/user/Desktop/Learning/AIRFLOW-TUTORIAL/py_env/lib/python3.11/site-packages/airflow/example_dags/example_task_group_decorator.py took 0.368 seconds
[2023-12-18T22:55:02.879+0100] {processor.py:157} INFO - Started process (PID=33457) to work on /Users/user/Desktop/Learning/AIRFLOW-TUTORIAL/py_env/lib/python3.11/site-packages/airflow/example_dags/example_task_group_decorator.py
[2023-12-18T22:55:02.886+0100] {processor.py:829} INFO - Processing file /Users/user/Desktop/Learning/AIRFLOW-TUTORIAL/py_env/lib/python3.11/site-packages/airflow/example_dags/example_task_group_decorator.py for tasks to queue
[2023-12-18T22:55:02.904+0100] {logging_mixin.py:154} INFO - [2023-12-18T22:55:02.904+0100] {dagbag.py:536} INFO - Filling up the DagBag from /Users/user/Desktop/Learning/AIRFLOW-TUTORIAL/py_env/lib/python3.11/site-packages/airflow/example_dags/example_task_group_decorator.py
[2023-12-18T22:55:02.976+0100] {processor.py:839} INFO - DAG(s) dict_keys(['example_task_group_decorator']) retrieved from /Users/user/Desktop/Learning/AIRFLOW-TUTORIAL/py_env/lib/python3.11/site-packages/airflow/example_dags/example_task_group_decorator.py
[2023-12-18T22:55:03.235+0100] {logging_mixin.py:154} INFO - [2023-12-18T22:55:03.235+0100] {dag.py:2941} INFO - Sync 1 DAGs
[2023-12-18T22:55:03.253+0100] {logging_mixin.py:154} INFO - [2023-12-18T22:55:03.253+0100] {dag.py:3722} INFO - Setting next_dagrun for example_task_group_decorator to 2023-12-17T21:55:03.253610+00:00, run_after=2023-12-18T21:55:03.253610+00:00
[2023-12-18T22:55:03.274+0100] {processor.py:179} INFO - Processing /Users/user/Desktop/Learning/AIRFLOW-TUTORIAL/py_env/lib/python3.11/site-packages/airflow/example_dags/example_task_group_decorator.py took 0.396 seconds
[2023-12-18T22:56:48.306+0100] {processor.py:157} INFO - Started process (PID=34276) to work on /Users/user/Desktop/Learning/AIRFLOW-TUTORIAL/py_env/lib/python3.11/site-packages/airflow/example_dags/example_task_group_decorator.py
[2023-12-18T22:56:48.310+0100] {processor.py:829} INFO - Processing file /Users/user/Desktop/Learning/AIRFLOW-TUTORIAL/py_env/lib/python3.11/site-packages/airflow/example_dags/example_task_group_decorator.py for tasks to queue
[2023-12-18T22:56:48.311+0100] {logging_mixin.py:154} INFO - [2023-12-18T22:56:48.311+0100] {dagbag.py:536} INFO - Filling up the DagBag from /Users/user/Desktop/Learning/AIRFLOW-TUTORIAL/py_env/lib/python3.11/site-packages/airflow/example_dags/example_task_group_decorator.py
[2023-12-18T22:56:48.371+0100] {processor.py:839} INFO - DAG(s) dict_keys(['example_task_group_decorator']) retrieved from /Users/user/Desktop/Learning/AIRFLOW-TUTORIAL/py_env/lib/python3.11/site-packages/airflow/example_dags/example_task_group_decorator.py
[2023-12-18T22:56:48.543+0100] {logging_mixin.py:154} INFO - [2023-12-18T22:56:48.543+0100] {dag.py:2941} INFO - Sync 1 DAGs
[2023-12-18T22:56:48.557+0100] {logging_mixin.py:154} INFO - [2023-12-18T22:56:48.557+0100] {dag.py:3722} INFO - Setting next_dagrun for example_task_group_decorator to 2023-12-17T21:56:48.557424+00:00, run_after=2023-12-18T21:56:48.557424+00:00
[2023-12-18T22:56:48.580+0100] {processor.py:179} INFO - Processing /Users/user/Desktop/Learning/AIRFLOW-TUTORIAL/py_env/lib/python3.11/site-packages/airflow/example_dags/example_task_group_decorator.py took 0.274 seconds
[2023-12-18T22:58:33.534+0100] {processor.py:157} INFO - Started process (PID=35106) to work on /Users/user/Desktop/Learning/AIRFLOW-TUTORIAL/py_env/lib/python3.11/site-packages/airflow/example_dags/example_task_group_decorator.py
[2023-12-18T22:58:33.539+0100] {processor.py:829} INFO - Processing file /Users/user/Desktop/Learning/AIRFLOW-TUTORIAL/py_env/lib/python3.11/site-packages/airflow/example_dags/example_task_group_decorator.py for tasks to queue
[2023-12-18T22:58:33.539+0100] {logging_mixin.py:154} INFO - [2023-12-18T22:58:33.539+0100] {dagbag.py:536} INFO - Filling up the DagBag from /Users/user/Desktop/Learning/AIRFLOW-TUTORIAL/py_env/lib/python3.11/site-packages/airflow/example_dags/example_task_group_decorator.py
[2023-12-18T22:58:33.612+0100] {processor.py:839} INFO - DAG(s) dict_keys(['example_task_group_decorator']) retrieved from /Users/user/Desktop/Learning/AIRFLOW-TUTORIAL/py_env/lib/python3.11/site-packages/airflow/example_dags/example_task_group_decorator.py
[2023-12-18T22:58:33.816+0100] {logging_mixin.py:154} INFO - [2023-12-18T22:58:33.815+0100] {dag.py:2941} INFO - Sync 1 DAGs
[2023-12-18T22:58:33.839+0100] {logging_mixin.py:154} INFO - [2023-12-18T22:58:33.839+0100] {dag.py:3722} INFO - Setting next_dagrun for example_task_group_decorator to 2023-12-17T21:58:33.839046+00:00, run_after=2023-12-18T21:58:33.839046+00:00
[2023-12-18T22:58:33.866+0100] {processor.py:179} INFO - Processing /Users/user/Desktop/Learning/AIRFLOW-TUTORIAL/py_env/lib/python3.11/site-packages/airflow/example_dags/example_task_group_decorator.py took 0.332 seconds
[2023-12-18T23:00:15.436+0100] {processor.py:157} INFO - Started process (PID=35770) to work on /Users/user/Desktop/Learning/AIRFLOW-TUTORIAL/py_env/lib/python3.11/site-packages/airflow/example_dags/example_task_group_decorator.py
[2023-12-18T23:00:15.440+0100] {processor.py:829} INFO - Processing file /Users/user/Desktop/Learning/AIRFLOW-TUTORIAL/py_env/lib/python3.11/site-packages/airflow/example_dags/example_task_group_decorator.py for tasks to queue
[2023-12-18T23:00:15.441+0100] {logging_mixin.py:154} INFO - [2023-12-18T23:00:15.441+0100] {dagbag.py:536} INFO - Filling up the DagBag from /Users/user/Desktop/Learning/AIRFLOW-TUTORIAL/py_env/lib/python3.11/site-packages/airflow/example_dags/example_task_group_decorator.py
[2023-12-18T23:00:15.506+0100] {processor.py:839} INFO - DAG(s) dict_keys(['example_task_group_decorator']) retrieved from /Users/user/Desktop/Learning/AIRFLOW-TUTORIAL/py_env/lib/python3.11/site-packages/airflow/example_dags/example_task_group_decorator.py
[2023-12-18T23:00:15.677+0100] {logging_mixin.py:154} INFO - [2023-12-18T23:00:15.676+0100] {dag.py:2941} INFO - Sync 1 DAGs
[2023-12-18T23:00:15.694+0100] {logging_mixin.py:154} INFO - [2023-12-18T23:00:15.694+0100] {dag.py:3722} INFO - Setting next_dagrun for example_task_group_decorator to 2023-12-17T22:00:15.693991+00:00, run_after=2023-12-18T22:00:15.693991+00:00
[2023-12-18T23:00:15.714+0100] {processor.py:179} INFO - Processing /Users/user/Desktop/Learning/AIRFLOW-TUTORIAL/py_env/lib/python3.11/site-packages/airflow/example_dags/example_task_group_decorator.py took 0.278 seconds
[2023-12-18T23:01:57.092+0100] {processor.py:157} INFO - Started process (PID=36503) to work on /Users/user/Desktop/Learning/AIRFLOW-TUTORIAL/py_env/lib/python3.11/site-packages/airflow/example_dags/example_task_group_decorator.py
[2023-12-18T23:01:57.096+0100] {processor.py:829} INFO - Processing file /Users/user/Desktop/Learning/AIRFLOW-TUTORIAL/py_env/lib/python3.11/site-packages/airflow/example_dags/example_task_group_decorator.py for tasks to queue
[2023-12-18T23:01:57.096+0100] {logging_mixin.py:154} INFO - [2023-12-18T23:01:57.096+0100] {dagbag.py:536} INFO - Filling up the DagBag from /Users/user/Desktop/Learning/AIRFLOW-TUTORIAL/py_env/lib/python3.11/site-packages/airflow/example_dags/example_task_group_decorator.py
[2023-12-18T23:01:57.160+0100] {processor.py:839} INFO - DAG(s) dict_keys(['example_task_group_decorator']) retrieved from /Users/user/Desktop/Learning/AIRFLOW-TUTORIAL/py_env/lib/python3.11/site-packages/airflow/example_dags/example_task_group_decorator.py
[2023-12-18T23:01:57.335+0100] {logging_mixin.py:154} INFO - [2023-12-18T23:01:57.335+0100] {dag.py:2941} INFO - Sync 1 DAGs
[2023-12-18T23:01:57.352+0100] {logging_mixin.py:154} INFO - [2023-12-18T23:01:57.352+0100] {dag.py:3722} INFO - Setting next_dagrun for example_task_group_decorator to 2023-12-17T22:01:57.351898+00:00, run_after=2023-12-18T22:01:57.351898+00:00
[2023-12-18T23:01:57.371+0100] {processor.py:179} INFO - Processing /Users/user/Desktop/Learning/AIRFLOW-TUTORIAL/py_env/lib/python3.11/site-packages/airflow/example_dags/example_task_group_decorator.py took 0.279 seconds
[2023-12-18T23:03:49.238+0100] {processor.py:157} INFO - Started process (PID=37100) to work on /Users/user/Desktop/Learning/AIRFLOW-TUTORIAL/py_env/lib/python3.11/site-packages/airflow/example_dags/example_task_group_decorator.py
[2023-12-18T23:03:49.269+0100] {processor.py:829} INFO - Processing file /Users/user/Desktop/Learning/AIRFLOW-TUTORIAL/py_env/lib/python3.11/site-packages/airflow/example_dags/example_task_group_decorator.py for tasks to queue
[2023-12-18T23:03:49.295+0100] {logging_mixin.py:154} INFO - [2023-12-18T23:03:49.295+0100] {dagbag.py:536} INFO - Filling up the DagBag from /Users/user/Desktop/Learning/AIRFLOW-TUTORIAL/py_env/lib/python3.11/site-packages/airflow/example_dags/example_task_group_decorator.py
[2023-12-18T23:03:49.398+0100] {processor.py:839} INFO - DAG(s) dict_keys(['example_task_group_decorator']) retrieved from /Users/user/Desktop/Learning/AIRFLOW-TUTORIAL/py_env/lib/python3.11/site-packages/airflow/example_dags/example_task_group_decorator.py
[2023-12-18T23:03:49.685+0100] {logging_mixin.py:154} INFO - [2023-12-18T23:03:49.685+0100] {dag.py:2941} INFO - Sync 1 DAGs
[2023-12-18T23:03:49.726+0100] {logging_mixin.py:154} INFO - [2023-12-18T23:03:49.726+0100] {dag.py:3722} INFO - Setting next_dagrun for example_task_group_decorator to 2023-12-17T22:03:49.726239+00:00, run_after=2023-12-18T22:03:49.726239+00:00
[2023-12-18T23:03:49.829+0100] {processor.py:179} INFO - Processing /Users/user/Desktop/Learning/AIRFLOW-TUTORIAL/py_env/lib/python3.11/site-packages/airflow/example_dags/example_task_group_decorator.py took 0.593 seconds
[2023-12-18T23:04:52.714+0100] {processor.py:157} INFO - Started process (PID=37371) to work on /Users/user/Desktop/Learning/AIRFLOW-TUTORIAL/py_env/lib/python3.11/site-packages/airflow/example_dags/example_task_group_decorator.py
[2023-12-18T23:04:52.723+0100] {processor.py:829} INFO - Processing file /Users/user/Desktop/Learning/AIRFLOW-TUTORIAL/py_env/lib/python3.11/site-packages/airflow/example_dags/example_task_group_decorator.py for tasks to queue
[2023-12-18T23:04:52.724+0100] {logging_mixin.py:154} INFO - [2023-12-18T23:04:52.723+0100] {dagbag.py:536} INFO - Filling up the DagBag from /Users/user/Desktop/Learning/AIRFLOW-TUTORIAL/py_env/lib/python3.11/site-packages/airflow/example_dags/example_task_group_decorator.py
[2023-12-18T23:04:52.859+0100] {processor.py:839} INFO - DAG(s) dict_keys(['example_task_group_decorator']) retrieved from /Users/user/Desktop/Learning/AIRFLOW-TUTORIAL/py_env/lib/python3.11/site-packages/airflow/example_dags/example_task_group_decorator.py
[2023-12-18T23:04:53.102+0100] {logging_mixin.py:154} INFO - [2023-12-18T23:04:53.101+0100] {dag.py:2941} INFO - Sync 1 DAGs
[2023-12-18T23:04:53.138+0100] {logging_mixin.py:154} INFO - [2023-12-18T23:04:53.138+0100] {dag.py:3722} INFO - Setting next_dagrun for example_task_group_decorator to 2023-12-17T22:04:53.138346+00:00, run_after=2023-12-18T22:04:53.138346+00:00
[2023-12-18T23:04:53.174+0100] {processor.py:179} INFO - Processing /Users/user/Desktop/Learning/AIRFLOW-TUTORIAL/py_env/lib/python3.11/site-packages/airflow/example_dags/example_task_group_decorator.py took 0.462 seconds
[2023-12-18T23:07:17.850+0100] {processor.py:157} INFO - Started process (PID=38408) to work on /Users/user/Desktop/Learning/AIRFLOW-TUTORIAL/py_env/lib/python3.11/site-packages/airflow/example_dags/example_task_group_decorator.py
[2023-12-18T23:07:17.855+0100] {processor.py:829} INFO - Processing file /Users/user/Desktop/Learning/AIRFLOW-TUTORIAL/py_env/lib/python3.11/site-packages/airflow/example_dags/example_task_group_decorator.py for tasks to queue
[2023-12-18T23:07:17.855+0100] {logging_mixin.py:154} INFO - [2023-12-18T23:07:17.855+0100] {dagbag.py:536} INFO - Filling up the DagBag from /Users/user/Desktop/Learning/AIRFLOW-TUTORIAL/py_env/lib/python3.11/site-packages/airflow/example_dags/example_task_group_decorator.py
[2023-12-18T23:07:17.931+0100] {processor.py:839} INFO - DAG(s) dict_keys(['example_task_group_decorator']) retrieved from /Users/user/Desktop/Learning/AIRFLOW-TUTORIAL/py_env/lib/python3.11/site-packages/airflow/example_dags/example_task_group_decorator.py
[2023-12-18T23:07:18.124+0100] {logging_mixin.py:154} INFO - [2023-12-18T23:07:18.123+0100] {dag.py:2941} INFO - Sync 1 DAGs
[2023-12-18T23:07:18.141+0100] {logging_mixin.py:154} INFO - [2023-12-18T23:07:18.141+0100] {dag.py:3722} INFO - Setting next_dagrun for example_task_group_decorator to 2023-12-17T22:07:18.140980+00:00, run_after=2023-12-18T22:07:18.140980+00:00
[2023-12-18T23:07:18.162+0100] {processor.py:179} INFO - Processing /Users/user/Desktop/Learning/AIRFLOW-TUTORIAL/py_env/lib/python3.11/site-packages/airflow/example_dags/example_task_group_decorator.py took 0.313 seconds
