[2023-12-18T22:38:09.709+0100] {processor.py:157} INFO - Started process (PID=25100) to work on /Users/user/Desktop/Learning/AIRFLOW-TUTORIAL/py_env/lib/python3.11/site-packages/airflow/example_dags/example_setup_teardown.py
[2023-12-18T22:38:09.716+0100] {processor.py:829} INFO - Processing file /Users/user/Desktop/Learning/AIRFLOW-TUTORIAL/py_env/lib/python3.11/site-packages/airflow/example_dags/example_setup_teardown.py for tasks to queue
[2023-12-18T22:38:09.717+0100] {logging_mixin.py:154} INFO - [2023-12-18T22:38:09.717+0100] {dagbag.py:536} INFO - Filling up the DagBag from /Users/user/Desktop/Learning/AIRFLOW-TUTORIAL/py_env/lib/python3.11/site-packages/airflow/example_dags/example_setup_teardown.py
[2023-12-18T22:38:09.781+0100] {processor.py:839} INFO - DAG(s) dict_keys(['example_setup_teardown']) retrieved from /Users/user/Desktop/Learning/AIRFLOW-TUTORIAL/py_env/lib/python3.11/site-packages/airflow/example_dags/example_setup_teardown.py
[2023-12-18T22:38:11.074+0100] {logging_mixin.py:154} INFO - [2023-12-18T22:38:11.074+0100] {manager.py:499} INFO - Created Permission View: %s
[2023-12-18T22:38:11.091+0100] {logging_mixin.py:154} INFO - [2023-12-18T22:38:11.090+0100] {manager.py:499} INFO - Created Permission View: %s
[2023-12-18T22:38:11.101+0100] {logging_mixin.py:154} INFO - [2023-12-18T22:38:11.101+0100] {manager.py:499} INFO - Created Permission View: %s
[2023-12-18T22:38:11.101+0100] {logging_mixin.py:154} INFO - [2023-12-18T22:38:11.101+0100] {dag.py:2941} INFO - Sync 1 DAGs
[2023-12-18T22:38:11.122+0100] {logging_mixin.py:154} INFO - [2023-12-18T22:38:11.122+0100] {dag.py:2963} INFO - Creating ORM DAG for example_setup_teardown
[2023-12-18T22:38:11.137+0100] {logging_mixin.py:154} INFO - [2023-12-18T22:38:11.137+0100] {dag.py:3722} INFO - Setting next_dagrun for example_setup_teardown to 2023-12-17T21:38:11.137172+00:00, run_after=2023-12-18T21:38:11.137172+00:00
[2023-12-18T22:38:11.169+0100] {processor.py:179} INFO - Processing /Users/user/Desktop/Learning/AIRFLOW-TUTORIAL/py_env/lib/python3.11/site-packages/airflow/example_dags/example_setup_teardown.py took 1.461 seconds
[2023-12-18T22:40:29.359+0100] {processor.py:157} INFO - Started process (PID=26399) to work on /Users/user/Desktop/Learning/AIRFLOW-TUTORIAL/py_env/lib/python3.11/site-packages/airflow/example_dags/example_setup_teardown.py
[2023-12-18T22:40:29.364+0100] {processor.py:829} INFO - Processing file /Users/user/Desktop/Learning/AIRFLOW-TUTORIAL/py_env/lib/python3.11/site-packages/airflow/example_dags/example_setup_teardown.py for tasks to queue
[2023-12-18T22:40:29.364+0100] {logging_mixin.py:154} INFO - [2023-12-18T22:40:29.364+0100] {dagbag.py:536} INFO - Filling up the DagBag from /Users/user/Desktop/Learning/AIRFLOW-TUTORIAL/py_env/lib/python3.11/site-packages/airflow/example_dags/example_setup_teardown.py
[2023-12-18T22:40:29.396+0100] {processor.py:839} INFO - DAG(s) dict_keys(['example_setup_teardown']) retrieved from /Users/user/Desktop/Learning/AIRFLOW-TUTORIAL/py_env/lib/python3.11/site-packages/airflow/example_dags/example_setup_teardown.py
[2023-12-18T22:40:29.572+0100] {logging_mixin.py:154} INFO - [2023-12-18T22:40:29.572+0100] {dag.py:2941} INFO - Sync 1 DAGs
[2023-12-18T22:40:29.587+0100] {logging_mixin.py:154} INFO - [2023-12-18T22:40:29.587+0100] {dag.py:3722} INFO - Setting next_dagrun for example_setup_teardown to 2023-12-17T21:40:29.587504+00:00, run_after=2023-12-18T21:40:29.587504+00:00
[2023-12-18T22:40:29.606+0100] {processor.py:179} INFO - Processing /Users/user/Desktop/Learning/AIRFLOW-TUTORIAL/py_env/lib/python3.11/site-packages/airflow/example_dags/example_setup_teardown.py took 0.248 seconds
[2023-12-18T22:42:00.926+0100] {processor.py:157} INFO - Started process (PID=27143) to work on /Users/user/Desktop/Learning/AIRFLOW-TUTORIAL/py_env/lib/python3.11/site-packages/airflow/example_dags/example_setup_teardown.py
[2023-12-18T22:42:00.930+0100] {processor.py:829} INFO - Processing file /Users/user/Desktop/Learning/AIRFLOW-TUTORIAL/py_env/lib/python3.11/site-packages/airflow/example_dags/example_setup_teardown.py for tasks to queue
[2023-12-18T22:42:00.930+0100] {logging_mixin.py:154} INFO - [2023-12-18T22:42:00.930+0100] {dagbag.py:536} INFO - Filling up the DagBag from /Users/user/Desktop/Learning/AIRFLOW-TUTORIAL/py_env/lib/python3.11/site-packages/airflow/example_dags/example_setup_teardown.py
[2023-12-18T22:42:00.959+0100] {processor.py:839} INFO - DAG(s) dict_keys(['example_setup_teardown']) retrieved from /Users/user/Desktop/Learning/AIRFLOW-TUTORIAL/py_env/lib/python3.11/site-packages/airflow/example_dags/example_setup_teardown.py
[2023-12-18T22:42:01.157+0100] {logging_mixin.py:154} INFO - [2023-12-18T22:42:01.156+0100] {dag.py:2941} INFO - Sync 1 DAGs
[2023-12-18T22:42:01.178+0100] {logging_mixin.py:154} INFO - [2023-12-18T22:42:01.178+0100] {dag.py:3722} INFO - Setting next_dagrun for example_setup_teardown to 2023-12-17T21:42:01.178323+00:00, run_after=2023-12-18T21:42:01.178323+00:00
[2023-12-18T22:42:01.201+0100] {processor.py:179} INFO - Processing /Users/user/Desktop/Learning/AIRFLOW-TUTORIAL/py_env/lib/python3.11/site-packages/airflow/example_dags/example_setup_teardown.py took 0.276 seconds
[2023-12-18T22:43:33.609+0100] {processor.py:157} INFO - Started process (PID=27857) to work on /Users/user/Desktop/Learning/AIRFLOW-TUTORIAL/py_env/lib/python3.11/site-packages/airflow/example_dags/example_setup_teardown.py
[2023-12-18T22:43:33.614+0100] {processor.py:829} INFO - Processing file /Users/user/Desktop/Learning/AIRFLOW-TUTORIAL/py_env/lib/python3.11/site-packages/airflow/example_dags/example_setup_teardown.py for tasks to queue
[2023-12-18T22:43:33.615+0100] {logging_mixin.py:154} INFO - [2023-12-18T22:43:33.615+0100] {dagbag.py:536} INFO - Filling up the DagBag from /Users/user/Desktop/Learning/AIRFLOW-TUTORIAL/py_env/lib/python3.11/site-packages/airflow/example_dags/example_setup_teardown.py
[2023-12-18T22:43:33.652+0100] {processor.py:839} INFO - DAG(s) dict_keys(['example_setup_teardown']) retrieved from /Users/user/Desktop/Learning/AIRFLOW-TUTORIAL/py_env/lib/python3.11/site-packages/airflow/example_dags/example_setup_teardown.py
[2023-12-18T22:43:33.872+0100] {logging_mixin.py:154} INFO - [2023-12-18T22:43:33.872+0100] {dag.py:2941} INFO - Sync 1 DAGs
[2023-12-18T22:43:33.892+0100] {logging_mixin.py:154} INFO - [2023-12-18T22:43:33.892+0100] {dag.py:3722} INFO - Setting next_dagrun for example_setup_teardown to 2023-12-17T21:43:33.892115+00:00, run_after=2023-12-18T21:43:33.892115+00:00
[2023-12-18T22:43:33.913+0100] {processor.py:179} INFO - Processing /Users/user/Desktop/Learning/AIRFLOW-TUTORIAL/py_env/lib/python3.11/site-packages/airflow/example_dags/example_setup_teardown.py took 0.305 seconds
[2023-12-18T22:45:06.250+0100] {processor.py:157} INFO - Started process (PID=28669) to work on /Users/user/Desktop/Learning/AIRFLOW-TUTORIAL/py_env/lib/python3.11/site-packages/airflow/example_dags/example_setup_teardown.py
[2023-12-18T22:45:06.256+0100] {processor.py:829} INFO - Processing file /Users/user/Desktop/Learning/AIRFLOW-TUTORIAL/py_env/lib/python3.11/site-packages/airflow/example_dags/example_setup_teardown.py for tasks to queue
[2023-12-18T22:45:06.257+0100] {logging_mixin.py:154} INFO - [2023-12-18T22:45:06.257+0100] {dagbag.py:536} INFO - Filling up the DagBag from /Users/user/Desktop/Learning/AIRFLOW-TUTORIAL/py_env/lib/python3.11/site-packages/airflow/example_dags/example_setup_teardown.py
[2023-12-18T22:45:06.305+0100] {processor.py:839} INFO - DAG(s) dict_keys(['example_setup_teardown']) retrieved from /Users/user/Desktop/Learning/AIRFLOW-TUTORIAL/py_env/lib/python3.11/site-packages/airflow/example_dags/example_setup_teardown.py
[2023-12-18T22:45:06.578+0100] {logging_mixin.py:154} INFO - [2023-12-18T22:45:06.578+0100] {dag.py:2941} INFO - Sync 1 DAGs
[2023-12-18T22:45:06.603+0100] {logging_mixin.py:154} INFO - [2023-12-18T22:45:06.603+0100] {dag.py:3722} INFO - Setting next_dagrun for example_setup_teardown to 2023-12-17T21:45:06.603393+00:00, run_after=2023-12-18T21:45:06.603393+00:00
[2023-12-18T22:45:06.632+0100] {processor.py:179} INFO - Processing /Users/user/Desktop/Learning/AIRFLOW-TUTORIAL/py_env/lib/python3.11/site-packages/airflow/example_dags/example_setup_teardown.py took 0.382 seconds
[2023-12-18T22:46:43.369+0100] {processor.py:157} INFO - Started process (PID=29401) to work on /Users/user/Desktop/Learning/AIRFLOW-TUTORIAL/py_env/lib/python3.11/site-packages/airflow/example_dags/example_setup_teardown.py
[2023-12-18T22:46:43.379+0100] {processor.py:829} INFO - Processing file /Users/user/Desktop/Learning/AIRFLOW-TUTORIAL/py_env/lib/python3.11/site-packages/airflow/example_dags/example_setup_teardown.py for tasks to queue
[2023-12-18T22:46:43.381+0100] {logging_mixin.py:154} INFO - [2023-12-18T22:46:43.380+0100] {dagbag.py:536} INFO - Filling up the DagBag from /Users/user/Desktop/Learning/AIRFLOW-TUTORIAL/py_env/lib/python3.11/site-packages/airflow/example_dags/example_setup_teardown.py
[2023-12-18T22:46:43.450+0100] {processor.py:839} INFO - DAG(s) dict_keys(['example_setup_teardown']) retrieved from /Users/user/Desktop/Learning/AIRFLOW-TUTORIAL/py_env/lib/python3.11/site-packages/airflow/example_dags/example_setup_teardown.py
[2023-12-18T22:46:43.692+0100] {logging_mixin.py:154} INFO - [2023-12-18T22:46:43.691+0100] {dag.py:2941} INFO - Sync 1 DAGs
[2023-12-18T22:46:43.712+0100] {logging_mixin.py:154} INFO - [2023-12-18T22:46:43.712+0100] {dag.py:3722} INFO - Setting next_dagrun for example_setup_teardown to 2023-12-17T21:46:43.712229+00:00, run_after=2023-12-18T21:46:43.712229+00:00
[2023-12-18T22:46:43.736+0100] {processor.py:179} INFO - Processing /Users/user/Desktop/Learning/AIRFLOW-TUTORIAL/py_env/lib/python3.11/site-packages/airflow/example_dags/example_setup_teardown.py took 0.367 seconds
[2023-12-18T22:48:26.441+0100] {processor.py:157} INFO - Started process (PID=30208) to work on /Users/user/Desktop/Learning/AIRFLOW-TUTORIAL/py_env/lib/python3.11/site-packages/airflow/example_dags/example_setup_teardown.py
[2023-12-18T22:48:26.445+0100] {processor.py:829} INFO - Processing file /Users/user/Desktop/Learning/AIRFLOW-TUTORIAL/py_env/lib/python3.11/site-packages/airflow/example_dags/example_setup_teardown.py for tasks to queue
[2023-12-18T22:48:26.446+0100] {logging_mixin.py:154} INFO - [2023-12-18T22:48:26.446+0100] {dagbag.py:536} INFO - Filling up the DagBag from /Users/user/Desktop/Learning/AIRFLOW-TUTORIAL/py_env/lib/python3.11/site-packages/airflow/example_dags/example_setup_teardown.py
[2023-12-18T22:48:26.479+0100] {processor.py:839} INFO - DAG(s) dict_keys(['example_setup_teardown']) retrieved from /Users/user/Desktop/Learning/AIRFLOW-TUTORIAL/py_env/lib/python3.11/site-packages/airflow/example_dags/example_setup_teardown.py
[2023-12-18T22:48:26.692+0100] {logging_mixin.py:154} INFO - [2023-12-18T22:48:26.691+0100] {dag.py:2941} INFO - Sync 1 DAGs
[2023-12-18T22:48:26.709+0100] {logging_mixin.py:154} INFO - [2023-12-18T22:48:26.709+0100] {dag.py:3722} INFO - Setting next_dagrun for example_setup_teardown to 2023-12-17T21:48:26.709023+00:00, run_after=2023-12-18T21:48:26.709023+00:00
[2023-12-18T22:48:26.733+0100] {processor.py:179} INFO - Processing /Users/user/Desktop/Learning/AIRFLOW-TUTORIAL/py_env/lib/python3.11/site-packages/airflow/example_dags/example_setup_teardown.py took 0.292 seconds
[2023-12-18T22:50:03.263+0100] {processor.py:157} INFO - Started process (PID=31099) to work on /Users/user/Desktop/Learning/AIRFLOW-TUTORIAL/py_env/lib/python3.11/site-packages/airflow/example_dags/example_setup_teardown.py
[2023-12-18T22:50:03.267+0100] {processor.py:829} INFO - Processing file /Users/user/Desktop/Learning/AIRFLOW-TUTORIAL/py_env/lib/python3.11/site-packages/airflow/example_dags/example_setup_teardown.py for tasks to queue
[2023-12-18T22:50:03.268+0100] {logging_mixin.py:154} INFO - [2023-12-18T22:50:03.268+0100] {dagbag.py:536} INFO - Filling up the DagBag from /Users/user/Desktop/Learning/AIRFLOW-TUTORIAL/py_env/lib/python3.11/site-packages/airflow/example_dags/example_setup_teardown.py
[2023-12-18T22:50:03.305+0100] {processor.py:839} INFO - DAG(s) dict_keys(['example_setup_teardown']) retrieved from /Users/user/Desktop/Learning/AIRFLOW-TUTORIAL/py_env/lib/python3.11/site-packages/airflow/example_dags/example_setup_teardown.py
[2023-12-18T22:50:03.950+0100] {logging_mixin.py:154} INFO - [2023-12-18T22:50:03.950+0100] {dag.py:2941} INFO - Sync 1 DAGs
[2023-12-18T22:50:03.974+0100] {logging_mixin.py:154} INFO - [2023-12-18T22:50:03.973+0100] {dag.py:3722} INFO - Setting next_dagrun for example_setup_teardown to 2023-12-17T21:50:03.973625+00:00, run_after=2023-12-18T21:50:03.973625+00:00
[2023-12-18T22:50:03.996+0100] {processor.py:179} INFO - Processing /Users/user/Desktop/Learning/AIRFLOW-TUTORIAL/py_env/lib/python3.11/site-packages/airflow/example_dags/example_setup_teardown.py took 0.734 seconds
[2023-12-18T22:51:46.002+0100] {processor.py:157} INFO - Started process (PID=31833) to work on /Users/user/Desktop/Learning/AIRFLOW-TUTORIAL/py_env/lib/python3.11/site-packages/airflow/example_dags/example_setup_teardown.py
[2023-12-18T22:51:46.013+0100] {processor.py:829} INFO - Processing file /Users/user/Desktop/Learning/AIRFLOW-TUTORIAL/py_env/lib/python3.11/site-packages/airflow/example_dags/example_setup_teardown.py for tasks to queue
[2023-12-18T22:51:46.015+0100] {logging_mixin.py:154} INFO - [2023-12-18T22:51:46.015+0100] {dagbag.py:536} INFO - Filling up the DagBag from /Users/user/Desktop/Learning/AIRFLOW-TUTORIAL/py_env/lib/python3.11/site-packages/airflow/example_dags/example_setup_teardown.py
[2023-12-18T22:51:46.076+0100] {processor.py:839} INFO - DAG(s) dict_keys(['example_setup_teardown']) retrieved from /Users/user/Desktop/Learning/AIRFLOW-TUTORIAL/py_env/lib/python3.11/site-packages/airflow/example_dags/example_setup_teardown.py
[2023-12-18T22:51:46.307+0100] {logging_mixin.py:154} INFO - [2023-12-18T22:51:46.307+0100] {dag.py:2941} INFO - Sync 1 DAGs
[2023-12-18T22:51:46.330+0100] {logging_mixin.py:154} INFO - [2023-12-18T22:51:46.329+0100] {dag.py:3722} INFO - Setting next_dagrun for example_setup_teardown to 2023-12-17T21:51:46.329706+00:00, run_after=2023-12-18T21:51:46.329706+00:00
[2023-12-18T22:51:46.356+0100] {processor.py:179} INFO - Processing /Users/user/Desktop/Learning/AIRFLOW-TUTORIAL/py_env/lib/python3.11/site-packages/airflow/example_dags/example_setup_teardown.py took 0.355 seconds
[2023-12-18T22:53:37.675+0100] {processor.py:157} INFO - Started process (PID=32936) to work on /Users/user/Desktop/Learning/AIRFLOW-TUTORIAL/py_env/lib/python3.11/site-packages/airflow/example_dags/example_setup_teardown.py
[2023-12-18T22:53:37.681+0100] {processor.py:829} INFO - Processing file /Users/user/Desktop/Learning/AIRFLOW-TUTORIAL/py_env/lib/python3.11/site-packages/airflow/example_dags/example_setup_teardown.py for tasks to queue
[2023-12-18T22:53:37.682+0100] {logging_mixin.py:154} INFO - [2023-12-18T22:53:37.682+0100] {dagbag.py:536} INFO - Filling up the DagBag from /Users/user/Desktop/Learning/AIRFLOW-TUTORIAL/py_env/lib/python3.11/site-packages/airflow/example_dags/example_setup_teardown.py
[2023-12-18T22:53:37.726+0100] {processor.py:839} INFO - DAG(s) dict_keys(['example_setup_teardown']) retrieved from /Users/user/Desktop/Learning/AIRFLOW-TUTORIAL/py_env/lib/python3.11/site-packages/airflow/example_dags/example_setup_teardown.py
[2023-12-18T22:53:37.939+0100] {logging_mixin.py:154} INFO - [2023-12-18T22:53:37.939+0100] {dag.py:2941} INFO - Sync 1 DAGs
[2023-12-18T22:53:37.973+0100] {logging_mixin.py:154} INFO - [2023-12-18T22:53:37.972+0100] {dag.py:3722} INFO - Setting next_dagrun for example_setup_teardown to 2023-12-17T21:53:37.972750+00:00, run_after=2023-12-18T21:53:37.972750+00:00
[2023-12-18T22:53:37.998+0100] {processor.py:179} INFO - Processing /Users/user/Desktop/Learning/AIRFLOW-TUTORIAL/py_env/lib/python3.11/site-packages/airflow/example_dags/example_setup_teardown.py took 0.324 seconds
[2023-12-18T22:55:26.160+0100] {processor.py:157} INFO - Started process (PID=33652) to work on /Users/user/Desktop/Learning/AIRFLOW-TUTORIAL/py_env/lib/python3.11/site-packages/airflow/example_dags/example_setup_teardown.py
[2023-12-18T22:55:26.164+0100] {processor.py:829} INFO - Processing file /Users/user/Desktop/Learning/AIRFLOW-TUTORIAL/py_env/lib/python3.11/site-packages/airflow/example_dags/example_setup_teardown.py for tasks to queue
[2023-12-18T22:55:26.165+0100] {logging_mixin.py:154} INFO - [2023-12-18T22:55:26.165+0100] {dagbag.py:536} INFO - Filling up the DagBag from /Users/user/Desktop/Learning/AIRFLOW-TUTORIAL/py_env/lib/python3.11/site-packages/airflow/example_dags/example_setup_teardown.py
[2023-12-18T22:55:26.195+0100] {processor.py:839} INFO - DAG(s) dict_keys(['example_setup_teardown']) retrieved from /Users/user/Desktop/Learning/AIRFLOW-TUTORIAL/py_env/lib/python3.11/site-packages/airflow/example_dags/example_setup_teardown.py
[2023-12-18T22:55:26.380+0100] {logging_mixin.py:154} INFO - [2023-12-18T22:55:26.380+0100] {dag.py:2941} INFO - Sync 1 DAGs
[2023-12-18T22:55:26.396+0100] {logging_mixin.py:154} INFO - [2023-12-18T22:55:26.396+0100] {dag.py:3722} INFO - Setting next_dagrun for example_setup_teardown to 2023-12-17T21:55:26.396633+00:00, run_after=2023-12-18T21:55:26.396633+00:00
[2023-12-18T22:55:26.417+0100] {processor.py:179} INFO - Processing /Users/user/Desktop/Learning/AIRFLOW-TUTORIAL/py_env/lib/python3.11/site-packages/airflow/example_dags/example_setup_teardown.py took 0.258 seconds
[2023-12-18T22:57:05.245+0100] {processor.py:157} INFO - Started process (PID=34473) to work on /Users/user/Desktop/Learning/AIRFLOW-TUTORIAL/py_env/lib/python3.11/site-packages/airflow/example_dags/example_setup_teardown.py
[2023-12-18T22:57:05.250+0100] {processor.py:829} INFO - Processing file /Users/user/Desktop/Learning/AIRFLOW-TUTORIAL/py_env/lib/python3.11/site-packages/airflow/example_dags/example_setup_teardown.py for tasks to queue
[2023-12-18T22:57:05.251+0100] {logging_mixin.py:154} INFO - [2023-12-18T22:57:05.250+0100] {dagbag.py:536} INFO - Filling up the DagBag from /Users/user/Desktop/Learning/AIRFLOW-TUTORIAL/py_env/lib/python3.11/site-packages/airflow/example_dags/example_setup_teardown.py
[2023-12-18T22:57:05.281+0100] {processor.py:839} INFO - DAG(s) dict_keys(['example_setup_teardown']) retrieved from /Users/user/Desktop/Learning/AIRFLOW-TUTORIAL/py_env/lib/python3.11/site-packages/airflow/example_dags/example_setup_teardown.py
[2023-12-18T22:57:05.456+0100] {logging_mixin.py:154} INFO - [2023-12-18T22:57:05.456+0100] {dag.py:2941} INFO - Sync 1 DAGs
[2023-12-18T22:57:05.471+0100] {logging_mixin.py:154} INFO - [2023-12-18T22:57:05.471+0100] {dag.py:3722} INFO - Setting next_dagrun for example_setup_teardown to 2023-12-17T21:57:05.470894+00:00, run_after=2023-12-18T21:57:05.470894+00:00
[2023-12-18T22:57:05.489+0100] {processor.py:179} INFO - Processing /Users/user/Desktop/Learning/AIRFLOW-TUTORIAL/py_env/lib/python3.11/site-packages/airflow/example_dags/example_setup_teardown.py took 0.245 seconds
[2023-12-18T22:58:53.792+0100] {processor.py:157} INFO - Started process (PID=35213) to work on /Users/user/Desktop/Learning/AIRFLOW-TUTORIAL/py_env/lib/python3.11/site-packages/airflow/example_dags/example_setup_teardown.py
[2023-12-18T22:58:53.796+0100] {processor.py:829} INFO - Processing file /Users/user/Desktop/Learning/AIRFLOW-TUTORIAL/py_env/lib/python3.11/site-packages/airflow/example_dags/example_setup_teardown.py for tasks to queue
[2023-12-18T22:58:53.796+0100] {logging_mixin.py:154} INFO - [2023-12-18T22:58:53.796+0100] {dagbag.py:536} INFO - Filling up the DagBag from /Users/user/Desktop/Learning/AIRFLOW-TUTORIAL/py_env/lib/python3.11/site-packages/airflow/example_dags/example_setup_teardown.py
[2023-12-18T22:58:53.824+0100] {processor.py:839} INFO - DAG(s) dict_keys(['example_setup_teardown']) retrieved from /Users/user/Desktop/Learning/AIRFLOW-TUTORIAL/py_env/lib/python3.11/site-packages/airflow/example_dags/example_setup_teardown.py
[2023-12-18T22:58:54.013+0100] {logging_mixin.py:154} INFO - [2023-12-18T22:58:54.013+0100] {dag.py:2941} INFO - Sync 1 DAGs
[2023-12-18T22:58:54.030+0100] {logging_mixin.py:154} INFO - [2023-12-18T22:58:54.030+0100] {dag.py:3722} INFO - Setting next_dagrun for example_setup_teardown to 2023-12-17T21:58:54.030082+00:00, run_after=2023-12-18T21:58:54.030082+00:00
[2023-12-18T22:58:54.050+0100] {processor.py:179} INFO - Processing /Users/user/Desktop/Learning/AIRFLOW-TUTORIAL/py_env/lib/python3.11/site-packages/airflow/example_dags/example_setup_teardown.py took 0.260 seconds
[2023-12-18T23:00:35.076+0100] {processor.py:157} INFO - Started process (PID=35981) to work on /Users/user/Desktop/Learning/AIRFLOW-TUTORIAL/py_env/lib/python3.11/site-packages/airflow/example_dags/example_setup_teardown.py
[2023-12-18T23:00:35.081+0100] {processor.py:829} INFO - Processing file /Users/user/Desktop/Learning/AIRFLOW-TUTORIAL/py_env/lib/python3.11/site-packages/airflow/example_dags/example_setup_teardown.py for tasks to queue
[2023-12-18T23:00:35.082+0100] {logging_mixin.py:154} INFO - [2023-12-18T23:00:35.082+0100] {dagbag.py:536} INFO - Filling up the DagBag from /Users/user/Desktop/Learning/AIRFLOW-TUTORIAL/py_env/lib/python3.11/site-packages/airflow/example_dags/example_setup_teardown.py
[2023-12-18T23:00:35.120+0100] {processor.py:839} INFO - DAG(s) dict_keys(['example_setup_teardown']) retrieved from /Users/user/Desktop/Learning/AIRFLOW-TUTORIAL/py_env/lib/python3.11/site-packages/airflow/example_dags/example_setup_teardown.py
[2023-12-18T23:00:35.389+0100] {logging_mixin.py:154} INFO - [2023-12-18T23:00:35.389+0100] {dag.py:2941} INFO - Sync 1 DAGs
[2023-12-18T23:00:35.415+0100] {logging_mixin.py:154} INFO - [2023-12-18T23:00:35.414+0100] {dag.py:3722} INFO - Setting next_dagrun for example_setup_teardown to 2023-12-17T22:00:35.414604+00:00, run_after=2023-12-18T22:00:35.414604+00:00
[2023-12-18T23:00:35.444+0100] {processor.py:179} INFO - Processing /Users/user/Desktop/Learning/AIRFLOW-TUTORIAL/py_env/lib/python3.11/site-packages/airflow/example_dags/example_setup_teardown.py took 0.370 seconds
[2023-12-18T23:02:21.879+0100] {processor.py:157} INFO - Started process (PID=36638) to work on /Users/user/Desktop/Learning/AIRFLOW-TUTORIAL/py_env/lib/python3.11/site-packages/airflow/example_dags/example_setup_teardown.py
[2023-12-18T23:02:21.883+0100] {processor.py:829} INFO - Processing file /Users/user/Desktop/Learning/AIRFLOW-TUTORIAL/py_env/lib/python3.11/site-packages/airflow/example_dags/example_setup_teardown.py for tasks to queue
[2023-12-18T23:02:21.884+0100] {logging_mixin.py:154} INFO - [2023-12-18T23:02:21.884+0100] {dagbag.py:536} INFO - Filling up the DagBag from /Users/user/Desktop/Learning/AIRFLOW-TUTORIAL/py_env/lib/python3.11/site-packages/airflow/example_dags/example_setup_teardown.py
[2023-12-18T23:02:21.917+0100] {processor.py:839} INFO - DAG(s) dict_keys(['example_setup_teardown']) retrieved from /Users/user/Desktop/Learning/AIRFLOW-TUTORIAL/py_env/lib/python3.11/site-packages/airflow/example_dags/example_setup_teardown.py
[2023-12-18T23:02:22.140+0100] {logging_mixin.py:154} INFO - [2023-12-18T23:02:22.139+0100] {dag.py:2941} INFO - Sync 1 DAGs
[2023-12-18T23:02:22.161+0100] {logging_mixin.py:154} INFO - [2023-12-18T23:02:22.161+0100] {dag.py:3722} INFO - Setting next_dagrun for example_setup_teardown to 2023-12-17T22:02:22.160890+00:00, run_after=2023-12-18T22:02:22.160890+00:00
[2023-12-18T23:02:22.184+0100] {processor.py:179} INFO - Processing /Users/user/Desktop/Learning/AIRFLOW-TUTORIAL/py_env/lib/python3.11/site-packages/airflow/example_dags/example_setup_teardown.py took 0.306 seconds
[2023-12-18T23:05:18.295+0100] {processor.py:157} INFO - Started process (PID=37563) to work on /Users/user/Desktop/Learning/AIRFLOW-TUTORIAL/py_env/lib/python3.11/site-packages/airflow/example_dags/example_setup_teardown.py
[2023-12-18T23:05:18.300+0100] {processor.py:829} INFO - Processing file /Users/user/Desktop/Learning/AIRFLOW-TUTORIAL/py_env/lib/python3.11/site-packages/airflow/example_dags/example_setup_teardown.py for tasks to queue
[2023-12-18T23:05:18.301+0100] {logging_mixin.py:154} INFO - [2023-12-18T23:05:18.300+0100] {dagbag.py:536} INFO - Filling up the DagBag from /Users/user/Desktop/Learning/AIRFLOW-TUTORIAL/py_env/lib/python3.11/site-packages/airflow/example_dags/example_setup_teardown.py
[2023-12-18T23:05:18.341+0100] {processor.py:839} INFO - DAG(s) dict_keys(['example_setup_teardown']) retrieved from /Users/user/Desktop/Learning/AIRFLOW-TUTORIAL/py_env/lib/python3.11/site-packages/airflow/example_dags/example_setup_teardown.py
[2023-12-18T23:05:18.558+0100] {logging_mixin.py:154} INFO - [2023-12-18T23:05:18.558+0100] {dag.py:2941} INFO - Sync 1 DAGs
[2023-12-18T23:05:18.578+0100] {logging_mixin.py:154} INFO - [2023-12-18T23:05:18.578+0100] {dag.py:3722} INFO - Setting next_dagrun for example_setup_teardown to 2023-12-17T22:05:18.577855+00:00, run_after=2023-12-18T22:05:18.577855+00:00
[2023-12-18T23:05:18.601+0100] {processor.py:179} INFO - Processing /Users/user/Desktop/Learning/AIRFLOW-TUTORIAL/py_env/lib/python3.11/site-packages/airflow/example_dags/example_setup_teardown.py took 0.308 seconds
[2023-12-18T23:07:39.683+0100] {processor.py:157} INFO - Started process (PID=38618) to work on /Users/user/Desktop/Learning/AIRFLOW-TUTORIAL/py_env/lib/python3.11/site-packages/airflow/example_dags/example_setup_teardown.py
[2023-12-18T23:07:39.689+0100] {processor.py:829} INFO - Processing file /Users/user/Desktop/Learning/AIRFLOW-TUTORIAL/py_env/lib/python3.11/site-packages/airflow/example_dags/example_setup_teardown.py for tasks to queue
[2023-12-18T23:07:39.689+0100] {logging_mixin.py:154} INFO - [2023-12-18T23:07:39.689+0100] {dagbag.py:536} INFO - Filling up the DagBag from /Users/user/Desktop/Learning/AIRFLOW-TUTORIAL/py_env/lib/python3.11/site-packages/airflow/example_dags/example_setup_teardown.py
[2023-12-18T23:07:39.723+0100] {processor.py:839} INFO - DAG(s) dict_keys(['example_setup_teardown']) retrieved from /Users/user/Desktop/Learning/AIRFLOW-TUTORIAL/py_env/lib/python3.11/site-packages/airflow/example_dags/example_setup_teardown.py
[2023-12-18T23:07:39.914+0100] {logging_mixin.py:154} INFO - [2023-12-18T23:07:39.913+0100] {dag.py:2941} INFO - Sync 1 DAGs
[2023-12-18T23:07:39.931+0100] {logging_mixin.py:154} INFO - [2023-12-18T23:07:39.930+0100] {dag.py:3722} INFO - Setting next_dagrun for example_setup_teardown to 2023-12-17T22:07:39.930689+00:00, run_after=2023-12-18T22:07:39.930689+00:00
[2023-12-18T23:07:39.953+0100] {processor.py:179} INFO - Processing /Users/user/Desktop/Learning/AIRFLOW-TUTORIAL/py_env/lib/python3.11/site-packages/airflow/example_dags/example_setup_teardown.py took 0.270 seconds
