[2023-12-18T22:37:24.867+0100] {processor.py:157} INFO - Started process (PID=24957) to work on /Users/user/Desktop/Learning/AIRFLOW-TUTORIAL/py_env/lib/python3.11/site-packages/airflow/example_dags/example_trigger_controller_dag.py
[2023-12-18T22:37:24.886+0100] {processor.py:829} INFO - Processing file /Users/user/Desktop/Learning/AIRFLOW-TUTORIAL/py_env/lib/python3.11/site-packages/airflow/example_dags/example_trigger_controller_dag.py for tasks to queue
[2023-12-18T22:37:24.887+0100] {logging_mixin.py:154} INFO - [2023-12-18T22:37:24.887+0100] {dagbag.py:536} INFO - Filling up the DagBag from /Users/user/Desktop/Learning/AIRFLOW-TUTORIAL/py_env/lib/python3.11/site-packages/airflow/example_dags/example_trigger_controller_dag.py
[2023-12-18T22:37:24.918+0100] {processor.py:839} INFO - DAG(s) dict_keys(['example_trigger_controller_dag']) retrieved from /Users/user/Desktop/Learning/AIRFLOW-TUTORIAL/py_env/lib/python3.11/site-packages/airflow/example_dags/example_trigger_controller_dag.py
[2023-12-18T22:37:25.666+0100] {logging_mixin.py:154} INFO - [2023-12-18T22:37:25.666+0100] {manager.py:499} INFO - Created Permission View: %s
[2023-12-18T22:37:25.728+0100] {logging_mixin.py:154} INFO - [2023-12-18T22:37:25.727+0100] {manager.py:499} INFO - Created Permission View: %s
[2023-12-18T22:37:25.846+0100] {logging_mixin.py:154} INFO - [2023-12-18T22:37:25.846+0100] {manager.py:499} INFO - Created Permission View: %s
[2023-12-18T22:37:25.847+0100] {logging_mixin.py:154} INFO - [2023-12-18T22:37:25.846+0100] {dag.py:2941} INFO - Sync 1 DAGs
[2023-12-18T22:37:25.862+0100] {logging_mixin.py:154} INFO - [2023-12-18T22:37:25.862+0100] {dag.py:2963} INFO - Creating ORM DAG for example_trigger_controller_dag
[2023-12-18T22:37:25.876+0100] {logging_mixin.py:154} INFO - [2023-12-18T22:37:25.876+0100] {dag.py:3722} INFO - Setting next_dagrun for example_trigger_controller_dag to 2021-01-01T00:00:00+00:00, run_after=2021-01-01T00:00:00+00:00
[2023-12-18T22:37:25.938+0100] {processor.py:179} INFO - Processing /Users/user/Desktop/Learning/AIRFLOW-TUTORIAL/py_env/lib/python3.11/site-packages/airflow/example_dags/example_trigger_controller_dag.py took 1.072 seconds
[2023-12-18T22:40:02.034+0100] {processor.py:157} INFO - Started process (PID=26200) to work on /Users/user/Desktop/Learning/AIRFLOW-TUTORIAL/py_env/lib/python3.11/site-packages/airflow/example_dags/example_trigger_controller_dag.py
[2023-12-18T22:40:02.039+0100] {processor.py:829} INFO - Processing file /Users/user/Desktop/Learning/AIRFLOW-TUTORIAL/py_env/lib/python3.11/site-packages/airflow/example_dags/example_trigger_controller_dag.py for tasks to queue
[2023-12-18T22:40:02.040+0100] {logging_mixin.py:154} INFO - [2023-12-18T22:40:02.039+0100] {dagbag.py:536} INFO - Filling up the DagBag from /Users/user/Desktop/Learning/AIRFLOW-TUTORIAL/py_env/lib/python3.11/site-packages/airflow/example_dags/example_trigger_controller_dag.py
[2023-12-18T22:40:02.073+0100] {processor.py:839} INFO - DAG(s) dict_keys(['example_trigger_controller_dag']) retrieved from /Users/user/Desktop/Learning/AIRFLOW-TUTORIAL/py_env/lib/python3.11/site-packages/airflow/example_dags/example_trigger_controller_dag.py
[2023-12-18T22:40:02.262+0100] {logging_mixin.py:154} INFO - [2023-12-18T22:40:02.262+0100] {dag.py:2941} INFO - Sync 1 DAGs
[2023-12-18T22:40:02.279+0100] {logging_mixin.py:154} INFO - [2023-12-18T22:40:02.278+0100] {dag.py:3722} INFO - Setting next_dagrun for example_trigger_controller_dag to 2021-01-01T00:00:00+00:00, run_after=2021-01-01T00:00:00+00:00
[2023-12-18T22:40:02.299+0100] {processor.py:179} INFO - Processing /Users/user/Desktop/Learning/AIRFLOW-TUTORIAL/py_env/lib/python3.11/site-packages/airflow/example_dags/example_trigger_controller_dag.py took 0.266 seconds
[2023-12-18T22:41:32.670+0100] {processor.py:157} INFO - Started process (PID=27033) to work on /Users/user/Desktop/Learning/AIRFLOW-TUTORIAL/py_env/lib/python3.11/site-packages/airflow/example_dags/example_trigger_controller_dag.py
[2023-12-18T22:41:32.676+0100] {processor.py:829} INFO - Processing file /Users/user/Desktop/Learning/AIRFLOW-TUTORIAL/py_env/lib/python3.11/site-packages/airflow/example_dags/example_trigger_controller_dag.py for tasks to queue
[2023-12-18T22:41:32.676+0100] {logging_mixin.py:154} INFO - [2023-12-18T22:41:32.676+0100] {dagbag.py:536} INFO - Filling up the DagBag from /Users/user/Desktop/Learning/AIRFLOW-TUTORIAL/py_env/lib/python3.11/site-packages/airflow/example_dags/example_trigger_controller_dag.py
[2023-12-18T22:41:32.709+0100] {processor.py:839} INFO - DAG(s) dict_keys(['example_trigger_controller_dag']) retrieved from /Users/user/Desktop/Learning/AIRFLOW-TUTORIAL/py_env/lib/python3.11/site-packages/airflow/example_dags/example_trigger_controller_dag.py
[2023-12-18T22:41:32.919+0100] {logging_mixin.py:154} INFO - [2023-12-18T22:41:32.919+0100] {dag.py:2941} INFO - Sync 1 DAGs
[2023-12-18T22:41:32.938+0100] {logging_mixin.py:154} INFO - [2023-12-18T22:41:32.938+0100] {dag.py:3722} INFO - Setting next_dagrun for example_trigger_controller_dag to 2021-01-01T00:00:00+00:00, run_after=2021-01-01T00:00:00+00:00
[2023-12-18T22:41:32.959+0100] {processor.py:179} INFO - Processing /Users/user/Desktop/Learning/AIRFLOW-TUTORIAL/py_env/lib/python3.11/site-packages/airflow/example_dags/example_trigger_controller_dag.py took 0.289 seconds
[2023-12-18T22:43:03.000+0100] {processor.py:157} INFO - Started process (PID=27656) to work on /Users/user/Desktop/Learning/AIRFLOW-TUTORIAL/py_env/lib/python3.11/site-packages/airflow/example_dags/example_trigger_controller_dag.py
[2023-12-18T22:43:03.009+0100] {processor.py:829} INFO - Processing file /Users/user/Desktop/Learning/AIRFLOW-TUTORIAL/py_env/lib/python3.11/site-packages/airflow/example_dags/example_trigger_controller_dag.py for tasks to queue
[2023-12-18T22:43:03.010+0100] {logging_mixin.py:154} INFO - [2023-12-18T22:43:03.010+0100] {dagbag.py:536} INFO - Filling up the DagBag from /Users/user/Desktop/Learning/AIRFLOW-TUTORIAL/py_env/lib/python3.11/site-packages/airflow/example_dags/example_trigger_controller_dag.py
[2023-12-18T22:43:03.059+0100] {processor.py:839} INFO - DAG(s) dict_keys(['example_trigger_controller_dag']) retrieved from /Users/user/Desktop/Learning/AIRFLOW-TUTORIAL/py_env/lib/python3.11/site-packages/airflow/example_dags/example_trigger_controller_dag.py
[2023-12-18T22:43:03.328+0100] {logging_mixin.py:154} INFO - [2023-12-18T22:43:03.328+0100] {dag.py:2941} INFO - Sync 1 DAGs
[2023-12-18T22:43:03.353+0100] {logging_mixin.py:154} INFO - [2023-12-18T22:43:03.352+0100] {dag.py:3722} INFO - Setting next_dagrun for example_trigger_controller_dag to 2021-01-01T00:00:00+00:00, run_after=2021-01-01T00:00:00+00:00
[2023-12-18T22:43:03.377+0100] {processor.py:179} INFO - Processing /Users/user/Desktop/Learning/AIRFLOW-TUTORIAL/py_env/lib/python3.11/site-packages/airflow/example_dags/example_trigger_controller_dag.py took 0.378 seconds
[2023-12-18T22:44:38.220+0100] {processor.py:157} INFO - Started process (PID=28455) to work on /Users/user/Desktop/Learning/AIRFLOW-TUTORIAL/py_env/lib/python3.11/site-packages/airflow/example_dags/example_trigger_controller_dag.py
[2023-12-18T22:44:38.223+0100] {processor.py:829} INFO - Processing file /Users/user/Desktop/Learning/AIRFLOW-TUTORIAL/py_env/lib/python3.11/site-packages/airflow/example_dags/example_trigger_controller_dag.py for tasks to queue
[2023-12-18T22:44:38.224+0100] {logging_mixin.py:154} INFO - [2023-12-18T22:44:38.224+0100] {dagbag.py:536} INFO - Filling up the DagBag from /Users/user/Desktop/Learning/AIRFLOW-TUTORIAL/py_env/lib/python3.11/site-packages/airflow/example_dags/example_trigger_controller_dag.py
[2023-12-18T22:44:38.254+0100] {processor.py:839} INFO - DAG(s) dict_keys(['example_trigger_controller_dag']) retrieved from /Users/user/Desktop/Learning/AIRFLOW-TUTORIAL/py_env/lib/python3.11/site-packages/airflow/example_dags/example_trigger_controller_dag.py
[2023-12-18T22:44:38.426+0100] {logging_mixin.py:154} INFO - [2023-12-18T22:44:38.426+0100] {dag.py:2941} INFO - Sync 1 DAGs
[2023-12-18T22:44:38.444+0100] {logging_mixin.py:154} INFO - [2023-12-18T22:44:38.444+0100] {dag.py:3722} INFO - Setting next_dagrun for example_trigger_controller_dag to 2021-01-01T00:00:00+00:00, run_after=2021-01-01T00:00:00+00:00
[2023-12-18T22:44:38.463+0100] {processor.py:179} INFO - Processing /Users/user/Desktop/Learning/AIRFLOW-TUTORIAL/py_env/lib/python3.11/site-packages/airflow/example_dags/example_trigger_controller_dag.py took 0.243 seconds
[2023-12-18T22:46:13.880+0100] {processor.py:157} INFO - Started process (PID=29179) to work on /Users/user/Desktop/Learning/AIRFLOW-TUTORIAL/py_env/lib/python3.11/site-packages/airflow/example_dags/example_trigger_controller_dag.py
[2023-12-18T22:46:13.886+0100] {processor.py:829} INFO - Processing file /Users/user/Desktop/Learning/AIRFLOW-TUTORIAL/py_env/lib/python3.11/site-packages/airflow/example_dags/example_trigger_controller_dag.py for tasks to queue
[2023-12-18T22:46:13.887+0100] {logging_mixin.py:154} INFO - [2023-12-18T22:46:13.887+0100] {dagbag.py:536} INFO - Filling up the DagBag from /Users/user/Desktop/Learning/AIRFLOW-TUTORIAL/py_env/lib/python3.11/site-packages/airflow/example_dags/example_trigger_controller_dag.py
[2023-12-18T22:46:13.926+0100] {processor.py:839} INFO - DAG(s) dict_keys(['example_trigger_controller_dag']) retrieved from /Users/user/Desktop/Learning/AIRFLOW-TUTORIAL/py_env/lib/python3.11/site-packages/airflow/example_dags/example_trigger_controller_dag.py
[2023-12-18T22:46:14.161+0100] {logging_mixin.py:154} INFO - [2023-12-18T22:46:14.160+0100] {dag.py:2941} INFO - Sync 1 DAGs
[2023-12-18T22:46:14.187+0100] {logging_mixin.py:154} INFO - [2023-12-18T22:46:14.186+0100] {dag.py:3722} INFO - Setting next_dagrun for example_trigger_controller_dag to 2021-01-01T00:00:00+00:00, run_after=2021-01-01T00:00:00+00:00
[2023-12-18T22:46:14.210+0100] {processor.py:179} INFO - Processing /Users/user/Desktop/Learning/AIRFLOW-TUTORIAL/py_env/lib/python3.11/site-packages/airflow/example_dags/example_trigger_controller_dag.py took 0.331 seconds
[2023-12-18T22:47:58.418+0100] {processor.py:157} INFO - Started process (PID=29919) to work on /Users/user/Desktop/Learning/AIRFLOW-TUTORIAL/py_env/lib/python3.11/site-packages/airflow/example_dags/example_trigger_controller_dag.py
[2023-12-18T22:47:58.423+0100] {processor.py:829} INFO - Processing file /Users/user/Desktop/Learning/AIRFLOW-TUTORIAL/py_env/lib/python3.11/site-packages/airflow/example_dags/example_trigger_controller_dag.py for tasks to queue
[2023-12-18T22:47:58.424+0100] {logging_mixin.py:154} INFO - [2023-12-18T22:47:58.423+0100] {dagbag.py:536} INFO - Filling up the DagBag from /Users/user/Desktop/Learning/AIRFLOW-TUTORIAL/py_env/lib/python3.11/site-packages/airflow/example_dags/example_trigger_controller_dag.py
[2023-12-18T22:47:58.460+0100] {processor.py:839} INFO - DAG(s) dict_keys(['example_trigger_controller_dag']) retrieved from /Users/user/Desktop/Learning/AIRFLOW-TUTORIAL/py_env/lib/python3.11/site-packages/airflow/example_dags/example_trigger_controller_dag.py
[2023-12-18T22:47:58.710+0100] {logging_mixin.py:154} INFO - [2023-12-18T22:47:58.710+0100] {dag.py:2941} INFO - Sync 1 DAGs
[2023-12-18T22:47:58.732+0100] {logging_mixin.py:154} INFO - [2023-12-18T22:47:58.732+0100] {dag.py:3722} INFO - Setting next_dagrun for example_trigger_controller_dag to 2021-01-01T00:00:00+00:00, run_after=2021-01-01T00:00:00+00:00
[2023-12-18T22:47:58.754+0100] {processor.py:179} INFO - Processing /Users/user/Desktop/Learning/AIRFLOW-TUTORIAL/py_env/lib/python3.11/site-packages/airflow/example_dags/example_trigger_controller_dag.py took 0.337 seconds
[2023-12-18T22:49:35.230+0100] {processor.py:157} INFO - Started process (PID=30809) to work on /Users/user/Desktop/Learning/AIRFLOW-TUTORIAL/py_env/lib/python3.11/site-packages/airflow/example_dags/example_trigger_controller_dag.py
[2023-12-18T22:49:35.234+0100] {processor.py:829} INFO - Processing file /Users/user/Desktop/Learning/AIRFLOW-TUTORIAL/py_env/lib/python3.11/site-packages/airflow/example_dags/example_trigger_controller_dag.py for tasks to queue
[2023-12-18T22:49:35.234+0100] {logging_mixin.py:154} INFO - [2023-12-18T22:49:35.234+0100] {dagbag.py:536} INFO - Filling up the DagBag from /Users/user/Desktop/Learning/AIRFLOW-TUTORIAL/py_env/lib/python3.11/site-packages/airflow/example_dags/example_trigger_controller_dag.py
[2023-12-18T22:49:35.261+0100] {processor.py:839} INFO - DAG(s) dict_keys(['example_trigger_controller_dag']) retrieved from /Users/user/Desktop/Learning/AIRFLOW-TUTORIAL/py_env/lib/python3.11/site-packages/airflow/example_dags/example_trigger_controller_dag.py
[2023-12-18T22:49:35.415+0100] {logging_mixin.py:154} INFO - [2023-12-18T22:49:35.415+0100] {dag.py:2941} INFO - Sync 1 DAGs
[2023-12-18T22:49:35.434+0100] {logging_mixin.py:154} INFO - [2023-12-18T22:49:35.434+0100] {dag.py:3722} INFO - Setting next_dagrun for example_trigger_controller_dag to 2021-01-01T00:00:00+00:00, run_after=2021-01-01T00:00:00+00:00
[2023-12-18T22:49:35.452+0100] {processor.py:179} INFO - Processing /Users/user/Desktop/Learning/AIRFLOW-TUTORIAL/py_env/lib/python3.11/site-packages/airflow/example_dags/example_trigger_controller_dag.py took 0.222 seconds
[2023-12-18T22:51:17.069+0100] {processor.py:157} INFO - Started process (PID=31534) to work on /Users/user/Desktop/Learning/AIRFLOW-TUTORIAL/py_env/lib/python3.11/site-packages/airflow/example_dags/example_trigger_controller_dag.py
[2023-12-18T22:51:17.073+0100] {processor.py:829} INFO - Processing file /Users/user/Desktop/Learning/AIRFLOW-TUTORIAL/py_env/lib/python3.11/site-packages/airflow/example_dags/example_trigger_controller_dag.py for tasks to queue
[2023-12-18T22:51:17.073+0100] {logging_mixin.py:154} INFO - [2023-12-18T22:51:17.073+0100] {dagbag.py:536} INFO - Filling up the DagBag from /Users/user/Desktop/Learning/AIRFLOW-TUTORIAL/py_env/lib/python3.11/site-packages/airflow/example_dags/example_trigger_controller_dag.py
[2023-12-18T22:51:17.102+0100] {processor.py:839} INFO - DAG(s) dict_keys(['example_trigger_controller_dag']) retrieved from /Users/user/Desktop/Learning/AIRFLOW-TUTORIAL/py_env/lib/python3.11/site-packages/airflow/example_dags/example_trigger_controller_dag.py
[2023-12-18T22:51:17.325+0100] {logging_mixin.py:154} INFO - [2023-12-18T22:51:17.324+0100] {dag.py:2941} INFO - Sync 1 DAGs
[2023-12-18T22:51:17.352+0100] {logging_mixin.py:154} INFO - [2023-12-18T22:51:17.351+0100] {dag.py:3722} INFO - Setting next_dagrun for example_trigger_controller_dag to 2021-01-01T00:00:00+00:00, run_after=2021-01-01T00:00:00+00:00
[2023-12-18T22:51:17.376+0100] {processor.py:179} INFO - Processing /Users/user/Desktop/Learning/AIRFLOW-TUTORIAL/py_env/lib/python3.11/site-packages/airflow/example_dags/example_trigger_controller_dag.py took 0.308 seconds
[2023-12-18T22:53:07.431+0100] {processor.py:157} INFO - Started process (PID=32636) to work on /Users/user/Desktop/Learning/AIRFLOW-TUTORIAL/py_env/lib/python3.11/site-packages/airflow/example_dags/example_trigger_controller_dag.py
[2023-12-18T22:53:07.437+0100] {processor.py:829} INFO - Processing file /Users/user/Desktop/Learning/AIRFLOW-TUTORIAL/py_env/lib/python3.11/site-packages/airflow/example_dags/example_trigger_controller_dag.py for tasks to queue
[2023-12-18T22:53:07.437+0100] {logging_mixin.py:154} INFO - [2023-12-18T22:53:07.437+0100] {dagbag.py:536} INFO - Filling up the DagBag from /Users/user/Desktop/Learning/AIRFLOW-TUTORIAL/py_env/lib/python3.11/site-packages/airflow/example_dags/example_trigger_controller_dag.py
[2023-12-18T22:53:07.472+0100] {processor.py:839} INFO - DAG(s) dict_keys(['example_trigger_controller_dag']) retrieved from /Users/user/Desktop/Learning/AIRFLOW-TUTORIAL/py_env/lib/python3.11/site-packages/airflow/example_dags/example_trigger_controller_dag.py
[2023-12-18T22:53:07.686+0100] {logging_mixin.py:154} INFO - [2023-12-18T22:53:07.686+0100] {dag.py:2941} INFO - Sync 1 DAGs
[2023-12-18T22:53:07.706+0100] {logging_mixin.py:154} INFO - [2023-12-18T22:53:07.706+0100] {dag.py:3722} INFO - Setting next_dagrun for example_trigger_controller_dag to 2021-01-01T00:00:00+00:00, run_after=2021-01-01T00:00:00+00:00
[2023-12-18T22:53:07.732+0100] {processor.py:179} INFO - Processing /Users/user/Desktop/Learning/AIRFLOW-TUTORIAL/py_env/lib/python3.11/site-packages/airflow/example_dags/example_trigger_controller_dag.py took 0.302 seconds
[2023-12-18T22:54:57.266+0100] {processor.py:157} INFO - Started process (PID=33454) to work on /Users/user/Desktop/Learning/AIRFLOW-TUTORIAL/py_env/lib/python3.11/site-packages/airflow/example_dags/example_trigger_controller_dag.py
[2023-12-18T22:54:57.271+0100] {processor.py:829} INFO - Processing file /Users/user/Desktop/Learning/AIRFLOW-TUTORIAL/py_env/lib/python3.11/site-packages/airflow/example_dags/example_trigger_controller_dag.py for tasks to queue
[2023-12-18T22:54:57.272+0100] {logging_mixin.py:154} INFO - [2023-12-18T22:54:57.272+0100] {dagbag.py:536} INFO - Filling up the DagBag from /Users/user/Desktop/Learning/AIRFLOW-TUTORIAL/py_env/lib/python3.11/site-packages/airflow/example_dags/example_trigger_controller_dag.py
[2023-12-18T22:54:57.312+0100] {processor.py:839} INFO - DAG(s) dict_keys(['example_trigger_controller_dag']) retrieved from /Users/user/Desktop/Learning/AIRFLOW-TUTORIAL/py_env/lib/python3.11/site-packages/airflow/example_dags/example_trigger_controller_dag.py
[2023-12-18T22:54:57.524+0100] {logging_mixin.py:154} INFO - [2023-12-18T22:54:57.524+0100] {dag.py:2941} INFO - Sync 1 DAGs
[2023-12-18T22:54:57.556+0100] {logging_mixin.py:154} INFO - [2023-12-18T22:54:57.556+0100] {dag.py:3722} INFO - Setting next_dagrun for example_trigger_controller_dag to 2021-01-01T00:00:00+00:00, run_after=2021-01-01T00:00:00+00:00
[2023-12-18T22:54:57.582+0100] {processor.py:179} INFO - Processing /Users/user/Desktop/Learning/AIRFLOW-TUTORIAL/py_env/lib/python3.11/site-packages/airflow/example_dags/example_trigger_controller_dag.py took 0.316 seconds
[2023-12-18T22:56:43.387+0100] {processor.py:157} INFO - Started process (PID=34272) to work on /Users/user/Desktop/Learning/AIRFLOW-TUTORIAL/py_env/lib/python3.11/site-packages/airflow/example_dags/example_trigger_controller_dag.py
[2023-12-18T22:56:43.391+0100] {processor.py:829} INFO - Processing file /Users/user/Desktop/Learning/AIRFLOW-TUTORIAL/py_env/lib/python3.11/site-packages/airflow/example_dags/example_trigger_controller_dag.py for tasks to queue
[2023-12-18T22:56:43.392+0100] {logging_mixin.py:154} INFO - [2023-12-18T22:56:43.392+0100] {dagbag.py:536} INFO - Filling up the DagBag from /Users/user/Desktop/Learning/AIRFLOW-TUTORIAL/py_env/lib/python3.11/site-packages/airflow/example_dags/example_trigger_controller_dag.py
[2023-12-18T22:56:43.417+0100] {processor.py:839} INFO - DAG(s) dict_keys(['example_trigger_controller_dag']) retrieved from /Users/user/Desktop/Learning/AIRFLOW-TUTORIAL/py_env/lib/python3.11/site-packages/airflow/example_dags/example_trigger_controller_dag.py
[2023-12-18T22:56:43.579+0100] {logging_mixin.py:154} INFO - [2023-12-18T22:56:43.578+0100] {dag.py:2941} INFO - Sync 1 DAGs
[2023-12-18T22:56:43.596+0100] {logging_mixin.py:154} INFO - [2023-12-18T22:56:43.596+0100] {dag.py:3722} INFO - Setting next_dagrun for example_trigger_controller_dag to 2021-01-01T00:00:00+00:00, run_after=2021-01-01T00:00:00+00:00
[2023-12-18T22:56:43.614+0100] {processor.py:179} INFO - Processing /Users/user/Desktop/Learning/AIRFLOW-TUTORIAL/py_env/lib/python3.11/site-packages/airflow/example_dags/example_trigger_controller_dag.py took 0.228 seconds
[2023-12-18T22:58:27.190+0100] {processor.py:157} INFO - Started process (PID=35004) to work on /Users/user/Desktop/Learning/AIRFLOW-TUTORIAL/py_env/lib/python3.11/site-packages/airflow/example_dags/example_trigger_controller_dag.py
[2023-12-18T22:58:27.198+0100] {processor.py:829} INFO - Processing file /Users/user/Desktop/Learning/AIRFLOW-TUTORIAL/py_env/lib/python3.11/site-packages/airflow/example_dags/example_trigger_controller_dag.py for tasks to queue
[2023-12-18T22:58:27.198+0100] {logging_mixin.py:154} INFO - [2023-12-18T22:58:27.198+0100] {dagbag.py:536} INFO - Filling up the DagBag from /Users/user/Desktop/Learning/AIRFLOW-TUTORIAL/py_env/lib/python3.11/site-packages/airflow/example_dags/example_trigger_controller_dag.py
[2023-12-18T22:58:27.251+0100] {processor.py:839} INFO - DAG(s) dict_keys(['example_trigger_controller_dag']) retrieved from /Users/user/Desktop/Learning/AIRFLOW-TUTORIAL/py_env/lib/python3.11/site-packages/airflow/example_dags/example_trigger_controller_dag.py
[2023-12-18T22:58:27.582+0100] {logging_mixin.py:154} INFO - [2023-12-18T22:58:27.581+0100] {dag.py:2941} INFO - Sync 1 DAGs
[2023-12-18T22:58:27.600+0100] {logging_mixin.py:154} INFO - [2023-12-18T22:58:27.600+0100] {dag.py:3722} INFO - Setting next_dagrun for example_trigger_controller_dag to 2021-01-01T00:00:00+00:00, run_after=2021-01-01T00:00:00+00:00
[2023-12-18T22:58:27.623+0100] {processor.py:179} INFO - Processing /Users/user/Desktop/Learning/AIRFLOW-TUTORIAL/py_env/lib/python3.11/site-packages/airflow/example_dags/example_trigger_controller_dag.py took 0.434 seconds
[2023-12-18T23:00:10.878+0100] {processor.py:157} INFO - Started process (PID=35675) to work on /Users/user/Desktop/Learning/AIRFLOW-TUTORIAL/py_env/lib/python3.11/site-packages/airflow/example_dags/example_trigger_controller_dag.py
[2023-12-18T23:00:10.882+0100] {processor.py:829} INFO - Processing file /Users/user/Desktop/Learning/AIRFLOW-TUTORIAL/py_env/lib/python3.11/site-packages/airflow/example_dags/example_trigger_controller_dag.py for tasks to queue
[2023-12-18T23:00:10.883+0100] {logging_mixin.py:154} INFO - [2023-12-18T23:00:10.882+0100] {dagbag.py:536} INFO - Filling up the DagBag from /Users/user/Desktop/Learning/AIRFLOW-TUTORIAL/py_env/lib/python3.11/site-packages/airflow/example_dags/example_trigger_controller_dag.py
[2023-12-18T23:00:10.916+0100] {processor.py:839} INFO - DAG(s) dict_keys(['example_trigger_controller_dag']) retrieved from /Users/user/Desktop/Learning/AIRFLOW-TUTORIAL/py_env/lib/python3.11/site-packages/airflow/example_dags/example_trigger_controller_dag.py
[2023-12-18T23:00:11.107+0100] {logging_mixin.py:154} INFO - [2023-12-18T23:00:11.107+0100] {dag.py:2941} INFO - Sync 1 DAGs
[2023-12-18T23:00:11.124+0100] {logging_mixin.py:154} INFO - [2023-12-18T23:00:11.124+0100] {dag.py:3722} INFO - Setting next_dagrun for example_trigger_controller_dag to 2021-01-01T00:00:00+00:00, run_after=2021-01-01T00:00:00+00:00
[2023-12-18T23:00:11.144+0100] {processor.py:179} INFO - Processing /Users/user/Desktop/Learning/AIRFLOW-TUTORIAL/py_env/lib/python3.11/site-packages/airflow/example_dags/example_trigger_controller_dag.py took 0.267 seconds
[2023-12-18T23:01:51.454+0100] {processor.py:157} INFO - Started process (PID=36417) to work on /Users/user/Desktop/Learning/AIRFLOW-TUTORIAL/py_env/lib/python3.11/site-packages/airflow/example_dags/example_trigger_controller_dag.py
[2023-12-18T23:01:51.458+0100] {processor.py:829} INFO - Processing file /Users/user/Desktop/Learning/AIRFLOW-TUTORIAL/py_env/lib/python3.11/site-packages/airflow/example_dags/example_trigger_controller_dag.py for tasks to queue
[2023-12-18T23:01:51.459+0100] {logging_mixin.py:154} INFO - [2023-12-18T23:01:51.459+0100] {dagbag.py:536} INFO - Filling up the DagBag from /Users/user/Desktop/Learning/AIRFLOW-TUTORIAL/py_env/lib/python3.11/site-packages/airflow/example_dags/example_trigger_controller_dag.py
[2023-12-18T23:01:51.491+0100] {processor.py:839} INFO - DAG(s) dict_keys(['example_trigger_controller_dag']) retrieved from /Users/user/Desktop/Learning/AIRFLOW-TUTORIAL/py_env/lib/python3.11/site-packages/airflow/example_dags/example_trigger_controller_dag.py
[2023-12-18T23:01:51.664+0100] {logging_mixin.py:154} INFO - [2023-12-18T23:01:51.664+0100] {dag.py:2941} INFO - Sync 1 DAGs
[2023-12-18T23:01:51.682+0100] {logging_mixin.py:154} INFO - [2023-12-18T23:01:51.682+0100] {dag.py:3722} INFO - Setting next_dagrun for example_trigger_controller_dag to 2021-01-01T00:00:00+00:00, run_after=2021-01-01T00:00:00+00:00
[2023-12-18T23:01:51.700+0100] {processor.py:179} INFO - Processing /Users/user/Desktop/Learning/AIRFLOW-TUTORIAL/py_env/lib/python3.11/site-packages/airflow/example_dags/example_trigger_controller_dag.py took 0.246 seconds
[2023-12-18T23:03:44.101+0100] {processor.py:157} INFO - Started process (PID=37096) to work on /Users/user/Desktop/Learning/AIRFLOW-TUTORIAL/py_env/lib/python3.11/site-packages/airflow/example_dags/example_trigger_controller_dag.py
[2023-12-18T23:03:44.111+0100] {processor.py:829} INFO - Processing file /Users/user/Desktop/Learning/AIRFLOW-TUTORIAL/py_env/lib/python3.11/site-packages/airflow/example_dags/example_trigger_controller_dag.py for tasks to queue
[2023-12-18T23:03:44.112+0100] {logging_mixin.py:154} INFO - [2023-12-18T23:03:44.112+0100] {dagbag.py:536} INFO - Filling up the DagBag from /Users/user/Desktop/Learning/AIRFLOW-TUTORIAL/py_env/lib/python3.11/site-packages/airflow/example_dags/example_trigger_controller_dag.py
[2023-12-18T23:03:44.143+0100] {processor.py:839} INFO - DAG(s) dict_keys(['example_trigger_controller_dag']) retrieved from /Users/user/Desktop/Learning/AIRFLOW-TUTORIAL/py_env/lib/python3.11/site-packages/airflow/example_dags/example_trigger_controller_dag.py
[2023-12-18T23:03:44.361+0100] {logging_mixin.py:154} INFO - [2023-12-18T23:03:44.361+0100] {dag.py:2941} INFO - Sync 1 DAGs
[2023-12-18T23:03:44.385+0100] {logging_mixin.py:154} INFO - [2023-12-18T23:03:44.385+0100] {dag.py:3722} INFO - Setting next_dagrun for example_trigger_controller_dag to 2021-01-01T00:00:00+00:00, run_after=2021-01-01T00:00:00+00:00
[2023-12-18T23:03:44.416+0100] {processor.py:179} INFO - Processing /Users/user/Desktop/Learning/AIRFLOW-TUTORIAL/py_env/lib/python3.11/site-packages/airflow/example_dags/example_trigger_controller_dag.py took 0.315 seconds
[2023-12-18T23:04:45.945+0100] {processor.py:157} INFO - Started process (PID=37368) to work on /Users/user/Desktop/Learning/AIRFLOW-TUTORIAL/py_env/lib/python3.11/site-packages/airflow/example_dags/example_trigger_controller_dag.py
[2023-12-18T23:04:45.976+0100] {processor.py:829} INFO - Processing file /Users/user/Desktop/Learning/AIRFLOW-TUTORIAL/py_env/lib/python3.11/site-packages/airflow/example_dags/example_trigger_controller_dag.py for tasks to queue
[2023-12-18T23:04:46.013+0100] {logging_mixin.py:154} INFO - [2023-12-18T23:04:46.013+0100] {dagbag.py:536} INFO - Filling up the DagBag from /Users/user/Desktop/Learning/AIRFLOW-TUTORIAL/py_env/lib/python3.11/site-packages/airflow/example_dags/example_trigger_controller_dag.py
[2023-12-18T23:04:46.067+0100] {processor.py:839} INFO - DAG(s) dict_keys(['example_trigger_controller_dag']) retrieved from /Users/user/Desktop/Learning/AIRFLOW-TUTORIAL/py_env/lib/python3.11/site-packages/airflow/example_dags/example_trigger_controller_dag.py
[2023-12-18T23:04:46.387+0100] {logging_mixin.py:154} INFO - [2023-12-18T23:04:46.387+0100] {dag.py:2941} INFO - Sync 1 DAGs
[2023-12-18T23:04:46.447+0100] {logging_mixin.py:154} INFO - [2023-12-18T23:04:46.446+0100] {dag.py:3722} INFO - Setting next_dagrun for example_trigger_controller_dag to 2021-01-01T00:00:00+00:00, run_after=2021-01-01T00:00:00+00:00
[2023-12-18T23:04:46.504+0100] {processor.py:179} INFO - Processing /Users/user/Desktop/Learning/AIRFLOW-TUTORIAL/py_env/lib/python3.11/site-packages/airflow/example_dags/example_trigger_controller_dag.py took 0.560 seconds
[2023-12-18T23:07:11.786+0100] {processor.py:157} INFO - Started process (PID=38406) to work on /Users/user/Desktop/Learning/AIRFLOW-TUTORIAL/py_env/lib/python3.11/site-packages/airflow/example_dags/example_trigger_controller_dag.py
[2023-12-18T23:07:11.791+0100] {processor.py:829} INFO - Processing file /Users/user/Desktop/Learning/AIRFLOW-TUTORIAL/py_env/lib/python3.11/site-packages/airflow/example_dags/example_trigger_controller_dag.py for tasks to queue
[2023-12-18T23:07:11.792+0100] {logging_mixin.py:154} INFO - [2023-12-18T23:07:11.792+0100] {dagbag.py:536} INFO - Filling up the DagBag from /Users/user/Desktop/Learning/AIRFLOW-TUTORIAL/py_env/lib/python3.11/site-packages/airflow/example_dags/example_trigger_controller_dag.py
[2023-12-18T23:07:11.825+0100] {processor.py:839} INFO - DAG(s) dict_keys(['example_trigger_controller_dag']) retrieved from /Users/user/Desktop/Learning/AIRFLOW-TUTORIAL/py_env/lib/python3.11/site-packages/airflow/example_dags/example_trigger_controller_dag.py
[2023-12-18T23:07:12.044+0100] {logging_mixin.py:154} INFO - [2023-12-18T23:07:12.044+0100] {dag.py:2941} INFO - Sync 1 DAGs
[2023-12-18T23:07:12.064+0100] {logging_mixin.py:154} INFO - [2023-12-18T23:07:12.063+0100] {dag.py:3722} INFO - Setting next_dagrun for example_trigger_controller_dag to 2021-01-01T00:00:00+00:00, run_after=2021-01-01T00:00:00+00:00
[2023-12-18T23:07:12.084+0100] {processor.py:179} INFO - Processing /Users/user/Desktop/Learning/AIRFLOW-TUTORIAL/py_env/lib/python3.11/site-packages/airflow/example_dags/example_trigger_controller_dag.py took 0.299 seconds
