[2023-12-18T22:39:22.089+0100] {processor.py:157} INFO - Started process (PID=25791) to work on /Users/user/Desktop/Learning/AIRFLOW-TUTORIAL/py_env/lib/python3.11/site-packages/airflow/example_dags/example_branch_day_of_week_operator.py
[2023-12-18T22:39:22.093+0100] {processor.py:829} INFO - Processing file /Users/user/Desktop/Learning/AIRFLOW-TUTORIAL/py_env/lib/python3.11/site-packages/airflow/example_dags/example_branch_day_of_week_operator.py for tasks to queue
[2023-12-18T22:39:22.094+0100] {logging_mixin.py:154} INFO - [2023-12-18T22:39:22.094+0100] {dagbag.py:536} INFO - Filling up the DagBag from /Users/user/Desktop/Learning/AIRFLOW-TUTORIAL/py_env/lib/python3.11/site-packages/airflow/example_dags/example_branch_day_of_week_operator.py
[2023-12-18T22:39:22.131+0100] {processor.py:839} INFO - DAG(s) dict_keys(['example_weekday_branch_operator']) retrieved from /Users/user/Desktop/Learning/AIRFLOW-TUTORIAL/py_env/lib/python3.11/site-packages/airflow/example_dags/example_branch_day_of_week_operator.py
[2023-12-18T22:39:22.873+0100] {logging_mixin.py:154} INFO - [2023-12-18T22:39:22.873+0100] {manager.py:499} INFO - Created Permission View: %s
[2023-12-18T22:39:22.882+0100] {logging_mixin.py:154} INFO - [2023-12-18T22:39:22.882+0100] {manager.py:499} INFO - Created Permission View: %s
[2023-12-18T22:39:22.889+0100] {logging_mixin.py:154} INFO - [2023-12-18T22:39:22.888+0100] {manager.py:499} INFO - Created Permission View: %s
[2023-12-18T22:39:22.889+0100] {logging_mixin.py:154} INFO - [2023-12-18T22:39:22.889+0100] {dag.py:2941} INFO - Sync 1 DAGs
[2023-12-18T22:39:22.902+0100] {logging_mixin.py:154} INFO - [2023-12-18T22:39:22.901+0100] {dag.py:2963} INFO - Creating ORM DAG for example_weekday_branch_operator
[2023-12-18T22:39:22.912+0100] {logging_mixin.py:154} INFO - [2023-12-18T22:39:22.912+0100] {dag.py:3722} INFO - Setting next_dagrun for example_weekday_branch_operator to 2023-12-17T00:00:00+00:00, run_after=2023-12-18T00:00:00+00:00
[2023-12-18T22:39:22.931+0100] {processor.py:179} INFO - Processing /Users/user/Desktop/Learning/AIRFLOW-TUTORIAL/py_env/lib/python3.11/site-packages/airflow/example_dags/example_branch_day_of_week_operator.py took 0.843 seconds
[2023-12-18T22:42:25.421+0100] {processor.py:157} INFO - Started process (PID=27339) to work on /Users/user/Desktop/Learning/AIRFLOW-TUTORIAL/py_env/lib/python3.11/site-packages/airflow/example_dags/example_branch_day_of_week_operator.py
[2023-12-18T22:42:25.427+0100] {processor.py:829} INFO - Processing file /Users/user/Desktop/Learning/AIRFLOW-TUTORIAL/py_env/lib/python3.11/site-packages/airflow/example_dags/example_branch_day_of_week_operator.py for tasks to queue
[2023-12-18T22:42:25.428+0100] {logging_mixin.py:154} INFO - [2023-12-18T22:42:25.428+0100] {dagbag.py:536} INFO - Filling up the DagBag from /Users/user/Desktop/Learning/AIRFLOW-TUTORIAL/py_env/lib/python3.11/site-packages/airflow/example_dags/example_branch_day_of_week_operator.py
[2023-12-18T22:42:25.470+0100] {processor.py:839} INFO - DAG(s) dict_keys(['example_weekday_branch_operator']) retrieved from /Users/user/Desktop/Learning/AIRFLOW-TUTORIAL/py_env/lib/python3.11/site-packages/airflow/example_dags/example_branch_day_of_week_operator.py
[2023-12-18T22:42:25.635+0100] {logging_mixin.py:154} INFO - [2023-12-18T22:42:25.635+0100] {dag.py:2941} INFO - Sync 1 DAGs
[2023-12-18T22:42:25.651+0100] {logging_mixin.py:154} INFO - [2023-12-18T22:42:25.651+0100] {dag.py:3722} INFO - Setting next_dagrun for example_weekday_branch_operator to 2023-12-17T00:00:00+00:00, run_after=2023-12-18T00:00:00+00:00
[2023-12-18T22:42:25.670+0100] {processor.py:179} INFO - Processing /Users/user/Desktop/Learning/AIRFLOW-TUTORIAL/py_env/lib/python3.11/site-packages/airflow/example_dags/example_branch_day_of_week_operator.py took 0.249 seconds
[2023-12-18T22:45:38.284+0100] {processor.py:157} INFO - Started process (PID=28786) to work on /Users/user/Desktop/Learning/AIRFLOW-TUTORIAL/py_env/lib/python3.11/site-packages/airflow/example_dags/example_branch_day_of_week_operator.py
[2023-12-18T22:45:38.289+0100] {processor.py:829} INFO - Processing file /Users/user/Desktop/Learning/AIRFLOW-TUTORIAL/py_env/lib/python3.11/site-packages/airflow/example_dags/example_branch_day_of_week_operator.py for tasks to queue
[2023-12-18T22:45:38.290+0100] {logging_mixin.py:154} INFO - [2023-12-18T22:45:38.289+0100] {dagbag.py:536} INFO - Filling up the DagBag from /Users/user/Desktop/Learning/AIRFLOW-TUTORIAL/py_env/lib/python3.11/site-packages/airflow/example_dags/example_branch_day_of_week_operator.py
[2023-12-18T22:45:38.336+0100] {processor.py:839} INFO - DAG(s) dict_keys(['example_weekday_branch_operator']) retrieved from /Users/user/Desktop/Learning/AIRFLOW-TUTORIAL/py_env/lib/python3.11/site-packages/airflow/example_dags/example_branch_day_of_week_operator.py
[2023-12-18T22:45:38.541+0100] {logging_mixin.py:154} INFO - [2023-12-18T22:45:38.540+0100] {dag.py:2941} INFO - Sync 1 DAGs
[2023-12-18T22:45:38.562+0100] {logging_mixin.py:154} INFO - [2023-12-18T22:45:38.562+0100] {dag.py:3722} INFO - Setting next_dagrun for example_weekday_branch_operator to 2023-12-17T00:00:00+00:00, run_after=2023-12-18T00:00:00+00:00
[2023-12-18T22:45:38.584+0100] {processor.py:179} INFO - Processing /Users/user/Desktop/Learning/AIRFLOW-TUTORIAL/py_env/lib/python3.11/site-packages/airflow/example_dags/example_branch_day_of_week_operator.py took 0.300 seconds
[2023-12-18T22:48:58.913+0100] {processor.py:157} INFO - Started process (PID=30508) to work on /Users/user/Desktop/Learning/AIRFLOW-TUTORIAL/py_env/lib/python3.11/site-packages/airflow/example_dags/example_branch_day_of_week_operator.py
[2023-12-18T22:48:58.917+0100] {processor.py:829} INFO - Processing file /Users/user/Desktop/Learning/AIRFLOW-TUTORIAL/py_env/lib/python3.11/site-packages/airflow/example_dags/example_branch_day_of_week_operator.py for tasks to queue
[2023-12-18T22:48:58.918+0100] {logging_mixin.py:154} INFO - [2023-12-18T22:48:58.918+0100] {dagbag.py:536} INFO - Filling up the DagBag from /Users/user/Desktop/Learning/AIRFLOW-TUTORIAL/py_env/lib/python3.11/site-packages/airflow/example_dags/example_branch_day_of_week_operator.py
[2023-12-18T22:48:58.953+0100] {processor.py:839} INFO - DAG(s) dict_keys(['example_weekday_branch_operator']) retrieved from /Users/user/Desktop/Learning/AIRFLOW-TUTORIAL/py_env/lib/python3.11/site-packages/airflow/example_dags/example_branch_day_of_week_operator.py
[2023-12-18T22:48:59.146+0100] {logging_mixin.py:154} INFO - [2023-12-18T22:48:59.146+0100] {dag.py:2941} INFO - Sync 1 DAGs
[2023-12-18T22:48:59.165+0100] {logging_mixin.py:154} INFO - [2023-12-18T22:48:59.165+0100] {dag.py:3722} INFO - Setting next_dagrun for example_weekday_branch_operator to 2023-12-17T00:00:00+00:00, run_after=2023-12-18T00:00:00+00:00
[2023-12-18T22:48:59.184+0100] {processor.py:179} INFO - Processing /Users/user/Desktop/Learning/AIRFLOW-TUTORIAL/py_env/lib/python3.11/site-packages/airflow/example_dags/example_branch_day_of_week_operator.py took 0.272 seconds
[2023-12-18T22:52:25.010+0100] {processor.py:157} INFO - Started process (PID=32225) to work on /Users/user/Desktop/Learning/AIRFLOW-TUTORIAL/py_env/lib/python3.11/site-packages/airflow/example_dags/example_branch_day_of_week_operator.py
[2023-12-18T22:52:25.015+0100] {processor.py:829} INFO - Processing file /Users/user/Desktop/Learning/AIRFLOW-TUTORIAL/py_env/lib/python3.11/site-packages/airflow/example_dags/example_branch_day_of_week_operator.py for tasks to queue
[2023-12-18T22:52:25.016+0100] {logging_mixin.py:154} INFO - [2023-12-18T22:52:25.016+0100] {dagbag.py:536} INFO - Filling up the DagBag from /Users/user/Desktop/Learning/AIRFLOW-TUTORIAL/py_env/lib/python3.11/site-packages/airflow/example_dags/example_branch_day_of_week_operator.py
[2023-12-18T22:52:25.059+0100] {processor.py:839} INFO - DAG(s) dict_keys(['example_weekday_branch_operator']) retrieved from /Users/user/Desktop/Learning/AIRFLOW-TUTORIAL/py_env/lib/python3.11/site-packages/airflow/example_dags/example_branch_day_of_week_operator.py
[2023-12-18T22:52:25.302+0100] {logging_mixin.py:154} INFO - [2023-12-18T22:52:25.302+0100] {dag.py:2941} INFO - Sync 1 DAGs
[2023-12-18T22:52:25.325+0100] {logging_mixin.py:154} INFO - [2023-12-18T22:52:25.325+0100] {dag.py:3722} INFO - Setting next_dagrun for example_weekday_branch_operator to 2023-12-17T00:00:00+00:00, run_after=2023-12-18T00:00:00+00:00
[2023-12-18T22:52:25.353+0100] {processor.py:179} INFO - Processing /Users/user/Desktop/Learning/AIRFLOW-TUTORIAL/py_env/lib/python3.11/site-packages/airflow/example_dags/example_branch_day_of_week_operator.py took 0.344 seconds
[2023-12-18T22:56:05.307+0100] {processor.py:157} INFO - Started process (PID=33877) to work on /Users/user/Desktop/Learning/AIRFLOW-TUTORIAL/py_env/lib/python3.11/site-packages/airflow/example_dags/example_branch_day_of_week_operator.py
[2023-12-18T22:56:05.313+0100] {processor.py:829} INFO - Processing file /Users/user/Desktop/Learning/AIRFLOW-TUTORIAL/py_env/lib/python3.11/site-packages/airflow/example_dags/example_branch_day_of_week_operator.py for tasks to queue
[2023-12-18T22:56:05.314+0100] {logging_mixin.py:154} INFO - [2023-12-18T22:56:05.313+0100] {dagbag.py:536} INFO - Filling up the DagBag from /Users/user/Desktop/Learning/AIRFLOW-TUTORIAL/py_env/lib/python3.11/site-packages/airflow/example_dags/example_branch_day_of_week_operator.py
[2023-12-18T22:56:05.357+0100] {processor.py:839} INFO - DAG(s) dict_keys(['example_weekday_branch_operator']) retrieved from /Users/user/Desktop/Learning/AIRFLOW-TUTORIAL/py_env/lib/python3.11/site-packages/airflow/example_dags/example_branch_day_of_week_operator.py
[2023-12-18T22:56:05.601+0100] {logging_mixin.py:154} INFO - [2023-12-18T22:56:05.600+0100] {dag.py:2941} INFO - Sync 1 DAGs
[2023-12-18T22:56:05.623+0100] {logging_mixin.py:154} INFO - [2023-12-18T22:56:05.623+0100] {dag.py:3722} INFO - Setting next_dagrun for example_weekday_branch_operator to 2023-12-17T00:00:00+00:00, run_after=2023-12-18T00:00:00+00:00
[2023-12-18T22:56:05.644+0100] {processor.py:179} INFO - Processing /Users/user/Desktop/Learning/AIRFLOW-TUTORIAL/py_env/lib/python3.11/site-packages/airflow/example_dags/example_branch_day_of_week_operator.py took 0.338 seconds
[2023-12-18T22:59:31.436+0100] {processor.py:157} INFO - Started process (PID=35635) to work on /Users/user/Desktop/Learning/AIRFLOW-TUTORIAL/py_env/lib/python3.11/site-packages/airflow/example_dags/example_branch_day_of_week_operator.py
[2023-12-18T22:59:31.440+0100] {processor.py:829} INFO - Processing file /Users/user/Desktop/Learning/AIRFLOW-TUTORIAL/py_env/lib/python3.11/site-packages/airflow/example_dags/example_branch_day_of_week_operator.py for tasks to queue
[2023-12-18T22:59:31.440+0100] {logging_mixin.py:154} INFO - [2023-12-18T22:59:31.440+0100] {dagbag.py:536} INFO - Filling up the DagBag from /Users/user/Desktop/Learning/AIRFLOW-TUTORIAL/py_env/lib/python3.11/site-packages/airflow/example_dags/example_branch_day_of_week_operator.py
[2023-12-18T22:59:31.472+0100] {processor.py:839} INFO - DAG(s) dict_keys(['example_weekday_branch_operator']) retrieved from /Users/user/Desktop/Learning/AIRFLOW-TUTORIAL/py_env/lib/python3.11/site-packages/airflow/example_dags/example_branch_day_of_week_operator.py
[2023-12-18T22:59:31.652+0100] {logging_mixin.py:154} INFO - [2023-12-18T22:59:31.652+0100] {dag.py:2941} INFO - Sync 1 DAGs
[2023-12-18T22:59:31.670+0100] {logging_mixin.py:154} INFO - [2023-12-18T22:59:31.670+0100] {dag.py:3722} INFO - Setting next_dagrun for example_weekday_branch_operator to 2023-12-17T00:00:00+00:00, run_after=2023-12-18T00:00:00+00:00
[2023-12-18T22:59:31.688+0100] {processor.py:179} INFO - Processing /Users/user/Desktop/Learning/AIRFLOW-TUTORIAL/py_env/lib/python3.11/site-packages/airflow/example_dags/example_branch_day_of_week_operator.py took 0.253 seconds
[2023-12-18T23:03:04.581+0100] {processor.py:157} INFO - Started process (PID=36855) to work on /Users/user/Desktop/Learning/AIRFLOW-TUTORIAL/py_env/lib/python3.11/site-packages/airflow/example_dags/example_branch_day_of_week_operator.py
[2023-12-18T23:03:04.588+0100] {processor.py:829} INFO - Processing file /Users/user/Desktop/Learning/AIRFLOW-TUTORIAL/py_env/lib/python3.11/site-packages/airflow/example_dags/example_branch_day_of_week_operator.py for tasks to queue
[2023-12-18T23:03:04.588+0100] {logging_mixin.py:154} INFO - [2023-12-18T23:03:04.588+0100] {dagbag.py:536} INFO - Filling up the DagBag from /Users/user/Desktop/Learning/AIRFLOW-TUTORIAL/py_env/lib/python3.11/site-packages/airflow/example_dags/example_branch_day_of_week_operator.py
[2023-12-18T23:03:04.631+0100] {processor.py:839} INFO - DAG(s) dict_keys(['example_weekday_branch_operator']) retrieved from /Users/user/Desktop/Learning/AIRFLOW-TUTORIAL/py_env/lib/python3.11/site-packages/airflow/example_dags/example_branch_day_of_week_operator.py
[2023-12-18T23:03:04.858+0100] {logging_mixin.py:154} INFO - [2023-12-18T23:03:04.857+0100] {dag.py:2941} INFO - Sync 1 DAGs
[2023-12-18T23:03:04.879+0100] {logging_mixin.py:154} INFO - [2023-12-18T23:03:04.878+0100] {dag.py:3722} INFO - Setting next_dagrun for example_weekday_branch_operator to 2023-12-17T00:00:00+00:00, run_after=2023-12-18T00:00:00+00:00
[2023-12-18T23:03:04.902+0100] {processor.py:179} INFO - Processing /Users/user/Desktop/Learning/AIRFLOW-TUTORIAL/py_env/lib/python3.11/site-packages/airflow/example_dags/example_branch_day_of_week_operator.py took 0.322 seconds
[2023-12-18T23:06:24.197+0100] {processor.py:157} INFO - Started process (PID=38189) to work on /Users/user/Desktop/Learning/AIRFLOW-TUTORIAL/py_env/lib/python3.11/site-packages/airflow/example_dags/example_branch_day_of_week_operator.py
[2023-12-18T23:06:24.202+0100] {processor.py:829} INFO - Processing file /Users/user/Desktop/Learning/AIRFLOW-TUTORIAL/py_env/lib/python3.11/site-packages/airflow/example_dags/example_branch_day_of_week_operator.py for tasks to queue
[2023-12-18T23:06:24.202+0100] {logging_mixin.py:154} INFO - [2023-12-18T23:06:24.202+0100] {dagbag.py:536} INFO - Filling up the DagBag from /Users/user/Desktop/Learning/AIRFLOW-TUTORIAL/py_env/lib/python3.11/site-packages/airflow/example_dags/example_branch_day_of_week_operator.py
[2023-12-18T23:06:24.241+0100] {processor.py:839} INFO - DAG(s) dict_keys(['example_weekday_branch_operator']) retrieved from /Users/user/Desktop/Learning/AIRFLOW-TUTORIAL/py_env/lib/python3.11/site-packages/airflow/example_dags/example_branch_day_of_week_operator.py
[2023-12-18T23:06:24.529+0100] {logging_mixin.py:154} INFO - [2023-12-18T23:06:24.528+0100] {dag.py:2941} INFO - Sync 1 DAGs
[2023-12-18T23:06:24.558+0100] {logging_mixin.py:154} INFO - [2023-12-18T23:06:24.558+0100] {dag.py:3722} INFO - Setting next_dagrun for example_weekday_branch_operator to 2023-12-17T00:00:00+00:00, run_after=2023-12-18T00:00:00+00:00
[2023-12-18T23:06:24.590+0100] {processor.py:179} INFO - Processing /Users/user/Desktop/Learning/AIRFLOW-TUTORIAL/py_env/lib/python3.11/site-packages/airflow/example_dags/example_branch_day_of_week_operator.py took 0.394 seconds
