[2023-12-18T22:37:37.021+0100] {processor.py:157} INFO - Started process (PID=24975) to work on /Users/user/Desktop/Learning/AIRFLOW-TUTORIAL/py_env/lib/python3.11/site-packages/airflow/example_dags/example_task_group.py
[2023-12-18T22:37:37.026+0100] {processor.py:829} INFO - Processing file /Users/user/Desktop/Learning/AIRFLOW-TUTORIAL/py_env/lib/python3.11/site-packages/airflow/example_dags/example_task_group.py for tasks to queue
[2023-12-18T22:37:37.027+0100] {logging_mixin.py:154} INFO - [2023-12-18T22:37:37.027+0100] {dagbag.py:536} INFO - Filling up the DagBag from /Users/user/Desktop/Learning/AIRFLOW-TUTORIAL/py_env/lib/python3.11/site-packages/airflow/example_dags/example_task_group.py
[2023-12-18T22:37:37.070+0100] {processor.py:839} INFO - DAG(s) dict_keys(['example_task_group']) retrieved from /Users/user/Desktop/Learning/AIRFLOW-TUTORIAL/py_env/lib/python3.11/site-packages/airflow/example_dags/example_task_group.py
[2023-12-18T22:37:37.995+0100] {logging_mixin.py:154} INFO - [2023-12-18T22:37:37.995+0100] {manager.py:499} INFO - Created Permission View: %s
[2023-12-18T22:37:38.010+0100] {logging_mixin.py:154} INFO - [2023-12-18T22:37:38.009+0100] {manager.py:499} INFO - Created Permission View: %s
[2023-12-18T22:37:38.018+0100] {logging_mixin.py:154} INFO - [2023-12-18T22:37:38.018+0100] {manager.py:499} INFO - Created Permission View: %s
[2023-12-18T22:37:38.019+0100] {logging_mixin.py:154} INFO - [2023-12-18T22:37:38.018+0100] {dag.py:2941} INFO - Sync 1 DAGs
[2023-12-18T22:37:38.032+0100] {logging_mixin.py:154} INFO - [2023-12-18T22:37:38.031+0100] {dag.py:2963} INFO - Creating ORM DAG for example_task_group
[2023-12-18T22:37:38.042+0100] {logging_mixin.py:154} INFO - [2023-12-18T22:37:38.042+0100] {dag.py:3722} INFO - Setting next_dagrun for example_task_group to 2023-12-17T21:37:38.042230+00:00, run_after=2023-12-18T21:37:38.042230+00:00
[2023-12-18T22:37:38.069+0100] {processor.py:179} INFO - Processing /Users/user/Desktop/Learning/AIRFLOW-TUTORIAL/py_env/lib/python3.11/site-packages/airflow/example_dags/example_task_group.py took 1.049 seconds
[2023-12-18T22:40:10.393+0100] {processor.py:157} INFO - Started process (PID=26209) to work on /Users/user/Desktop/Learning/AIRFLOW-TUTORIAL/py_env/lib/python3.11/site-packages/airflow/example_dags/example_task_group.py
[2023-12-18T22:40:10.397+0100] {processor.py:829} INFO - Processing file /Users/user/Desktop/Learning/AIRFLOW-TUTORIAL/py_env/lib/python3.11/site-packages/airflow/example_dags/example_task_group.py for tasks to queue
[2023-12-18T22:40:10.398+0100] {logging_mixin.py:154} INFO - [2023-12-18T22:40:10.397+0100] {dagbag.py:536} INFO - Filling up the DagBag from /Users/user/Desktop/Learning/AIRFLOW-TUTORIAL/py_env/lib/python3.11/site-packages/airflow/example_dags/example_task_group.py
[2023-12-18T22:40:10.431+0100] {processor.py:839} INFO - DAG(s) dict_keys(['example_task_group']) retrieved from /Users/user/Desktop/Learning/AIRFLOW-TUTORIAL/py_env/lib/python3.11/site-packages/airflow/example_dags/example_task_group.py
[2023-12-18T22:40:10.629+0100] {logging_mixin.py:154} INFO - [2023-12-18T22:40:10.629+0100] {dag.py:2941} INFO - Sync 1 DAGs
[2023-12-18T22:40:10.645+0100] {logging_mixin.py:154} INFO - [2023-12-18T22:40:10.645+0100] {dag.py:3722} INFO - Setting next_dagrun for example_task_group to 2023-12-17T21:40:10.645337+00:00, run_after=2023-12-18T21:40:10.645337+00:00
[2023-12-18T22:40:10.664+0100] {processor.py:179} INFO - Processing /Users/user/Desktop/Learning/AIRFLOW-TUTORIAL/py_env/lib/python3.11/site-packages/airflow/example_dags/example_task_group.py took 0.273 seconds
[2023-12-18T22:41:41.884+0100] {processor.py:157} INFO - Started process (PID=27036) to work on /Users/user/Desktop/Learning/AIRFLOW-TUTORIAL/py_env/lib/python3.11/site-packages/airflow/example_dags/example_task_group.py
[2023-12-18T22:41:41.889+0100] {processor.py:829} INFO - Processing file /Users/user/Desktop/Learning/AIRFLOW-TUTORIAL/py_env/lib/python3.11/site-packages/airflow/example_dags/example_task_group.py for tasks to queue
[2023-12-18T22:41:41.889+0100] {logging_mixin.py:154} INFO - [2023-12-18T22:41:41.889+0100] {dagbag.py:536} INFO - Filling up the DagBag from /Users/user/Desktop/Learning/AIRFLOW-TUTORIAL/py_env/lib/python3.11/site-packages/airflow/example_dags/example_task_group.py
[2023-12-18T22:41:41.923+0100] {processor.py:839} INFO - DAG(s) dict_keys(['example_task_group']) retrieved from /Users/user/Desktop/Learning/AIRFLOW-TUTORIAL/py_env/lib/python3.11/site-packages/airflow/example_dags/example_task_group.py
[2023-12-18T22:41:42.117+0100] {logging_mixin.py:154} INFO - [2023-12-18T22:41:42.117+0100] {dag.py:2941} INFO - Sync 1 DAGs
[2023-12-18T22:41:42.136+0100] {logging_mixin.py:154} INFO - [2023-12-18T22:41:42.136+0100] {dag.py:3722} INFO - Setting next_dagrun for example_task_group to 2023-12-17T21:41:42.136408+00:00, run_after=2023-12-18T21:41:42.136408+00:00
[2023-12-18T22:41:42.158+0100] {processor.py:179} INFO - Processing /Users/user/Desktop/Learning/AIRFLOW-TUTORIAL/py_env/lib/python3.11/site-packages/airflow/example_dags/example_task_group.py took 0.275 seconds
[2023-12-18T22:43:12.129+0100] {processor.py:157} INFO - Started process (PID=27659) to work on /Users/user/Desktop/Learning/AIRFLOW-TUTORIAL/py_env/lib/python3.11/site-packages/airflow/example_dags/example_task_group.py
[2023-12-18T22:43:12.153+0100] {processor.py:829} INFO - Processing file /Users/user/Desktop/Learning/AIRFLOW-TUTORIAL/py_env/lib/python3.11/site-packages/airflow/example_dags/example_task_group.py for tasks to queue
[2023-12-18T22:43:12.154+0100] {logging_mixin.py:154} INFO - [2023-12-18T22:43:12.154+0100] {dagbag.py:536} INFO - Filling up the DagBag from /Users/user/Desktop/Learning/AIRFLOW-TUTORIAL/py_env/lib/python3.11/site-packages/airflow/example_dags/example_task_group.py
[2023-12-18T22:43:12.191+0100] {processor.py:839} INFO - DAG(s) dict_keys(['example_task_group']) retrieved from /Users/user/Desktop/Learning/AIRFLOW-TUTORIAL/py_env/lib/python3.11/site-packages/airflow/example_dags/example_task_group.py
[2023-12-18T22:43:12.438+0100] {logging_mixin.py:154} INFO - [2023-12-18T22:43:12.437+0100] {dag.py:2941} INFO - Sync 1 DAGs
[2023-12-18T22:43:12.459+0100] {logging_mixin.py:154} INFO - [2023-12-18T22:43:12.459+0100] {dag.py:3722} INFO - Setting next_dagrun for example_task_group to 2023-12-17T21:43:12.459100+00:00, run_after=2023-12-18T21:43:12.459100+00:00
[2023-12-18T22:43:12.494+0100] {processor.py:179} INFO - Processing /Users/user/Desktop/Learning/AIRFLOW-TUTORIAL/py_env/lib/python3.11/site-packages/airflow/example_dags/example_task_group.py took 0.365 seconds
[2023-12-18T22:44:46.169+0100] {processor.py:157} INFO - Started process (PID=28458) to work on /Users/user/Desktop/Learning/AIRFLOW-TUTORIAL/py_env/lib/python3.11/site-packages/airflow/example_dags/example_task_group.py
[2023-12-18T22:44:46.173+0100] {processor.py:829} INFO - Processing file /Users/user/Desktop/Learning/AIRFLOW-TUTORIAL/py_env/lib/python3.11/site-packages/airflow/example_dags/example_task_group.py for tasks to queue
[2023-12-18T22:44:46.174+0100] {logging_mixin.py:154} INFO - [2023-12-18T22:44:46.173+0100] {dagbag.py:536} INFO - Filling up the DagBag from /Users/user/Desktop/Learning/AIRFLOW-TUTORIAL/py_env/lib/python3.11/site-packages/airflow/example_dags/example_task_group.py
[2023-12-18T22:44:46.205+0100] {processor.py:839} INFO - DAG(s) dict_keys(['example_task_group']) retrieved from /Users/user/Desktop/Learning/AIRFLOW-TUTORIAL/py_env/lib/python3.11/site-packages/airflow/example_dags/example_task_group.py
[2023-12-18T22:44:46.387+0100] {logging_mixin.py:154} INFO - [2023-12-18T22:44:46.387+0100] {dag.py:2941} INFO - Sync 1 DAGs
[2023-12-18T22:44:46.405+0100] {logging_mixin.py:154} INFO - [2023-12-18T22:44:46.405+0100] {dag.py:3722} INFO - Setting next_dagrun for example_task_group to 2023-12-17T21:44:46.404914+00:00, run_after=2023-12-18T21:44:46.404914+00:00
[2023-12-18T22:44:46.425+0100] {processor.py:179} INFO - Processing /Users/user/Desktop/Learning/AIRFLOW-TUTORIAL/py_env/lib/python3.11/site-packages/airflow/example_dags/example_task_group.py took 0.256 seconds
[2023-12-18T22:46:22.035+0100] {processor.py:157} INFO - Started process (PID=29272) to work on /Users/user/Desktop/Learning/AIRFLOW-TUTORIAL/py_env/lib/python3.11/site-packages/airflow/example_dags/example_task_group.py
[2023-12-18T22:46:22.039+0100] {processor.py:829} INFO - Processing file /Users/user/Desktop/Learning/AIRFLOW-TUTORIAL/py_env/lib/python3.11/site-packages/airflow/example_dags/example_task_group.py for tasks to queue
[2023-12-18T22:46:22.039+0100] {logging_mixin.py:154} INFO - [2023-12-18T22:46:22.039+0100] {dagbag.py:536} INFO - Filling up the DagBag from /Users/user/Desktop/Learning/AIRFLOW-TUTORIAL/py_env/lib/python3.11/site-packages/airflow/example_dags/example_task_group.py
[2023-12-18T22:46:22.069+0100] {processor.py:839} INFO - DAG(s) dict_keys(['example_task_group']) retrieved from /Users/user/Desktop/Learning/AIRFLOW-TUTORIAL/py_env/lib/python3.11/site-packages/airflow/example_dags/example_task_group.py
[2023-12-18T22:46:22.264+0100] {logging_mixin.py:154} INFO - [2023-12-18T22:46:22.264+0100] {dag.py:2941} INFO - Sync 1 DAGs
[2023-12-18T22:46:22.290+0100] {logging_mixin.py:154} INFO - [2023-12-18T22:46:22.289+0100] {dag.py:3722} INFO - Setting next_dagrun for example_task_group to 2023-12-17T21:46:22.289556+00:00, run_after=2023-12-18T21:46:22.289556+00:00
[2023-12-18T22:46:22.318+0100] {processor.py:179} INFO - Processing /Users/user/Desktop/Learning/AIRFLOW-TUTORIAL/py_env/lib/python3.11/site-packages/airflow/example_dags/example_task_group.py took 0.284 seconds
[2023-12-18T22:48:07.511+0100] {processor.py:157} INFO - Started process (PID=30014) to work on /Users/user/Desktop/Learning/AIRFLOW-TUTORIAL/py_env/lib/python3.11/site-packages/airflow/example_dags/example_task_group.py
[2023-12-18T22:48:07.515+0100] {processor.py:829} INFO - Processing file /Users/user/Desktop/Learning/AIRFLOW-TUTORIAL/py_env/lib/python3.11/site-packages/airflow/example_dags/example_task_group.py for tasks to queue
[2023-12-18T22:48:07.516+0100] {logging_mixin.py:154} INFO - [2023-12-18T22:48:07.516+0100] {dagbag.py:536} INFO - Filling up the DagBag from /Users/user/Desktop/Learning/AIRFLOW-TUTORIAL/py_env/lib/python3.11/site-packages/airflow/example_dags/example_task_group.py
[2023-12-18T22:48:07.550+0100] {processor.py:839} INFO - DAG(s) dict_keys(['example_task_group']) retrieved from /Users/user/Desktop/Learning/AIRFLOW-TUTORIAL/py_env/lib/python3.11/site-packages/airflow/example_dags/example_task_group.py
[2023-12-18T22:48:07.730+0100] {logging_mixin.py:154} INFO - [2023-12-18T22:48:07.729+0100] {dag.py:2941} INFO - Sync 1 DAGs
[2023-12-18T22:48:07.747+0100] {logging_mixin.py:154} INFO - [2023-12-18T22:48:07.747+0100] {dag.py:3722} INFO - Setting next_dagrun for example_task_group to 2023-12-17T21:48:07.747505+00:00, run_after=2023-12-18T21:48:07.747505+00:00
[2023-12-18T22:48:07.769+0100] {processor.py:179} INFO - Processing /Users/user/Desktop/Learning/AIRFLOW-TUTORIAL/py_env/lib/python3.11/site-packages/airflow/example_dags/example_task_group.py took 0.258 seconds
[2023-12-18T22:49:44.024+0100] {processor.py:157} INFO - Started process (PID=30909) to work on /Users/user/Desktop/Learning/AIRFLOW-TUTORIAL/py_env/lib/python3.11/site-packages/airflow/example_dags/example_task_group.py
[2023-12-18T22:49:44.028+0100] {processor.py:829} INFO - Processing file /Users/user/Desktop/Learning/AIRFLOW-TUTORIAL/py_env/lib/python3.11/site-packages/airflow/example_dags/example_task_group.py for tasks to queue
[2023-12-18T22:49:44.029+0100] {logging_mixin.py:154} INFO - [2023-12-18T22:49:44.029+0100] {dagbag.py:536} INFO - Filling up the DagBag from /Users/user/Desktop/Learning/AIRFLOW-TUTORIAL/py_env/lib/python3.11/site-packages/airflow/example_dags/example_task_group.py
[2023-12-18T22:49:44.063+0100] {processor.py:839} INFO - DAG(s) dict_keys(['example_task_group']) retrieved from /Users/user/Desktop/Learning/AIRFLOW-TUTORIAL/py_env/lib/python3.11/site-packages/airflow/example_dags/example_task_group.py
[2023-12-18T22:49:44.253+0100] {logging_mixin.py:154} INFO - [2023-12-18T22:49:44.253+0100] {dag.py:2941} INFO - Sync 1 DAGs
[2023-12-18T22:49:44.271+0100] {logging_mixin.py:154} INFO - [2023-12-18T22:49:44.271+0100] {dag.py:3722} INFO - Setting next_dagrun for example_task_group to 2023-12-17T21:49:44.271067+00:00, run_after=2023-12-18T21:49:44.271067+00:00
[2023-12-18T22:49:44.291+0100] {processor.py:179} INFO - Processing /Users/user/Desktop/Learning/AIRFLOW-TUTORIAL/py_env/lib/python3.11/site-packages/airflow/example_dags/example_task_group.py took 0.267 seconds
[2023-12-18T22:51:25.288+0100] {processor.py:157} INFO - Started process (PID=31629) to work on /Users/user/Desktop/Learning/AIRFLOW-TUTORIAL/py_env/lib/python3.11/site-packages/airflow/example_dags/example_task_group.py
[2023-12-18T22:51:25.294+0100] {processor.py:829} INFO - Processing file /Users/user/Desktop/Learning/AIRFLOW-TUTORIAL/py_env/lib/python3.11/site-packages/airflow/example_dags/example_task_group.py for tasks to queue
[2023-12-18T22:51:25.295+0100] {logging_mixin.py:154} INFO - [2023-12-18T22:51:25.295+0100] {dagbag.py:536} INFO - Filling up the DagBag from /Users/user/Desktop/Learning/AIRFLOW-TUTORIAL/py_env/lib/python3.11/site-packages/airflow/example_dags/example_task_group.py
[2023-12-18T22:51:25.337+0100] {processor.py:839} INFO - DAG(s) dict_keys(['example_task_group']) retrieved from /Users/user/Desktop/Learning/AIRFLOW-TUTORIAL/py_env/lib/python3.11/site-packages/airflow/example_dags/example_task_group.py
[2023-12-18T22:51:25.569+0100] {logging_mixin.py:154} INFO - [2023-12-18T22:51:25.569+0100] {dag.py:2941} INFO - Sync 1 DAGs
[2023-12-18T22:51:25.590+0100] {logging_mixin.py:154} INFO - [2023-12-18T22:51:25.589+0100] {dag.py:3722} INFO - Setting next_dagrun for example_task_group to 2023-12-17T21:51:25.589791+00:00, run_after=2023-12-18T21:51:25.589791+00:00
[2023-12-18T22:51:25.611+0100] {processor.py:179} INFO - Processing /Users/user/Desktop/Learning/AIRFLOW-TUTORIAL/py_env/lib/python3.11/site-packages/airflow/example_dags/example_task_group.py took 0.324 seconds
[2023-12-18T22:53:16.663+0100] {processor.py:157} INFO - Started process (PID=32734) to work on /Users/user/Desktop/Learning/AIRFLOW-TUTORIAL/py_env/lib/python3.11/site-packages/airflow/example_dags/example_task_group.py
[2023-12-18T22:53:16.667+0100] {processor.py:829} INFO - Processing file /Users/user/Desktop/Learning/AIRFLOW-TUTORIAL/py_env/lib/python3.11/site-packages/airflow/example_dags/example_task_group.py for tasks to queue
[2023-12-18T22:53:16.667+0100] {logging_mixin.py:154} INFO - [2023-12-18T22:53:16.667+0100] {dagbag.py:536} INFO - Filling up the DagBag from /Users/user/Desktop/Learning/AIRFLOW-TUTORIAL/py_env/lib/python3.11/site-packages/airflow/example_dags/example_task_group.py
[2023-12-18T22:53:16.698+0100] {processor.py:839} INFO - DAG(s) dict_keys(['example_task_group']) retrieved from /Users/user/Desktop/Learning/AIRFLOW-TUTORIAL/py_env/lib/python3.11/site-packages/airflow/example_dags/example_task_group.py
[2023-12-18T22:53:16.933+0100] {logging_mixin.py:154} INFO - [2023-12-18T22:53:16.932+0100] {dag.py:2941} INFO - Sync 1 DAGs
[2023-12-18T22:53:16.956+0100] {logging_mixin.py:154} INFO - [2023-12-18T22:53:16.955+0100] {dag.py:3722} INFO - Setting next_dagrun for example_task_group to 2023-12-17T21:53:16.955514+00:00, run_after=2023-12-18T21:53:16.955514+00:00
[2023-12-18T22:53:16.987+0100] {processor.py:179} INFO - Processing /Users/user/Desktop/Learning/AIRFLOW-TUTORIAL/py_env/lib/python3.11/site-packages/airflow/example_dags/example_task_group.py took 0.325 seconds
[2023-12-18T22:55:05.981+0100] {processor.py:157} INFO - Started process (PID=33458) to work on /Users/user/Desktop/Learning/AIRFLOW-TUTORIAL/py_env/lib/python3.11/site-packages/airflow/example_dags/example_task_group.py
[2023-12-18T22:55:05.985+0100] {processor.py:829} INFO - Processing file /Users/user/Desktop/Learning/AIRFLOW-TUTORIAL/py_env/lib/python3.11/site-packages/airflow/example_dags/example_task_group.py for tasks to queue
[2023-12-18T22:55:05.986+0100] {logging_mixin.py:154} INFO - [2023-12-18T22:55:05.985+0100] {dagbag.py:536} INFO - Filling up the DagBag from /Users/user/Desktop/Learning/AIRFLOW-TUTORIAL/py_env/lib/python3.11/site-packages/airflow/example_dags/example_task_group.py
[2023-12-18T22:55:06.016+0100] {processor.py:839} INFO - DAG(s) dict_keys(['example_task_group']) retrieved from /Users/user/Desktop/Learning/AIRFLOW-TUTORIAL/py_env/lib/python3.11/site-packages/airflow/example_dags/example_task_group.py
[2023-12-18T22:55:06.223+0100] {logging_mixin.py:154} INFO - [2023-12-18T22:55:06.223+0100] {dag.py:2941} INFO - Sync 1 DAGs
[2023-12-18T22:55:06.242+0100] {logging_mixin.py:154} INFO - [2023-12-18T22:55:06.242+0100] {dag.py:3722} INFO - Setting next_dagrun for example_task_group to 2023-12-17T21:55:06.242138+00:00, run_after=2023-12-18T21:55:06.242138+00:00
[2023-12-18T22:55:06.262+0100] {processor.py:179} INFO - Processing /Users/user/Desktop/Learning/AIRFLOW-TUTORIAL/py_env/lib/python3.11/site-packages/airflow/example_dags/example_task_group.py took 0.282 seconds
[2023-12-18T22:56:49.773+0100] {processor.py:157} INFO - Started process (PID=34277) to work on /Users/user/Desktop/Learning/AIRFLOW-TUTORIAL/py_env/lib/python3.11/site-packages/airflow/example_dags/example_task_group.py
[2023-12-18T22:56:49.777+0100] {processor.py:829} INFO - Processing file /Users/user/Desktop/Learning/AIRFLOW-TUTORIAL/py_env/lib/python3.11/site-packages/airflow/example_dags/example_task_group.py for tasks to queue
[2023-12-18T22:56:49.777+0100] {logging_mixin.py:154} INFO - [2023-12-18T22:56:49.777+0100] {dagbag.py:536} INFO - Filling up the DagBag from /Users/user/Desktop/Learning/AIRFLOW-TUTORIAL/py_env/lib/python3.11/site-packages/airflow/example_dags/example_task_group.py
[2023-12-18T22:56:49.805+0100] {processor.py:839} INFO - DAG(s) dict_keys(['example_task_group']) retrieved from /Users/user/Desktop/Learning/AIRFLOW-TUTORIAL/py_env/lib/python3.11/site-packages/airflow/example_dags/example_task_group.py
[2023-12-18T22:56:49.989+0100] {logging_mixin.py:154} INFO - [2023-12-18T22:56:49.989+0100] {dag.py:2941} INFO - Sync 1 DAGs
[2023-12-18T22:56:50.012+0100] {logging_mixin.py:154} INFO - [2023-12-18T22:56:50.012+0100] {dag.py:3722} INFO - Setting next_dagrun for example_task_group to 2023-12-17T21:56:50.012079+00:00, run_after=2023-12-18T21:56:50.012079+00:00
[2023-12-18T22:56:50.036+0100] {processor.py:179} INFO - Processing /Users/user/Desktop/Learning/AIRFLOW-TUTORIAL/py_env/lib/python3.11/site-packages/airflow/example_dags/example_task_group.py took 0.264 seconds
[2023-12-18T22:58:36.372+0100] {processor.py:157} INFO - Started process (PID=35110) to work on /Users/user/Desktop/Learning/AIRFLOW-TUTORIAL/py_env/lib/python3.11/site-packages/airflow/example_dags/example_task_group.py
[2023-12-18T22:58:36.377+0100] {processor.py:829} INFO - Processing file /Users/user/Desktop/Learning/AIRFLOW-TUTORIAL/py_env/lib/python3.11/site-packages/airflow/example_dags/example_task_group.py for tasks to queue
[2023-12-18T22:58:36.378+0100] {logging_mixin.py:154} INFO - [2023-12-18T22:58:36.377+0100] {dagbag.py:536} INFO - Filling up the DagBag from /Users/user/Desktop/Learning/AIRFLOW-TUTORIAL/py_env/lib/python3.11/site-packages/airflow/example_dags/example_task_group.py
[2023-12-18T22:58:36.415+0100] {processor.py:839} INFO - DAG(s) dict_keys(['example_task_group']) retrieved from /Users/user/Desktop/Learning/AIRFLOW-TUTORIAL/py_env/lib/python3.11/site-packages/airflow/example_dags/example_task_group.py
[2023-12-18T22:58:36.623+0100] {logging_mixin.py:154} INFO - [2023-12-18T22:58:36.623+0100] {dag.py:2941} INFO - Sync 1 DAGs
[2023-12-18T22:58:36.643+0100] {logging_mixin.py:154} INFO - [2023-12-18T22:58:36.643+0100] {dag.py:3722} INFO - Setting next_dagrun for example_task_group to 2023-12-17T21:58:36.643384+00:00, run_after=2023-12-18T21:58:36.643384+00:00
[2023-12-18T22:58:36.666+0100] {processor.py:179} INFO - Processing /Users/user/Desktop/Learning/AIRFLOW-TUTORIAL/py_env/lib/python3.11/site-packages/airflow/example_dags/example_task_group.py took 0.294 seconds
[2023-12-18T23:00:17.746+0100] {processor.py:157} INFO - Started process (PID=35771) to work on /Users/user/Desktop/Learning/AIRFLOW-TUTORIAL/py_env/lib/python3.11/site-packages/airflow/example_dags/example_task_group.py
[2023-12-18T23:00:17.750+0100] {processor.py:829} INFO - Processing file /Users/user/Desktop/Learning/AIRFLOW-TUTORIAL/py_env/lib/python3.11/site-packages/airflow/example_dags/example_task_group.py for tasks to queue
[2023-12-18T23:00:17.751+0100] {logging_mixin.py:154} INFO - [2023-12-18T23:00:17.751+0100] {dagbag.py:536} INFO - Filling up the DagBag from /Users/user/Desktop/Learning/AIRFLOW-TUTORIAL/py_env/lib/python3.11/site-packages/airflow/example_dags/example_task_group.py
[2023-12-18T23:00:17.782+0100] {processor.py:839} INFO - DAG(s) dict_keys(['example_task_group']) retrieved from /Users/user/Desktop/Learning/AIRFLOW-TUTORIAL/py_env/lib/python3.11/site-packages/airflow/example_dags/example_task_group.py
[2023-12-18T23:00:17.968+0100] {logging_mixin.py:154} INFO - [2023-12-18T23:00:17.968+0100] {dag.py:2941} INFO - Sync 1 DAGs
[2023-12-18T23:00:17.986+0100] {logging_mixin.py:154} INFO - [2023-12-18T23:00:17.985+0100] {dag.py:3722} INFO - Setting next_dagrun for example_task_group to 2023-12-17T22:00:17.985815+00:00, run_after=2023-12-18T22:00:17.985815+00:00
[2023-12-18T23:00:18.006+0100] {processor.py:179} INFO - Processing /Users/user/Desktop/Learning/AIRFLOW-TUTORIAL/py_env/lib/python3.11/site-packages/airflow/example_dags/example_task_group.py took 0.260 seconds
[2023-12-18T23:01:59.571+0100] {processor.py:157} INFO - Started process (PID=36513) to work on /Users/user/Desktop/Learning/AIRFLOW-TUTORIAL/py_env/lib/python3.11/site-packages/airflow/example_dags/example_task_group.py
[2023-12-18T23:01:59.575+0100] {processor.py:829} INFO - Processing file /Users/user/Desktop/Learning/AIRFLOW-TUTORIAL/py_env/lib/python3.11/site-packages/airflow/example_dags/example_task_group.py for tasks to queue
[2023-12-18T23:01:59.576+0100] {logging_mixin.py:154} INFO - [2023-12-18T23:01:59.576+0100] {dagbag.py:536} INFO - Filling up the DagBag from /Users/user/Desktop/Learning/AIRFLOW-TUTORIAL/py_env/lib/python3.11/site-packages/airflow/example_dags/example_task_group.py
[2023-12-18T23:01:59.610+0100] {processor.py:839} INFO - DAG(s) dict_keys(['example_task_group']) retrieved from /Users/user/Desktop/Learning/AIRFLOW-TUTORIAL/py_env/lib/python3.11/site-packages/airflow/example_dags/example_task_group.py
[2023-12-18T23:01:59.798+0100] {logging_mixin.py:154} INFO - [2023-12-18T23:01:59.798+0100] {dag.py:2941} INFO - Sync 1 DAGs
[2023-12-18T23:01:59.815+0100] {logging_mixin.py:154} INFO - [2023-12-18T23:01:59.815+0100] {dag.py:3722} INFO - Setting next_dagrun for example_task_group to 2023-12-17T22:01:59.815555+00:00, run_after=2023-12-18T22:01:59.815555+00:00
[2023-12-18T23:01:59.841+0100] {processor.py:179} INFO - Processing /Users/user/Desktop/Learning/AIRFLOW-TUTORIAL/py_env/lib/python3.11/site-packages/airflow/example_dags/example_task_group.py took 0.272 seconds
[2023-12-18T23:03:53.122+0100] {processor.py:157} INFO - Started process (PID=37106) to work on /Users/user/Desktop/Learning/AIRFLOW-TUTORIAL/py_env/lib/python3.11/site-packages/airflow/example_dags/example_task_group.py
[2023-12-18T23:03:53.141+0100] {processor.py:829} INFO - Processing file /Users/user/Desktop/Learning/AIRFLOW-TUTORIAL/py_env/lib/python3.11/site-packages/airflow/example_dags/example_task_group.py for tasks to queue
[2023-12-18T23:03:53.143+0100] {logging_mixin.py:154} INFO - [2023-12-18T23:03:53.142+0100] {dagbag.py:536} INFO - Filling up the DagBag from /Users/user/Desktop/Learning/AIRFLOW-TUTORIAL/py_env/lib/python3.11/site-packages/airflow/example_dags/example_task_group.py
[2023-12-18T23:03:53.243+0100] {processor.py:839} INFO - DAG(s) dict_keys(['example_task_group']) retrieved from /Users/user/Desktop/Learning/AIRFLOW-TUTORIAL/py_env/lib/python3.11/site-packages/airflow/example_dags/example_task_group.py
[2023-12-18T23:03:53.793+0100] {logging_mixin.py:154} INFO - [2023-12-18T23:03:53.792+0100] {dag.py:2941} INFO - Sync 1 DAGs
[2023-12-18T23:03:53.838+0100] {logging_mixin.py:154} INFO - [2023-12-18T23:03:53.837+0100] {dag.py:3722} INFO - Setting next_dagrun for example_task_group to 2023-12-17T22:03:53.837736+00:00, run_after=2023-12-18T22:03:53.837736+00:00
[2023-12-18T23:03:53.897+0100] {processor.py:179} INFO - Processing /Users/user/Desktop/Learning/AIRFLOW-TUTORIAL/py_env/lib/python3.11/site-packages/airflow/example_dags/example_task_group.py took 0.777 seconds
[2023-12-18T23:04:56.051+0100] {processor.py:157} INFO - Started process (PID=37372) to work on /Users/user/Desktop/Learning/AIRFLOW-TUTORIAL/py_env/lib/python3.11/site-packages/airflow/example_dags/example_task_group.py
[2023-12-18T23:04:56.056+0100] {processor.py:829} INFO - Processing file /Users/user/Desktop/Learning/AIRFLOW-TUTORIAL/py_env/lib/python3.11/site-packages/airflow/example_dags/example_task_group.py for tasks to queue
[2023-12-18T23:04:56.057+0100] {logging_mixin.py:154} INFO - [2023-12-18T23:04:56.057+0100] {dagbag.py:536} INFO - Filling up the DagBag from /Users/user/Desktop/Learning/AIRFLOW-TUTORIAL/py_env/lib/python3.11/site-packages/airflow/example_dags/example_task_group.py
[2023-12-18T23:04:56.102+0100] {processor.py:839} INFO - DAG(s) dict_keys(['example_task_group']) retrieved from /Users/user/Desktop/Learning/AIRFLOW-TUTORIAL/py_env/lib/python3.11/site-packages/airflow/example_dags/example_task_group.py
[2023-12-18T23:04:56.389+0100] {logging_mixin.py:154} INFO - [2023-12-18T23:04:56.388+0100] {dag.py:2941} INFO - Sync 1 DAGs
[2023-12-18T23:04:56.443+0100] {logging_mixin.py:154} INFO - [2023-12-18T23:04:56.443+0100] {dag.py:3722} INFO - Setting next_dagrun for example_task_group to 2023-12-17T22:04:56.443074+00:00, run_after=2023-12-18T22:04:56.443074+00:00
[2023-12-18T23:04:56.559+0100] {processor.py:179} INFO - Processing /Users/user/Desktop/Learning/AIRFLOW-TUTORIAL/py_env/lib/python3.11/site-packages/airflow/example_dags/example_task_group.py took 0.509 seconds
[2023-12-18T23:07:20.680+0100] {processor.py:157} INFO - Started process (PID=38501) to work on /Users/user/Desktop/Learning/AIRFLOW-TUTORIAL/py_env/lib/python3.11/site-packages/airflow/example_dags/example_task_group.py
[2023-12-18T23:07:20.685+0100] {processor.py:829} INFO - Processing file /Users/user/Desktop/Learning/AIRFLOW-TUTORIAL/py_env/lib/python3.11/site-packages/airflow/example_dags/example_task_group.py for tasks to queue
[2023-12-18T23:07:20.686+0100] {logging_mixin.py:154} INFO - [2023-12-18T23:07:20.686+0100] {dagbag.py:536} INFO - Filling up the DagBag from /Users/user/Desktop/Learning/AIRFLOW-TUTORIAL/py_env/lib/python3.11/site-packages/airflow/example_dags/example_task_group.py
[2023-12-18T23:07:20.727+0100] {processor.py:839} INFO - DAG(s) dict_keys(['example_task_group']) retrieved from /Users/user/Desktop/Learning/AIRFLOW-TUTORIAL/py_env/lib/python3.11/site-packages/airflow/example_dags/example_task_group.py
[2023-12-18T23:07:20.959+0100] {logging_mixin.py:154} INFO - [2023-12-18T23:07:20.959+0100] {dag.py:2941} INFO - Sync 1 DAGs
[2023-12-18T23:07:20.980+0100] {logging_mixin.py:154} INFO - [2023-12-18T23:07:20.979+0100] {dag.py:3722} INFO - Setting next_dagrun for example_task_group to 2023-12-17T22:07:20.979808+00:00, run_after=2023-12-18T22:07:20.979808+00:00
[2023-12-18T23:07:21.006+0100] {processor.py:179} INFO - Processing /Users/user/Desktop/Learning/AIRFLOW-TUTORIAL/py_env/lib/python3.11/site-packages/airflow/example_dags/example_task_group.py took 0.327 seconds
