[2023-12-18T22:39:13.080+0100] {processor.py:157} INFO - Started process (PID=25691) to work on /Users/user/Desktop/Learning/AIRFLOW-TUTORIAL/py_env/lib/python3.11/site-packages/airflow/example_dags/example_branch_operator_decorator.py
[2023-12-18T22:39:13.086+0100] {processor.py:829} INFO - Processing file /Users/user/Desktop/Learning/AIRFLOW-TUTORIAL/py_env/lib/python3.11/site-packages/airflow/example_dags/example_branch_operator_decorator.py for tasks to queue
[2023-12-18T22:39:13.087+0100] {logging_mixin.py:154} INFO - [2023-12-18T22:39:13.087+0100] {dagbag.py:536} INFO - Filling up the DagBag from /Users/user/Desktop/Learning/AIRFLOW-TUTORIAL/py_env/lib/python3.11/site-packages/airflow/example_dags/example_branch_operator_decorator.py
[2023-12-18T22:39:13.163+0100] {processor.py:839} INFO - DAG(s) dict_keys(['example_branch_python_operator_decorator']) retrieved from /Users/user/Desktop/Learning/AIRFLOW-TUTORIAL/py_env/lib/python3.11/site-packages/airflow/example_dags/example_branch_operator_decorator.py
[2023-12-18T22:39:13.870+0100] {logging_mixin.py:154} INFO - [2023-12-18T22:39:13.870+0100] {manager.py:499} INFO - Created Permission View: %s
[2023-12-18T22:39:13.880+0100] {logging_mixin.py:154} INFO - [2023-12-18T22:39:13.879+0100] {manager.py:499} INFO - Created Permission View: %s
[2023-12-18T22:39:13.888+0100] {logging_mixin.py:154} INFO - [2023-12-18T22:39:13.887+0100] {manager.py:499} INFO - Created Permission View: %s
[2023-12-18T22:39:13.888+0100] {logging_mixin.py:154} INFO - [2023-12-18T22:39:13.888+0100] {dag.py:2941} INFO - Sync 1 DAGs
[2023-12-18T22:39:13.901+0100] {logging_mixin.py:154} INFO - [2023-12-18T22:39:13.901+0100] {dag.py:2963} INFO - Creating ORM DAG for example_branch_python_operator_decorator
[2023-12-18T22:39:13.914+0100] {logging_mixin.py:154} INFO - [2023-12-18T22:39:13.914+0100] {dag.py:3722} INFO - Setting next_dagrun for example_branch_python_operator_decorator to 2023-12-17T00:00:00+00:00, run_after=2023-12-18T00:00:00+00:00
[2023-12-18T22:39:13.935+0100] {processor.py:179} INFO - Processing /Users/user/Desktop/Learning/AIRFLOW-TUTORIAL/py_env/lib/python3.11/site-packages/airflow/example_dags/example_branch_operator_decorator.py took 0.856 seconds
[2023-12-18T22:42:17.316+0100] {processor.py:157} INFO - Started process (PID=27336) to work on /Users/user/Desktop/Learning/AIRFLOW-TUTORIAL/py_env/lib/python3.11/site-packages/airflow/example_dags/example_branch_operator_decorator.py
[2023-12-18T22:42:17.322+0100] {processor.py:829} INFO - Processing file /Users/user/Desktop/Learning/AIRFLOW-TUTORIAL/py_env/lib/python3.11/site-packages/airflow/example_dags/example_branch_operator_decorator.py for tasks to queue
[2023-12-18T22:42:17.323+0100] {logging_mixin.py:154} INFO - [2023-12-18T22:42:17.323+0100] {dagbag.py:536} INFO - Filling up the DagBag from /Users/user/Desktop/Learning/AIRFLOW-TUTORIAL/py_env/lib/python3.11/site-packages/airflow/example_dags/example_branch_operator_decorator.py
[2023-12-18T22:42:17.384+0100] {processor.py:839} INFO - DAG(s) dict_keys(['example_branch_python_operator_decorator']) retrieved from /Users/user/Desktop/Learning/AIRFLOW-TUTORIAL/py_env/lib/python3.11/site-packages/airflow/example_dags/example_branch_operator_decorator.py
[2023-12-18T22:42:17.658+0100] {logging_mixin.py:154} INFO - [2023-12-18T22:42:17.657+0100] {dag.py:2941} INFO - Sync 1 DAGs
[2023-12-18T22:42:17.677+0100] {logging_mixin.py:154} INFO - [2023-12-18T22:42:17.677+0100] {dag.py:3722} INFO - Setting next_dagrun for example_branch_python_operator_decorator to 2023-12-17T00:00:00+00:00, run_after=2023-12-18T00:00:00+00:00
[2023-12-18T22:42:17.698+0100] {processor.py:179} INFO - Processing /Users/user/Desktop/Learning/AIRFLOW-TUTORIAL/py_env/lib/python3.11/site-packages/airflow/example_dags/example_branch_operator_decorator.py took 0.383 seconds
[2023-12-18T22:45:29.688+0100] {processor.py:157} INFO - Started process (PID=28774) to work on /Users/user/Desktop/Learning/AIRFLOW-TUTORIAL/py_env/lib/python3.11/site-packages/airflow/example_dags/example_branch_operator_decorator.py
[2023-12-18T22:45:29.693+0100] {processor.py:829} INFO - Processing file /Users/user/Desktop/Learning/AIRFLOW-TUTORIAL/py_env/lib/python3.11/site-packages/airflow/example_dags/example_branch_operator_decorator.py for tasks to queue
[2023-12-18T22:45:29.694+0100] {logging_mixin.py:154} INFO - [2023-12-18T22:45:29.694+0100] {dagbag.py:536} INFO - Filling up the DagBag from /Users/user/Desktop/Learning/AIRFLOW-TUTORIAL/py_env/lib/python3.11/site-packages/airflow/example_dags/example_branch_operator_decorator.py
[2023-12-18T22:45:29.768+0100] {processor.py:839} INFO - DAG(s) dict_keys(['example_branch_python_operator_decorator']) retrieved from /Users/user/Desktop/Learning/AIRFLOW-TUTORIAL/py_env/lib/python3.11/site-packages/airflow/example_dags/example_branch_operator_decorator.py
[2023-12-18T22:45:29.984+0100] {logging_mixin.py:154} INFO - [2023-12-18T22:45:29.984+0100] {dag.py:2941} INFO - Sync 1 DAGs
[2023-12-18T22:45:30.006+0100] {logging_mixin.py:154} INFO - [2023-12-18T22:45:30.005+0100] {dag.py:3722} INFO - Setting next_dagrun for example_branch_python_operator_decorator to 2023-12-17T00:00:00+00:00, run_after=2023-12-18T00:00:00+00:00
[2023-12-18T22:45:30.031+0100] {processor.py:179} INFO - Processing /Users/user/Desktop/Learning/AIRFLOW-TUTORIAL/py_env/lib/python3.11/site-packages/airflow/example_dags/example_branch_operator_decorator.py took 0.343 seconds
[2023-12-18T22:48:52.031+0100] {processor.py:157} INFO - Started process (PID=30413) to work on /Users/user/Desktop/Learning/AIRFLOW-TUTORIAL/py_env/lib/python3.11/site-packages/airflow/example_dags/example_branch_operator_decorator.py
[2023-12-18T22:48:52.036+0100] {processor.py:829} INFO - Processing file /Users/user/Desktop/Learning/AIRFLOW-TUTORIAL/py_env/lib/python3.11/site-packages/airflow/example_dags/example_branch_operator_decorator.py for tasks to queue
[2023-12-18T22:48:52.037+0100] {logging_mixin.py:154} INFO - [2023-12-18T22:48:52.037+0100] {dagbag.py:536} INFO - Filling up the DagBag from /Users/user/Desktop/Learning/AIRFLOW-TUTORIAL/py_env/lib/python3.11/site-packages/airflow/example_dags/example_branch_operator_decorator.py
[2023-12-18T22:48:52.096+0100] {processor.py:839} INFO - DAG(s) dict_keys(['example_branch_python_operator_decorator']) retrieved from /Users/user/Desktop/Learning/AIRFLOW-TUTORIAL/py_env/lib/python3.11/site-packages/airflow/example_dags/example_branch_operator_decorator.py
[2023-12-18T22:48:52.269+0100] {logging_mixin.py:154} INFO - [2023-12-18T22:48:52.269+0100] {dag.py:2941} INFO - Sync 1 DAGs
[2023-12-18T22:48:52.289+0100] {logging_mixin.py:154} INFO - [2023-12-18T22:48:52.289+0100] {dag.py:3722} INFO - Setting next_dagrun for example_branch_python_operator_decorator to 2023-12-17T00:00:00+00:00, run_after=2023-12-18T00:00:00+00:00
[2023-12-18T22:48:52.308+0100] {processor.py:179} INFO - Processing /Users/user/Desktop/Learning/AIRFLOW-TUTORIAL/py_env/lib/python3.11/site-packages/airflow/example_dags/example_branch_operator_decorator.py took 0.277 seconds
[2023-12-18T22:52:15.323+0100] {processor.py:157} INFO - Started process (PID=32122) to work on /Users/user/Desktop/Learning/AIRFLOW-TUTORIAL/py_env/lib/python3.11/site-packages/airflow/example_dags/example_branch_operator_decorator.py
[2023-12-18T22:52:15.331+0100] {processor.py:829} INFO - Processing file /Users/user/Desktop/Learning/AIRFLOW-TUTORIAL/py_env/lib/python3.11/site-packages/airflow/example_dags/example_branch_operator_decorator.py for tasks to queue
[2023-12-18T22:52:15.332+0100] {logging_mixin.py:154} INFO - [2023-12-18T22:52:15.332+0100] {dagbag.py:536} INFO - Filling up the DagBag from /Users/user/Desktop/Learning/AIRFLOW-TUTORIAL/py_env/lib/python3.11/site-packages/airflow/example_dags/example_branch_operator_decorator.py
[2023-12-18T22:52:15.408+0100] {processor.py:839} INFO - DAG(s) dict_keys(['example_branch_python_operator_decorator']) retrieved from /Users/user/Desktop/Learning/AIRFLOW-TUTORIAL/py_env/lib/python3.11/site-packages/airflow/example_dags/example_branch_operator_decorator.py
[2023-12-18T22:52:15.684+0100] {logging_mixin.py:154} INFO - [2023-12-18T22:52:15.683+0100] {dag.py:2941} INFO - Sync 1 DAGs
[2023-12-18T22:52:15.735+0100] {logging_mixin.py:154} INFO - [2023-12-18T22:52:15.734+0100] {dag.py:3722} INFO - Setting next_dagrun for example_branch_python_operator_decorator to 2023-12-17T00:00:00+00:00, run_after=2023-12-18T00:00:00+00:00
[2023-12-18T22:52:15.913+0100] {processor.py:179} INFO - Processing /Users/user/Desktop/Learning/AIRFLOW-TUTORIAL/py_env/lib/python3.11/site-packages/airflow/example_dags/example_branch_operator_decorator.py took 0.592 seconds
[2023-12-18T22:55:56.320+0100] {processor.py:157} INFO - Started process (PID=33872) to work on /Users/user/Desktop/Learning/AIRFLOW-TUTORIAL/py_env/lib/python3.11/site-packages/airflow/example_dags/example_branch_operator_decorator.py
[2023-12-18T22:55:56.340+0100] {processor.py:829} INFO - Processing file /Users/user/Desktop/Learning/AIRFLOW-TUTORIAL/py_env/lib/python3.11/site-packages/airflow/example_dags/example_branch_operator_decorator.py for tasks to queue
[2023-12-18T22:55:56.364+0100] {logging_mixin.py:154} INFO - [2023-12-18T22:55:56.363+0100] {dagbag.py:536} INFO - Filling up the DagBag from /Users/user/Desktop/Learning/AIRFLOW-TUTORIAL/py_env/lib/python3.11/site-packages/airflow/example_dags/example_branch_operator_decorator.py
[2023-12-18T22:55:56.438+0100] {processor.py:839} INFO - DAG(s) dict_keys(['example_branch_python_operator_decorator']) retrieved from /Users/user/Desktop/Learning/AIRFLOW-TUTORIAL/py_env/lib/python3.11/site-packages/airflow/example_dags/example_branch_operator_decorator.py
[2023-12-18T22:55:56.670+0100] {logging_mixin.py:154} INFO - [2023-12-18T22:55:56.670+0100] {dag.py:2941} INFO - Sync 1 DAGs
[2023-12-18T22:55:56.707+0100] {logging_mixin.py:154} INFO - [2023-12-18T22:55:56.707+0100] {dag.py:3722} INFO - Setting next_dagrun for example_branch_python_operator_decorator to 2023-12-17T00:00:00+00:00, run_after=2023-12-18T00:00:00+00:00
[2023-12-18T22:55:56.864+0100] {processor.py:179} INFO - Processing /Users/user/Desktop/Learning/AIRFLOW-TUTORIAL/py_env/lib/python3.11/site-packages/airflow/example_dags/example_branch_operator_decorator.py took 0.545 seconds
[2023-12-18T22:59:22.129+0100] {processor.py:157} INFO - Started process (PID=35503) to work on /Users/user/Desktop/Learning/AIRFLOW-TUTORIAL/py_env/lib/python3.11/site-packages/airflow/example_dags/example_branch_operator_decorator.py
[2023-12-18T22:59:22.133+0100] {processor.py:829} INFO - Processing file /Users/user/Desktop/Learning/AIRFLOW-TUTORIAL/py_env/lib/python3.11/site-packages/airflow/example_dags/example_branch_operator_decorator.py for tasks to queue
[2023-12-18T22:59:22.133+0100] {logging_mixin.py:154} INFO - [2023-12-18T22:59:22.133+0100] {dagbag.py:536} INFO - Filling up the DagBag from /Users/user/Desktop/Learning/AIRFLOW-TUTORIAL/py_env/lib/python3.11/site-packages/airflow/example_dags/example_branch_operator_decorator.py
[2023-12-18T22:59:22.190+0100] {processor.py:839} INFO - DAG(s) dict_keys(['example_branch_python_operator_decorator']) retrieved from /Users/user/Desktop/Learning/AIRFLOW-TUTORIAL/py_env/lib/python3.11/site-packages/airflow/example_dags/example_branch_operator_decorator.py
[2023-12-18T22:59:22.358+0100] {logging_mixin.py:154} INFO - [2023-12-18T22:59:22.358+0100] {dag.py:2941} INFO - Sync 1 DAGs
[2023-12-18T22:59:22.375+0100] {logging_mixin.py:154} INFO - [2023-12-18T22:59:22.375+0100] {dag.py:3722} INFO - Setting next_dagrun for example_branch_python_operator_decorator to 2023-12-17T00:00:00+00:00, run_after=2023-12-18T00:00:00+00:00
[2023-12-18T22:59:22.393+0100] {processor.py:179} INFO - Processing /Users/user/Desktop/Learning/AIRFLOW-TUTORIAL/py_env/lib/python3.11/site-packages/airflow/example_dags/example_branch_operator_decorator.py took 0.266 seconds
[2023-12-18T23:02:52.899+0100] {processor.py:157} INFO - Started process (PID=36758) to work on /Users/user/Desktop/Learning/AIRFLOW-TUTORIAL/py_env/lib/python3.11/site-packages/airflow/example_dags/example_branch_operator_decorator.py
[2023-12-18T23:02:52.904+0100] {processor.py:829} INFO - Processing file /Users/user/Desktop/Learning/AIRFLOW-TUTORIAL/py_env/lib/python3.11/site-packages/airflow/example_dags/example_branch_operator_decorator.py for tasks to queue
[2023-12-18T23:02:52.905+0100] {logging_mixin.py:154} INFO - [2023-12-18T23:02:52.905+0100] {dagbag.py:536} INFO - Filling up the DagBag from /Users/user/Desktop/Learning/AIRFLOW-TUTORIAL/py_env/lib/python3.11/site-packages/airflow/example_dags/example_branch_operator_decorator.py
[2023-12-18T23:02:53.020+0100] {processor.py:839} INFO - DAG(s) dict_keys(['example_branch_python_operator_decorator']) retrieved from /Users/user/Desktop/Learning/AIRFLOW-TUTORIAL/py_env/lib/python3.11/site-packages/airflow/example_dags/example_branch_operator_decorator.py
[2023-12-18T23:02:53.275+0100] {logging_mixin.py:154} INFO - [2023-12-18T23:02:53.275+0100] {dag.py:2941} INFO - Sync 1 DAGs
[2023-12-18T23:02:53.300+0100] {logging_mixin.py:154} INFO - [2023-12-18T23:02:53.300+0100] {dag.py:3722} INFO - Setting next_dagrun for example_branch_python_operator_decorator to 2023-12-17T00:00:00+00:00, run_after=2023-12-18T00:00:00+00:00
[2023-12-18T23:02:53.328+0100] {processor.py:179} INFO - Processing /Users/user/Desktop/Learning/AIRFLOW-TUTORIAL/py_env/lib/python3.11/site-packages/airflow/example_dags/example_branch_operator_decorator.py took 0.430 seconds
[2023-12-18T23:06:14.515+0100] {processor.py:157} INFO - Started process (PID=38079) to work on /Users/user/Desktop/Learning/AIRFLOW-TUTORIAL/py_env/lib/python3.11/site-packages/airflow/example_dags/example_branch_operator_decorator.py
[2023-12-18T23:06:14.520+0100] {processor.py:829} INFO - Processing file /Users/user/Desktop/Learning/AIRFLOW-TUTORIAL/py_env/lib/python3.11/site-packages/airflow/example_dags/example_branch_operator_decorator.py for tasks to queue
[2023-12-18T23:06:14.521+0100] {logging_mixin.py:154} INFO - [2023-12-18T23:06:14.520+0100] {dagbag.py:536} INFO - Filling up the DagBag from /Users/user/Desktop/Learning/AIRFLOW-TUTORIAL/py_env/lib/python3.11/site-packages/airflow/example_dags/example_branch_operator_decorator.py
[2023-12-18T23:06:14.613+0100] {processor.py:839} INFO - DAG(s) dict_keys(['example_branch_python_operator_decorator']) retrieved from /Users/user/Desktop/Learning/AIRFLOW-TUTORIAL/py_env/lib/python3.11/site-packages/airflow/example_dags/example_branch_operator_decorator.py
[2023-12-18T23:06:14.879+0100] {logging_mixin.py:154} INFO - [2023-12-18T23:06:14.879+0100] {dag.py:2941} INFO - Sync 1 DAGs
[2023-12-18T23:06:14.905+0100] {logging_mixin.py:154} INFO - [2023-12-18T23:06:14.904+0100] {dag.py:3722} INFO - Setting next_dagrun for example_branch_python_operator_decorator to 2023-12-17T00:00:00+00:00, run_after=2023-12-18T00:00:00+00:00
[2023-12-18T23:06:14.928+0100] {processor.py:179} INFO - Processing /Users/user/Desktop/Learning/AIRFLOW-TUTORIAL/py_env/lib/python3.11/site-packages/airflow/example_dags/example_branch_operator_decorator.py took 0.414 seconds
