[2023-12-18T22:37:21.222+0100] {processor.py:157} INFO - Started process (PID=24955) to work on /Users/user/Desktop/Learning/AIRFLOW-TUTORIAL/py_env/lib/python3.11/site-packages/airflow/example_dags/example_trigger_target_dag.py
[2023-12-18T22:37:21.277+0100] {processor.py:829} INFO - Processing file /Users/user/Desktop/Learning/AIRFLOW-TUTORIAL/py_env/lib/python3.11/site-packages/airflow/example_dags/example_trigger_target_dag.py for tasks to queue
[2023-12-18T22:37:21.328+0100] {logging_mixin.py:154} INFO - [2023-12-18T22:37:21.328+0100] {dagbag.py:536} INFO - Filling up the DagBag from /Users/user/Desktop/Learning/AIRFLOW-TUTORIAL/py_env/lib/python3.11/site-packages/airflow/example_dags/example_trigger_target_dag.py
[2023-12-18T22:37:21.431+0100] {processor.py:839} INFO - DAG(s) dict_keys(['example_trigger_target_dag']) retrieved from /Users/user/Desktop/Learning/AIRFLOW-TUTORIAL/py_env/lib/python3.11/site-packages/airflow/example_dags/example_trigger_target_dag.py
[2023-12-18T22:37:22.167+0100] {logging_mixin.py:154} INFO - [2023-12-18T22:37:22.167+0100] {manager.py:499} INFO - Created Permission View: %s
[2023-12-18T22:37:22.209+0100] {logging_mixin.py:154} INFO - [2023-12-18T22:37:22.209+0100] {manager.py:499} INFO - Created Permission View: %s
[2023-12-18T22:37:22.217+0100] {logging_mixin.py:154} INFO - [2023-12-18T22:37:22.217+0100] {manager.py:499} INFO - Created Permission View: %s
[2023-12-18T22:37:22.218+0100] {logging_mixin.py:154} INFO - [2023-12-18T22:37:22.217+0100] {dag.py:2941} INFO - Sync 1 DAGs
[2023-12-18T22:37:22.233+0100] {logging_mixin.py:154} INFO - [2023-12-18T22:37:22.233+0100] {dag.py:2963} INFO - Creating ORM DAG for example_trigger_target_dag
[2023-12-18T22:37:22.233+0100] {logging_mixin.py:154} INFO - [2023-12-18T22:37:22.233+0100] {dag.py:3722} INFO - Setting next_dagrun for example_trigger_target_dag to None, run_after=None
[2023-12-18T22:37:22.261+0100] {processor.py:179} INFO - Processing /Users/user/Desktop/Learning/AIRFLOW-TUTORIAL/py_env/lib/python3.11/site-packages/airflow/example_dags/example_trigger_target_dag.py took 1.040 seconds
[2023-12-18T22:39:59.234+0100] {processor.py:157} INFO - Started process (PID=26109) to work on /Users/user/Desktop/Learning/AIRFLOW-TUTORIAL/py_env/lib/python3.11/site-packages/airflow/example_dags/example_trigger_target_dag.py
[2023-12-18T22:39:59.239+0100] {processor.py:829} INFO - Processing file /Users/user/Desktop/Learning/AIRFLOW-TUTORIAL/py_env/lib/python3.11/site-packages/airflow/example_dags/example_trigger_target_dag.py for tasks to queue
[2023-12-18T22:39:59.239+0100] {logging_mixin.py:154} INFO - [2023-12-18T22:39:59.239+0100] {dagbag.py:536} INFO - Filling up the DagBag from /Users/user/Desktop/Learning/AIRFLOW-TUTORIAL/py_env/lib/python3.11/site-packages/airflow/example_dags/example_trigger_target_dag.py
[2023-12-18T22:39:59.304+0100] {processor.py:839} INFO - DAG(s) dict_keys(['example_trigger_target_dag']) retrieved from /Users/user/Desktop/Learning/AIRFLOW-TUTORIAL/py_env/lib/python3.11/site-packages/airflow/example_dags/example_trigger_target_dag.py
[2023-12-18T22:39:59.546+0100] {logging_mixin.py:154} INFO - [2023-12-18T22:39:59.546+0100] {dag.py:2941} INFO - Sync 1 DAGs
[2023-12-18T22:39:59.556+0100] {logging_mixin.py:154} INFO - [2023-12-18T22:39:59.556+0100] {dag.py:3722} INFO - Setting next_dagrun for example_trigger_target_dag to None, run_after=None
[2023-12-18T22:39:59.580+0100] {processor.py:179} INFO - Processing /Users/user/Desktop/Learning/AIRFLOW-TUTORIAL/py_env/lib/python3.11/site-packages/airflow/example_dags/example_trigger_target_dag.py took 0.346 seconds
[2023-12-18T22:41:29.861+0100] {processor.py:157} INFO - Started process (PID=27021) to work on /Users/user/Desktop/Learning/AIRFLOW-TUTORIAL/py_env/lib/python3.11/site-packages/airflow/example_dags/example_trigger_target_dag.py
[2023-12-18T22:41:29.866+0100] {processor.py:829} INFO - Processing file /Users/user/Desktop/Learning/AIRFLOW-TUTORIAL/py_env/lib/python3.11/site-packages/airflow/example_dags/example_trigger_target_dag.py for tasks to queue
[2023-12-18T22:41:29.867+0100] {logging_mixin.py:154} INFO - [2023-12-18T22:41:29.867+0100] {dagbag.py:536} INFO - Filling up the DagBag from /Users/user/Desktop/Learning/AIRFLOW-TUTORIAL/py_env/lib/python3.11/site-packages/airflow/example_dags/example_trigger_target_dag.py
[2023-12-18T22:41:29.942+0100] {processor.py:839} INFO - DAG(s) dict_keys(['example_trigger_target_dag']) retrieved from /Users/user/Desktop/Learning/AIRFLOW-TUTORIAL/py_env/lib/python3.11/site-packages/airflow/example_dags/example_trigger_target_dag.py
[2023-12-18T22:41:30.163+0100] {logging_mixin.py:154} INFO - [2023-12-18T22:41:30.163+0100] {dag.py:2941} INFO - Sync 1 DAGs
[2023-12-18T22:41:30.174+0100] {logging_mixin.py:154} INFO - [2023-12-18T22:41:30.174+0100] {dag.py:3722} INFO - Setting next_dagrun for example_trigger_target_dag to None, run_after=None
[2023-12-18T22:41:30.194+0100] {processor.py:179} INFO - Processing /Users/user/Desktop/Learning/AIRFLOW-TUTORIAL/py_env/lib/python3.11/site-packages/airflow/example_dags/example_trigger_target_dag.py took 0.335 seconds
[2023-12-18T22:42:59.850+0100] {processor.py:157} INFO - Started process (PID=27655) to work on /Users/user/Desktop/Learning/AIRFLOW-TUTORIAL/py_env/lib/python3.11/site-packages/airflow/example_dags/example_trigger_target_dag.py
[2023-12-18T22:42:59.855+0100] {processor.py:829} INFO - Processing file /Users/user/Desktop/Learning/AIRFLOW-TUTORIAL/py_env/lib/python3.11/site-packages/airflow/example_dags/example_trigger_target_dag.py for tasks to queue
[2023-12-18T22:42:59.856+0100] {logging_mixin.py:154} INFO - [2023-12-18T22:42:59.855+0100] {dagbag.py:536} INFO - Filling up the DagBag from /Users/user/Desktop/Learning/AIRFLOW-TUTORIAL/py_env/lib/python3.11/site-packages/airflow/example_dags/example_trigger_target_dag.py
[2023-12-18T22:42:59.926+0100] {processor.py:839} INFO - DAG(s) dict_keys(['example_trigger_target_dag']) retrieved from /Users/user/Desktop/Learning/AIRFLOW-TUTORIAL/py_env/lib/python3.11/site-packages/airflow/example_dags/example_trigger_target_dag.py
[2023-12-18T22:43:00.142+0100] {logging_mixin.py:154} INFO - [2023-12-18T22:43:00.141+0100] {dag.py:2941} INFO - Sync 1 DAGs
[2023-12-18T22:43:00.154+0100] {logging_mixin.py:154} INFO - [2023-12-18T22:43:00.154+0100] {dag.py:3722} INFO - Setting next_dagrun for example_trigger_target_dag to None, run_after=None
[2023-12-18T22:43:00.177+0100] {processor.py:179} INFO - Processing /Users/user/Desktop/Learning/AIRFLOW-TUTORIAL/py_env/lib/python3.11/site-packages/airflow/example_dags/example_trigger_target_dag.py took 0.328 seconds
[2023-12-18T22:44:35.568+0100] {processor.py:157} INFO - Started process (PID=28363) to work on /Users/user/Desktop/Learning/AIRFLOW-TUTORIAL/py_env/lib/python3.11/site-packages/airflow/example_dags/example_trigger_target_dag.py
[2023-12-18T22:44:35.574+0100] {processor.py:829} INFO - Processing file /Users/user/Desktop/Learning/AIRFLOW-TUTORIAL/py_env/lib/python3.11/site-packages/airflow/example_dags/example_trigger_target_dag.py for tasks to queue
[2023-12-18T22:44:35.575+0100] {logging_mixin.py:154} INFO - [2023-12-18T22:44:35.574+0100] {dagbag.py:536} INFO - Filling up the DagBag from /Users/user/Desktop/Learning/AIRFLOW-TUTORIAL/py_env/lib/python3.11/site-packages/airflow/example_dags/example_trigger_target_dag.py
[2023-12-18T22:44:35.639+0100] {processor.py:839} INFO - DAG(s) dict_keys(['example_trigger_target_dag']) retrieved from /Users/user/Desktop/Learning/AIRFLOW-TUTORIAL/py_env/lib/python3.11/site-packages/airflow/example_dags/example_trigger_target_dag.py
[2023-12-18T22:44:35.827+0100] {logging_mixin.py:154} INFO - [2023-12-18T22:44:35.827+0100] {dag.py:2941} INFO - Sync 1 DAGs
[2023-12-18T22:44:35.838+0100] {logging_mixin.py:154} INFO - [2023-12-18T22:44:35.838+0100] {dag.py:3722} INFO - Setting next_dagrun for example_trigger_target_dag to None, run_after=None
[2023-12-18T22:44:35.857+0100] {processor.py:179} INFO - Processing /Users/user/Desktop/Learning/AIRFLOW-TUTORIAL/py_env/lib/python3.11/site-packages/airflow/example_dags/example_trigger_target_dag.py took 0.291 seconds
[2023-12-18T22:46:11.107+0100] {processor.py:157} INFO - Started process (PID=29176) to work on /Users/user/Desktop/Learning/AIRFLOW-TUTORIAL/py_env/lib/python3.11/site-packages/airflow/example_dags/example_trigger_target_dag.py
[2023-12-18T22:46:11.112+0100] {processor.py:829} INFO - Processing file /Users/user/Desktop/Learning/AIRFLOW-TUTORIAL/py_env/lib/python3.11/site-packages/airflow/example_dags/example_trigger_target_dag.py for tasks to queue
[2023-12-18T22:46:11.113+0100] {logging_mixin.py:154} INFO - [2023-12-18T22:46:11.112+0100] {dagbag.py:536} INFO - Filling up the DagBag from /Users/user/Desktop/Learning/AIRFLOW-TUTORIAL/py_env/lib/python3.11/site-packages/airflow/example_dags/example_trigger_target_dag.py
[2023-12-18T22:46:11.176+0100] {processor.py:839} INFO - DAG(s) dict_keys(['example_trigger_target_dag']) retrieved from /Users/user/Desktop/Learning/AIRFLOW-TUTORIAL/py_env/lib/python3.11/site-packages/airflow/example_dags/example_trigger_target_dag.py
[2023-12-18T22:46:11.352+0100] {logging_mixin.py:154} INFO - [2023-12-18T22:46:11.352+0100] {dag.py:2941} INFO - Sync 1 DAGs
[2023-12-18T22:46:11.363+0100] {logging_mixin.py:154} INFO - [2023-12-18T22:46:11.363+0100] {dag.py:3722} INFO - Setting next_dagrun for example_trigger_target_dag to None, run_after=None
[2023-12-18T22:46:11.383+0100] {processor.py:179} INFO - Processing /Users/user/Desktop/Learning/AIRFLOW-TUTORIAL/py_env/lib/python3.11/site-packages/airflow/example_dags/example_trigger_target_dag.py took 0.277 seconds
[2023-12-18T22:47:55.666+0100] {processor.py:157} INFO - Started process (PID=29917) to work on /Users/user/Desktop/Learning/AIRFLOW-TUTORIAL/py_env/lib/python3.11/site-packages/airflow/example_dags/example_trigger_target_dag.py
[2023-12-18T22:47:55.671+0100] {processor.py:829} INFO - Processing file /Users/user/Desktop/Learning/AIRFLOW-TUTORIAL/py_env/lib/python3.11/site-packages/airflow/example_dags/example_trigger_target_dag.py for tasks to queue
[2023-12-18T22:47:55.671+0100] {logging_mixin.py:154} INFO - [2023-12-18T22:47:55.671+0100] {dagbag.py:536} INFO - Filling up the DagBag from /Users/user/Desktop/Learning/AIRFLOW-TUTORIAL/py_env/lib/python3.11/site-packages/airflow/example_dags/example_trigger_target_dag.py
[2023-12-18T22:47:55.749+0100] {processor.py:839} INFO - DAG(s) dict_keys(['example_trigger_target_dag']) retrieved from /Users/user/Desktop/Learning/AIRFLOW-TUTORIAL/py_env/lib/python3.11/site-packages/airflow/example_dags/example_trigger_target_dag.py
[2023-12-18T22:47:55.989+0100] {logging_mixin.py:154} INFO - [2023-12-18T22:47:55.989+0100] {dag.py:2941} INFO - Sync 1 DAGs
[2023-12-18T22:47:56.001+0100] {logging_mixin.py:154} INFO - [2023-12-18T22:47:56.001+0100] {dag.py:3722} INFO - Setting next_dagrun for example_trigger_target_dag to None, run_after=None
[2023-12-18T22:47:56.034+0100] {processor.py:179} INFO - Processing /Users/user/Desktop/Learning/AIRFLOW-TUTORIAL/py_env/lib/python3.11/site-packages/airflow/example_dags/example_trigger_target_dag.py took 0.369 seconds
[2023-12-18T22:49:32.744+0100] {processor.py:157} INFO - Started process (PID=30808) to work on /Users/user/Desktop/Learning/AIRFLOW-TUTORIAL/py_env/lib/python3.11/site-packages/airflow/example_dags/example_trigger_target_dag.py
[2023-12-18T22:49:32.747+0100] {processor.py:829} INFO - Processing file /Users/user/Desktop/Learning/AIRFLOW-TUTORIAL/py_env/lib/python3.11/site-packages/airflow/example_dags/example_trigger_target_dag.py for tasks to queue
[2023-12-18T22:49:32.748+0100] {logging_mixin.py:154} INFO - [2023-12-18T22:49:32.748+0100] {dagbag.py:536} INFO - Filling up the DagBag from /Users/user/Desktop/Learning/AIRFLOW-TUTORIAL/py_env/lib/python3.11/site-packages/airflow/example_dags/example_trigger_target_dag.py
[2023-12-18T22:49:32.803+0100] {processor.py:839} INFO - DAG(s) dict_keys(['example_trigger_target_dag']) retrieved from /Users/user/Desktop/Learning/AIRFLOW-TUTORIAL/py_env/lib/python3.11/site-packages/airflow/example_dags/example_trigger_target_dag.py
[2023-12-18T22:49:32.969+0100] {logging_mixin.py:154} INFO - [2023-12-18T22:49:32.968+0100] {dag.py:2941} INFO - Sync 1 DAGs
[2023-12-18T22:49:32.979+0100] {logging_mixin.py:154} INFO - [2023-12-18T22:49:32.979+0100] {dag.py:3722} INFO - Setting next_dagrun for example_trigger_target_dag to None, run_after=None
[2023-12-18T22:49:32.997+0100] {processor.py:179} INFO - Processing /Users/user/Desktop/Learning/AIRFLOW-TUTORIAL/py_env/lib/python3.11/site-packages/airflow/example_dags/example_trigger_target_dag.py took 0.254 seconds
[2023-12-18T22:51:14.229+0100] {processor.py:157} INFO - Started process (PID=31533) to work on /Users/user/Desktop/Learning/AIRFLOW-TUTORIAL/py_env/lib/python3.11/site-packages/airflow/example_dags/example_trigger_target_dag.py
[2023-12-18T22:51:14.235+0100] {processor.py:829} INFO - Processing file /Users/user/Desktop/Learning/AIRFLOW-TUTORIAL/py_env/lib/python3.11/site-packages/airflow/example_dags/example_trigger_target_dag.py for tasks to queue
[2023-12-18T22:51:14.236+0100] {logging_mixin.py:154} INFO - [2023-12-18T22:51:14.235+0100] {dagbag.py:536} INFO - Filling up the DagBag from /Users/user/Desktop/Learning/AIRFLOW-TUTORIAL/py_env/lib/python3.11/site-packages/airflow/example_dags/example_trigger_target_dag.py
[2023-12-18T22:51:14.314+0100] {processor.py:839} INFO - DAG(s) dict_keys(['example_trigger_target_dag']) retrieved from /Users/user/Desktop/Learning/AIRFLOW-TUTORIAL/py_env/lib/python3.11/site-packages/airflow/example_dags/example_trigger_target_dag.py
[2023-12-18T22:51:14.584+0100] {logging_mixin.py:154} INFO - [2023-12-18T22:51:14.583+0100] {dag.py:2941} INFO - Sync 1 DAGs
[2023-12-18T22:51:14.597+0100] {logging_mixin.py:154} INFO - [2023-12-18T22:51:14.597+0100] {dag.py:3722} INFO - Setting next_dagrun for example_trigger_target_dag to None, run_after=None
[2023-12-18T22:51:14.621+0100] {processor.py:179} INFO - Processing /Users/user/Desktop/Learning/AIRFLOW-TUTORIAL/py_env/lib/python3.11/site-packages/airflow/example_dags/example_trigger_target_dag.py took 0.393 seconds
[2023-12-18T22:53:04.452+0100] {processor.py:157} INFO - Started process (PID=32543) to work on /Users/user/Desktop/Learning/AIRFLOW-TUTORIAL/py_env/lib/python3.11/site-packages/airflow/example_dags/example_trigger_target_dag.py
[2023-12-18T22:53:04.460+0100] {processor.py:829} INFO - Processing file /Users/user/Desktop/Learning/AIRFLOW-TUTORIAL/py_env/lib/python3.11/site-packages/airflow/example_dags/example_trigger_target_dag.py for tasks to queue
[2023-12-18T22:53:04.461+0100] {logging_mixin.py:154} INFO - [2023-12-18T22:53:04.461+0100] {dagbag.py:536} INFO - Filling up the DagBag from /Users/user/Desktop/Learning/AIRFLOW-TUTORIAL/py_env/lib/python3.11/site-packages/airflow/example_dags/example_trigger_target_dag.py
[2023-12-18T22:53:04.586+0100] {processor.py:839} INFO - DAG(s) dict_keys(['example_trigger_target_dag']) retrieved from /Users/user/Desktop/Learning/AIRFLOW-TUTORIAL/py_env/lib/python3.11/site-packages/airflow/example_dags/example_trigger_target_dag.py
[2023-12-18T22:53:05.225+0100] {logging_mixin.py:154} INFO - [2023-12-18T22:53:05.224+0100] {dag.py:2941} INFO - Sync 1 DAGs
[2023-12-18T22:53:05.238+0100] {logging_mixin.py:154} INFO - [2023-12-18T22:53:05.238+0100] {dag.py:3722} INFO - Setting next_dagrun for example_trigger_target_dag to None, run_after=None
[2023-12-18T22:53:05.267+0100] {processor.py:179} INFO - Processing /Users/user/Desktop/Learning/AIRFLOW-TUTORIAL/py_env/lib/python3.11/site-packages/airflow/example_dags/example_trigger_target_dag.py took 0.816 seconds
[2023-12-18T22:54:54.460+0100] {processor.py:157} INFO - Started process (PID=33362) to work on /Users/user/Desktop/Learning/AIRFLOW-TUTORIAL/py_env/lib/python3.11/site-packages/airflow/example_dags/example_trigger_target_dag.py
[2023-12-18T22:54:54.465+0100] {processor.py:829} INFO - Processing file /Users/user/Desktop/Learning/AIRFLOW-TUTORIAL/py_env/lib/python3.11/site-packages/airflow/example_dags/example_trigger_target_dag.py for tasks to queue
[2023-12-18T22:54:54.466+0100] {logging_mixin.py:154} INFO - [2023-12-18T22:54:54.466+0100] {dagbag.py:536} INFO - Filling up the DagBag from /Users/user/Desktop/Learning/AIRFLOW-TUTORIAL/py_env/lib/python3.11/site-packages/airflow/example_dags/example_trigger_target_dag.py
[2023-12-18T22:54:54.534+0100] {processor.py:839} INFO - DAG(s) dict_keys(['example_trigger_target_dag']) retrieved from /Users/user/Desktop/Learning/AIRFLOW-TUTORIAL/py_env/lib/python3.11/site-packages/airflow/example_dags/example_trigger_target_dag.py
[2023-12-18T22:54:54.715+0100] {logging_mixin.py:154} INFO - [2023-12-18T22:54:54.714+0100] {dag.py:2941} INFO - Sync 1 DAGs
[2023-12-18T22:54:54.725+0100] {logging_mixin.py:154} INFO - [2023-12-18T22:54:54.725+0100] {dag.py:3722} INFO - Setting next_dagrun for example_trigger_target_dag to None, run_after=None
[2023-12-18T22:54:54.748+0100] {processor.py:179} INFO - Processing /Users/user/Desktop/Learning/AIRFLOW-TUTORIAL/py_env/lib/python3.11/site-packages/airflow/example_dags/example_trigger_target_dag.py took 0.288 seconds
[2023-12-18T22:56:40.761+0100] {processor.py:157} INFO - Started process (PID=34177) to work on /Users/user/Desktop/Learning/AIRFLOW-TUTORIAL/py_env/lib/python3.11/site-packages/airflow/example_dags/example_trigger_target_dag.py
[2023-12-18T22:56:40.764+0100] {processor.py:829} INFO - Processing file /Users/user/Desktop/Learning/AIRFLOW-TUTORIAL/py_env/lib/python3.11/site-packages/airflow/example_dags/example_trigger_target_dag.py for tasks to queue
[2023-12-18T22:56:40.765+0100] {logging_mixin.py:154} INFO - [2023-12-18T22:56:40.765+0100] {dagbag.py:536} INFO - Filling up the DagBag from /Users/user/Desktop/Learning/AIRFLOW-TUTORIAL/py_env/lib/python3.11/site-packages/airflow/example_dags/example_trigger_target_dag.py
[2023-12-18T22:56:40.830+0100] {processor.py:839} INFO - DAG(s) dict_keys(['example_trigger_target_dag']) retrieved from /Users/user/Desktop/Learning/AIRFLOW-TUTORIAL/py_env/lib/python3.11/site-packages/airflow/example_dags/example_trigger_target_dag.py
[2023-12-18T22:56:40.998+0100] {logging_mixin.py:154} INFO - [2023-12-18T22:56:40.997+0100] {dag.py:2941} INFO - Sync 1 DAGs
[2023-12-18T22:56:41.007+0100] {logging_mixin.py:154} INFO - [2023-12-18T22:56:41.007+0100] {dag.py:3722} INFO - Setting next_dagrun for example_trigger_target_dag to None, run_after=None
[2023-12-18T22:56:41.026+0100] {processor.py:179} INFO - Processing /Users/user/Desktop/Learning/AIRFLOW-TUTORIAL/py_env/lib/python3.11/site-packages/airflow/example_dags/example_trigger_target_dag.py took 0.266 seconds
[2023-12-18T22:58:24.337+0100] {processor.py:157} INFO - Started process (PID=35003) to work on /Users/user/Desktop/Learning/AIRFLOW-TUTORIAL/py_env/lib/python3.11/site-packages/airflow/example_dags/example_trigger_target_dag.py
[2023-12-18T22:58:24.342+0100] {processor.py:829} INFO - Processing file /Users/user/Desktop/Learning/AIRFLOW-TUTORIAL/py_env/lib/python3.11/site-packages/airflow/example_dags/example_trigger_target_dag.py for tasks to queue
[2023-12-18T22:58:24.342+0100] {logging_mixin.py:154} INFO - [2023-12-18T22:58:24.342+0100] {dagbag.py:536} INFO - Filling up the DagBag from /Users/user/Desktop/Learning/AIRFLOW-TUTORIAL/py_env/lib/python3.11/site-packages/airflow/example_dags/example_trigger_target_dag.py
[2023-12-18T22:58:24.404+0100] {processor.py:839} INFO - DAG(s) dict_keys(['example_trigger_target_dag']) retrieved from /Users/user/Desktop/Learning/AIRFLOW-TUTORIAL/py_env/lib/python3.11/site-packages/airflow/example_dags/example_trigger_target_dag.py
[2023-12-18T22:58:24.596+0100] {logging_mixin.py:154} INFO - [2023-12-18T22:58:24.596+0100] {dag.py:2941} INFO - Sync 1 DAGs
[2023-12-18T22:58:24.611+0100] {logging_mixin.py:154} INFO - [2023-12-18T22:58:24.611+0100] {dag.py:3722} INFO - Setting next_dagrun for example_trigger_target_dag to None, run_after=None
[2023-12-18T22:58:24.642+0100] {processor.py:179} INFO - Processing /Users/user/Desktop/Learning/AIRFLOW-TUTORIAL/py_env/lib/python3.11/site-packages/airflow/example_dags/example_trigger_target_dag.py took 0.305 seconds
[2023-12-18T23:00:08.073+0100] {processor.py:157} INFO - Started process (PID=35674) to work on /Users/user/Desktop/Learning/AIRFLOW-TUTORIAL/py_env/lib/python3.11/site-packages/airflow/example_dags/example_trigger_target_dag.py
[2023-12-18T23:00:08.077+0100] {processor.py:829} INFO - Processing file /Users/user/Desktop/Learning/AIRFLOW-TUTORIAL/py_env/lib/python3.11/site-packages/airflow/example_dags/example_trigger_target_dag.py for tasks to queue
[2023-12-18T23:00:08.077+0100] {logging_mixin.py:154} INFO - [2023-12-18T23:00:08.077+0100] {dagbag.py:536} INFO - Filling up the DagBag from /Users/user/Desktop/Learning/AIRFLOW-TUTORIAL/py_env/lib/python3.11/site-packages/airflow/example_dags/example_trigger_target_dag.py
[2023-12-18T23:00:08.150+0100] {processor.py:839} INFO - DAG(s) dict_keys(['example_trigger_target_dag']) retrieved from /Users/user/Desktop/Learning/AIRFLOW-TUTORIAL/py_env/lib/python3.11/site-packages/airflow/example_dags/example_trigger_target_dag.py
[2023-12-18T23:00:08.361+0100] {logging_mixin.py:154} INFO - [2023-12-18T23:00:08.361+0100] {dag.py:2941} INFO - Sync 1 DAGs
[2023-12-18T23:00:08.370+0100] {logging_mixin.py:154} INFO - [2023-12-18T23:00:08.370+0100] {dag.py:3722} INFO - Setting next_dagrun for example_trigger_target_dag to None, run_after=None
[2023-12-18T23:00:08.392+0100] {processor.py:179} INFO - Processing /Users/user/Desktop/Learning/AIRFLOW-TUTORIAL/py_env/lib/python3.11/site-packages/airflow/example_dags/example_trigger_target_dag.py took 0.320 seconds
[2023-12-18T23:01:48.751+0100] {processor.py:157} INFO - Started process (PID=36414) to work on /Users/user/Desktop/Learning/AIRFLOW-TUTORIAL/py_env/lib/python3.11/site-packages/airflow/example_dags/example_trigger_target_dag.py
[2023-12-18T23:01:48.756+0100] {processor.py:829} INFO - Processing file /Users/user/Desktop/Learning/AIRFLOW-TUTORIAL/py_env/lib/python3.11/site-packages/airflow/example_dags/example_trigger_target_dag.py for tasks to queue
[2023-12-18T23:01:48.757+0100] {logging_mixin.py:154} INFO - [2023-12-18T23:01:48.757+0100] {dagbag.py:536} INFO - Filling up the DagBag from /Users/user/Desktop/Learning/AIRFLOW-TUTORIAL/py_env/lib/python3.11/site-packages/airflow/example_dags/example_trigger_target_dag.py
[2023-12-18T23:01:48.832+0100] {processor.py:839} INFO - DAG(s) dict_keys(['example_trigger_target_dag']) retrieved from /Users/user/Desktop/Learning/AIRFLOW-TUTORIAL/py_env/lib/python3.11/site-packages/airflow/example_dags/example_trigger_target_dag.py
[2023-12-18T23:01:49.075+0100] {logging_mixin.py:154} INFO - [2023-12-18T23:01:49.075+0100] {dag.py:2941} INFO - Sync 1 DAGs
[2023-12-18T23:01:49.089+0100] {logging_mixin.py:154} INFO - [2023-12-18T23:01:49.088+0100] {dag.py:3722} INFO - Setting next_dagrun for example_trigger_target_dag to None, run_after=None
[2023-12-18T23:01:49.113+0100] {processor.py:179} INFO - Processing /Users/user/Desktop/Learning/AIRFLOW-TUTORIAL/py_env/lib/python3.11/site-packages/airflow/example_dags/example_trigger_target_dag.py took 0.363 seconds
[2023-12-18T23:03:40.826+0100] {processor.py:157} INFO - Started process (PID=37095) to work on /Users/user/Desktop/Learning/AIRFLOW-TUTORIAL/py_env/lib/python3.11/site-packages/airflow/example_dags/example_trigger_target_dag.py
[2023-12-18T23:03:40.833+0100] {processor.py:829} INFO - Processing file /Users/user/Desktop/Learning/AIRFLOW-TUTORIAL/py_env/lib/python3.11/site-packages/airflow/example_dags/example_trigger_target_dag.py for tasks to queue
[2023-12-18T23:03:40.834+0100] {logging_mixin.py:154} INFO - [2023-12-18T23:03:40.833+0100] {dagbag.py:536} INFO - Filling up the DagBag from /Users/user/Desktop/Learning/AIRFLOW-TUTORIAL/py_env/lib/python3.11/site-packages/airflow/example_dags/example_trigger_target_dag.py
[2023-12-18T23:03:40.932+0100] {processor.py:839} INFO - DAG(s) dict_keys(['example_trigger_target_dag']) retrieved from /Users/user/Desktop/Learning/AIRFLOW-TUTORIAL/py_env/lib/python3.11/site-packages/airflow/example_dags/example_trigger_target_dag.py
[2023-12-18T23:03:41.217+0100] {logging_mixin.py:154} INFO - [2023-12-18T23:03:41.216+0100] {dag.py:2941} INFO - Sync 1 DAGs
[2023-12-18T23:03:41.260+0100] {logging_mixin.py:154} INFO - [2023-12-18T23:03:41.260+0100] {dag.py:3722} INFO - Setting next_dagrun for example_trigger_target_dag to None, run_after=None
[2023-12-18T23:03:41.355+0100] {processor.py:179} INFO - Processing /Users/user/Desktop/Learning/AIRFLOW-TUTORIAL/py_env/lib/python3.11/site-packages/airflow/example_dags/example_trigger_target_dag.py took 0.530 seconds
[2023-12-18T23:04:42.202+0100] {processor.py:157} INFO - Started process (PID=37360) to work on /Users/user/Desktop/Learning/AIRFLOW-TUTORIAL/py_env/lib/python3.11/site-packages/airflow/example_dags/example_trigger_target_dag.py
[2023-12-18T23:04:42.208+0100] {processor.py:829} INFO - Processing file /Users/user/Desktop/Learning/AIRFLOW-TUTORIAL/py_env/lib/python3.11/site-packages/airflow/example_dags/example_trigger_target_dag.py for tasks to queue
[2023-12-18T23:04:42.209+0100] {logging_mixin.py:154} INFO - [2023-12-18T23:04:42.209+0100] {dagbag.py:536} INFO - Filling up the DagBag from /Users/user/Desktop/Learning/AIRFLOW-TUTORIAL/py_env/lib/python3.11/site-packages/airflow/example_dags/example_trigger_target_dag.py
[2023-12-18T23:04:42.288+0100] {processor.py:839} INFO - DAG(s) dict_keys(['example_trigger_target_dag']) retrieved from /Users/user/Desktop/Learning/AIRFLOW-TUTORIAL/py_env/lib/python3.11/site-packages/airflow/example_dags/example_trigger_target_dag.py
[2023-12-18T23:04:42.493+0100] {logging_mixin.py:154} INFO - [2023-12-18T23:04:42.493+0100] {dag.py:2941} INFO - Sync 1 DAGs
[2023-12-18T23:04:42.508+0100] {logging_mixin.py:154} INFO - [2023-12-18T23:04:42.508+0100] {dag.py:3722} INFO - Setting next_dagrun for example_trigger_target_dag to None, run_after=None
[2023-12-18T23:04:42.564+0100] {processor.py:179} INFO - Processing /Users/user/Desktop/Learning/AIRFLOW-TUTORIAL/py_env/lib/python3.11/site-packages/airflow/example_dags/example_trigger_target_dag.py took 0.363 seconds
[2023-12-18T23:07:08.765+0100] {processor.py:157} INFO - Started process (PID=38309) to work on /Users/user/Desktop/Learning/AIRFLOW-TUTORIAL/py_env/lib/python3.11/site-packages/airflow/example_dags/example_trigger_target_dag.py
[2023-12-18T23:07:08.770+0100] {processor.py:829} INFO - Processing file /Users/user/Desktop/Learning/AIRFLOW-TUTORIAL/py_env/lib/python3.11/site-packages/airflow/example_dags/example_trigger_target_dag.py for tasks to queue
[2023-12-18T23:07:08.771+0100] {logging_mixin.py:154} INFO - [2023-12-18T23:07:08.770+0100] {dagbag.py:536} INFO - Filling up the DagBag from /Users/user/Desktop/Learning/AIRFLOW-TUTORIAL/py_env/lib/python3.11/site-packages/airflow/example_dags/example_trigger_target_dag.py
[2023-12-18T23:07:08.842+0100] {processor.py:839} INFO - DAG(s) dict_keys(['example_trigger_target_dag']) retrieved from /Users/user/Desktop/Learning/AIRFLOW-TUTORIAL/py_env/lib/python3.11/site-packages/airflow/example_dags/example_trigger_target_dag.py
[2023-12-18T23:07:09.100+0100] {logging_mixin.py:154} INFO - [2023-12-18T23:07:09.100+0100] {dag.py:2941} INFO - Sync 1 DAGs
[2023-12-18T23:07:09.111+0100] {logging_mixin.py:154} INFO - [2023-12-18T23:07:09.111+0100] {dag.py:3722} INFO - Setting next_dagrun for example_trigger_target_dag to None, run_after=None
[2023-12-18T23:07:09.136+0100] {processor.py:179} INFO - Processing /Users/user/Desktop/Learning/AIRFLOW-TUTORIAL/py_env/lib/python3.11/site-packages/airflow/example_dags/example_trigger_target_dag.py took 0.372 seconds
