[2023-12-18T22:38:34.993+0100] {processor.py:157} INFO - Started process (PID=25308) to work on /Users/user/Desktop/Learning/AIRFLOW-TUTORIAL/py_env/lib/python3.11/site-packages/airflow/example_dags/example_nested_branch_dag.py
[2023-12-18T22:38:34.998+0100] {processor.py:829} INFO - Processing file /Users/user/Desktop/Learning/AIRFLOW-TUTORIAL/py_env/lib/python3.11/site-packages/airflow/example_dags/example_nested_branch_dag.py for tasks to queue
[2023-12-18T22:38:34.998+0100] {logging_mixin.py:154} INFO - [2023-12-18T22:38:34.998+0100] {dagbag.py:536} INFO - Filling up the DagBag from /Users/user/Desktop/Learning/AIRFLOW-TUTORIAL/py_env/lib/python3.11/site-packages/airflow/example_dags/example_nested_branch_dag.py
[2023-12-18T22:38:35.070+0100] {processor.py:839} INFO - DAG(s) dict_keys(['example_nested_branch_dag']) retrieved from /Users/user/Desktop/Learning/AIRFLOW-TUTORIAL/py_env/lib/python3.11/site-packages/airflow/example_dags/example_nested_branch_dag.py
[2023-12-18T22:38:35.805+0100] {logging_mixin.py:154} INFO - [2023-12-18T22:38:35.805+0100] {manager.py:499} INFO - Created Permission View: %s
[2023-12-18T22:38:35.815+0100] {logging_mixin.py:154} INFO - [2023-12-18T22:38:35.815+0100] {manager.py:499} INFO - Created Permission View: %s
[2023-12-18T22:38:35.822+0100] {logging_mixin.py:154} INFO - [2023-12-18T22:38:35.821+0100] {manager.py:499} INFO - Created Permission View: %s
[2023-12-18T22:38:35.822+0100] {logging_mixin.py:154} INFO - [2023-12-18T22:38:35.822+0100] {dag.py:2941} INFO - Sync 1 DAGs
[2023-12-18T22:38:35.833+0100] {logging_mixin.py:154} INFO - [2023-12-18T22:38:35.832+0100] {dag.py:2963} INFO - Creating ORM DAG for example_nested_branch_dag
[2023-12-18T22:38:35.842+0100] {logging_mixin.py:154} INFO - [2023-12-18T22:38:35.842+0100] {dag.py:3722} INFO - Setting next_dagrun for example_nested_branch_dag to 2023-12-17T00:00:00+00:00, run_after=2023-12-18T00:00:00+00:00
[2023-12-18T22:38:35.861+0100] {processor.py:179} INFO - Processing /Users/user/Desktop/Learning/AIRFLOW-TUTORIAL/py_env/lib/python3.11/site-packages/airflow/example_dags/example_nested_branch_dag.py took 0.869 seconds
[2023-12-18T22:40:48.039+0100] {processor.py:157} INFO - Started process (PID=26610) to work on /Users/user/Desktop/Learning/AIRFLOW-TUTORIAL/py_env/lib/python3.11/site-packages/airflow/example_dags/example_nested_branch_dag.py
[2023-12-18T22:40:48.043+0100] {processor.py:829} INFO - Processing file /Users/user/Desktop/Learning/AIRFLOW-TUTORIAL/py_env/lib/python3.11/site-packages/airflow/example_dags/example_nested_branch_dag.py for tasks to queue
[2023-12-18T22:40:48.043+0100] {logging_mixin.py:154} INFO - [2023-12-18T22:40:48.043+0100] {dagbag.py:536} INFO - Filling up the DagBag from /Users/user/Desktop/Learning/AIRFLOW-TUTORIAL/py_env/lib/python3.11/site-packages/airflow/example_dags/example_nested_branch_dag.py
[2023-12-18T22:40:48.097+0100] {processor.py:839} INFO - DAG(s) dict_keys(['example_nested_branch_dag']) retrieved from /Users/user/Desktop/Learning/AIRFLOW-TUTORIAL/py_env/lib/python3.11/site-packages/airflow/example_dags/example_nested_branch_dag.py
[2023-12-18T22:40:48.244+0100] {logging_mixin.py:154} INFO - [2023-12-18T22:40:48.244+0100] {dag.py:2941} INFO - Sync 1 DAGs
[2023-12-18T22:40:48.259+0100] {logging_mixin.py:154} INFO - [2023-12-18T22:40:48.259+0100] {dag.py:3722} INFO - Setting next_dagrun for example_nested_branch_dag to 2023-12-17T00:00:00+00:00, run_after=2023-12-18T00:00:00+00:00
[2023-12-18T22:40:48.276+0100] {processor.py:179} INFO - Processing /Users/user/Desktop/Learning/AIRFLOW-TUTORIAL/py_env/lib/python3.11/site-packages/airflow/example_dags/example_nested_branch_dag.py took 0.238 seconds
[2023-12-18T22:43:47.778+0100] {processor.py:157} INFO - Started process (PID=27958) to work on /Users/user/Desktop/Learning/AIRFLOW-TUTORIAL/py_env/lib/python3.11/site-packages/airflow/example_dags/example_nested_branch_dag.py
[2023-12-18T22:43:47.783+0100] {processor.py:829} INFO - Processing file /Users/user/Desktop/Learning/AIRFLOW-TUTORIAL/py_env/lib/python3.11/site-packages/airflow/example_dags/example_nested_branch_dag.py for tasks to queue
[2023-12-18T22:43:47.784+0100] {logging_mixin.py:154} INFO - [2023-12-18T22:43:47.783+0100] {dagbag.py:536} INFO - Filling up the DagBag from /Users/user/Desktop/Learning/AIRFLOW-TUTORIAL/py_env/lib/python3.11/site-packages/airflow/example_dags/example_nested_branch_dag.py
[2023-12-18T22:43:47.846+0100] {processor.py:839} INFO - DAG(s) dict_keys(['example_nested_branch_dag']) retrieved from /Users/user/Desktop/Learning/AIRFLOW-TUTORIAL/py_env/lib/python3.11/site-packages/airflow/example_dags/example_nested_branch_dag.py
[2023-12-18T22:43:48.048+0100] {logging_mixin.py:154} INFO - [2023-12-18T22:43:48.048+0100] {dag.py:2941} INFO - Sync 1 DAGs
[2023-12-18T22:43:48.069+0100] {logging_mixin.py:154} INFO - [2023-12-18T22:43:48.068+0100] {dag.py:3722} INFO - Setting next_dagrun for example_nested_branch_dag to 2023-12-17T00:00:00+00:00, run_after=2023-12-18T00:00:00+00:00
[2023-12-18T22:43:48.095+0100] {processor.py:179} INFO - Processing /Users/user/Desktop/Learning/AIRFLOW-TUTORIAL/py_env/lib/python3.11/site-packages/airflow/example_dags/example_nested_branch_dag.py took 0.318 seconds
[2023-12-18T22:47:02.271+0100] {processor.py:157} INFO - Started process (PID=29415) to work on /Users/user/Desktop/Learning/AIRFLOW-TUTORIAL/py_env/lib/python3.11/site-packages/airflow/example_dags/example_nested_branch_dag.py
[2023-12-18T22:47:02.278+0100] {processor.py:829} INFO - Processing file /Users/user/Desktop/Learning/AIRFLOW-TUTORIAL/py_env/lib/python3.11/site-packages/airflow/example_dags/example_nested_branch_dag.py for tasks to queue
[2023-12-18T22:47:02.279+0100] {logging_mixin.py:154} INFO - [2023-12-18T22:47:02.279+0100] {dagbag.py:536} INFO - Filling up the DagBag from /Users/user/Desktop/Learning/AIRFLOW-TUTORIAL/py_env/lib/python3.11/site-packages/airflow/example_dags/example_nested_branch_dag.py
[2023-12-18T22:47:02.392+0100] {processor.py:839} INFO - DAG(s) dict_keys(['example_nested_branch_dag']) retrieved from /Users/user/Desktop/Learning/AIRFLOW-TUTORIAL/py_env/lib/python3.11/site-packages/airflow/example_dags/example_nested_branch_dag.py
[2023-12-18T22:47:02.700+0100] {logging_mixin.py:154} INFO - [2023-12-18T22:47:02.700+0100] {dag.py:2941} INFO - Sync 1 DAGs
[2023-12-18T22:47:02.743+0100] {logging_mixin.py:154} INFO - [2023-12-18T22:47:02.743+0100] {dag.py:3722} INFO - Setting next_dagrun for example_nested_branch_dag to 2023-12-17T00:00:00+00:00, run_after=2023-12-18T00:00:00+00:00
[2023-12-18T22:47:02.772+0100] {processor.py:179} INFO - Processing /Users/user/Desktop/Learning/AIRFLOW-TUTORIAL/py_env/lib/python3.11/site-packages/airflow/example_dags/example_nested_branch_dag.py took 0.503 seconds
[2023-12-18T22:50:15.012+0100] {processor.py:157} INFO - Started process (PID=31194) to work on /Users/user/Desktop/Learning/AIRFLOW-TUTORIAL/py_env/lib/python3.11/site-packages/airflow/example_dags/example_nested_branch_dag.py
[2023-12-18T22:50:15.019+0100] {processor.py:829} INFO - Processing file /Users/user/Desktop/Learning/AIRFLOW-TUTORIAL/py_env/lib/python3.11/site-packages/airflow/example_dags/example_nested_branch_dag.py for tasks to queue
[2023-12-18T22:50:15.020+0100] {logging_mixin.py:154} INFO - [2023-12-18T22:50:15.020+0100] {dagbag.py:536} INFO - Filling up the DagBag from /Users/user/Desktop/Learning/AIRFLOW-TUTORIAL/py_env/lib/python3.11/site-packages/airflow/example_dags/example_nested_branch_dag.py
[2023-12-18T22:50:15.117+0100] {processor.py:839} INFO - DAG(s) dict_keys(['example_nested_branch_dag']) retrieved from /Users/user/Desktop/Learning/AIRFLOW-TUTORIAL/py_env/lib/python3.11/site-packages/airflow/example_dags/example_nested_branch_dag.py
[2023-12-18T22:50:15.392+0100] {logging_mixin.py:154} INFO - [2023-12-18T22:50:15.391+0100] {dag.py:2941} INFO - Sync 1 DAGs
[2023-12-18T22:50:15.417+0100] {logging_mixin.py:154} INFO - [2023-12-18T22:50:15.417+0100] {dag.py:3722} INFO - Setting next_dagrun for example_nested_branch_dag to 2023-12-17T00:00:00+00:00, run_after=2023-12-18T00:00:00+00:00
[2023-12-18T22:50:15.446+0100] {processor.py:179} INFO - Processing /Users/user/Desktop/Learning/AIRFLOW-TUTORIAL/py_env/lib/python3.11/site-packages/airflow/example_dags/example_nested_branch_dag.py took 0.435 seconds
[2023-12-18T22:53:57.874+0100] {processor.py:157} INFO - Started process (PID=33049) to work on /Users/user/Desktop/Learning/AIRFLOW-TUTORIAL/py_env/lib/python3.11/site-packages/airflow/example_dags/example_nested_branch_dag.py
[2023-12-18T22:53:57.887+0100] {processor.py:829} INFO - Processing file /Users/user/Desktop/Learning/AIRFLOW-TUTORIAL/py_env/lib/python3.11/site-packages/airflow/example_dags/example_nested_branch_dag.py for tasks to queue
[2023-12-18T22:53:57.887+0100] {logging_mixin.py:154} INFO - [2023-12-18T22:53:57.887+0100] {dagbag.py:536} INFO - Filling up the DagBag from /Users/user/Desktop/Learning/AIRFLOW-TUTORIAL/py_env/lib/python3.11/site-packages/airflow/example_dags/example_nested_branch_dag.py
[2023-12-18T22:53:57.991+0100] {processor.py:839} INFO - DAG(s) dict_keys(['example_nested_branch_dag']) retrieved from /Users/user/Desktop/Learning/AIRFLOW-TUTORIAL/py_env/lib/python3.11/site-packages/airflow/example_dags/example_nested_branch_dag.py
[2023-12-18T22:53:58.235+0100] {logging_mixin.py:154} INFO - [2023-12-18T22:53:58.234+0100] {dag.py:2941} INFO - Sync 1 DAGs
[2023-12-18T22:53:58.256+0100] {logging_mixin.py:154} INFO - [2023-12-18T22:53:58.255+0100] {dag.py:3722} INFO - Setting next_dagrun for example_nested_branch_dag to 2023-12-17T00:00:00+00:00, run_after=2023-12-18T00:00:00+00:00
[2023-12-18T22:53:58.279+0100] {processor.py:179} INFO - Processing /Users/user/Desktop/Learning/AIRFLOW-TUTORIAL/py_env/lib/python3.11/site-packages/airflow/example_dags/example_nested_branch_dag.py took 0.407 seconds
[2023-12-18T22:57:22.574+0100] {processor.py:157} INFO - Started process (PID=34571) to work on /Users/user/Desktop/Learning/AIRFLOW-TUTORIAL/py_env/lib/python3.11/site-packages/airflow/example_dags/example_nested_branch_dag.py
[2023-12-18T22:57:22.578+0100] {processor.py:829} INFO - Processing file /Users/user/Desktop/Learning/AIRFLOW-TUTORIAL/py_env/lib/python3.11/site-packages/airflow/example_dags/example_nested_branch_dag.py for tasks to queue
[2023-12-18T22:57:22.579+0100] {logging_mixin.py:154} INFO - [2023-12-18T22:57:22.579+0100] {dagbag.py:536} INFO - Filling up the DagBag from /Users/user/Desktop/Learning/AIRFLOW-TUTORIAL/py_env/lib/python3.11/site-packages/airflow/example_dags/example_nested_branch_dag.py
[2023-12-18T22:57:22.648+0100] {processor.py:839} INFO - DAG(s) dict_keys(['example_nested_branch_dag']) retrieved from /Users/user/Desktop/Learning/AIRFLOW-TUTORIAL/py_env/lib/python3.11/site-packages/airflow/example_dags/example_nested_branch_dag.py
[2023-12-18T22:57:22.859+0100] {logging_mixin.py:154} INFO - [2023-12-18T22:57:22.859+0100] {dag.py:2941} INFO - Sync 1 DAGs
[2023-12-18T22:57:22.880+0100] {logging_mixin.py:154} INFO - [2023-12-18T22:57:22.880+0100] {dag.py:3722} INFO - Setting next_dagrun for example_nested_branch_dag to 2023-12-17T00:00:00+00:00, run_after=2023-12-18T00:00:00+00:00
[2023-12-18T22:57:22.901+0100] {processor.py:179} INFO - Processing /Users/user/Desktop/Learning/AIRFLOW-TUTORIAL/py_env/lib/python3.11/site-packages/airflow/example_dags/example_nested_branch_dag.py took 0.327 seconds
[2023-12-18T23:00:53.283+0100] {processor.py:157} INFO - Started process (PID=36003) to work on /Users/user/Desktop/Learning/AIRFLOW-TUTORIAL/py_env/lib/python3.11/site-packages/airflow/example_dags/example_nested_branch_dag.py
[2023-12-18T23:00:53.308+0100] {processor.py:829} INFO - Processing file /Users/user/Desktop/Learning/AIRFLOW-TUTORIAL/py_env/lib/python3.11/site-packages/airflow/example_dags/example_nested_branch_dag.py for tasks to queue
[2023-12-18T23:00:53.309+0100] {logging_mixin.py:154} INFO - [2023-12-18T23:00:53.309+0100] {dagbag.py:536} INFO - Filling up the DagBag from /Users/user/Desktop/Learning/AIRFLOW-TUTORIAL/py_env/lib/python3.11/site-packages/airflow/example_dags/example_nested_branch_dag.py
[2023-12-18T23:00:53.398+0100] {processor.py:839} INFO - DAG(s) dict_keys(['example_nested_branch_dag']) retrieved from /Users/user/Desktop/Learning/AIRFLOW-TUTORIAL/py_env/lib/python3.11/site-packages/airflow/example_dags/example_nested_branch_dag.py
[2023-12-18T23:00:53.686+0100] {logging_mixin.py:154} INFO - [2023-12-18T23:00:53.686+0100] {dag.py:2941} INFO - Sync 1 DAGs
[2023-12-18T23:00:53.740+0100] {logging_mixin.py:154} INFO - [2023-12-18T23:00:53.739+0100] {dag.py:3722} INFO - Setting next_dagrun for example_nested_branch_dag to 2023-12-17T00:00:00+00:00, run_after=2023-12-18T00:00:00+00:00
[2023-12-18T23:00:53.875+0100] {processor.py:179} INFO - Processing /Users/user/Desktop/Learning/AIRFLOW-TUTORIAL/py_env/lib/python3.11/site-packages/airflow/example_dags/example_nested_branch_dag.py took 0.593 seconds
[2023-12-18T23:05:41.390+0100] {processor.py:157} INFO - Started process (PID=37788) to work on /Users/user/Desktop/Learning/AIRFLOW-TUTORIAL/py_env/lib/python3.11/site-packages/airflow/example_dags/example_nested_branch_dag.py
[2023-12-18T23:05:41.397+0100] {processor.py:829} INFO - Processing file /Users/user/Desktop/Learning/AIRFLOW-TUTORIAL/py_env/lib/python3.11/site-packages/airflow/example_dags/example_nested_branch_dag.py for tasks to queue
[2023-12-18T23:05:41.397+0100] {logging_mixin.py:154} INFO - [2023-12-18T23:05:41.397+0100] {dagbag.py:536} INFO - Filling up the DagBag from /Users/user/Desktop/Learning/AIRFLOW-TUTORIAL/py_env/lib/python3.11/site-packages/airflow/example_dags/example_nested_branch_dag.py
[2023-12-18T23:05:41.489+0100] {processor.py:839} INFO - DAG(s) dict_keys(['example_nested_branch_dag']) retrieved from /Users/user/Desktop/Learning/AIRFLOW-TUTORIAL/py_env/lib/python3.11/site-packages/airflow/example_dags/example_nested_branch_dag.py
[2023-12-18T23:05:41.761+0100] {logging_mixin.py:154} INFO - [2023-12-18T23:05:41.761+0100] {dag.py:2941} INFO - Sync 1 DAGs
[2023-12-18T23:05:41.790+0100] {logging_mixin.py:154} INFO - [2023-12-18T23:05:41.790+0100] {dag.py:3722} INFO - Setting next_dagrun for example_nested_branch_dag to 2023-12-17T00:00:00+00:00, run_after=2023-12-18T00:00:00+00:00
[2023-12-18T23:05:41.816+0100] {processor.py:179} INFO - Processing /Users/user/Desktop/Learning/AIRFLOW-TUTORIAL/py_env/lib/python3.11/site-packages/airflow/example_dags/example_nested_branch_dag.py took 0.427 seconds
[2023-12-18T23:07:59.348+0100] {processor.py:157} INFO - Started process (PID=38812) to work on /Users/user/Desktop/Learning/AIRFLOW-TUTORIAL/py_env/lib/python3.11/site-packages/airflow/example_dags/example_nested_branch_dag.py
[2023-12-18T23:07:59.352+0100] {processor.py:829} INFO - Processing file /Users/user/Desktop/Learning/AIRFLOW-TUTORIAL/py_env/lib/python3.11/site-packages/airflow/example_dags/example_nested_branch_dag.py for tasks to queue
[2023-12-18T23:07:59.352+0100] {logging_mixin.py:154} INFO - [2023-12-18T23:07:59.352+0100] {dagbag.py:536} INFO - Filling up the DagBag from /Users/user/Desktop/Learning/AIRFLOW-TUTORIAL/py_env/lib/python3.11/site-packages/airflow/example_dags/example_nested_branch_dag.py
[2023-12-18T23:07:59.418+0100] {processor.py:839} INFO - DAG(s) dict_keys(['example_nested_branch_dag']) retrieved from /Users/user/Desktop/Learning/AIRFLOW-TUTORIAL/py_env/lib/python3.11/site-packages/airflow/example_dags/example_nested_branch_dag.py
[2023-12-18T23:07:59.631+0100] {logging_mixin.py:154} INFO - [2023-12-18T23:07:59.631+0100] {dag.py:2941} INFO - Sync 1 DAGs
[2023-12-18T23:07:59.652+0100] {logging_mixin.py:154} INFO - [2023-12-18T23:07:59.652+0100] {dag.py:3722} INFO - Setting next_dagrun for example_nested_branch_dag to 2023-12-17T00:00:00+00:00, run_after=2023-12-18T00:00:00+00:00
[2023-12-18T23:07:59.671+0100] {processor.py:179} INFO - Processing /Users/user/Desktop/Learning/AIRFLOW-TUTORIAL/py_env/lib/python3.11/site-packages/airflow/example_dags/example_nested_branch_dag.py took 0.324 seconds
