[2023-12-18T22:38:43.786+0100] {processor.py:157} INFO - Started process (PID=25403) to work on /Users/user/Desktop/Learning/AIRFLOW-TUTORIAL/py_env/lib/python3.11/site-packages/airflow/example_dags/example_latest_only.py
[2023-12-18T22:38:43.792+0100] {processor.py:829} INFO - Processing file /Users/user/Desktop/Learning/AIRFLOW-TUTORIAL/py_env/lib/python3.11/site-packages/airflow/example_dags/example_latest_only.py for tasks to queue
[2023-12-18T22:38:43.792+0100] {logging_mixin.py:154} INFO - [2023-12-18T22:38:43.792+0100] {dagbag.py:536} INFO - Filling up the DagBag from /Users/user/Desktop/Learning/AIRFLOW-TUTORIAL/py_env/lib/python3.11/site-packages/airflow/example_dags/example_latest_only.py
[2023-12-18T22:38:43.827+0100] {processor.py:839} INFO - DAG(s) dict_keys(['latest_only']) retrieved from /Users/user/Desktop/Learning/AIRFLOW-TUTORIAL/py_env/lib/python3.11/site-packages/airflow/example_dags/example_latest_only.py
[2023-12-18T22:38:44.551+0100] {logging_mixin.py:154} INFO - [2023-12-18T22:38:44.551+0100] {manager.py:499} INFO - Created Permission View: %s
[2023-12-18T22:38:44.561+0100] {logging_mixin.py:154} INFO - [2023-12-18T22:38:44.560+0100] {manager.py:499} INFO - Created Permission View: %s
[2023-12-18T22:38:44.567+0100] {logging_mixin.py:154} INFO - [2023-12-18T22:38:44.566+0100] {manager.py:499} INFO - Created Permission View: %s
[2023-12-18T22:38:44.567+0100] {logging_mixin.py:154} INFO - [2023-12-18T22:38:44.567+0100] {dag.py:2941} INFO - Sync 1 DAGs
[2023-12-18T22:38:44.578+0100] {logging_mixin.py:154} INFO - [2023-12-18T22:38:44.578+0100] {dag.py:2963} INFO - Creating ORM DAG for latest_only
[2023-12-18T22:38:44.586+0100] {logging_mixin.py:154} INFO - [2023-12-18T22:38:44.585+0100] {dag.py:3722} INFO - Setting next_dagrun for latest_only to 2023-12-18T17:38:44.585754+00:00, run_after=2023-12-18T21:38:44.585754+00:00
[2023-12-18T22:38:44.603+0100] {processor.py:179} INFO - Processing /Users/user/Desktop/Learning/AIRFLOW-TUTORIAL/py_env/lib/python3.11/site-packages/airflow/example_dags/example_latest_only.py took 0.817 seconds
[2023-12-18T22:40:53.600+0100] {processor.py:157} INFO - Started process (PID=26614) to work on /Users/user/Desktop/Learning/AIRFLOW-TUTORIAL/py_env/lib/python3.11/site-packages/airflow/example_dags/example_latest_only.py
[2023-12-18T22:40:53.604+0100] {processor.py:829} INFO - Processing file /Users/user/Desktop/Learning/AIRFLOW-TUTORIAL/py_env/lib/python3.11/site-packages/airflow/example_dags/example_latest_only.py for tasks to queue
[2023-12-18T22:40:53.604+0100] {logging_mixin.py:154} INFO - [2023-12-18T22:40:53.604+0100] {dagbag.py:536} INFO - Filling up the DagBag from /Users/user/Desktop/Learning/AIRFLOW-TUTORIAL/py_env/lib/python3.11/site-packages/airflow/example_dags/example_latest_only.py
[2023-12-18T22:40:53.629+0100] {processor.py:839} INFO - DAG(s) dict_keys(['latest_only']) retrieved from /Users/user/Desktop/Learning/AIRFLOW-TUTORIAL/py_env/lib/python3.11/site-packages/airflow/example_dags/example_latest_only.py
[2023-12-18T22:40:53.788+0100] {logging_mixin.py:154} INFO - [2023-12-18T22:40:53.788+0100] {dag.py:2941} INFO - Sync 1 DAGs
[2023-12-18T22:40:53.803+0100] {logging_mixin.py:154} INFO - [2023-12-18T22:40:53.803+0100] {dag.py:3722} INFO - Setting next_dagrun for latest_only to 2023-12-18T17:40:53.803288+00:00, run_after=2023-12-18T21:40:53.803288+00:00
[2023-12-18T22:40:53.822+0100] {processor.py:179} INFO - Processing /Users/user/Desktop/Learning/AIRFLOW-TUTORIAL/py_env/lib/python3.11/site-packages/airflow/example_dags/example_latest_only.py took 0.223 seconds
[2023-12-18T22:43:55.306+0100] {processor.py:157} INFO - Started process (PID=28053) to work on /Users/user/Desktop/Learning/AIRFLOW-TUTORIAL/py_env/lib/python3.11/site-packages/airflow/example_dags/example_latest_only.py
[2023-12-18T22:43:55.310+0100] {processor.py:829} INFO - Processing file /Users/user/Desktop/Learning/AIRFLOW-TUTORIAL/py_env/lib/python3.11/site-packages/airflow/example_dags/example_latest_only.py for tasks to queue
[2023-12-18T22:43:55.311+0100] {logging_mixin.py:154} INFO - [2023-12-18T22:43:55.311+0100] {dagbag.py:536} INFO - Filling up the DagBag from /Users/user/Desktop/Learning/AIRFLOW-TUTORIAL/py_env/lib/python3.11/site-packages/airflow/example_dags/example_latest_only.py
[2023-12-18T22:43:55.339+0100] {processor.py:839} INFO - DAG(s) dict_keys(['latest_only']) retrieved from /Users/user/Desktop/Learning/AIRFLOW-TUTORIAL/py_env/lib/python3.11/site-packages/airflow/example_dags/example_latest_only.py
[2023-12-18T22:43:55.533+0100] {logging_mixin.py:154} INFO - [2023-12-18T22:43:55.533+0100] {dag.py:2941} INFO - Sync 1 DAGs
[2023-12-18T22:43:55.552+0100] {logging_mixin.py:154} INFO - [2023-12-18T22:43:55.551+0100] {dag.py:3722} INFO - Setting next_dagrun for latest_only to 2023-12-18T17:43:55.551642+00:00, run_after=2023-12-18T21:43:55.551642+00:00
[2023-12-18T22:43:55.571+0100] {processor.py:179} INFO - Processing /Users/user/Desktop/Learning/AIRFLOW-TUTORIAL/py_env/lib/python3.11/site-packages/airflow/example_dags/example_latest_only.py took 0.265 seconds
[2023-12-18T22:47:11.244+0100] {processor.py:157} INFO - Started process (PID=29518) to work on /Users/user/Desktop/Learning/AIRFLOW-TUTORIAL/py_env/lib/python3.11/site-packages/airflow/example_dags/example_latest_only.py
[2023-12-18T22:47:11.251+0100] {processor.py:829} INFO - Processing file /Users/user/Desktop/Learning/AIRFLOW-TUTORIAL/py_env/lib/python3.11/site-packages/airflow/example_dags/example_latest_only.py for tasks to queue
[2023-12-18T22:47:11.252+0100] {logging_mixin.py:154} INFO - [2023-12-18T22:47:11.252+0100] {dagbag.py:536} INFO - Filling up the DagBag from /Users/user/Desktop/Learning/AIRFLOW-TUTORIAL/py_env/lib/python3.11/site-packages/airflow/example_dags/example_latest_only.py
[2023-12-18T22:47:11.284+0100] {processor.py:839} INFO - DAG(s) dict_keys(['latest_only']) retrieved from /Users/user/Desktop/Learning/AIRFLOW-TUTORIAL/py_env/lib/python3.11/site-packages/airflow/example_dags/example_latest_only.py
[2023-12-18T22:47:11.491+0100] {logging_mixin.py:154} INFO - [2023-12-18T22:47:11.491+0100] {dag.py:2941} INFO - Sync 1 DAGs
[2023-12-18T22:47:11.511+0100] {logging_mixin.py:154} INFO - [2023-12-18T22:47:11.511+0100] {dag.py:3722} INFO - Setting next_dagrun for latest_only to 2023-12-18T17:47:11.511188+00:00, run_after=2023-12-18T21:47:11.511188+00:00
[2023-12-18T22:47:11.533+0100] {processor.py:179} INFO - Processing /Users/user/Desktop/Learning/AIRFLOW-TUTORIAL/py_env/lib/python3.11/site-packages/airflow/example_dags/example_latest_only.py took 0.290 seconds
[2023-12-18T22:50:24.356+0100] {processor.py:157} INFO - Started process (PID=31308) to work on /Users/user/Desktop/Learning/AIRFLOW-TUTORIAL/py_env/lib/python3.11/site-packages/airflow/example_dags/example_latest_only.py
[2023-12-18T22:50:24.362+0100] {processor.py:829} INFO - Processing file /Users/user/Desktop/Learning/AIRFLOW-TUTORIAL/py_env/lib/python3.11/site-packages/airflow/example_dags/example_latest_only.py for tasks to queue
[2023-12-18T22:50:24.363+0100] {logging_mixin.py:154} INFO - [2023-12-18T22:50:24.362+0100] {dagbag.py:536} INFO - Filling up the DagBag from /Users/user/Desktop/Learning/AIRFLOW-TUTORIAL/py_env/lib/python3.11/site-packages/airflow/example_dags/example_latest_only.py
[2023-12-18T22:50:24.402+0100] {processor.py:839} INFO - DAG(s) dict_keys(['latest_only']) retrieved from /Users/user/Desktop/Learning/AIRFLOW-TUTORIAL/py_env/lib/python3.11/site-packages/airflow/example_dags/example_latest_only.py
[2023-12-18T22:50:24.701+0100] {logging_mixin.py:154} INFO - [2023-12-18T22:50:24.701+0100] {dag.py:2941} INFO - Sync 1 DAGs
[2023-12-18T22:50:24.727+0100] {logging_mixin.py:154} INFO - [2023-12-18T22:50:24.727+0100] {dag.py:3722} INFO - Setting next_dagrun for latest_only to 2023-12-18T17:50:24.726883+00:00, run_after=2023-12-18T21:50:24.726883+00:00
[2023-12-18T22:50:24.752+0100] {processor.py:179} INFO - Processing /Users/user/Desktop/Learning/AIRFLOW-TUTORIAL/py_env/lib/python3.11/site-packages/airflow/example_dags/example_latest_only.py took 0.397 seconds
[2023-12-18T22:54:07.955+0100] {processor.py:157} INFO - Started process (PID=33058) to work on /Users/user/Desktop/Learning/AIRFLOW-TUTORIAL/py_env/lib/python3.11/site-packages/airflow/example_dags/example_latest_only.py
[2023-12-18T22:54:07.960+0100] {processor.py:829} INFO - Processing file /Users/user/Desktop/Learning/AIRFLOW-TUTORIAL/py_env/lib/python3.11/site-packages/airflow/example_dags/example_latest_only.py for tasks to queue
[2023-12-18T22:54:07.960+0100] {logging_mixin.py:154} INFO - [2023-12-18T22:54:07.960+0100] {dagbag.py:536} INFO - Filling up the DagBag from /Users/user/Desktop/Learning/AIRFLOW-TUTORIAL/py_env/lib/python3.11/site-packages/airflow/example_dags/example_latest_only.py
[2023-12-18T22:54:07.991+0100] {processor.py:839} INFO - DAG(s) dict_keys(['latest_only']) retrieved from /Users/user/Desktop/Learning/AIRFLOW-TUTORIAL/py_env/lib/python3.11/site-packages/airflow/example_dags/example_latest_only.py
[2023-12-18T22:54:08.215+0100] {logging_mixin.py:154} INFO - [2023-12-18T22:54:08.215+0100] {dag.py:2941} INFO - Sync 1 DAGs
[2023-12-18T22:54:08.254+0100] {logging_mixin.py:154} INFO - [2023-12-18T22:54:08.253+0100] {dag.py:3722} INFO - Setting next_dagrun for latest_only to 2023-12-18T17:54:08.253611+00:00, run_after=2023-12-18T21:54:08.253611+00:00
[2023-12-18T22:54:08.298+0100] {processor.py:179} INFO - Processing /Users/user/Desktop/Learning/AIRFLOW-TUTORIAL/py_env/lib/python3.11/site-packages/airflow/example_dags/example_latest_only.py took 0.343 seconds
[2023-12-18T22:57:30.334+0100] {processor.py:157} INFO - Started process (PID=34681) to work on /Users/user/Desktop/Learning/AIRFLOW-TUTORIAL/py_env/lib/python3.11/site-packages/airflow/example_dags/example_latest_only.py
[2023-12-18T22:57:30.338+0100] {processor.py:829} INFO - Processing file /Users/user/Desktop/Learning/AIRFLOW-TUTORIAL/py_env/lib/python3.11/site-packages/airflow/example_dags/example_latest_only.py for tasks to queue
[2023-12-18T22:57:30.339+0100] {logging_mixin.py:154} INFO - [2023-12-18T22:57:30.339+0100] {dagbag.py:536} INFO - Filling up the DagBag from /Users/user/Desktop/Learning/AIRFLOW-TUTORIAL/py_env/lib/python3.11/site-packages/airflow/example_dags/example_latest_only.py
[2023-12-18T22:57:30.378+0100] {processor.py:839} INFO - DAG(s) dict_keys(['latest_only']) retrieved from /Users/user/Desktop/Learning/AIRFLOW-TUTORIAL/py_env/lib/python3.11/site-packages/airflow/example_dags/example_latest_only.py
[2023-12-18T22:57:30.913+0100] {logging_mixin.py:154} INFO - [2023-12-18T22:57:30.913+0100] {dag.py:2941} INFO - Sync 1 DAGs
[2023-12-18T22:57:30.958+0100] {logging_mixin.py:154} INFO - [2023-12-18T22:57:30.958+0100] {dag.py:3722} INFO - Setting next_dagrun for latest_only to 2023-12-18T17:57:30.958345+00:00, run_after=2023-12-18T21:57:30.958345+00:00
[2023-12-18T22:57:31.019+0100] {processor.py:179} INFO - Processing /Users/user/Desktop/Learning/AIRFLOW-TUTORIAL/py_env/lib/python3.11/site-packages/airflow/example_dags/example_latest_only.py took 0.687 seconds
[2023-12-18T23:01:03.545+0100] {processor.py:157} INFO - Started process (PID=36007) to work on /Users/user/Desktop/Learning/AIRFLOW-TUTORIAL/py_env/lib/python3.11/site-packages/airflow/example_dags/example_latest_only.py
[2023-12-18T23:01:03.555+0100] {processor.py:829} INFO - Processing file /Users/user/Desktop/Learning/AIRFLOW-TUTORIAL/py_env/lib/python3.11/site-packages/airflow/example_dags/example_latest_only.py for tasks to queue
[2023-12-18T23:01:03.561+0100] {logging_mixin.py:154} INFO - [2023-12-18T23:01:03.560+0100] {dagbag.py:536} INFO - Filling up the DagBag from /Users/user/Desktop/Learning/AIRFLOW-TUTORIAL/py_env/lib/python3.11/site-packages/airflow/example_dags/example_latest_only.py
[2023-12-18T23:01:03.751+0100] {processor.py:839} INFO - DAG(s) dict_keys(['latest_only']) retrieved from /Users/user/Desktop/Learning/AIRFLOW-TUTORIAL/py_env/lib/python3.11/site-packages/airflow/example_dags/example_latest_only.py
[2023-12-18T23:01:04.849+0100] {logging_mixin.py:154} INFO - [2023-12-18T23:01:04.847+0100] {dag.py:2941} INFO - Sync 1 DAGs
[2023-12-18T23:01:04.885+0100] {logging_mixin.py:154} INFO - [2023-12-18T23:01:04.884+0100] {dag.py:3722} INFO - Setting next_dagrun for latest_only to 2023-12-18T18:01:04.884538+00:00, run_after=2023-12-18T22:01:04.884538+00:00
[2023-12-18T23:01:04.922+0100] {processor.py:179} INFO - Processing /Users/user/Desktop/Learning/AIRFLOW-TUTORIAL/py_env/lib/python3.11/site-packages/airflow/example_dags/example_latest_only.py took 1.379 seconds
[2023-12-18T23:05:48.425+0100] {processor.py:157} INFO - Started process (PID=37791) to work on /Users/user/Desktop/Learning/AIRFLOW-TUTORIAL/py_env/lib/python3.11/site-packages/airflow/example_dags/example_latest_only.py
[2023-12-18T23:05:48.429+0100] {processor.py:829} INFO - Processing file /Users/user/Desktop/Learning/AIRFLOW-TUTORIAL/py_env/lib/python3.11/site-packages/airflow/example_dags/example_latest_only.py for tasks to queue
[2023-12-18T23:05:48.430+0100] {logging_mixin.py:154} INFO - [2023-12-18T23:05:48.430+0100] {dagbag.py:536} INFO - Filling up the DagBag from /Users/user/Desktop/Learning/AIRFLOW-TUTORIAL/py_env/lib/python3.11/site-packages/airflow/example_dags/example_latest_only.py
[2023-12-18T23:05:48.462+0100] {processor.py:839} INFO - DAG(s) dict_keys(['latest_only']) retrieved from /Users/user/Desktop/Learning/AIRFLOW-TUTORIAL/py_env/lib/python3.11/site-packages/airflow/example_dags/example_latest_only.py
[2023-12-18T23:05:48.672+0100] {logging_mixin.py:154} INFO - [2023-12-18T23:05:48.672+0100] {dag.py:2941} INFO - Sync 1 DAGs
[2023-12-18T23:05:48.692+0100] {logging_mixin.py:154} INFO - [2023-12-18T23:05:48.692+0100] {dag.py:3722} INFO - Setting next_dagrun for latest_only to 2023-12-18T18:05:48.691915+00:00, run_after=2023-12-18T22:05:48.691915+00:00
[2023-12-18T23:05:48.714+0100] {processor.py:179} INFO - Processing /Users/user/Desktop/Learning/AIRFLOW-TUTORIAL/py_env/lib/python3.11/site-packages/airflow/example_dags/example_latest_only.py took 0.290 seconds
[2023-12-18T23:08:07.040+0100] {processor.py:157} INFO - Started process (PID=38916) to work on /Users/user/Desktop/Learning/AIRFLOW-TUTORIAL/py_env/lib/python3.11/site-packages/airflow/example_dags/example_latest_only.py
[2023-12-18T23:08:07.045+0100] {processor.py:829} INFO - Processing file /Users/user/Desktop/Learning/AIRFLOW-TUTORIAL/py_env/lib/python3.11/site-packages/airflow/example_dags/example_latest_only.py for tasks to queue
[2023-12-18T23:08:07.046+0100] {logging_mixin.py:154} INFO - [2023-12-18T23:08:07.046+0100] {dagbag.py:536} INFO - Filling up the DagBag from /Users/user/Desktop/Learning/AIRFLOW-TUTORIAL/py_env/lib/python3.11/site-packages/airflow/example_dags/example_latest_only.py
[2023-12-18T23:08:07.092+0100] {processor.py:839} INFO - DAG(s) dict_keys(['latest_only']) retrieved from /Users/user/Desktop/Learning/AIRFLOW-TUTORIAL/py_env/lib/python3.11/site-packages/airflow/example_dags/example_latest_only.py
[2023-12-18T23:08:07.317+0100] {logging_mixin.py:154} INFO - [2023-12-18T23:08:07.316+0100] {dag.py:2941} INFO - Sync 1 DAGs
[2023-12-18T23:08:07.334+0100] {logging_mixin.py:154} INFO - [2023-12-18T23:08:07.334+0100] {dag.py:3722} INFO - Setting next_dagrun for latest_only to 2023-12-18T18:08:07.334290+00:00, run_after=2023-12-18T22:08:07.334290+00:00
[2023-12-18T23:08:07.354+0100] {processor.py:179} INFO - Processing /Users/user/Desktop/Learning/AIRFLOW-TUTORIAL/py_env/lib/python3.11/site-packages/airflow/example_dags/example_latest_only.py took 0.315 seconds
