[2023-12-18T22:39:09.761+0100] {processor.py:157} INFO - Started process (PID=25690) to work on /Users/user/Desktop/Learning/AIRFLOW-TUTORIAL/py_env/lib/python3.11/site-packages/airflow/example_dags/example_branch_python_dop_operator_3.py
[2023-12-18T22:39:09.765+0100] {processor.py:829} INFO - Processing file /Users/user/Desktop/Learning/AIRFLOW-TUTORIAL/py_env/lib/python3.11/site-packages/airflow/example_dags/example_branch_python_dop_operator_3.py for tasks to queue
[2023-12-18T22:39:09.766+0100] {logging_mixin.py:154} INFO - [2023-12-18T22:39:09.765+0100] {dagbag.py:536} INFO - Filling up the DagBag from /Users/user/Desktop/Learning/AIRFLOW-TUTORIAL/py_env/lib/python3.11/site-packages/airflow/example_dags/example_branch_python_dop_operator_3.py
[2023-12-18T22:39:09.827+0100] {processor.py:839} INFO - DAG(s) dict_keys(['example_branch_dop_operator_v3']) retrieved from /Users/user/Desktop/Learning/AIRFLOW-TUTORIAL/py_env/lib/python3.11/site-packages/airflow/example_dags/example_branch_python_dop_operator_3.py
[2023-12-18T22:39:10.523+0100] {logging_mixin.py:154} INFO - [2023-12-18T22:39:10.523+0100] {manager.py:499} INFO - Created Permission View: %s
[2023-12-18T22:39:10.533+0100] {logging_mixin.py:154} INFO - [2023-12-18T22:39:10.533+0100] {manager.py:499} INFO - Created Permission View: %s
[2023-12-18T22:39:10.540+0100] {logging_mixin.py:154} INFO - [2023-12-18T22:39:10.540+0100] {manager.py:499} INFO - Created Permission View: %s
[2023-12-18T22:39:10.540+0100] {logging_mixin.py:154} INFO - [2023-12-18T22:39:10.540+0100] {dag.py:2941} INFO - Sync 1 DAGs
[2023-12-18T22:39:10.550+0100] {logging_mixin.py:154} INFO - [2023-12-18T22:39:10.550+0100] {dag.py:2963} INFO - Creating ORM DAG for example_branch_dop_operator_v3
[2023-12-18T22:39:10.563+0100] {logging_mixin.py:154} INFO - [2023-12-18T22:39:10.563+0100] {dag.py:3722} INFO - Setting next_dagrun for example_branch_dop_operator_v3 to 2023-12-18T21:38:00+00:00, run_after=2023-12-18T21:39:00+00:00
[2023-12-18T22:39:10.581+0100] {processor.py:179} INFO - Processing /Users/user/Desktop/Learning/AIRFLOW-TUTORIAL/py_env/lib/python3.11/site-packages/airflow/example_dags/example_branch_python_dop_operator_3.py took 0.820 seconds
[2023-12-18T22:42:14.790+0100] {processor.py:157} INFO - Started process (PID=27239) to work on /Users/user/Desktop/Learning/AIRFLOW-TUTORIAL/py_env/lib/python3.11/site-packages/airflow/example_dags/example_branch_python_dop_operator_3.py
[2023-12-18T22:42:14.794+0100] {processor.py:829} INFO - Processing file /Users/user/Desktop/Learning/AIRFLOW-TUTORIAL/py_env/lib/python3.11/site-packages/airflow/example_dags/example_branch_python_dop_operator_3.py for tasks to queue
[2023-12-18T22:42:14.794+0100] {logging_mixin.py:154} INFO - [2023-12-18T22:42:14.794+0100] {dagbag.py:536} INFO - Filling up the DagBag from /Users/user/Desktop/Learning/AIRFLOW-TUTORIAL/py_env/lib/python3.11/site-packages/airflow/example_dags/example_branch_python_dop_operator_3.py
[2023-12-18T22:42:14.854+0100] {processor.py:839} INFO - DAG(s) dict_keys(['example_branch_dop_operator_v3']) retrieved from /Users/user/Desktop/Learning/AIRFLOW-TUTORIAL/py_env/lib/python3.11/site-packages/airflow/example_dags/example_branch_python_dop_operator_3.py
[2023-12-18T22:42:15.010+0100] {logging_mixin.py:154} INFO - [2023-12-18T22:42:15.010+0100] {dag.py:2941} INFO - Sync 1 DAGs
[2023-12-18T22:42:15.029+0100] {logging_mixin.py:154} INFO - [2023-12-18T22:42:15.029+0100] {dag.py:3722} INFO - Setting next_dagrun for example_branch_dop_operator_v3 to 2023-12-18T21:41:00+00:00, run_after=2023-12-18T21:42:00+00:00
[2023-12-18T22:42:15.046+0100] {processor.py:179} INFO - Processing /Users/user/Desktop/Learning/AIRFLOW-TUTORIAL/py_env/lib/python3.11/site-packages/airflow/example_dags/example_branch_python_dop_operator_3.py took 0.257 seconds
[2023-12-18T22:45:26.686+0100] {processor.py:157} INFO - Started process (PID=28681) to work on /Users/user/Desktop/Learning/AIRFLOW-TUTORIAL/py_env/lib/python3.11/site-packages/airflow/example_dags/example_branch_python_dop_operator_3.py
[2023-12-18T22:45:26.691+0100] {processor.py:829} INFO - Processing file /Users/user/Desktop/Learning/AIRFLOW-TUTORIAL/py_env/lib/python3.11/site-packages/airflow/example_dags/example_branch_python_dop_operator_3.py for tasks to queue
[2023-12-18T22:45:26.691+0100] {logging_mixin.py:154} INFO - [2023-12-18T22:45:26.691+0100] {dagbag.py:536} INFO - Filling up the DagBag from /Users/user/Desktop/Learning/AIRFLOW-TUTORIAL/py_env/lib/python3.11/site-packages/airflow/example_dags/example_branch_python_dop_operator_3.py
[2023-12-18T22:45:26.766+0100] {processor.py:839} INFO - DAG(s) dict_keys(['example_branch_dop_operator_v3']) retrieved from /Users/user/Desktop/Learning/AIRFLOW-TUTORIAL/py_env/lib/python3.11/site-packages/airflow/example_dags/example_branch_python_dop_operator_3.py
[2023-12-18T22:45:26.988+0100] {logging_mixin.py:154} INFO - [2023-12-18T22:45:26.988+0100] {dag.py:2941} INFO - Sync 1 DAGs
[2023-12-18T22:45:27.019+0100] {logging_mixin.py:154} INFO - [2023-12-18T22:45:27.019+0100] {dag.py:3722} INFO - Setting next_dagrun for example_branch_dop_operator_v3 to 2023-12-18T21:44:00+00:00, run_after=2023-12-18T21:45:00+00:00
[2023-12-18T22:45:27.043+0100] {processor.py:179} INFO - Processing /Users/user/Desktop/Learning/AIRFLOW-TUTORIAL/py_env/lib/python3.11/site-packages/airflow/example_dags/example_branch_python_dop_operator_3.py took 0.358 seconds
[2023-12-18T22:48:49.566+0100] {processor.py:157} INFO - Started process (PID=30412) to work on /Users/user/Desktop/Learning/AIRFLOW-TUTORIAL/py_env/lib/python3.11/site-packages/airflow/example_dags/example_branch_python_dop_operator_3.py
[2023-12-18T22:48:49.570+0100] {processor.py:829} INFO - Processing file /Users/user/Desktop/Learning/AIRFLOW-TUTORIAL/py_env/lib/python3.11/site-packages/airflow/example_dags/example_branch_python_dop_operator_3.py for tasks to queue
[2023-12-18T22:48:49.571+0100] {logging_mixin.py:154} INFO - [2023-12-18T22:48:49.571+0100] {dagbag.py:536} INFO - Filling up the DagBag from /Users/user/Desktop/Learning/AIRFLOW-TUTORIAL/py_env/lib/python3.11/site-packages/airflow/example_dags/example_branch_python_dop_operator_3.py
[2023-12-18T22:48:49.632+0100] {processor.py:839} INFO - DAG(s) dict_keys(['example_branch_dop_operator_v3']) retrieved from /Users/user/Desktop/Learning/AIRFLOW-TUTORIAL/py_env/lib/python3.11/site-packages/airflow/example_dags/example_branch_python_dop_operator_3.py
[2023-12-18T22:48:49.817+0100] {logging_mixin.py:154} INFO - [2023-12-18T22:48:49.817+0100] {dag.py:2941} INFO - Sync 1 DAGs
[2023-12-18T22:48:49.839+0100] {logging_mixin.py:154} INFO - [2023-12-18T22:48:49.839+0100] {dag.py:3722} INFO - Setting next_dagrun for example_branch_dop_operator_v3 to 2023-12-18T21:47:00+00:00, run_after=2023-12-18T21:48:00+00:00
[2023-12-18T22:48:49.858+0100] {processor.py:179} INFO - Processing /Users/user/Desktop/Learning/AIRFLOW-TUTORIAL/py_env/lib/python3.11/site-packages/airflow/example_dags/example_branch_python_dop_operator_3.py took 0.293 seconds
[2023-12-18T22:52:12.104+0100] {processor.py:157} INFO - Started process (PID=32121) to work on /Users/user/Desktop/Learning/AIRFLOW-TUTORIAL/py_env/lib/python3.11/site-packages/airflow/example_dags/example_branch_python_dop_operator_3.py
[2023-12-18T22:52:12.111+0100] {processor.py:829} INFO - Processing file /Users/user/Desktop/Learning/AIRFLOW-TUTORIAL/py_env/lib/python3.11/site-packages/airflow/example_dags/example_branch_python_dop_operator_3.py for tasks to queue
[2023-12-18T22:52:12.112+0100] {logging_mixin.py:154} INFO - [2023-12-18T22:52:12.112+0100] {dagbag.py:536} INFO - Filling up the DagBag from /Users/user/Desktop/Learning/AIRFLOW-TUTORIAL/py_env/lib/python3.11/site-packages/airflow/example_dags/example_branch_python_dop_operator_3.py
[2023-12-18T22:52:12.215+0100] {processor.py:839} INFO - DAG(s) dict_keys(['example_branch_dop_operator_v3']) retrieved from /Users/user/Desktop/Learning/AIRFLOW-TUTORIAL/py_env/lib/python3.11/site-packages/airflow/example_dags/example_branch_python_dop_operator_3.py
[2023-12-18T22:52:12.492+0100] {logging_mixin.py:154} INFO - [2023-12-18T22:52:12.491+0100] {dag.py:2941} INFO - Sync 1 DAGs
[2023-12-18T22:52:12.524+0100] {logging_mixin.py:154} INFO - [2023-12-18T22:52:12.524+0100] {dag.py:3722} INFO - Setting next_dagrun for example_branch_dop_operator_v3 to 2023-12-18T21:51:00+00:00, run_after=2023-12-18T21:52:00+00:00
[2023-12-18T22:52:12.551+0100] {processor.py:179} INFO - Processing /Users/user/Desktop/Learning/AIRFLOW-TUTORIAL/py_env/lib/python3.11/site-packages/airflow/example_dags/example_branch_python_dop_operator_3.py took 0.448 seconds
[2023-12-18T22:55:53.131+0100] {processor.py:157} INFO - Started process (PID=33871) to work on /Users/user/Desktop/Learning/AIRFLOW-TUTORIAL/py_env/lib/python3.11/site-packages/airflow/example_dags/example_branch_python_dop_operator_3.py
[2023-12-18T22:55:53.136+0100] {processor.py:829} INFO - Processing file /Users/user/Desktop/Learning/AIRFLOW-TUTORIAL/py_env/lib/python3.11/site-packages/airflow/example_dags/example_branch_python_dop_operator_3.py for tasks to queue
[2023-12-18T22:55:53.137+0100] {logging_mixin.py:154} INFO - [2023-12-18T22:55:53.137+0100] {dagbag.py:536} INFO - Filling up the DagBag from /Users/user/Desktop/Learning/AIRFLOW-TUTORIAL/py_env/lib/python3.11/site-packages/airflow/example_dags/example_branch_python_dop_operator_3.py
[2023-12-18T22:55:53.212+0100] {processor.py:839} INFO - DAG(s) dict_keys(['example_branch_dop_operator_v3']) retrieved from /Users/user/Desktop/Learning/AIRFLOW-TUTORIAL/py_env/lib/python3.11/site-packages/airflow/example_dags/example_branch_python_dop_operator_3.py
[2023-12-18T22:55:53.436+0100] {logging_mixin.py:154} INFO - [2023-12-18T22:55:53.436+0100] {dag.py:2941} INFO - Sync 1 DAGs
[2023-12-18T22:55:53.465+0100] {logging_mixin.py:154} INFO - [2023-12-18T22:55:53.465+0100] {dag.py:3722} INFO - Setting next_dagrun for example_branch_dop_operator_v3 to 2023-12-18T21:54:00+00:00, run_after=2023-12-18T21:55:00+00:00
[2023-12-18T22:55:53.500+0100] {processor.py:179} INFO - Processing /Users/user/Desktop/Learning/AIRFLOW-TUTORIAL/py_env/lib/python3.11/site-packages/airflow/example_dags/example_branch_python_dop_operator_3.py took 0.369 seconds
[2023-12-18T22:59:19.574+0100] {processor.py:157} INFO - Started process (PID=35502) to work on /Users/user/Desktop/Learning/AIRFLOW-TUTORIAL/py_env/lib/python3.11/site-packages/airflow/example_dags/example_branch_python_dop_operator_3.py
[2023-12-18T22:59:19.578+0100] {processor.py:829} INFO - Processing file /Users/user/Desktop/Learning/AIRFLOW-TUTORIAL/py_env/lib/python3.11/site-packages/airflow/example_dags/example_branch_python_dop_operator_3.py for tasks to queue
[2023-12-18T22:59:19.579+0100] {logging_mixin.py:154} INFO - [2023-12-18T22:59:19.579+0100] {dagbag.py:536} INFO - Filling up the DagBag from /Users/user/Desktop/Learning/AIRFLOW-TUTORIAL/py_env/lib/python3.11/site-packages/airflow/example_dags/example_branch_python_dop_operator_3.py
[2023-12-18T22:59:19.637+0100] {processor.py:839} INFO - DAG(s) dict_keys(['example_branch_dop_operator_v3']) retrieved from /Users/user/Desktop/Learning/AIRFLOW-TUTORIAL/py_env/lib/python3.11/site-packages/airflow/example_dags/example_branch_python_dop_operator_3.py
[2023-12-18T22:59:19.806+0100] {logging_mixin.py:154} INFO - [2023-12-18T22:59:19.806+0100] {dag.py:2941} INFO - Sync 1 DAGs
[2023-12-18T22:59:19.827+0100] {logging_mixin.py:154} INFO - [2023-12-18T22:59:19.827+0100] {dag.py:3722} INFO - Setting next_dagrun for example_branch_dop_operator_v3 to 2023-12-18T21:58:00+00:00, run_after=2023-12-18T21:59:00+00:00
[2023-12-18T22:59:19.846+0100] {processor.py:179} INFO - Processing /Users/user/Desktop/Learning/AIRFLOW-TUTORIAL/py_env/lib/python3.11/site-packages/airflow/example_dags/example_branch_python_dop_operator_3.py took 0.272 seconds
[2023-12-18T23:02:49.543+0100] {processor.py:157} INFO - Started process (PID=36757) to work on /Users/user/Desktop/Learning/AIRFLOW-TUTORIAL/py_env/lib/python3.11/site-packages/airflow/example_dags/example_branch_python_dop_operator_3.py
[2023-12-18T23:02:49.548+0100] {processor.py:829} INFO - Processing file /Users/user/Desktop/Learning/AIRFLOW-TUTORIAL/py_env/lib/python3.11/site-packages/airflow/example_dags/example_branch_python_dop_operator_3.py for tasks to queue
[2023-12-18T23:02:49.548+0100] {logging_mixin.py:154} INFO - [2023-12-18T23:02:49.548+0100] {dagbag.py:536} INFO - Filling up the DagBag from /Users/user/Desktop/Learning/AIRFLOW-TUTORIAL/py_env/lib/python3.11/site-packages/airflow/example_dags/example_branch_python_dop_operator_3.py
[2023-12-18T23:02:49.622+0100] {processor.py:839} INFO - DAG(s) dict_keys(['example_branch_dop_operator_v3']) retrieved from /Users/user/Desktop/Learning/AIRFLOW-TUTORIAL/py_env/lib/python3.11/site-packages/airflow/example_dags/example_branch_python_dop_operator_3.py
[2023-12-18T23:02:49.837+0100] {logging_mixin.py:154} INFO - [2023-12-18T23:02:49.836+0100] {dag.py:2941} INFO - Sync 1 DAGs
[2023-12-18T23:02:49.862+0100] {logging_mixin.py:154} INFO - [2023-12-18T23:02:49.862+0100] {dag.py:3722} INFO - Setting next_dagrun for example_branch_dop_operator_v3 to 2023-12-18T22:01:00+00:00, run_after=2023-12-18T22:02:00+00:00
[2023-12-18T23:02:49.887+0100] {processor.py:179} INFO - Processing /Users/user/Desktop/Learning/AIRFLOW-TUTORIAL/py_env/lib/python3.11/site-packages/airflow/example_dags/example_branch_python_dop_operator_3.py took 0.345 seconds
[2023-12-18T23:06:11.435+0100] {processor.py:157} INFO - Started process (PID=38078) to work on /Users/user/Desktop/Learning/AIRFLOW-TUTORIAL/py_env/lib/python3.11/site-packages/airflow/example_dags/example_branch_python_dop_operator_3.py
[2023-12-18T23:06:11.440+0100] {processor.py:829} INFO - Processing file /Users/user/Desktop/Learning/AIRFLOW-TUTORIAL/py_env/lib/python3.11/site-packages/airflow/example_dags/example_branch_python_dop_operator_3.py for tasks to queue
[2023-12-18T23:06:11.440+0100] {logging_mixin.py:154} INFO - [2023-12-18T23:06:11.440+0100] {dagbag.py:536} INFO - Filling up the DagBag from /Users/user/Desktop/Learning/AIRFLOW-TUTORIAL/py_env/lib/python3.11/site-packages/airflow/example_dags/example_branch_python_dop_operator_3.py
[2023-12-18T23:06:11.504+0100] {processor.py:839} INFO - DAG(s) dict_keys(['example_branch_dop_operator_v3']) retrieved from /Users/user/Desktop/Learning/AIRFLOW-TUTORIAL/py_env/lib/python3.11/site-packages/airflow/example_dags/example_branch_python_dop_operator_3.py
[2023-12-18T23:06:11.703+0100] {logging_mixin.py:154} INFO - [2023-12-18T23:06:11.703+0100] {dag.py:2941} INFO - Sync 1 DAGs
[2023-12-18T23:06:11.725+0100] {logging_mixin.py:154} INFO - [2023-12-18T23:06:11.725+0100] {dag.py:3722} INFO - Setting next_dagrun for example_branch_dop_operator_v3 to 2023-12-18T22:05:00+00:00, run_after=2023-12-18T22:06:00+00:00
[2023-12-18T23:06:11.744+0100] {processor.py:179} INFO - Processing /Users/user/Desktop/Learning/AIRFLOW-TUTORIAL/py_env/lib/python3.11/site-packages/airflow/example_dags/example_branch_python_dop_operator_3.py took 0.310 seconds
