[2023-12-18T22:38:17.951+0100] {processor.py:157} INFO - Started process (PID=25194) to work on /Users/user/Desktop/Learning/AIRFLOW-TUTORIAL/py_env/lib/python3.11/site-packages/airflow/example_dags/example_sensor_decorator.py
[2023-12-18T22:38:17.955+0100] {processor.py:829} INFO - Processing file /Users/user/Desktop/Learning/AIRFLOW-TUTORIAL/py_env/lib/python3.11/site-packages/airflow/example_dags/example_sensor_decorator.py for tasks to queue
[2023-12-18T22:38:17.956+0100] {logging_mixin.py:154} INFO - [2023-12-18T22:38:17.955+0100] {dagbag.py:536} INFO - Filling up the DagBag from /Users/user/Desktop/Learning/AIRFLOW-TUTORIAL/py_env/lib/python3.11/site-packages/airflow/example_dags/example_sensor_decorator.py
[2023-12-18T22:38:18.026+0100] {processor.py:839} INFO - DAG(s) dict_keys(['example_sensor_decorator']) retrieved from /Users/user/Desktop/Learning/AIRFLOW-TUTORIAL/py_env/lib/python3.11/site-packages/airflow/example_dags/example_sensor_decorator.py
[2023-12-18T22:38:18.930+0100] {logging_mixin.py:154} INFO - [2023-12-18T22:38:18.929+0100] {manager.py:499} INFO - Created Permission View: %s
[2023-12-18T22:38:18.941+0100] {logging_mixin.py:154} INFO - [2023-12-18T22:38:18.941+0100] {manager.py:499} INFO - Created Permission View: %s
[2023-12-18T22:38:18.948+0100] {logging_mixin.py:154} INFO - [2023-12-18T22:38:18.948+0100] {manager.py:499} INFO - Created Permission View: %s
[2023-12-18T22:38:18.949+0100] {logging_mixin.py:154} INFO - [2023-12-18T22:38:18.949+0100] {dag.py:2941} INFO - Sync 1 DAGs
[2023-12-18T22:38:18.963+0100] {logging_mixin.py:154} INFO - [2023-12-18T22:38:18.962+0100] {dag.py:2963} INFO - Creating ORM DAG for example_sensor_decorator
[2023-12-18T22:38:18.964+0100] {logging_mixin.py:154} INFO - [2023-12-18T22:38:18.963+0100] {dag.py:3722} INFO - Setting next_dagrun for example_sensor_decorator to None, run_after=None
[2023-12-18T22:38:18.985+0100] {processor.py:179} INFO - Processing /Users/user/Desktop/Learning/AIRFLOW-TUTORIAL/py_env/lib/python3.11/site-packages/airflow/example_dags/example_sensor_decorator.py took 1.036 seconds
[2023-12-18T22:40:34.652+0100] {processor.py:157} INFO - Started process (PID=26512) to work on /Users/user/Desktop/Learning/AIRFLOW-TUTORIAL/py_env/lib/python3.11/site-packages/airflow/example_dags/example_sensor_decorator.py
[2023-12-18T22:40:34.658+0100] {processor.py:829} INFO - Processing file /Users/user/Desktop/Learning/AIRFLOW-TUTORIAL/py_env/lib/python3.11/site-packages/airflow/example_dags/example_sensor_decorator.py for tasks to queue
[2023-12-18T22:40:34.659+0100] {logging_mixin.py:154} INFO - [2023-12-18T22:40:34.659+0100] {dagbag.py:536} INFO - Filling up the DagBag from /Users/user/Desktop/Learning/AIRFLOW-TUTORIAL/py_env/lib/python3.11/site-packages/airflow/example_dags/example_sensor_decorator.py
[2023-12-18T22:40:34.747+0100] {processor.py:839} INFO - DAG(s) dict_keys(['example_sensor_decorator']) retrieved from /Users/user/Desktop/Learning/AIRFLOW-TUTORIAL/py_env/lib/python3.11/site-packages/airflow/example_dags/example_sensor_decorator.py
[2023-12-18T22:40:34.913+0100] {logging_mixin.py:154} INFO - [2023-12-18T22:40:34.913+0100] {dag.py:2941} INFO - Sync 1 DAGs
[2023-12-18T22:40:34.922+0100] {logging_mixin.py:154} INFO - [2023-12-18T22:40:34.922+0100] {dag.py:3722} INFO - Setting next_dagrun for example_sensor_decorator to None, run_after=None
[2023-12-18T22:40:34.939+0100] {processor.py:179} INFO - Processing /Users/user/Desktop/Learning/AIRFLOW-TUTORIAL/py_env/lib/python3.11/site-packages/airflow/example_dags/example_sensor_decorator.py took 0.288 seconds
[2023-12-18T22:42:06.168+0100] {processor.py:157} INFO - Started process (PID=27236) to work on /Users/user/Desktop/Learning/AIRFLOW-TUTORIAL/py_env/lib/python3.11/site-packages/airflow/example_dags/example_sensor_decorator.py
[2023-12-18T22:42:06.172+0100] {processor.py:829} INFO - Processing file /Users/user/Desktop/Learning/AIRFLOW-TUTORIAL/py_env/lib/python3.11/site-packages/airflow/example_dags/example_sensor_decorator.py for tasks to queue
[2023-12-18T22:42:06.173+0100] {logging_mixin.py:154} INFO - [2023-12-18T22:42:06.173+0100] {dagbag.py:536} INFO - Filling up the DagBag from /Users/user/Desktop/Learning/AIRFLOW-TUTORIAL/py_env/lib/python3.11/site-packages/airflow/example_dags/example_sensor_decorator.py
[2023-12-18T22:42:06.234+0100] {processor.py:839} INFO - DAG(s) dict_keys(['example_sensor_decorator']) retrieved from /Users/user/Desktop/Learning/AIRFLOW-TUTORIAL/py_env/lib/python3.11/site-packages/airflow/example_dags/example_sensor_decorator.py
[2023-12-18T22:42:06.416+0100] {logging_mixin.py:154} INFO - [2023-12-18T22:42:06.416+0100] {dag.py:2941} INFO - Sync 1 DAGs
[2023-12-18T22:42:06.425+0100] {logging_mixin.py:154} INFO - [2023-12-18T22:42:06.424+0100] {dag.py:3722} INFO - Setting next_dagrun for example_sensor_decorator to None, run_after=None
[2023-12-18T22:42:06.445+0100] {processor.py:179} INFO - Processing /Users/user/Desktop/Learning/AIRFLOW-TUTORIAL/py_env/lib/python3.11/site-packages/airflow/example_dags/example_sensor_decorator.py took 0.278 seconds
[2023-12-18T22:45:12.053+0100] {processor.py:157} INFO - Started process (PID=28671) to work on /Users/user/Desktop/Learning/AIRFLOW-TUTORIAL/py_env/lib/python3.11/site-packages/airflow/example_dags/example_sensor_decorator.py
[2023-12-18T22:45:12.058+0100] {processor.py:829} INFO - Processing file /Users/user/Desktop/Learning/AIRFLOW-TUTORIAL/py_env/lib/python3.11/site-packages/airflow/example_dags/example_sensor_decorator.py for tasks to queue
[2023-12-18T22:45:12.059+0100] {logging_mixin.py:154} INFO - [2023-12-18T22:45:12.059+0100] {dagbag.py:536} INFO - Filling up the DagBag from /Users/user/Desktop/Learning/AIRFLOW-TUTORIAL/py_env/lib/python3.11/site-packages/airflow/example_dags/example_sensor_decorator.py
[2023-12-18T22:45:12.128+0100] {processor.py:839} INFO - DAG(s) dict_keys(['example_sensor_decorator']) retrieved from /Users/user/Desktop/Learning/AIRFLOW-TUTORIAL/py_env/lib/python3.11/site-packages/airflow/example_dags/example_sensor_decorator.py
[2023-12-18T22:45:12.354+0100] {logging_mixin.py:154} INFO - [2023-12-18T22:45:12.353+0100] {dag.py:2941} INFO - Sync 1 DAGs
[2023-12-18T22:45:12.367+0100] {logging_mixin.py:154} INFO - [2023-12-18T22:45:12.366+0100] {dag.py:3722} INFO - Setting next_dagrun for example_sensor_decorator to None, run_after=None
[2023-12-18T22:45:12.409+0100] {processor.py:179} INFO - Processing /Users/user/Desktop/Learning/AIRFLOW-TUTORIAL/py_env/lib/python3.11/site-packages/airflow/example_dags/example_sensor_decorator.py took 0.357 seconds
[2023-12-18T22:46:49.610+0100] {processor.py:157} INFO - Started process (PID=29404) to work on /Users/user/Desktop/Learning/AIRFLOW-TUTORIAL/py_env/lib/python3.11/site-packages/airflow/example_dags/example_sensor_decorator.py
[2023-12-18T22:46:49.616+0100] {processor.py:829} INFO - Processing file /Users/user/Desktop/Learning/AIRFLOW-TUTORIAL/py_env/lib/python3.11/site-packages/airflow/example_dags/example_sensor_decorator.py for tasks to queue
[2023-12-18T22:46:49.617+0100] {logging_mixin.py:154} INFO - [2023-12-18T22:46:49.617+0100] {dagbag.py:536} INFO - Filling up the DagBag from /Users/user/Desktop/Learning/AIRFLOW-TUTORIAL/py_env/lib/python3.11/site-packages/airflow/example_dags/example_sensor_decorator.py
[2023-12-18T22:46:49.699+0100] {processor.py:839} INFO - DAG(s) dict_keys(['example_sensor_decorator']) retrieved from /Users/user/Desktop/Learning/AIRFLOW-TUTORIAL/py_env/lib/python3.11/site-packages/airflow/example_dags/example_sensor_decorator.py
[2023-12-18T22:46:49.991+0100] {logging_mixin.py:154} INFO - [2023-12-18T22:46:49.990+0100] {dag.py:2941} INFO - Sync 1 DAGs
[2023-12-18T22:46:50.017+0100] {logging_mixin.py:154} INFO - [2023-12-18T22:46:50.017+0100] {dag.py:3722} INFO - Setting next_dagrun for example_sensor_decorator to None, run_after=None
[2023-12-18T22:46:50.050+0100] {processor.py:179} INFO - Processing /Users/user/Desktop/Learning/AIRFLOW-TUTORIAL/py_env/lib/python3.11/site-packages/airflow/example_dags/example_sensor_decorator.py took 0.441 seconds
[2023-12-18T22:48:31.804+0100] {processor.py:157} INFO - Started process (PID=30219) to work on /Users/user/Desktop/Learning/AIRFLOW-TUTORIAL/py_env/lib/python3.11/site-packages/airflow/example_dags/example_sensor_decorator.py
[2023-12-18T22:48:31.812+0100] {processor.py:829} INFO - Processing file /Users/user/Desktop/Learning/AIRFLOW-TUTORIAL/py_env/lib/python3.11/site-packages/airflow/example_dags/example_sensor_decorator.py for tasks to queue
[2023-12-18T22:48:31.812+0100] {logging_mixin.py:154} INFO - [2023-12-18T22:48:31.812+0100] {dagbag.py:536} INFO - Filling up the DagBag from /Users/user/Desktop/Learning/AIRFLOW-TUTORIAL/py_env/lib/python3.11/site-packages/airflow/example_dags/example_sensor_decorator.py
[2023-12-18T22:48:31.880+0100] {processor.py:839} INFO - DAG(s) dict_keys(['example_sensor_decorator']) retrieved from /Users/user/Desktop/Learning/AIRFLOW-TUTORIAL/py_env/lib/python3.11/site-packages/airflow/example_dags/example_sensor_decorator.py
[2023-12-18T22:48:32.131+0100] {logging_mixin.py:154} INFO - [2023-12-18T22:48:32.131+0100] {dag.py:2941} INFO - Sync 1 DAGs
[2023-12-18T22:48:32.142+0100] {logging_mixin.py:154} INFO - [2023-12-18T22:48:32.142+0100] {dag.py:3722} INFO - Setting next_dagrun for example_sensor_decorator to None, run_after=None
[2023-12-18T22:48:32.167+0100] {processor.py:179} INFO - Processing /Users/user/Desktop/Learning/AIRFLOW-TUTORIAL/py_env/lib/python3.11/site-packages/airflow/example_dags/example_sensor_decorator.py took 0.365 seconds
[2023-12-18T22:50:09.590+0100] {processor.py:157} INFO - Started process (PID=31192) to work on /Users/user/Desktop/Learning/AIRFLOW-TUTORIAL/py_env/lib/python3.11/site-packages/airflow/example_dags/example_sensor_decorator.py
[2023-12-18T22:50:09.596+0100] {processor.py:829} INFO - Processing file /Users/user/Desktop/Learning/AIRFLOW-TUTORIAL/py_env/lib/python3.11/site-packages/airflow/example_dags/example_sensor_decorator.py for tasks to queue
[2023-12-18T22:50:09.597+0100] {logging_mixin.py:154} INFO - [2023-12-18T22:50:09.596+0100] {dagbag.py:536} INFO - Filling up the DagBag from /Users/user/Desktop/Learning/AIRFLOW-TUTORIAL/py_env/lib/python3.11/site-packages/airflow/example_dags/example_sensor_decorator.py
[2023-12-18T22:50:09.662+0100] {processor.py:839} INFO - DAG(s) dict_keys(['example_sensor_decorator']) retrieved from /Users/user/Desktop/Learning/AIRFLOW-TUTORIAL/py_env/lib/python3.11/site-packages/airflow/example_dags/example_sensor_decorator.py
[2023-12-18T22:50:09.868+0100] {logging_mixin.py:154} INFO - [2023-12-18T22:50:09.867+0100] {dag.py:2941} INFO - Sync 1 DAGs
[2023-12-18T22:50:09.880+0100] {logging_mixin.py:154} INFO - [2023-12-18T22:50:09.880+0100] {dag.py:3722} INFO - Setting next_dagrun for example_sensor_decorator to None, run_after=None
[2023-12-18T22:50:09.903+0100] {processor.py:179} INFO - Processing /Users/user/Desktop/Learning/AIRFLOW-TUTORIAL/py_env/lib/python3.11/site-packages/airflow/example_dags/example_sensor_decorator.py took 0.313 seconds
[2023-12-18T22:51:52.170+0100] {processor.py:157} INFO - Started process (PID=31926) to work on /Users/user/Desktop/Learning/AIRFLOW-TUTORIAL/py_env/lib/python3.11/site-packages/airflow/example_dags/example_sensor_decorator.py
[2023-12-18T22:51:52.175+0100] {processor.py:829} INFO - Processing file /Users/user/Desktop/Learning/AIRFLOW-TUTORIAL/py_env/lib/python3.11/site-packages/airflow/example_dags/example_sensor_decorator.py for tasks to queue
[2023-12-18T22:51:52.176+0100] {logging_mixin.py:154} INFO - [2023-12-18T22:51:52.176+0100] {dagbag.py:536} INFO - Filling up the DagBag from /Users/user/Desktop/Learning/AIRFLOW-TUTORIAL/py_env/lib/python3.11/site-packages/airflow/example_dags/example_sensor_decorator.py
[2023-12-18T22:51:52.237+0100] {processor.py:839} INFO - DAG(s) dict_keys(['example_sensor_decorator']) retrieved from /Users/user/Desktop/Learning/AIRFLOW-TUTORIAL/py_env/lib/python3.11/site-packages/airflow/example_dags/example_sensor_decorator.py
[2023-12-18T22:51:52.432+0100] {logging_mixin.py:154} INFO - [2023-12-18T22:51:52.431+0100] {dag.py:2941} INFO - Sync 1 DAGs
[2023-12-18T22:51:52.442+0100] {logging_mixin.py:154} INFO - [2023-12-18T22:51:52.442+0100] {dag.py:3722} INFO - Setting next_dagrun for example_sensor_decorator to None, run_after=None
[2023-12-18T22:51:52.467+0100] {processor.py:179} INFO - Processing /Users/user/Desktop/Learning/AIRFLOW-TUTORIAL/py_env/lib/python3.11/site-packages/airflow/example_dags/example_sensor_decorator.py took 0.298 seconds
[2023-12-18T22:53:43.394+0100] {processor.py:157} INFO - Started process (PID=32938) to work on /Users/user/Desktop/Learning/AIRFLOW-TUTORIAL/py_env/lib/python3.11/site-packages/airflow/example_dags/example_sensor_decorator.py
[2023-12-18T22:53:43.399+0100] {processor.py:829} INFO - Processing file /Users/user/Desktop/Learning/AIRFLOW-TUTORIAL/py_env/lib/python3.11/site-packages/airflow/example_dags/example_sensor_decorator.py for tasks to queue
[2023-12-18T22:53:43.399+0100] {logging_mixin.py:154} INFO - [2023-12-18T22:53:43.399+0100] {dagbag.py:536} INFO - Filling up the DagBag from /Users/user/Desktop/Learning/AIRFLOW-TUTORIAL/py_env/lib/python3.11/site-packages/airflow/example_dags/example_sensor_decorator.py
[2023-12-18T22:53:43.458+0100] {processor.py:839} INFO - DAG(s) dict_keys(['example_sensor_decorator']) retrieved from /Users/user/Desktop/Learning/AIRFLOW-TUTORIAL/py_env/lib/python3.11/site-packages/airflow/example_dags/example_sensor_decorator.py
[2023-12-18T22:53:43.670+0100] {logging_mixin.py:154} INFO - [2023-12-18T22:53:43.669+0100] {dag.py:2941} INFO - Sync 1 DAGs
[2023-12-18T22:53:43.680+0100] {logging_mixin.py:154} INFO - [2023-12-18T22:53:43.680+0100] {dag.py:3722} INFO - Setting next_dagrun for example_sensor_decorator to None, run_after=None
[2023-12-18T22:53:43.701+0100] {processor.py:179} INFO - Processing /Users/user/Desktop/Learning/AIRFLOW-TUTORIAL/py_env/lib/python3.11/site-packages/airflow/example_dags/example_sensor_decorator.py took 0.308 seconds
[2023-12-18T22:55:31.533+0100] {processor.py:157} INFO - Started process (PID=33753) to work on /Users/user/Desktop/Learning/AIRFLOW-TUTORIAL/py_env/lib/python3.11/site-packages/airflow/example_dags/example_sensor_decorator.py
[2023-12-18T22:55:31.538+0100] {processor.py:829} INFO - Processing file /Users/user/Desktop/Learning/AIRFLOW-TUTORIAL/py_env/lib/python3.11/site-packages/airflow/example_dags/example_sensor_decorator.py for tasks to queue
[2023-12-18T22:55:31.538+0100] {logging_mixin.py:154} INFO - [2023-12-18T22:55:31.538+0100] {dagbag.py:536} INFO - Filling up the DagBag from /Users/user/Desktop/Learning/AIRFLOW-TUTORIAL/py_env/lib/python3.11/site-packages/airflow/example_dags/example_sensor_decorator.py
[2023-12-18T22:55:31.593+0100] {processor.py:839} INFO - DAG(s) dict_keys(['example_sensor_decorator']) retrieved from /Users/user/Desktop/Learning/AIRFLOW-TUTORIAL/py_env/lib/python3.11/site-packages/airflow/example_dags/example_sensor_decorator.py
[2023-12-18T22:55:31.791+0100] {logging_mixin.py:154} INFO - [2023-12-18T22:55:31.791+0100] {dag.py:2941} INFO - Sync 1 DAGs
[2023-12-18T22:55:31.801+0100] {logging_mixin.py:154} INFO - [2023-12-18T22:55:31.801+0100] {dag.py:3722} INFO - Setting next_dagrun for example_sensor_decorator to None, run_after=None
[2023-12-18T22:55:31.822+0100] {processor.py:179} INFO - Processing /Users/user/Desktop/Learning/AIRFLOW-TUTORIAL/py_env/lib/python3.11/site-packages/airflow/example_dags/example_sensor_decorator.py took 0.289 seconds
[2023-12-18T22:57:10.465+0100] {processor.py:157} INFO - Started process (PID=34476) to work on /Users/user/Desktop/Learning/AIRFLOW-TUTORIAL/py_env/lib/python3.11/site-packages/airflow/example_dags/example_sensor_decorator.py
[2023-12-18T22:57:10.469+0100] {processor.py:829} INFO - Processing file /Users/user/Desktop/Learning/AIRFLOW-TUTORIAL/py_env/lib/python3.11/site-packages/airflow/example_dags/example_sensor_decorator.py for tasks to queue
[2023-12-18T22:57:10.470+0100] {logging_mixin.py:154} INFO - [2023-12-18T22:57:10.469+0100] {dagbag.py:536} INFO - Filling up the DagBag from /Users/user/Desktop/Learning/AIRFLOW-TUTORIAL/py_env/lib/python3.11/site-packages/airflow/example_dags/example_sensor_decorator.py
[2023-12-18T22:57:10.530+0100] {processor.py:839} INFO - DAG(s) dict_keys(['example_sensor_decorator']) retrieved from /Users/user/Desktop/Learning/AIRFLOW-TUTORIAL/py_env/lib/python3.11/site-packages/airflow/example_dags/example_sensor_decorator.py
[2023-12-18T22:57:10.695+0100] {logging_mixin.py:154} INFO - [2023-12-18T22:57:10.695+0100] {dag.py:2941} INFO - Sync 1 DAGs
[2023-12-18T22:57:10.703+0100] {logging_mixin.py:154} INFO - [2023-12-18T22:57:10.703+0100] {dag.py:3722} INFO - Setting next_dagrun for example_sensor_decorator to None, run_after=None
[2023-12-18T22:57:10.720+0100] {processor.py:179} INFO - Processing /Users/user/Desktop/Learning/AIRFLOW-TUTORIAL/py_env/lib/python3.11/site-packages/airflow/example_dags/example_sensor_decorator.py took 0.256 seconds
[2023-12-18T22:59:00.032+0100] {processor.py:157} INFO - Started process (PID=35306) to work on /Users/user/Desktop/Learning/AIRFLOW-TUTORIAL/py_env/lib/python3.11/site-packages/airflow/example_dags/example_sensor_decorator.py
[2023-12-18T22:59:00.036+0100] {processor.py:829} INFO - Processing file /Users/user/Desktop/Learning/AIRFLOW-TUTORIAL/py_env/lib/python3.11/site-packages/airflow/example_dags/example_sensor_decorator.py for tasks to queue
[2023-12-18T22:59:00.036+0100] {logging_mixin.py:154} INFO - [2023-12-18T22:59:00.036+0100] {dagbag.py:536} INFO - Filling up the DagBag from /Users/user/Desktop/Learning/AIRFLOW-TUTORIAL/py_env/lib/python3.11/site-packages/airflow/example_dags/example_sensor_decorator.py
[2023-12-18T22:59:00.092+0100] {processor.py:839} INFO - DAG(s) dict_keys(['example_sensor_decorator']) retrieved from /Users/user/Desktop/Learning/AIRFLOW-TUTORIAL/py_env/lib/python3.11/site-packages/airflow/example_dags/example_sensor_decorator.py
[2023-12-18T22:59:00.283+0100] {logging_mixin.py:154} INFO - [2023-12-18T22:59:00.283+0100] {dag.py:2941} INFO - Sync 1 DAGs
[2023-12-18T22:59:00.292+0100] {logging_mixin.py:154} INFO - [2023-12-18T22:59:00.292+0100] {dag.py:3722} INFO - Setting next_dagrun for example_sensor_decorator to None, run_after=None
[2023-12-18T22:59:00.310+0100] {processor.py:179} INFO - Processing /Users/user/Desktop/Learning/AIRFLOW-TUTORIAL/py_env/lib/python3.11/site-packages/airflow/example_dags/example_sensor_decorator.py took 0.280 seconds
[2023-12-18T23:00:42.592+0100] {processor.py:157} INFO - Started process (PID=35999) to work on /Users/user/Desktop/Learning/AIRFLOW-TUTORIAL/py_env/lib/python3.11/site-packages/airflow/example_dags/example_sensor_decorator.py
[2023-12-18T23:00:42.600+0100] {processor.py:829} INFO - Processing file /Users/user/Desktop/Learning/AIRFLOW-TUTORIAL/py_env/lib/python3.11/site-packages/airflow/example_dags/example_sensor_decorator.py for tasks to queue
[2023-12-18T23:00:42.601+0100] {logging_mixin.py:154} INFO - [2023-12-18T23:00:42.601+0100] {dagbag.py:536} INFO - Filling up the DagBag from /Users/user/Desktop/Learning/AIRFLOW-TUTORIAL/py_env/lib/python3.11/site-packages/airflow/example_dags/example_sensor_decorator.py
[2023-12-18T23:00:42.703+0100] {processor.py:839} INFO - DAG(s) dict_keys(['example_sensor_decorator']) retrieved from /Users/user/Desktop/Learning/AIRFLOW-TUTORIAL/py_env/lib/python3.11/site-packages/airflow/example_dags/example_sensor_decorator.py
[2023-12-18T23:00:43.012+0100] {logging_mixin.py:154} INFO - [2023-12-18T23:00:43.011+0100] {dag.py:2941} INFO - Sync 1 DAGs
[2023-12-18T23:00:43.028+0100] {logging_mixin.py:154} INFO - [2023-12-18T23:00:43.027+0100] {dag.py:3722} INFO - Setting next_dagrun for example_sensor_decorator to None, run_after=None
[2023-12-18T23:00:43.061+0100] {processor.py:179} INFO - Processing /Users/user/Desktop/Learning/AIRFLOW-TUTORIAL/py_env/lib/python3.11/site-packages/airflow/example_dags/example_sensor_decorator.py took 0.471 seconds
[2023-12-18T23:02:27.204+0100] {processor.py:157} INFO - Started process (PID=36641) to work on /Users/user/Desktop/Learning/AIRFLOW-TUTORIAL/py_env/lib/python3.11/site-packages/airflow/example_dags/example_sensor_decorator.py
[2023-12-18T23:02:27.235+0100] {processor.py:829} INFO - Processing file /Users/user/Desktop/Learning/AIRFLOW-TUTORIAL/py_env/lib/python3.11/site-packages/airflow/example_dags/example_sensor_decorator.py for tasks to queue
[2023-12-18T23:02:27.248+0100] {logging_mixin.py:154} INFO - [2023-12-18T23:02:27.247+0100] {dagbag.py:536} INFO - Filling up the DagBag from /Users/user/Desktop/Learning/AIRFLOW-TUTORIAL/py_env/lib/python3.11/site-packages/airflow/example_dags/example_sensor_decorator.py
[2023-12-18T23:02:27.325+0100] {processor.py:839} INFO - DAG(s) dict_keys(['example_sensor_decorator']) retrieved from /Users/user/Desktop/Learning/AIRFLOW-TUTORIAL/py_env/lib/python3.11/site-packages/airflow/example_dags/example_sensor_decorator.py
[2023-12-18T23:02:27.641+0100] {logging_mixin.py:154} INFO - [2023-12-18T23:02:27.640+0100] {dag.py:2941} INFO - Sync 1 DAGs
[2023-12-18T23:02:27.689+0100] {logging_mixin.py:154} INFO - [2023-12-18T23:02:27.689+0100] {dag.py:3722} INFO - Setting next_dagrun for example_sensor_decorator to None, run_after=None
[2023-12-18T23:02:27.753+0100] {processor.py:179} INFO - Processing /Users/user/Desktop/Learning/AIRFLOW-TUTORIAL/py_env/lib/python3.11/site-packages/airflow/example_dags/example_sensor_decorator.py took 0.550 seconds
[2023-12-18T23:05:24.231+0100] {processor.py:157} INFO - Started process (PID=37571) to work on /Users/user/Desktop/Learning/AIRFLOW-TUTORIAL/py_env/lib/python3.11/site-packages/airflow/example_dags/example_sensor_decorator.py
[2023-12-18T23:05:24.236+0100] {processor.py:829} INFO - Processing file /Users/user/Desktop/Learning/AIRFLOW-TUTORIAL/py_env/lib/python3.11/site-packages/airflow/example_dags/example_sensor_decorator.py for tasks to queue
[2023-12-18T23:05:24.237+0100] {logging_mixin.py:154} INFO - [2023-12-18T23:05:24.237+0100] {dagbag.py:536} INFO - Filling up the DagBag from /Users/user/Desktop/Learning/AIRFLOW-TUTORIAL/py_env/lib/python3.11/site-packages/airflow/example_dags/example_sensor_decorator.py
[2023-12-18T23:05:24.316+0100] {processor.py:839} INFO - DAG(s) dict_keys(['example_sensor_decorator']) retrieved from /Users/user/Desktop/Learning/AIRFLOW-TUTORIAL/py_env/lib/python3.11/site-packages/airflow/example_dags/example_sensor_decorator.py
[2023-12-18T23:05:24.659+0100] {logging_mixin.py:154} INFO - [2023-12-18T23:05:24.658+0100] {dag.py:2941} INFO - Sync 1 DAGs
[2023-12-18T23:05:24.667+0100] {logging_mixin.py:154} INFO - [2023-12-18T23:05:24.667+0100] {dag.py:3722} INFO - Setting next_dagrun for example_sensor_decorator to None, run_after=None
[2023-12-18T23:05:24.688+0100] {processor.py:179} INFO - Processing /Users/user/Desktop/Learning/AIRFLOW-TUTORIAL/py_env/lib/python3.11/site-packages/airflow/example_dags/example_sensor_decorator.py took 0.458 seconds
[2023-12-18T23:07:45.374+0100] {processor.py:157} INFO - Started process (PID=38715) to work on /Users/user/Desktop/Learning/AIRFLOW-TUTORIAL/py_env/lib/python3.11/site-packages/airflow/example_dags/example_sensor_decorator.py
[2023-12-18T23:07:45.378+0100] {processor.py:829} INFO - Processing file /Users/user/Desktop/Learning/AIRFLOW-TUTORIAL/py_env/lib/python3.11/site-packages/airflow/example_dags/example_sensor_decorator.py for tasks to queue
[2023-12-18T23:07:45.379+0100] {logging_mixin.py:154} INFO - [2023-12-18T23:07:45.379+0100] {dagbag.py:536} INFO - Filling up the DagBag from /Users/user/Desktop/Learning/AIRFLOW-TUTORIAL/py_env/lib/python3.11/site-packages/airflow/example_dags/example_sensor_decorator.py
[2023-12-18T23:07:45.482+0100] {processor.py:839} INFO - DAG(s) dict_keys(['example_sensor_decorator']) retrieved from /Users/user/Desktop/Learning/AIRFLOW-TUTORIAL/py_env/lib/python3.11/site-packages/airflow/example_dags/example_sensor_decorator.py
[2023-12-18T23:07:45.682+0100] {logging_mixin.py:154} INFO - [2023-12-18T23:07:45.682+0100] {dag.py:2941} INFO - Sync 1 DAGs
[2023-12-18T23:07:45.691+0100] {logging_mixin.py:154} INFO - [2023-12-18T23:07:45.691+0100] {dag.py:3722} INFO - Setting next_dagrun for example_sensor_decorator to None, run_after=None
[2023-12-18T23:07:45.710+0100] {processor.py:179} INFO - Processing /Users/user/Desktop/Learning/AIRFLOW-TUTORIAL/py_env/lib/python3.11/site-packages/airflow/example_dags/example_sensor_decorator.py took 0.336 seconds
