[2023-12-18T22:38:14.004+0100] {processor.py:157} INFO - Started process (PID=25102) to work on /Users/user/Desktop/Learning/AIRFLOW-TUTORIAL/py_env/lib/python3.11/site-packages/airflow/example_dags/example_sensors.py
[2023-12-18T22:38:14.008+0100] {processor.py:829} INFO - Processing file /Users/user/Desktop/Learning/AIRFLOW-TUTORIAL/py_env/lib/python3.11/site-packages/airflow/example_dags/example_sensors.py for tasks to queue
[2023-12-18T22:38:14.009+0100] {logging_mixin.py:154} INFO - [2023-12-18T22:38:14.009+0100] {dagbag.py:536} INFO - Filling up the DagBag from /Users/user/Desktop/Learning/AIRFLOW-TUTORIAL/py_env/lib/python3.11/site-packages/airflow/example_dags/example_sensors.py
[2023-12-18T22:38:14.053+0100] {processor.py:839} INFO - DAG(s) dict_keys(['example_sensors']) retrieved from /Users/user/Desktop/Learning/AIRFLOW-TUTORIAL/py_env/lib/python3.11/site-packages/airflow/example_dags/example_sensors.py
[2023-12-18T22:38:14.855+0100] {logging_mixin.py:154} INFO - [2023-12-18T22:38:14.854+0100] {manager.py:499} INFO - Created Permission View: %s
[2023-12-18T22:38:14.868+0100] {logging_mixin.py:154} INFO - [2023-12-18T22:38:14.868+0100] {manager.py:499} INFO - Created Permission View: %s
[2023-12-18T22:38:14.876+0100] {logging_mixin.py:154} INFO - [2023-12-18T22:38:14.876+0100] {manager.py:499} INFO - Created Permission View: %s
[2023-12-18T22:38:14.877+0100] {logging_mixin.py:154} INFO - [2023-12-18T22:38:14.876+0100] {dag.py:2941} INFO - Sync 1 DAGs
[2023-12-18T22:38:14.889+0100] {logging_mixin.py:154} INFO - [2023-12-18T22:38:14.889+0100] {dag.py:2963} INFO - Creating ORM DAG for example_sensors
[2023-12-18T22:38:14.890+0100] {logging_mixin.py:154} INFO - [2023-12-18T22:38:14.890+0100] {dag.py:3722} INFO - Setting next_dagrun for example_sensors to None, run_after=None
[2023-12-18T22:38:14.911+0100] {processor.py:179} INFO - Processing /Users/user/Desktop/Learning/AIRFLOW-TUTORIAL/py_env/lib/python3.11/site-packages/airflow/example_dags/example_sensors.py took 0.908 seconds
[2023-12-18T22:40:32.012+0100] {processor.py:157} INFO - Started process (PID=26415) to work on /Users/user/Desktop/Learning/AIRFLOW-TUTORIAL/py_env/lib/python3.11/site-packages/airflow/example_dags/example_sensors.py
[2023-12-18T22:40:32.016+0100] {processor.py:829} INFO - Processing file /Users/user/Desktop/Learning/AIRFLOW-TUTORIAL/py_env/lib/python3.11/site-packages/airflow/example_dags/example_sensors.py for tasks to queue
[2023-12-18T22:40:32.016+0100] {logging_mixin.py:154} INFO - [2023-12-18T22:40:32.016+0100] {dagbag.py:536} INFO - Filling up the DagBag from /Users/user/Desktop/Learning/AIRFLOW-TUTORIAL/py_env/lib/python3.11/site-packages/airflow/example_dags/example_sensors.py
[2023-12-18T22:40:32.054+0100] {processor.py:839} INFO - DAG(s) dict_keys(['example_sensors']) retrieved from /Users/user/Desktop/Learning/AIRFLOW-TUTORIAL/py_env/lib/python3.11/site-packages/airflow/example_dags/example_sensors.py
[2023-12-18T22:40:32.237+0100] {logging_mixin.py:154} INFO - [2023-12-18T22:40:32.237+0100] {dag.py:2941} INFO - Sync 1 DAGs
[2023-12-18T22:40:32.245+0100] {logging_mixin.py:154} INFO - [2023-12-18T22:40:32.245+0100] {dag.py:3722} INFO - Setting next_dagrun for example_sensors to None, run_after=None
[2023-12-18T22:40:32.264+0100] {processor.py:179} INFO - Processing /Users/user/Desktop/Learning/AIRFLOW-TUTORIAL/py_env/lib/python3.11/site-packages/airflow/example_dags/example_sensors.py took 0.252 seconds
[2023-12-18T22:42:03.601+0100] {processor.py:157} INFO - Started process (PID=27144) to work on /Users/user/Desktop/Learning/AIRFLOW-TUTORIAL/py_env/lib/python3.11/site-packages/airflow/example_dags/example_sensors.py
[2023-12-18T22:42:03.605+0100] {processor.py:829} INFO - Processing file /Users/user/Desktop/Learning/AIRFLOW-TUTORIAL/py_env/lib/python3.11/site-packages/airflow/example_dags/example_sensors.py for tasks to queue
[2023-12-18T22:42:03.606+0100] {logging_mixin.py:154} INFO - [2023-12-18T22:42:03.606+0100] {dagbag.py:536} INFO - Filling up the DagBag from /Users/user/Desktop/Learning/AIRFLOW-TUTORIAL/py_env/lib/python3.11/site-packages/airflow/example_dags/example_sensors.py
[2023-12-18T22:42:03.646+0100] {processor.py:839} INFO - DAG(s) dict_keys(['example_sensors']) retrieved from /Users/user/Desktop/Learning/AIRFLOW-TUTORIAL/py_env/lib/python3.11/site-packages/airflow/example_dags/example_sensors.py
[2023-12-18T22:42:03.839+0100] {logging_mixin.py:154} INFO - [2023-12-18T22:42:03.838+0100] {dag.py:2941} INFO - Sync 1 DAGs
[2023-12-18T22:42:03.847+0100] {logging_mixin.py:154} INFO - [2023-12-18T22:42:03.847+0100] {dag.py:3722} INFO - Setting next_dagrun for example_sensors to None, run_after=None
[2023-12-18T22:42:03.867+0100] {processor.py:179} INFO - Processing /Users/user/Desktop/Learning/AIRFLOW-TUTORIAL/py_env/lib/python3.11/site-packages/airflow/example_dags/example_sensors.py took 0.267 seconds
[2023-12-18T22:45:09.036+0100] {processor.py:157} INFO - Started process (PID=28670) to work on /Users/user/Desktop/Learning/AIRFLOW-TUTORIAL/py_env/lib/python3.11/site-packages/airflow/example_dags/example_sensors.py
[2023-12-18T22:45:09.041+0100] {processor.py:829} INFO - Processing file /Users/user/Desktop/Learning/AIRFLOW-TUTORIAL/py_env/lib/python3.11/site-packages/airflow/example_dags/example_sensors.py for tasks to queue
[2023-12-18T22:45:09.042+0100] {logging_mixin.py:154} INFO - [2023-12-18T22:45:09.041+0100] {dagbag.py:536} INFO - Filling up the DagBag from /Users/user/Desktop/Learning/AIRFLOW-TUTORIAL/py_env/lib/python3.11/site-packages/airflow/example_dags/example_sensors.py
[2023-12-18T22:45:09.089+0100] {processor.py:839} INFO - DAG(s) dict_keys(['example_sensors']) retrieved from /Users/user/Desktop/Learning/AIRFLOW-TUTORIAL/py_env/lib/python3.11/site-packages/airflow/example_dags/example_sensors.py
[2023-12-18T22:45:09.365+0100] {logging_mixin.py:154} INFO - [2023-12-18T22:45:09.365+0100] {dag.py:2941} INFO - Sync 1 DAGs
[2023-12-18T22:45:09.376+0100] {logging_mixin.py:154} INFO - [2023-12-18T22:45:09.375+0100] {dag.py:3722} INFO - Setting next_dagrun for example_sensors to None, run_after=None
[2023-12-18T22:45:09.399+0100] {processor.py:179} INFO - Processing /Users/user/Desktop/Learning/AIRFLOW-TUTORIAL/py_env/lib/python3.11/site-packages/airflow/example_dags/example_sensors.py took 0.363 seconds
[2023-12-18T22:46:46.584+0100] {processor.py:157} INFO - Started process (PID=29403) to work on /Users/user/Desktop/Learning/AIRFLOW-TUTORIAL/py_env/lib/python3.11/site-packages/airflow/example_dags/example_sensors.py
[2023-12-18T22:46:46.589+0100] {processor.py:829} INFO - Processing file /Users/user/Desktop/Learning/AIRFLOW-TUTORIAL/py_env/lib/python3.11/site-packages/airflow/example_dags/example_sensors.py for tasks to queue
[2023-12-18T22:46:46.590+0100] {logging_mixin.py:154} INFO - [2023-12-18T22:46:46.590+0100] {dagbag.py:536} INFO - Filling up the DagBag from /Users/user/Desktop/Learning/AIRFLOW-TUTORIAL/py_env/lib/python3.11/site-packages/airflow/example_dags/example_sensors.py
[2023-12-18T22:46:46.645+0100] {processor.py:839} INFO - DAG(s) dict_keys(['example_sensors']) retrieved from /Users/user/Desktop/Learning/AIRFLOW-TUTORIAL/py_env/lib/python3.11/site-packages/airflow/example_dags/example_sensors.py
[2023-12-18T22:46:46.901+0100] {logging_mixin.py:154} INFO - [2023-12-18T22:46:46.900+0100] {dag.py:2941} INFO - Sync 1 DAGs
[2023-12-18T22:46:46.914+0100] {logging_mixin.py:154} INFO - [2023-12-18T22:46:46.913+0100] {dag.py:3722} INFO - Setting next_dagrun for example_sensors to None, run_after=None
[2023-12-18T22:46:46.938+0100] {processor.py:179} INFO - Processing /Users/user/Desktop/Learning/AIRFLOW-TUTORIAL/py_env/lib/python3.11/site-packages/airflow/example_dags/example_sensors.py took 0.355 seconds
[2023-12-18T22:48:29.114+0100] {processor.py:157} INFO - Started process (PID=30210) to work on /Users/user/Desktop/Learning/AIRFLOW-TUTORIAL/py_env/lib/python3.11/site-packages/airflow/example_dags/example_sensors.py
[2023-12-18T22:48:29.120+0100] {processor.py:829} INFO - Processing file /Users/user/Desktop/Learning/AIRFLOW-TUTORIAL/py_env/lib/python3.11/site-packages/airflow/example_dags/example_sensors.py for tasks to queue
[2023-12-18T22:48:29.121+0100] {logging_mixin.py:154} INFO - [2023-12-18T22:48:29.121+0100] {dagbag.py:536} INFO - Filling up the DagBag from /Users/user/Desktop/Learning/AIRFLOW-TUTORIAL/py_env/lib/python3.11/site-packages/airflow/example_dags/example_sensors.py
[2023-12-18T22:48:29.161+0100] {processor.py:839} INFO - DAG(s) dict_keys(['example_sensors']) retrieved from /Users/user/Desktop/Learning/AIRFLOW-TUTORIAL/py_env/lib/python3.11/site-packages/airflow/example_dags/example_sensors.py
[2023-12-18T22:48:29.361+0100] {logging_mixin.py:154} INFO - [2023-12-18T22:48:29.360+0100] {dag.py:2941} INFO - Sync 1 DAGs
[2023-12-18T22:48:29.370+0100] {logging_mixin.py:154} INFO - [2023-12-18T22:48:29.369+0100] {dag.py:3722} INFO - Setting next_dagrun for example_sensors to None, run_after=None
[2023-12-18T22:48:29.390+0100] {processor.py:179} INFO - Processing /Users/user/Desktop/Learning/AIRFLOW-TUTORIAL/py_env/lib/python3.11/site-packages/airflow/example_dags/example_sensors.py took 0.278 seconds
[2023-12-18T22:50:06.771+0100] {processor.py:157} INFO - Started process (PID=31100) to work on /Users/user/Desktop/Learning/AIRFLOW-TUTORIAL/py_env/lib/python3.11/site-packages/airflow/example_dags/example_sensors.py
[2023-12-18T22:50:06.776+0100] {processor.py:829} INFO - Processing file /Users/user/Desktop/Learning/AIRFLOW-TUTORIAL/py_env/lib/python3.11/site-packages/airflow/example_dags/example_sensors.py for tasks to queue
[2023-12-18T22:50:06.776+0100] {logging_mixin.py:154} INFO - [2023-12-18T22:50:06.776+0100] {dagbag.py:536} INFO - Filling up the DagBag from /Users/user/Desktop/Learning/AIRFLOW-TUTORIAL/py_env/lib/python3.11/site-packages/airflow/example_dags/example_sensors.py
[2023-12-18T22:50:06.820+0100] {processor.py:839} INFO - DAG(s) dict_keys(['example_sensors']) retrieved from /Users/user/Desktop/Learning/AIRFLOW-TUTORIAL/py_env/lib/python3.11/site-packages/airflow/example_dags/example_sensors.py
[2023-12-18T22:50:07.036+0100] {logging_mixin.py:154} INFO - [2023-12-18T22:50:07.035+0100] {dag.py:2941} INFO - Sync 1 DAGs
[2023-12-18T22:50:07.050+0100] {logging_mixin.py:154} INFO - [2023-12-18T22:50:07.050+0100] {dag.py:3722} INFO - Setting next_dagrun for example_sensors to None, run_after=None
[2023-12-18T22:50:07.071+0100] {processor.py:179} INFO - Processing /Users/user/Desktop/Learning/AIRFLOW-TUTORIAL/py_env/lib/python3.11/site-packages/airflow/example_dags/example_sensors.py took 0.301 seconds
[2023-12-18T22:51:49.033+0100] {processor.py:157} INFO - Started process (PID=31834) to work on /Users/user/Desktop/Learning/AIRFLOW-TUTORIAL/py_env/lib/python3.11/site-packages/airflow/example_dags/example_sensors.py
[2023-12-18T22:51:49.039+0100] {processor.py:829} INFO - Processing file /Users/user/Desktop/Learning/AIRFLOW-TUTORIAL/py_env/lib/python3.11/site-packages/airflow/example_dags/example_sensors.py for tasks to queue
[2023-12-18T22:51:49.040+0100] {logging_mixin.py:154} INFO - [2023-12-18T22:51:49.039+0100] {dagbag.py:536} INFO - Filling up the DagBag from /Users/user/Desktop/Learning/AIRFLOW-TUTORIAL/py_env/lib/python3.11/site-packages/airflow/example_dags/example_sensors.py
[2023-12-18T22:51:49.259+0100] {processor.py:839} INFO - DAG(s) dict_keys(['example_sensors']) retrieved from /Users/user/Desktop/Learning/AIRFLOW-TUTORIAL/py_env/lib/python3.11/site-packages/airflow/example_dags/example_sensors.py
[2023-12-18T22:51:49.565+0100] {logging_mixin.py:154} INFO - [2023-12-18T22:51:49.564+0100] {dag.py:2941} INFO - Sync 1 DAGs
[2023-12-18T22:51:49.578+0100] {logging_mixin.py:154} INFO - [2023-12-18T22:51:49.578+0100] {dag.py:3722} INFO - Setting next_dagrun for example_sensors to None, run_after=None
[2023-12-18T22:51:49.604+0100] {processor.py:179} INFO - Processing /Users/user/Desktop/Learning/AIRFLOW-TUTORIAL/py_env/lib/python3.11/site-packages/airflow/example_dags/example_sensors.py took 0.571 seconds
[2023-12-18T22:53:40.530+0100] {processor.py:157} INFO - Started process (PID=32937) to work on /Users/user/Desktop/Learning/AIRFLOW-TUTORIAL/py_env/lib/python3.11/site-packages/airflow/example_dags/example_sensors.py
[2023-12-18T22:53:40.534+0100] {processor.py:829} INFO - Processing file /Users/user/Desktop/Learning/AIRFLOW-TUTORIAL/py_env/lib/python3.11/site-packages/airflow/example_dags/example_sensors.py for tasks to queue
[2023-12-18T22:53:40.535+0100] {logging_mixin.py:154} INFO - [2023-12-18T22:53:40.534+0100] {dagbag.py:536} INFO - Filling up the DagBag from /Users/user/Desktop/Learning/AIRFLOW-TUTORIAL/py_env/lib/python3.11/site-packages/airflow/example_dags/example_sensors.py
[2023-12-18T22:53:40.575+0100] {processor.py:839} INFO - DAG(s) dict_keys(['example_sensors']) retrieved from /Users/user/Desktop/Learning/AIRFLOW-TUTORIAL/py_env/lib/python3.11/site-packages/airflow/example_dags/example_sensors.py
[2023-12-18T22:53:40.774+0100] {logging_mixin.py:154} INFO - [2023-12-18T22:53:40.774+0100] {dag.py:2941} INFO - Sync 1 DAGs
[2023-12-18T22:53:40.783+0100] {logging_mixin.py:154} INFO - [2023-12-18T22:53:40.783+0100] {dag.py:3722} INFO - Setting next_dagrun for example_sensors to None, run_after=None
[2023-12-18T22:53:40.802+0100] {processor.py:179} INFO - Processing /Users/user/Desktop/Learning/AIRFLOW-TUTORIAL/py_env/lib/python3.11/site-packages/airflow/example_dags/example_sensors.py took 0.273 seconds
[2023-12-18T22:55:28.704+0100] {processor.py:157} INFO - Started process (PID=33745) to work on /Users/user/Desktop/Learning/AIRFLOW-TUTORIAL/py_env/lib/python3.11/site-packages/airflow/example_dags/example_sensors.py
[2023-12-18T22:55:28.708+0100] {processor.py:829} INFO - Processing file /Users/user/Desktop/Learning/AIRFLOW-TUTORIAL/py_env/lib/python3.11/site-packages/airflow/example_dags/example_sensors.py for tasks to queue
[2023-12-18T22:55:28.709+0100] {logging_mixin.py:154} INFO - [2023-12-18T22:55:28.709+0100] {dagbag.py:536} INFO - Filling up the DagBag from /Users/user/Desktop/Learning/AIRFLOW-TUTORIAL/py_env/lib/python3.11/site-packages/airflow/example_dags/example_sensors.py
[2023-12-18T22:55:28.747+0100] {processor.py:839} INFO - DAG(s) dict_keys(['example_sensors']) retrieved from /Users/user/Desktop/Learning/AIRFLOW-TUTORIAL/py_env/lib/python3.11/site-packages/airflow/example_dags/example_sensors.py
[2023-12-18T22:55:28.990+0100] {logging_mixin.py:154} INFO - [2023-12-18T22:55:28.990+0100] {dag.py:2941} INFO - Sync 1 DAGs
[2023-12-18T22:55:28.999+0100] {logging_mixin.py:154} INFO - [2023-12-18T22:55:28.999+0100] {dag.py:3722} INFO - Setting next_dagrun for example_sensors to None, run_after=None
[2023-12-18T22:55:29.021+0100] {processor.py:179} INFO - Processing /Users/user/Desktop/Learning/AIRFLOW-TUTORIAL/py_env/lib/python3.11/site-packages/airflow/example_dags/example_sensors.py took 0.318 seconds
[2023-12-18T22:57:07.698+0100] {processor.py:157} INFO - Started process (PID=34475) to work on /Users/user/Desktop/Learning/AIRFLOW-TUTORIAL/py_env/lib/python3.11/site-packages/airflow/example_dags/example_sensors.py
[2023-12-18T22:57:07.703+0100] {processor.py:829} INFO - Processing file /Users/user/Desktop/Learning/AIRFLOW-TUTORIAL/py_env/lib/python3.11/site-packages/airflow/example_dags/example_sensors.py for tasks to queue
[2023-12-18T22:57:07.704+0100] {logging_mixin.py:154} INFO - [2023-12-18T22:57:07.703+0100] {dagbag.py:536} INFO - Filling up the DagBag from /Users/user/Desktop/Learning/AIRFLOW-TUTORIAL/py_env/lib/python3.11/site-packages/airflow/example_dags/example_sensors.py
[2023-12-18T22:57:07.738+0100] {processor.py:839} INFO - DAG(s) dict_keys(['example_sensors']) retrieved from /Users/user/Desktop/Learning/AIRFLOW-TUTORIAL/py_env/lib/python3.11/site-packages/airflow/example_dags/example_sensors.py
[2023-12-18T22:57:07.922+0100] {logging_mixin.py:154} INFO - [2023-12-18T22:57:07.921+0100] {dag.py:2941} INFO - Sync 1 DAGs
[2023-12-18T22:57:07.931+0100] {logging_mixin.py:154} INFO - [2023-12-18T22:57:07.931+0100] {dag.py:3722} INFO - Setting next_dagrun for example_sensors to None, run_after=None
[2023-12-18T22:57:07.950+0100] {processor.py:179} INFO - Processing /Users/user/Desktop/Learning/AIRFLOW-TUTORIAL/py_env/lib/python3.11/site-packages/airflow/example_dags/example_sensors.py took 0.253 seconds
[2023-12-18T22:58:56.803+0100] {processor.py:157} INFO - Started process (PID=35305) to work on /Users/user/Desktop/Learning/AIRFLOW-TUTORIAL/py_env/lib/python3.11/site-packages/airflow/example_dags/example_sensors.py
[2023-12-18T22:58:56.810+0100] {processor.py:829} INFO - Processing file /Users/user/Desktop/Learning/AIRFLOW-TUTORIAL/py_env/lib/python3.11/site-packages/airflow/example_dags/example_sensors.py for tasks to queue
[2023-12-18T22:58:56.811+0100] {logging_mixin.py:154} INFO - [2023-12-18T22:58:56.811+0100] {dagbag.py:536} INFO - Filling up the DagBag from /Users/user/Desktop/Learning/AIRFLOW-TUTORIAL/py_env/lib/python3.11/site-packages/airflow/example_dags/example_sensors.py
[2023-12-18T22:58:56.890+0100] {processor.py:839} INFO - DAG(s) dict_keys(['example_sensors']) retrieved from /Users/user/Desktop/Learning/AIRFLOW-TUTORIAL/py_env/lib/python3.11/site-packages/airflow/example_dags/example_sensors.py
[2023-12-18T22:58:57.201+0100] {logging_mixin.py:154} INFO - [2023-12-18T22:58:57.201+0100] {dag.py:2941} INFO - Sync 1 DAGs
[2023-12-18T22:58:57.212+0100] {logging_mixin.py:154} INFO - [2023-12-18T22:58:57.212+0100] {dag.py:3722} INFO - Setting next_dagrun for example_sensors to None, run_after=None
[2023-12-18T22:58:57.267+0100] {processor.py:179} INFO - Processing /Users/user/Desktop/Learning/AIRFLOW-TUTORIAL/py_env/lib/python3.11/site-packages/airflow/example_dags/example_sensors.py took 0.465 seconds
[2023-12-18T23:00:38.466+0100] {processor.py:157} INFO - Started process (PID=35998) to work on /Users/user/Desktop/Learning/AIRFLOW-TUTORIAL/py_env/lib/python3.11/site-packages/airflow/example_dags/example_sensors.py
[2023-12-18T23:00:38.472+0100] {processor.py:829} INFO - Processing file /Users/user/Desktop/Learning/AIRFLOW-TUTORIAL/py_env/lib/python3.11/site-packages/airflow/example_dags/example_sensors.py for tasks to queue
[2023-12-18T23:00:38.473+0100] {logging_mixin.py:154} INFO - [2023-12-18T23:00:38.472+0100] {dagbag.py:536} INFO - Filling up the DagBag from /Users/user/Desktop/Learning/AIRFLOW-TUTORIAL/py_env/lib/python3.11/site-packages/airflow/example_dags/example_sensors.py
[2023-12-18T23:00:38.526+0100] {processor.py:839} INFO - DAG(s) dict_keys(['example_sensors']) retrieved from /Users/user/Desktop/Learning/AIRFLOW-TUTORIAL/py_env/lib/python3.11/site-packages/airflow/example_dags/example_sensors.py
[2023-12-18T23:00:38.926+0100] {logging_mixin.py:154} INFO - [2023-12-18T23:00:38.926+0100] {dag.py:2941} INFO - Sync 1 DAGs
[2023-12-18T23:00:38.943+0100] {logging_mixin.py:154} INFO - [2023-12-18T23:00:38.942+0100] {dag.py:3722} INFO - Setting next_dagrun for example_sensors to None, run_after=None
[2023-12-18T23:00:38.970+0100] {processor.py:179} INFO - Processing /Users/user/Desktop/Learning/AIRFLOW-TUTORIAL/py_env/lib/python3.11/site-packages/airflow/example_dags/example_sensors.py took 0.506 seconds
[2023-12-18T23:02:23.991+0100] {processor.py:157} INFO - Started process (PID=36640) to work on /Users/user/Desktop/Learning/AIRFLOW-TUTORIAL/py_env/lib/python3.11/site-packages/airflow/example_dags/example_sensors.py
[2023-12-18T23:02:23.998+0100] {processor.py:829} INFO - Processing file /Users/user/Desktop/Learning/AIRFLOW-TUTORIAL/py_env/lib/python3.11/site-packages/airflow/example_dags/example_sensors.py for tasks to queue
[2023-12-18T23:02:23.999+0100] {logging_mixin.py:154} INFO - [2023-12-18T23:02:23.998+0100] {dagbag.py:536} INFO - Filling up the DagBag from /Users/user/Desktop/Learning/AIRFLOW-TUTORIAL/py_env/lib/python3.11/site-packages/airflow/example_dags/example_sensors.py
[2023-12-18T23:02:24.050+0100] {processor.py:839} INFO - DAG(s) dict_keys(['example_sensors']) retrieved from /Users/user/Desktop/Learning/AIRFLOW-TUTORIAL/py_env/lib/python3.11/site-packages/airflow/example_dags/example_sensors.py
[2023-12-18T23:02:24.341+0100] {logging_mixin.py:154} INFO - [2023-12-18T23:02:24.341+0100] {dag.py:2941} INFO - Sync 1 DAGs
[2023-12-18T23:02:24.356+0100] {logging_mixin.py:154} INFO - [2023-12-18T23:02:24.355+0100] {dag.py:3722} INFO - Setting next_dagrun for example_sensors to None, run_after=None
[2023-12-18T23:02:24.384+0100] {processor.py:179} INFO - Processing /Users/user/Desktop/Learning/AIRFLOW-TUTORIAL/py_env/lib/python3.11/site-packages/airflow/example_dags/example_sensors.py took 0.394 seconds
[2023-12-18T23:05:21.050+0100] {processor.py:157} INFO - Started process (PID=37565) to work on /Users/user/Desktop/Learning/AIRFLOW-TUTORIAL/py_env/lib/python3.11/site-packages/airflow/example_dags/example_sensors.py
[2023-12-18T23:05:21.055+0100] {processor.py:829} INFO - Processing file /Users/user/Desktop/Learning/AIRFLOW-TUTORIAL/py_env/lib/python3.11/site-packages/airflow/example_dags/example_sensors.py for tasks to queue
[2023-12-18T23:05:21.056+0100] {logging_mixin.py:154} INFO - [2023-12-18T23:05:21.056+0100] {dagbag.py:536} INFO - Filling up the DagBag from /Users/user/Desktop/Learning/AIRFLOW-TUTORIAL/py_env/lib/python3.11/site-packages/airflow/example_dags/example_sensors.py
[2023-12-18T23:05:21.097+0100] {processor.py:839} INFO - DAG(s) dict_keys(['example_sensors']) retrieved from /Users/user/Desktop/Learning/AIRFLOW-TUTORIAL/py_env/lib/python3.11/site-packages/airflow/example_dags/example_sensors.py
[2023-12-18T23:05:21.341+0100] {logging_mixin.py:154} INFO - [2023-12-18T23:05:21.341+0100] {dag.py:2941} INFO - Sync 1 DAGs
[2023-12-18T23:05:21.354+0100] {logging_mixin.py:154} INFO - [2023-12-18T23:05:21.354+0100] {dag.py:3722} INFO - Setting next_dagrun for example_sensors to None, run_after=None
[2023-12-18T23:05:21.380+0100] {processor.py:179} INFO - Processing /Users/user/Desktop/Learning/AIRFLOW-TUTORIAL/py_env/lib/python3.11/site-packages/airflow/example_dags/example_sensors.py took 0.331 seconds
[2023-12-18T23:07:42.561+0100] {processor.py:157} INFO - Started process (PID=38714) to work on /Users/user/Desktop/Learning/AIRFLOW-TUTORIAL/py_env/lib/python3.11/site-packages/airflow/example_dags/example_sensors.py
[2023-12-18T23:07:42.565+0100] {processor.py:829} INFO - Processing file /Users/user/Desktop/Learning/AIRFLOW-TUTORIAL/py_env/lib/python3.11/site-packages/airflow/example_dags/example_sensors.py for tasks to queue
[2023-12-18T23:07:42.566+0100] {logging_mixin.py:154} INFO - [2023-12-18T23:07:42.566+0100] {dagbag.py:536} INFO - Filling up the DagBag from /Users/user/Desktop/Learning/AIRFLOW-TUTORIAL/py_env/lib/python3.11/site-packages/airflow/example_dags/example_sensors.py
[2023-12-18T23:07:42.611+0100] {processor.py:839} INFO - DAG(s) dict_keys(['example_sensors']) retrieved from /Users/user/Desktop/Learning/AIRFLOW-TUTORIAL/py_env/lib/python3.11/site-packages/airflow/example_dags/example_sensors.py
[2023-12-18T23:07:42.879+0100] {logging_mixin.py:154} INFO - [2023-12-18T23:07:42.879+0100] {dag.py:2941} INFO - Sync 1 DAGs
[2023-12-18T23:07:42.891+0100] {logging_mixin.py:154} INFO - [2023-12-18T23:07:42.891+0100] {dag.py:3722} INFO - Setting next_dagrun for example_sensors to None, run_after=None
[2023-12-18T23:07:42.916+0100] {processor.py:179} INFO - Processing /Users/user/Desktop/Learning/AIRFLOW-TUTORIAL/py_env/lib/python3.11/site-packages/airflow/example_dags/example_sensors.py took 0.356 seconds
