[2023-12-18T22:39:25.434+0100] {processor.py:157} INFO - Started process (PID=25793) to work on /Users/user/Desktop/Learning/AIRFLOW-TUTORIAL/py_env/lib/python3.11/site-packages/airflow/example_dags/example_branch_datetime_operator.py
[2023-12-18T22:39:25.438+0100] {processor.py:829} INFO - Processing file /Users/user/Desktop/Learning/AIRFLOW-TUTORIAL/py_env/lib/python3.11/site-packages/airflow/example_dags/example_branch_datetime_operator.py for tasks to queue
[2023-12-18T22:39:25.438+0100] {logging_mixin.py:154} INFO - [2023-12-18T22:39:25.438+0100] {dagbag.py:536} INFO - Filling up the DagBag from /Users/user/Desktop/Learning/AIRFLOW-TUTORIAL/py_env/lib/python3.11/site-packages/airflow/example_dags/example_branch_datetime_operator.py
[2023-12-18T22:39:25.475+0100] {processor.py:839} INFO - DAG(s) dict_keys(['example_branch_datetime_operator', 'example_branch_datetime_operator_3', 'example_branch_datetime_operator_2']) retrieved from /Users/user/Desktop/Learning/AIRFLOW-TUTORIAL/py_env/lib/python3.11/site-packages/airflow/example_dags/example_branch_datetime_operator.py
[2023-12-18T22:39:26.153+0100] {logging_mixin.py:154} INFO - [2023-12-18T22:39:26.152+0100] {manager.py:499} INFO - Created Permission View: %s
[2023-12-18T22:39:26.163+0100] {logging_mixin.py:154} INFO - [2023-12-18T22:39:26.163+0100] {manager.py:499} INFO - Created Permission View: %s
[2023-12-18T22:39:26.169+0100] {logging_mixin.py:154} INFO - [2023-12-18T22:39:26.169+0100] {manager.py:499} INFO - Created Permission View: %s
[2023-12-18T22:39:26.185+0100] {logging_mixin.py:154} INFO - [2023-12-18T22:39:26.185+0100] {manager.py:499} INFO - Created Permission View: %s
[2023-12-18T22:39:26.192+0100] {logging_mixin.py:154} INFO - [2023-12-18T22:39:26.192+0100] {manager.py:499} INFO - Created Permission View: %s
[2023-12-18T22:39:26.200+0100] {logging_mixin.py:154} INFO - [2023-12-18T22:39:26.199+0100] {manager.py:499} INFO - Created Permission View: %s
[2023-12-18T22:39:26.215+0100] {logging_mixin.py:154} INFO - [2023-12-18T22:39:26.214+0100] {manager.py:499} INFO - Created Permission View: %s
[2023-12-18T22:39:26.221+0100] {logging_mixin.py:154} INFO - [2023-12-18T22:39:26.221+0100] {manager.py:499} INFO - Created Permission View: %s
[2023-12-18T22:39:26.227+0100] {logging_mixin.py:154} INFO - [2023-12-18T22:39:26.227+0100] {manager.py:499} INFO - Created Permission View: %s
[2023-12-18T22:39:26.228+0100] {logging_mixin.py:154} INFO - [2023-12-18T22:39:26.228+0100] {dag.py:2941} INFO - Sync 3 DAGs
[2023-12-18T22:39:26.242+0100] {logging_mixin.py:154} INFO - [2023-12-18T22:39:26.241+0100] {dag.py:2963} INFO - Creating ORM DAG for example_branch_datetime_operator_3
[2023-12-18T22:39:26.243+0100] {logging_mixin.py:154} INFO - [2023-12-18T22:39:26.242+0100] {dag.py:2963} INFO - Creating ORM DAG for example_branch_datetime_operator_2
[2023-12-18T22:39:26.243+0100] {logging_mixin.py:154} INFO - [2023-12-18T22:39:26.243+0100] {dag.py:2963} INFO - Creating ORM DAG for example_branch_datetime_operator
[2023-12-18T22:39:26.254+0100] {logging_mixin.py:154} INFO - [2023-12-18T22:39:26.254+0100] {dag.py:3722} INFO - Setting next_dagrun for example_branch_datetime_operator to 2023-12-17T00:00:00+00:00, run_after=2023-12-18T00:00:00+00:00
[2023-12-18T22:39:26.257+0100] {logging_mixin.py:154} INFO - [2023-12-18T22:39:26.256+0100] {dag.py:3722} INFO - Setting next_dagrun for example_branch_datetime_operator_2 to 2023-12-17T00:00:00+00:00, run_after=2023-12-18T00:00:00+00:00
[2023-12-18T22:39:26.259+0100] {logging_mixin.py:154} INFO - [2023-12-18T22:39:26.259+0100] {dag.py:3722} INFO - Setting next_dagrun for example_branch_datetime_operator_3 to 2023-12-17T00:00:00+00:00, run_after=2023-12-18T00:00:00+00:00
[2023-12-18T22:39:26.278+0100] {processor.py:179} INFO - Processing /Users/user/Desktop/Learning/AIRFLOW-TUTORIAL/py_env/lib/python3.11/site-packages/airflow/example_dags/example_branch_datetime_operator.py took 0.845 seconds
[2023-12-18T22:42:28.104+0100] {processor.py:157} INFO - Started process (PID=27432) to work on /Users/user/Desktop/Learning/AIRFLOW-TUTORIAL/py_env/lib/python3.11/site-packages/airflow/example_dags/example_branch_datetime_operator.py
[2023-12-18T22:42:28.110+0100] {processor.py:829} INFO - Processing file /Users/user/Desktop/Learning/AIRFLOW-TUTORIAL/py_env/lib/python3.11/site-packages/airflow/example_dags/example_branch_datetime_operator.py for tasks to queue
[2023-12-18T22:42:28.111+0100] {logging_mixin.py:154} INFO - [2023-12-18T22:42:28.111+0100] {dagbag.py:536} INFO - Filling up the DagBag from /Users/user/Desktop/Learning/AIRFLOW-TUTORIAL/py_env/lib/python3.11/site-packages/airflow/example_dags/example_branch_datetime_operator.py
[2023-12-18T22:42:28.150+0100] {processor.py:839} INFO - DAG(s) dict_keys(['example_branch_datetime_operator_3', 'example_branch_datetime_operator', 'example_branch_datetime_operator_2']) retrieved from /Users/user/Desktop/Learning/AIRFLOW-TUTORIAL/py_env/lib/python3.11/site-packages/airflow/example_dags/example_branch_datetime_operator.py
[2023-12-18T22:42:28.365+0100] {logging_mixin.py:154} INFO - [2023-12-18T22:42:28.364+0100] {dag.py:2941} INFO - Sync 3 DAGs
[2023-12-18T22:42:28.389+0100] {logging_mixin.py:154} INFO - [2023-12-18T22:42:28.389+0100] {dag.py:3722} INFO - Setting next_dagrun for example_branch_datetime_operator to 2023-12-17T00:00:00+00:00, run_after=2023-12-18T00:00:00+00:00
[2023-12-18T22:42:28.396+0100] {logging_mixin.py:154} INFO - [2023-12-18T22:42:28.396+0100] {dag.py:3722} INFO - Setting next_dagrun for example_branch_datetime_operator_2 to 2023-12-17T00:00:00+00:00, run_after=2023-12-18T00:00:00+00:00
[2023-12-18T22:42:28.399+0100] {logging_mixin.py:154} INFO - [2023-12-18T22:42:28.399+0100] {dag.py:3722} INFO - Setting next_dagrun for example_branch_datetime_operator_3 to 2023-12-17T00:00:00+00:00, run_after=2023-12-18T00:00:00+00:00
[2023-12-18T22:42:28.418+0100] {processor.py:179} INFO - Processing /Users/user/Desktop/Learning/AIRFLOW-TUTORIAL/py_env/lib/python3.11/site-packages/airflow/example_dags/example_branch_datetime_operator.py took 0.315 seconds
[2023-12-18T22:45:42.157+0100] {processor.py:157} INFO - Started process (PID=28878) to work on /Users/user/Desktop/Learning/AIRFLOW-TUTORIAL/py_env/lib/python3.11/site-packages/airflow/example_dags/example_branch_datetime_operator.py
[2023-12-18T22:45:42.162+0100] {processor.py:829} INFO - Processing file /Users/user/Desktop/Learning/AIRFLOW-TUTORIAL/py_env/lib/python3.11/site-packages/airflow/example_dags/example_branch_datetime_operator.py for tasks to queue
[2023-12-18T22:45:42.162+0100] {logging_mixin.py:154} INFO - [2023-12-18T22:45:42.162+0100] {dagbag.py:536} INFO - Filling up the DagBag from /Users/user/Desktop/Learning/AIRFLOW-TUTORIAL/py_env/lib/python3.11/site-packages/airflow/example_dags/example_branch_datetime_operator.py
[2023-12-18T22:45:42.199+0100] {processor.py:839} INFO - DAG(s) dict_keys(['example_branch_datetime_operator_3', 'example_branch_datetime_operator', 'example_branch_datetime_operator_2']) retrieved from /Users/user/Desktop/Learning/AIRFLOW-TUTORIAL/py_env/lib/python3.11/site-packages/airflow/example_dags/example_branch_datetime_operator.py
[2023-12-18T22:45:42.413+0100] {logging_mixin.py:154} INFO - [2023-12-18T22:45:42.413+0100] {dag.py:2941} INFO - Sync 3 DAGs
[2023-12-18T22:45:42.437+0100] {logging_mixin.py:154} INFO - [2023-12-18T22:45:42.437+0100] {dag.py:3722} INFO - Setting next_dagrun for example_branch_datetime_operator to 2023-12-17T00:00:00+00:00, run_after=2023-12-18T00:00:00+00:00
[2023-12-18T22:45:42.446+0100] {logging_mixin.py:154} INFO - [2023-12-18T22:45:42.445+0100] {dag.py:3722} INFO - Setting next_dagrun for example_branch_datetime_operator_2 to 2023-12-17T00:00:00+00:00, run_after=2023-12-18T00:00:00+00:00
[2023-12-18T22:45:42.448+0100] {logging_mixin.py:154} INFO - [2023-12-18T22:45:42.448+0100] {dag.py:3722} INFO - Setting next_dagrun for example_branch_datetime_operator_3 to 2023-12-17T00:00:00+00:00, run_after=2023-12-18T00:00:00+00:00
[2023-12-18T22:45:42.468+0100] {processor.py:179} INFO - Processing /Users/user/Desktop/Learning/AIRFLOW-TUTORIAL/py_env/lib/python3.11/site-packages/airflow/example_dags/example_branch_datetime_operator.py took 0.312 seconds
[2023-12-18T22:49:01.524+0100] {processor.py:157} INFO - Started process (PID=30509) to work on /Users/user/Desktop/Learning/AIRFLOW-TUTORIAL/py_env/lib/python3.11/site-packages/airflow/example_dags/example_branch_datetime_operator.py
[2023-12-18T22:49:01.528+0100] {processor.py:829} INFO - Processing file /Users/user/Desktop/Learning/AIRFLOW-TUTORIAL/py_env/lib/python3.11/site-packages/airflow/example_dags/example_branch_datetime_operator.py for tasks to queue
[2023-12-18T22:49:01.529+0100] {logging_mixin.py:154} INFO - [2023-12-18T22:49:01.529+0100] {dagbag.py:536} INFO - Filling up the DagBag from /Users/user/Desktop/Learning/AIRFLOW-TUTORIAL/py_env/lib/python3.11/site-packages/airflow/example_dags/example_branch_datetime_operator.py
[2023-12-18T22:49:01.564+0100] {processor.py:839} INFO - DAG(s) dict_keys(['example_branch_datetime_operator_2', 'example_branch_datetime_operator_3', 'example_branch_datetime_operator']) retrieved from /Users/user/Desktop/Learning/AIRFLOW-TUTORIAL/py_env/lib/python3.11/site-packages/airflow/example_dags/example_branch_datetime_operator.py
[2023-12-18T22:49:01.768+0100] {logging_mixin.py:154} INFO - [2023-12-18T22:49:01.768+0100] {dag.py:2941} INFO - Sync 3 DAGs
[2023-12-18T22:49:01.794+0100] {logging_mixin.py:154} INFO - [2023-12-18T22:49:01.794+0100] {dag.py:3722} INFO - Setting next_dagrun for example_branch_datetime_operator to 2023-12-17T00:00:00+00:00, run_after=2023-12-18T00:00:00+00:00
[2023-12-18T22:49:01.799+0100] {logging_mixin.py:154} INFO - [2023-12-18T22:49:01.798+0100] {dag.py:3722} INFO - Setting next_dagrun for example_branch_datetime_operator_2 to 2023-12-17T00:00:00+00:00, run_after=2023-12-18T00:00:00+00:00
[2023-12-18T22:49:01.801+0100] {logging_mixin.py:154} INFO - [2023-12-18T22:49:01.801+0100] {dag.py:3722} INFO - Setting next_dagrun for example_branch_datetime_operator_3 to 2023-12-17T00:00:00+00:00, run_after=2023-12-18T00:00:00+00:00
[2023-12-18T22:49:01.823+0100] {processor.py:179} INFO - Processing /Users/user/Desktop/Learning/AIRFLOW-TUTORIAL/py_env/lib/python3.11/site-packages/airflow/example_dags/example_branch_datetime_operator.py took 0.299 seconds
[2023-12-18T22:52:28.210+0100] {processor.py:157} INFO - Started process (PID=32226) to work on /Users/user/Desktop/Learning/AIRFLOW-TUTORIAL/py_env/lib/python3.11/site-packages/airflow/example_dags/example_branch_datetime_operator.py
[2023-12-18T22:52:28.217+0100] {processor.py:829} INFO - Processing file /Users/user/Desktop/Learning/AIRFLOW-TUTORIAL/py_env/lib/python3.11/site-packages/airflow/example_dags/example_branch_datetime_operator.py for tasks to queue
[2023-12-18T22:52:28.218+0100] {logging_mixin.py:154} INFO - [2023-12-18T22:52:28.218+0100] {dagbag.py:536} INFO - Filling up the DagBag from /Users/user/Desktop/Learning/AIRFLOW-TUTORIAL/py_env/lib/python3.11/site-packages/airflow/example_dags/example_branch_datetime_operator.py
[2023-12-18T22:52:28.270+0100] {processor.py:839} INFO - DAG(s) dict_keys(['example_branch_datetime_operator_2', 'example_branch_datetime_operator', 'example_branch_datetime_operator_3']) retrieved from /Users/user/Desktop/Learning/AIRFLOW-TUTORIAL/py_env/lib/python3.11/site-packages/airflow/example_dags/example_branch_datetime_operator.py
[2023-12-18T22:52:28.593+0100] {logging_mixin.py:154} INFO - [2023-12-18T22:52:28.592+0100] {dag.py:2941} INFO - Sync 3 DAGs
[2023-12-18T22:52:28.626+0100] {logging_mixin.py:154} INFO - [2023-12-18T22:52:28.626+0100] {dag.py:3722} INFO - Setting next_dagrun for example_branch_datetime_operator to 2023-12-17T00:00:00+00:00, run_after=2023-12-18T00:00:00+00:00
[2023-12-18T22:52:28.642+0100] {logging_mixin.py:154} INFO - [2023-12-18T22:52:28.642+0100] {dag.py:3722} INFO - Setting next_dagrun for example_branch_datetime_operator_2 to 2023-12-17T00:00:00+00:00, run_after=2023-12-18T00:00:00+00:00
[2023-12-18T22:52:28.645+0100] {logging_mixin.py:154} INFO - [2023-12-18T22:52:28.645+0100] {dag.py:3722} INFO - Setting next_dagrun for example_branch_datetime_operator_3 to 2023-12-17T00:00:00+00:00, run_after=2023-12-18T00:00:00+00:00
[2023-12-18T22:52:28.670+0100] {processor.py:179} INFO - Processing /Users/user/Desktop/Learning/AIRFLOW-TUTORIAL/py_env/lib/python3.11/site-packages/airflow/example_dags/example_branch_datetime_operator.py took 0.461 seconds
[2023-12-18T22:56:08.286+0100] {processor.py:157} INFO - Started process (PID=33878) to work on /Users/user/Desktop/Learning/AIRFLOW-TUTORIAL/py_env/lib/python3.11/site-packages/airflow/example_dags/example_branch_datetime_operator.py
[2023-12-18T22:56:08.291+0100] {processor.py:829} INFO - Processing file /Users/user/Desktop/Learning/AIRFLOW-TUTORIAL/py_env/lib/python3.11/site-packages/airflow/example_dags/example_branch_datetime_operator.py for tasks to queue
[2023-12-18T22:56:08.291+0100] {logging_mixin.py:154} INFO - [2023-12-18T22:56:08.291+0100] {dagbag.py:536} INFO - Filling up the DagBag from /Users/user/Desktop/Learning/AIRFLOW-TUTORIAL/py_env/lib/python3.11/site-packages/airflow/example_dags/example_branch_datetime_operator.py
[2023-12-18T22:56:08.332+0100] {processor.py:839} INFO - DAG(s) dict_keys(['example_branch_datetime_operator', 'example_branch_datetime_operator_2', 'example_branch_datetime_operator_3']) retrieved from /Users/user/Desktop/Learning/AIRFLOW-TUTORIAL/py_env/lib/python3.11/site-packages/airflow/example_dags/example_branch_datetime_operator.py
[2023-12-18T22:56:08.571+0100] {logging_mixin.py:154} INFO - [2023-12-18T22:56:08.571+0100] {dag.py:2941} INFO - Sync 3 DAGs
[2023-12-18T22:56:08.597+0100] {logging_mixin.py:154} INFO - [2023-12-18T22:56:08.597+0100] {dag.py:3722} INFO - Setting next_dagrun for example_branch_datetime_operator to 2023-12-17T00:00:00+00:00, run_after=2023-12-18T00:00:00+00:00
[2023-12-18T22:56:08.604+0100] {logging_mixin.py:154} INFO - [2023-12-18T22:56:08.604+0100] {dag.py:3722} INFO - Setting next_dagrun for example_branch_datetime_operator_2 to 2023-12-17T00:00:00+00:00, run_after=2023-12-18T00:00:00+00:00
[2023-12-18T22:56:08.608+0100] {logging_mixin.py:154} INFO - [2023-12-18T22:56:08.607+0100] {dag.py:3722} INFO - Setting next_dagrun for example_branch_datetime_operator_3 to 2023-12-17T00:00:00+00:00, run_after=2023-12-18T00:00:00+00:00
[2023-12-18T22:56:08.635+0100] {processor.py:179} INFO - Processing /Users/user/Desktop/Learning/AIRFLOW-TUTORIAL/py_env/lib/python3.11/site-packages/airflow/example_dags/example_branch_datetime_operator.py took 0.350 seconds
[2023-12-18T22:59:33.493+0100] {processor.py:157} INFO - Started process (PID=35640) to work on /Users/user/Desktop/Learning/AIRFLOW-TUTORIAL/py_env/lib/python3.11/site-packages/airflow/example_dags/example_branch_datetime_operator.py
[2023-12-18T22:59:33.499+0100] {processor.py:829} INFO - Processing file /Users/user/Desktop/Learning/AIRFLOW-TUTORIAL/py_env/lib/python3.11/site-packages/airflow/example_dags/example_branch_datetime_operator.py for tasks to queue
[2023-12-18T22:59:33.500+0100] {logging_mixin.py:154} INFO - [2023-12-18T22:59:33.500+0100] {dagbag.py:536} INFO - Filling up the DagBag from /Users/user/Desktop/Learning/AIRFLOW-TUTORIAL/py_env/lib/python3.11/site-packages/airflow/example_dags/example_branch_datetime_operator.py
[2023-12-18T22:59:33.540+0100] {processor.py:839} INFO - DAG(s) dict_keys(['example_branch_datetime_operator_3', 'example_branch_datetime_operator_2', 'example_branch_datetime_operator']) retrieved from /Users/user/Desktop/Learning/AIRFLOW-TUTORIAL/py_env/lib/python3.11/site-packages/airflow/example_dags/example_branch_datetime_operator.py
[2023-12-18T22:59:33.776+0100] {logging_mixin.py:154} INFO - [2023-12-18T22:59:33.776+0100] {dag.py:2941} INFO - Sync 3 DAGs
[2023-12-18T22:59:33.800+0100] {logging_mixin.py:154} INFO - [2023-12-18T22:59:33.800+0100] {dag.py:3722} INFO - Setting next_dagrun for example_branch_datetime_operator to 2023-12-17T00:00:00+00:00, run_after=2023-12-18T00:00:00+00:00
[2023-12-18T22:59:33.805+0100] {logging_mixin.py:154} INFO - [2023-12-18T22:59:33.805+0100] {dag.py:3722} INFO - Setting next_dagrun for example_branch_datetime_operator_2 to 2023-12-17T00:00:00+00:00, run_after=2023-12-18T00:00:00+00:00
[2023-12-18T22:59:33.808+0100] {logging_mixin.py:154} INFO - [2023-12-18T22:59:33.808+0100] {dag.py:3722} INFO - Setting next_dagrun for example_branch_datetime_operator_3 to 2023-12-17T00:00:00+00:00, run_after=2023-12-18T00:00:00+00:00
[2023-12-18T22:59:33.830+0100] {processor.py:179} INFO - Processing /Users/user/Desktop/Learning/AIRFLOW-TUTORIAL/py_env/lib/python3.11/site-packages/airflow/example_dags/example_branch_datetime_operator.py took 0.338 seconds
[2023-12-18T23:03:06.808+0100] {processor.py:157} INFO - Started process (PID=36859) to work on /Users/user/Desktop/Learning/AIRFLOW-TUTORIAL/py_env/lib/python3.11/site-packages/airflow/example_dags/example_branch_datetime_operator.py
[2023-12-18T23:03:06.813+0100] {processor.py:829} INFO - Processing file /Users/user/Desktop/Learning/AIRFLOW-TUTORIAL/py_env/lib/python3.11/site-packages/airflow/example_dags/example_branch_datetime_operator.py for tasks to queue
[2023-12-18T23:03:06.813+0100] {logging_mixin.py:154} INFO - [2023-12-18T23:03:06.813+0100] {dagbag.py:536} INFO - Filling up the DagBag from /Users/user/Desktop/Learning/AIRFLOW-TUTORIAL/py_env/lib/python3.11/site-packages/airflow/example_dags/example_branch_datetime_operator.py
[2023-12-18T23:03:06.861+0100] {processor.py:839} INFO - DAG(s) dict_keys(['example_branch_datetime_operator_3', 'example_branch_datetime_operator', 'example_branch_datetime_operator_2']) retrieved from /Users/user/Desktop/Learning/AIRFLOW-TUTORIAL/py_env/lib/python3.11/site-packages/airflow/example_dags/example_branch_datetime_operator.py
[2023-12-18T23:03:07.117+0100] {logging_mixin.py:154} INFO - [2023-12-18T23:03:07.117+0100] {dag.py:2941} INFO - Sync 3 DAGs
[2023-12-18T23:03:07.138+0100] {logging_mixin.py:154} INFO - [2023-12-18T23:03:07.138+0100] {dag.py:3722} INFO - Setting next_dagrun for example_branch_datetime_operator to 2023-12-17T00:00:00+00:00, run_after=2023-12-18T00:00:00+00:00
[2023-12-18T23:03:07.143+0100] {logging_mixin.py:154} INFO - [2023-12-18T23:03:07.143+0100] {dag.py:3722} INFO - Setting next_dagrun for example_branch_datetime_operator_2 to 2023-12-17T00:00:00+00:00, run_after=2023-12-18T00:00:00+00:00
[2023-12-18T23:03:07.146+0100] {logging_mixin.py:154} INFO - [2023-12-18T23:03:07.146+0100] {dag.py:3722} INFO - Setting next_dagrun for example_branch_datetime_operator_3 to 2023-12-17T00:00:00+00:00, run_after=2023-12-18T00:00:00+00:00
[2023-12-18T23:03:07.168+0100] {processor.py:179} INFO - Processing /Users/user/Desktop/Learning/AIRFLOW-TUTORIAL/py_env/lib/python3.11/site-packages/airflow/example_dags/example_branch_datetime_operator.py took 0.361 seconds
[2023-12-18T23:06:28.111+0100] {processor.py:157} INFO - Started process (PID=38190) to work on /Users/user/Desktop/Learning/AIRFLOW-TUTORIAL/py_env/lib/python3.11/site-packages/airflow/example_dags/example_branch_datetime_operator.py
[2023-12-18T23:06:28.117+0100] {processor.py:829} INFO - Processing file /Users/user/Desktop/Learning/AIRFLOW-TUTORIAL/py_env/lib/python3.11/site-packages/airflow/example_dags/example_branch_datetime_operator.py for tasks to queue
[2023-12-18T23:06:28.118+0100] {logging_mixin.py:154} INFO - [2023-12-18T23:06:28.118+0100] {dagbag.py:536} INFO - Filling up the DagBag from /Users/user/Desktop/Learning/AIRFLOW-TUTORIAL/py_env/lib/python3.11/site-packages/airflow/example_dags/example_branch_datetime_operator.py
[2023-12-18T23:06:28.158+0100] {processor.py:839} INFO - DAG(s) dict_keys(['example_branch_datetime_operator', 'example_branch_datetime_operator_3', 'example_branch_datetime_operator_2']) retrieved from /Users/user/Desktop/Learning/AIRFLOW-TUTORIAL/py_env/lib/python3.11/site-packages/airflow/example_dags/example_branch_datetime_operator.py
[2023-12-18T23:06:28.494+0100] {logging_mixin.py:154} INFO - [2023-12-18T23:06:28.494+0100] {dag.py:2941} INFO - Sync 3 DAGs
[2023-12-18T23:06:28.529+0100] {logging_mixin.py:154} INFO - [2023-12-18T23:06:28.529+0100] {dag.py:3722} INFO - Setting next_dagrun for example_branch_datetime_operator to 2023-12-17T00:00:00+00:00, run_after=2023-12-18T00:00:00+00:00
[2023-12-18T23:06:28.538+0100] {logging_mixin.py:154} INFO - [2023-12-18T23:06:28.537+0100] {dag.py:3722} INFO - Setting next_dagrun for example_branch_datetime_operator_2 to 2023-12-17T00:00:00+00:00, run_after=2023-12-18T00:00:00+00:00
[2023-12-18T23:06:28.543+0100] {logging_mixin.py:154} INFO - [2023-12-18T23:06:28.542+0100] {dag.py:3722} INFO - Setting next_dagrun for example_branch_datetime_operator_3 to 2023-12-17T00:00:00+00:00, run_after=2023-12-18T00:00:00+00:00
[2023-12-18T23:06:28.577+0100] {processor.py:179} INFO - Processing /Users/user/Desktop/Learning/AIRFLOW-TUTORIAL/py_env/lib/python3.11/site-packages/airflow/example_dags/example_branch_datetime_operator.py took 0.467 seconds
