[2023-12-18T22:38:52.476+0100] {processor.py:157} INFO - Started process (PID=25502) to work on /Users/user/Desktop/Learning/AIRFLOW-TUTORIAL/py_env/lib/python3.11/site-packages/airflow/example_dags/example_dynamic_task_mapping_with_no_taskflow_operators.py
[2023-12-18T22:38:52.479+0100] {processor.py:829} INFO - Processing file /Users/user/Desktop/Learning/AIRFLOW-TUTORIAL/py_env/lib/python3.11/site-packages/airflow/example_dags/example_dynamic_task_mapping_with_no_taskflow_operators.py for tasks to queue
[2023-12-18T22:38:52.480+0100] {logging_mixin.py:154} INFO - [2023-12-18T22:38:52.480+0100] {dagbag.py:536} INFO - Filling up the DagBag from /Users/user/Desktop/Learning/AIRFLOW-TUTORIAL/py_env/lib/python3.11/site-packages/airflow/example_dags/example_dynamic_task_mapping_with_no_taskflow_operators.py
[2023-12-18T22:38:52.514+0100] {processor.py:839} INFO - DAG(s) dict_keys(['example_dynamic_task_mapping_with_no_taskflow_operators']) retrieved from /Users/user/Desktop/Learning/AIRFLOW-TUTORIAL/py_env/lib/python3.11/site-packages/airflow/example_dags/example_dynamic_task_mapping_with_no_taskflow_operators.py
[2023-12-18T22:38:53.214+0100] {logging_mixin.py:154} INFO - [2023-12-18T22:38:53.214+0100] {manager.py:499} INFO - Created Permission View: %s
[2023-12-18T22:38:53.223+0100] {logging_mixin.py:154} INFO - [2023-12-18T22:38:53.223+0100] {manager.py:499} INFO - Created Permission View: %s
[2023-12-18T22:38:53.229+0100] {logging_mixin.py:154} INFO - [2023-12-18T22:38:53.229+0100] {manager.py:499} INFO - Created Permission View: %s
[2023-12-18T22:38:53.229+0100] {logging_mixin.py:154} INFO - [2023-12-18T22:38:53.229+0100] {dag.py:2941} INFO - Sync 1 DAGs
[2023-12-18T22:38:53.242+0100] {logging_mixin.py:154} INFO - [2023-12-18T22:38:53.242+0100] {dag.py:2963} INFO - Creating ORM DAG for example_dynamic_task_mapping_with_no_taskflow_operators
[2023-12-18T22:38:53.251+0100] {logging_mixin.py:154} INFO - [2023-12-18T22:38:53.251+0100] {dag.py:3722} INFO - Setting next_dagrun for example_dynamic_task_mapping_with_no_taskflow_operators to 2023-12-17T21:38:53.251577+00:00, run_after=2023-12-18T21:38:53.251577+00:00
[2023-12-18T22:38:53.270+0100] {processor.py:179} INFO - Processing /Users/user/Desktop/Learning/AIRFLOW-TUTORIAL/py_env/lib/python3.11/site-packages/airflow/example_dags/example_dynamic_task_mapping_with_no_taskflow_operators.py took 0.796 seconds
[2023-12-18T22:41:00.734+0100] {processor.py:157} INFO - Started process (PID=26714) to work on /Users/user/Desktop/Learning/AIRFLOW-TUTORIAL/py_env/lib/python3.11/site-packages/airflow/example_dags/example_dynamic_task_mapping_with_no_taskflow_operators.py
[2023-12-18T22:41:00.738+0100] {processor.py:829} INFO - Processing file /Users/user/Desktop/Learning/AIRFLOW-TUTORIAL/py_env/lib/python3.11/site-packages/airflow/example_dags/example_dynamic_task_mapping_with_no_taskflow_operators.py for tasks to queue
[2023-12-18T22:41:00.738+0100] {logging_mixin.py:154} INFO - [2023-12-18T22:41:00.738+0100] {dagbag.py:536} INFO - Filling up the DagBag from /Users/user/Desktop/Learning/AIRFLOW-TUTORIAL/py_env/lib/python3.11/site-packages/airflow/example_dags/example_dynamic_task_mapping_with_no_taskflow_operators.py
[2023-12-18T22:41:00.761+0100] {processor.py:839} INFO - DAG(s) dict_keys(['example_dynamic_task_mapping_with_no_taskflow_operators']) retrieved from /Users/user/Desktop/Learning/AIRFLOW-TUTORIAL/py_env/lib/python3.11/site-packages/airflow/example_dags/example_dynamic_task_mapping_with_no_taskflow_operators.py
[2023-12-18T22:41:00.918+0100] {logging_mixin.py:154} INFO - [2023-12-18T22:41:00.918+0100] {dag.py:2941} INFO - Sync 1 DAGs
[2023-12-18T22:41:00.932+0100] {logging_mixin.py:154} INFO - [2023-12-18T22:41:00.932+0100] {dag.py:3722} INFO - Setting next_dagrun for example_dynamic_task_mapping_with_no_taskflow_operators to 2023-12-17T21:41:00.932283+00:00, run_after=2023-12-18T21:41:00.932283+00:00
[2023-12-18T22:41:00.948+0100] {processor.py:179} INFO - Processing /Users/user/Desktop/Learning/AIRFLOW-TUTORIAL/py_env/lib/python3.11/site-packages/airflow/example_dags/example_dynamic_task_mapping_with_no_taskflow_operators.py took 0.214 seconds
[2023-12-18T22:44:02.148+0100] {processor.py:157} INFO - Started process (PID=28057) to work on /Users/user/Desktop/Learning/AIRFLOW-TUTORIAL/py_env/lib/python3.11/site-packages/airflow/example_dags/example_dynamic_task_mapping_with_no_taskflow_operators.py
[2023-12-18T22:44:02.152+0100] {processor.py:829} INFO - Processing file /Users/user/Desktop/Learning/AIRFLOW-TUTORIAL/py_env/lib/python3.11/site-packages/airflow/example_dags/example_dynamic_task_mapping_with_no_taskflow_operators.py for tasks to queue
[2023-12-18T22:44:02.152+0100] {logging_mixin.py:154} INFO - [2023-12-18T22:44:02.152+0100] {dagbag.py:536} INFO - Filling up the DagBag from /Users/user/Desktop/Learning/AIRFLOW-TUTORIAL/py_env/lib/python3.11/site-packages/airflow/example_dags/example_dynamic_task_mapping_with_no_taskflow_operators.py
[2023-12-18T22:44:02.181+0100] {processor.py:839} INFO - DAG(s) dict_keys(['example_dynamic_task_mapping_with_no_taskflow_operators']) retrieved from /Users/user/Desktop/Learning/AIRFLOW-TUTORIAL/py_env/lib/python3.11/site-packages/airflow/example_dags/example_dynamic_task_mapping_with_no_taskflow_operators.py
[2023-12-18T22:44:02.404+0100] {logging_mixin.py:154} INFO - [2023-12-18T22:44:02.403+0100] {dag.py:2941} INFO - Sync 1 DAGs
[2023-12-18T22:44:02.425+0100] {logging_mixin.py:154} INFO - [2023-12-18T22:44:02.424+0100] {dag.py:3722} INFO - Setting next_dagrun for example_dynamic_task_mapping_with_no_taskflow_operators to 2023-12-17T21:44:02.424443+00:00, run_after=2023-12-18T21:44:02.424443+00:00
[2023-12-18T22:44:02.448+0100] {processor.py:179} INFO - Processing /Users/user/Desktop/Learning/AIRFLOW-TUTORIAL/py_env/lib/python3.11/site-packages/airflow/example_dags/example_dynamic_task_mapping_with_no_taskflow_operators.py took 0.302 seconds
[2023-12-18T22:47:19.663+0100] {processor.py:157} INFO - Started process (PID=29612) to work on /Users/user/Desktop/Learning/AIRFLOW-TUTORIAL/py_env/lib/python3.11/site-packages/airflow/example_dags/example_dynamic_task_mapping_with_no_taskflow_operators.py
[2023-12-18T22:47:19.667+0100] {processor.py:829} INFO - Processing file /Users/user/Desktop/Learning/AIRFLOW-TUTORIAL/py_env/lib/python3.11/site-packages/airflow/example_dags/example_dynamic_task_mapping_with_no_taskflow_operators.py for tasks to queue
[2023-12-18T22:47:19.667+0100] {logging_mixin.py:154} INFO - [2023-12-18T22:47:19.667+0100] {dagbag.py:536} INFO - Filling up the DagBag from /Users/user/Desktop/Learning/AIRFLOW-TUTORIAL/py_env/lib/python3.11/site-packages/airflow/example_dags/example_dynamic_task_mapping_with_no_taskflow_operators.py
[2023-12-18T22:47:19.699+0100] {processor.py:839} INFO - DAG(s) dict_keys(['example_dynamic_task_mapping_with_no_taskflow_operators']) retrieved from /Users/user/Desktop/Learning/AIRFLOW-TUTORIAL/py_env/lib/python3.11/site-packages/airflow/example_dags/example_dynamic_task_mapping_with_no_taskflow_operators.py
[2023-12-18T22:47:19.897+0100] {logging_mixin.py:154} INFO - [2023-12-18T22:47:19.897+0100] {dag.py:2941} INFO - Sync 1 DAGs
[2023-12-18T22:47:19.914+0100] {logging_mixin.py:154} INFO - [2023-12-18T22:47:19.914+0100] {dag.py:3722} INFO - Setting next_dagrun for example_dynamic_task_mapping_with_no_taskflow_operators to 2023-12-17T21:47:19.914291+00:00, run_after=2023-12-18T21:47:19.914291+00:00
[2023-12-18T22:47:19.934+0100] {processor.py:179} INFO - Processing /Users/user/Desktop/Learning/AIRFLOW-TUTORIAL/py_env/lib/python3.11/site-packages/airflow/example_dags/example_dynamic_task_mapping_with_no_taskflow_operators.py took 0.272 seconds
[2023-12-18T22:50:34.117+0100] {processor.py:157} INFO - Started process (PID=31322) to work on /Users/user/Desktop/Learning/AIRFLOW-TUTORIAL/py_env/lib/python3.11/site-packages/airflow/example_dags/example_dynamic_task_mapping_with_no_taskflow_operators.py
[2023-12-18T22:50:34.122+0100] {processor.py:829} INFO - Processing file /Users/user/Desktop/Learning/AIRFLOW-TUTORIAL/py_env/lib/python3.11/site-packages/airflow/example_dags/example_dynamic_task_mapping_with_no_taskflow_operators.py for tasks to queue
[2023-12-18T22:50:34.123+0100] {logging_mixin.py:154} INFO - [2023-12-18T22:50:34.123+0100] {dagbag.py:536} INFO - Filling up the DagBag from /Users/user/Desktop/Learning/AIRFLOW-TUTORIAL/py_env/lib/python3.11/site-packages/airflow/example_dags/example_dynamic_task_mapping_with_no_taskflow_operators.py
[2023-12-18T22:50:34.160+0100] {processor.py:839} INFO - DAG(s) dict_keys(['example_dynamic_task_mapping_with_no_taskflow_operators']) retrieved from /Users/user/Desktop/Learning/AIRFLOW-TUTORIAL/py_env/lib/python3.11/site-packages/airflow/example_dags/example_dynamic_task_mapping_with_no_taskflow_operators.py
[2023-12-18T22:50:34.417+0100] {logging_mixin.py:154} INFO - [2023-12-18T22:50:34.417+0100] {dag.py:2941} INFO - Sync 1 DAGs
[2023-12-18T22:50:34.443+0100] {logging_mixin.py:154} INFO - [2023-12-18T22:50:34.442+0100] {dag.py:3722} INFO - Setting next_dagrun for example_dynamic_task_mapping_with_no_taskflow_operators to 2023-12-17T21:50:34.442636+00:00, run_after=2023-12-18T21:50:34.442636+00:00
[2023-12-18T22:50:34.474+0100] {processor.py:179} INFO - Processing /Users/user/Desktop/Learning/AIRFLOW-TUTORIAL/py_env/lib/python3.11/site-packages/airflow/example_dags/example_dynamic_task_mapping_with_no_taskflow_operators.py took 0.358 seconds
[2023-12-18T22:54:16.598+0100] {processor.py:157} INFO - Started process (PID=33061) to work on /Users/user/Desktop/Learning/AIRFLOW-TUTORIAL/py_env/lib/python3.11/site-packages/airflow/example_dags/example_dynamic_task_mapping_with_no_taskflow_operators.py
[2023-12-18T22:54:16.605+0100] {processor.py:829} INFO - Processing file /Users/user/Desktop/Learning/AIRFLOW-TUTORIAL/py_env/lib/python3.11/site-packages/airflow/example_dags/example_dynamic_task_mapping_with_no_taskflow_operators.py for tasks to queue
[2023-12-18T22:54:16.606+0100] {logging_mixin.py:154} INFO - [2023-12-18T22:54:16.606+0100] {dagbag.py:536} INFO - Filling up the DagBag from /Users/user/Desktop/Learning/AIRFLOW-TUTORIAL/py_env/lib/python3.11/site-packages/airflow/example_dags/example_dynamic_task_mapping_with_no_taskflow_operators.py
[2023-12-18T22:54:16.649+0100] {processor.py:839} INFO - DAG(s) dict_keys(['example_dynamic_task_mapping_with_no_taskflow_operators']) retrieved from /Users/user/Desktop/Learning/AIRFLOW-TUTORIAL/py_env/lib/python3.11/site-packages/airflow/example_dags/example_dynamic_task_mapping_with_no_taskflow_operators.py
[2023-12-18T22:54:16.909+0100] {logging_mixin.py:154} INFO - [2023-12-18T22:54:16.908+0100] {dag.py:2941} INFO - Sync 1 DAGs
[2023-12-18T22:54:16.936+0100] {logging_mixin.py:154} INFO - [2023-12-18T22:54:16.936+0100] {dag.py:3722} INFO - Setting next_dagrun for example_dynamic_task_mapping_with_no_taskflow_operators to 2023-12-17T21:54:16.936342+00:00, run_after=2023-12-18T21:54:16.936342+00:00
[2023-12-18T22:54:16.965+0100] {processor.py:179} INFO - Processing /Users/user/Desktop/Learning/AIRFLOW-TUTORIAL/py_env/lib/python3.11/site-packages/airflow/example_dags/example_dynamic_task_mapping_with_no_taskflow_operators.py took 0.368 seconds
[2023-12-18T22:57:42.990+0100] {processor.py:157} INFO - Started process (PID=34707) to work on /Users/user/Desktop/Learning/AIRFLOW-TUTORIAL/py_env/lib/python3.11/site-packages/airflow/example_dags/example_dynamic_task_mapping_with_no_taskflow_operators.py
[2023-12-18T22:57:42.996+0100] {processor.py:829} INFO - Processing file /Users/user/Desktop/Learning/AIRFLOW-TUTORIAL/py_env/lib/python3.11/site-packages/airflow/example_dags/example_dynamic_task_mapping_with_no_taskflow_operators.py for tasks to queue
[2023-12-18T22:57:42.997+0100] {logging_mixin.py:154} INFO - [2023-12-18T22:57:42.997+0100] {dagbag.py:536} INFO - Filling up the DagBag from /Users/user/Desktop/Learning/AIRFLOW-TUTORIAL/py_env/lib/python3.11/site-packages/airflow/example_dags/example_dynamic_task_mapping_with_no_taskflow_operators.py
[2023-12-18T22:57:43.075+0100] {processor.py:839} INFO - DAG(s) dict_keys(['example_dynamic_task_mapping_with_no_taskflow_operators']) retrieved from /Users/user/Desktop/Learning/AIRFLOW-TUTORIAL/py_env/lib/python3.11/site-packages/airflow/example_dags/example_dynamic_task_mapping_with_no_taskflow_operators.py
[2023-12-18T22:57:43.443+0100] {logging_mixin.py:154} INFO - [2023-12-18T22:57:43.442+0100] {dag.py:2941} INFO - Sync 1 DAGs
[2023-12-18T22:57:43.474+0100] {logging_mixin.py:154} INFO - [2023-12-18T22:57:43.473+0100] {dag.py:3722} INFO - Setting next_dagrun for example_dynamic_task_mapping_with_no_taskflow_operators to 2023-12-17T21:57:43.473401+00:00, run_after=2023-12-18T21:57:43.473401+00:00
[2023-12-18T22:57:43.503+0100] {processor.py:179} INFO - Processing /Users/user/Desktop/Learning/AIRFLOW-TUTORIAL/py_env/lib/python3.11/site-packages/airflow/example_dags/example_dynamic_task_mapping_with_no_taskflow_operators.py took 0.515 seconds
[2023-12-18T23:01:14.598+0100] {processor.py:157} INFO - Started process (PID=36016) to work on /Users/user/Desktop/Learning/AIRFLOW-TUTORIAL/py_env/lib/python3.11/site-packages/airflow/example_dags/example_dynamic_task_mapping_with_no_taskflow_operators.py
[2023-12-18T23:01:14.605+0100] {processor.py:829} INFO - Processing file /Users/user/Desktop/Learning/AIRFLOW-TUTORIAL/py_env/lib/python3.11/site-packages/airflow/example_dags/example_dynamic_task_mapping_with_no_taskflow_operators.py for tasks to queue
[2023-12-18T23:01:14.606+0100] {logging_mixin.py:154} INFO - [2023-12-18T23:01:14.606+0100] {dagbag.py:536} INFO - Filling up the DagBag from /Users/user/Desktop/Learning/AIRFLOW-TUTORIAL/py_env/lib/python3.11/site-packages/airflow/example_dags/example_dynamic_task_mapping_with_no_taskflow_operators.py
[2023-12-18T23:01:14.655+0100] {processor.py:839} INFO - DAG(s) dict_keys(['example_dynamic_task_mapping_with_no_taskflow_operators']) retrieved from /Users/user/Desktop/Learning/AIRFLOW-TUTORIAL/py_env/lib/python3.11/site-packages/airflow/example_dags/example_dynamic_task_mapping_with_no_taskflow_operators.py
[2023-12-18T23:01:14.963+0100] {logging_mixin.py:154} INFO - [2023-12-18T23:01:14.963+0100] {dag.py:2941} INFO - Sync 1 DAGs
[2023-12-18T23:01:14.983+0100] {logging_mixin.py:154} INFO - [2023-12-18T23:01:14.983+0100] {dag.py:3722} INFO - Setting next_dagrun for example_dynamic_task_mapping_with_no_taskflow_operators to 2023-12-17T22:01:14.983546+00:00, run_after=2023-12-18T22:01:14.983546+00:00
[2023-12-18T23:01:15.011+0100] {processor.py:179} INFO - Processing /Users/user/Desktop/Learning/AIRFLOW-TUTORIAL/py_env/lib/python3.11/site-packages/airflow/example_dags/example_dynamic_task_mapping_with_no_taskflow_operators.py took 0.414 seconds
[2023-12-18T23:05:56.290+0100] {processor.py:157} INFO - Started process (PID=37886) to work on /Users/user/Desktop/Learning/AIRFLOW-TUTORIAL/py_env/lib/python3.11/site-packages/airflow/example_dags/example_dynamic_task_mapping_with_no_taskflow_operators.py
[2023-12-18T23:05:56.297+0100] {processor.py:829} INFO - Processing file /Users/user/Desktop/Learning/AIRFLOW-TUTORIAL/py_env/lib/python3.11/site-packages/airflow/example_dags/example_dynamic_task_mapping_with_no_taskflow_operators.py for tasks to queue
[2023-12-18T23:05:56.298+0100] {logging_mixin.py:154} INFO - [2023-12-18T23:05:56.297+0100] {dagbag.py:536} INFO - Filling up the DagBag from /Users/user/Desktop/Learning/AIRFLOW-TUTORIAL/py_env/lib/python3.11/site-packages/airflow/example_dags/example_dynamic_task_mapping_with_no_taskflow_operators.py
[2023-12-18T23:05:56.337+0100] {processor.py:839} INFO - DAG(s) dict_keys(['example_dynamic_task_mapping_with_no_taskflow_operators']) retrieved from /Users/user/Desktop/Learning/AIRFLOW-TUTORIAL/py_env/lib/python3.11/site-packages/airflow/example_dags/example_dynamic_task_mapping_with_no_taskflow_operators.py
[2023-12-18T23:05:56.627+0100] {logging_mixin.py:154} INFO - [2023-12-18T23:05:56.626+0100] {dag.py:2941} INFO - Sync 1 DAGs
[2023-12-18T23:05:56.648+0100] {logging_mixin.py:154} INFO - [2023-12-18T23:05:56.648+0100] {dag.py:3722} INFO - Setting next_dagrun for example_dynamic_task_mapping_with_no_taskflow_operators to 2023-12-17T22:05:56.648244+00:00, run_after=2023-12-18T22:05:56.648244+00:00
[2023-12-18T23:05:56.670+0100] {processor.py:179} INFO - Processing /Users/user/Desktop/Learning/AIRFLOW-TUTORIAL/py_env/lib/python3.11/site-packages/airflow/example_dags/example_dynamic_task_mapping_with_no_taskflow_operators.py took 0.381 seconds
[2023-12-18T23:08:15.400+0100] {processor.py:157} INFO - Started process (PID=39014) to work on /Users/user/Desktop/Learning/AIRFLOW-TUTORIAL/py_env/lib/python3.11/site-packages/airflow/example_dags/example_dynamic_task_mapping_with_no_taskflow_operators.py
[2023-12-18T23:08:15.404+0100] {processor.py:829} INFO - Processing file /Users/user/Desktop/Learning/AIRFLOW-TUTORIAL/py_env/lib/python3.11/site-packages/airflow/example_dags/example_dynamic_task_mapping_with_no_taskflow_operators.py for tasks to queue
[2023-12-18T23:08:15.405+0100] {logging_mixin.py:154} INFO - [2023-12-18T23:08:15.405+0100] {dagbag.py:536} INFO - Filling up the DagBag from /Users/user/Desktop/Learning/AIRFLOW-TUTORIAL/py_env/lib/python3.11/site-packages/airflow/example_dags/example_dynamic_task_mapping_with_no_taskflow_operators.py
[2023-12-18T23:08:15.437+0100] {processor.py:839} INFO - DAG(s) dict_keys(['example_dynamic_task_mapping_with_no_taskflow_operators']) retrieved from /Users/user/Desktop/Learning/AIRFLOW-TUTORIAL/py_env/lib/python3.11/site-packages/airflow/example_dags/example_dynamic_task_mapping_with_no_taskflow_operators.py
[2023-12-18T23:08:15.638+0100] {logging_mixin.py:154} INFO - [2023-12-18T23:08:15.637+0100] {dag.py:2941} INFO - Sync 1 DAGs
[2023-12-18T23:08:15.655+0100] {logging_mixin.py:154} INFO - [2023-12-18T23:08:15.654+0100] {dag.py:3722} INFO - Setting next_dagrun for example_dynamic_task_mapping_with_no_taskflow_operators to 2023-12-17T22:08:15.654781+00:00, run_after=2023-12-18T22:08:15.654781+00:00
[2023-12-18T23:08:15.678+0100] {processor.py:179} INFO - Processing /Users/user/Desktop/Learning/AIRFLOW-TUTORIAL/py_env/lib/python3.11/site-packages/airflow/example_dags/example_dynamic_task_mapping_with_no_taskflow_operators.py took 0.279 seconds
