[2023-12-18T22:38:28.779+0100] {processor.py:157} INFO - Started process (PID=25295) to work on /Users/user/Desktop/Learning/AIRFLOW-TUTORIAL/py_env/lib/python3.11/site-packages/airflow/example_dags/example_params_ui_tutorial.py
[2023-12-18T22:38:28.783+0100] {processor.py:829} INFO - Processing file /Users/user/Desktop/Learning/AIRFLOW-TUTORIAL/py_env/lib/python3.11/site-packages/airflow/example_dags/example_params_ui_tutorial.py for tasks to queue
[2023-12-18T22:38:28.783+0100] {logging_mixin.py:154} INFO - [2023-12-18T22:38:28.783+0100] {dagbag.py:536} INFO - Filling up the DagBag from /Users/user/Desktop/Learning/AIRFLOW-TUTORIAL/py_env/lib/python3.11/site-packages/airflow/example_dags/example_params_ui_tutorial.py
[2023-12-18T22:38:28.960+0100] {processor.py:839} INFO - DAG(s) dict_keys(['example_params_ui_tutorial']) retrieved from /Users/user/Desktop/Learning/AIRFLOW-TUTORIAL/py_env/lib/python3.11/site-packages/airflow/example_dags/example_params_ui_tutorial.py
[2023-12-18T22:38:29.643+0100] {logging_mixin.py:154} INFO - [2023-12-18T22:38:29.643+0100] {manager.py:499} INFO - Created Permission View: %s
[2023-12-18T22:38:29.653+0100] {logging_mixin.py:154} INFO - [2023-12-18T22:38:29.653+0100] {manager.py:499} INFO - Created Permission View: %s
[2023-12-18T22:38:29.660+0100] {logging_mixin.py:154} INFO - [2023-12-18T22:38:29.660+0100] {manager.py:499} INFO - Created Permission View: %s
[2023-12-18T22:38:29.661+0100] {logging_mixin.py:154} INFO - [2023-12-18T22:38:29.660+0100] {dag.py:2941} INFO - Sync 1 DAGs
[2023-12-18T22:38:29.672+0100] {logging_mixin.py:154} INFO - [2023-12-18T22:38:29.671+0100] {dag.py:2963} INFO - Creating ORM DAG for example_params_ui_tutorial
[2023-12-18T22:38:29.672+0100] {logging_mixin.py:154} INFO - [2023-12-18T22:38:29.672+0100] {dag.py:3722} INFO - Setting next_dagrun for example_params_ui_tutorial to None, run_after=None
[2023-12-18T22:38:29.694+0100] {processor.py:179} INFO - Processing /Users/user/Desktop/Learning/AIRFLOW-TUTORIAL/py_env/lib/python3.11/site-packages/airflow/example_dags/example_params_ui_tutorial.py took 0.916 seconds
[2023-12-18T22:40:43.033+0100] {processor.py:157} INFO - Started process (PID=26517) to work on /Users/user/Desktop/Learning/AIRFLOW-TUTORIAL/py_env/lib/python3.11/site-packages/airflow/example_dags/example_params_ui_tutorial.py
[2023-12-18T22:40:43.037+0100] {processor.py:829} INFO - Processing file /Users/user/Desktop/Learning/AIRFLOW-TUTORIAL/py_env/lib/python3.11/site-packages/airflow/example_dags/example_params_ui_tutorial.py for tasks to queue
[2023-12-18T22:40:43.038+0100] {logging_mixin.py:154} INFO - [2023-12-18T22:40:43.038+0100] {dagbag.py:536} INFO - Filling up the DagBag from /Users/user/Desktop/Learning/AIRFLOW-TUTORIAL/py_env/lib/python3.11/site-packages/airflow/example_dags/example_params_ui_tutorial.py
[2023-12-18T22:40:43.151+0100] {processor.py:839} INFO - DAG(s) dict_keys(['example_params_ui_tutorial']) retrieved from /Users/user/Desktop/Learning/AIRFLOW-TUTORIAL/py_env/lib/python3.11/site-packages/airflow/example_dags/example_params_ui_tutorial.py
[2023-12-18T22:40:43.288+0100] {logging_mixin.py:154} INFO - [2023-12-18T22:40:43.288+0100] {dag.py:2941} INFO - Sync 1 DAGs
[2023-12-18T22:40:43.296+0100] {logging_mixin.py:154} INFO - [2023-12-18T22:40:43.296+0100] {dag.py:3722} INFO - Setting next_dagrun for example_params_ui_tutorial to None, run_after=None
[2023-12-18T22:40:43.317+0100] {processor.py:179} INFO - Processing /Users/user/Desktop/Learning/AIRFLOW-TUTORIAL/py_env/lib/python3.11/site-packages/airflow/example_dags/example_params_ui_tutorial.py took 0.285 seconds
[2023-12-18T22:43:42.142+0100] {processor.py:157} INFO - Started process (PID=27949) to work on /Users/user/Desktop/Learning/AIRFLOW-TUTORIAL/py_env/lib/python3.11/site-packages/airflow/example_dags/example_params_ui_tutorial.py
[2023-12-18T22:43:42.149+0100] {processor.py:829} INFO - Processing file /Users/user/Desktop/Learning/AIRFLOW-TUTORIAL/py_env/lib/python3.11/site-packages/airflow/example_dags/example_params_ui_tutorial.py for tasks to queue
[2023-12-18T22:43:42.150+0100] {logging_mixin.py:154} INFO - [2023-12-18T22:43:42.150+0100] {dagbag.py:536} INFO - Filling up the DagBag from /Users/user/Desktop/Learning/AIRFLOW-TUTORIAL/py_env/lib/python3.11/site-packages/airflow/example_dags/example_params_ui_tutorial.py
[2023-12-18T22:43:42.307+0100] {processor.py:839} INFO - DAG(s) dict_keys(['example_params_ui_tutorial']) retrieved from /Users/user/Desktop/Learning/AIRFLOW-TUTORIAL/py_env/lib/python3.11/site-packages/airflow/example_dags/example_params_ui_tutorial.py
[2023-12-18T22:43:42.514+0100] {logging_mixin.py:154} INFO - [2023-12-18T22:43:42.514+0100] {dag.py:2941} INFO - Sync 1 DAGs
[2023-12-18T22:43:42.527+0100] {logging_mixin.py:154} INFO - [2023-12-18T22:43:42.526+0100] {dag.py:3722} INFO - Setting next_dagrun for example_params_ui_tutorial to None, run_after=None
[2023-12-18T22:43:42.564+0100] {processor.py:179} INFO - Processing /Users/user/Desktop/Learning/AIRFLOW-TUTORIAL/py_env/lib/python3.11/site-packages/airflow/example_dags/example_params_ui_tutorial.py took 0.423 seconds
[2023-12-18T22:46:55.477+0100] {processor.py:157} INFO - Started process (PID=29409) to work on /Users/user/Desktop/Learning/AIRFLOW-TUTORIAL/py_env/lib/python3.11/site-packages/airflow/example_dags/example_params_ui_tutorial.py
[2023-12-18T22:46:55.489+0100] {processor.py:829} INFO - Processing file /Users/user/Desktop/Learning/AIRFLOW-TUTORIAL/py_env/lib/python3.11/site-packages/airflow/example_dags/example_params_ui_tutorial.py for tasks to queue
[2023-12-18T22:46:55.490+0100] {logging_mixin.py:154} INFO - [2023-12-18T22:46:55.490+0100] {dagbag.py:536} INFO - Filling up the DagBag from /Users/user/Desktop/Learning/AIRFLOW-TUTORIAL/py_env/lib/python3.11/site-packages/airflow/example_dags/example_params_ui_tutorial.py
[2023-12-18T22:46:55.637+0100] {processor.py:839} INFO - DAG(s) dict_keys(['example_params_ui_tutorial']) retrieved from /Users/user/Desktop/Learning/AIRFLOW-TUTORIAL/py_env/lib/python3.11/site-packages/airflow/example_dags/example_params_ui_tutorial.py
[2023-12-18T22:46:55.906+0100] {logging_mixin.py:154} INFO - [2023-12-18T22:46:55.905+0100] {dag.py:2941} INFO - Sync 1 DAGs
[2023-12-18T22:46:55.925+0100] {logging_mixin.py:154} INFO - [2023-12-18T22:46:55.925+0100] {dag.py:3722} INFO - Setting next_dagrun for example_params_ui_tutorial to None, run_after=None
[2023-12-18T22:46:56.099+0100] {processor.py:179} INFO - Processing /Users/user/Desktop/Learning/AIRFLOW-TUTORIAL/py_env/lib/python3.11/site-packages/airflow/example_dags/example_params_ui_tutorial.py took 0.623 seconds
[2023-12-18T22:48:40.747+0100] {processor.py:157} INFO - Started process (PID=30313) to work on /Users/user/Desktop/Learning/AIRFLOW-TUTORIAL/py_env/lib/python3.11/site-packages/airflow/example_dags/example_params_ui_tutorial.py
[2023-12-18T22:48:40.752+0100] {processor.py:829} INFO - Processing file /Users/user/Desktop/Learning/AIRFLOW-TUTORIAL/py_env/lib/python3.11/site-packages/airflow/example_dags/example_params_ui_tutorial.py for tasks to queue
[2023-12-18T22:48:40.752+0100] {logging_mixin.py:154} INFO - [2023-12-18T22:48:40.752+0100] {dagbag.py:536} INFO - Filling up the DagBag from /Users/user/Desktop/Learning/AIRFLOW-TUTORIAL/py_env/lib/python3.11/site-packages/airflow/example_dags/example_params_ui_tutorial.py
[2023-12-18T22:48:40.872+0100] {processor.py:839} INFO - DAG(s) dict_keys(['example_params_ui_tutorial']) retrieved from /Users/user/Desktop/Learning/AIRFLOW-TUTORIAL/py_env/lib/python3.11/site-packages/airflow/example_dags/example_params_ui_tutorial.py
[2023-12-18T22:48:41.032+0100] {logging_mixin.py:154} INFO - [2023-12-18T22:48:41.032+0100] {dag.py:2941} INFO - Sync 1 DAGs
[2023-12-18T22:48:41.042+0100] {logging_mixin.py:154} INFO - [2023-12-18T22:48:41.042+0100] {dag.py:3722} INFO - Setting next_dagrun for example_params_ui_tutorial to None, run_after=None
[2023-12-18T22:48:41.063+0100] {processor.py:179} INFO - Processing /Users/user/Desktop/Learning/AIRFLOW-TUTORIAL/py_env/lib/python3.11/site-packages/airflow/example_dags/example_params_ui_tutorial.py took 0.316 seconds
[2023-12-18T22:52:02.627+0100] {processor.py:157} INFO - Started process (PID=32027) to work on /Users/user/Desktop/Learning/AIRFLOW-TUTORIAL/py_env/lib/python3.11/site-packages/airflow/example_dags/example_params_ui_tutorial.py
[2023-12-18T22:52:02.632+0100] {processor.py:829} INFO - Processing file /Users/user/Desktop/Learning/AIRFLOW-TUTORIAL/py_env/lib/python3.11/site-packages/airflow/example_dags/example_params_ui_tutorial.py for tasks to queue
[2023-12-18T22:52:02.633+0100] {logging_mixin.py:154} INFO - [2023-12-18T22:52:02.633+0100] {dagbag.py:536} INFO - Filling up the DagBag from /Users/user/Desktop/Learning/AIRFLOW-TUTORIAL/py_env/lib/python3.11/site-packages/airflow/example_dags/example_params_ui_tutorial.py
[2023-12-18T22:52:02.850+0100] {processor.py:839} INFO - DAG(s) dict_keys(['example_params_ui_tutorial']) retrieved from /Users/user/Desktop/Learning/AIRFLOW-TUTORIAL/py_env/lib/python3.11/site-packages/airflow/example_dags/example_params_ui_tutorial.py
[2023-12-18T22:52:03.090+0100] {logging_mixin.py:154} INFO - [2023-12-18T22:52:03.090+0100] {dag.py:2941} INFO - Sync 1 DAGs
[2023-12-18T22:52:03.105+0100] {logging_mixin.py:154} INFO - [2023-12-18T22:52:03.104+0100] {dag.py:3722} INFO - Setting next_dagrun for example_params_ui_tutorial to None, run_after=None
[2023-12-18T22:52:03.160+0100] {processor.py:179} INFO - Processing /Users/user/Desktop/Learning/AIRFLOW-TUTORIAL/py_env/lib/python3.11/site-packages/airflow/example_dags/example_params_ui_tutorial.py took 0.534 seconds
[2023-12-18T22:55:41.957+0100] {processor.py:157} INFO - Started process (PID=33864) to work on /Users/user/Desktop/Learning/AIRFLOW-TUTORIAL/py_env/lib/python3.11/site-packages/airflow/example_dags/example_params_ui_tutorial.py
[2023-12-18T22:55:41.962+0100] {processor.py:829} INFO - Processing file /Users/user/Desktop/Learning/AIRFLOW-TUTORIAL/py_env/lib/python3.11/site-packages/airflow/example_dags/example_params_ui_tutorial.py for tasks to queue
[2023-12-18T22:55:41.963+0100] {logging_mixin.py:154} INFO - [2023-12-18T22:55:41.963+0100] {dagbag.py:536} INFO - Filling up the DagBag from /Users/user/Desktop/Learning/AIRFLOW-TUTORIAL/py_env/lib/python3.11/site-packages/airflow/example_dags/example_params_ui_tutorial.py
[2023-12-18T22:55:42.231+0100] {processor.py:839} INFO - DAG(s) dict_keys(['example_params_ui_tutorial']) retrieved from /Users/user/Desktop/Learning/AIRFLOW-TUTORIAL/py_env/lib/python3.11/site-packages/airflow/example_dags/example_params_ui_tutorial.py
[2023-12-18T22:55:42.554+0100] {logging_mixin.py:154} INFO - [2023-12-18T22:55:42.554+0100] {dag.py:2941} INFO - Sync 1 DAGs
[2023-12-18T22:55:42.569+0100] {logging_mixin.py:154} INFO - [2023-12-18T22:55:42.569+0100] {dag.py:3722} INFO - Setting next_dagrun for example_params_ui_tutorial to None, run_after=None
[2023-12-18T22:55:42.593+0100] {processor.py:179} INFO - Processing /Users/user/Desktop/Learning/AIRFLOW-TUTORIAL/py_env/lib/python3.11/site-packages/airflow/example_dags/example_params_ui_tutorial.py took 0.638 seconds
[2023-12-18T22:59:08.271+0100] {processor.py:157} INFO - Started process (PID=35401) to work on /Users/user/Desktop/Learning/AIRFLOW-TUTORIAL/py_env/lib/python3.11/site-packages/airflow/example_dags/example_params_ui_tutorial.py
[2023-12-18T22:59:08.276+0100] {processor.py:829} INFO - Processing file /Users/user/Desktop/Learning/AIRFLOW-TUTORIAL/py_env/lib/python3.11/site-packages/airflow/example_dags/example_params_ui_tutorial.py for tasks to queue
[2023-12-18T22:59:08.277+0100] {logging_mixin.py:154} INFO - [2023-12-18T22:59:08.277+0100] {dagbag.py:536} INFO - Filling up the DagBag from /Users/user/Desktop/Learning/AIRFLOW-TUTORIAL/py_env/lib/python3.11/site-packages/airflow/example_dags/example_params_ui_tutorial.py
[2023-12-18T22:59:08.450+0100] {processor.py:839} INFO - DAG(s) dict_keys(['example_params_ui_tutorial']) retrieved from /Users/user/Desktop/Learning/AIRFLOW-TUTORIAL/py_env/lib/python3.11/site-packages/airflow/example_dags/example_params_ui_tutorial.py
[2023-12-18T22:59:08.632+0100] {logging_mixin.py:154} INFO - [2023-12-18T22:59:08.632+0100] {dag.py:2941} INFO - Sync 1 DAGs
[2023-12-18T22:59:08.640+0100] {logging_mixin.py:154} INFO - [2023-12-18T22:59:08.640+0100] {dag.py:3722} INFO - Setting next_dagrun for example_params_ui_tutorial to None, run_after=None
[2023-12-18T22:59:08.661+0100] {processor.py:179} INFO - Processing /Users/user/Desktop/Learning/AIRFLOW-TUTORIAL/py_env/lib/python3.11/site-packages/airflow/example_dags/example_params_ui_tutorial.py took 0.391 seconds
[2023-12-18T23:02:35.746+0100] {processor.py:157} INFO - Started process (PID=36655) to work on /Users/user/Desktop/Learning/AIRFLOW-TUTORIAL/py_env/lib/python3.11/site-packages/airflow/example_dags/example_params_ui_tutorial.py
[2023-12-18T23:02:35.769+0100] {processor.py:829} INFO - Processing file /Users/user/Desktop/Learning/AIRFLOW-TUTORIAL/py_env/lib/python3.11/site-packages/airflow/example_dags/example_params_ui_tutorial.py for tasks to queue
[2023-12-18T23:02:35.797+0100] {logging_mixin.py:154} INFO - [2023-12-18T23:02:35.797+0100] {dagbag.py:536} INFO - Filling up the DagBag from /Users/user/Desktop/Learning/AIRFLOW-TUTORIAL/py_env/lib/python3.11/site-packages/airflow/example_dags/example_params_ui_tutorial.py
[2023-12-18T23:02:36.050+0100] {processor.py:839} INFO - DAG(s) dict_keys(['example_params_ui_tutorial']) retrieved from /Users/user/Desktop/Learning/AIRFLOW-TUTORIAL/py_env/lib/python3.11/site-packages/airflow/example_dags/example_params_ui_tutorial.py
[2023-12-18T23:02:36.318+0100] {logging_mixin.py:154} INFO - [2023-12-18T23:02:36.317+0100] {dag.py:2941} INFO - Sync 1 DAGs
[2023-12-18T23:02:36.345+0100] {logging_mixin.py:154} INFO - [2023-12-18T23:02:36.345+0100] {dag.py:3722} INFO - Setting next_dagrun for example_params_ui_tutorial to None, run_after=None
[2023-12-18T23:02:36.412+0100] {processor.py:179} INFO - Processing /Users/user/Desktop/Learning/AIRFLOW-TUTORIAL/py_env/lib/python3.11/site-packages/airflow/example_dags/example_params_ui_tutorial.py took 0.667 seconds
[2023-12-18T23:05:35.658+0100] {processor.py:157} INFO - Started process (PID=37693) to work on /Users/user/Desktop/Learning/AIRFLOW-TUTORIAL/py_env/lib/python3.11/site-packages/airflow/example_dags/example_params_ui_tutorial.py
[2023-12-18T23:05:35.663+0100] {processor.py:829} INFO - Processing file /Users/user/Desktop/Learning/AIRFLOW-TUTORIAL/py_env/lib/python3.11/site-packages/airflow/example_dags/example_params_ui_tutorial.py for tasks to queue
[2023-12-18T23:05:35.664+0100] {logging_mixin.py:154} INFO - [2023-12-18T23:05:35.664+0100] {dagbag.py:536} INFO - Filling up the DagBag from /Users/user/Desktop/Learning/AIRFLOW-TUTORIAL/py_env/lib/python3.11/site-packages/airflow/example_dags/example_params_ui_tutorial.py
[2023-12-18T23:05:35.831+0100] {processor.py:839} INFO - DAG(s) dict_keys(['example_params_ui_tutorial']) retrieved from /Users/user/Desktop/Learning/AIRFLOW-TUTORIAL/py_env/lib/python3.11/site-packages/airflow/example_dags/example_params_ui_tutorial.py
[2023-12-18T23:05:36.017+0100] {logging_mixin.py:154} INFO - [2023-12-18T23:05:36.017+0100] {dag.py:2941} INFO - Sync 1 DAGs
[2023-12-18T23:05:36.031+0100] {logging_mixin.py:154} INFO - [2023-12-18T23:05:36.031+0100] {dag.py:3722} INFO - Setting next_dagrun for example_params_ui_tutorial to None, run_after=None
[2023-12-18T23:05:36.058+0100] {processor.py:179} INFO - Processing /Users/user/Desktop/Learning/AIRFLOW-TUTORIAL/py_env/lib/python3.11/site-packages/airflow/example_dags/example_params_ui_tutorial.py took 0.401 seconds
[2023-12-18T23:07:54.487+0100] {processor.py:157} INFO - Started process (PID=38810) to work on /Users/user/Desktop/Learning/AIRFLOW-TUTORIAL/py_env/lib/python3.11/site-packages/airflow/example_dags/example_params_ui_tutorial.py
[2023-12-18T23:07:54.492+0100] {processor.py:829} INFO - Processing file /Users/user/Desktop/Learning/AIRFLOW-TUTORIAL/py_env/lib/python3.11/site-packages/airflow/example_dags/example_params_ui_tutorial.py for tasks to queue
[2023-12-18T23:07:54.492+0100] {logging_mixin.py:154} INFO - [2023-12-18T23:07:54.492+0100] {dagbag.py:536} INFO - Filling up the DagBag from /Users/user/Desktop/Learning/AIRFLOW-TUTORIAL/py_env/lib/python3.11/site-packages/airflow/example_dags/example_params_ui_tutorial.py
[2023-12-18T23:07:54.625+0100] {processor.py:839} INFO - DAG(s) dict_keys(['example_params_ui_tutorial']) retrieved from /Users/user/Desktop/Learning/AIRFLOW-TUTORIAL/py_env/lib/python3.11/site-packages/airflow/example_dags/example_params_ui_tutorial.py
[2023-12-18T23:07:54.795+0100] {logging_mixin.py:154} INFO - [2023-12-18T23:07:54.794+0100] {dag.py:2941} INFO - Sync 1 DAGs
[2023-12-18T23:07:54.809+0100] {logging_mixin.py:154} INFO - [2023-12-18T23:07:54.809+0100] {dag.py:3722} INFO - Setting next_dagrun for example_params_ui_tutorial to None, run_after=None
[2023-12-18T23:07:54.835+0100] {processor.py:179} INFO - Processing /Users/user/Desktop/Learning/AIRFLOW-TUTORIAL/py_env/lib/python3.11/site-packages/airflow/example_dags/example_params_ui_tutorial.py took 0.350 seconds
