[2023-12-18T22:39:02.911+0100] {processor.py:157} INFO - Started process (PID=25597) to work on /Users/user/Desktop/Learning/AIRFLOW-TUTORIAL/py_env/lib/python3.11/site-packages/airflow/example_dags/example_dag_decorator.py
[2023-12-18T22:39:02.915+0100] {processor.py:829} INFO - Processing file /Users/user/Desktop/Learning/AIRFLOW-TUTORIAL/py_env/lib/python3.11/site-packages/airflow/example_dags/example_dag_decorator.py for tasks to queue
[2023-12-18T22:39:02.916+0100] {logging_mixin.py:154} INFO - [2023-12-18T22:39:02.916+0100] {dagbag.py:536} INFO - Filling up the DagBag from /Users/user/Desktop/Learning/AIRFLOW-TUTORIAL/py_env/lib/python3.11/site-packages/airflow/example_dags/example_dag_decorator.py
[2023-12-18T22:39:03.279+0100] {processor.py:839} INFO - DAG(s) dict_keys(['example_dag_decorator']) retrieved from /Users/user/Desktop/Learning/AIRFLOW-TUTORIAL/py_env/lib/python3.11/site-packages/airflow/example_dags/example_dag_decorator.py
[2023-12-18T22:39:04.027+0100] {logging_mixin.py:154} INFO - [2023-12-18T22:39:04.027+0100] {manager.py:499} INFO - Created Permission View: %s
[2023-12-18T22:39:04.039+0100] {logging_mixin.py:154} INFO - [2023-12-18T22:39:04.039+0100] {manager.py:499} INFO - Created Permission View: %s
[2023-12-18T22:39:04.047+0100] {logging_mixin.py:154} INFO - [2023-12-18T22:39:04.047+0100] {manager.py:499} INFO - Created Permission View: %s
[2023-12-18T22:39:04.048+0100] {logging_mixin.py:154} INFO - [2023-12-18T22:39:04.047+0100] {dag.py:2941} INFO - Sync 1 DAGs
[2023-12-18T22:39:04.065+0100] {logging_mixin.py:154} INFO - [2023-12-18T22:39:04.065+0100] {dag.py:2963} INFO - Creating ORM DAG for example_dag_decorator
[2023-12-18T22:39:04.065+0100] {logging_mixin.py:154} INFO - [2023-12-18T22:39:04.065+0100] {dag.py:3722} INFO - Setting next_dagrun for example_dag_decorator to None, run_after=None
[2023-12-18T22:39:04.087+0100] {processor.py:179} INFO - Processing /Users/user/Desktop/Learning/AIRFLOW-TUTORIAL/py_env/lib/python3.11/site-packages/airflow/example_dags/example_dag_decorator.py took 1.177 seconds
[2023-12-18T22:42:08.797+0100] {processor.py:157} INFO - Started process (PID=27237) to work on /Users/user/Desktop/Learning/AIRFLOW-TUTORIAL/py_env/lib/python3.11/site-packages/airflow/example_dags/example_dag_decorator.py
[2023-12-18T22:42:08.802+0100] {processor.py:829} INFO - Processing file /Users/user/Desktop/Learning/AIRFLOW-TUTORIAL/py_env/lib/python3.11/site-packages/airflow/example_dags/example_dag_decorator.py for tasks to queue
[2023-12-18T22:42:08.802+0100] {logging_mixin.py:154} INFO - [2023-12-18T22:42:08.802+0100] {dagbag.py:536} INFO - Filling up the DagBag from /Users/user/Desktop/Learning/AIRFLOW-TUTORIAL/py_env/lib/python3.11/site-packages/airflow/example_dags/example_dag_decorator.py
[2023-12-18T22:42:09.134+0100] {processor.py:839} INFO - DAG(s) dict_keys(['example_dag_decorator']) retrieved from /Users/user/Desktop/Learning/AIRFLOW-TUTORIAL/py_env/lib/python3.11/site-packages/airflow/example_dags/example_dag_decorator.py
[2023-12-18T22:42:09.928+0100] {logging_mixin.py:154} INFO - [2023-12-18T22:42:09.928+0100] {dag.py:2941} INFO - Sync 1 DAGs
[2023-12-18T22:42:09.938+0100] {logging_mixin.py:154} INFO - [2023-12-18T22:42:09.938+0100] {dag.py:3722} INFO - Setting next_dagrun for example_dag_decorator to None, run_after=None
[2023-12-18T22:42:09.958+0100] {processor.py:179} INFO - Processing /Users/user/Desktop/Learning/AIRFLOW-TUTORIAL/py_env/lib/python3.11/site-packages/airflow/example_dags/example_dag_decorator.py took 1.162 seconds
[2023-12-18T22:45:19.092+0100] {processor.py:157} INFO - Started process (PID=28673) to work on /Users/user/Desktop/Learning/AIRFLOW-TUTORIAL/py_env/lib/python3.11/site-packages/airflow/example_dags/example_dag_decorator.py
[2023-12-18T22:45:19.097+0100] {processor.py:829} INFO - Processing file /Users/user/Desktop/Learning/AIRFLOW-TUTORIAL/py_env/lib/python3.11/site-packages/airflow/example_dags/example_dag_decorator.py for tasks to queue
[2023-12-18T22:45:19.098+0100] {logging_mixin.py:154} INFO - [2023-12-18T22:45:19.098+0100] {dagbag.py:536} INFO - Filling up the DagBag from /Users/user/Desktop/Learning/AIRFLOW-TUTORIAL/py_env/lib/python3.11/site-packages/airflow/example_dags/example_dag_decorator.py
[2023-12-18T22:45:19.471+0100] {processor.py:839} INFO - DAG(s) dict_keys(['example_dag_decorator']) retrieved from /Users/user/Desktop/Learning/AIRFLOW-TUTORIAL/py_env/lib/python3.11/site-packages/airflow/example_dags/example_dag_decorator.py
[2023-12-18T22:45:20.230+0100] {logging_mixin.py:154} INFO - [2023-12-18T22:45:20.230+0100] {dag.py:2941} INFO - Sync 1 DAGs
[2023-12-18T22:45:20.247+0100] {logging_mixin.py:154} INFO - [2023-12-18T22:45:20.247+0100] {dag.py:3722} INFO - Setting next_dagrun for example_dag_decorator to None, run_after=None
[2023-12-18T22:45:20.355+0100] {processor.py:179} INFO - Processing /Users/user/Desktop/Learning/AIRFLOW-TUTORIAL/py_env/lib/python3.11/site-packages/airflow/example_dags/example_dag_decorator.py took 1.265 seconds
[2023-12-18T22:48:43.507+0100] {processor.py:157} INFO - Started process (PID=30348) to work on /Users/user/Desktop/Learning/AIRFLOW-TUTORIAL/py_env/lib/python3.11/site-packages/airflow/example_dags/example_dag_decorator.py
[2023-12-18T22:48:43.511+0100] {processor.py:829} INFO - Processing file /Users/user/Desktop/Learning/AIRFLOW-TUTORIAL/py_env/lib/python3.11/site-packages/airflow/example_dags/example_dag_decorator.py for tasks to queue
[2023-12-18T22:48:43.511+0100] {logging_mixin.py:154} INFO - [2023-12-18T22:48:43.511+0100] {dagbag.py:536} INFO - Filling up the DagBag from /Users/user/Desktop/Learning/AIRFLOW-TUTORIAL/py_env/lib/python3.11/site-packages/airflow/example_dags/example_dag_decorator.py
[2023-12-18T22:48:43.824+0100] {processor.py:839} INFO - DAG(s) dict_keys(['example_dag_decorator']) retrieved from /Users/user/Desktop/Learning/AIRFLOW-TUTORIAL/py_env/lib/python3.11/site-packages/airflow/example_dags/example_dag_decorator.py
[2023-12-18T22:48:44.366+0100] {logging_mixin.py:154} INFO - [2023-12-18T22:48:44.365+0100] {dag.py:2941} INFO - Sync 1 DAGs
[2023-12-18T22:48:44.378+0100] {logging_mixin.py:154} INFO - [2023-12-18T22:48:44.378+0100] {dag.py:3722} INFO - Setting next_dagrun for example_dag_decorator to None, run_after=None
[2023-12-18T22:48:44.399+0100] {processor.py:179} INFO - Processing /Users/user/Desktop/Learning/AIRFLOW-TUTORIAL/py_env/lib/python3.11/site-packages/airflow/example_dags/example_dag_decorator.py took 0.893 seconds
[2023-12-18T22:52:06.038+0100] {processor.py:157} INFO - Started process (PID=32028) to work on /Users/user/Desktop/Learning/AIRFLOW-TUTORIAL/py_env/lib/python3.11/site-packages/airflow/example_dags/example_dag_decorator.py
[2023-12-18T22:52:06.042+0100] {processor.py:829} INFO - Processing file /Users/user/Desktop/Learning/AIRFLOW-TUTORIAL/py_env/lib/python3.11/site-packages/airflow/example_dags/example_dag_decorator.py for tasks to queue
[2023-12-18T22:52:06.043+0100] {logging_mixin.py:154} INFO - [2023-12-18T22:52:06.043+0100] {dagbag.py:536} INFO - Filling up the DagBag from /Users/user/Desktop/Learning/AIRFLOW-TUTORIAL/py_env/lib/python3.11/site-packages/airflow/example_dags/example_dag_decorator.py
[2023-12-18T22:52:06.409+0100] {processor.py:839} INFO - DAG(s) dict_keys(['example_dag_decorator']) retrieved from /Users/user/Desktop/Learning/AIRFLOW-TUTORIAL/py_env/lib/python3.11/site-packages/airflow/example_dags/example_dag_decorator.py
[2023-12-18T22:52:07.168+0100] {logging_mixin.py:154} INFO - [2023-12-18T22:52:07.168+0100] {dag.py:2941} INFO - Sync 1 DAGs
[2023-12-18T22:52:07.179+0100] {logging_mixin.py:154} INFO - [2023-12-18T22:52:07.179+0100] {dag.py:3722} INFO - Setting next_dagrun for example_dag_decorator to None, run_after=None
[2023-12-18T22:52:07.199+0100] {processor.py:179} INFO - Processing /Users/user/Desktop/Learning/AIRFLOW-TUTORIAL/py_env/lib/python3.11/site-packages/airflow/example_dags/example_dag_decorator.py took 1.162 seconds
[2023-12-18T22:55:45.657+0100] {processor.py:157} INFO - Started process (PID=33869) to work on /Users/user/Desktop/Learning/AIRFLOW-TUTORIAL/py_env/lib/python3.11/site-packages/airflow/example_dags/example_dag_decorator.py
[2023-12-18T22:55:45.663+0100] {processor.py:829} INFO - Processing file /Users/user/Desktop/Learning/AIRFLOW-TUTORIAL/py_env/lib/python3.11/site-packages/airflow/example_dags/example_dag_decorator.py for tasks to queue
[2023-12-18T22:55:45.665+0100] {logging_mixin.py:154} INFO - [2023-12-18T22:55:45.664+0100] {dagbag.py:536} INFO - Filling up the DagBag from /Users/user/Desktop/Learning/AIRFLOW-TUTORIAL/py_env/lib/python3.11/site-packages/airflow/example_dags/example_dag_decorator.py
[2023-12-18T22:55:46.106+0100] {processor.py:839} INFO - DAG(s) dict_keys(['example_dag_decorator']) retrieved from /Users/user/Desktop/Learning/AIRFLOW-TUTORIAL/py_env/lib/python3.11/site-packages/airflow/example_dags/example_dag_decorator.py
[2023-12-18T22:55:47.116+0100] {logging_mixin.py:154} INFO - [2023-12-18T22:55:47.115+0100] {dag.py:2941} INFO - Sync 1 DAGs
[2023-12-18T22:55:47.133+0100] {logging_mixin.py:154} INFO - [2023-12-18T22:55:47.132+0100] {dag.py:3722} INFO - Setting next_dagrun for example_dag_decorator to None, run_after=None
[2023-12-18T22:55:47.185+0100] {processor.py:179} INFO - Processing /Users/user/Desktop/Learning/AIRFLOW-TUTORIAL/py_env/lib/python3.11/site-packages/airflow/example_dags/example_dag_decorator.py took 1.530 seconds
[2023-12-18T22:59:13.906+0100] {processor.py:157} INFO - Started process (PID=35408) to work on /Users/user/Desktop/Learning/AIRFLOW-TUTORIAL/py_env/lib/python3.11/site-packages/airflow/example_dags/example_dag_decorator.py
[2023-12-18T22:59:13.937+0100] {processor.py:829} INFO - Processing file /Users/user/Desktop/Learning/AIRFLOW-TUTORIAL/py_env/lib/python3.11/site-packages/airflow/example_dags/example_dag_decorator.py for tasks to queue
[2023-12-18T22:59:13.938+0100] {logging_mixin.py:154} INFO - [2023-12-18T22:59:13.938+0100] {dagbag.py:536} INFO - Filling up the DagBag from /Users/user/Desktop/Learning/AIRFLOW-TUTORIAL/py_env/lib/python3.11/site-packages/airflow/example_dags/example_dag_decorator.py
[2023-12-18T22:59:14.287+0100] {processor.py:839} INFO - DAG(s) dict_keys(['example_dag_decorator']) retrieved from /Users/user/Desktop/Learning/AIRFLOW-TUTORIAL/py_env/lib/python3.11/site-packages/airflow/example_dags/example_dag_decorator.py
[2023-12-18T22:59:14.837+0100] {logging_mixin.py:154} INFO - [2023-12-18T22:59:14.836+0100] {dag.py:2941} INFO - Sync 1 DAGs
[2023-12-18T22:59:14.846+0100] {logging_mixin.py:154} INFO - [2023-12-18T22:59:14.846+0100] {dag.py:3722} INFO - Setting next_dagrun for example_dag_decorator to None, run_after=None
[2023-12-18T22:59:14.865+0100] {processor.py:179} INFO - Processing /Users/user/Desktop/Learning/AIRFLOW-TUTORIAL/py_env/lib/python3.11/site-packages/airflow/example_dags/example_dag_decorator.py took 0.960 seconds
[2023-12-18T23:02:42.661+0100] {processor.py:157} INFO - Started process (PID=36661) to work on /Users/user/Desktop/Learning/AIRFLOW-TUTORIAL/py_env/lib/python3.11/site-packages/airflow/example_dags/example_dag_decorator.py
[2023-12-18T23:02:42.666+0100] {processor.py:829} INFO - Processing file /Users/user/Desktop/Learning/AIRFLOW-TUTORIAL/py_env/lib/python3.11/site-packages/airflow/example_dags/example_dag_decorator.py for tasks to queue
[2023-12-18T23:02:42.667+0100] {logging_mixin.py:154} INFO - [2023-12-18T23:02:42.667+0100] {dagbag.py:536} INFO - Filling up the DagBag from /Users/user/Desktop/Learning/AIRFLOW-TUTORIAL/py_env/lib/python3.11/site-packages/airflow/example_dags/example_dag_decorator.py
[2023-12-18T23:02:43.095+0100] {processor.py:839} INFO - DAG(s) dict_keys(['example_dag_decorator']) retrieved from /Users/user/Desktop/Learning/AIRFLOW-TUTORIAL/py_env/lib/python3.11/site-packages/airflow/example_dags/example_dag_decorator.py
[2023-12-18T23:02:44.123+0100] {logging_mixin.py:154} INFO - [2023-12-18T23:02:44.123+0100] {dag.py:2941} INFO - Sync 1 DAGs
[2023-12-18T23:02:44.139+0100] {logging_mixin.py:154} INFO - [2023-12-18T23:02:44.139+0100] {dag.py:3722} INFO - Setting next_dagrun for example_dag_decorator to None, run_after=None
[2023-12-18T23:02:44.166+0100] {processor.py:179} INFO - Processing /Users/user/Desktop/Learning/AIRFLOW-TUTORIAL/py_env/lib/python3.11/site-packages/airflow/example_dags/example_dag_decorator.py took 1.506 seconds
[2023-12-18T23:06:05.353+0100] {processor.py:157} INFO - Started process (PID=37985) to work on /Users/user/Desktop/Learning/AIRFLOW-TUTORIAL/py_env/lib/python3.11/site-packages/airflow/example_dags/example_dag_decorator.py
[2023-12-18T23:06:05.358+0100] {processor.py:829} INFO - Processing file /Users/user/Desktop/Learning/AIRFLOW-TUTORIAL/py_env/lib/python3.11/site-packages/airflow/example_dags/example_dag_decorator.py for tasks to queue
[2023-12-18T23:06:05.358+0100] {logging_mixin.py:154} INFO - [2023-12-18T23:06:05.358+0100] {dagbag.py:536} INFO - Filling up the DagBag from /Users/user/Desktop/Learning/AIRFLOW-TUTORIAL/py_env/lib/python3.11/site-packages/airflow/example_dags/example_dag_decorator.py
[2023-12-18T23:06:05.762+0100] {processor.py:839} INFO - DAG(s) dict_keys(['example_dag_decorator']) retrieved from /Users/user/Desktop/Learning/AIRFLOW-TUTORIAL/py_env/lib/python3.11/site-packages/airflow/example_dags/example_dag_decorator.py
[2023-12-18T23:06:06.603+0100] {logging_mixin.py:154} INFO - [2023-12-18T23:06:06.602+0100] {dag.py:2941} INFO - Sync 1 DAGs
[2023-12-18T23:06:06.617+0100] {logging_mixin.py:154} INFO - [2023-12-18T23:06:06.617+0100] {dag.py:3722} INFO - Setting next_dagrun for example_dag_decorator to None, run_after=None
[2023-12-18T23:06:06.644+0100] {processor.py:179} INFO - Processing /Users/user/Desktop/Learning/AIRFLOW-TUTORIAL/py_env/lib/python3.11/site-packages/airflow/example_dags/example_dag_decorator.py took 1.292 seconds
