[2023-12-18T22:39:19.853+0100] {processor.py:157} INFO - Started process (PID=25790) to work on /Users/user/Desktop/Learning/AIRFLOW-TUTORIAL/py_env/lib/python3.11/site-packages/airflow/example_dags/example_branch_labels.py
[2023-12-18T22:39:19.857+0100] {processor.py:829} INFO - Processing file /Users/user/Desktop/Learning/AIRFLOW-TUTORIAL/py_env/lib/python3.11/site-packages/airflow/example_dags/example_branch_labels.py for tasks to queue
[2023-12-18T22:39:19.857+0100] {logging_mixin.py:154} INFO - [2023-12-18T22:39:19.857+0100] {dagbag.py:536} INFO - Filling up the DagBag from /Users/user/Desktop/Learning/AIRFLOW-TUTORIAL/py_env/lib/python3.11/site-packages/airflow/example_dags/example_branch_labels.py
[2023-12-18T22:39:19.890+0100] {processor.py:839} INFO - DAG(s) dict_keys(['example_branch_labels']) retrieved from /Users/user/Desktop/Learning/AIRFLOW-TUTORIAL/py_env/lib/python3.11/site-packages/airflow/example_dags/example_branch_labels.py
[2023-12-18T22:39:20.528+0100] {logging_mixin.py:154} INFO - [2023-12-18T22:39:20.528+0100] {manager.py:499} INFO - Created Permission View: %s
[2023-12-18T22:39:20.537+0100] {logging_mixin.py:154} INFO - [2023-12-18T22:39:20.537+0100] {manager.py:499} INFO - Created Permission View: %s
[2023-12-18T22:39:20.543+0100] {logging_mixin.py:154} INFO - [2023-12-18T22:39:20.543+0100] {manager.py:499} INFO - Created Permission View: %s
[2023-12-18T22:39:20.543+0100] {logging_mixin.py:154} INFO - [2023-12-18T22:39:20.543+0100] {dag.py:2941} INFO - Sync 1 DAGs
[2023-12-18T22:39:20.554+0100] {logging_mixin.py:154} INFO - [2023-12-18T22:39:20.554+0100] {dag.py:2963} INFO - Creating ORM DAG for example_branch_labels
[2023-12-18T22:39:20.563+0100] {logging_mixin.py:154} INFO - [2023-12-18T22:39:20.563+0100] {dag.py:3722} INFO - Setting next_dagrun for example_branch_labels to 2023-12-17T00:00:00+00:00, run_after=2023-12-18T00:00:00+00:00
[2023-12-18T22:39:20.580+0100] {processor.py:179} INFO - Processing /Users/user/Desktop/Learning/AIRFLOW-TUTORIAL/py_env/lib/python3.11/site-packages/airflow/example_dags/example_branch_labels.py took 0.728 seconds
[2023-12-18T22:42:22.607+0100] {processor.py:157} INFO - Started process (PID=27338) to work on /Users/user/Desktop/Learning/AIRFLOW-TUTORIAL/py_env/lib/python3.11/site-packages/airflow/example_dags/example_branch_labels.py
[2023-12-18T22:42:22.611+0100] {processor.py:829} INFO - Processing file /Users/user/Desktop/Learning/AIRFLOW-TUTORIAL/py_env/lib/python3.11/site-packages/airflow/example_dags/example_branch_labels.py for tasks to queue
[2023-12-18T22:42:22.612+0100] {logging_mixin.py:154} INFO - [2023-12-18T22:42:22.612+0100] {dagbag.py:536} INFO - Filling up the DagBag from /Users/user/Desktop/Learning/AIRFLOW-TUTORIAL/py_env/lib/python3.11/site-packages/airflow/example_dags/example_branch_labels.py
[2023-12-18T22:42:22.649+0100] {processor.py:839} INFO - DAG(s) dict_keys(['example_branch_labels']) retrieved from /Users/user/Desktop/Learning/AIRFLOW-TUTORIAL/py_env/lib/python3.11/site-packages/airflow/example_dags/example_branch_labels.py
[2023-12-18T22:42:22.887+0100] {logging_mixin.py:154} INFO - [2023-12-18T22:42:22.886+0100] {dag.py:2941} INFO - Sync 1 DAGs
[2023-12-18T22:42:22.907+0100] {logging_mixin.py:154} INFO - [2023-12-18T22:42:22.906+0100] {dag.py:3722} INFO - Setting next_dagrun for example_branch_labels to 2023-12-17T00:00:00+00:00, run_after=2023-12-18T00:00:00+00:00
[2023-12-18T22:42:22.931+0100] {processor.py:179} INFO - Processing /Users/user/Desktop/Learning/AIRFLOW-TUTORIAL/py_env/lib/python3.11/site-packages/airflow/example_dags/example_branch_labels.py took 0.324 seconds
[2023-12-18T22:45:35.343+0100] {processor.py:157} INFO - Started process (PID=28784) to work on /Users/user/Desktop/Learning/AIRFLOW-TUTORIAL/py_env/lib/python3.11/site-packages/airflow/example_dags/example_branch_labels.py
[2023-12-18T22:45:35.347+0100] {processor.py:829} INFO - Processing file /Users/user/Desktop/Learning/AIRFLOW-TUTORIAL/py_env/lib/python3.11/site-packages/airflow/example_dags/example_branch_labels.py for tasks to queue
[2023-12-18T22:45:35.348+0100] {logging_mixin.py:154} INFO - [2023-12-18T22:45:35.347+0100] {dagbag.py:536} INFO - Filling up the DagBag from /Users/user/Desktop/Learning/AIRFLOW-TUTORIAL/py_env/lib/python3.11/site-packages/airflow/example_dags/example_branch_labels.py
[2023-12-18T22:45:35.380+0100] {processor.py:839} INFO - DAG(s) dict_keys(['example_branch_labels']) retrieved from /Users/user/Desktop/Learning/AIRFLOW-TUTORIAL/py_env/lib/python3.11/site-packages/airflow/example_dags/example_branch_labels.py
[2023-12-18T22:45:35.579+0100] {logging_mixin.py:154} INFO - [2023-12-18T22:45:35.578+0100] {dag.py:2941} INFO - Sync 1 DAGs
[2023-12-18T22:45:35.598+0100] {logging_mixin.py:154} INFO - [2023-12-18T22:45:35.598+0100] {dag.py:3722} INFO - Setting next_dagrun for example_branch_labels to 2023-12-17T00:00:00+00:00, run_after=2023-12-18T00:00:00+00:00
[2023-12-18T22:45:35.618+0100] {processor.py:179} INFO - Processing /Users/user/Desktop/Learning/AIRFLOW-TUTORIAL/py_env/lib/python3.11/site-packages/airflow/example_dags/example_branch_labels.py took 0.277 seconds
[2023-12-18T22:48:56.184+0100] {processor.py:157} INFO - Started process (PID=30506) to work on /Users/user/Desktop/Learning/AIRFLOW-TUTORIAL/py_env/lib/python3.11/site-packages/airflow/example_dags/example_branch_labels.py
[2023-12-18T22:48:56.190+0100] {processor.py:829} INFO - Processing file /Users/user/Desktop/Learning/AIRFLOW-TUTORIAL/py_env/lib/python3.11/site-packages/airflow/example_dags/example_branch_labels.py for tasks to queue
[2023-12-18T22:48:56.191+0100] {logging_mixin.py:154} INFO - [2023-12-18T22:48:56.191+0100] {dagbag.py:536} INFO - Filling up the DagBag from /Users/user/Desktop/Learning/AIRFLOW-TUTORIAL/py_env/lib/python3.11/site-packages/airflow/example_dags/example_branch_labels.py
[2023-12-18T22:48:56.228+0100] {processor.py:839} INFO - DAG(s) dict_keys(['example_branch_labels']) retrieved from /Users/user/Desktop/Learning/AIRFLOW-TUTORIAL/py_env/lib/python3.11/site-packages/airflow/example_dags/example_branch_labels.py
[2023-12-18T22:48:56.468+0100] {logging_mixin.py:154} INFO - [2023-12-18T22:48:56.467+0100] {dag.py:2941} INFO - Sync 1 DAGs
[2023-12-18T22:48:56.489+0100] {logging_mixin.py:154} INFO - [2023-12-18T22:48:56.488+0100] {dag.py:3722} INFO - Setting next_dagrun for example_branch_labels to 2023-12-17T00:00:00+00:00, run_after=2023-12-18T00:00:00+00:00
[2023-12-18T22:48:56.512+0100] {processor.py:179} INFO - Processing /Users/user/Desktop/Learning/AIRFLOW-TUTORIAL/py_env/lib/python3.11/site-packages/airflow/example_dags/example_branch_labels.py took 0.328 seconds
[2023-12-18T22:52:21.963+0100] {processor.py:157} INFO - Started process (PID=32133) to work on /Users/user/Desktop/Learning/AIRFLOW-TUTORIAL/py_env/lib/python3.11/site-packages/airflow/example_dags/example_branch_labels.py
[2023-12-18T22:52:21.967+0100] {processor.py:829} INFO - Processing file /Users/user/Desktop/Learning/AIRFLOW-TUTORIAL/py_env/lib/python3.11/site-packages/airflow/example_dags/example_branch_labels.py for tasks to queue
[2023-12-18T22:52:21.968+0100] {logging_mixin.py:154} INFO - [2023-12-18T22:52:21.968+0100] {dagbag.py:536} INFO - Filling up the DagBag from /Users/user/Desktop/Learning/AIRFLOW-TUTORIAL/py_env/lib/python3.11/site-packages/airflow/example_dags/example_branch_labels.py
[2023-12-18T22:52:22.012+0100] {processor.py:839} INFO - DAG(s) dict_keys(['example_branch_labels']) retrieved from /Users/user/Desktop/Learning/AIRFLOW-TUTORIAL/py_env/lib/python3.11/site-packages/airflow/example_dags/example_branch_labels.py
[2023-12-18T22:52:22.254+0100] {logging_mixin.py:154} INFO - [2023-12-18T22:52:22.254+0100] {dag.py:2941} INFO - Sync 1 DAGs
[2023-12-18T22:52:22.276+0100] {logging_mixin.py:154} INFO - [2023-12-18T22:52:22.276+0100] {dag.py:3722} INFO - Setting next_dagrun for example_branch_labels to 2023-12-17T00:00:00+00:00, run_after=2023-12-18T00:00:00+00:00
[2023-12-18T22:52:22.299+0100] {processor.py:179} INFO - Processing /Users/user/Desktop/Learning/AIRFLOW-TUTORIAL/py_env/lib/python3.11/site-packages/airflow/example_dags/example_branch_labels.py took 0.337 seconds
[2023-12-18T22:56:02.066+0100] {processor.py:157} INFO - Started process (PID=33875) to work on /Users/user/Desktop/Learning/AIRFLOW-TUTORIAL/py_env/lib/python3.11/site-packages/airflow/example_dags/example_branch_labels.py
[2023-12-18T22:56:02.071+0100] {processor.py:829} INFO - Processing file /Users/user/Desktop/Learning/AIRFLOW-TUTORIAL/py_env/lib/python3.11/site-packages/airflow/example_dags/example_branch_labels.py for tasks to queue
[2023-12-18T22:56:02.072+0100] {logging_mixin.py:154} INFO - [2023-12-18T22:56:02.072+0100] {dagbag.py:536} INFO - Filling up the DagBag from /Users/user/Desktop/Learning/AIRFLOW-TUTORIAL/py_env/lib/python3.11/site-packages/airflow/example_dags/example_branch_labels.py
[2023-12-18T22:56:02.120+0100] {processor.py:839} INFO - DAG(s) dict_keys(['example_branch_labels']) retrieved from /Users/user/Desktop/Learning/AIRFLOW-TUTORIAL/py_env/lib/python3.11/site-packages/airflow/example_dags/example_branch_labels.py
[2023-12-18T22:56:02.406+0100] {logging_mixin.py:154} INFO - [2023-12-18T22:56:02.406+0100] {dag.py:2941} INFO - Sync 1 DAGs
[2023-12-18T22:56:02.445+0100] {logging_mixin.py:154} INFO - [2023-12-18T22:56:02.445+0100] {dag.py:3722} INFO - Setting next_dagrun for example_branch_labels to 2023-12-17T00:00:00+00:00, run_after=2023-12-18T00:00:00+00:00
[2023-12-18T22:56:02.534+0100] {processor.py:179} INFO - Processing /Users/user/Desktop/Learning/AIRFLOW-TUTORIAL/py_env/lib/python3.11/site-packages/airflow/example_dags/example_branch_labels.py took 0.470 seconds
[2023-12-18T22:59:28.520+0100] {processor.py:157} INFO - Started process (PID=35599) to work on /Users/user/Desktop/Learning/AIRFLOW-TUTORIAL/py_env/lib/python3.11/site-packages/airflow/example_dags/example_branch_labels.py
[2023-12-18T22:59:28.524+0100] {processor.py:829} INFO - Processing file /Users/user/Desktop/Learning/AIRFLOW-TUTORIAL/py_env/lib/python3.11/site-packages/airflow/example_dags/example_branch_labels.py for tasks to queue
[2023-12-18T22:59:28.524+0100] {logging_mixin.py:154} INFO - [2023-12-18T22:59:28.524+0100] {dagbag.py:536} INFO - Filling up the DagBag from /Users/user/Desktop/Learning/AIRFLOW-TUTORIAL/py_env/lib/python3.11/site-packages/airflow/example_dags/example_branch_labels.py
[2023-12-18T22:59:28.563+0100] {processor.py:839} INFO - DAG(s) dict_keys(['example_branch_labels']) retrieved from /Users/user/Desktop/Learning/AIRFLOW-TUTORIAL/py_env/lib/python3.11/site-packages/airflow/example_dags/example_branch_labels.py
[2023-12-18T22:59:28.821+0100] {logging_mixin.py:154} INFO - [2023-12-18T22:59:28.821+0100] {dag.py:2941} INFO - Sync 1 DAGs
[2023-12-18T22:59:28.842+0100] {logging_mixin.py:154} INFO - [2023-12-18T22:59:28.842+0100] {dag.py:3722} INFO - Setting next_dagrun for example_branch_labels to 2023-12-17T00:00:00+00:00, run_after=2023-12-18T00:00:00+00:00
[2023-12-18T22:59:28.868+0100] {processor.py:179} INFO - Processing /Users/user/Desktop/Learning/AIRFLOW-TUTORIAL/py_env/lib/python3.11/site-packages/airflow/example_dags/example_branch_labels.py took 0.349 seconds
[2023-12-18T23:03:01.248+0100] {processor.py:157} INFO - Started process (PID=36853) to work on /Users/user/Desktop/Learning/AIRFLOW-TUTORIAL/py_env/lib/python3.11/site-packages/airflow/example_dags/example_branch_labels.py
[2023-12-18T23:03:01.253+0100] {processor.py:829} INFO - Processing file /Users/user/Desktop/Learning/AIRFLOW-TUTORIAL/py_env/lib/python3.11/site-packages/airflow/example_dags/example_branch_labels.py for tasks to queue
[2023-12-18T23:03:01.254+0100] {logging_mixin.py:154} INFO - [2023-12-18T23:03:01.254+0100] {dagbag.py:536} INFO - Filling up the DagBag from /Users/user/Desktop/Learning/AIRFLOW-TUTORIAL/py_env/lib/python3.11/site-packages/airflow/example_dags/example_branch_labels.py
[2023-12-18T23:03:01.293+0100] {processor.py:839} INFO - DAG(s) dict_keys(['example_branch_labels']) retrieved from /Users/user/Desktop/Learning/AIRFLOW-TUTORIAL/py_env/lib/python3.11/site-packages/airflow/example_dags/example_branch_labels.py
[2023-12-18T23:03:01.534+0100] {logging_mixin.py:154} INFO - [2023-12-18T23:03:01.534+0100] {dag.py:2941} INFO - Sync 1 DAGs
[2023-12-18T23:03:01.558+0100] {logging_mixin.py:154} INFO - [2023-12-18T23:03:01.558+0100] {dag.py:3722} INFO - Setting next_dagrun for example_branch_labels to 2023-12-17T00:00:00+00:00, run_after=2023-12-18T00:00:00+00:00
[2023-12-18T23:03:01.583+0100] {processor.py:179} INFO - Processing /Users/user/Desktop/Learning/AIRFLOW-TUTORIAL/py_env/lib/python3.11/site-packages/airflow/example_dags/example_branch_labels.py took 0.336 seconds
[2023-12-18T23:06:20.848+0100] {processor.py:157} INFO - Started process (PID=38122) to work on /Users/user/Desktop/Learning/AIRFLOW-TUTORIAL/py_env/lib/python3.11/site-packages/airflow/example_dags/example_branch_labels.py
[2023-12-18T23:06:20.855+0100] {processor.py:829} INFO - Processing file /Users/user/Desktop/Learning/AIRFLOW-TUTORIAL/py_env/lib/python3.11/site-packages/airflow/example_dags/example_branch_labels.py for tasks to queue
[2023-12-18T23:06:20.856+0100] {logging_mixin.py:154} INFO - [2023-12-18T23:06:20.856+0100] {dagbag.py:536} INFO - Filling up the DagBag from /Users/user/Desktop/Learning/AIRFLOW-TUTORIAL/py_env/lib/python3.11/site-packages/airflow/example_dags/example_branch_labels.py
[2023-12-18T23:06:20.901+0100] {processor.py:839} INFO - DAG(s) dict_keys(['example_branch_labels']) retrieved from /Users/user/Desktop/Learning/AIRFLOW-TUTORIAL/py_env/lib/python3.11/site-packages/airflow/example_dags/example_branch_labels.py
[2023-12-18T23:06:21.161+0100] {logging_mixin.py:154} INFO - [2023-12-18T23:06:21.161+0100] {dag.py:2941} INFO - Sync 1 DAGs
[2023-12-18T23:06:21.189+0100] {logging_mixin.py:154} INFO - [2023-12-18T23:06:21.188+0100] {dag.py:3722} INFO - Setting next_dagrun for example_branch_labels to 2023-12-17T00:00:00+00:00, run_after=2023-12-18T00:00:00+00:00
[2023-12-18T23:06:21.221+0100] {processor.py:179} INFO - Processing /Users/user/Desktop/Learning/AIRFLOW-TUTORIAL/py_env/lib/python3.11/site-packages/airflow/example_dags/example_branch_labels.py took 0.373 seconds
