[2023-12-18T22:37:17.603+0100] {processor.py:157} INFO - Started process (PID=24954) to work on /Users/user/Desktop/Learning/AIRFLOW-TUTORIAL/py_env/lib/python3.11/site-packages/airflow/example_dags/example_xcom.py
[2023-12-18T22:37:17.636+0100] {processor.py:829} INFO - Processing file /Users/user/Desktop/Learning/AIRFLOW-TUTORIAL/py_env/lib/python3.11/site-packages/airflow/example_dags/example_xcom.py for tasks to queue
[2023-12-18T22:37:17.637+0100] {logging_mixin.py:154} INFO - [2023-12-18T22:37:17.636+0100] {dagbag.py:536} INFO - Filling up the DagBag from /Users/user/Desktop/Learning/AIRFLOW-TUTORIAL/py_env/lib/python3.11/site-packages/airflow/example_dags/example_xcom.py
[2023-12-18T22:37:17.686+0100] {processor.py:839} INFO - DAG(s) dict_keys(['example_xcom']) retrieved from /Users/user/Desktop/Learning/AIRFLOW-TUTORIAL/py_env/lib/python3.11/site-packages/airflow/example_dags/example_xcom.py
[2023-12-18T22:37:18.402+0100] {logging_mixin.py:154} INFO - [2023-12-18T22:37:18.401+0100] {manager.py:499} INFO - Created Permission View: %s
[2023-12-18T22:37:18.416+0100] {logging_mixin.py:154} INFO - [2023-12-18T22:37:18.416+0100] {manager.py:499} INFO - Created Permission View: %s
[2023-12-18T22:37:18.430+0100] {logging_mixin.py:154} INFO - [2023-12-18T22:37:18.429+0100] {manager.py:499} INFO - Created Permission View: %s
[2023-12-18T22:37:18.431+0100] {logging_mixin.py:154} INFO - [2023-12-18T22:37:18.430+0100] {dag.py:2941} INFO - Sync 1 DAGs
[2023-12-18T22:37:18.452+0100] {logging_mixin.py:154} INFO - [2023-12-18T22:37:18.452+0100] {dag.py:2963} INFO - Creating ORM DAG for example_xcom
[2023-12-18T22:37:18.499+0100] {logging_mixin.py:154} INFO - [2023-12-18T22:37:18.498+0100] {dag.py:3722} INFO - Setting next_dagrun for example_xcom to 2021-01-01T00:00:00+00:00, run_after=2021-01-01T00:00:00+00:00
[2023-12-18T22:37:18.587+0100] {processor.py:179} INFO - Processing /Users/user/Desktop/Learning/AIRFLOW-TUTORIAL/py_env/lib/python3.11/site-packages/airflow/example_dags/example_xcom.py took 0.984 seconds
[2023-12-18T22:39:55.976+0100] {processor.py:157} INFO - Started process (PID=26108) to work on /Users/user/Desktop/Learning/AIRFLOW-TUTORIAL/py_env/lib/python3.11/site-packages/airflow/example_dags/example_xcom.py
[2023-12-18T22:39:55.980+0100] {processor.py:829} INFO - Processing file /Users/user/Desktop/Learning/AIRFLOW-TUTORIAL/py_env/lib/python3.11/site-packages/airflow/example_dags/example_xcom.py for tasks to queue
[2023-12-18T22:39:55.981+0100] {logging_mixin.py:154} INFO - [2023-12-18T22:39:55.980+0100] {dagbag.py:536} INFO - Filling up the DagBag from /Users/user/Desktop/Learning/AIRFLOW-TUTORIAL/py_env/lib/python3.11/site-packages/airflow/example_dags/example_xcom.py
[2023-12-18T22:39:56.059+0100] {processor.py:839} INFO - DAG(s) dict_keys(['example_xcom']) retrieved from /Users/user/Desktop/Learning/AIRFLOW-TUTORIAL/py_env/lib/python3.11/site-packages/airflow/example_dags/example_xcom.py
[2023-12-18T22:39:56.251+0100] {logging_mixin.py:154} INFO - [2023-12-18T22:39:56.251+0100] {dag.py:2941} INFO - Sync 1 DAGs
[2023-12-18T22:39:56.268+0100] {logging_mixin.py:154} INFO - [2023-12-18T22:39:56.268+0100] {dag.py:3722} INFO - Setting next_dagrun for example_xcom to 2021-01-01T00:00:00+00:00, run_after=2021-01-01T00:00:00+00:00
[2023-12-18T22:39:56.290+0100] {processor.py:179} INFO - Processing /Users/user/Desktop/Learning/AIRFLOW-TUTORIAL/py_env/lib/python3.11/site-packages/airflow/example_dags/example_xcom.py took 0.316 seconds
[2023-12-18T22:41:26.917+0100] {processor.py:157} INFO - Started process (PID=26914) to work on /Users/user/Desktop/Learning/AIRFLOW-TUTORIAL/py_env/lib/python3.11/site-packages/airflow/example_dags/example_xcom.py
[2023-12-18T22:41:26.921+0100] {processor.py:829} INFO - Processing file /Users/user/Desktop/Learning/AIRFLOW-TUTORIAL/py_env/lib/python3.11/site-packages/airflow/example_dags/example_xcom.py for tasks to queue
[2023-12-18T22:41:26.921+0100] {logging_mixin.py:154} INFO - [2023-12-18T22:41:26.921+0100] {dagbag.py:536} INFO - Filling up the DagBag from /Users/user/Desktop/Learning/AIRFLOW-TUTORIAL/py_env/lib/python3.11/site-packages/airflow/example_dags/example_xcom.py
[2023-12-18T22:41:26.981+0100] {processor.py:839} INFO - DAG(s) dict_keys(['example_xcom']) retrieved from /Users/user/Desktop/Learning/AIRFLOW-TUTORIAL/py_env/lib/python3.11/site-packages/airflow/example_dags/example_xcom.py
[2023-12-18T22:41:27.167+0100] {logging_mixin.py:154} INFO - [2023-12-18T22:41:27.166+0100] {dag.py:2941} INFO - Sync 1 DAGs
[2023-12-18T22:41:27.188+0100] {logging_mixin.py:154} INFO - [2023-12-18T22:41:27.188+0100] {dag.py:3722} INFO - Setting next_dagrun for example_xcom to 2021-01-01T00:00:00+00:00, run_after=2021-01-01T00:00:00+00:00
[2023-12-18T22:41:27.213+0100] {processor.py:179} INFO - Processing /Users/user/Desktop/Learning/AIRFLOW-TUTORIAL/py_env/lib/python3.11/site-packages/airflow/example_dags/example_xcom.py took 0.297 seconds
[2023-12-18T22:42:56.721+0100] {processor.py:157} INFO - Started process (PID=27654) to work on /Users/user/Desktop/Learning/AIRFLOW-TUTORIAL/py_env/lib/python3.11/site-packages/airflow/example_dags/example_xcom.py
[2023-12-18T22:42:56.727+0100] {processor.py:829} INFO - Processing file /Users/user/Desktop/Learning/AIRFLOW-TUTORIAL/py_env/lib/python3.11/site-packages/airflow/example_dags/example_xcom.py for tasks to queue
[2023-12-18T22:42:56.728+0100] {logging_mixin.py:154} INFO - [2023-12-18T22:42:56.728+0100] {dagbag.py:536} INFO - Filling up the DagBag from /Users/user/Desktop/Learning/AIRFLOW-TUTORIAL/py_env/lib/python3.11/site-packages/airflow/example_dags/example_xcom.py
[2023-12-18T22:42:56.824+0100] {processor.py:839} INFO - DAG(s) dict_keys(['example_xcom']) retrieved from /Users/user/Desktop/Learning/AIRFLOW-TUTORIAL/py_env/lib/python3.11/site-packages/airflow/example_dags/example_xcom.py
[2023-12-18T22:42:57.059+0100] {logging_mixin.py:154} INFO - [2023-12-18T22:42:57.059+0100] {dag.py:2941} INFO - Sync 1 DAGs
[2023-12-18T22:42:57.079+0100] {logging_mixin.py:154} INFO - [2023-12-18T22:42:57.078+0100] {dag.py:3722} INFO - Setting next_dagrun for example_xcom to 2021-01-01T00:00:00+00:00, run_after=2021-01-01T00:00:00+00:00
[2023-12-18T22:42:57.109+0100] {processor.py:179} INFO - Processing /Users/user/Desktop/Learning/AIRFLOW-TUTORIAL/py_env/lib/python3.11/site-packages/airflow/example_dags/example_xcom.py took 0.389 seconds
[2023-12-18T22:44:32.698+0100] {processor.py:157} INFO - Started process (PID=28362) to work on /Users/user/Desktop/Learning/AIRFLOW-TUTORIAL/py_env/lib/python3.11/site-packages/airflow/example_dags/example_xcom.py
[2023-12-18T22:44:32.702+0100] {processor.py:829} INFO - Processing file /Users/user/Desktop/Learning/AIRFLOW-TUTORIAL/py_env/lib/python3.11/site-packages/airflow/example_dags/example_xcom.py for tasks to queue
[2023-12-18T22:44:32.703+0100] {logging_mixin.py:154} INFO - [2023-12-18T22:44:32.703+0100] {dagbag.py:536} INFO - Filling up the DagBag from /Users/user/Desktop/Learning/AIRFLOW-TUTORIAL/py_env/lib/python3.11/site-packages/airflow/example_dags/example_xcom.py
[2023-12-18T22:44:32.764+0100] {processor.py:839} INFO - DAG(s) dict_keys(['example_xcom']) retrieved from /Users/user/Desktop/Learning/AIRFLOW-TUTORIAL/py_env/lib/python3.11/site-packages/airflow/example_dags/example_xcom.py
[2023-12-18T22:44:32.932+0100] {logging_mixin.py:154} INFO - [2023-12-18T22:44:32.932+0100] {dag.py:2941} INFO - Sync 1 DAGs
[2023-12-18T22:44:32.947+0100] {logging_mixin.py:154} INFO - [2023-12-18T22:44:32.947+0100] {dag.py:3722} INFO - Setting next_dagrun for example_xcom to 2021-01-01T00:00:00+00:00, run_after=2021-01-01T00:00:00+00:00
[2023-12-18T22:44:32.965+0100] {processor.py:179} INFO - Processing /Users/user/Desktop/Learning/AIRFLOW-TUTORIAL/py_env/lib/python3.11/site-packages/airflow/example_dags/example_xcom.py took 0.268 seconds
[2023-12-18T22:46:08.377+0100] {processor.py:157} INFO - Started process (PID=29086) to work on /Users/user/Desktop/Learning/AIRFLOW-TUTORIAL/py_env/lib/python3.11/site-packages/airflow/example_dags/example_xcom.py
[2023-12-18T22:46:08.382+0100] {processor.py:829} INFO - Processing file /Users/user/Desktop/Learning/AIRFLOW-TUTORIAL/py_env/lib/python3.11/site-packages/airflow/example_dags/example_xcom.py for tasks to queue
[2023-12-18T22:46:08.382+0100] {logging_mixin.py:154} INFO - [2023-12-18T22:46:08.382+0100] {dagbag.py:536} INFO - Filling up the DagBag from /Users/user/Desktop/Learning/AIRFLOW-TUTORIAL/py_env/lib/python3.11/site-packages/airflow/example_dags/example_xcom.py
[2023-12-18T22:46:08.445+0100] {processor.py:839} INFO - DAG(s) dict_keys(['example_xcom']) retrieved from /Users/user/Desktop/Learning/AIRFLOW-TUTORIAL/py_env/lib/python3.11/site-packages/airflow/example_dags/example_xcom.py
[2023-12-18T22:46:08.646+0100] {logging_mixin.py:154} INFO - [2023-12-18T22:46:08.646+0100] {dag.py:2941} INFO - Sync 1 DAGs
[2023-12-18T22:46:08.664+0100] {logging_mixin.py:154} INFO - [2023-12-18T22:46:08.664+0100] {dag.py:3722} INFO - Setting next_dagrun for example_xcom to 2021-01-01T00:00:00+00:00, run_after=2021-01-01T00:00:00+00:00
[2023-12-18T22:46:08.683+0100] {processor.py:179} INFO - Processing /Users/user/Desktop/Learning/AIRFLOW-TUTORIAL/py_env/lib/python3.11/site-packages/airflow/example_dags/example_xcom.py took 0.307 seconds
[2023-12-18T22:47:52.645+0100] {processor.py:157} INFO - Started process (PID=29911) to work on /Users/user/Desktop/Learning/AIRFLOW-TUTORIAL/py_env/lib/python3.11/site-packages/airflow/example_dags/example_xcom.py
[2023-12-18T22:47:52.649+0100] {processor.py:829} INFO - Processing file /Users/user/Desktop/Learning/AIRFLOW-TUTORIAL/py_env/lib/python3.11/site-packages/airflow/example_dags/example_xcom.py for tasks to queue
[2023-12-18T22:47:52.650+0100] {logging_mixin.py:154} INFO - [2023-12-18T22:47:52.650+0100] {dagbag.py:536} INFO - Filling up the DagBag from /Users/user/Desktop/Learning/AIRFLOW-TUTORIAL/py_env/lib/python3.11/site-packages/airflow/example_dags/example_xcom.py
[2023-12-18T22:47:52.720+0100] {processor.py:839} INFO - DAG(s) dict_keys(['example_xcom']) retrieved from /Users/user/Desktop/Learning/AIRFLOW-TUTORIAL/py_env/lib/python3.11/site-packages/airflow/example_dags/example_xcom.py
[2023-12-18T22:47:52.923+0100] {logging_mixin.py:154} INFO - [2023-12-18T22:47:52.922+0100] {dag.py:2941} INFO - Sync 1 DAGs
[2023-12-18T22:47:52.941+0100] {logging_mixin.py:154} INFO - [2023-12-18T22:47:52.941+0100] {dag.py:3722} INFO - Setting next_dagrun for example_xcom to 2021-01-01T00:00:00+00:00, run_after=2021-01-01T00:00:00+00:00
[2023-12-18T22:47:52.961+0100] {processor.py:179} INFO - Processing /Users/user/Desktop/Learning/AIRFLOW-TUTORIAL/py_env/lib/python3.11/site-packages/airflow/example_dags/example_xcom.py took 0.317 seconds
[2023-12-18T22:49:30.105+0100] {processor.py:157} INFO - Started process (PID=30807) to work on /Users/user/Desktop/Learning/AIRFLOW-TUTORIAL/py_env/lib/python3.11/site-packages/airflow/example_dags/example_xcom.py
[2023-12-18T22:49:30.109+0100] {processor.py:829} INFO - Processing file /Users/user/Desktop/Learning/AIRFLOW-TUTORIAL/py_env/lib/python3.11/site-packages/airflow/example_dags/example_xcom.py for tasks to queue
[2023-12-18T22:49:30.110+0100] {logging_mixin.py:154} INFO - [2023-12-18T22:49:30.109+0100] {dagbag.py:536} INFO - Filling up the DagBag from /Users/user/Desktop/Learning/AIRFLOW-TUTORIAL/py_env/lib/python3.11/site-packages/airflow/example_dags/example_xcom.py
[2023-12-18T22:49:30.167+0100] {processor.py:839} INFO - DAG(s) dict_keys(['example_xcom']) retrieved from /Users/user/Desktop/Learning/AIRFLOW-TUTORIAL/py_env/lib/python3.11/site-packages/airflow/example_dags/example_xcom.py
[2023-12-18T22:49:30.341+0100] {logging_mixin.py:154} INFO - [2023-12-18T22:49:30.341+0100] {dag.py:2941} INFO - Sync 1 DAGs
[2023-12-18T22:49:30.357+0100] {logging_mixin.py:154} INFO - [2023-12-18T22:49:30.357+0100] {dag.py:3722} INFO - Setting next_dagrun for example_xcom to 2021-01-01T00:00:00+00:00, run_after=2021-01-01T00:00:00+00:00
[2023-12-18T22:49:30.374+0100] {processor.py:179} INFO - Processing /Users/user/Desktop/Learning/AIRFLOW-TUTORIAL/py_env/lib/python3.11/site-packages/airflow/example_dags/example_xcom.py took 0.270 seconds
[2023-12-18T22:51:11.415+0100] {processor.py:157} INFO - Started process (PID=31532) to work on /Users/user/Desktop/Learning/AIRFLOW-TUTORIAL/py_env/lib/python3.11/site-packages/airflow/example_dags/example_xcom.py
[2023-12-18T22:51:11.420+0100] {processor.py:829} INFO - Processing file /Users/user/Desktop/Learning/AIRFLOW-TUTORIAL/py_env/lib/python3.11/site-packages/airflow/example_dags/example_xcom.py for tasks to queue
[2023-12-18T22:51:11.420+0100] {logging_mixin.py:154} INFO - [2023-12-18T22:51:11.420+0100] {dagbag.py:536} INFO - Filling up the DagBag from /Users/user/Desktop/Learning/AIRFLOW-TUTORIAL/py_env/lib/python3.11/site-packages/airflow/example_dags/example_xcom.py
[2023-12-18T22:51:11.481+0100] {processor.py:839} INFO - DAG(s) dict_keys(['example_xcom']) retrieved from /Users/user/Desktop/Learning/AIRFLOW-TUTORIAL/py_env/lib/python3.11/site-packages/airflow/example_dags/example_xcom.py
[2023-12-18T22:51:11.758+0100] {logging_mixin.py:154} INFO - [2023-12-18T22:51:11.758+0100] {dag.py:2941} INFO - Sync 1 DAGs
[2023-12-18T22:51:11.776+0100] {logging_mixin.py:154} INFO - [2023-12-18T22:51:11.776+0100] {dag.py:3722} INFO - Setting next_dagrun for example_xcom to 2021-01-01T00:00:00+00:00, run_after=2021-01-01T00:00:00+00:00
[2023-12-18T22:51:11.796+0100] {processor.py:179} INFO - Processing /Users/user/Desktop/Learning/AIRFLOW-TUTORIAL/py_env/lib/python3.11/site-packages/airflow/example_dags/example_xcom.py took 0.382 seconds
[2023-12-18T22:53:00.924+0100] {processor.py:157} INFO - Started process (PID=32537) to work on /Users/user/Desktop/Learning/AIRFLOW-TUTORIAL/py_env/lib/python3.11/site-packages/airflow/example_dags/example_xcom.py
[2023-12-18T22:53:00.929+0100] {processor.py:829} INFO - Processing file /Users/user/Desktop/Learning/AIRFLOW-TUTORIAL/py_env/lib/python3.11/site-packages/airflow/example_dags/example_xcom.py for tasks to queue
[2023-12-18T22:53:00.929+0100] {logging_mixin.py:154} INFO - [2023-12-18T22:53:00.929+0100] {dagbag.py:536} INFO - Filling up the DagBag from /Users/user/Desktop/Learning/AIRFLOW-TUTORIAL/py_env/lib/python3.11/site-packages/airflow/example_dags/example_xcom.py
[2023-12-18T22:53:01.014+0100] {processor.py:839} INFO - DAG(s) dict_keys(['example_xcom']) retrieved from /Users/user/Desktop/Learning/AIRFLOW-TUTORIAL/py_env/lib/python3.11/site-packages/airflow/example_dags/example_xcom.py
[2023-12-18T22:53:01.260+0100] {logging_mixin.py:154} INFO - [2023-12-18T22:53:01.260+0100] {dag.py:2941} INFO - Sync 1 DAGs
[2023-12-18T22:53:01.281+0100] {logging_mixin.py:154} INFO - [2023-12-18T22:53:01.281+0100] {dag.py:3722} INFO - Setting next_dagrun for example_xcom to 2021-01-01T00:00:00+00:00, run_after=2021-01-01T00:00:00+00:00
[2023-12-18T22:53:01.303+0100] {processor.py:179} INFO - Processing /Users/user/Desktop/Learning/AIRFLOW-TUTORIAL/py_env/lib/python3.11/site-packages/airflow/example_dags/example_xcom.py took 0.380 seconds
[2023-12-18T22:54:52.097+0100] {processor.py:157} INFO - Started process (PID=33361) to work on /Users/user/Desktop/Learning/AIRFLOW-TUTORIAL/py_env/lib/python3.11/site-packages/airflow/example_dags/example_xcom.py
[2023-12-18T22:54:52.101+0100] {processor.py:829} INFO - Processing file /Users/user/Desktop/Learning/AIRFLOW-TUTORIAL/py_env/lib/python3.11/site-packages/airflow/example_dags/example_xcom.py for tasks to queue
[2023-12-18T22:54:52.102+0100] {logging_mixin.py:154} INFO - [2023-12-18T22:54:52.102+0100] {dagbag.py:536} INFO - Filling up the DagBag from /Users/user/Desktop/Learning/AIRFLOW-TUTORIAL/py_env/lib/python3.11/site-packages/airflow/example_dags/example_xcom.py
[2023-12-18T22:54:52.166+0100] {processor.py:839} INFO - DAG(s) dict_keys(['example_xcom']) retrieved from /Users/user/Desktop/Learning/AIRFLOW-TUTORIAL/py_env/lib/python3.11/site-packages/airflow/example_dags/example_xcom.py
[2023-12-18T22:54:52.354+0100] {logging_mixin.py:154} INFO - [2023-12-18T22:54:52.354+0100] {dag.py:2941} INFO - Sync 1 DAGs
[2023-12-18T22:54:52.373+0100] {logging_mixin.py:154} INFO - [2023-12-18T22:54:52.373+0100] {dag.py:3722} INFO - Setting next_dagrun for example_xcom to 2021-01-01T00:00:00+00:00, run_after=2021-01-01T00:00:00+00:00
[2023-12-18T22:54:52.395+0100] {processor.py:179} INFO - Processing /Users/user/Desktop/Learning/AIRFLOW-TUTORIAL/py_env/lib/python3.11/site-packages/airflow/example_dags/example_xcom.py took 0.299 seconds
[2023-12-18T22:56:38.154+0100] {processor.py:157} INFO - Started process (PID=34176) to work on /Users/user/Desktop/Learning/AIRFLOW-TUTORIAL/py_env/lib/python3.11/site-packages/airflow/example_dags/example_xcom.py
[2023-12-18T22:56:38.159+0100] {processor.py:829} INFO - Processing file /Users/user/Desktop/Learning/AIRFLOW-TUTORIAL/py_env/lib/python3.11/site-packages/airflow/example_dags/example_xcom.py for tasks to queue
[2023-12-18T22:56:38.159+0100] {logging_mixin.py:154} INFO - [2023-12-18T22:56:38.159+0100] {dagbag.py:536} INFO - Filling up the DagBag from /Users/user/Desktop/Learning/AIRFLOW-TUTORIAL/py_env/lib/python3.11/site-packages/airflow/example_dags/example_xcom.py
[2023-12-18T22:56:38.222+0100] {processor.py:839} INFO - DAG(s) dict_keys(['example_xcom']) retrieved from /Users/user/Desktop/Learning/AIRFLOW-TUTORIAL/py_env/lib/python3.11/site-packages/airflow/example_dags/example_xcom.py
[2023-12-18T22:56:38.432+0100] {logging_mixin.py:154} INFO - [2023-12-18T22:56:38.432+0100] {dag.py:2941} INFO - Sync 1 DAGs
[2023-12-18T22:56:38.449+0100] {logging_mixin.py:154} INFO - [2023-12-18T22:56:38.449+0100] {dag.py:3722} INFO - Setting next_dagrun for example_xcom to 2021-01-01T00:00:00+00:00, run_after=2021-01-01T00:00:00+00:00
[2023-12-18T22:56:38.469+0100] {processor.py:179} INFO - Processing /Users/user/Desktop/Learning/AIRFLOW-TUTORIAL/py_env/lib/python3.11/site-packages/airflow/example_dags/example_xcom.py took 0.315 seconds
[2023-12-18T22:58:21.448+0100] {processor.py:157} INFO - Started process (PID=34910) to work on /Users/user/Desktop/Learning/AIRFLOW-TUTORIAL/py_env/lib/python3.11/site-packages/airflow/example_dags/example_xcom.py
[2023-12-18T22:58:21.454+0100] {processor.py:829} INFO - Processing file /Users/user/Desktop/Learning/AIRFLOW-TUTORIAL/py_env/lib/python3.11/site-packages/airflow/example_dags/example_xcom.py for tasks to queue
[2023-12-18T22:58:21.455+0100] {logging_mixin.py:154} INFO - [2023-12-18T22:58:21.455+0100] {dagbag.py:536} INFO - Filling up the DagBag from /Users/user/Desktop/Learning/AIRFLOW-TUTORIAL/py_env/lib/python3.11/site-packages/airflow/example_dags/example_xcom.py
[2023-12-18T22:58:21.538+0100] {processor.py:839} INFO - DAG(s) dict_keys(['example_xcom']) retrieved from /Users/user/Desktop/Learning/AIRFLOW-TUTORIAL/py_env/lib/python3.11/site-packages/airflow/example_dags/example_xcom.py
[2023-12-18T22:58:21.784+0100] {logging_mixin.py:154} INFO - [2023-12-18T22:58:21.783+0100] {dag.py:2941} INFO - Sync 1 DAGs
[2023-12-18T22:58:21.803+0100] {logging_mixin.py:154} INFO - [2023-12-18T22:58:21.803+0100] {dag.py:3722} INFO - Setting next_dagrun for example_xcom to 2021-01-01T00:00:00+00:00, run_after=2021-01-01T00:00:00+00:00
[2023-12-18T22:58:21.824+0100] {processor.py:179} INFO - Processing /Users/user/Desktop/Learning/AIRFLOW-TUTORIAL/py_env/lib/python3.11/site-packages/airflow/example_dags/example_xcom.py took 0.377 seconds
[2023-12-18T23:00:06.033+0100] {processor.py:157} INFO - Started process (PID=35670) to work on /Users/user/Desktop/Learning/AIRFLOW-TUTORIAL/py_env/lib/python3.11/site-packages/airflow/example_dags/example_xcom.py
[2023-12-18T23:00:06.039+0100] {processor.py:829} INFO - Processing file /Users/user/Desktop/Learning/AIRFLOW-TUTORIAL/py_env/lib/python3.11/site-packages/airflow/example_dags/example_xcom.py for tasks to queue
[2023-12-18T23:00:06.040+0100] {logging_mixin.py:154} INFO - [2023-12-18T23:00:06.040+0100] {dagbag.py:536} INFO - Filling up the DagBag from /Users/user/Desktop/Learning/AIRFLOW-TUTORIAL/py_env/lib/python3.11/site-packages/airflow/example_dags/example_xcom.py
[2023-12-18T23:00:06.112+0100] {processor.py:839} INFO - DAG(s) dict_keys(['example_xcom']) retrieved from /Users/user/Desktop/Learning/AIRFLOW-TUTORIAL/py_env/lib/python3.11/site-packages/airflow/example_dags/example_xcom.py
[2023-12-18T23:00:06.351+0100] {logging_mixin.py:154} INFO - [2023-12-18T23:00:06.351+0100] {dag.py:2941} INFO - Sync 1 DAGs
[2023-12-18T23:00:06.373+0100] {logging_mixin.py:154} INFO - [2023-12-18T23:00:06.372+0100] {dag.py:3722} INFO - Setting next_dagrun for example_xcom to 2021-01-01T00:00:00+00:00, run_after=2021-01-01T00:00:00+00:00
[2023-12-18T23:00:06.395+0100] {processor.py:179} INFO - Processing /Users/user/Desktop/Learning/AIRFLOW-TUTORIAL/py_env/lib/python3.11/site-packages/airflow/example_dags/example_xcom.py took 0.362 seconds
[2023-12-18T23:01:45.620+0100] {processor.py:157} INFO - Started process (PID=36321) to work on /Users/user/Desktop/Learning/AIRFLOW-TUTORIAL/py_env/lib/python3.11/site-packages/airflow/example_dags/example_xcom.py
[2023-12-18T23:01:45.624+0100] {processor.py:829} INFO - Processing file /Users/user/Desktop/Learning/AIRFLOW-TUTORIAL/py_env/lib/python3.11/site-packages/airflow/example_dags/example_xcom.py for tasks to queue
[2023-12-18T23:01:45.624+0100] {logging_mixin.py:154} INFO - [2023-12-18T23:01:45.624+0100] {dagbag.py:536} INFO - Filling up the DagBag from /Users/user/Desktop/Learning/AIRFLOW-TUTORIAL/py_env/lib/python3.11/site-packages/airflow/example_dags/example_xcom.py
[2023-12-18T23:01:45.682+0100] {processor.py:839} INFO - DAG(s) dict_keys(['example_xcom']) retrieved from /Users/user/Desktop/Learning/AIRFLOW-TUTORIAL/py_env/lib/python3.11/site-packages/airflow/example_dags/example_xcom.py
[2023-12-18T23:01:45.849+0100] {logging_mixin.py:154} INFO - [2023-12-18T23:01:45.849+0100] {dag.py:2941} INFO - Sync 1 DAGs
[2023-12-18T23:01:45.866+0100] {logging_mixin.py:154} INFO - [2023-12-18T23:01:45.865+0100] {dag.py:3722} INFO - Setting next_dagrun for example_xcom to 2021-01-01T00:00:00+00:00, run_after=2021-01-01T00:00:00+00:00
[2023-12-18T23:01:45.885+0100] {processor.py:179} INFO - Processing /Users/user/Desktop/Learning/AIRFLOW-TUTORIAL/py_env/lib/python3.11/site-packages/airflow/example_dags/example_xcom.py took 0.266 seconds
[2023-12-18T23:03:37.272+0100] {processor.py:157} INFO - Started process (PID=37092) to work on /Users/user/Desktop/Learning/AIRFLOW-TUTORIAL/py_env/lib/python3.11/site-packages/airflow/example_dags/example_xcom.py
[2023-12-18T23:03:37.277+0100] {processor.py:829} INFO - Processing file /Users/user/Desktop/Learning/AIRFLOW-TUTORIAL/py_env/lib/python3.11/site-packages/airflow/example_dags/example_xcom.py for tasks to queue
[2023-12-18T23:03:37.278+0100] {logging_mixin.py:154} INFO - [2023-12-18T23:03:37.278+0100] {dagbag.py:536} INFO - Filling up the DagBag from /Users/user/Desktop/Learning/AIRFLOW-TUTORIAL/py_env/lib/python3.11/site-packages/airflow/example_dags/example_xcom.py
[2023-12-18T23:03:37.351+0100] {processor.py:839} INFO - DAG(s) dict_keys(['example_xcom']) retrieved from /Users/user/Desktop/Learning/AIRFLOW-TUTORIAL/py_env/lib/python3.11/site-packages/airflow/example_dags/example_xcom.py
[2023-12-18T23:03:37.586+0100] {logging_mixin.py:154} INFO - [2023-12-18T23:03:37.586+0100] {dag.py:2941} INFO - Sync 1 DAGs
[2023-12-18T23:03:37.613+0100] {logging_mixin.py:154} INFO - [2023-12-18T23:03:37.612+0100] {dag.py:3722} INFO - Setting next_dagrun for example_xcom to 2021-01-01T00:00:00+00:00, run_after=2021-01-01T00:00:00+00:00
[2023-12-18T23:03:37.637+0100] {processor.py:179} INFO - Processing /Users/user/Desktop/Learning/AIRFLOW-TUTORIAL/py_env/lib/python3.11/site-packages/airflow/example_dags/example_xcom.py took 0.367 seconds
[2023-12-18T23:04:37.859+0100] {processor.py:157} INFO - Started process (PID=37354) to work on /Users/user/Desktop/Learning/AIRFLOW-TUTORIAL/py_env/lib/python3.11/site-packages/airflow/example_dags/example_xcom.py
[2023-12-18T23:04:37.874+0100] {processor.py:829} INFO - Processing file /Users/user/Desktop/Learning/AIRFLOW-TUTORIAL/py_env/lib/python3.11/site-packages/airflow/example_dags/example_xcom.py for tasks to queue
[2023-12-18T23:04:37.876+0100] {logging_mixin.py:154} INFO - [2023-12-18T23:04:37.876+0100] {dagbag.py:536} INFO - Filling up the DagBag from /Users/user/Desktop/Learning/AIRFLOW-TUTORIAL/py_env/lib/python3.11/site-packages/airflow/example_dags/example_xcom.py
[2023-12-18T23:04:38.284+0100] {processor.py:839} INFO - DAG(s) dict_keys(['example_xcom']) retrieved from /Users/user/Desktop/Learning/AIRFLOW-TUTORIAL/py_env/lib/python3.11/site-packages/airflow/example_dags/example_xcom.py
[2023-12-18T23:04:38.942+0100] {logging_mixin.py:154} INFO - [2023-12-18T23:04:38.942+0100] {dag.py:2941} INFO - Sync 1 DAGs
[2023-12-18T23:04:38.970+0100] {logging_mixin.py:154} INFO - [2023-12-18T23:04:38.970+0100] {dag.py:3722} INFO - Setting next_dagrun for example_xcom to 2021-01-01T00:00:00+00:00, run_after=2021-01-01T00:00:00+00:00
[2023-12-18T23:04:38.995+0100] {processor.py:179} INFO - Processing /Users/user/Desktop/Learning/AIRFLOW-TUTORIAL/py_env/lib/python3.11/site-packages/airflow/example_dags/example_xcom.py took 1.138 seconds
[2023-12-18T23:07:05.707+0100] {processor.py:157} INFO - Started process (PID=38308) to work on /Users/user/Desktop/Learning/AIRFLOW-TUTORIAL/py_env/lib/python3.11/site-packages/airflow/example_dags/example_xcom.py
[2023-12-18T23:07:05.711+0100] {processor.py:829} INFO - Processing file /Users/user/Desktop/Learning/AIRFLOW-TUTORIAL/py_env/lib/python3.11/site-packages/airflow/example_dags/example_xcom.py for tasks to queue
[2023-12-18T23:07:05.713+0100] {logging_mixin.py:154} INFO - [2023-12-18T23:07:05.712+0100] {dagbag.py:536} INFO - Filling up the DagBag from /Users/user/Desktop/Learning/AIRFLOW-TUTORIAL/py_env/lib/python3.11/site-packages/airflow/example_dags/example_xcom.py
[2023-12-18T23:07:05.790+0100] {processor.py:839} INFO - DAG(s) dict_keys(['example_xcom']) retrieved from /Users/user/Desktop/Learning/AIRFLOW-TUTORIAL/py_env/lib/python3.11/site-packages/airflow/example_dags/example_xcom.py
[2023-12-18T23:07:06.043+0100] {logging_mixin.py:154} INFO - [2023-12-18T23:07:06.042+0100] {dag.py:2941} INFO - Sync 1 DAGs
[2023-12-18T23:07:06.063+0100] {logging_mixin.py:154} INFO - [2023-12-18T23:07:06.063+0100] {dag.py:3722} INFO - Setting next_dagrun for example_xcom to 2021-01-01T00:00:00+00:00, run_after=2021-01-01T00:00:00+00:00
[2023-12-18T23:07:06.087+0100] {processor.py:179} INFO - Processing /Users/user/Desktop/Learning/AIRFLOW-TUTORIAL/py_env/lib/python3.11/site-packages/airflow/example_dags/example_xcom.py took 0.381 seconds
