[2023-12-18T22:38:47.022+0100] {processor.py:157} INFO - Started process (PID=25404) to work on /Users/user/Desktop/Learning/AIRFLOW-TUTORIAL/py_env/lib/python3.11/site-packages/airflow/example_dags/example_kubernetes_executor.py
[2023-12-18T22:38:47.027+0100] {processor.py:829} INFO - Processing file /Users/user/Desktop/Learning/AIRFLOW-TUTORIAL/py_env/lib/python3.11/site-packages/airflow/example_dags/example_kubernetes_executor.py for tasks to queue
[2023-12-18T22:38:47.027+0100] {logging_mixin.py:154} INFO - [2023-12-18T22:38:47.027+0100] {dagbag.py:536} INFO - Filling up the DagBag from /Users/user/Desktop/Learning/AIRFLOW-TUTORIAL/py_env/lib/python3.11/site-packages/airflow/example_dags/example_kubernetes_executor.py
[2023-12-18T22:38:47.083+0100] {logging_mixin.py:154} INFO - [2023-12-18T22:38:47.083+0100] {example_kubernetes_executor.py:38} WARNING - The example_kubernetes_executor example DAG requires the kubernetes provider. Please install it with: pip install apache-airflow[cncf.kubernetes]
[2023-12-18T22:38:47.083+0100] {processor.py:841} WARNING - No viable dags retrieved from /Users/user/Desktop/Learning/AIRFLOW-TUTORIAL/py_env/lib/python3.11/site-packages/airflow/example_dags/example_kubernetes_executor.py
[2023-12-18T22:38:47.207+0100] {processor.py:179} INFO - Processing /Users/user/Desktop/Learning/AIRFLOW-TUTORIAL/py_env/lib/python3.11/site-packages/airflow/example_dags/example_kubernetes_executor.py took 0.186 seconds
[2023-12-18T22:40:55.885+0100] {processor.py:157} INFO - Started process (PID=26707) to work on /Users/user/Desktop/Learning/AIRFLOW-TUTORIAL/py_env/lib/python3.11/site-packages/airflow/example_dags/example_kubernetes_executor.py
[2023-12-18T22:40:55.889+0100] {processor.py:829} INFO - Processing file /Users/user/Desktop/Learning/AIRFLOW-TUTORIAL/py_env/lib/python3.11/site-packages/airflow/example_dags/example_kubernetes_executor.py for tasks to queue
[2023-12-18T22:40:55.890+0100] {logging_mixin.py:154} INFO - [2023-12-18T22:40:55.890+0100] {dagbag.py:536} INFO - Filling up the DagBag from /Users/user/Desktop/Learning/AIRFLOW-TUTORIAL/py_env/lib/python3.11/site-packages/airflow/example_dags/example_kubernetes_executor.py
[2023-12-18T22:40:55.938+0100] {logging_mixin.py:154} INFO - [2023-12-18T22:40:55.938+0100] {example_kubernetes_executor.py:38} WARNING - The example_kubernetes_executor example DAG requires the kubernetes provider. Please install it with: pip install apache-airflow[cncf.kubernetes]
[2023-12-18T22:40:55.938+0100] {processor.py:841} WARNING - No viable dags retrieved from /Users/user/Desktop/Learning/AIRFLOW-TUTORIAL/py_env/lib/python3.11/site-packages/airflow/example_dags/example_kubernetes_executor.py
[2023-12-18T22:40:56.048+0100] {processor.py:179} INFO - Processing /Users/user/Desktop/Learning/AIRFLOW-TUTORIAL/py_env/lib/python3.11/site-packages/airflow/example_dags/example_kubernetes_executor.py took 0.163 seconds
[2023-12-18T22:43:57.998+0100] {processor.py:157} INFO - Started process (PID=28055) to work on /Users/user/Desktop/Learning/AIRFLOW-TUTORIAL/py_env/lib/python3.11/site-packages/airflow/example_dags/example_kubernetes_executor.py
[2023-12-18T22:43:58.003+0100] {processor.py:829} INFO - Processing file /Users/user/Desktop/Learning/AIRFLOW-TUTORIAL/py_env/lib/python3.11/site-packages/airflow/example_dags/example_kubernetes_executor.py for tasks to queue
[2023-12-18T22:43:58.003+0100] {logging_mixin.py:154} INFO - [2023-12-18T22:43:58.003+0100] {dagbag.py:536} INFO - Filling up the DagBag from /Users/user/Desktop/Learning/AIRFLOW-TUTORIAL/py_env/lib/python3.11/site-packages/airflow/example_dags/example_kubernetes_executor.py
[2023-12-18T22:43:58.056+0100] {logging_mixin.py:154} INFO - [2023-12-18T22:43:58.056+0100] {example_kubernetes_executor.py:38} WARNING - The example_kubernetes_executor example DAG requires the kubernetes provider. Please install it with: pip install apache-airflow[cncf.kubernetes]
[2023-12-18T22:43:58.056+0100] {processor.py:841} WARNING - No viable dags retrieved from /Users/user/Desktop/Learning/AIRFLOW-TUTORIAL/py_env/lib/python3.11/site-packages/airflow/example_dags/example_kubernetes_executor.py
[2023-12-18T22:43:58.177+0100] {processor.py:179} INFO - Processing /Users/user/Desktop/Learning/AIRFLOW-TUTORIAL/py_env/lib/python3.11/site-packages/airflow/example_dags/example_kubernetes_executor.py took 0.180 seconds
[2023-12-18T22:47:14.037+0100] {processor.py:157} INFO - Started process (PID=29519) to work on /Users/user/Desktop/Learning/AIRFLOW-TUTORIAL/py_env/lib/python3.11/site-packages/airflow/example_dags/example_kubernetes_executor.py
[2023-12-18T22:47:14.042+0100] {processor.py:829} INFO - Processing file /Users/user/Desktop/Learning/AIRFLOW-TUTORIAL/py_env/lib/python3.11/site-packages/airflow/example_dags/example_kubernetes_executor.py for tasks to queue
[2023-12-18T22:47:14.043+0100] {logging_mixin.py:154} INFO - [2023-12-18T22:47:14.042+0100] {dagbag.py:536} INFO - Filling up the DagBag from /Users/user/Desktop/Learning/AIRFLOW-TUTORIAL/py_env/lib/python3.11/site-packages/airflow/example_dags/example_kubernetes_executor.py
[2023-12-18T22:47:14.103+0100] {logging_mixin.py:154} INFO - [2023-12-18T22:47:14.103+0100] {example_kubernetes_executor.py:38} WARNING - The example_kubernetes_executor example DAG requires the kubernetes provider. Please install it with: pip install apache-airflow[cncf.kubernetes]
[2023-12-18T22:47:14.103+0100] {processor.py:841} WARNING - No viable dags retrieved from /Users/user/Desktop/Learning/AIRFLOW-TUTORIAL/py_env/lib/python3.11/site-packages/airflow/example_dags/example_kubernetes_executor.py
[2023-12-18T22:47:14.227+0100] {processor.py:179} INFO - Processing /Users/user/Desktop/Learning/AIRFLOW-TUTORIAL/py_env/lib/python3.11/site-packages/airflow/example_dags/example_kubernetes_executor.py took 0.191 seconds
[2023-12-18T22:50:27.696+0100] {processor.py:157} INFO - Started process (PID=31309) to work on /Users/user/Desktop/Learning/AIRFLOW-TUTORIAL/py_env/lib/python3.11/site-packages/airflow/example_dags/example_kubernetes_executor.py
[2023-12-18T22:50:27.703+0100] {processor.py:829} INFO - Processing file /Users/user/Desktop/Learning/AIRFLOW-TUTORIAL/py_env/lib/python3.11/site-packages/airflow/example_dags/example_kubernetes_executor.py for tasks to queue
[2023-12-18T22:50:27.704+0100] {logging_mixin.py:154} INFO - [2023-12-18T22:50:27.704+0100] {dagbag.py:536} INFO - Filling up the DagBag from /Users/user/Desktop/Learning/AIRFLOW-TUTORIAL/py_env/lib/python3.11/site-packages/airflow/example_dags/example_kubernetes_executor.py
[2023-12-18T22:50:27.788+0100] {logging_mixin.py:154} INFO - [2023-12-18T22:50:27.788+0100] {example_kubernetes_executor.py:38} WARNING - The example_kubernetes_executor example DAG requires the kubernetes provider. Please install it with: pip install apache-airflow[cncf.kubernetes]
[2023-12-18T22:50:27.788+0100] {processor.py:841} WARNING - No viable dags retrieved from /Users/user/Desktop/Learning/AIRFLOW-TUTORIAL/py_env/lib/python3.11/site-packages/airflow/example_dags/example_kubernetes_executor.py
[2023-12-18T22:50:27.930+0100] {processor.py:179} INFO - Processing /Users/user/Desktop/Learning/AIRFLOW-TUTORIAL/py_env/lib/python3.11/site-packages/airflow/example_dags/example_kubernetes_executor.py took 0.235 seconds
[2023-12-18T22:54:11.000+0100] {processor.py:157} INFO - Started process (PID=33059) to work on /Users/user/Desktop/Learning/AIRFLOW-TUTORIAL/py_env/lib/python3.11/site-packages/airflow/example_dags/example_kubernetes_executor.py
[2023-12-18T22:54:11.016+0100] {processor.py:829} INFO - Processing file /Users/user/Desktop/Learning/AIRFLOW-TUTORIAL/py_env/lib/python3.11/site-packages/airflow/example_dags/example_kubernetes_executor.py for tasks to queue
[2023-12-18T22:54:11.018+0100] {logging_mixin.py:154} INFO - [2023-12-18T22:54:11.017+0100] {dagbag.py:536} INFO - Filling up the DagBag from /Users/user/Desktop/Learning/AIRFLOW-TUTORIAL/py_env/lib/python3.11/site-packages/airflow/example_dags/example_kubernetes_executor.py
[2023-12-18T22:54:11.088+0100] {logging_mixin.py:154} INFO - [2023-12-18T22:54:11.087+0100] {example_kubernetes_executor.py:38} WARNING - The example_kubernetes_executor example DAG requires the kubernetes provider. Please install it with: pip install apache-airflow[cncf.kubernetes]
[2023-12-18T22:54:11.088+0100] {processor.py:841} WARNING - No viable dags retrieved from /Users/user/Desktop/Learning/AIRFLOW-TUTORIAL/py_env/lib/python3.11/site-packages/airflow/example_dags/example_kubernetes_executor.py
[2023-12-18T22:54:11.227+0100] {processor.py:179} INFO - Processing /Users/user/Desktop/Learning/AIRFLOW-TUTORIAL/py_env/lib/python3.11/site-packages/airflow/example_dags/example_kubernetes_executor.py took 0.228 seconds
[2023-12-18T22:57:35.753+0100] {processor.py:157} INFO - Started process (PID=34705) to work on /Users/user/Desktop/Learning/AIRFLOW-TUTORIAL/py_env/lib/python3.11/site-packages/airflow/example_dags/example_kubernetes_executor.py
[2023-12-18T22:57:35.760+0100] {processor.py:829} INFO - Processing file /Users/user/Desktop/Learning/AIRFLOW-TUTORIAL/py_env/lib/python3.11/site-packages/airflow/example_dags/example_kubernetes_executor.py for tasks to queue
[2023-12-18T22:57:35.763+0100] {logging_mixin.py:154} INFO - [2023-12-18T22:57:35.763+0100] {dagbag.py:536} INFO - Filling up the DagBag from /Users/user/Desktop/Learning/AIRFLOW-TUTORIAL/py_env/lib/python3.11/site-packages/airflow/example_dags/example_kubernetes_executor.py
[2023-12-18T22:57:35.875+0100] {logging_mixin.py:154} INFO - [2023-12-18T22:57:35.875+0100] {example_kubernetes_executor.py:38} WARNING - The example_kubernetes_executor example DAG requires the kubernetes provider. Please install it with: pip install apache-airflow[cncf.kubernetes]
[2023-12-18T22:57:35.875+0100] {processor.py:841} WARNING - No viable dags retrieved from /Users/user/Desktop/Learning/AIRFLOW-TUTORIAL/py_env/lib/python3.11/site-packages/airflow/example_dags/example_kubernetes_executor.py
[2023-12-18T22:57:36.186+0100] {processor.py:179} INFO - Processing /Users/user/Desktop/Learning/AIRFLOW-TUTORIAL/py_env/lib/python3.11/site-packages/airflow/example_dags/example_kubernetes_executor.py took 0.439 seconds
[2023-12-18T23:01:07.960+0100] {processor.py:157} INFO - Started process (PID=36010) to work on /Users/user/Desktop/Learning/AIRFLOW-TUTORIAL/py_env/lib/python3.11/site-packages/airflow/example_dags/example_kubernetes_executor.py
[2023-12-18T23:01:07.965+0100] {processor.py:829} INFO - Processing file /Users/user/Desktop/Learning/AIRFLOW-TUTORIAL/py_env/lib/python3.11/site-packages/airflow/example_dags/example_kubernetes_executor.py for tasks to queue
[2023-12-18T23:01:07.965+0100] {logging_mixin.py:154} INFO - [2023-12-18T23:01:07.965+0100] {dagbag.py:536} INFO - Filling up the DagBag from /Users/user/Desktop/Learning/AIRFLOW-TUTORIAL/py_env/lib/python3.11/site-packages/airflow/example_dags/example_kubernetes_executor.py
[2023-12-18T23:01:08.067+0100] {logging_mixin.py:154} INFO - [2023-12-18T23:01:08.066+0100] {example_kubernetes_executor.py:38} WARNING - The example_kubernetes_executor example DAG requires the kubernetes provider. Please install it with: pip install apache-airflow[cncf.kubernetes]
[2023-12-18T23:01:08.067+0100] {processor.py:841} WARNING - No viable dags retrieved from /Users/user/Desktop/Learning/AIRFLOW-TUTORIAL/py_env/lib/python3.11/site-packages/airflow/example_dags/example_kubernetes_executor.py
[2023-12-18T23:01:08.264+0100] {processor.py:179} INFO - Processing /Users/user/Desktop/Learning/AIRFLOW-TUTORIAL/py_env/lib/python3.11/site-packages/airflow/example_dags/example_kubernetes_executor.py took 0.305 seconds
[2023-12-18T23:05:51.299+0100] {processor.py:157} INFO - Started process (PID=37884) to work on /Users/user/Desktop/Learning/AIRFLOW-TUTORIAL/py_env/lib/python3.11/site-packages/airflow/example_dags/example_kubernetes_executor.py
[2023-12-18T23:05:51.315+0100] {processor.py:829} INFO - Processing file /Users/user/Desktop/Learning/AIRFLOW-TUTORIAL/py_env/lib/python3.11/site-packages/airflow/example_dags/example_kubernetes_executor.py for tasks to queue
[2023-12-18T23:05:51.315+0100] {logging_mixin.py:154} INFO - [2023-12-18T23:05:51.315+0100] {dagbag.py:536} INFO - Filling up the DagBag from /Users/user/Desktop/Learning/AIRFLOW-TUTORIAL/py_env/lib/python3.11/site-packages/airflow/example_dags/example_kubernetes_executor.py
[2023-12-18T23:05:51.371+0100] {logging_mixin.py:154} INFO - [2023-12-18T23:05:51.371+0100] {example_kubernetes_executor.py:38} WARNING - The example_kubernetes_executor example DAG requires the kubernetes provider. Please install it with: pip install apache-airflow[cncf.kubernetes]
[2023-12-18T23:05:51.371+0100] {processor.py:841} WARNING - No viable dags retrieved from /Users/user/Desktop/Learning/AIRFLOW-TUTORIAL/py_env/lib/python3.11/site-packages/airflow/example_dags/example_kubernetes_executor.py
[2023-12-18T23:05:51.501+0100] {processor.py:179} INFO - Processing /Users/user/Desktop/Learning/AIRFLOW-TUTORIAL/py_env/lib/python3.11/site-packages/airflow/example_dags/example_kubernetes_executor.py took 0.203 seconds
[2023-12-18T23:08:09.960+0100] {processor.py:157} INFO - Started process (PID=38921) to work on /Users/user/Desktop/Learning/AIRFLOW-TUTORIAL/py_env/lib/python3.11/site-packages/airflow/example_dags/example_kubernetes_executor.py
[2023-12-18T23:08:09.965+0100] {processor.py:829} INFO - Processing file /Users/user/Desktop/Learning/AIRFLOW-TUTORIAL/py_env/lib/python3.11/site-packages/airflow/example_dags/example_kubernetes_executor.py for tasks to queue
[2023-12-18T23:08:09.965+0100] {logging_mixin.py:154} INFO - [2023-12-18T23:08:09.965+0100] {dagbag.py:536} INFO - Filling up the DagBag from /Users/user/Desktop/Learning/AIRFLOW-TUTORIAL/py_env/lib/python3.11/site-packages/airflow/example_dags/example_kubernetes_executor.py
[2023-12-18T23:08:10.015+0100] {logging_mixin.py:154} INFO - [2023-12-18T23:08:10.015+0100] {example_kubernetes_executor.py:38} WARNING - The example_kubernetes_executor example DAG requires the kubernetes provider. Please install it with: pip install apache-airflow[cncf.kubernetes]
[2023-12-18T23:08:10.015+0100] {processor.py:841} WARNING - No viable dags retrieved from /Users/user/Desktop/Learning/AIRFLOW-TUTORIAL/py_env/lib/python3.11/site-packages/airflow/example_dags/example_kubernetes_executor.py
[2023-12-18T23:08:10.126+0100] {processor.py:179} INFO - Processing /Users/user/Desktop/Learning/AIRFLOW-TUTORIAL/py_env/lib/python3.11/site-packages/airflow/example_dags/example_kubernetes_executor.py took 0.166 seconds
