[2023-12-18T22:37:42.308+0100] {processor.py:157} INFO - Started process (PID=25084) to work on /Users/user/Desktop/Learning/AIRFLOW-TUTORIAL/py_env/lib/python3.11/site-packages/airflow/example_dags/example_subdag_operator.py
[2023-12-18T22:37:42.313+0100] {processor.py:829} INFO - Processing file /Users/user/Desktop/Learning/AIRFLOW-TUTORIAL/py_env/lib/python3.11/site-packages/airflow/example_dags/example_subdag_operator.py for tasks to queue
[2023-12-18T22:37:42.314+0100] {logging_mixin.py:154} INFO - [2023-12-18T22:37:42.314+0100] {dagbag.py:536} INFO - Filling up the DagBag from /Users/user/Desktop/Learning/AIRFLOW-TUTORIAL/py_env/lib/python3.11/site-packages/airflow/example_dags/example_subdag_operator.py
[2023-12-18T22:37:42.691+0100] {processor.py:839} INFO - DAG(s) dict_keys(['example_subdag_operator.section-1', 'example_subdag_operator.section-2', 'example_subdag_operator']) retrieved from /Users/user/Desktop/Learning/AIRFLOW-TUTORIAL/py_env/lib/python3.11/site-packages/airflow/example_dags/example_subdag_operator.py
[2023-12-18T22:37:43.823+0100] {logging_mixin.py:154} INFO - [2023-12-18T22:37:43.823+0100] {manager.py:499} INFO - Created Permission View: %s
[2023-12-18T22:37:43.839+0100] {logging_mixin.py:154} INFO - [2023-12-18T22:37:43.839+0100] {manager.py:499} INFO - Created Permission View: %s
[2023-12-18T22:37:43.850+0100] {logging_mixin.py:154} INFO - [2023-12-18T22:37:43.849+0100] {manager.py:499} INFO - Created Permission View: %s
[2023-12-18T22:37:43.850+0100] {logging_mixin.py:154} INFO - [2023-12-18T22:37:43.850+0100] {dag.py:2941} INFO - Sync 3 DAGs
[2023-12-18T22:37:43.870+0100] {logging_mixin.py:154} INFO - [2023-12-18T22:37:43.870+0100] {dag.py:2963} INFO - Creating ORM DAG for example_subdag_operator
[2023-12-18T22:37:43.871+0100] {logging_mixin.py:154} INFO - [2023-12-18T22:37:43.871+0100] {dag.py:2963} INFO - Creating ORM DAG for example_subdag_operator.section-2
[2023-12-18T22:37:43.872+0100] {logging_mixin.py:154} INFO - [2023-12-18T22:37:43.872+0100] {dag.py:2963} INFO - Creating ORM DAG for example_subdag_operator.section-1
[2023-12-18T22:37:43.888+0100] {logging_mixin.py:154} INFO - [2023-12-18T22:37:43.888+0100] {dag.py:3722} INFO - Setting next_dagrun for example_subdag_operator to 2022-01-01T00:00:00+00:00, run_after=2022-01-01T00:00:00+00:00
[2023-12-18T22:37:43.889+0100] {logging_mixin.py:154} INFO - [2023-12-18T22:37:43.888+0100] {dag.py:3722} INFO - Setting next_dagrun for example_subdag_operator.section-1 to None, run_after=None
[2023-12-18T22:37:43.889+0100] {logging_mixin.py:154} INFO - [2023-12-18T22:37:43.889+0100] {dag.py:3722} INFO - Setting next_dagrun for example_subdag_operator.section-2 to None, run_after=None
[2023-12-18T22:37:43.901+0100] {logging_mixin.py:154} INFO - [2023-12-18T22:37:43.901+0100] {dag.py:2941} INFO - Sync 2 DAGs
[2023-12-18T22:37:43.909+0100] {logging_mixin.py:154} INFO - [2023-12-18T22:37:43.908+0100] {dag.py:3722} INFO - Setting next_dagrun for example_subdag_operator.section-1 to None, run_after=None
[2023-12-18T22:37:43.914+0100] {logging_mixin.py:154} INFO - [2023-12-18T22:37:43.914+0100] {dag.py:3722} INFO - Setting next_dagrun for example_subdag_operator.section-2 to None, run_after=None
[2023-12-18T22:37:43.937+0100] {processor.py:179} INFO - Processing /Users/user/Desktop/Learning/AIRFLOW-TUTORIAL/py_env/lib/python3.11/site-packages/airflow/example_dags/example_subdag_operator.py took 1.630 seconds
[2023-12-18T22:40:13.027+0100] {processor.py:157} INFO - Started process (PID=26301) to work on /Users/user/Desktop/Learning/AIRFLOW-TUTORIAL/py_env/lib/python3.11/site-packages/airflow/example_dags/example_subdag_operator.py
[2023-12-18T22:40:13.032+0100] {processor.py:829} INFO - Processing file /Users/user/Desktop/Learning/AIRFLOW-TUTORIAL/py_env/lib/python3.11/site-packages/airflow/example_dags/example_subdag_operator.py for tasks to queue
[2023-12-18T22:40:13.032+0100] {logging_mixin.py:154} INFO - [2023-12-18T22:40:13.032+0100] {dagbag.py:536} INFO - Filling up the DagBag from /Users/user/Desktop/Learning/AIRFLOW-TUTORIAL/py_env/lib/python3.11/site-packages/airflow/example_dags/example_subdag_operator.py
[2023-12-18T22:40:13.202+0100] {processor.py:839} INFO - DAG(s) dict_keys(['example_subdag_operator.section-1', 'example_subdag_operator.section-2', 'example_subdag_operator']) retrieved from /Users/user/Desktop/Learning/AIRFLOW-TUTORIAL/py_env/lib/python3.11/site-packages/airflow/example_dags/example_subdag_operator.py
[2023-12-18T22:40:13.285+0100] {logging_mixin.py:154} INFO - [2023-12-18T22:40:13.284+0100] {dag.py:2941} INFO - Sync 3 DAGs
[2023-12-18T22:40:13.302+0100] {logging_mixin.py:154} INFO - [2023-12-18T22:40:13.302+0100] {dag.py:3722} INFO - Setting next_dagrun for example_subdag_operator to 2022-01-01T00:00:00+00:00, run_after=2022-01-01T00:00:00+00:00
[2023-12-18T22:40:13.307+0100] {logging_mixin.py:154} INFO - [2023-12-18T22:40:13.307+0100] {dag.py:3722} INFO - Setting next_dagrun for example_subdag_operator.section-1 to None, run_after=None
[2023-12-18T22:40:13.308+0100] {logging_mixin.py:154} INFO - [2023-12-18T22:40:13.308+0100] {dag.py:3722} INFO - Setting next_dagrun for example_subdag_operator.section-2 to None, run_after=None
[2023-12-18T22:40:13.313+0100] {logging_mixin.py:154} INFO - [2023-12-18T22:40:13.313+0100] {dag.py:2941} INFO - Sync 2 DAGs
[2023-12-18T22:40:13.316+0100] {logging_mixin.py:154} INFO - [2023-12-18T22:40:13.316+0100] {dag.py:3722} INFO - Setting next_dagrun for example_subdag_operator.section-1 to None, run_after=None
[2023-12-18T22:40:13.317+0100] {logging_mixin.py:154} INFO - [2023-12-18T22:40:13.317+0100] {dag.py:3722} INFO - Setting next_dagrun for example_subdag_operator.section-2 to None, run_after=None
[2023-12-18T22:40:13.332+0100] {processor.py:179} INFO - Processing /Users/user/Desktop/Learning/AIRFLOW-TUTORIAL/py_env/lib/python3.11/site-packages/airflow/example_dags/example_subdag_operator.py took 0.305 seconds
[2023-12-18T22:41:44.616+0100] {processor.py:157} INFO - Started process (PID=27037) to work on /Users/user/Desktop/Learning/AIRFLOW-TUTORIAL/py_env/lib/python3.11/site-packages/airflow/example_dags/example_subdag_operator.py
[2023-12-18T22:41:44.623+0100] {processor.py:829} INFO - Processing file /Users/user/Desktop/Learning/AIRFLOW-TUTORIAL/py_env/lib/python3.11/site-packages/airflow/example_dags/example_subdag_operator.py for tasks to queue
[2023-12-18T22:41:44.640+0100] {logging_mixin.py:154} INFO - [2023-12-18T22:41:44.639+0100] {dagbag.py:536} INFO - Filling up the DagBag from /Users/user/Desktop/Learning/AIRFLOW-TUTORIAL/py_env/lib/python3.11/site-packages/airflow/example_dags/example_subdag_operator.py
[2023-12-18T22:41:44.839+0100] {processor.py:839} INFO - DAG(s) dict_keys(['example_subdag_operator.section-1', 'example_subdag_operator.section-2', 'example_subdag_operator']) retrieved from /Users/user/Desktop/Learning/AIRFLOW-TUTORIAL/py_env/lib/python3.11/site-packages/airflow/example_dags/example_subdag_operator.py
[2023-12-18T22:41:44.933+0100] {logging_mixin.py:154} INFO - [2023-12-18T22:41:44.932+0100] {dag.py:2941} INFO - Sync 3 DAGs
[2023-12-18T22:41:44.966+0100] {logging_mixin.py:154} INFO - [2023-12-18T22:41:44.966+0100] {dag.py:3722} INFO - Setting next_dagrun for example_subdag_operator to 2022-01-01T00:00:00+00:00, run_after=2022-01-01T00:00:00+00:00
[2023-12-18T22:41:44.973+0100] {logging_mixin.py:154} INFO - [2023-12-18T22:41:44.972+0100] {dag.py:3722} INFO - Setting next_dagrun for example_subdag_operator.section-1 to None, run_after=None
[2023-12-18T22:41:44.974+0100] {logging_mixin.py:154} INFO - [2023-12-18T22:41:44.973+0100] {dag.py:3722} INFO - Setting next_dagrun for example_subdag_operator.section-2 to None, run_after=None
[2023-12-18T22:41:44.980+0100] {logging_mixin.py:154} INFO - [2023-12-18T22:41:44.980+0100] {dag.py:2941} INFO - Sync 2 DAGs
[2023-12-18T22:41:45.002+0100] {logging_mixin.py:154} INFO - [2023-12-18T22:41:45.002+0100] {dag.py:3722} INFO - Setting next_dagrun for example_subdag_operator.section-1 to None, run_after=None
[2023-12-18T22:41:45.019+0100] {logging_mixin.py:154} INFO - [2023-12-18T22:41:45.019+0100] {dag.py:3722} INFO - Setting next_dagrun for example_subdag_operator.section-2 to None, run_after=None
[2023-12-18T22:41:45.048+0100] {processor.py:179} INFO - Processing /Users/user/Desktop/Learning/AIRFLOW-TUTORIAL/py_env/lib/python3.11/site-packages/airflow/example_dags/example_subdag_operator.py took 0.433 seconds
[2023-12-18T22:43:15.651+0100] {processor.py:157} INFO - Started process (PID=27666) to work on /Users/user/Desktop/Learning/AIRFLOW-TUTORIAL/py_env/lib/python3.11/site-packages/airflow/example_dags/example_subdag_operator.py
[2023-12-18T22:43:15.657+0100] {processor.py:829} INFO - Processing file /Users/user/Desktop/Learning/AIRFLOW-TUTORIAL/py_env/lib/python3.11/site-packages/airflow/example_dags/example_subdag_operator.py for tasks to queue
[2023-12-18T22:43:15.658+0100] {logging_mixin.py:154} INFO - [2023-12-18T22:43:15.658+0100] {dagbag.py:536} INFO - Filling up the DagBag from /Users/user/Desktop/Learning/AIRFLOW-TUTORIAL/py_env/lib/python3.11/site-packages/airflow/example_dags/example_subdag_operator.py
[2023-12-18T22:43:15.889+0100] {processor.py:839} INFO - DAG(s) dict_keys(['example_subdag_operator.section-1', 'example_subdag_operator.section-2', 'example_subdag_operator']) retrieved from /Users/user/Desktop/Learning/AIRFLOW-TUTORIAL/py_env/lib/python3.11/site-packages/airflow/example_dags/example_subdag_operator.py
[2023-12-18T22:43:15.994+0100] {logging_mixin.py:154} INFO - [2023-12-18T22:43:15.994+0100] {dag.py:2941} INFO - Sync 3 DAGs
[2023-12-18T22:43:16.015+0100] {logging_mixin.py:154} INFO - [2023-12-18T22:43:16.015+0100] {dag.py:3722} INFO - Setting next_dagrun for example_subdag_operator to 2022-01-01T00:00:00+00:00, run_after=2022-01-01T00:00:00+00:00
[2023-12-18T22:43:16.021+0100] {logging_mixin.py:154} INFO - [2023-12-18T22:43:16.021+0100] {dag.py:3722} INFO - Setting next_dagrun for example_subdag_operator.section-1 to None, run_after=None
[2023-12-18T22:43:16.022+0100] {logging_mixin.py:154} INFO - [2023-12-18T22:43:16.022+0100] {dag.py:3722} INFO - Setting next_dagrun for example_subdag_operator.section-2 to None, run_after=None
[2023-12-18T22:43:16.029+0100] {logging_mixin.py:154} INFO - [2023-12-18T22:43:16.029+0100] {dag.py:2941} INFO - Sync 2 DAGs
[2023-12-18T22:43:16.036+0100] {logging_mixin.py:154} INFO - [2023-12-18T22:43:16.036+0100] {dag.py:3722} INFO - Setting next_dagrun for example_subdag_operator.section-1 to None, run_after=None
[2023-12-18T22:43:16.036+0100] {logging_mixin.py:154} INFO - [2023-12-18T22:43:16.036+0100] {dag.py:3722} INFO - Setting next_dagrun for example_subdag_operator.section-2 to None, run_after=None
[2023-12-18T22:43:16.053+0100] {processor.py:179} INFO - Processing /Users/user/Desktop/Learning/AIRFLOW-TUTORIAL/py_env/lib/python3.11/site-packages/airflow/example_dags/example_subdag_operator.py took 0.404 seconds
[2023-12-18T22:44:48.766+0100] {processor.py:157} INFO - Started process (PID=28551) to work on /Users/user/Desktop/Learning/AIRFLOW-TUTORIAL/py_env/lib/python3.11/site-packages/airflow/example_dags/example_subdag_operator.py
[2023-12-18T22:44:48.770+0100] {processor.py:829} INFO - Processing file /Users/user/Desktop/Learning/AIRFLOW-TUTORIAL/py_env/lib/python3.11/site-packages/airflow/example_dags/example_subdag_operator.py for tasks to queue
[2023-12-18T22:44:48.770+0100] {logging_mixin.py:154} INFO - [2023-12-18T22:44:48.770+0100] {dagbag.py:536} INFO - Filling up the DagBag from /Users/user/Desktop/Learning/AIRFLOW-TUTORIAL/py_env/lib/python3.11/site-packages/airflow/example_dags/example_subdag_operator.py
[2023-12-18T22:44:48.918+0100] {processor.py:839} INFO - DAG(s) dict_keys(['example_subdag_operator.section-1', 'example_subdag_operator.section-2', 'example_subdag_operator']) retrieved from /Users/user/Desktop/Learning/AIRFLOW-TUTORIAL/py_env/lib/python3.11/site-packages/airflow/example_dags/example_subdag_operator.py
[2023-12-18T22:44:48.997+0100] {logging_mixin.py:154} INFO - [2023-12-18T22:44:48.996+0100] {dag.py:2941} INFO - Sync 3 DAGs
[2023-12-18T22:44:49.015+0100] {logging_mixin.py:154} INFO - [2023-12-18T22:44:49.015+0100] {dag.py:3722} INFO - Setting next_dagrun for example_subdag_operator to 2022-01-01T00:00:00+00:00, run_after=2022-01-01T00:00:00+00:00
[2023-12-18T22:44:49.020+0100] {logging_mixin.py:154} INFO - [2023-12-18T22:44:49.020+0100] {dag.py:3722} INFO - Setting next_dagrun for example_subdag_operator.section-1 to None, run_after=None
[2023-12-18T22:44:49.021+0100] {logging_mixin.py:154} INFO - [2023-12-18T22:44:49.021+0100] {dag.py:3722} INFO - Setting next_dagrun for example_subdag_operator.section-2 to None, run_after=None
[2023-12-18T22:44:49.027+0100] {logging_mixin.py:154} INFO - [2023-12-18T22:44:49.026+0100] {dag.py:2941} INFO - Sync 2 DAGs
[2023-12-18T22:44:49.031+0100] {logging_mixin.py:154} INFO - [2023-12-18T22:44:49.031+0100] {dag.py:3722} INFO - Setting next_dagrun for example_subdag_operator.section-1 to None, run_after=None
[2023-12-18T22:44:49.031+0100] {logging_mixin.py:154} INFO - [2023-12-18T22:44:49.031+0100] {dag.py:3722} INFO - Setting next_dagrun for example_subdag_operator.section-2 to None, run_after=None
[2023-12-18T22:44:49.043+0100] {processor.py:179} INFO - Processing /Users/user/Desktop/Learning/AIRFLOW-TUTORIAL/py_env/lib/python3.11/site-packages/airflow/example_dags/example_subdag_operator.py took 0.278 seconds
[2023-12-18T22:46:24.897+0100] {processor.py:157} INFO - Started process (PID=29274) to work on /Users/user/Desktop/Learning/AIRFLOW-TUTORIAL/py_env/lib/python3.11/site-packages/airflow/example_dags/example_subdag_operator.py
[2023-12-18T22:46:24.902+0100] {processor.py:829} INFO - Processing file /Users/user/Desktop/Learning/AIRFLOW-TUTORIAL/py_env/lib/python3.11/site-packages/airflow/example_dags/example_subdag_operator.py for tasks to queue
[2023-12-18T22:46:24.903+0100] {logging_mixin.py:154} INFO - [2023-12-18T22:46:24.902+0100] {dagbag.py:536} INFO - Filling up the DagBag from /Users/user/Desktop/Learning/AIRFLOW-TUTORIAL/py_env/lib/python3.11/site-packages/airflow/example_dags/example_subdag_operator.py
[2023-12-18T22:46:25.103+0100] {processor.py:839} INFO - DAG(s) dict_keys(['example_subdag_operator.section-1', 'example_subdag_operator.section-2', 'example_subdag_operator']) retrieved from /Users/user/Desktop/Learning/AIRFLOW-TUTORIAL/py_env/lib/python3.11/site-packages/airflow/example_dags/example_subdag_operator.py
[2023-12-18T22:46:25.202+0100] {logging_mixin.py:154} INFO - [2023-12-18T22:46:25.202+0100] {dag.py:2941} INFO - Sync 3 DAGs
[2023-12-18T22:46:25.220+0100] {logging_mixin.py:154} INFO - [2023-12-18T22:46:25.220+0100] {dag.py:3722} INFO - Setting next_dagrun for example_subdag_operator to 2022-01-01T00:00:00+00:00, run_after=2022-01-01T00:00:00+00:00
[2023-12-18T22:46:25.226+0100] {logging_mixin.py:154} INFO - [2023-12-18T22:46:25.226+0100] {dag.py:3722} INFO - Setting next_dagrun for example_subdag_operator.section-1 to None, run_after=None
[2023-12-18T22:46:25.227+0100] {logging_mixin.py:154} INFO - [2023-12-18T22:46:25.227+0100] {dag.py:3722} INFO - Setting next_dagrun for example_subdag_operator.section-2 to None, run_after=None
[2023-12-18T22:46:25.234+0100] {logging_mixin.py:154} INFO - [2023-12-18T22:46:25.234+0100] {dag.py:2941} INFO - Sync 2 DAGs
[2023-12-18T22:46:25.238+0100] {logging_mixin.py:154} INFO - [2023-12-18T22:46:25.238+0100] {dag.py:3722} INFO - Setting next_dagrun for example_subdag_operator.section-1 to None, run_after=None
[2023-12-18T22:46:25.238+0100] {logging_mixin.py:154} INFO - [2023-12-18T22:46:25.238+0100] {dag.py:3722} INFO - Setting next_dagrun for example_subdag_operator.section-2 to None, run_after=None
[2023-12-18T22:46:25.256+0100] {processor.py:179} INFO - Processing /Users/user/Desktop/Learning/AIRFLOW-TUTORIAL/py_env/lib/python3.11/site-packages/airflow/example_dags/example_subdag_operator.py took 0.360 seconds
[2023-12-18T22:48:10.177+0100] {processor.py:157} INFO - Started process (PID=30015) to work on /Users/user/Desktop/Learning/AIRFLOW-TUTORIAL/py_env/lib/python3.11/site-packages/airflow/example_dags/example_subdag_operator.py
[2023-12-18T22:48:10.181+0100] {processor.py:829} INFO - Processing file /Users/user/Desktop/Learning/AIRFLOW-TUTORIAL/py_env/lib/python3.11/site-packages/airflow/example_dags/example_subdag_operator.py for tasks to queue
[2023-12-18T22:48:10.182+0100] {logging_mixin.py:154} INFO - [2023-12-18T22:48:10.182+0100] {dagbag.py:536} INFO - Filling up the DagBag from /Users/user/Desktop/Learning/AIRFLOW-TUTORIAL/py_env/lib/python3.11/site-packages/airflow/example_dags/example_subdag_operator.py
[2023-12-18T22:48:10.360+0100] {processor.py:839} INFO - DAG(s) dict_keys(['example_subdag_operator.section-1', 'example_subdag_operator.section-2', 'example_subdag_operator']) retrieved from /Users/user/Desktop/Learning/AIRFLOW-TUTORIAL/py_env/lib/python3.11/site-packages/airflow/example_dags/example_subdag_operator.py
[2023-12-18T22:48:10.448+0100] {logging_mixin.py:154} INFO - [2023-12-18T22:48:10.447+0100] {dag.py:2941} INFO - Sync 3 DAGs
[2023-12-18T22:48:10.469+0100] {logging_mixin.py:154} INFO - [2023-12-18T22:48:10.469+0100] {dag.py:3722} INFO - Setting next_dagrun for example_subdag_operator to 2022-01-01T00:00:00+00:00, run_after=2022-01-01T00:00:00+00:00
[2023-12-18T22:48:10.475+0100] {logging_mixin.py:154} INFO - [2023-12-18T22:48:10.474+0100] {dag.py:3722} INFO - Setting next_dagrun for example_subdag_operator.section-1 to None, run_after=None
[2023-12-18T22:48:10.476+0100] {logging_mixin.py:154} INFO - [2023-12-18T22:48:10.476+0100] {dag.py:3722} INFO - Setting next_dagrun for example_subdag_operator.section-2 to None, run_after=None
[2023-12-18T22:48:10.484+0100] {logging_mixin.py:154} INFO - [2023-12-18T22:48:10.483+0100] {dag.py:2941} INFO - Sync 2 DAGs
[2023-12-18T22:48:10.487+0100] {logging_mixin.py:154} INFO - [2023-12-18T22:48:10.487+0100] {dag.py:3722} INFO - Setting next_dagrun for example_subdag_operator.section-1 to None, run_after=None
[2023-12-18T22:48:10.488+0100] {logging_mixin.py:154} INFO - [2023-12-18T22:48:10.488+0100] {dag.py:3722} INFO - Setting next_dagrun for example_subdag_operator.section-2 to None, run_after=None
[2023-12-18T22:48:10.501+0100] {processor.py:179} INFO - Processing /Users/user/Desktop/Learning/AIRFLOW-TUTORIAL/py_env/lib/python3.11/site-packages/airflow/example_dags/example_subdag_operator.py took 0.324 seconds
[2023-12-18T22:49:46.573+0100] {processor.py:157} INFO - Started process (PID=30910) to work on /Users/user/Desktop/Learning/AIRFLOW-TUTORIAL/py_env/lib/python3.11/site-packages/airflow/example_dags/example_subdag_operator.py
[2023-12-18T22:49:46.577+0100] {processor.py:829} INFO - Processing file /Users/user/Desktop/Learning/AIRFLOW-TUTORIAL/py_env/lib/python3.11/site-packages/airflow/example_dags/example_subdag_operator.py for tasks to queue
[2023-12-18T22:49:46.577+0100] {logging_mixin.py:154} INFO - [2023-12-18T22:49:46.577+0100] {dagbag.py:536} INFO - Filling up the DagBag from /Users/user/Desktop/Learning/AIRFLOW-TUTORIAL/py_env/lib/python3.11/site-packages/airflow/example_dags/example_subdag_operator.py
[2023-12-18T22:49:46.719+0100] {processor.py:839} INFO - DAG(s) dict_keys(['example_subdag_operator.section-1', 'example_subdag_operator.section-2', 'example_subdag_operator']) retrieved from /Users/user/Desktop/Learning/AIRFLOW-TUTORIAL/py_env/lib/python3.11/site-packages/airflow/example_dags/example_subdag_operator.py
[2023-12-18T22:49:46.794+0100] {logging_mixin.py:154} INFO - [2023-12-18T22:49:46.793+0100] {dag.py:2941} INFO - Sync 3 DAGs
[2023-12-18T22:49:46.809+0100] {logging_mixin.py:154} INFO - [2023-12-18T22:49:46.809+0100] {dag.py:3722} INFO - Setting next_dagrun for example_subdag_operator to 2022-01-01T00:00:00+00:00, run_after=2022-01-01T00:00:00+00:00
[2023-12-18T22:49:46.813+0100] {logging_mixin.py:154} INFO - [2023-12-18T22:49:46.813+0100] {dag.py:3722} INFO - Setting next_dagrun for example_subdag_operator.section-1 to None, run_after=None
[2023-12-18T22:49:46.814+0100] {logging_mixin.py:154} INFO - [2023-12-18T22:49:46.814+0100] {dag.py:3722} INFO - Setting next_dagrun for example_subdag_operator.section-2 to None, run_after=None
[2023-12-18T22:49:46.819+0100] {logging_mixin.py:154} INFO - [2023-12-18T22:49:46.819+0100] {dag.py:2941} INFO - Sync 2 DAGs
[2023-12-18T22:49:46.823+0100] {logging_mixin.py:154} INFO - [2023-12-18T22:49:46.822+0100] {dag.py:3722} INFO - Setting next_dagrun for example_subdag_operator.section-1 to None, run_after=None
[2023-12-18T22:49:46.823+0100] {logging_mixin.py:154} INFO - [2023-12-18T22:49:46.823+0100] {dag.py:3722} INFO - Setting next_dagrun for example_subdag_operator.section-2 to None, run_after=None
[2023-12-18T22:49:46.834+0100] {processor.py:179} INFO - Processing /Users/user/Desktop/Learning/AIRFLOW-TUTORIAL/py_env/lib/python3.11/site-packages/airflow/example_dags/example_subdag_operator.py took 0.262 seconds
[2023-12-18T22:51:27.994+0100] {processor.py:157} INFO - Started process (PID=31630) to work on /Users/user/Desktop/Learning/AIRFLOW-TUTORIAL/py_env/lib/python3.11/site-packages/airflow/example_dags/example_subdag_operator.py
[2023-12-18T22:51:27.998+0100] {processor.py:829} INFO - Processing file /Users/user/Desktop/Learning/AIRFLOW-TUTORIAL/py_env/lib/python3.11/site-packages/airflow/example_dags/example_subdag_operator.py for tasks to queue
[2023-12-18T22:51:27.999+0100] {logging_mixin.py:154} INFO - [2023-12-18T22:51:27.998+0100] {dagbag.py:536} INFO - Filling up the DagBag from /Users/user/Desktop/Learning/AIRFLOW-TUTORIAL/py_env/lib/python3.11/site-packages/airflow/example_dags/example_subdag_operator.py
[2023-12-18T22:51:28.191+0100] {processor.py:839} INFO - DAG(s) dict_keys(['example_subdag_operator.section-1', 'example_subdag_operator.section-2', 'example_subdag_operator']) retrieved from /Users/user/Desktop/Learning/AIRFLOW-TUTORIAL/py_env/lib/python3.11/site-packages/airflow/example_dags/example_subdag_operator.py
[2023-12-18T22:51:28.298+0100] {logging_mixin.py:154} INFO - [2023-12-18T22:51:28.297+0100] {dag.py:2941} INFO - Sync 3 DAGs
[2023-12-18T22:51:28.319+0100] {logging_mixin.py:154} INFO - [2023-12-18T22:51:28.319+0100] {dag.py:3722} INFO - Setting next_dagrun for example_subdag_operator to 2022-01-01T00:00:00+00:00, run_after=2022-01-01T00:00:00+00:00
[2023-12-18T22:51:28.327+0100] {logging_mixin.py:154} INFO - [2023-12-18T22:51:28.327+0100] {dag.py:3722} INFO - Setting next_dagrun for example_subdag_operator.section-1 to None, run_after=None
[2023-12-18T22:51:28.328+0100] {logging_mixin.py:154} INFO - [2023-12-18T22:51:28.328+0100] {dag.py:3722} INFO - Setting next_dagrun for example_subdag_operator.section-2 to None, run_after=None
[2023-12-18T22:51:28.335+0100] {logging_mixin.py:154} INFO - [2023-12-18T22:51:28.335+0100] {dag.py:2941} INFO - Sync 2 DAGs
[2023-12-18T22:51:28.340+0100] {logging_mixin.py:154} INFO - [2023-12-18T22:51:28.340+0100] {dag.py:3722} INFO - Setting next_dagrun for example_subdag_operator.section-1 to None, run_after=None
[2023-12-18T22:51:28.341+0100] {logging_mixin.py:154} INFO - [2023-12-18T22:51:28.341+0100] {dag.py:3722} INFO - Setting next_dagrun for example_subdag_operator.section-2 to None, run_after=None
[2023-12-18T22:51:28.356+0100] {processor.py:179} INFO - Processing /Users/user/Desktop/Learning/AIRFLOW-TUTORIAL/py_env/lib/python3.11/site-packages/airflow/example_dags/example_subdag_operator.py took 0.362 seconds
[2023-12-18T22:53:19.260+0100] {processor.py:157} INFO - Started process (PID=32735) to work on /Users/user/Desktop/Learning/AIRFLOW-TUTORIAL/py_env/lib/python3.11/site-packages/airflow/example_dags/example_subdag_operator.py
[2023-12-18T22:53:19.265+0100] {processor.py:829} INFO - Processing file /Users/user/Desktop/Learning/AIRFLOW-TUTORIAL/py_env/lib/python3.11/site-packages/airflow/example_dags/example_subdag_operator.py for tasks to queue
[2023-12-18T22:53:19.265+0100] {logging_mixin.py:154} INFO - [2023-12-18T22:53:19.265+0100] {dagbag.py:536} INFO - Filling up the DagBag from /Users/user/Desktop/Learning/AIRFLOW-TUTORIAL/py_env/lib/python3.11/site-packages/airflow/example_dags/example_subdag_operator.py
[2023-12-18T22:53:19.433+0100] {processor.py:839} INFO - DAG(s) dict_keys(['example_subdag_operator.section-1', 'example_subdag_operator.section-2', 'example_subdag_operator']) retrieved from /Users/user/Desktop/Learning/AIRFLOW-TUTORIAL/py_env/lib/python3.11/site-packages/airflow/example_dags/example_subdag_operator.py
[2023-12-18T22:53:19.511+0100] {logging_mixin.py:154} INFO - [2023-12-18T22:53:19.511+0100] {dag.py:2941} INFO - Sync 3 DAGs
[2023-12-18T22:53:19.528+0100] {logging_mixin.py:154} INFO - [2023-12-18T22:53:19.528+0100] {dag.py:3722} INFO - Setting next_dagrun for example_subdag_operator to 2022-01-01T00:00:00+00:00, run_after=2022-01-01T00:00:00+00:00
[2023-12-18T22:53:19.532+0100] {logging_mixin.py:154} INFO - [2023-12-18T22:53:19.532+0100] {dag.py:3722} INFO - Setting next_dagrun for example_subdag_operator.section-1 to None, run_after=None
[2023-12-18T22:53:19.533+0100] {logging_mixin.py:154} INFO - [2023-12-18T22:53:19.533+0100] {dag.py:3722} INFO - Setting next_dagrun for example_subdag_operator.section-2 to None, run_after=None
[2023-12-18T22:53:19.538+0100] {logging_mixin.py:154} INFO - [2023-12-18T22:53:19.538+0100] {dag.py:2941} INFO - Sync 2 DAGs
[2023-12-18T22:53:19.542+0100] {logging_mixin.py:154} INFO - [2023-12-18T22:53:19.542+0100] {dag.py:3722} INFO - Setting next_dagrun for example_subdag_operator.section-1 to None, run_after=None
[2023-12-18T22:53:19.542+0100] {logging_mixin.py:154} INFO - [2023-12-18T22:53:19.542+0100] {dag.py:3722} INFO - Setting next_dagrun for example_subdag_operator.section-2 to None, run_after=None
[2023-12-18T22:53:19.555+0100] {processor.py:179} INFO - Processing /Users/user/Desktop/Learning/AIRFLOW-TUTORIAL/py_env/lib/python3.11/site-packages/airflow/example_dags/example_subdag_operator.py took 0.295 seconds
[2023-12-18T22:55:09.074+0100] {processor.py:157} INFO - Started process (PID=33550) to work on /Users/user/Desktop/Learning/AIRFLOW-TUTORIAL/py_env/lib/python3.11/site-packages/airflow/example_dags/example_subdag_operator.py
[2023-12-18T22:55:09.078+0100] {processor.py:829} INFO - Processing file /Users/user/Desktop/Learning/AIRFLOW-TUTORIAL/py_env/lib/python3.11/site-packages/airflow/example_dags/example_subdag_operator.py for tasks to queue
[2023-12-18T22:55:09.079+0100] {logging_mixin.py:154} INFO - [2023-12-18T22:55:09.079+0100] {dagbag.py:536} INFO - Filling up the DagBag from /Users/user/Desktop/Learning/AIRFLOW-TUTORIAL/py_env/lib/python3.11/site-packages/airflow/example_dags/example_subdag_operator.py
[2023-12-18T22:55:09.279+0100] {processor.py:839} INFO - DAG(s) dict_keys(['example_subdag_operator.section-1', 'example_subdag_operator.section-2', 'example_subdag_operator']) retrieved from /Users/user/Desktop/Learning/AIRFLOW-TUTORIAL/py_env/lib/python3.11/site-packages/airflow/example_dags/example_subdag_operator.py
[2023-12-18T22:55:09.400+0100] {logging_mixin.py:154} INFO - [2023-12-18T22:55:09.399+0100] {dag.py:2941} INFO - Sync 3 DAGs
[2023-12-18T22:55:09.459+0100] {logging_mixin.py:154} INFO - [2023-12-18T22:55:09.458+0100] {dag.py:3722} INFO - Setting next_dagrun for example_subdag_operator to 2022-01-01T00:00:00+00:00, run_after=2022-01-01T00:00:00+00:00
[2023-12-18T22:55:09.486+0100] {logging_mixin.py:154} INFO - [2023-12-18T22:55:09.486+0100] {dag.py:3722} INFO - Setting next_dagrun for example_subdag_operator.section-1 to None, run_after=None
[2023-12-18T22:55:09.496+0100] {logging_mixin.py:154} INFO - [2023-12-18T22:55:09.496+0100] {dag.py:3722} INFO - Setting next_dagrun for example_subdag_operator.section-2 to None, run_after=None
[2023-12-18T22:55:09.517+0100] {logging_mixin.py:154} INFO - [2023-12-18T22:55:09.517+0100] {dag.py:2941} INFO - Sync 2 DAGs
[2023-12-18T22:55:09.526+0100] {logging_mixin.py:154} INFO - [2023-12-18T22:55:09.526+0100] {dag.py:3722} INFO - Setting next_dagrun for example_subdag_operator.section-1 to None, run_after=None
[2023-12-18T22:55:09.527+0100] {logging_mixin.py:154} INFO - [2023-12-18T22:55:09.526+0100] {dag.py:3722} INFO - Setting next_dagrun for example_subdag_operator.section-2 to None, run_after=None
[2023-12-18T22:55:09.550+0100] {processor.py:179} INFO - Processing /Users/user/Desktop/Learning/AIRFLOW-TUTORIAL/py_env/lib/python3.11/site-packages/airflow/example_dags/example_subdag_operator.py took 0.477 seconds
[2023-12-18T22:56:52.202+0100] {processor.py:157} INFO - Started process (PID=34278) to work on /Users/user/Desktop/Learning/AIRFLOW-TUTORIAL/py_env/lib/python3.11/site-packages/airflow/example_dags/example_subdag_operator.py
[2023-12-18T22:56:52.208+0100] {processor.py:829} INFO - Processing file /Users/user/Desktop/Learning/AIRFLOW-TUTORIAL/py_env/lib/python3.11/site-packages/airflow/example_dags/example_subdag_operator.py for tasks to queue
[2023-12-18T22:56:52.208+0100] {logging_mixin.py:154} INFO - [2023-12-18T22:56:52.208+0100] {dagbag.py:536} INFO - Filling up the DagBag from /Users/user/Desktop/Learning/AIRFLOW-TUTORIAL/py_env/lib/python3.11/site-packages/airflow/example_dags/example_subdag_operator.py
[2023-12-18T22:56:52.367+0100] {processor.py:839} INFO - DAG(s) dict_keys(['example_subdag_operator.section-1', 'example_subdag_operator.section-2', 'example_subdag_operator']) retrieved from /Users/user/Desktop/Learning/AIRFLOW-TUTORIAL/py_env/lib/python3.11/site-packages/airflow/example_dags/example_subdag_operator.py
[2023-12-18T22:56:52.439+0100] {logging_mixin.py:154} INFO - [2023-12-18T22:56:52.439+0100] {dag.py:2941} INFO - Sync 3 DAGs
[2023-12-18T22:56:52.453+0100] {logging_mixin.py:154} INFO - [2023-12-18T22:56:52.453+0100] {dag.py:3722} INFO - Setting next_dagrun for example_subdag_operator to 2022-01-01T00:00:00+00:00, run_after=2022-01-01T00:00:00+00:00
[2023-12-18T22:56:52.457+0100] {logging_mixin.py:154} INFO - [2023-12-18T22:56:52.456+0100] {dag.py:3722} INFO - Setting next_dagrun for example_subdag_operator.section-1 to None, run_after=None
[2023-12-18T22:56:52.458+0100] {logging_mixin.py:154} INFO - [2023-12-18T22:56:52.457+0100] {dag.py:3722} INFO - Setting next_dagrun for example_subdag_operator.section-2 to None, run_after=None
[2023-12-18T22:56:52.463+0100] {logging_mixin.py:154} INFO - [2023-12-18T22:56:52.463+0100] {dag.py:2941} INFO - Sync 2 DAGs
[2023-12-18T22:56:52.467+0100] {logging_mixin.py:154} INFO - [2023-12-18T22:56:52.467+0100] {dag.py:3722} INFO - Setting next_dagrun for example_subdag_operator.section-1 to None, run_after=None
[2023-12-18T22:56:52.468+0100] {logging_mixin.py:154} INFO - [2023-12-18T22:56:52.467+0100] {dag.py:3722} INFO - Setting next_dagrun for example_subdag_operator.section-2 to None, run_after=None
[2023-12-18T22:56:52.481+0100] {processor.py:179} INFO - Processing /Users/user/Desktop/Learning/AIRFLOW-TUTORIAL/py_env/lib/python3.11/site-packages/airflow/example_dags/example_subdag_operator.py took 0.280 seconds
[2023-12-18T22:58:39.371+0100] {processor.py:157} INFO - Started process (PID=35111) to work on /Users/user/Desktop/Learning/AIRFLOW-TUTORIAL/py_env/lib/python3.11/site-packages/airflow/example_dags/example_subdag_operator.py
[2023-12-18T22:58:39.376+0100] {processor.py:829} INFO - Processing file /Users/user/Desktop/Learning/AIRFLOW-TUTORIAL/py_env/lib/python3.11/site-packages/airflow/example_dags/example_subdag_operator.py for tasks to queue
[2023-12-18T22:58:39.376+0100] {logging_mixin.py:154} INFO - [2023-12-18T22:58:39.376+0100] {dagbag.py:536} INFO - Filling up the DagBag from /Users/user/Desktop/Learning/AIRFLOW-TUTORIAL/py_env/lib/python3.11/site-packages/airflow/example_dags/example_subdag_operator.py
[2023-12-18T22:58:39.544+0100] {processor.py:839} INFO - DAG(s) dict_keys(['example_subdag_operator.section-1', 'example_subdag_operator.section-2', 'example_subdag_operator']) retrieved from /Users/user/Desktop/Learning/AIRFLOW-TUTORIAL/py_env/lib/python3.11/site-packages/airflow/example_dags/example_subdag_operator.py
[2023-12-18T22:58:39.621+0100] {logging_mixin.py:154} INFO - [2023-12-18T22:58:39.620+0100] {dag.py:2941} INFO - Sync 3 DAGs
[2023-12-18T22:58:39.637+0100] {logging_mixin.py:154} INFO - [2023-12-18T22:58:39.637+0100] {dag.py:3722} INFO - Setting next_dagrun for example_subdag_operator to 2022-01-01T00:00:00+00:00, run_after=2022-01-01T00:00:00+00:00
[2023-12-18T22:58:39.641+0100] {logging_mixin.py:154} INFO - [2023-12-18T22:58:39.641+0100] {dag.py:3722} INFO - Setting next_dagrun for example_subdag_operator.section-1 to None, run_after=None
[2023-12-18T22:58:39.642+0100] {logging_mixin.py:154} INFO - [2023-12-18T22:58:39.642+0100] {dag.py:3722} INFO - Setting next_dagrun for example_subdag_operator.section-2 to None, run_after=None
[2023-12-18T22:58:39.647+0100] {logging_mixin.py:154} INFO - [2023-12-18T22:58:39.647+0100] {dag.py:2941} INFO - Sync 2 DAGs
[2023-12-18T22:58:39.650+0100] {logging_mixin.py:154} INFO - [2023-12-18T22:58:39.650+0100] {dag.py:3722} INFO - Setting next_dagrun for example_subdag_operator.section-1 to None, run_after=None
[2023-12-18T22:58:39.651+0100] {logging_mixin.py:154} INFO - [2023-12-18T22:58:39.651+0100] {dag.py:3722} INFO - Setting next_dagrun for example_subdag_operator.section-2 to None, run_after=None
[2023-12-18T22:58:39.663+0100] {processor.py:179} INFO - Processing /Users/user/Desktop/Learning/AIRFLOW-TUTORIAL/py_env/lib/python3.11/site-packages/airflow/example_dags/example_subdag_operator.py took 0.292 seconds
[2023-12-18T23:00:19.795+0100] {processor.py:157} INFO - Started process (PID=35772) to work on /Users/user/Desktop/Learning/AIRFLOW-TUTORIAL/py_env/lib/python3.11/site-packages/airflow/example_dags/example_subdag_operator.py
[2023-12-18T23:00:19.799+0100] {processor.py:829} INFO - Processing file /Users/user/Desktop/Learning/AIRFLOW-TUTORIAL/py_env/lib/python3.11/site-packages/airflow/example_dags/example_subdag_operator.py for tasks to queue
[2023-12-18T23:00:19.799+0100] {logging_mixin.py:154} INFO - [2023-12-18T23:00:19.799+0100] {dagbag.py:536} INFO - Filling up the DagBag from /Users/user/Desktop/Learning/AIRFLOW-TUTORIAL/py_env/lib/python3.11/site-packages/airflow/example_dags/example_subdag_operator.py
[2023-12-18T23:00:19.950+0100] {processor.py:839} INFO - DAG(s) dict_keys(['example_subdag_operator.section-1', 'example_subdag_operator.section-2', 'example_subdag_operator']) retrieved from /Users/user/Desktop/Learning/AIRFLOW-TUTORIAL/py_env/lib/python3.11/site-packages/airflow/example_dags/example_subdag_operator.py
[2023-12-18T23:00:20.037+0100] {logging_mixin.py:154} INFO - [2023-12-18T23:00:20.037+0100] {dag.py:2941} INFO - Sync 3 DAGs
[2023-12-18T23:00:20.066+0100] {logging_mixin.py:154} INFO - [2023-12-18T23:00:20.065+0100] {dag.py:3722} INFO - Setting next_dagrun for example_subdag_operator to 2022-01-01T00:00:00+00:00, run_after=2022-01-01T00:00:00+00:00
[2023-12-18T23:00:20.070+0100] {logging_mixin.py:154} INFO - [2023-12-18T23:00:20.070+0100] {dag.py:3722} INFO - Setting next_dagrun for example_subdag_operator.section-1 to None, run_after=None
[2023-12-18T23:00:20.072+0100] {logging_mixin.py:154} INFO - [2023-12-18T23:00:20.072+0100] {dag.py:3722} INFO - Setting next_dagrun for example_subdag_operator.section-2 to None, run_after=None
[2023-12-18T23:00:20.083+0100] {logging_mixin.py:154} INFO - [2023-12-18T23:00:20.083+0100] {dag.py:2941} INFO - Sync 2 DAGs
[2023-12-18T23:00:20.091+0100] {logging_mixin.py:154} INFO - [2023-12-18T23:00:20.091+0100] {dag.py:3722} INFO - Setting next_dagrun for example_subdag_operator.section-1 to None, run_after=None
[2023-12-18T23:00:20.091+0100] {logging_mixin.py:154} INFO - [2023-12-18T23:00:20.091+0100] {dag.py:3722} INFO - Setting next_dagrun for example_subdag_operator.section-2 to None, run_after=None
[2023-12-18T23:00:20.112+0100] {processor.py:179} INFO - Processing /Users/user/Desktop/Learning/AIRFLOW-TUTORIAL/py_env/lib/python3.11/site-packages/airflow/example_dags/example_subdag_operator.py took 0.318 seconds
[2023-12-18T23:02:02.799+0100] {processor.py:157} INFO - Started process (PID=36517) to work on /Users/user/Desktop/Learning/AIRFLOW-TUTORIAL/py_env/lib/python3.11/site-packages/airflow/example_dags/example_subdag_operator.py
[2023-12-18T23:02:02.805+0100] {processor.py:829} INFO - Processing file /Users/user/Desktop/Learning/AIRFLOW-TUTORIAL/py_env/lib/python3.11/site-packages/airflow/example_dags/example_subdag_operator.py for tasks to queue
[2023-12-18T23:02:02.806+0100] {logging_mixin.py:154} INFO - [2023-12-18T23:02:02.806+0100] {dagbag.py:536} INFO - Filling up the DagBag from /Users/user/Desktop/Learning/AIRFLOW-TUTORIAL/py_env/lib/python3.11/site-packages/airflow/example_dags/example_subdag_operator.py
[2023-12-18T23:02:02.996+0100] {processor.py:839} INFO - DAG(s) dict_keys(['example_subdag_operator.section-1', 'example_subdag_operator.section-2', 'example_subdag_operator']) retrieved from /Users/user/Desktop/Learning/AIRFLOW-TUTORIAL/py_env/lib/python3.11/site-packages/airflow/example_dags/example_subdag_operator.py
[2023-12-18T23:02:03.088+0100] {logging_mixin.py:154} INFO - [2023-12-18T23:02:03.087+0100] {dag.py:2941} INFO - Sync 3 DAGs
[2023-12-18T23:02:03.109+0100] {logging_mixin.py:154} INFO - [2023-12-18T23:02:03.109+0100] {dag.py:3722} INFO - Setting next_dagrun for example_subdag_operator to 2022-01-01T00:00:00+00:00, run_after=2022-01-01T00:00:00+00:00
[2023-12-18T23:02:03.113+0100] {logging_mixin.py:154} INFO - [2023-12-18T23:02:03.113+0100] {dag.py:3722} INFO - Setting next_dagrun for example_subdag_operator.section-1 to None, run_after=None
[2023-12-18T23:02:03.114+0100] {logging_mixin.py:154} INFO - [2023-12-18T23:02:03.114+0100] {dag.py:3722} INFO - Setting next_dagrun for example_subdag_operator.section-2 to None, run_after=None
[2023-12-18T23:02:03.122+0100] {logging_mixin.py:154} INFO - [2023-12-18T23:02:03.122+0100] {dag.py:2941} INFO - Sync 2 DAGs
[2023-12-18T23:02:03.126+0100] {logging_mixin.py:154} INFO - [2023-12-18T23:02:03.126+0100] {dag.py:3722} INFO - Setting next_dagrun for example_subdag_operator.section-1 to None, run_after=None
[2023-12-18T23:02:03.126+0100] {logging_mixin.py:154} INFO - [2023-12-18T23:02:03.126+0100] {dag.py:3722} INFO - Setting next_dagrun for example_subdag_operator.section-2 to None, run_after=None
[2023-12-18T23:02:03.138+0100] {processor.py:179} INFO - Processing /Users/user/Desktop/Learning/AIRFLOW-TUTORIAL/py_env/lib/python3.11/site-packages/airflow/example_dags/example_subdag_operator.py took 0.341 seconds
[2023-12-18T23:03:56.995+0100] {processor.py:157} INFO - Started process (PID=37108) to work on /Users/user/Desktop/Learning/AIRFLOW-TUTORIAL/py_env/lib/python3.11/site-packages/airflow/example_dags/example_subdag_operator.py
[2023-12-18T23:03:57.003+0100] {processor.py:829} INFO - Processing file /Users/user/Desktop/Learning/AIRFLOW-TUTORIAL/py_env/lib/python3.11/site-packages/airflow/example_dags/example_subdag_operator.py for tasks to queue
[2023-12-18T23:03:57.004+0100] {logging_mixin.py:154} INFO - [2023-12-18T23:03:57.004+0100] {dagbag.py:536} INFO - Filling up the DagBag from /Users/user/Desktop/Learning/AIRFLOW-TUTORIAL/py_env/lib/python3.11/site-packages/airflow/example_dags/example_subdag_operator.py
[2023-12-18T23:04:59.858+0100] {processor.py:157} INFO - Started process (PID=37374) to work on /Users/user/Desktop/Learning/AIRFLOW-TUTORIAL/py_env/lib/python3.11/site-packages/airflow/example_dags/example_subdag_operator.py
[2023-12-18T23:04:59.866+0100] {processor.py:829} INFO - Processing file /Users/user/Desktop/Learning/AIRFLOW-TUTORIAL/py_env/lib/python3.11/site-packages/airflow/example_dags/example_subdag_operator.py for tasks to queue
[2023-12-18T23:04:59.867+0100] {logging_mixin.py:154} INFO - [2023-12-18T23:04:59.867+0100] {dagbag.py:536} INFO - Filling up the DagBag from /Users/user/Desktop/Learning/AIRFLOW-TUTORIAL/py_env/lib/python3.11/site-packages/airflow/example_dags/example_subdag_operator.py
[2023-12-18T23:05:00.245+0100] {processor.py:839} INFO - DAG(s) dict_keys(['example_subdag_operator.section-1', 'example_subdag_operator.section-2', 'example_subdag_operator']) retrieved from /Users/user/Desktop/Learning/AIRFLOW-TUTORIAL/py_env/lib/python3.11/site-packages/airflow/example_dags/example_subdag_operator.py
[2023-12-18T23:05:00.369+0100] {logging_mixin.py:154} INFO - [2023-12-18T23:05:00.369+0100] {dag.py:2941} INFO - Sync 3 DAGs
[2023-12-18T23:05:00.395+0100] {logging_mixin.py:154} INFO - [2023-12-18T23:05:00.395+0100] {dag.py:3722} INFO - Setting next_dagrun for example_subdag_operator to 2022-01-01T00:00:00+00:00, run_after=2022-01-01T00:00:00+00:00
[2023-12-18T23:05:00.402+0100] {logging_mixin.py:154} INFO - [2023-12-18T23:05:00.401+0100] {dag.py:3722} INFO - Setting next_dagrun for example_subdag_operator.section-1 to None, run_after=None
[2023-12-18T23:05:00.404+0100] {logging_mixin.py:154} INFO - [2023-12-18T23:05:00.404+0100] {dag.py:3722} INFO - Setting next_dagrun for example_subdag_operator.section-2 to None, run_after=None
[2023-12-18T23:05:00.410+0100] {logging_mixin.py:154} INFO - [2023-12-18T23:05:00.410+0100] {dag.py:2941} INFO - Sync 2 DAGs
[2023-12-18T23:05:00.415+0100] {logging_mixin.py:154} INFO - [2023-12-18T23:05:00.415+0100] {dag.py:3722} INFO - Setting next_dagrun for example_subdag_operator.section-1 to None, run_after=None
[2023-12-18T23:05:00.415+0100] {logging_mixin.py:154} INFO - [2023-12-18T23:05:00.415+0100] {dag.py:3722} INFO - Setting next_dagrun for example_subdag_operator.section-2 to None, run_after=None
[2023-12-18T23:05:00.433+0100] {processor.py:179} INFO - Processing /Users/user/Desktop/Learning/AIRFLOW-TUTORIAL/py_env/lib/python3.11/site-packages/airflow/example_dags/example_subdag_operator.py took 0.576 seconds
[2023-12-18T23:07:23.771+0100] {processor.py:157} INFO - Started process (PID=38503) to work on /Users/user/Desktop/Learning/AIRFLOW-TUTORIAL/py_env/lib/python3.11/site-packages/airflow/example_dags/example_subdag_operator.py
[2023-12-18T23:07:23.777+0100] {processor.py:829} INFO - Processing file /Users/user/Desktop/Learning/AIRFLOW-TUTORIAL/py_env/lib/python3.11/site-packages/airflow/example_dags/example_subdag_operator.py for tasks to queue
[2023-12-18T23:07:23.778+0100] {logging_mixin.py:154} INFO - [2023-12-18T23:07:23.778+0100] {dagbag.py:536} INFO - Filling up the DagBag from /Users/user/Desktop/Learning/AIRFLOW-TUTORIAL/py_env/lib/python3.11/site-packages/airflow/example_dags/example_subdag_operator.py
[2023-12-18T23:07:23.998+0100] {processor.py:839} INFO - DAG(s) dict_keys(['example_subdag_operator.section-1', 'example_subdag_operator.section-2', 'example_subdag_operator']) retrieved from /Users/user/Desktop/Learning/AIRFLOW-TUTORIAL/py_env/lib/python3.11/site-packages/airflow/example_dags/example_subdag_operator.py
[2023-12-18T23:07:24.104+0100] {logging_mixin.py:154} INFO - [2023-12-18T23:07:24.104+0100] {dag.py:2941} INFO - Sync 3 DAGs
[2023-12-18T23:07:24.121+0100] {logging_mixin.py:154} INFO - [2023-12-18T23:07:24.121+0100] {dag.py:3722} INFO - Setting next_dagrun for example_subdag_operator to 2022-01-01T00:00:00+00:00, run_after=2022-01-01T00:00:00+00:00
[2023-12-18T23:07:24.126+0100] {logging_mixin.py:154} INFO - [2023-12-18T23:07:24.126+0100] {dag.py:3722} INFO - Setting next_dagrun for example_subdag_operator.section-1 to None, run_after=None
[2023-12-18T23:07:24.127+0100] {logging_mixin.py:154} INFO - [2023-12-18T23:07:24.127+0100] {dag.py:3722} INFO - Setting next_dagrun for example_subdag_operator.section-2 to None, run_after=None
[2023-12-18T23:07:24.132+0100] {logging_mixin.py:154} INFO - [2023-12-18T23:07:24.132+0100] {dag.py:2941} INFO - Sync 2 DAGs
[2023-12-18T23:07:24.136+0100] {logging_mixin.py:154} INFO - [2023-12-18T23:07:24.136+0100] {dag.py:3722} INFO - Setting next_dagrun for example_subdag_operator.section-1 to None, run_after=None
[2023-12-18T23:07:24.136+0100] {logging_mixin.py:154} INFO - [2023-12-18T23:07:24.136+0100] {dag.py:3722} INFO - Setting next_dagrun for example_subdag_operator.section-2 to None, run_after=None
[2023-12-18T23:07:24.152+0100] {processor.py:179} INFO - Processing /Users/user/Desktop/Learning/AIRFLOW-TUTORIAL/py_env/lib/python3.11/site-packages/airflow/example_dags/example_subdag_operator.py took 0.381 seconds
