[2023-12-18T22:38:21.727+0100] {processor.py:157} INFO - Started process (PID=25195) to work on /Users/user/Desktop/Learning/AIRFLOW-TUTORIAL/py_env/lib/python3.11/site-packages/airflow/example_dags/example_python_operator.py
[2023-12-18T22:38:21.731+0100] {processor.py:829} INFO - Processing file /Users/user/Desktop/Learning/AIRFLOW-TUTORIAL/py_env/lib/python3.11/site-packages/airflow/example_dags/example_python_operator.py for tasks to queue
[2023-12-18T22:38:21.732+0100] {logging_mixin.py:154} INFO - [2023-12-18T22:38:21.732+0100] {dagbag.py:536} INFO - Filling up the DagBag from /Users/user/Desktop/Learning/AIRFLOW-TUTORIAL/py_env/lib/python3.11/site-packages/airflow/example_dags/example_python_operator.py
[2023-12-18T22:38:21.802+0100] {processor.py:839} INFO - DAG(s) dict_keys(['example_python_operator']) retrieved from /Users/user/Desktop/Learning/AIRFLOW-TUTORIAL/py_env/lib/python3.11/site-packages/airflow/example_dags/example_python_operator.py
[2023-12-18T22:38:22.535+0100] {logging_mixin.py:154} INFO - [2023-12-18T22:38:22.535+0100] {manager.py:499} INFO - Created Permission View: %s
[2023-12-18T22:38:22.546+0100] {logging_mixin.py:154} INFO - [2023-12-18T22:38:22.546+0100] {manager.py:499} INFO - Created Permission View: %s
[2023-12-18T22:38:22.553+0100] {logging_mixin.py:154} INFO - [2023-12-18T22:38:22.553+0100] {manager.py:499} INFO - Created Permission View: %s
[2023-12-18T22:38:22.553+0100] {logging_mixin.py:154} INFO - [2023-12-18T22:38:22.553+0100] {dag.py:2941} INFO - Sync 1 DAGs
[2023-12-18T22:38:22.565+0100] {logging_mixin.py:154} INFO - [2023-12-18T22:38:22.565+0100] {dag.py:2963} INFO - Creating ORM DAG for example_python_operator
[2023-12-18T22:38:22.566+0100] {logging_mixin.py:154} INFO - [2023-12-18T22:38:22.566+0100] {dag.py:3722} INFO - Setting next_dagrun for example_python_operator to None, run_after=None
[2023-12-18T22:38:22.584+0100] {processor.py:179} INFO - Processing /Users/user/Desktop/Learning/AIRFLOW-TUTORIAL/py_env/lib/python3.11/site-packages/airflow/example_dags/example_python_operator.py took 0.858 seconds
[2023-12-18T22:40:37.124+0100] {processor.py:157} INFO - Started process (PID=26515) to work on /Users/user/Desktop/Learning/AIRFLOW-TUTORIAL/py_env/lib/python3.11/site-packages/airflow/example_dags/example_python_operator.py
[2023-12-18T22:40:37.127+0100] {processor.py:829} INFO - Processing file /Users/user/Desktop/Learning/AIRFLOW-TUTORIAL/py_env/lib/python3.11/site-packages/airflow/example_dags/example_python_operator.py for tasks to queue
[2023-12-18T22:40:37.128+0100] {logging_mixin.py:154} INFO - [2023-12-18T22:40:37.128+0100] {dagbag.py:536} INFO - Filling up the DagBag from /Users/user/Desktop/Learning/AIRFLOW-TUTORIAL/py_env/lib/python3.11/site-packages/airflow/example_dags/example_python_operator.py
[2023-12-18T22:40:37.185+0100] {processor.py:839} INFO - DAG(s) dict_keys(['example_python_operator']) retrieved from /Users/user/Desktop/Learning/AIRFLOW-TUTORIAL/py_env/lib/python3.11/site-packages/airflow/example_dags/example_python_operator.py
[2023-12-18T22:40:38.100+0100] {logging_mixin.py:154} INFO - [2023-12-18T22:40:38.099+0100] {dag.py:2941} INFO - Sync 1 DAGs
[2023-12-18T22:40:38.108+0100] {logging_mixin.py:154} INFO - [2023-12-18T22:40:38.107+0100] {dag.py:3722} INFO - Setting next_dagrun for example_python_operator to None, run_after=None
[2023-12-18T22:40:38.126+0100] {processor.py:179} INFO - Processing /Users/user/Desktop/Learning/AIRFLOW-TUTORIAL/py_env/lib/python3.11/site-packages/airflow/example_dags/example_python_operator.py took 1.003 seconds
[2023-12-18T22:43:36.427+0100] {processor.py:157} INFO - Started process (PID=27858) to work on /Users/user/Desktop/Learning/AIRFLOW-TUTORIAL/py_env/lib/python3.11/site-packages/airflow/example_dags/example_python_operator.py
[2023-12-18T22:43:36.431+0100] {processor.py:829} INFO - Processing file /Users/user/Desktop/Learning/AIRFLOW-TUTORIAL/py_env/lib/python3.11/site-packages/airflow/example_dags/example_python_operator.py for tasks to queue
[2023-12-18T22:43:36.432+0100] {logging_mixin.py:154} INFO - [2023-12-18T22:43:36.432+0100] {dagbag.py:536} INFO - Filling up the DagBag from /Users/user/Desktop/Learning/AIRFLOW-TUTORIAL/py_env/lib/python3.11/site-packages/airflow/example_dags/example_python_operator.py
[2023-12-18T22:43:36.503+0100] {processor.py:839} INFO - DAG(s) dict_keys(['example_python_operator']) retrieved from /Users/user/Desktop/Learning/AIRFLOW-TUTORIAL/py_env/lib/python3.11/site-packages/airflow/example_dags/example_python_operator.py
[2023-12-18T22:43:37.376+0100] {logging_mixin.py:154} INFO - [2023-12-18T22:43:37.376+0100] {dag.py:2941} INFO - Sync 1 DAGs
[2023-12-18T22:43:37.385+0100] {logging_mixin.py:154} INFO - [2023-12-18T22:43:37.385+0100] {dag.py:3722} INFO - Setting next_dagrun for example_python_operator to None, run_after=None
[2023-12-18T22:43:37.406+0100] {processor.py:179} INFO - Processing /Users/user/Desktop/Learning/AIRFLOW-TUTORIAL/py_env/lib/python3.11/site-packages/airflow/example_dags/example_python_operator.py took 0.980 seconds
[2023-12-18T22:45:15.184+0100] {processor.py:157} INFO - Started process (PID=28672) to work on /Users/user/Desktop/Learning/AIRFLOW-TUTORIAL/py_env/lib/python3.11/site-packages/airflow/example_dags/example_python_operator.py
[2023-12-18T22:45:15.188+0100] {processor.py:829} INFO - Processing file /Users/user/Desktop/Learning/AIRFLOW-TUTORIAL/py_env/lib/python3.11/site-packages/airflow/example_dags/example_python_operator.py for tasks to queue
[2023-12-18T22:45:15.189+0100] {logging_mixin.py:154} INFO - [2023-12-18T22:45:15.189+0100] {dagbag.py:536} INFO - Filling up the DagBag from /Users/user/Desktop/Learning/AIRFLOW-TUTORIAL/py_env/lib/python3.11/site-packages/airflow/example_dags/example_python_operator.py
[2023-12-18T22:45:15.273+0100] {processor.py:839} INFO - DAG(s) dict_keys(['example_python_operator']) retrieved from /Users/user/Desktop/Learning/AIRFLOW-TUTORIAL/py_env/lib/python3.11/site-packages/airflow/example_dags/example_python_operator.py
[2023-12-18T22:45:16.489+0100] {logging_mixin.py:154} INFO - [2023-12-18T22:45:16.489+0100] {dag.py:2941} INFO - Sync 1 DAGs
[2023-12-18T22:45:16.504+0100] {logging_mixin.py:154} INFO - [2023-12-18T22:45:16.504+0100] {dag.py:3722} INFO - Setting next_dagrun for example_python_operator to None, run_after=None
[2023-12-18T22:45:16.590+0100] {processor.py:179} INFO - Processing /Users/user/Desktop/Learning/AIRFLOW-TUTORIAL/py_env/lib/python3.11/site-packages/airflow/example_dags/example_python_operator.py took 1.407 seconds
[2023-12-18T22:48:34.677+0100] {processor.py:157} INFO - Started process (PID=30311) to work on /Users/user/Desktop/Learning/AIRFLOW-TUTORIAL/py_env/lib/python3.11/site-packages/airflow/example_dags/example_python_operator.py
[2023-12-18T22:48:34.681+0100] {processor.py:829} INFO - Processing file /Users/user/Desktop/Learning/AIRFLOW-TUTORIAL/py_env/lib/python3.11/site-packages/airflow/example_dags/example_python_operator.py for tasks to queue
[2023-12-18T22:48:34.681+0100] {logging_mixin.py:154} INFO - [2023-12-18T22:48:34.681+0100] {dagbag.py:536} INFO - Filling up the DagBag from /Users/user/Desktop/Learning/AIRFLOW-TUTORIAL/py_env/lib/python3.11/site-packages/airflow/example_dags/example_python_operator.py
[2023-12-18T22:48:34.741+0100] {processor.py:839} INFO - DAG(s) dict_keys(['example_python_operator']) retrieved from /Users/user/Desktop/Learning/AIRFLOW-TUTORIAL/py_env/lib/python3.11/site-packages/airflow/example_dags/example_python_operator.py
[2023-12-18T22:48:35.626+0100] {logging_mixin.py:154} INFO - [2023-12-18T22:48:35.625+0100] {dag.py:2941} INFO - Sync 1 DAGs
[2023-12-18T22:48:35.634+0100] {logging_mixin.py:154} INFO - [2023-12-18T22:48:35.634+0100] {dag.py:3722} INFO - Setting next_dagrun for example_python_operator to None, run_after=None
[2023-12-18T22:48:35.654+0100] {processor.py:179} INFO - Processing /Users/user/Desktop/Learning/AIRFLOW-TUTORIAL/py_env/lib/python3.11/site-packages/airflow/example_dags/example_python_operator.py took 0.978 seconds
[2023-12-18T22:51:55.180+0100] {processor.py:157} INFO - Started process (PID=31927) to work on /Users/user/Desktop/Learning/AIRFLOW-TUTORIAL/py_env/lib/python3.11/site-packages/airflow/example_dags/example_python_operator.py
[2023-12-18T22:51:55.185+0100] {processor.py:829} INFO - Processing file /Users/user/Desktop/Learning/AIRFLOW-TUTORIAL/py_env/lib/python3.11/site-packages/airflow/example_dags/example_python_operator.py for tasks to queue
[2023-12-18T22:51:55.185+0100] {logging_mixin.py:154} INFO - [2023-12-18T22:51:55.185+0100] {dagbag.py:536} INFO - Filling up the DagBag from /Users/user/Desktop/Learning/AIRFLOW-TUTORIAL/py_env/lib/python3.11/site-packages/airflow/example_dags/example_python_operator.py
[2023-12-18T22:51:55.268+0100] {processor.py:839} INFO - DAG(s) dict_keys(['example_python_operator']) retrieved from /Users/user/Desktop/Learning/AIRFLOW-TUTORIAL/py_env/lib/python3.11/site-packages/airflow/example_dags/example_python_operator.py
[2023-12-18T22:51:56.554+0100] {logging_mixin.py:154} INFO - [2023-12-18T22:51:56.553+0100] {dag.py:2941} INFO - Sync 1 DAGs
[2023-12-18T22:51:56.565+0100] {logging_mixin.py:154} INFO - [2023-12-18T22:51:56.565+0100] {dag.py:3722} INFO - Setting next_dagrun for example_python_operator to None, run_after=None
[2023-12-18T22:51:56.588+0100] {processor.py:179} INFO - Processing /Users/user/Desktop/Learning/AIRFLOW-TUTORIAL/py_env/lib/python3.11/site-packages/airflow/example_dags/example_python_operator.py took 1.409 seconds
[2023-12-18T22:53:46.495+0100] {processor.py:157} INFO - Started process (PID=32939) to work on /Users/user/Desktop/Learning/AIRFLOW-TUTORIAL/py_env/lib/python3.11/site-packages/airflow/example_dags/example_python_operator.py
[2023-12-18T22:53:46.501+0100] {processor.py:829} INFO - Processing file /Users/user/Desktop/Learning/AIRFLOW-TUTORIAL/py_env/lib/python3.11/site-packages/airflow/example_dags/example_python_operator.py for tasks to queue
[2023-12-18T22:53:46.502+0100] {logging_mixin.py:154} INFO - [2023-12-18T22:53:46.502+0100] {dagbag.py:536} INFO - Filling up the DagBag from /Users/user/Desktop/Learning/AIRFLOW-TUTORIAL/py_env/lib/python3.11/site-packages/airflow/example_dags/example_python_operator.py
[2023-12-18T22:53:46.588+0100] {processor.py:839} INFO - DAG(s) dict_keys(['example_python_operator']) retrieved from /Users/user/Desktop/Learning/AIRFLOW-TUTORIAL/py_env/lib/python3.11/site-packages/airflow/example_dags/example_python_operator.py
[2023-12-18T22:53:47.745+0100] {logging_mixin.py:154} INFO - [2023-12-18T22:53:47.745+0100] {dag.py:2941} INFO - Sync 1 DAGs
[2023-12-18T22:53:47.756+0100] {logging_mixin.py:154} INFO - [2023-12-18T22:53:47.756+0100] {dag.py:3722} INFO - Setting next_dagrun for example_python_operator to None, run_after=None
[2023-12-18T22:53:47.783+0100] {processor.py:179} INFO - Processing /Users/user/Desktop/Learning/AIRFLOW-TUTORIAL/py_env/lib/python3.11/site-packages/airflow/example_dags/example_python_operator.py took 1.289 seconds
[2023-12-18T22:55:34.307+0100] {processor.py:157} INFO - Started process (PID=33754) to work on /Users/user/Desktop/Learning/AIRFLOW-TUTORIAL/py_env/lib/python3.11/site-packages/airflow/example_dags/example_python_operator.py
[2023-12-18T22:55:34.311+0100] {processor.py:829} INFO - Processing file /Users/user/Desktop/Learning/AIRFLOW-TUTORIAL/py_env/lib/python3.11/site-packages/airflow/example_dags/example_python_operator.py for tasks to queue
[2023-12-18T22:55:34.311+0100] {logging_mixin.py:154} INFO - [2023-12-18T22:55:34.311+0100] {dagbag.py:536} INFO - Filling up the DagBag from /Users/user/Desktop/Learning/AIRFLOW-TUTORIAL/py_env/lib/python3.11/site-packages/airflow/example_dags/example_python_operator.py
[2023-12-18T22:55:34.374+0100] {processor.py:839} INFO - DAG(s) dict_keys(['example_python_operator']) retrieved from /Users/user/Desktop/Learning/AIRFLOW-TUTORIAL/py_env/lib/python3.11/site-packages/airflow/example_dags/example_python_operator.py
[2023-12-18T22:55:35.404+0100] {logging_mixin.py:154} INFO - [2023-12-18T22:55:35.403+0100] {dag.py:2941} INFO - Sync 1 DAGs
[2023-12-18T22:55:35.414+0100] {logging_mixin.py:154} INFO - [2023-12-18T22:55:35.414+0100] {dag.py:3722} INFO - Setting next_dagrun for example_python_operator to None, run_after=None
[2023-12-18T22:55:35.434+0100] {processor.py:179} INFO - Processing /Users/user/Desktop/Learning/AIRFLOW-TUTORIAL/py_env/lib/python3.11/site-packages/airflow/example_dags/example_python_operator.py took 1.128 seconds
[2023-12-18T22:57:12.696+0100] {processor.py:157} INFO - Started process (PID=34477) to work on /Users/user/Desktop/Learning/AIRFLOW-TUTORIAL/py_env/lib/python3.11/site-packages/airflow/example_dags/example_python_operator.py
[2023-12-18T22:57:12.701+0100] {processor.py:829} INFO - Processing file /Users/user/Desktop/Learning/AIRFLOW-TUTORIAL/py_env/lib/python3.11/site-packages/airflow/example_dags/example_python_operator.py for tasks to queue
[2023-12-18T22:57:12.702+0100] {logging_mixin.py:154} INFO - [2023-12-18T22:57:12.702+0100] {dagbag.py:536} INFO - Filling up the DagBag from /Users/user/Desktop/Learning/AIRFLOW-TUTORIAL/py_env/lib/python3.11/site-packages/airflow/example_dags/example_python_operator.py
[2023-12-18T22:57:12.785+0100] {processor.py:839} INFO - DAG(s) dict_keys(['example_python_operator']) retrieved from /Users/user/Desktop/Learning/AIRFLOW-TUTORIAL/py_env/lib/python3.11/site-packages/airflow/example_dags/example_python_operator.py
[2023-12-18T22:57:13.693+0100] {logging_mixin.py:154} INFO - [2023-12-18T22:57:13.693+0100] {dag.py:2941} INFO - Sync 1 DAGs
[2023-12-18T22:57:13.706+0100] {logging_mixin.py:154} INFO - [2023-12-18T22:57:13.706+0100] {dag.py:3722} INFO - Setting next_dagrun for example_python_operator to None, run_after=None
[2023-12-18T22:57:13.732+0100] {processor.py:179} INFO - Processing /Users/user/Desktop/Learning/AIRFLOW-TUTORIAL/py_env/lib/python3.11/site-packages/airflow/example_dags/example_python_operator.py took 1.037 seconds
[2023-12-18T22:59:02.327+0100] {processor.py:157} INFO - Started process (PID=35308) to work on /Users/user/Desktop/Learning/AIRFLOW-TUTORIAL/py_env/lib/python3.11/site-packages/airflow/example_dags/example_python_operator.py
[2023-12-18T22:59:02.333+0100] {processor.py:829} INFO - Processing file /Users/user/Desktop/Learning/AIRFLOW-TUTORIAL/py_env/lib/python3.11/site-packages/airflow/example_dags/example_python_operator.py for tasks to queue
[2023-12-18T22:59:02.334+0100] {logging_mixin.py:154} INFO - [2023-12-18T22:59:02.334+0100] {dagbag.py:536} INFO - Filling up the DagBag from /Users/user/Desktop/Learning/AIRFLOW-TUTORIAL/py_env/lib/python3.11/site-packages/airflow/example_dags/example_python_operator.py
[2023-12-18T22:59:02.400+0100] {processor.py:839} INFO - DAG(s) dict_keys(['example_python_operator']) retrieved from /Users/user/Desktop/Learning/AIRFLOW-TUTORIAL/py_env/lib/python3.11/site-packages/airflow/example_dags/example_python_operator.py
[2023-12-18T22:59:03.700+0100] {logging_mixin.py:154} INFO - [2023-12-18T22:59:03.700+0100] {dag.py:2941} INFO - Sync 1 DAGs
[2023-12-18T22:59:03.712+0100] {logging_mixin.py:154} INFO - [2023-12-18T22:59:03.712+0100] {dag.py:3722} INFO - Setting next_dagrun for example_python_operator to None, run_after=None
[2023-12-18T22:59:03.740+0100] {processor.py:179} INFO - Processing /Users/user/Desktop/Learning/AIRFLOW-TUTORIAL/py_env/lib/python3.11/site-packages/airflow/example_dags/example_python_operator.py took 1.413 seconds
[2023-12-18T23:00:45.912+0100] {processor.py:157} INFO - Started process (PID=36001) to work on /Users/user/Desktop/Learning/AIRFLOW-TUTORIAL/py_env/lib/python3.11/site-packages/airflow/example_dags/example_python_operator.py
[2023-12-18T23:00:45.920+0100] {processor.py:829} INFO - Processing file /Users/user/Desktop/Learning/AIRFLOW-TUTORIAL/py_env/lib/python3.11/site-packages/airflow/example_dags/example_python_operator.py for tasks to queue
[2023-12-18T23:00:45.921+0100] {logging_mixin.py:154} INFO - [2023-12-18T23:00:45.920+0100] {dagbag.py:536} INFO - Filling up the DagBag from /Users/user/Desktop/Learning/AIRFLOW-TUTORIAL/py_env/lib/python3.11/site-packages/airflow/example_dags/example_python_operator.py
[2023-12-18T23:00:46.018+0100] {processor.py:839} INFO - DAG(s) dict_keys(['example_python_operator']) retrieved from /Users/user/Desktop/Learning/AIRFLOW-TUTORIAL/py_env/lib/python3.11/site-packages/airflow/example_dags/example_python_operator.py
[2023-12-18T23:00:47.196+0100] {logging_mixin.py:154} INFO - [2023-12-18T23:00:47.196+0100] {dag.py:2941} INFO - Sync 1 DAGs
[2023-12-18T23:00:47.206+0100] {logging_mixin.py:154} INFO - [2023-12-18T23:00:47.205+0100] {dag.py:3722} INFO - Setting next_dagrun for example_python_operator to None, run_after=None
[2023-12-18T23:00:47.231+0100] {processor.py:179} INFO - Processing /Users/user/Desktop/Learning/AIRFLOW-TUTORIAL/py_env/lib/python3.11/site-packages/airflow/example_dags/example_python_operator.py took 1.320 seconds
[2023-12-18T23:02:30.816+0100] {processor.py:157} INFO - Started process (PID=36650) to work on /Users/user/Desktop/Learning/AIRFLOW-TUTORIAL/py_env/lib/python3.11/site-packages/airflow/example_dags/example_python_operator.py
[2023-12-18T23:02:30.825+0100] {processor.py:829} INFO - Processing file /Users/user/Desktop/Learning/AIRFLOW-TUTORIAL/py_env/lib/python3.11/site-packages/airflow/example_dags/example_python_operator.py for tasks to queue
[2023-12-18T23:02:30.827+0100] {logging_mixin.py:154} INFO - [2023-12-18T23:02:30.826+0100] {dagbag.py:536} INFO - Filling up the DagBag from /Users/user/Desktop/Learning/AIRFLOW-TUTORIAL/py_env/lib/python3.11/site-packages/airflow/example_dags/example_python_operator.py
[2023-12-18T23:02:30.951+0100] {processor.py:839} INFO - DAG(s) dict_keys(['example_python_operator']) retrieved from /Users/user/Desktop/Learning/AIRFLOW-TUTORIAL/py_env/lib/python3.11/site-packages/airflow/example_dags/example_python_operator.py
[2023-12-18T23:02:32.663+0100] {logging_mixin.py:154} INFO - [2023-12-18T23:02:32.663+0100] {dag.py:2941} INFO - Sync 1 DAGs
[2023-12-18T23:02:32.677+0100] {logging_mixin.py:154} INFO - [2023-12-18T23:02:32.677+0100] {dag.py:3722} INFO - Setting next_dagrun for example_python_operator to None, run_after=None
[2023-12-18T23:02:32.737+0100] {processor.py:179} INFO - Processing /Users/user/Desktop/Learning/AIRFLOW-TUTORIAL/py_env/lib/python3.11/site-packages/airflow/example_dags/example_python_operator.py took 1.922 seconds
[2023-12-18T23:05:27.772+0100] {processor.py:157} INFO - Started process (PID=37577) to work on /Users/user/Desktop/Learning/AIRFLOW-TUTORIAL/py_env/lib/python3.11/site-packages/airflow/example_dags/example_python_operator.py
[2023-12-18T23:05:27.797+0100] {processor.py:829} INFO - Processing file /Users/user/Desktop/Learning/AIRFLOW-TUTORIAL/py_env/lib/python3.11/site-packages/airflow/example_dags/example_python_operator.py for tasks to queue
[2023-12-18T23:05:27.799+0100] {logging_mixin.py:154} INFO - [2023-12-18T23:05:27.798+0100] {dagbag.py:536} INFO - Filling up the DagBag from /Users/user/Desktop/Learning/AIRFLOW-TUTORIAL/py_env/lib/python3.11/site-packages/airflow/example_dags/example_python_operator.py
[2023-12-18T23:05:27.878+0100] {processor.py:839} INFO - DAG(s) dict_keys(['example_python_operator']) retrieved from /Users/user/Desktop/Learning/AIRFLOW-TUTORIAL/py_env/lib/python3.11/site-packages/airflow/example_dags/example_python_operator.py
[2023-12-18T23:05:29.472+0100] {logging_mixin.py:154} INFO - [2023-12-18T23:05:29.472+0100] {dag.py:2941} INFO - Sync 1 DAGs
[2023-12-18T23:05:29.491+0100] {logging_mixin.py:154} INFO - [2023-12-18T23:05:29.490+0100] {dag.py:3722} INFO - Setting next_dagrun for example_python_operator to None, run_after=None
[2023-12-18T23:05:29.519+0100] {processor.py:179} INFO - Processing /Users/user/Desktop/Learning/AIRFLOW-TUTORIAL/py_env/lib/python3.11/site-packages/airflow/example_dags/example_python_operator.py took 1.749 seconds
[2023-12-18T23:07:48.228+0100] {processor.py:157} INFO - Started process (PID=38716) to work on /Users/user/Desktop/Learning/AIRFLOW-TUTORIAL/py_env/lib/python3.11/site-packages/airflow/example_dags/example_python_operator.py
[2023-12-18T23:07:48.233+0100] {processor.py:829} INFO - Processing file /Users/user/Desktop/Learning/AIRFLOW-TUTORIAL/py_env/lib/python3.11/site-packages/airflow/example_dags/example_python_operator.py for tasks to queue
[2023-12-18T23:07:48.234+0100] {logging_mixin.py:154} INFO - [2023-12-18T23:07:48.234+0100] {dagbag.py:536} INFO - Filling up the DagBag from /Users/user/Desktop/Learning/AIRFLOW-TUTORIAL/py_env/lib/python3.11/site-packages/airflow/example_dags/example_python_operator.py
[2023-12-18T23:07:48.301+0100] {processor.py:839} INFO - DAG(s) dict_keys(['example_python_operator']) retrieved from /Users/user/Desktop/Learning/AIRFLOW-TUTORIAL/py_env/lib/python3.11/site-packages/airflow/example_dags/example_python_operator.py
[2023-12-18T23:07:49.189+0100] {logging_mixin.py:154} INFO - [2023-12-18T23:07:49.188+0100] {dag.py:2941} INFO - Sync 1 DAGs
[2023-12-18T23:07:49.202+0100] {logging_mixin.py:154} INFO - [2023-12-18T23:07:49.202+0100] {dag.py:3722} INFO - Setting next_dagrun for example_python_operator to None, run_after=None
[2023-12-18T23:07:49.226+0100] {processor.py:179} INFO - Processing /Users/user/Desktop/Learning/AIRFLOW-TUTORIAL/py_env/lib/python3.11/site-packages/airflow/example_dags/example_python_operator.py took 0.999 seconds
