[2023-12-18T22:38:00.259+0100] {processor.py:157} INFO - Started process (PID=25098) to work on /Users/user/Desktop/Learning/AIRFLOW-TUTORIAL/py_env/lib/python3.11/site-packages/airflow/example_dags/example_short_circuit_decorator.py
[2023-12-18T22:38:00.279+0100] {processor.py:829} INFO - Processing file /Users/user/Desktop/Learning/AIRFLOW-TUTORIAL/py_env/lib/python3.11/site-packages/airflow/example_dags/example_short_circuit_decorator.py for tasks to queue
[2023-12-18T22:38:00.280+0100] {logging_mixin.py:154} INFO - [2023-12-18T22:38:00.279+0100] {dagbag.py:536} INFO - Filling up the DagBag from /Users/user/Desktop/Learning/AIRFLOW-TUTORIAL/py_env/lib/python3.11/site-packages/airflow/example_dags/example_short_circuit_decorator.py
[2023-12-18T22:38:00.434+0100] {processor.py:839} INFO - DAG(s) dict_keys(['example_short_circuit_decorator']) retrieved from /Users/user/Desktop/Learning/AIRFLOW-TUTORIAL/py_env/lib/python3.11/site-packages/airflow/example_dags/example_short_circuit_decorator.py
[2023-12-18T22:38:01.705+0100] {logging_mixin.py:154} INFO - [2023-12-18T22:38:01.705+0100] {manager.py:499} INFO - Created Permission View: %s
[2023-12-18T22:38:01.826+0100] {logging_mixin.py:154} INFO - [2023-12-18T22:38:01.826+0100] {manager.py:499} INFO - Created Permission View: %s
[2023-12-18T22:38:01.873+0100] {logging_mixin.py:154} INFO - [2023-12-18T22:38:01.872+0100] {manager.py:499} INFO - Created Permission View: %s
[2023-12-18T22:38:01.873+0100] {logging_mixin.py:154} INFO - [2023-12-18T22:38:01.873+0100] {dag.py:2941} INFO - Sync 1 DAGs
[2023-12-18T22:38:01.887+0100] {logging_mixin.py:154} INFO - [2023-12-18T22:38:01.886+0100] {dag.py:2963} INFO - Creating ORM DAG for example_short_circuit_decorator
[2023-12-18T22:38:01.907+0100] {logging_mixin.py:154} INFO - [2023-12-18T22:38:01.907+0100] {dag.py:3722} INFO - Setting next_dagrun for example_short_circuit_decorator to 2023-12-17T21:38:01.907385+00:00, run_after=2023-12-18T21:38:01.907385+00:00
[2023-12-18T22:38:02.017+0100] {processor.py:179} INFO - Processing /Users/user/Desktop/Learning/AIRFLOW-TUTORIAL/py_env/lib/python3.11/site-packages/airflow/example_dags/example_short_circuit_decorator.py took 1.759 seconds
[2023-12-18T22:40:24.004+0100] {processor.py:157} INFO - Started process (PID=26395) to work on /Users/user/Desktop/Learning/AIRFLOW-TUTORIAL/py_env/lib/python3.11/site-packages/airflow/example_dags/example_short_circuit_decorator.py
[2023-12-18T22:40:24.025+0100] {processor.py:829} INFO - Processing file /Users/user/Desktop/Learning/AIRFLOW-TUTORIAL/py_env/lib/python3.11/site-packages/airflow/example_dags/example_short_circuit_decorator.py for tasks to queue
[2023-12-18T22:40:24.026+0100] {logging_mixin.py:154} INFO - [2023-12-18T22:40:24.026+0100] {dagbag.py:536} INFO - Filling up the DagBag from /Users/user/Desktop/Learning/AIRFLOW-TUTORIAL/py_env/lib/python3.11/site-packages/airflow/example_dags/example_short_circuit_decorator.py
[2023-12-18T22:40:24.094+0100] {processor.py:839} INFO - DAG(s) dict_keys(['example_short_circuit_decorator']) retrieved from /Users/user/Desktop/Learning/AIRFLOW-TUTORIAL/py_env/lib/python3.11/site-packages/airflow/example_dags/example_short_circuit_decorator.py
[2023-12-18T22:40:24.290+0100] {logging_mixin.py:154} INFO - [2023-12-18T22:40:24.289+0100] {dag.py:2941} INFO - Sync 1 DAGs
[2023-12-18T22:40:24.307+0100] {logging_mixin.py:154} INFO - [2023-12-18T22:40:24.307+0100] {dag.py:3722} INFO - Setting next_dagrun for example_short_circuit_decorator to 2023-12-17T21:40:24.306939+00:00, run_after=2023-12-18T21:40:24.306939+00:00
[2023-12-18T22:40:24.326+0100] {processor.py:179} INFO - Processing /Users/user/Desktop/Learning/AIRFLOW-TUTORIAL/py_env/lib/python3.11/site-packages/airflow/example_dags/example_short_circuit_decorator.py took 0.323 seconds
[2023-12-18T22:41:55.623+0100] {processor.py:157} INFO - Started process (PID=27137) to work on /Users/user/Desktop/Learning/AIRFLOW-TUTORIAL/py_env/lib/python3.11/site-packages/airflow/example_dags/example_short_circuit_decorator.py
[2023-12-18T22:41:55.628+0100] {processor.py:829} INFO - Processing file /Users/user/Desktop/Learning/AIRFLOW-TUTORIAL/py_env/lib/python3.11/site-packages/airflow/example_dags/example_short_circuit_decorator.py for tasks to queue
[2023-12-18T22:41:55.629+0100] {logging_mixin.py:154} INFO - [2023-12-18T22:41:55.628+0100] {dagbag.py:536} INFO - Filling up the DagBag from /Users/user/Desktop/Learning/AIRFLOW-TUTORIAL/py_env/lib/python3.11/site-packages/airflow/example_dags/example_short_circuit_decorator.py
[2023-12-18T22:41:55.696+0100] {processor.py:839} INFO - DAG(s) dict_keys(['example_short_circuit_decorator']) retrieved from /Users/user/Desktop/Learning/AIRFLOW-TUTORIAL/py_env/lib/python3.11/site-packages/airflow/example_dags/example_short_circuit_decorator.py
[2023-12-18T22:41:55.902+0100] {logging_mixin.py:154} INFO - [2023-12-18T22:41:55.902+0100] {dag.py:2941} INFO - Sync 1 DAGs
[2023-12-18T22:41:55.921+0100] {logging_mixin.py:154} INFO - [2023-12-18T22:41:55.921+0100] {dag.py:3722} INFO - Setting next_dagrun for example_short_circuit_decorator to 2023-12-17T21:41:55.921297+00:00, run_after=2023-12-18T21:41:55.921297+00:00
[2023-12-18T22:41:55.941+0100] {processor.py:179} INFO - Processing /Users/user/Desktop/Learning/AIRFLOW-TUTORIAL/py_env/lib/python3.11/site-packages/airflow/example_dags/example_short_circuit_decorator.py took 0.319 seconds
[2023-12-18T22:43:27.733+0100] {processor.py:157} INFO - Started process (PID=27762) to work on /Users/user/Desktop/Learning/AIRFLOW-TUTORIAL/py_env/lib/python3.11/site-packages/airflow/example_dags/example_short_circuit_decorator.py
[2023-12-18T22:43:27.738+0100] {processor.py:829} INFO - Processing file /Users/user/Desktop/Learning/AIRFLOW-TUTORIAL/py_env/lib/python3.11/site-packages/airflow/example_dags/example_short_circuit_decorator.py for tasks to queue
[2023-12-18T22:43:27.739+0100] {logging_mixin.py:154} INFO - [2023-12-18T22:43:27.739+0100] {dagbag.py:536} INFO - Filling up the DagBag from /Users/user/Desktop/Learning/AIRFLOW-TUTORIAL/py_env/lib/python3.11/site-packages/airflow/example_dags/example_short_circuit_decorator.py
[2023-12-18T22:43:27.827+0100] {processor.py:839} INFO - DAG(s) dict_keys(['example_short_circuit_decorator']) retrieved from /Users/user/Desktop/Learning/AIRFLOW-TUTORIAL/py_env/lib/python3.11/site-packages/airflow/example_dags/example_short_circuit_decorator.py
[2023-12-18T22:43:28.048+0100] {logging_mixin.py:154} INFO - [2023-12-18T22:43:28.048+0100] {dag.py:2941} INFO - Sync 1 DAGs
[2023-12-18T22:43:28.066+0100] {logging_mixin.py:154} INFO - [2023-12-18T22:43:28.066+0100] {dag.py:3722} INFO - Setting next_dagrun for example_short_circuit_decorator to 2023-12-17T21:43:28.066577+00:00, run_after=2023-12-18T21:43:28.066577+00:00
[2023-12-18T22:43:28.087+0100] {processor.py:179} INFO - Processing /Users/user/Desktop/Learning/AIRFLOW-TUTORIAL/py_env/lib/python3.11/site-packages/airflow/example_dags/example_short_circuit_decorator.py took 0.355 seconds
[2023-12-18T22:45:00.243+0100] {processor.py:157} INFO - Started process (PID=28667) to work on /Users/user/Desktop/Learning/AIRFLOW-TUTORIAL/py_env/lib/python3.11/site-packages/airflow/example_dags/example_short_circuit_decorator.py
[2023-12-18T22:45:00.248+0100] {processor.py:829} INFO - Processing file /Users/user/Desktop/Learning/AIRFLOW-TUTORIAL/py_env/lib/python3.11/site-packages/airflow/example_dags/example_short_circuit_decorator.py for tasks to queue
[2023-12-18T22:45:00.249+0100] {logging_mixin.py:154} INFO - [2023-12-18T22:45:00.249+0100] {dagbag.py:536} INFO - Filling up the DagBag from /Users/user/Desktop/Learning/AIRFLOW-TUTORIAL/py_env/lib/python3.11/site-packages/airflow/example_dags/example_short_circuit_decorator.py
[2023-12-18T22:45:00.322+0100] {processor.py:839} INFO - DAG(s) dict_keys(['example_short_circuit_decorator']) retrieved from /Users/user/Desktop/Learning/AIRFLOW-TUTORIAL/py_env/lib/python3.11/site-packages/airflow/example_dags/example_short_circuit_decorator.py
[2023-12-18T22:45:00.582+0100] {logging_mixin.py:154} INFO - [2023-12-18T22:45:00.582+0100] {dag.py:2941} INFO - Sync 1 DAGs
[2023-12-18T22:45:00.606+0100] {logging_mixin.py:154} INFO - [2023-12-18T22:45:00.606+0100] {dag.py:3722} INFO - Setting next_dagrun for example_short_circuit_decorator to 2023-12-17T21:45:00.605901+00:00, run_after=2023-12-18T21:45:00.605901+00:00
[2023-12-18T22:45:00.632+0100] {processor.py:179} INFO - Processing /Users/user/Desktop/Learning/AIRFLOW-TUTORIAL/py_env/lib/python3.11/site-packages/airflow/example_dags/example_short_circuit_decorator.py took 0.390 seconds
[2023-12-18T22:46:37.217+0100] {processor.py:157} INFO - Started process (PID=29398) to work on /Users/user/Desktop/Learning/AIRFLOW-TUTORIAL/py_env/lib/python3.11/site-packages/airflow/example_dags/example_short_circuit_decorator.py
[2023-12-18T22:46:37.223+0100] {processor.py:829} INFO - Processing file /Users/user/Desktop/Learning/AIRFLOW-TUTORIAL/py_env/lib/python3.11/site-packages/airflow/example_dags/example_short_circuit_decorator.py for tasks to queue
[2023-12-18T22:46:37.224+0100] {logging_mixin.py:154} INFO - [2023-12-18T22:46:37.224+0100] {dagbag.py:536} INFO - Filling up the DagBag from /Users/user/Desktop/Learning/AIRFLOW-TUTORIAL/py_env/lib/python3.11/site-packages/airflow/example_dags/example_short_circuit_decorator.py
[2023-12-18T22:46:37.319+0100] {processor.py:839} INFO - DAG(s) dict_keys(['example_short_circuit_decorator']) retrieved from /Users/user/Desktop/Learning/AIRFLOW-TUTORIAL/py_env/lib/python3.11/site-packages/airflow/example_dags/example_short_circuit_decorator.py
[2023-12-18T22:46:37.561+0100] {logging_mixin.py:154} INFO - [2023-12-18T22:46:37.561+0100] {dag.py:2941} INFO - Sync 1 DAGs
[2023-12-18T22:46:37.583+0100] {logging_mixin.py:154} INFO - [2023-12-18T22:46:37.583+0100] {dag.py:3722} INFO - Setting next_dagrun for example_short_circuit_decorator to 2023-12-17T21:46:37.583574+00:00, run_after=2023-12-18T21:46:37.583574+00:00
[2023-12-18T22:46:37.605+0100] {processor.py:179} INFO - Processing /Users/user/Desktop/Learning/AIRFLOW-TUTORIAL/py_env/lib/python3.11/site-packages/airflow/example_dags/example_short_circuit_decorator.py took 0.389 seconds
[2023-12-18T22:48:21.040+0100] {processor.py:157} INFO - Started process (PID=30110) to work on /Users/user/Desktop/Learning/AIRFLOW-TUTORIAL/py_env/lib/python3.11/site-packages/airflow/example_dags/example_short_circuit_decorator.py
[2023-12-18T22:48:21.043+0100] {processor.py:829} INFO - Processing file /Users/user/Desktop/Learning/AIRFLOW-TUTORIAL/py_env/lib/python3.11/site-packages/airflow/example_dags/example_short_circuit_decorator.py for tasks to queue
[2023-12-18T22:48:21.044+0100] {logging_mixin.py:154} INFO - [2023-12-18T22:48:21.044+0100] {dagbag.py:536} INFO - Filling up the DagBag from /Users/user/Desktop/Learning/AIRFLOW-TUTORIAL/py_env/lib/python3.11/site-packages/airflow/example_dags/example_short_circuit_decorator.py
[2023-12-18T22:48:21.102+0100] {processor.py:839} INFO - DAG(s) dict_keys(['example_short_circuit_decorator']) retrieved from /Users/user/Desktop/Learning/AIRFLOW-TUTORIAL/py_env/lib/python3.11/site-packages/airflow/example_dags/example_short_circuit_decorator.py
[2023-12-18T22:48:21.281+0100] {logging_mixin.py:154} INFO - [2023-12-18T22:48:21.281+0100] {dag.py:2941} INFO - Sync 1 DAGs
[2023-12-18T22:48:21.297+0100] {logging_mixin.py:154} INFO - [2023-12-18T22:48:21.297+0100] {dag.py:3722} INFO - Setting next_dagrun for example_short_circuit_decorator to 2023-12-17T21:48:21.297626+00:00, run_after=2023-12-18T21:48:21.297626+00:00
[2023-12-18T22:48:21.318+0100] {processor.py:179} INFO - Processing /Users/user/Desktop/Learning/AIRFLOW-TUTORIAL/py_env/lib/python3.11/site-packages/airflow/example_dags/example_short_circuit_decorator.py took 0.279 seconds
[2023-12-18T22:49:58.009+0100] {processor.py:157} INFO - Started process (PID=31094) to work on /Users/user/Desktop/Learning/AIRFLOW-TUTORIAL/py_env/lib/python3.11/site-packages/airflow/example_dags/example_short_circuit_decorator.py
[2023-12-18T22:49:58.015+0100] {processor.py:829} INFO - Processing file /Users/user/Desktop/Learning/AIRFLOW-TUTORIAL/py_env/lib/python3.11/site-packages/airflow/example_dags/example_short_circuit_decorator.py for tasks to queue
[2023-12-18T22:49:58.016+0100] {logging_mixin.py:154} INFO - [2023-12-18T22:49:58.016+0100] {dagbag.py:536} INFO - Filling up the DagBag from /Users/user/Desktop/Learning/AIRFLOW-TUTORIAL/py_env/lib/python3.11/site-packages/airflow/example_dags/example_short_circuit_decorator.py
[2023-12-18T22:49:58.105+0100] {processor.py:839} INFO - DAG(s) dict_keys(['example_short_circuit_decorator']) retrieved from /Users/user/Desktop/Learning/AIRFLOW-TUTORIAL/py_env/lib/python3.11/site-packages/airflow/example_dags/example_short_circuit_decorator.py
[2023-12-18T22:49:58.310+0100] {logging_mixin.py:154} INFO - [2023-12-18T22:49:58.309+0100] {dag.py:2941} INFO - Sync 1 DAGs
[2023-12-18T22:49:58.327+0100] {logging_mixin.py:154} INFO - [2023-12-18T22:49:58.327+0100] {dag.py:3722} INFO - Setting next_dagrun for example_short_circuit_decorator to 2023-12-17T21:49:58.327409+00:00, run_after=2023-12-18T21:49:58.327409+00:00
[2023-12-18T22:49:58.348+0100] {processor.py:179} INFO - Processing /Users/user/Desktop/Learning/AIRFLOW-TUTORIAL/py_env/lib/python3.11/site-packages/airflow/example_dags/example_short_circuit_decorator.py took 0.339 seconds
[2023-12-18T22:51:39.635+0100] {processor.py:157} INFO - Started process (PID=31740) to work on /Users/user/Desktop/Learning/AIRFLOW-TUTORIAL/py_env/lib/python3.11/site-packages/airflow/example_dags/example_short_circuit_decorator.py
[2023-12-18T22:51:39.640+0100] {processor.py:829} INFO - Processing file /Users/user/Desktop/Learning/AIRFLOW-TUTORIAL/py_env/lib/python3.11/site-packages/airflow/example_dags/example_short_circuit_decorator.py for tasks to queue
[2023-12-18T22:51:39.641+0100] {logging_mixin.py:154} INFO - [2023-12-18T22:51:39.641+0100] {dagbag.py:536} INFO - Filling up the DagBag from /Users/user/Desktop/Learning/AIRFLOW-TUTORIAL/py_env/lib/python3.11/site-packages/airflow/example_dags/example_short_circuit_decorator.py
[2023-12-18T22:51:39.732+0100] {processor.py:839} INFO - DAG(s) dict_keys(['example_short_circuit_decorator']) retrieved from /Users/user/Desktop/Learning/AIRFLOW-TUTORIAL/py_env/lib/python3.11/site-packages/airflow/example_dags/example_short_circuit_decorator.py
[2023-12-18T22:51:40.006+0100] {logging_mixin.py:154} INFO - [2023-12-18T22:51:40.005+0100] {dag.py:2941} INFO - Sync 1 DAGs
[2023-12-18T22:51:40.030+0100] {logging_mixin.py:154} INFO - [2023-12-18T22:51:40.029+0100] {dag.py:3722} INFO - Setting next_dagrun for example_short_circuit_decorator to 2023-12-17T21:51:40.029695+00:00, run_after=2023-12-18T21:51:40.029695+00:00
[2023-12-18T22:51:40.055+0100] {processor.py:179} INFO - Processing /Users/user/Desktop/Learning/AIRFLOW-TUTORIAL/py_env/lib/python3.11/site-packages/airflow/example_dags/example_short_circuit_decorator.py took 0.421 seconds
[2023-12-18T22:53:32.355+0100] {processor.py:157} INFO - Started process (PID=32838) to work on /Users/user/Desktop/Learning/AIRFLOW-TUTORIAL/py_env/lib/python3.11/site-packages/airflow/example_dags/example_short_circuit_decorator.py
[2023-12-18T22:53:32.362+0100] {processor.py:829} INFO - Processing file /Users/user/Desktop/Learning/AIRFLOW-TUTORIAL/py_env/lib/python3.11/site-packages/airflow/example_dags/example_short_circuit_decorator.py for tasks to queue
[2023-12-18T22:53:32.363+0100] {logging_mixin.py:154} INFO - [2023-12-18T22:53:32.362+0100] {dagbag.py:536} INFO - Filling up the DagBag from /Users/user/Desktop/Learning/AIRFLOW-TUTORIAL/py_env/lib/python3.11/site-packages/airflow/example_dags/example_short_circuit_decorator.py
[2023-12-18T22:53:32.443+0100] {processor.py:839} INFO - DAG(s) dict_keys(['example_short_circuit_decorator']) retrieved from /Users/user/Desktop/Learning/AIRFLOW-TUTORIAL/py_env/lib/python3.11/site-packages/airflow/example_dags/example_short_circuit_decorator.py
[2023-12-18T22:53:32.641+0100] {logging_mixin.py:154} INFO - [2023-12-18T22:53:32.640+0100] {dag.py:2941} INFO - Sync 1 DAGs
[2023-12-18T22:53:32.662+0100] {logging_mixin.py:154} INFO - [2023-12-18T22:53:32.662+0100] {dag.py:3722} INFO - Setting next_dagrun for example_short_circuit_decorator to 2023-12-17T21:53:32.662216+00:00, run_after=2023-12-18T21:53:32.662216+00:00
[2023-12-18T22:53:32.685+0100] {processor.py:179} INFO - Processing /Users/user/Desktop/Learning/AIRFLOW-TUTORIAL/py_env/lib/python3.11/site-packages/airflow/example_dags/example_short_circuit_decorator.py took 0.331 seconds
[2023-12-18T22:55:20.357+0100] {processor.py:157} INFO - Started process (PID=33650) to work on /Users/user/Desktop/Learning/AIRFLOW-TUTORIAL/py_env/lib/python3.11/site-packages/airflow/example_dags/example_short_circuit_decorator.py
[2023-12-18T22:55:20.363+0100] {processor.py:829} INFO - Processing file /Users/user/Desktop/Learning/AIRFLOW-TUTORIAL/py_env/lib/python3.11/site-packages/airflow/example_dags/example_short_circuit_decorator.py for tasks to queue
[2023-12-18T22:55:20.363+0100] {logging_mixin.py:154} INFO - [2023-12-18T22:55:20.363+0100] {dagbag.py:536} INFO - Filling up the DagBag from /Users/user/Desktop/Learning/AIRFLOW-TUTORIAL/py_env/lib/python3.11/site-packages/airflow/example_dags/example_short_circuit_decorator.py
[2023-12-18T22:55:20.432+0100] {processor.py:839} INFO - DAG(s) dict_keys(['example_short_circuit_decorator']) retrieved from /Users/user/Desktop/Learning/AIRFLOW-TUTORIAL/py_env/lib/python3.11/site-packages/airflow/example_dags/example_short_circuit_decorator.py
[2023-12-18T22:55:20.620+0100] {logging_mixin.py:154} INFO - [2023-12-18T22:55:20.620+0100] {dag.py:2941} INFO - Sync 1 DAGs
[2023-12-18T22:55:20.636+0100] {logging_mixin.py:154} INFO - [2023-12-18T22:55:20.636+0100] {dag.py:3722} INFO - Setting next_dagrun for example_short_circuit_decorator to 2023-12-17T21:55:20.636380+00:00, run_after=2023-12-18T21:55:20.636380+00:00
[2023-12-18T22:55:20.659+0100] {processor.py:179} INFO - Processing /Users/user/Desktop/Learning/AIRFLOW-TUTORIAL/py_env/lib/python3.11/site-packages/airflow/example_dags/example_short_circuit_decorator.py took 0.303 seconds
[2023-12-18T22:57:00.625+0100] {processor.py:157} INFO - Started process (PID=34376) to work on /Users/user/Desktop/Learning/AIRFLOW-TUTORIAL/py_env/lib/python3.11/site-packages/airflow/example_dags/example_short_circuit_decorator.py
[2023-12-18T22:57:00.628+0100] {processor.py:829} INFO - Processing file /Users/user/Desktop/Learning/AIRFLOW-TUTORIAL/py_env/lib/python3.11/site-packages/airflow/example_dags/example_short_circuit_decorator.py for tasks to queue
[2023-12-18T22:57:00.629+0100] {logging_mixin.py:154} INFO - [2023-12-18T22:57:00.629+0100] {dagbag.py:536} INFO - Filling up the DagBag from /Users/user/Desktop/Learning/AIRFLOW-TUTORIAL/py_env/lib/python3.11/site-packages/airflow/example_dags/example_short_circuit_decorator.py
[2023-12-18T22:57:00.683+0100] {processor.py:839} INFO - DAG(s) dict_keys(['example_short_circuit_decorator']) retrieved from /Users/user/Desktop/Learning/AIRFLOW-TUTORIAL/py_env/lib/python3.11/site-packages/airflow/example_dags/example_short_circuit_decorator.py
[2023-12-18T22:57:00.857+0100] {logging_mixin.py:154} INFO - [2023-12-18T22:57:00.857+0100] {dag.py:2941} INFO - Sync 1 DAGs
[2023-12-18T22:57:00.872+0100] {logging_mixin.py:154} INFO - [2023-12-18T22:57:00.872+0100] {dag.py:3722} INFO - Setting next_dagrun for example_short_circuit_decorator to 2023-12-17T21:57:00.872453+00:00, run_after=2023-12-18T21:57:00.872453+00:00
[2023-12-18T22:57:00.889+0100] {processor.py:179} INFO - Processing /Users/user/Desktop/Learning/AIRFLOW-TUTORIAL/py_env/lib/python3.11/site-packages/airflow/example_dags/example_short_circuit_decorator.py took 0.265 seconds
[2023-12-18T22:58:48.840+0100] {processor.py:157} INFO - Started process (PID=35211) to work on /Users/user/Desktop/Learning/AIRFLOW-TUTORIAL/py_env/lib/python3.11/site-packages/airflow/example_dags/example_short_circuit_decorator.py
[2023-12-18T22:58:48.844+0100] {processor.py:829} INFO - Processing file /Users/user/Desktop/Learning/AIRFLOW-TUTORIAL/py_env/lib/python3.11/site-packages/airflow/example_dags/example_short_circuit_decorator.py for tasks to queue
[2023-12-18T22:58:48.845+0100] {logging_mixin.py:154} INFO - [2023-12-18T22:58:48.845+0100] {dagbag.py:536} INFO - Filling up the DagBag from /Users/user/Desktop/Learning/AIRFLOW-TUTORIAL/py_env/lib/python3.11/site-packages/airflow/example_dags/example_short_circuit_decorator.py
[2023-12-18T22:58:48.910+0100] {processor.py:839} INFO - DAG(s) dict_keys(['example_short_circuit_decorator']) retrieved from /Users/user/Desktop/Learning/AIRFLOW-TUTORIAL/py_env/lib/python3.11/site-packages/airflow/example_dags/example_short_circuit_decorator.py
[2023-12-18T22:58:49.121+0100] {logging_mixin.py:154} INFO - [2023-12-18T22:58:49.120+0100] {dag.py:2941} INFO - Sync 1 DAGs
[2023-12-18T22:58:49.140+0100] {logging_mixin.py:154} INFO - [2023-12-18T22:58:49.139+0100] {dag.py:3722} INFO - Setting next_dagrun for example_short_circuit_decorator to 2023-12-17T21:58:49.139402+00:00, run_after=2023-12-18T21:58:49.139402+00:00
[2023-12-18T22:58:49.171+0100] {processor.py:179} INFO - Processing /Users/user/Desktop/Learning/AIRFLOW-TUTORIAL/py_env/lib/python3.11/site-packages/airflow/example_dags/example_short_circuit_decorator.py took 0.332 seconds
[2023-12-18T23:00:29.188+0100] {processor.py:157} INFO - Started process (PID=35867) to work on /Users/user/Desktop/Learning/AIRFLOW-TUTORIAL/py_env/lib/python3.11/site-packages/airflow/example_dags/example_short_circuit_decorator.py
[2023-12-18T23:00:29.193+0100] {processor.py:829} INFO - Processing file /Users/user/Desktop/Learning/AIRFLOW-TUTORIAL/py_env/lib/python3.11/site-packages/airflow/example_dags/example_short_circuit_decorator.py for tasks to queue
[2023-12-18T23:00:29.194+0100] {logging_mixin.py:154} INFO - [2023-12-18T23:00:29.194+0100] {dagbag.py:536} INFO - Filling up the DagBag from /Users/user/Desktop/Learning/AIRFLOW-TUTORIAL/py_env/lib/python3.11/site-packages/airflow/example_dags/example_short_circuit_decorator.py
[2023-12-18T23:00:29.253+0100] {processor.py:839} INFO - DAG(s) dict_keys(['example_short_circuit_decorator']) retrieved from /Users/user/Desktop/Learning/AIRFLOW-TUTORIAL/py_env/lib/python3.11/site-packages/airflow/example_dags/example_short_circuit_decorator.py
[2023-12-18T23:00:29.442+0100] {logging_mixin.py:154} INFO - [2023-12-18T23:00:29.442+0100] {dag.py:2941} INFO - Sync 1 DAGs
[2023-12-18T23:00:29.463+0100] {logging_mixin.py:154} INFO - [2023-12-18T23:00:29.463+0100] {dag.py:3722} INFO - Setting next_dagrun for example_short_circuit_decorator to 2023-12-17T22:00:29.463341+00:00, run_after=2023-12-18T22:00:29.463341+00:00
[2023-12-18T23:00:29.483+0100] {processor.py:179} INFO - Processing /Users/user/Desktop/Learning/AIRFLOW-TUTORIAL/py_env/lib/python3.11/site-packages/airflow/example_dags/example_short_circuit_decorator.py took 0.296 seconds
[2023-12-18T23:02:15.033+0100] {processor.py:157} INFO - Started process (PID=36631) to work on /Users/user/Desktop/Learning/AIRFLOW-TUTORIAL/py_env/lib/python3.11/site-packages/airflow/example_dags/example_short_circuit_decorator.py
[2023-12-18T23:02:15.039+0100] {processor.py:829} INFO - Processing file /Users/user/Desktop/Learning/AIRFLOW-TUTORIAL/py_env/lib/python3.11/site-packages/airflow/example_dags/example_short_circuit_decorator.py for tasks to queue
[2023-12-18T23:02:15.040+0100] {logging_mixin.py:154} INFO - [2023-12-18T23:02:15.040+0100] {dagbag.py:536} INFO - Filling up the DagBag from /Users/user/Desktop/Learning/AIRFLOW-TUTORIAL/py_env/lib/python3.11/site-packages/airflow/example_dags/example_short_circuit_decorator.py
[2023-12-18T23:02:15.123+0100] {processor.py:839} INFO - DAG(s) dict_keys(['example_short_circuit_decorator']) retrieved from /Users/user/Desktop/Learning/AIRFLOW-TUTORIAL/py_env/lib/python3.11/site-packages/airflow/example_dags/example_short_circuit_decorator.py
[2023-12-18T23:02:15.371+0100] {logging_mixin.py:154} INFO - [2023-12-18T23:02:15.370+0100] {dag.py:2941} INFO - Sync 1 DAGs
[2023-12-18T23:02:15.397+0100] {logging_mixin.py:154} INFO - [2023-12-18T23:02:15.397+0100] {dag.py:3722} INFO - Setting next_dagrun for example_short_circuit_decorator to 2023-12-17T22:02:15.396857+00:00, run_after=2023-12-18T22:02:15.396857+00:00
[2023-12-18T23:02:15.423+0100] {processor.py:179} INFO - Processing /Users/user/Desktop/Learning/AIRFLOW-TUTORIAL/py_env/lib/python3.11/site-packages/airflow/example_dags/example_short_circuit_decorator.py took 0.392 seconds
[2023-12-18T23:05:12.452+0100] {processor.py:157} INFO - Started process (PID=37469) to work on /Users/user/Desktop/Learning/AIRFLOW-TUTORIAL/py_env/lib/python3.11/site-packages/airflow/example_dags/example_short_circuit_decorator.py
[2023-12-18T23:05:12.456+0100] {processor.py:829} INFO - Processing file /Users/user/Desktop/Learning/AIRFLOW-TUTORIAL/py_env/lib/python3.11/site-packages/airflow/example_dags/example_short_circuit_decorator.py for tasks to queue
[2023-12-18T23:05:12.457+0100] {logging_mixin.py:154} INFO - [2023-12-18T23:05:12.457+0100] {dagbag.py:536} INFO - Filling up the DagBag from /Users/user/Desktop/Learning/AIRFLOW-TUTORIAL/py_env/lib/python3.11/site-packages/airflow/example_dags/example_short_circuit_decorator.py
[2023-12-18T23:05:12.539+0100] {processor.py:839} INFO - DAG(s) dict_keys(['example_short_circuit_decorator']) retrieved from /Users/user/Desktop/Learning/AIRFLOW-TUTORIAL/py_env/lib/python3.11/site-packages/airflow/example_dags/example_short_circuit_decorator.py
[2023-12-18T23:05:12.787+0100] {logging_mixin.py:154} INFO - [2023-12-18T23:05:12.787+0100] {dag.py:2941} INFO - Sync 1 DAGs
[2023-12-18T23:05:12.809+0100] {logging_mixin.py:154} INFO - [2023-12-18T23:05:12.809+0100] {dag.py:3722} INFO - Setting next_dagrun for example_short_circuit_decorator to 2023-12-17T22:05:12.808941+00:00, run_after=2023-12-18T22:05:12.808941+00:00
[2023-12-18T23:05:12.833+0100] {processor.py:179} INFO - Processing /Users/user/Desktop/Learning/AIRFLOW-TUTORIAL/py_env/lib/python3.11/site-packages/airflow/example_dags/example_short_circuit_decorator.py took 0.382 seconds
[2023-12-18T23:07:33.480+0100] {processor.py:157} INFO - Started process (PID=38606) to work on /Users/user/Desktop/Learning/AIRFLOW-TUTORIAL/py_env/lib/python3.11/site-packages/airflow/example_dags/example_short_circuit_decorator.py
[2023-12-18T23:07:33.485+0100] {processor.py:829} INFO - Processing file /Users/user/Desktop/Learning/AIRFLOW-TUTORIAL/py_env/lib/python3.11/site-packages/airflow/example_dags/example_short_circuit_decorator.py for tasks to queue
[2023-12-18T23:07:33.486+0100] {logging_mixin.py:154} INFO - [2023-12-18T23:07:33.486+0100] {dagbag.py:536} INFO - Filling up the DagBag from /Users/user/Desktop/Learning/AIRFLOW-TUTORIAL/py_env/lib/python3.11/site-packages/airflow/example_dags/example_short_circuit_decorator.py
[2023-12-18T23:07:33.575+0100] {processor.py:839} INFO - DAG(s) dict_keys(['example_short_circuit_decorator']) retrieved from /Users/user/Desktop/Learning/AIRFLOW-TUTORIAL/py_env/lib/python3.11/site-packages/airflow/example_dags/example_short_circuit_decorator.py
[2023-12-18T23:07:33.833+0100] {logging_mixin.py:154} INFO - [2023-12-18T23:07:33.832+0100] {dag.py:2941} INFO - Sync 1 DAGs
[2023-12-18T23:07:33.855+0100] {logging_mixin.py:154} INFO - [2023-12-18T23:07:33.855+0100] {dag.py:3722} INFO - Setting next_dagrun for example_short_circuit_decorator to 2023-12-17T22:07:33.854942+00:00, run_after=2023-12-18T22:07:33.854942+00:00
[2023-12-18T23:07:33.883+0100] {processor.py:179} INFO - Processing /Users/user/Desktop/Learning/AIRFLOW-TUTORIAL/py_env/lib/python3.11/site-packages/airflow/example_dags/example_short_circuit_decorator.py took 0.405 seconds
