[2023-12-18T22:37:28.978+0100] {processor.py:157} INFO - Started process (PID=24961) to work on /Users/user/Desktop/Learning/AIRFLOW-TUTORIAL/py_env/lib/python3.11/site-packages/airflow/example_dags/example_time_delta_sensor_async.py
[2023-12-18T22:37:28.986+0100] {processor.py:829} INFO - Processing file /Users/user/Desktop/Learning/AIRFLOW-TUTORIAL/py_env/lib/python3.11/site-packages/airflow/example_dags/example_time_delta_sensor_async.py for tasks to queue
[2023-12-18T22:37:28.986+0100] {logging_mixin.py:154} INFO - [2023-12-18T22:37:28.986+0100] {dagbag.py:536} INFO - Filling up the DagBag from /Users/user/Desktop/Learning/AIRFLOW-TUTORIAL/py_env/lib/python3.11/site-packages/airflow/example_dags/example_time_delta_sensor_async.py
[2023-12-18T22:37:29.034+0100] {processor.py:839} INFO - DAG(s) dict_keys(['example_time_delta_sensor_async']) retrieved from /Users/user/Desktop/Learning/AIRFLOW-TUTORIAL/py_env/lib/python3.11/site-packages/airflow/example_dags/example_time_delta_sensor_async.py
[2023-12-18T22:37:29.993+0100] {logging_mixin.py:154} INFO - [2023-12-18T22:37:29.993+0100] {manager.py:499} INFO - Created Permission View: %s
[2023-12-18T22:37:30.003+0100] {logging_mixin.py:154} INFO - [2023-12-18T22:37:30.003+0100] {manager.py:499} INFO - Created Permission View: %s
[2023-12-18T22:37:30.011+0100] {logging_mixin.py:154} INFO - [2023-12-18T22:37:30.011+0100] {manager.py:499} INFO - Created Permission View: %s
[2023-12-18T22:37:30.012+0100] {logging_mixin.py:154} INFO - [2023-12-18T22:37:30.012+0100] {dag.py:2941} INFO - Sync 1 DAGs
[2023-12-18T22:37:30.027+0100] {logging_mixin.py:154} INFO - [2023-12-18T22:37:30.026+0100] {dag.py:2963} INFO - Creating ORM DAG for example_time_delta_sensor_async
[2023-12-18T22:37:30.027+0100] {logging_mixin.py:154} INFO - [2023-12-18T22:37:30.027+0100] {dag.py:3722} INFO - Setting next_dagrun for example_time_delta_sensor_async to None, run_after=None
[2023-12-18T22:37:30.048+0100] {processor.py:179} INFO - Processing /Users/user/Desktop/Learning/AIRFLOW-TUTORIAL/py_env/lib/python3.11/site-packages/airflow/example_dags/example_time_delta_sensor_async.py took 1.071 seconds
[2023-12-18T22:40:04.847+0100] {processor.py:157} INFO - Started process (PID=26202) to work on /Users/user/Desktop/Learning/AIRFLOW-TUTORIAL/py_env/lib/python3.11/site-packages/airflow/example_dags/example_time_delta_sensor_async.py
[2023-12-18T22:40:04.851+0100] {processor.py:829} INFO - Processing file /Users/user/Desktop/Learning/AIRFLOW-TUTORIAL/py_env/lib/python3.11/site-packages/airflow/example_dags/example_time_delta_sensor_async.py for tasks to queue
[2023-12-18T22:40:04.852+0100] {logging_mixin.py:154} INFO - [2023-12-18T22:40:04.851+0100] {dagbag.py:536} INFO - Filling up the DagBag from /Users/user/Desktop/Learning/AIRFLOW-TUTORIAL/py_env/lib/python3.11/site-packages/airflow/example_dags/example_time_delta_sensor_async.py
[2023-12-18T22:40:04.882+0100] {processor.py:839} INFO - DAG(s) dict_keys(['example_time_delta_sensor_async']) retrieved from /Users/user/Desktop/Learning/AIRFLOW-TUTORIAL/py_env/lib/python3.11/site-packages/airflow/example_dags/example_time_delta_sensor_async.py
[2023-12-18T22:40:05.092+0100] {logging_mixin.py:154} INFO - [2023-12-18T22:40:05.091+0100] {dag.py:2941} INFO - Sync 1 DAGs
[2023-12-18T22:40:05.101+0100] {logging_mixin.py:154} INFO - [2023-12-18T22:40:05.101+0100] {dag.py:3722} INFO - Setting next_dagrun for example_time_delta_sensor_async to None, run_after=None
[2023-12-18T22:40:05.122+0100] {processor.py:179} INFO - Processing /Users/user/Desktop/Learning/AIRFLOW-TUTORIAL/py_env/lib/python3.11/site-packages/airflow/example_dags/example_time_delta_sensor_async.py took 0.275 seconds
[2023-12-18T22:41:35.530+0100] {processor.py:157} INFO - Started process (PID=27034) to work on /Users/user/Desktop/Learning/AIRFLOW-TUTORIAL/py_env/lib/python3.11/site-packages/airflow/example_dags/example_time_delta_sensor_async.py
[2023-12-18T22:41:35.552+0100] {processor.py:829} INFO - Processing file /Users/user/Desktop/Learning/AIRFLOW-TUTORIAL/py_env/lib/python3.11/site-packages/airflow/example_dags/example_time_delta_sensor_async.py for tasks to queue
[2023-12-18T22:41:35.564+0100] {logging_mixin.py:154} INFO - [2023-12-18T22:41:35.564+0100] {dagbag.py:536} INFO - Filling up the DagBag from /Users/user/Desktop/Learning/AIRFLOW-TUTORIAL/py_env/lib/python3.11/site-packages/airflow/example_dags/example_time_delta_sensor_async.py
[2023-12-18T22:41:35.875+0100] {processor.py:839} INFO - DAG(s) dict_keys(['example_time_delta_sensor_async']) retrieved from /Users/user/Desktop/Learning/AIRFLOW-TUTORIAL/py_env/lib/python3.11/site-packages/airflow/example_dags/example_time_delta_sensor_async.py
[2023-12-18T22:41:36.164+0100] {logging_mixin.py:154} INFO - [2023-12-18T22:41:36.164+0100] {dag.py:2941} INFO - Sync 1 DAGs
[2023-12-18T22:41:36.178+0100] {logging_mixin.py:154} INFO - [2023-12-18T22:41:36.177+0100] {dag.py:3722} INFO - Setting next_dagrun for example_time_delta_sensor_async to None, run_after=None
[2023-12-18T22:41:36.204+0100] {processor.py:179} INFO - Processing /Users/user/Desktop/Learning/AIRFLOW-TUTORIAL/py_env/lib/python3.11/site-packages/airflow/example_dags/example_time_delta_sensor_async.py took 0.677 seconds
[2023-12-18T22:43:05.660+0100] {processor.py:157} INFO - Started process (PID=27657) to work on /Users/user/Desktop/Learning/AIRFLOW-TUTORIAL/py_env/lib/python3.11/site-packages/airflow/example_dags/example_time_delta_sensor_async.py
[2023-12-18T22:43:05.672+0100] {processor.py:829} INFO - Processing file /Users/user/Desktop/Learning/AIRFLOW-TUTORIAL/py_env/lib/python3.11/site-packages/airflow/example_dags/example_time_delta_sensor_async.py for tasks to queue
[2023-12-18T22:43:05.673+0100] {logging_mixin.py:154} INFO - [2023-12-18T22:43:05.673+0100] {dagbag.py:536} INFO - Filling up the DagBag from /Users/user/Desktop/Learning/AIRFLOW-TUTORIAL/py_env/lib/python3.11/site-packages/airflow/example_dags/example_time_delta_sensor_async.py
[2023-12-18T22:43:05.715+0100] {processor.py:839} INFO - DAG(s) dict_keys(['example_time_delta_sensor_async']) retrieved from /Users/user/Desktop/Learning/AIRFLOW-TUTORIAL/py_env/lib/python3.11/site-packages/airflow/example_dags/example_time_delta_sensor_async.py
[2023-12-18T22:43:06.011+0100] {logging_mixin.py:154} INFO - [2023-12-18T22:43:06.010+0100] {dag.py:2941} INFO - Sync 1 DAGs
[2023-12-18T22:43:06.026+0100] {logging_mixin.py:154} INFO - [2023-12-18T22:43:06.026+0100] {dag.py:3722} INFO - Setting next_dagrun for example_time_delta_sensor_async to None, run_after=None
[2023-12-18T22:43:06.052+0100] {processor.py:179} INFO - Processing /Users/user/Desktop/Learning/AIRFLOW-TUTORIAL/py_env/lib/python3.11/site-packages/airflow/example_dags/example_time_delta_sensor_async.py took 0.393 seconds
[2023-12-18T22:44:40.818+0100] {processor.py:157} INFO - Started process (PID=28456) to work on /Users/user/Desktop/Learning/AIRFLOW-TUTORIAL/py_env/lib/python3.11/site-packages/airflow/example_dags/example_time_delta_sensor_async.py
[2023-12-18T22:44:40.823+0100] {processor.py:829} INFO - Processing file /Users/user/Desktop/Learning/AIRFLOW-TUTORIAL/py_env/lib/python3.11/site-packages/airflow/example_dags/example_time_delta_sensor_async.py for tasks to queue
[2023-12-18T22:44:40.823+0100] {logging_mixin.py:154} INFO - [2023-12-18T22:44:40.823+0100] {dagbag.py:536} INFO - Filling up the DagBag from /Users/user/Desktop/Learning/AIRFLOW-TUTORIAL/py_env/lib/python3.11/site-packages/airflow/example_dags/example_time_delta_sensor_async.py
[2023-12-18T22:44:40.850+0100] {processor.py:839} INFO - DAG(s) dict_keys(['example_time_delta_sensor_async']) retrieved from /Users/user/Desktop/Learning/AIRFLOW-TUTORIAL/py_env/lib/python3.11/site-packages/airflow/example_dags/example_time_delta_sensor_async.py
[2023-12-18T22:44:41.046+0100] {logging_mixin.py:154} INFO - [2023-12-18T22:44:41.046+0100] {dag.py:2941} INFO - Sync 1 DAGs
[2023-12-18T22:44:41.056+0100] {logging_mixin.py:154} INFO - [2023-12-18T22:44:41.056+0100] {dag.py:3722} INFO - Setting next_dagrun for example_time_delta_sensor_async to None, run_after=None
[2023-12-18T22:44:41.076+0100] {processor.py:179} INFO - Processing /Users/user/Desktop/Learning/AIRFLOW-TUTORIAL/py_env/lib/python3.11/site-packages/airflow/example_dags/example_time_delta_sensor_async.py took 0.258 seconds
[2023-12-18T22:46:16.624+0100] {processor.py:157} INFO - Started process (PID=29180) to work on /Users/user/Desktop/Learning/AIRFLOW-TUTORIAL/py_env/lib/python3.11/site-packages/airflow/example_dags/example_time_delta_sensor_async.py
[2023-12-18T22:46:16.629+0100] {processor.py:829} INFO - Processing file /Users/user/Desktop/Learning/AIRFLOW-TUTORIAL/py_env/lib/python3.11/site-packages/airflow/example_dags/example_time_delta_sensor_async.py for tasks to queue
[2023-12-18T22:46:16.629+0100] {logging_mixin.py:154} INFO - [2023-12-18T22:46:16.629+0100] {dagbag.py:536} INFO - Filling up the DagBag from /Users/user/Desktop/Learning/AIRFLOW-TUTORIAL/py_env/lib/python3.11/site-packages/airflow/example_dags/example_time_delta_sensor_async.py
[2023-12-18T22:46:16.658+0100] {processor.py:839} INFO - DAG(s) dict_keys(['example_time_delta_sensor_async']) retrieved from /Users/user/Desktop/Learning/AIRFLOW-TUTORIAL/py_env/lib/python3.11/site-packages/airflow/example_dags/example_time_delta_sensor_async.py
[2023-12-18T22:46:16.845+0100] {logging_mixin.py:154} INFO - [2023-12-18T22:46:16.845+0100] {dag.py:2941} INFO - Sync 1 DAGs
[2023-12-18T22:46:16.854+0100] {logging_mixin.py:154} INFO - [2023-12-18T22:46:16.854+0100] {dag.py:3722} INFO - Setting next_dagrun for example_time_delta_sensor_async to None, run_after=None
[2023-12-18T22:46:16.872+0100] {processor.py:179} INFO - Processing /Users/user/Desktop/Learning/AIRFLOW-TUTORIAL/py_env/lib/python3.11/site-packages/airflow/example_dags/example_time_delta_sensor_async.py took 0.248 seconds
[2023-12-18T22:48:01.051+0100] {processor.py:157} INFO - Started process (PID=30011) to work on /Users/user/Desktop/Learning/AIRFLOW-TUTORIAL/py_env/lib/python3.11/site-packages/airflow/example_dags/example_time_delta_sensor_async.py
[2023-12-18T22:48:01.057+0100] {processor.py:829} INFO - Processing file /Users/user/Desktop/Learning/AIRFLOW-TUTORIAL/py_env/lib/python3.11/site-packages/airflow/example_dags/example_time_delta_sensor_async.py for tasks to queue
[2023-12-18T22:48:01.057+0100] {logging_mixin.py:154} INFO - [2023-12-18T22:48:01.057+0100] {dagbag.py:536} INFO - Filling up the DagBag from /Users/user/Desktop/Learning/AIRFLOW-TUTORIAL/py_env/lib/python3.11/site-packages/airflow/example_dags/example_time_delta_sensor_async.py
[2023-12-18T22:48:01.092+0100] {processor.py:839} INFO - DAG(s) dict_keys(['example_time_delta_sensor_async']) retrieved from /Users/user/Desktop/Learning/AIRFLOW-TUTORIAL/py_env/lib/python3.11/site-packages/airflow/example_dags/example_time_delta_sensor_async.py
[2023-12-18T22:48:01.347+0100] {logging_mixin.py:154} INFO - [2023-12-18T22:48:01.347+0100] {dag.py:2941} INFO - Sync 1 DAGs
[2023-12-18T22:48:01.362+0100] {logging_mixin.py:154} INFO - [2023-12-18T22:48:01.362+0100] {dag.py:3722} INFO - Setting next_dagrun for example_time_delta_sensor_async to None, run_after=None
[2023-12-18T22:48:01.386+0100] {processor.py:179} INFO - Processing /Users/user/Desktop/Learning/AIRFLOW-TUTORIAL/py_env/lib/python3.11/site-packages/airflow/example_dags/example_time_delta_sensor_async.py took 0.336 seconds
[2023-12-18T22:49:38.671+0100] {processor.py:157} INFO - Started process (PID=30902) to work on /Users/user/Desktop/Learning/AIRFLOW-TUTORIAL/py_env/lib/python3.11/site-packages/airflow/example_dags/example_time_delta_sensor_async.py
[2023-12-18T22:49:38.677+0100] {processor.py:829} INFO - Processing file /Users/user/Desktop/Learning/AIRFLOW-TUTORIAL/py_env/lib/python3.11/site-packages/airflow/example_dags/example_time_delta_sensor_async.py for tasks to queue
[2023-12-18T22:49:38.678+0100] {logging_mixin.py:154} INFO - [2023-12-18T22:49:38.677+0100] {dagbag.py:536} INFO - Filling up the DagBag from /Users/user/Desktop/Learning/AIRFLOW-TUTORIAL/py_env/lib/python3.11/site-packages/airflow/example_dags/example_time_delta_sensor_async.py
[2023-12-18T22:49:38.758+0100] {processor.py:839} INFO - DAG(s) dict_keys(['example_time_delta_sensor_async']) retrieved from /Users/user/Desktop/Learning/AIRFLOW-TUTORIAL/py_env/lib/python3.11/site-packages/airflow/example_dags/example_time_delta_sensor_async.py
[2023-12-18T22:49:39.034+0100] {logging_mixin.py:154} INFO - [2023-12-18T22:49:39.034+0100] {dag.py:2941} INFO - Sync 1 DAGs
[2023-12-18T22:49:39.046+0100] {logging_mixin.py:154} INFO - [2023-12-18T22:49:39.046+0100] {dag.py:3722} INFO - Setting next_dagrun for example_time_delta_sensor_async to None, run_after=None
[2023-12-18T22:49:39.071+0100] {processor.py:179} INFO - Processing /Users/user/Desktop/Learning/AIRFLOW-TUTORIAL/py_env/lib/python3.11/site-packages/airflow/example_dags/example_time_delta_sensor_async.py took 0.409 seconds
[2023-12-18T22:51:19.455+0100] {processor.py:157} INFO - Started process (PID=31627) to work on /Users/user/Desktop/Learning/AIRFLOW-TUTORIAL/py_env/lib/python3.11/site-packages/airflow/example_dags/example_time_delta_sensor_async.py
[2023-12-18T22:51:19.459+0100] {processor.py:829} INFO - Processing file /Users/user/Desktop/Learning/AIRFLOW-TUTORIAL/py_env/lib/python3.11/site-packages/airflow/example_dags/example_time_delta_sensor_async.py for tasks to queue
[2023-12-18T22:51:19.460+0100] {logging_mixin.py:154} INFO - [2023-12-18T22:51:19.460+0100] {dagbag.py:536} INFO - Filling up the DagBag from /Users/user/Desktop/Learning/AIRFLOW-TUTORIAL/py_env/lib/python3.11/site-packages/airflow/example_dags/example_time_delta_sensor_async.py
[2023-12-18T22:51:19.488+0100] {processor.py:839} INFO - DAG(s) dict_keys(['example_time_delta_sensor_async']) retrieved from /Users/user/Desktop/Learning/AIRFLOW-TUTORIAL/py_env/lib/python3.11/site-packages/airflow/example_dags/example_time_delta_sensor_async.py
[2023-12-18T22:51:19.721+0100] {logging_mixin.py:154} INFO - [2023-12-18T22:51:19.721+0100] {dag.py:2941} INFO - Sync 1 DAGs
[2023-12-18T22:51:19.744+0100] {logging_mixin.py:154} INFO - [2023-12-18T22:51:19.743+0100] {dag.py:3722} INFO - Setting next_dagrun for example_time_delta_sensor_async to None, run_after=None
[2023-12-18T22:51:19.812+0100] {processor.py:179} INFO - Processing /Users/user/Desktop/Learning/AIRFLOW-TUTORIAL/py_env/lib/python3.11/site-packages/airflow/example_dags/example_time_delta_sensor_async.py took 0.358 seconds
[2023-12-18T22:53:10.795+0100] {processor.py:157} INFO - Started process (PID=32641) to work on /Users/user/Desktop/Learning/AIRFLOW-TUTORIAL/py_env/lib/python3.11/site-packages/airflow/example_dags/example_time_delta_sensor_async.py
[2023-12-18T22:53:10.799+0100] {processor.py:829} INFO - Processing file /Users/user/Desktop/Learning/AIRFLOW-TUTORIAL/py_env/lib/python3.11/site-packages/airflow/example_dags/example_time_delta_sensor_async.py for tasks to queue
[2023-12-18T22:53:10.800+0100] {logging_mixin.py:154} INFO - [2023-12-18T22:53:10.800+0100] {dagbag.py:536} INFO - Filling up the DagBag from /Users/user/Desktop/Learning/AIRFLOW-TUTORIAL/py_env/lib/python3.11/site-packages/airflow/example_dags/example_time_delta_sensor_async.py
[2023-12-18T22:53:10.835+0100] {processor.py:839} INFO - DAG(s) dict_keys(['example_time_delta_sensor_async']) retrieved from /Users/user/Desktop/Learning/AIRFLOW-TUTORIAL/py_env/lib/python3.11/site-packages/airflow/example_dags/example_time_delta_sensor_async.py
[2023-12-18T22:53:11.059+0100] {logging_mixin.py:154} INFO - [2023-12-18T22:53:11.059+0100] {dag.py:2941} INFO - Sync 1 DAGs
[2023-12-18T22:53:11.075+0100] {logging_mixin.py:154} INFO - [2023-12-18T22:53:11.075+0100] {dag.py:3722} INFO - Setting next_dagrun for example_time_delta_sensor_async to None, run_after=None
[2023-12-18T22:53:11.104+0100] {processor.py:179} INFO - Processing /Users/user/Desktop/Learning/AIRFLOW-TUTORIAL/py_env/lib/python3.11/site-packages/airflow/example_dags/example_time_delta_sensor_async.py took 0.310 seconds
[2023-12-18T22:54:59.902+0100] {processor.py:157} INFO - Started process (PID=33456) to work on /Users/user/Desktop/Learning/AIRFLOW-TUTORIAL/py_env/lib/python3.11/site-packages/airflow/example_dags/example_time_delta_sensor_async.py
[2023-12-18T22:54:59.907+0100] {processor.py:829} INFO - Processing file /Users/user/Desktop/Learning/AIRFLOW-TUTORIAL/py_env/lib/python3.11/site-packages/airflow/example_dags/example_time_delta_sensor_async.py for tasks to queue
[2023-12-18T22:54:59.907+0100] {logging_mixin.py:154} INFO - [2023-12-18T22:54:59.907+0100] {dagbag.py:536} INFO - Filling up the DagBag from /Users/user/Desktop/Learning/AIRFLOW-TUTORIAL/py_env/lib/python3.11/site-packages/airflow/example_dags/example_time_delta_sensor_async.py
[2023-12-18T22:54:59.937+0100] {processor.py:839} INFO - DAG(s) dict_keys(['example_time_delta_sensor_async']) retrieved from /Users/user/Desktop/Learning/AIRFLOW-TUTORIAL/py_env/lib/python3.11/site-packages/airflow/example_dags/example_time_delta_sensor_async.py
[2023-12-18T22:55:00.134+0100] {logging_mixin.py:154} INFO - [2023-12-18T22:55:00.134+0100] {dag.py:2941} INFO - Sync 1 DAGs
[2023-12-18T22:55:00.147+0100] {logging_mixin.py:154} INFO - [2023-12-18T22:55:00.147+0100] {dag.py:3722} INFO - Setting next_dagrun for example_time_delta_sensor_async to None, run_after=None
[2023-12-18T22:55:00.173+0100] {processor.py:179} INFO - Processing /Users/user/Desktop/Learning/AIRFLOW-TUTORIAL/py_env/lib/python3.11/site-packages/airflow/example_dags/example_time_delta_sensor_async.py took 0.271 seconds
[2023-12-18T22:56:45.804+0100] {processor.py:157} INFO - Started process (PID=34275) to work on /Users/user/Desktop/Learning/AIRFLOW-TUTORIAL/py_env/lib/python3.11/site-packages/airflow/example_dags/example_time_delta_sensor_async.py
[2023-12-18T22:56:45.809+0100] {processor.py:829} INFO - Processing file /Users/user/Desktop/Learning/AIRFLOW-TUTORIAL/py_env/lib/python3.11/site-packages/airflow/example_dags/example_time_delta_sensor_async.py for tasks to queue
[2023-12-18T22:56:45.810+0100] {logging_mixin.py:154} INFO - [2023-12-18T22:56:45.810+0100] {dagbag.py:536} INFO - Filling up the DagBag from /Users/user/Desktop/Learning/AIRFLOW-TUTORIAL/py_env/lib/python3.11/site-packages/airflow/example_dags/example_time_delta_sensor_async.py
[2023-12-18T22:56:45.840+0100] {processor.py:839} INFO - DAG(s) dict_keys(['example_time_delta_sensor_async']) retrieved from /Users/user/Desktop/Learning/AIRFLOW-TUTORIAL/py_env/lib/python3.11/site-packages/airflow/example_dags/example_time_delta_sensor_async.py
[2023-12-18T22:56:46.002+0100] {logging_mixin.py:154} INFO - [2023-12-18T22:56:46.002+0100] {dag.py:2941} INFO - Sync 1 DAGs
[2023-12-18T22:56:46.010+0100] {logging_mixin.py:154} INFO - [2023-12-18T22:56:46.010+0100] {dag.py:3722} INFO - Setting next_dagrun for example_time_delta_sensor_async to None, run_after=None
[2023-12-18T22:56:46.026+0100] {processor.py:179} INFO - Processing /Users/user/Desktop/Learning/AIRFLOW-TUTORIAL/py_env/lib/python3.11/site-packages/airflow/example_dags/example_time_delta_sensor_async.py took 0.223 seconds
[2023-12-18T22:58:30.683+0100] {processor.py:157} INFO - Started process (PID=35005) to work on /Users/user/Desktop/Learning/AIRFLOW-TUTORIAL/py_env/lib/python3.11/site-packages/airflow/example_dags/example_time_delta_sensor_async.py
[2023-12-18T22:58:30.689+0100] {processor.py:829} INFO - Processing file /Users/user/Desktop/Learning/AIRFLOW-TUTORIAL/py_env/lib/python3.11/site-packages/airflow/example_dags/example_time_delta_sensor_async.py for tasks to queue
[2023-12-18T22:58:30.690+0100] {logging_mixin.py:154} INFO - [2023-12-18T22:58:30.689+0100] {dagbag.py:536} INFO - Filling up the DagBag from /Users/user/Desktop/Learning/AIRFLOW-TUTORIAL/py_env/lib/python3.11/site-packages/airflow/example_dags/example_time_delta_sensor_async.py
[2023-12-18T22:58:30.730+0100] {processor.py:839} INFO - DAG(s) dict_keys(['example_time_delta_sensor_async']) retrieved from /Users/user/Desktop/Learning/AIRFLOW-TUTORIAL/py_env/lib/python3.11/site-packages/airflow/example_dags/example_time_delta_sensor_async.py
[2023-12-18T22:58:30.961+0100] {logging_mixin.py:154} INFO - [2023-12-18T22:58:30.961+0100] {dag.py:2941} INFO - Sync 1 DAGs
[2023-12-18T22:58:30.989+0100] {logging_mixin.py:154} INFO - [2023-12-18T22:58:30.989+0100] {dag.py:3722} INFO - Setting next_dagrun for example_time_delta_sensor_async to None, run_after=None
[2023-12-18T22:58:31.012+0100] {processor.py:179} INFO - Processing /Users/user/Desktop/Learning/AIRFLOW-TUTORIAL/py_env/lib/python3.11/site-packages/airflow/example_dags/example_time_delta_sensor_async.py took 0.331 seconds
[2023-12-18T23:00:12.843+0100] {processor.py:157} INFO - Started process (PID=35768) to work on /Users/user/Desktop/Learning/AIRFLOW-TUTORIAL/py_env/lib/python3.11/site-packages/airflow/example_dags/example_time_delta_sensor_async.py
[2023-12-18T23:00:12.847+0100] {processor.py:829} INFO - Processing file /Users/user/Desktop/Learning/AIRFLOW-TUTORIAL/py_env/lib/python3.11/site-packages/airflow/example_dags/example_time_delta_sensor_async.py for tasks to queue
[2023-12-18T23:00:12.848+0100] {logging_mixin.py:154} INFO - [2023-12-18T23:00:12.847+0100] {dagbag.py:536} INFO - Filling up the DagBag from /Users/user/Desktop/Learning/AIRFLOW-TUTORIAL/py_env/lib/python3.11/site-packages/airflow/example_dags/example_time_delta_sensor_async.py
[2023-12-18T23:00:12.885+0100] {processor.py:839} INFO - DAG(s) dict_keys(['example_time_delta_sensor_async']) retrieved from /Users/user/Desktop/Learning/AIRFLOW-TUTORIAL/py_env/lib/python3.11/site-packages/airflow/example_dags/example_time_delta_sensor_async.py
[2023-12-18T23:00:13.082+0100] {logging_mixin.py:154} INFO - [2023-12-18T23:00:13.082+0100] {dag.py:2941} INFO - Sync 1 DAGs
[2023-12-18T23:00:13.092+0100] {logging_mixin.py:154} INFO - [2023-12-18T23:00:13.091+0100] {dag.py:3722} INFO - Setting next_dagrun for example_time_delta_sensor_async to None, run_after=None
[2023-12-18T23:00:13.111+0100] {processor.py:179} INFO - Processing /Users/user/Desktop/Learning/AIRFLOW-TUTORIAL/py_env/lib/python3.11/site-packages/airflow/example_dags/example_time_delta_sensor_async.py took 0.269 seconds
[2023-12-18T23:01:54.275+0100] {processor.py:157} INFO - Started process (PID=36420) to work on /Users/user/Desktop/Learning/AIRFLOW-TUTORIAL/py_env/lib/python3.11/site-packages/airflow/example_dags/example_time_delta_sensor_async.py
[2023-12-18T23:01:54.280+0100] {processor.py:829} INFO - Processing file /Users/user/Desktop/Learning/AIRFLOW-TUTORIAL/py_env/lib/python3.11/site-packages/airflow/example_dags/example_time_delta_sensor_async.py for tasks to queue
[2023-12-18T23:01:54.280+0100] {logging_mixin.py:154} INFO - [2023-12-18T23:01:54.280+0100] {dagbag.py:536} INFO - Filling up the DagBag from /Users/user/Desktop/Learning/AIRFLOW-TUTORIAL/py_env/lib/python3.11/site-packages/airflow/example_dags/example_time_delta_sensor_async.py
[2023-12-18T23:01:54.314+0100] {processor.py:839} INFO - DAG(s) dict_keys(['example_time_delta_sensor_async']) retrieved from /Users/user/Desktop/Learning/AIRFLOW-TUTORIAL/py_env/lib/python3.11/site-packages/airflow/example_dags/example_time_delta_sensor_async.py
[2023-12-18T23:01:54.535+0100] {logging_mixin.py:154} INFO - [2023-12-18T23:01:54.535+0100] {dag.py:2941} INFO - Sync 1 DAGs
[2023-12-18T23:01:54.546+0100] {logging_mixin.py:154} INFO - [2023-12-18T23:01:54.546+0100] {dag.py:3722} INFO - Setting next_dagrun for example_time_delta_sensor_async to None, run_after=None
[2023-12-18T23:01:54.569+0100] {processor.py:179} INFO - Processing /Users/user/Desktop/Learning/AIRFLOW-TUTORIAL/py_env/lib/python3.11/site-packages/airflow/example_dags/example_time_delta_sensor_async.py took 0.295 seconds
[2023-12-18T23:03:46.210+0100] {processor.py:157} INFO - Started process (PID=37099) to work on /Users/user/Desktop/Learning/AIRFLOW-TUTORIAL/py_env/lib/python3.11/site-packages/airflow/example_dags/example_time_delta_sensor_async.py
[2023-12-18T23:03:46.216+0100] {processor.py:829} INFO - Processing file /Users/user/Desktop/Learning/AIRFLOW-TUTORIAL/py_env/lib/python3.11/site-packages/airflow/example_dags/example_time_delta_sensor_async.py for tasks to queue
[2023-12-18T23:03:46.218+0100] {logging_mixin.py:154} INFO - [2023-12-18T23:03:46.217+0100] {dagbag.py:536} INFO - Filling up the DagBag from /Users/user/Desktop/Learning/AIRFLOW-TUTORIAL/py_env/lib/python3.11/site-packages/airflow/example_dags/example_time_delta_sensor_async.py
[2023-12-18T23:03:46.269+0100] {processor.py:839} INFO - DAG(s) dict_keys(['example_time_delta_sensor_async']) retrieved from /Users/user/Desktop/Learning/AIRFLOW-TUTORIAL/py_env/lib/python3.11/site-packages/airflow/example_dags/example_time_delta_sensor_async.py
[2023-12-18T23:03:46.540+0100] {logging_mixin.py:154} INFO - [2023-12-18T23:03:46.539+0100] {dag.py:2941} INFO - Sync 1 DAGs
[2023-12-18T23:03:46.579+0100] {logging_mixin.py:154} INFO - [2023-12-18T23:03:46.579+0100] {dag.py:3722} INFO - Setting next_dagrun for example_time_delta_sensor_async to None, run_after=None
[2023-12-18T23:03:46.622+0100] {processor.py:179} INFO - Processing /Users/user/Desktop/Learning/AIRFLOW-TUTORIAL/py_env/lib/python3.11/site-packages/airflow/example_dags/example_time_delta_sensor_async.py took 0.413 seconds
[2023-12-18T23:04:49.293+0100] {processor.py:157} INFO - Started process (PID=37370) to work on /Users/user/Desktop/Learning/AIRFLOW-TUTORIAL/py_env/lib/python3.11/site-packages/airflow/example_dags/example_time_delta_sensor_async.py
[2023-12-18T23:04:49.303+0100] {processor.py:829} INFO - Processing file /Users/user/Desktop/Learning/AIRFLOW-TUTORIAL/py_env/lib/python3.11/site-packages/airflow/example_dags/example_time_delta_sensor_async.py for tasks to queue
[2023-12-18T23:04:49.304+0100] {logging_mixin.py:154} INFO - [2023-12-18T23:04:49.304+0100] {dagbag.py:536} INFO - Filling up the DagBag from /Users/user/Desktop/Learning/AIRFLOW-TUTORIAL/py_env/lib/python3.11/site-packages/airflow/example_dags/example_time_delta_sensor_async.py
[2023-12-18T23:04:49.356+0100] {processor.py:839} INFO - DAG(s) dict_keys(['example_time_delta_sensor_async']) retrieved from /Users/user/Desktop/Learning/AIRFLOW-TUTORIAL/py_env/lib/python3.11/site-packages/airflow/example_dags/example_time_delta_sensor_async.py
[2023-12-18T23:04:49.960+0100] {logging_mixin.py:154} INFO - [2023-12-18T23:04:49.960+0100] {dag.py:2941} INFO - Sync 1 DAGs
[2023-12-18T23:04:49.980+0100] {logging_mixin.py:154} INFO - [2023-12-18T23:04:49.980+0100] {dag.py:3722} INFO - Setting next_dagrun for example_time_delta_sensor_async to None, run_after=None
[2023-12-18T23:04:50.036+0100] {processor.py:179} INFO - Processing /Users/user/Desktop/Learning/AIRFLOW-TUTORIAL/py_env/lib/python3.11/site-packages/airflow/example_dags/example_time_delta_sensor_async.py took 0.745 seconds
[2023-12-18T23:07:14.629+0100] {processor.py:157} INFO - Started process (PID=38407) to work on /Users/user/Desktop/Learning/AIRFLOW-TUTORIAL/py_env/lib/python3.11/site-packages/airflow/example_dags/example_time_delta_sensor_async.py
[2023-12-18T23:07:14.634+0100] {processor.py:829} INFO - Processing file /Users/user/Desktop/Learning/AIRFLOW-TUTORIAL/py_env/lib/python3.11/site-packages/airflow/example_dags/example_time_delta_sensor_async.py for tasks to queue
[2023-12-18T23:07:14.635+0100] {logging_mixin.py:154} INFO - [2023-12-18T23:07:14.635+0100] {dagbag.py:536} INFO - Filling up the DagBag from /Users/user/Desktop/Learning/AIRFLOW-TUTORIAL/py_env/lib/python3.11/site-packages/airflow/example_dags/example_time_delta_sensor_async.py
[2023-12-18T23:07:14.672+0100] {processor.py:839} INFO - DAG(s) dict_keys(['example_time_delta_sensor_async']) retrieved from /Users/user/Desktop/Learning/AIRFLOW-TUTORIAL/py_env/lib/python3.11/site-packages/airflow/example_dags/example_time_delta_sensor_async.py
[2023-12-18T23:07:14.937+0100] {logging_mixin.py:154} INFO - [2023-12-18T23:07:14.936+0100] {dag.py:2941} INFO - Sync 1 DAGs
[2023-12-18T23:07:14.950+0100] {logging_mixin.py:154} INFO - [2023-12-18T23:07:14.950+0100] {dag.py:3722} INFO - Setting next_dagrun for example_time_delta_sensor_async to None, run_after=None
[2023-12-18T23:07:14.984+0100] {processor.py:179} INFO - Processing /Users/user/Desktop/Learning/AIRFLOW-TUTORIAL/py_env/lib/python3.11/site-packages/airflow/example_dags/example_time_delta_sensor_async.py took 0.356 seconds
