[2023-12-18T22:37:14.166+0100] {processor.py:157} INFO - Started process (PID=24953) to work on /Users/user/Desktop/Learning/AIRFLOW-TUTORIAL/py_env/lib/python3.11/site-packages/airflow/example_dags/example_xcomargs.py
[2023-12-18T22:37:14.187+0100] {processor.py:829} INFO - Processing file /Users/user/Desktop/Learning/AIRFLOW-TUTORIAL/py_env/lib/python3.11/site-packages/airflow/example_dags/example_xcomargs.py for tasks to queue
[2023-12-18T22:37:14.188+0100] {logging_mixin.py:154} INFO - [2023-12-18T22:37:14.188+0100] {dagbag.py:536} INFO - Filling up the DagBag from /Users/user/Desktop/Learning/AIRFLOW-TUTORIAL/py_env/lib/python3.11/site-packages/airflow/example_dags/example_xcomargs.py
[2023-12-18T22:37:14.245+0100] {processor.py:839} INFO - DAG(s) dict_keys(['example_xcom_args', 'example_xcom_args_with_operators']) retrieved from /Users/user/Desktop/Learning/AIRFLOW-TUTORIAL/py_env/lib/python3.11/site-packages/airflow/example_dags/example_xcomargs.py
[2023-12-18T22:37:14.860+0100] {logging_mixin.py:154} INFO - [2023-12-18T22:37:14.860+0100] {manager.py:499} INFO - Created Permission View: %s
[2023-12-18T22:37:14.868+0100] {logging_mixin.py:154} INFO - [2023-12-18T22:37:14.868+0100] {manager.py:499} INFO - Created Permission View: %s
[2023-12-18T22:37:14.894+0100] {logging_mixin.py:154} INFO - [2023-12-18T22:37:14.894+0100] {manager.py:499} INFO - Created Permission View: %s
[2023-12-18T22:37:15.019+0100] {logging_mixin.py:154} INFO - [2023-12-18T22:37:15.019+0100] {manager.py:499} INFO - Created Permission View: %s
[2023-12-18T22:37:15.064+0100] {logging_mixin.py:154} INFO - [2023-12-18T22:37:15.064+0100] {manager.py:499} INFO - Created Permission View: %s
[2023-12-18T22:37:15.094+0100] {logging_mixin.py:154} INFO - [2023-12-18T22:37:15.094+0100] {manager.py:499} INFO - Created Permission View: %s
[2023-12-18T22:37:15.113+0100] {logging_mixin.py:154} INFO - [2023-12-18T22:37:15.112+0100] {dag.py:2941} INFO - Sync 2 DAGs
[2023-12-18T22:37:15.127+0100] {logging_mixin.py:154} INFO - [2023-12-18T22:37:15.127+0100] {dag.py:2963} INFO - Creating ORM DAG for example_xcom_args
[2023-12-18T22:37:15.138+0100] {logging_mixin.py:154} INFO - [2023-12-18T22:37:15.137+0100] {dag.py:2963} INFO - Creating ORM DAG for example_xcom_args_with_operators
[2023-12-18T22:37:15.139+0100] {logging_mixin.py:154} INFO - [2023-12-18T22:37:15.138+0100] {dag.py:3722} INFO - Setting next_dagrun for example_xcom_args to None, run_after=None
[2023-12-18T22:37:15.157+0100] {logging_mixin.py:154} INFO - [2023-12-18T22:37:15.156+0100] {dag.py:3722} INFO - Setting next_dagrun for example_xcom_args_with_operators to None, run_after=None
[2023-12-18T22:37:15.181+0100] {processor.py:179} INFO - Processing /Users/user/Desktop/Learning/AIRFLOW-TUTORIAL/py_env/lib/python3.11/site-packages/airflow/example_dags/example_xcomargs.py took 1.017 seconds
[2023-12-18T22:39:53.209+0100] {processor.py:157} INFO - Started process (PID=26106) to work on /Users/user/Desktop/Learning/AIRFLOW-TUTORIAL/py_env/lib/python3.11/site-packages/airflow/example_dags/example_xcomargs.py
[2023-12-18T22:39:53.213+0100] {processor.py:829} INFO - Processing file /Users/user/Desktop/Learning/AIRFLOW-TUTORIAL/py_env/lib/python3.11/site-packages/airflow/example_dags/example_xcomargs.py for tasks to queue
[2023-12-18T22:39:53.214+0100] {logging_mixin.py:154} INFO - [2023-12-18T22:39:53.214+0100] {dagbag.py:536} INFO - Filling up the DagBag from /Users/user/Desktop/Learning/AIRFLOW-TUTORIAL/py_env/lib/python3.11/site-packages/airflow/example_dags/example_xcomargs.py
[2023-12-18T22:39:53.276+0100] {processor.py:839} INFO - DAG(s) dict_keys(['example_xcom_args_with_operators', 'example_xcom_args']) retrieved from /Users/user/Desktop/Learning/AIRFLOW-TUTORIAL/py_env/lib/python3.11/site-packages/airflow/example_dags/example_xcomargs.py
[2023-12-18T22:39:53.476+0100] {logging_mixin.py:154} INFO - [2023-12-18T22:39:53.475+0100] {dag.py:2941} INFO - Sync 2 DAGs
[2023-12-18T22:39:53.486+0100] {logging_mixin.py:154} INFO - [2023-12-18T22:39:53.485+0100] {dag.py:3722} INFO - Setting next_dagrun for example_xcom_args to None, run_after=None
[2023-12-18T22:39:53.489+0100] {logging_mixin.py:154} INFO - [2023-12-18T22:39:53.489+0100] {dag.py:3722} INFO - Setting next_dagrun for example_xcom_args_with_operators to None, run_after=None
[2023-12-18T22:39:53.507+0100] {processor.py:179} INFO - Processing /Users/user/Desktop/Learning/AIRFLOW-TUTORIAL/py_env/lib/python3.11/site-packages/airflow/example_dags/example_xcomargs.py took 0.299 seconds
[2023-12-18T22:41:24.198+0100] {processor.py:157} INFO - Started process (PID=26912) to work on /Users/user/Desktop/Learning/AIRFLOW-TUTORIAL/py_env/lib/python3.11/site-packages/airflow/example_dags/example_xcomargs.py
[2023-12-18T22:41:24.209+0100] {processor.py:829} INFO - Processing file /Users/user/Desktop/Learning/AIRFLOW-TUTORIAL/py_env/lib/python3.11/site-packages/airflow/example_dags/example_xcomargs.py for tasks to queue
[2023-12-18T22:41:24.210+0100] {logging_mixin.py:154} INFO - [2023-12-18T22:41:24.210+0100] {dagbag.py:536} INFO - Filling up the DagBag from /Users/user/Desktop/Learning/AIRFLOW-TUTORIAL/py_env/lib/python3.11/site-packages/airflow/example_dags/example_xcomargs.py
[2023-12-18T22:41:24.291+0100] {processor.py:839} INFO - DAG(s) dict_keys(['example_xcom_args_with_operators', 'example_xcom_args']) retrieved from /Users/user/Desktop/Learning/AIRFLOW-TUTORIAL/py_env/lib/python3.11/site-packages/airflow/example_dags/example_xcomargs.py
[2023-12-18T22:41:24.504+0100] {logging_mixin.py:154} INFO - [2023-12-18T22:41:24.504+0100] {dag.py:2941} INFO - Sync 2 DAGs
[2023-12-18T22:41:24.513+0100] {logging_mixin.py:154} INFO - [2023-12-18T22:41:24.513+0100] {dag.py:3722} INFO - Setting next_dagrun for example_xcom_args to None, run_after=None
[2023-12-18T22:41:24.516+0100] {logging_mixin.py:154} INFO - [2023-12-18T22:41:24.516+0100] {dag.py:3722} INFO - Setting next_dagrun for example_xcom_args_with_operators to None, run_after=None
[2023-12-18T22:41:24.533+0100] {processor.py:179} INFO - Processing /Users/user/Desktop/Learning/AIRFLOW-TUTORIAL/py_env/lib/python3.11/site-packages/airflow/example_dags/example_xcomargs.py took 0.336 seconds
[2023-12-18T22:42:53.503+0100] {processor.py:157} INFO - Started process (PID=27652) to work on /Users/user/Desktop/Learning/AIRFLOW-TUTORIAL/py_env/lib/python3.11/site-packages/airflow/example_dags/example_xcomargs.py
[2023-12-18T22:42:53.509+0100] {processor.py:829} INFO - Processing file /Users/user/Desktop/Learning/AIRFLOW-TUTORIAL/py_env/lib/python3.11/site-packages/airflow/example_dags/example_xcomargs.py for tasks to queue
[2023-12-18T22:42:53.509+0100] {logging_mixin.py:154} INFO - [2023-12-18T22:42:53.509+0100] {dagbag.py:536} INFO - Filling up the DagBag from /Users/user/Desktop/Learning/AIRFLOW-TUTORIAL/py_env/lib/python3.11/site-packages/airflow/example_dags/example_xcomargs.py
[2023-12-18T22:42:53.585+0100] {processor.py:839} INFO - DAG(s) dict_keys(['example_xcom_args', 'example_xcom_args_with_operators']) retrieved from /Users/user/Desktop/Learning/AIRFLOW-TUTORIAL/py_env/lib/python3.11/site-packages/airflow/example_dags/example_xcomargs.py
[2023-12-18T22:42:53.834+0100] {logging_mixin.py:154} INFO - [2023-12-18T22:42:53.833+0100] {dag.py:2941} INFO - Sync 2 DAGs
[2023-12-18T22:42:53.845+0100] {logging_mixin.py:154} INFO - [2023-12-18T22:42:53.845+0100] {dag.py:3722} INFO - Setting next_dagrun for example_xcom_args to None, run_after=None
[2023-12-18T22:42:53.849+0100] {logging_mixin.py:154} INFO - [2023-12-18T22:42:53.849+0100] {dag.py:3722} INFO - Setting next_dagrun for example_xcom_args_with_operators to None, run_after=None
[2023-12-18T22:42:53.872+0100] {processor.py:179} INFO - Processing /Users/user/Desktop/Learning/AIRFLOW-TUTORIAL/py_env/lib/python3.11/site-packages/airflow/example_dags/example_xcomargs.py took 0.370 seconds
[2023-12-18T22:44:30.026+0100] {processor.py:157} INFO - Started process (PID=28353) to work on /Users/user/Desktop/Learning/AIRFLOW-TUTORIAL/py_env/lib/python3.11/site-packages/airflow/example_dags/example_xcomargs.py
[2023-12-18T22:44:30.032+0100] {processor.py:829} INFO - Processing file /Users/user/Desktop/Learning/AIRFLOW-TUTORIAL/py_env/lib/python3.11/site-packages/airflow/example_dags/example_xcomargs.py for tasks to queue
[2023-12-18T22:44:30.032+0100] {logging_mixin.py:154} INFO - [2023-12-18T22:44:30.032+0100] {dagbag.py:536} INFO - Filling up the DagBag from /Users/user/Desktop/Learning/AIRFLOW-TUTORIAL/py_env/lib/python3.11/site-packages/airflow/example_dags/example_xcomargs.py
[2023-12-18T22:44:30.105+0100] {processor.py:839} INFO - DAG(s) dict_keys(['example_xcom_args', 'example_xcom_args_with_operators']) retrieved from /Users/user/Desktop/Learning/AIRFLOW-TUTORIAL/py_env/lib/python3.11/site-packages/airflow/example_dags/example_xcomargs.py
[2023-12-18T22:44:30.326+0100] {logging_mixin.py:154} INFO - [2023-12-18T22:44:30.326+0100] {dag.py:2941} INFO - Sync 2 DAGs
[2023-12-18T22:44:30.338+0100] {logging_mixin.py:154} INFO - [2023-12-18T22:44:30.338+0100] {dag.py:3722} INFO - Setting next_dagrun for example_xcom_args to None, run_after=None
[2023-12-18T22:44:30.343+0100] {logging_mixin.py:154} INFO - [2023-12-18T22:44:30.342+0100] {dag.py:3722} INFO - Setting next_dagrun for example_xcom_args_with_operators to None, run_after=None
[2023-12-18T22:44:30.361+0100] {processor.py:179} INFO - Processing /Users/user/Desktop/Learning/AIRFLOW-TUTORIAL/py_env/lib/python3.11/site-packages/airflow/example_dags/example_xcomargs.py took 0.336 seconds
[2023-12-18T22:46:06.471+0100] {processor.py:157} INFO - Started process (PID=29085) to work on /Users/user/Desktop/Learning/AIRFLOW-TUTORIAL/py_env/lib/python3.11/site-packages/airflow/example_dags/example_xcomargs.py
[2023-12-18T22:46:06.476+0100] {processor.py:829} INFO - Processing file /Users/user/Desktop/Learning/AIRFLOW-TUTORIAL/py_env/lib/python3.11/site-packages/airflow/example_dags/example_xcomargs.py for tasks to queue
[2023-12-18T22:46:06.476+0100] {logging_mixin.py:154} INFO - [2023-12-18T22:46:06.476+0100] {dagbag.py:536} INFO - Filling up the DagBag from /Users/user/Desktop/Learning/AIRFLOW-TUTORIAL/py_env/lib/python3.11/site-packages/airflow/example_dags/example_xcomargs.py
[2023-12-18T22:46:06.540+0100] {processor.py:839} INFO - DAG(s) dict_keys(['example_xcom_args', 'example_xcom_args_with_operators']) retrieved from /Users/user/Desktop/Learning/AIRFLOW-TUTORIAL/py_env/lib/python3.11/site-packages/airflow/example_dags/example_xcomargs.py
[2023-12-18T22:46:06.759+0100] {logging_mixin.py:154} INFO - [2023-12-18T22:46:06.759+0100] {dag.py:2941} INFO - Sync 2 DAGs
[2023-12-18T22:46:06.771+0100] {logging_mixin.py:154} INFO - [2023-12-18T22:46:06.771+0100] {dag.py:3722} INFO - Setting next_dagrun for example_xcom_args to None, run_after=None
[2023-12-18T22:46:06.774+0100] {logging_mixin.py:154} INFO - [2023-12-18T22:46:06.774+0100] {dag.py:3722} INFO - Setting next_dagrun for example_xcom_args_with_operators to None, run_after=None
[2023-12-18T22:46:06.795+0100] {processor.py:179} INFO - Processing /Users/user/Desktop/Learning/AIRFLOW-TUTORIAL/py_env/lib/python3.11/site-packages/airflow/example_dags/example_xcomargs.py took 0.325 seconds
[2023-12-18T22:47:49.846+0100] {processor.py:157} INFO - Started process (PID=29908) to work on /Users/user/Desktop/Learning/AIRFLOW-TUTORIAL/py_env/lib/python3.11/site-packages/airflow/example_dags/example_xcomargs.py
[2023-12-18T22:47:49.850+0100] {processor.py:829} INFO - Processing file /Users/user/Desktop/Learning/AIRFLOW-TUTORIAL/py_env/lib/python3.11/site-packages/airflow/example_dags/example_xcomargs.py for tasks to queue
[2023-12-18T22:47:49.850+0100] {logging_mixin.py:154} INFO - [2023-12-18T22:47:49.850+0100] {dagbag.py:536} INFO - Filling up the DagBag from /Users/user/Desktop/Learning/AIRFLOW-TUTORIAL/py_env/lib/python3.11/site-packages/airflow/example_dags/example_xcomargs.py
[2023-12-18T22:47:49.910+0100] {processor.py:839} INFO - DAG(s) dict_keys(['example_xcom_args', 'example_xcom_args_with_operators']) retrieved from /Users/user/Desktop/Learning/AIRFLOW-TUTORIAL/py_env/lib/python3.11/site-packages/airflow/example_dags/example_xcomargs.py
[2023-12-18T22:47:50.093+0100] {logging_mixin.py:154} INFO - [2023-12-18T22:47:50.093+0100] {dag.py:2941} INFO - Sync 2 DAGs
[2023-12-18T22:47:50.102+0100] {logging_mixin.py:154} INFO - [2023-12-18T22:47:50.102+0100] {dag.py:3722} INFO - Setting next_dagrun for example_xcom_args to None, run_after=None
[2023-12-18T22:47:50.105+0100] {logging_mixin.py:154} INFO - [2023-12-18T22:47:50.105+0100] {dag.py:3722} INFO - Setting next_dagrun for example_xcom_args_with_operators to None, run_after=None
[2023-12-18T22:47:50.124+0100] {processor.py:179} INFO - Processing /Users/user/Desktop/Learning/AIRFLOW-TUTORIAL/py_env/lib/python3.11/site-packages/airflow/example_dags/example_xcomargs.py took 0.279 seconds
[2023-12-18T22:49:27.442+0100] {processor.py:157} INFO - Started process (PID=30797) to work on /Users/user/Desktop/Learning/AIRFLOW-TUTORIAL/py_env/lib/python3.11/site-packages/airflow/example_dags/example_xcomargs.py
[2023-12-18T22:49:27.446+0100] {processor.py:829} INFO - Processing file /Users/user/Desktop/Learning/AIRFLOW-TUTORIAL/py_env/lib/python3.11/site-packages/airflow/example_dags/example_xcomargs.py for tasks to queue
[2023-12-18T22:49:27.447+0100] {logging_mixin.py:154} INFO - [2023-12-18T22:49:27.447+0100] {dagbag.py:536} INFO - Filling up the DagBag from /Users/user/Desktop/Learning/AIRFLOW-TUTORIAL/py_env/lib/python3.11/site-packages/airflow/example_dags/example_xcomargs.py
[2023-12-18T22:49:27.507+0100] {processor.py:839} INFO - DAG(s) dict_keys(['example_xcom_args_with_operators', 'example_xcom_args']) retrieved from /Users/user/Desktop/Learning/AIRFLOW-TUTORIAL/py_env/lib/python3.11/site-packages/airflow/example_dags/example_xcomargs.py
[2023-12-18T22:49:27.680+0100] {logging_mixin.py:154} INFO - [2023-12-18T22:49:27.679+0100] {dag.py:2941} INFO - Sync 2 DAGs
[2023-12-18T22:49:27.690+0100] {logging_mixin.py:154} INFO - [2023-12-18T22:49:27.690+0100] {dag.py:3722} INFO - Setting next_dagrun for example_xcom_args to None, run_after=None
[2023-12-18T22:49:27.693+0100] {logging_mixin.py:154} INFO - [2023-12-18T22:49:27.693+0100] {dag.py:3722} INFO - Setting next_dagrun for example_xcom_args_with_operators to None, run_after=None
[2023-12-18T22:49:27.712+0100] {processor.py:179} INFO - Processing /Users/user/Desktop/Learning/AIRFLOW-TUTORIAL/py_env/lib/python3.11/site-packages/airflow/example_dags/example_xcomargs.py took 0.270 seconds
[2023-12-18T22:51:08.727+0100] {processor.py:157} INFO - Started process (PID=31493) to work on /Users/user/Desktop/Learning/AIRFLOW-TUTORIAL/py_env/lib/python3.11/site-packages/airflow/example_dags/example_xcomargs.py
[2023-12-18T22:51:08.731+0100] {processor.py:829} INFO - Processing file /Users/user/Desktop/Learning/AIRFLOW-TUTORIAL/py_env/lib/python3.11/site-packages/airflow/example_dags/example_xcomargs.py for tasks to queue
[2023-12-18T22:51:08.732+0100] {logging_mixin.py:154} INFO - [2023-12-18T22:51:08.732+0100] {dagbag.py:536} INFO - Filling up the DagBag from /Users/user/Desktop/Learning/AIRFLOW-TUTORIAL/py_env/lib/python3.11/site-packages/airflow/example_dags/example_xcomargs.py
[2023-12-18T22:51:08.795+0100] {processor.py:839} INFO - DAG(s) dict_keys(['example_xcom_args', 'example_xcom_args_with_operators']) retrieved from /Users/user/Desktop/Learning/AIRFLOW-TUTORIAL/py_env/lib/python3.11/site-packages/airflow/example_dags/example_xcomargs.py
[2023-12-18T22:51:08.971+0100] {logging_mixin.py:154} INFO - [2023-12-18T22:51:08.971+0100] {dag.py:2941} INFO - Sync 2 DAGs
[2023-12-18T22:51:08.981+0100] {logging_mixin.py:154} INFO - [2023-12-18T22:51:08.981+0100] {dag.py:3722} INFO - Setting next_dagrun for example_xcom_args to None, run_after=None
[2023-12-18T22:51:08.984+0100] {logging_mixin.py:154} INFO - [2023-12-18T22:51:08.984+0100] {dag.py:3722} INFO - Setting next_dagrun for example_xcom_args_with_operators to None, run_after=None
[2023-12-18T22:51:09.001+0100] {processor.py:179} INFO - Processing /Users/user/Desktop/Learning/AIRFLOW-TUTORIAL/py_env/lib/python3.11/site-packages/airflow/example_dags/example_xcomargs.py took 0.275 seconds
[2023-12-18T22:52:57.443+0100] {processor.py:157} INFO - Started process (PID=32529) to work on /Users/user/Desktop/Learning/AIRFLOW-TUTORIAL/py_env/lib/python3.11/site-packages/airflow/example_dags/example_xcomargs.py
[2023-12-18T22:52:57.448+0100] {processor.py:829} INFO - Processing file /Users/user/Desktop/Learning/AIRFLOW-TUTORIAL/py_env/lib/python3.11/site-packages/airflow/example_dags/example_xcomargs.py for tasks to queue
[2023-12-18T22:52:57.449+0100] {logging_mixin.py:154} INFO - [2023-12-18T22:52:57.449+0100] {dagbag.py:536} INFO - Filling up the DagBag from /Users/user/Desktop/Learning/AIRFLOW-TUTORIAL/py_env/lib/python3.11/site-packages/airflow/example_dags/example_xcomargs.py
[2023-12-18T22:52:57.531+0100] {processor.py:839} INFO - DAG(s) dict_keys(['example_xcom_args_with_operators', 'example_xcom_args']) retrieved from /Users/user/Desktop/Learning/AIRFLOW-TUTORIAL/py_env/lib/python3.11/site-packages/airflow/example_dags/example_xcomargs.py
[2023-12-18T22:52:57.905+0100] {logging_mixin.py:154} INFO - [2023-12-18T22:52:57.905+0100] {dag.py:2941} INFO - Sync 2 DAGs
[2023-12-18T22:52:57.922+0100] {logging_mixin.py:154} INFO - [2023-12-18T22:52:57.922+0100] {dag.py:3722} INFO - Setting next_dagrun for example_xcom_args to None, run_after=None
[2023-12-18T22:52:57.927+0100] {logging_mixin.py:154} INFO - [2023-12-18T22:52:57.927+0100] {dag.py:3722} INFO - Setting next_dagrun for example_xcom_args_with_operators to None, run_after=None
[2023-12-18T22:52:57.951+0100] {processor.py:179} INFO - Processing /Users/user/Desktop/Learning/AIRFLOW-TUTORIAL/py_env/lib/python3.11/site-packages/airflow/example_dags/example_xcomargs.py took 0.508 seconds
[2023-12-18T22:54:49.234+0100] {processor.py:157} INFO - Started process (PID=33360) to work on /Users/user/Desktop/Learning/AIRFLOW-TUTORIAL/py_env/lib/python3.11/site-packages/airflow/example_dags/example_xcomargs.py
[2023-12-18T22:54:49.239+0100] {processor.py:829} INFO - Processing file /Users/user/Desktop/Learning/AIRFLOW-TUTORIAL/py_env/lib/python3.11/site-packages/airflow/example_dags/example_xcomargs.py for tasks to queue
[2023-12-18T22:54:49.240+0100] {logging_mixin.py:154} INFO - [2023-12-18T22:54:49.239+0100] {dagbag.py:536} INFO - Filling up the DagBag from /Users/user/Desktop/Learning/AIRFLOW-TUTORIAL/py_env/lib/python3.11/site-packages/airflow/example_dags/example_xcomargs.py
[2023-12-18T22:54:49.316+0100] {processor.py:839} INFO - DAG(s) dict_keys(['example_xcom_args_with_operators', 'example_xcom_args']) retrieved from /Users/user/Desktop/Learning/AIRFLOW-TUTORIAL/py_env/lib/python3.11/site-packages/airflow/example_dags/example_xcomargs.py
[2023-12-18T22:54:49.530+0100] {logging_mixin.py:154} INFO - [2023-12-18T22:54:49.529+0100] {dag.py:2941} INFO - Sync 2 DAGs
[2023-12-18T22:54:49.540+0100] {logging_mixin.py:154} INFO - [2023-12-18T22:54:49.540+0100] {dag.py:3722} INFO - Setting next_dagrun for example_xcom_args to None, run_after=None
[2023-12-18T22:54:49.544+0100] {logging_mixin.py:154} INFO - [2023-12-18T22:54:49.543+0100] {dag.py:3722} INFO - Setting next_dagrun for example_xcom_args_with_operators to None, run_after=None
[2023-12-18T22:54:49.565+0100] {processor.py:179} INFO - Processing /Users/user/Desktop/Learning/AIRFLOW-TUTORIAL/py_env/lib/python3.11/site-packages/airflow/example_dags/example_xcomargs.py took 0.332 seconds
[2023-12-18T22:56:35.675+0100] {processor.py:157} INFO - Started process (PID=34175) to work on /Users/user/Desktop/Learning/AIRFLOW-TUTORIAL/py_env/lib/python3.11/site-packages/airflow/example_dags/example_xcomargs.py
[2023-12-18T22:56:35.679+0100] {processor.py:829} INFO - Processing file /Users/user/Desktop/Learning/AIRFLOW-TUTORIAL/py_env/lib/python3.11/site-packages/airflow/example_dags/example_xcomargs.py for tasks to queue
[2023-12-18T22:56:35.680+0100] {logging_mixin.py:154} INFO - [2023-12-18T22:56:35.680+0100] {dagbag.py:536} INFO - Filling up the DagBag from /Users/user/Desktop/Learning/AIRFLOW-TUTORIAL/py_env/lib/python3.11/site-packages/airflow/example_dags/example_xcomargs.py
[2023-12-18T22:56:35.737+0100] {processor.py:839} INFO - DAG(s) dict_keys(['example_xcom_args', 'example_xcom_args_with_operators']) retrieved from /Users/user/Desktop/Learning/AIRFLOW-TUTORIAL/py_env/lib/python3.11/site-packages/airflow/example_dags/example_xcomargs.py
[2023-12-18T22:56:35.900+0100] {logging_mixin.py:154} INFO - [2023-12-18T22:56:35.900+0100] {dag.py:2941} INFO - Sync 2 DAGs
[2023-12-18T22:56:35.909+0100] {logging_mixin.py:154} INFO - [2023-12-18T22:56:35.909+0100] {dag.py:3722} INFO - Setting next_dagrun for example_xcom_args to None, run_after=None
[2023-12-18T22:56:35.912+0100] {logging_mixin.py:154} INFO - [2023-12-18T22:56:35.912+0100] {dag.py:3722} INFO - Setting next_dagrun for example_xcom_args_with_operators to None, run_after=None
[2023-12-18T22:56:35.928+0100] {processor.py:179} INFO - Processing /Users/user/Desktop/Learning/AIRFLOW-TUTORIAL/py_env/lib/python3.11/site-packages/airflow/example_dags/example_xcomargs.py took 0.254 seconds
[2023-12-18T22:58:18.193+0100] {processor.py:157} INFO - Started process (PID=34909) to work on /Users/user/Desktop/Learning/AIRFLOW-TUTORIAL/py_env/lib/python3.11/site-packages/airflow/example_dags/example_xcomargs.py
[2023-12-18T22:58:18.200+0100] {processor.py:829} INFO - Processing file /Users/user/Desktop/Learning/AIRFLOW-TUTORIAL/py_env/lib/python3.11/site-packages/airflow/example_dags/example_xcomargs.py for tasks to queue
[2023-12-18T22:58:18.201+0100] {logging_mixin.py:154} INFO - [2023-12-18T22:58:18.201+0100] {dagbag.py:536} INFO - Filling up the DagBag from /Users/user/Desktop/Learning/AIRFLOW-TUTORIAL/py_env/lib/python3.11/site-packages/airflow/example_dags/example_xcomargs.py
[2023-12-18T22:58:18.293+0100] {processor.py:839} INFO - DAG(s) dict_keys(['example_xcom_args_with_operators', 'example_xcom_args']) retrieved from /Users/user/Desktop/Learning/AIRFLOW-TUTORIAL/py_env/lib/python3.11/site-packages/airflow/example_dags/example_xcomargs.py
[2023-12-18T22:58:18.547+0100] {logging_mixin.py:154} INFO - [2023-12-18T22:58:18.547+0100] {dag.py:2941} INFO - Sync 2 DAGs
[2023-12-18T22:58:18.557+0100] {logging_mixin.py:154} INFO - [2023-12-18T22:58:18.557+0100] {dag.py:3722} INFO - Setting next_dagrun for example_xcom_args to None, run_after=None
[2023-12-18T22:58:18.561+0100] {logging_mixin.py:154} INFO - [2023-12-18T22:58:18.560+0100] {dag.py:3722} INFO - Setting next_dagrun for example_xcom_args_with_operators to None, run_after=None
[2023-12-18T22:58:18.579+0100] {processor.py:179} INFO - Processing /Users/user/Desktop/Learning/AIRFLOW-TUTORIAL/py_env/lib/python3.11/site-packages/airflow/example_dags/example_xcomargs.py took 0.387 seconds
[2023-12-18T23:00:03.092+0100] {processor.py:157} INFO - Started process (PID=35669) to work on /Users/user/Desktop/Learning/AIRFLOW-TUTORIAL/py_env/lib/python3.11/site-packages/airflow/example_dags/example_xcomargs.py
[2023-12-18T23:00:03.099+0100] {processor.py:829} INFO - Processing file /Users/user/Desktop/Learning/AIRFLOW-TUTORIAL/py_env/lib/python3.11/site-packages/airflow/example_dags/example_xcomargs.py for tasks to queue
[2023-12-18T23:00:03.104+0100] {logging_mixin.py:154} INFO - [2023-12-18T23:00:03.104+0100] {dagbag.py:536} INFO - Filling up the DagBag from /Users/user/Desktop/Learning/AIRFLOW-TUTORIAL/py_env/lib/python3.11/site-packages/airflow/example_dags/example_xcomargs.py
[2023-12-18T23:00:03.189+0100] {processor.py:839} INFO - DAG(s) dict_keys(['example_xcom_args_with_operators', 'example_xcom_args']) retrieved from /Users/user/Desktop/Learning/AIRFLOW-TUTORIAL/py_env/lib/python3.11/site-packages/airflow/example_dags/example_xcomargs.py
[2023-12-18T23:00:03.457+0100] {logging_mixin.py:154} INFO - [2023-12-18T23:00:03.456+0100] {dag.py:2941} INFO - Sync 2 DAGs
[2023-12-18T23:00:03.498+0100] {logging_mixin.py:154} INFO - [2023-12-18T23:00:03.498+0100] {dag.py:3722} INFO - Setting next_dagrun for example_xcom_args to None, run_after=None
[2023-12-18T23:00:03.538+0100] {logging_mixin.py:154} INFO - [2023-12-18T23:00:03.538+0100] {dag.py:3722} INFO - Setting next_dagrun for example_xcom_args_with_operators to None, run_after=None
[2023-12-18T23:00:03.596+0100] {processor.py:179} INFO - Processing /Users/user/Desktop/Learning/AIRFLOW-TUTORIAL/py_env/lib/python3.11/site-packages/airflow/example_dags/example_xcomargs.py took 0.506 seconds
[2023-12-18T23:01:43.101+0100] {processor.py:157} INFO - Started process (PID=36320) to work on /Users/user/Desktop/Learning/AIRFLOW-TUTORIAL/py_env/lib/python3.11/site-packages/airflow/example_dags/example_xcomargs.py
[2023-12-18T23:01:43.105+0100] {processor.py:829} INFO - Processing file /Users/user/Desktop/Learning/AIRFLOW-TUTORIAL/py_env/lib/python3.11/site-packages/airflow/example_dags/example_xcomargs.py for tasks to queue
[2023-12-18T23:01:43.106+0100] {logging_mixin.py:154} INFO - [2023-12-18T23:01:43.106+0100] {dagbag.py:536} INFO - Filling up the DagBag from /Users/user/Desktop/Learning/AIRFLOW-TUTORIAL/py_env/lib/python3.11/site-packages/airflow/example_dags/example_xcomargs.py
[2023-12-18T23:01:43.169+0100] {processor.py:839} INFO - DAG(s) dict_keys(['example_xcom_args_with_operators', 'example_xcom_args']) retrieved from /Users/user/Desktop/Learning/AIRFLOW-TUTORIAL/py_env/lib/python3.11/site-packages/airflow/example_dags/example_xcomargs.py
[2023-12-18T23:01:43.329+0100] {logging_mixin.py:154} INFO - [2023-12-18T23:01:43.329+0100] {dag.py:2941} INFO - Sync 2 DAGs
[2023-12-18T23:01:43.339+0100] {logging_mixin.py:154} INFO - [2023-12-18T23:01:43.339+0100] {dag.py:3722} INFO - Setting next_dagrun for example_xcom_args to None, run_after=None
[2023-12-18T23:01:43.342+0100] {logging_mixin.py:154} INFO - [2023-12-18T23:01:43.342+0100] {dag.py:3722} INFO - Setting next_dagrun for example_xcom_args_with_operators to None, run_after=None
[2023-12-18T23:01:43.358+0100] {processor.py:179} INFO - Processing /Users/user/Desktop/Learning/AIRFLOW-TUTORIAL/py_env/lib/python3.11/site-packages/airflow/example_dags/example_xcomargs.py took 0.257 seconds
[2023-12-18T23:03:34.189+0100] {processor.py:157} INFO - Started process (PID=37088) to work on /Users/user/Desktop/Learning/AIRFLOW-TUTORIAL/py_env/lib/python3.11/site-packages/airflow/example_dags/example_xcomargs.py
[2023-12-18T23:03:34.194+0100] {processor.py:829} INFO - Processing file /Users/user/Desktop/Learning/AIRFLOW-TUTORIAL/py_env/lib/python3.11/site-packages/airflow/example_dags/example_xcomargs.py for tasks to queue
[2023-12-18T23:03:34.194+0100] {logging_mixin.py:154} INFO - [2023-12-18T23:03:34.194+0100] {dagbag.py:536} INFO - Filling up the DagBag from /Users/user/Desktop/Learning/AIRFLOW-TUTORIAL/py_env/lib/python3.11/site-packages/airflow/example_dags/example_xcomargs.py
[2023-12-18T23:03:34.271+0100] {processor.py:839} INFO - DAG(s) dict_keys(['example_xcom_args_with_operators', 'example_xcom_args']) retrieved from /Users/user/Desktop/Learning/AIRFLOW-TUTORIAL/py_env/lib/python3.11/site-packages/airflow/example_dags/example_xcomargs.py
[2023-12-18T23:03:34.469+0100] {logging_mixin.py:154} INFO - [2023-12-18T23:03:34.469+0100] {dag.py:2941} INFO - Sync 2 DAGs
[2023-12-18T23:03:34.479+0100] {logging_mixin.py:154} INFO - [2023-12-18T23:03:34.479+0100] {dag.py:3722} INFO - Setting next_dagrun for example_xcom_args to None, run_after=None
[2023-12-18T23:03:34.482+0100] {logging_mixin.py:154} INFO - [2023-12-18T23:03:34.482+0100] {dag.py:3722} INFO - Setting next_dagrun for example_xcom_args_with_operators to None, run_after=None
[2023-12-18T23:03:34.503+0100] {processor.py:179} INFO - Processing /Users/user/Desktop/Learning/AIRFLOW-TUTORIAL/py_env/lib/python3.11/site-packages/airflow/example_dags/example_xcomargs.py took 0.314 seconds
[2023-12-18T23:04:34.390+0100] {processor.py:157} INFO - Started process (PID=37349) to work on /Users/user/Desktop/Learning/AIRFLOW-TUTORIAL/py_env/lib/python3.11/site-packages/airflow/example_dags/example_xcomargs.py
[2023-12-18T23:04:34.394+0100] {processor.py:829} INFO - Processing file /Users/user/Desktop/Learning/AIRFLOW-TUTORIAL/py_env/lib/python3.11/site-packages/airflow/example_dags/example_xcomargs.py for tasks to queue
[2023-12-18T23:04:34.395+0100] {logging_mixin.py:154} INFO - [2023-12-18T23:04:34.395+0100] {dagbag.py:536} INFO - Filling up the DagBag from /Users/user/Desktop/Learning/AIRFLOW-TUTORIAL/py_env/lib/python3.11/site-packages/airflow/example_dags/example_xcomargs.py
[2023-12-18T23:04:34.492+0100] {processor.py:839} INFO - DAG(s) dict_keys(['example_xcom_args', 'example_xcom_args_with_operators']) retrieved from /Users/user/Desktop/Learning/AIRFLOW-TUTORIAL/py_env/lib/python3.11/site-packages/airflow/example_dags/example_xcomargs.py
[2023-12-18T23:04:34.737+0100] {logging_mixin.py:154} INFO - [2023-12-18T23:04:34.737+0100] {dag.py:2941} INFO - Sync 2 DAGs
[2023-12-18T23:04:34.751+0100] {logging_mixin.py:154} INFO - [2023-12-18T23:04:34.751+0100] {dag.py:3722} INFO - Setting next_dagrun for example_xcom_args to None, run_after=None
[2023-12-18T23:04:34.754+0100] {logging_mixin.py:154} INFO - [2023-12-18T23:04:34.754+0100] {dag.py:3722} INFO - Setting next_dagrun for example_xcom_args_with_operators to None, run_after=None
[2023-12-18T23:04:34.774+0100] {processor.py:179} INFO - Processing /Users/user/Desktop/Learning/AIRFLOW-TUTORIAL/py_env/lib/python3.11/site-packages/airflow/example_dags/example_xcomargs.py took 0.385 seconds
[2023-12-18T23:07:02.652+0100] {processor.py:157} INFO - Started process (PID=38307) to work on /Users/user/Desktop/Learning/AIRFLOW-TUTORIAL/py_env/lib/python3.11/site-packages/airflow/example_dags/example_xcomargs.py
[2023-12-18T23:07:02.657+0100] {processor.py:829} INFO - Processing file /Users/user/Desktop/Learning/AIRFLOW-TUTORIAL/py_env/lib/python3.11/site-packages/airflow/example_dags/example_xcomargs.py for tasks to queue
[2023-12-18T23:07:02.658+0100] {logging_mixin.py:154} INFO - [2023-12-18T23:07:02.658+0100] {dagbag.py:536} INFO - Filling up the DagBag from /Users/user/Desktop/Learning/AIRFLOW-TUTORIAL/py_env/lib/python3.11/site-packages/airflow/example_dags/example_xcomargs.py
[2023-12-18T23:07:02.733+0100] {processor.py:839} INFO - DAG(s) dict_keys(['example_xcom_args_with_operators', 'example_xcom_args']) retrieved from /Users/user/Desktop/Learning/AIRFLOW-TUTORIAL/py_env/lib/python3.11/site-packages/airflow/example_dags/example_xcomargs.py
[2023-12-18T23:07:02.961+0100] {logging_mixin.py:154} INFO - [2023-12-18T23:07:02.961+0100] {dag.py:2941} INFO - Sync 2 DAGs
[2023-12-18T23:07:02.972+0100] {logging_mixin.py:154} INFO - [2023-12-18T23:07:02.972+0100] {dag.py:3722} INFO - Setting next_dagrun for example_xcom_args to None, run_after=None
[2023-12-18T23:07:02.976+0100] {logging_mixin.py:154} INFO - [2023-12-18T23:07:02.976+0100] {dag.py:3722} INFO - Setting next_dagrun for example_xcom_args_with_operators to None, run_after=None
[2023-12-18T23:07:02.999+0100] {processor.py:179} INFO - Processing /Users/user/Desktop/Learning/AIRFLOW-TUTORIAL/py_env/lib/python3.11/site-packages/airflow/example_dags/example_xcomargs.py took 0.348 seconds
