[2023-12-18T22:38:05.501+0100] {processor.py:157} INFO - Started process (PID=25099) to work on /Users/user/Desktop/Learning/AIRFLOW-TUTORIAL/py_env/lib/python3.11/site-packages/airflow/example_dags/example_setup_teardown_taskflow.py
[2023-12-18T22:38:05.512+0100] {processor.py:829} INFO - Processing file /Users/user/Desktop/Learning/AIRFLOW-TUTORIAL/py_env/lib/python3.11/site-packages/airflow/example_dags/example_setup_teardown_taskflow.py for tasks to queue
[2023-12-18T22:38:05.513+0100] {logging_mixin.py:154} INFO - [2023-12-18T22:38:05.513+0100] {dagbag.py:536} INFO - Filling up the DagBag from /Users/user/Desktop/Learning/AIRFLOW-TUTORIAL/py_env/lib/python3.11/site-packages/airflow/example_dags/example_setup_teardown_taskflow.py
[2023-12-18T22:38:05.611+0100] {processor.py:839} INFO - DAG(s) dict_keys(['example_setup_teardown_taskflow']) retrieved from /Users/user/Desktop/Learning/AIRFLOW-TUTORIAL/py_env/lib/python3.11/site-packages/airflow/example_dags/example_setup_teardown_taskflow.py
[2023-12-18T22:38:06.803+0100] {logging_mixin.py:154} INFO - [2023-12-18T22:38:06.802+0100] {manager.py:499} INFO - Created Permission View: %s
[2023-12-18T22:38:06.844+0100] {logging_mixin.py:154} INFO - [2023-12-18T22:38:06.843+0100] {manager.py:499} INFO - Created Permission View: %s
[2023-12-18T22:38:06.856+0100] {logging_mixin.py:154} INFO - [2023-12-18T22:38:06.855+0100] {manager.py:499} INFO - Created Permission View: %s
[2023-12-18T22:38:06.857+0100] {logging_mixin.py:154} INFO - [2023-12-18T22:38:06.856+0100] {dag.py:2941} INFO - Sync 1 DAGs
[2023-12-18T22:38:06.875+0100] {logging_mixin.py:154} INFO - [2023-12-18T22:38:06.874+0100] {dag.py:2963} INFO - Creating ORM DAG for example_setup_teardown_taskflow
[2023-12-18T22:38:06.922+0100] {logging_mixin.py:154} INFO - [2023-12-18T22:38:06.922+0100] {dag.py:3722} INFO - Setting next_dagrun for example_setup_teardown_taskflow to 2023-12-17T21:38:06.922023+00:00, run_after=2023-12-18T21:38:06.922023+00:00
[2023-12-18T22:38:06.958+0100] {processor.py:179} INFO - Processing /Users/user/Desktop/Learning/AIRFLOW-TUTORIAL/py_env/lib/python3.11/site-packages/airflow/example_dags/example_setup_teardown_taskflow.py took 1.459 seconds
[2023-12-18T22:40:26.685+0100] {processor.py:157} INFO - Started process (PID=26398) to work on /Users/user/Desktop/Learning/AIRFLOW-TUTORIAL/py_env/lib/python3.11/site-packages/airflow/example_dags/example_setup_teardown_taskflow.py
[2023-12-18T22:40:26.689+0100] {processor.py:829} INFO - Processing file /Users/user/Desktop/Learning/AIRFLOW-TUTORIAL/py_env/lib/python3.11/site-packages/airflow/example_dags/example_setup_teardown_taskflow.py for tasks to queue
[2023-12-18T22:40:26.689+0100] {logging_mixin.py:154} INFO - [2023-12-18T22:40:26.689+0100] {dagbag.py:536} INFO - Filling up the DagBag from /Users/user/Desktop/Learning/AIRFLOW-TUTORIAL/py_env/lib/python3.11/site-packages/airflow/example_dags/example_setup_teardown_taskflow.py
[2023-12-18T22:40:26.750+0100] {processor.py:839} INFO - DAG(s) dict_keys(['example_setup_teardown_taskflow']) retrieved from /Users/user/Desktop/Learning/AIRFLOW-TUTORIAL/py_env/lib/python3.11/site-packages/airflow/example_dags/example_setup_teardown_taskflow.py
[2023-12-18T22:40:26.928+0100] {logging_mixin.py:154} INFO - [2023-12-18T22:40:26.928+0100] {dag.py:2941} INFO - Sync 1 DAGs
[2023-12-18T22:40:26.944+0100] {logging_mixin.py:154} INFO - [2023-12-18T22:40:26.944+0100] {dag.py:3722} INFO - Setting next_dagrun for example_setup_teardown_taskflow to 2023-12-17T21:40:26.944020+00:00, run_after=2023-12-18T21:40:26.944020+00:00
[2023-12-18T22:40:26.964+0100] {processor.py:179} INFO - Processing /Users/user/Desktop/Learning/AIRFLOW-TUTORIAL/py_env/lib/python3.11/site-packages/airflow/example_dags/example_setup_teardown_taskflow.py took 0.280 seconds
[2023-12-18T22:41:58.252+0100] {processor.py:157} INFO - Started process (PID=27142) to work on /Users/user/Desktop/Learning/AIRFLOW-TUTORIAL/py_env/lib/python3.11/site-packages/airflow/example_dags/example_setup_teardown_taskflow.py
[2023-12-18T22:41:58.256+0100] {processor.py:829} INFO - Processing file /Users/user/Desktop/Learning/AIRFLOW-TUTORIAL/py_env/lib/python3.11/site-packages/airflow/example_dags/example_setup_teardown_taskflow.py for tasks to queue
[2023-12-18T22:41:58.256+0100] {logging_mixin.py:154} INFO - [2023-12-18T22:41:58.256+0100] {dagbag.py:536} INFO - Filling up the DagBag from /Users/user/Desktop/Learning/AIRFLOW-TUTORIAL/py_env/lib/python3.11/site-packages/airflow/example_dags/example_setup_teardown_taskflow.py
[2023-12-18T22:41:58.324+0100] {processor.py:839} INFO - DAG(s) dict_keys(['example_setup_teardown_taskflow']) retrieved from /Users/user/Desktop/Learning/AIRFLOW-TUTORIAL/py_env/lib/python3.11/site-packages/airflow/example_dags/example_setup_teardown_taskflow.py
[2023-12-18T22:41:58.517+0100] {logging_mixin.py:154} INFO - [2023-12-18T22:41:58.517+0100] {dag.py:2941} INFO - Sync 1 DAGs
[2023-12-18T22:41:58.535+0100] {logging_mixin.py:154} INFO - [2023-12-18T22:41:58.535+0100] {dag.py:3722} INFO - Setting next_dagrun for example_setup_teardown_taskflow to 2023-12-17T21:41:58.534940+00:00, run_after=2023-12-18T21:41:58.534940+00:00
[2023-12-18T22:41:58.554+0100] {processor.py:179} INFO - Processing /Users/user/Desktop/Learning/AIRFLOW-TUTORIAL/py_env/lib/python3.11/site-packages/airflow/example_dags/example_setup_teardown_taskflow.py took 0.303 seconds
[2023-12-18T22:43:30.716+0100] {processor.py:157} INFO - Started process (PID=27765) to work on /Users/user/Desktop/Learning/AIRFLOW-TUTORIAL/py_env/lib/python3.11/site-packages/airflow/example_dags/example_setup_teardown_taskflow.py
[2023-12-18T22:43:30.723+0100] {processor.py:829} INFO - Processing file /Users/user/Desktop/Learning/AIRFLOW-TUTORIAL/py_env/lib/python3.11/site-packages/airflow/example_dags/example_setup_teardown_taskflow.py for tasks to queue
[2023-12-18T22:43:30.724+0100] {logging_mixin.py:154} INFO - [2023-12-18T22:43:30.723+0100] {dagbag.py:536} INFO - Filling up the DagBag from /Users/user/Desktop/Learning/AIRFLOW-TUTORIAL/py_env/lib/python3.11/site-packages/airflow/example_dags/example_setup_teardown_taskflow.py
[2023-12-18T22:43:30.819+0100] {processor.py:839} INFO - DAG(s) dict_keys(['example_setup_teardown_taskflow']) retrieved from /Users/user/Desktop/Learning/AIRFLOW-TUTORIAL/py_env/lib/python3.11/site-packages/airflow/example_dags/example_setup_teardown_taskflow.py
[2023-12-18T22:43:31.035+0100] {logging_mixin.py:154} INFO - [2023-12-18T22:43:31.035+0100] {dag.py:2941} INFO - Sync 1 DAGs
[2023-12-18T22:43:31.055+0100] {logging_mixin.py:154} INFO - [2023-12-18T22:43:31.054+0100] {dag.py:3722} INFO - Setting next_dagrun for example_setup_teardown_taskflow to 2023-12-17T21:43:31.054684+00:00, run_after=2023-12-18T21:43:31.054684+00:00
[2023-12-18T22:43:31.075+0100] {processor.py:179} INFO - Processing /Users/user/Desktop/Learning/AIRFLOW-TUTORIAL/py_env/lib/python3.11/site-packages/airflow/example_dags/example_setup_teardown_taskflow.py took 0.360 seconds
[2023-12-18T22:45:03.087+0100] {processor.py:157} INFO - Started process (PID=28668) to work on /Users/user/Desktop/Learning/AIRFLOW-TUTORIAL/py_env/lib/python3.11/site-packages/airflow/example_dags/example_setup_teardown_taskflow.py
[2023-12-18T22:45:03.092+0100] {processor.py:829} INFO - Processing file /Users/user/Desktop/Learning/AIRFLOW-TUTORIAL/py_env/lib/python3.11/site-packages/airflow/example_dags/example_setup_teardown_taskflow.py for tasks to queue
[2023-12-18T22:45:03.092+0100] {logging_mixin.py:154} INFO - [2023-12-18T22:45:03.092+0100] {dagbag.py:536} INFO - Filling up the DagBag from /Users/user/Desktop/Learning/AIRFLOW-TUTORIAL/py_env/lib/python3.11/site-packages/airflow/example_dags/example_setup_teardown_taskflow.py
[2023-12-18T22:45:03.171+0100] {processor.py:839} INFO - DAG(s) dict_keys(['example_setup_teardown_taskflow']) retrieved from /Users/user/Desktop/Learning/AIRFLOW-TUTORIAL/py_env/lib/python3.11/site-packages/airflow/example_dags/example_setup_teardown_taskflow.py
[2023-12-18T22:45:03.472+0100] {logging_mixin.py:154} INFO - [2023-12-18T22:45:03.472+0100] {dag.py:2941} INFO - Sync 1 DAGs
[2023-12-18T22:45:03.494+0100] {logging_mixin.py:154} INFO - [2023-12-18T22:45:03.494+0100] {dag.py:3722} INFO - Setting next_dagrun for example_setup_teardown_taskflow to 2023-12-17T21:45:03.494191+00:00, run_after=2023-12-18T21:45:03.494191+00:00
[2023-12-18T22:45:03.517+0100] {processor.py:179} INFO - Processing /Users/user/Desktop/Learning/AIRFLOW-TUTORIAL/py_env/lib/python3.11/site-packages/airflow/example_dags/example_setup_teardown_taskflow.py took 0.431 seconds
[2023-12-18T22:46:39.962+0100] {processor.py:157} INFO - Started process (PID=29400) to work on /Users/user/Desktop/Learning/AIRFLOW-TUTORIAL/py_env/lib/python3.11/site-packages/airflow/example_dags/example_setup_teardown_taskflow.py
[2023-12-18T22:46:39.968+0100] {processor.py:829} INFO - Processing file /Users/user/Desktop/Learning/AIRFLOW-TUTORIAL/py_env/lib/python3.11/site-packages/airflow/example_dags/example_setup_teardown_taskflow.py for tasks to queue
[2023-12-18T22:46:39.969+0100] {logging_mixin.py:154} INFO - [2023-12-18T22:46:39.969+0100] {dagbag.py:536} INFO - Filling up the DagBag from /Users/user/Desktop/Learning/AIRFLOW-TUTORIAL/py_env/lib/python3.11/site-packages/airflow/example_dags/example_setup_teardown_taskflow.py
[2023-12-18T22:46:40.060+0100] {processor.py:839} INFO - DAG(s) dict_keys(['example_setup_teardown_taskflow']) retrieved from /Users/user/Desktop/Learning/AIRFLOW-TUTORIAL/py_env/lib/python3.11/site-packages/airflow/example_dags/example_setup_teardown_taskflow.py
[2023-12-18T22:46:40.365+0100] {logging_mixin.py:154} INFO - [2023-12-18T22:46:40.365+0100] {dag.py:2941} INFO - Sync 1 DAGs
[2023-12-18T22:46:40.394+0100] {logging_mixin.py:154} INFO - [2023-12-18T22:46:40.394+0100] {dag.py:3722} INFO - Setting next_dagrun for example_setup_teardown_taskflow to 2023-12-17T21:46:40.393918+00:00, run_after=2023-12-18T21:46:40.393918+00:00
[2023-12-18T22:46:40.423+0100] {processor.py:179} INFO - Processing /Users/user/Desktop/Learning/AIRFLOW-TUTORIAL/py_env/lib/python3.11/site-packages/airflow/example_dags/example_setup_teardown_taskflow.py took 0.462 seconds
[2023-12-18T22:48:23.705+0100] {processor.py:157} INFO - Started process (PID=30202) to work on /Users/user/Desktop/Learning/AIRFLOW-TUTORIAL/py_env/lib/python3.11/site-packages/airflow/example_dags/example_setup_teardown_taskflow.py
[2023-12-18T22:48:23.709+0100] {processor.py:829} INFO - Processing file /Users/user/Desktop/Learning/AIRFLOW-TUTORIAL/py_env/lib/python3.11/site-packages/airflow/example_dags/example_setup_teardown_taskflow.py for tasks to queue
[2023-12-18T22:48:23.710+0100] {logging_mixin.py:154} INFO - [2023-12-18T22:48:23.709+0100] {dagbag.py:536} INFO - Filling up the DagBag from /Users/user/Desktop/Learning/AIRFLOW-TUTORIAL/py_env/lib/python3.11/site-packages/airflow/example_dags/example_setup_teardown_taskflow.py
[2023-12-18T22:48:23.773+0100] {processor.py:839} INFO - DAG(s) dict_keys(['example_setup_teardown_taskflow']) retrieved from /Users/user/Desktop/Learning/AIRFLOW-TUTORIAL/py_env/lib/python3.11/site-packages/airflow/example_dags/example_setup_teardown_taskflow.py
[2023-12-18T22:48:23.947+0100] {logging_mixin.py:154} INFO - [2023-12-18T22:48:23.947+0100] {dag.py:2941} INFO - Sync 1 DAGs
[2023-12-18T22:48:23.965+0100] {logging_mixin.py:154} INFO - [2023-12-18T22:48:23.965+0100] {dag.py:3722} INFO - Setting next_dagrun for example_setup_teardown_taskflow to 2023-12-17T21:48:23.965596+00:00, run_after=2023-12-18T21:48:23.965596+00:00
[2023-12-18T22:48:23.985+0100] {processor.py:179} INFO - Processing /Users/user/Desktop/Learning/AIRFLOW-TUTORIAL/py_env/lib/python3.11/site-packages/airflow/example_dags/example_setup_teardown_taskflow.py took 0.281 seconds
[2023-12-18T22:50:00.930+0100] {processor.py:157} INFO - Started process (PID=31098) to work on /Users/user/Desktop/Learning/AIRFLOW-TUTORIAL/py_env/lib/python3.11/site-packages/airflow/example_dags/example_setup_teardown_taskflow.py
[2023-12-18T22:50:00.934+0100] {processor.py:829} INFO - Processing file /Users/user/Desktop/Learning/AIRFLOW-TUTORIAL/py_env/lib/python3.11/site-packages/airflow/example_dags/example_setup_teardown_taskflow.py for tasks to queue
[2023-12-18T22:50:00.935+0100] {logging_mixin.py:154} INFO - [2023-12-18T22:50:00.935+0100] {dagbag.py:536} INFO - Filling up the DagBag from /Users/user/Desktop/Learning/AIRFLOW-TUTORIAL/py_env/lib/python3.11/site-packages/airflow/example_dags/example_setup_teardown_taskflow.py
[2023-12-18T22:50:01.014+0100] {processor.py:839} INFO - DAG(s) dict_keys(['example_setup_teardown_taskflow']) retrieved from /Users/user/Desktop/Learning/AIRFLOW-TUTORIAL/py_env/lib/python3.11/site-packages/airflow/example_dags/example_setup_teardown_taskflow.py
[2023-12-18T22:50:01.220+0100] {logging_mixin.py:154} INFO - [2023-12-18T22:50:01.219+0100] {dag.py:2941} INFO - Sync 1 DAGs
[2023-12-18T22:50:01.238+0100] {logging_mixin.py:154} INFO - [2023-12-18T22:50:01.238+0100] {dag.py:3722} INFO - Setting next_dagrun for example_setup_teardown_taskflow to 2023-12-17T21:50:01.238073+00:00, run_after=2023-12-18T21:50:01.238073+00:00
[2023-12-18T22:50:01.258+0100] {processor.py:179} INFO - Processing /Users/user/Desktop/Learning/AIRFLOW-TUTORIAL/py_env/lib/python3.11/site-packages/airflow/example_dags/example_setup_teardown_taskflow.py took 0.329 seconds
[2023-12-18T22:51:42.717+0100] {processor.py:157} INFO - Started process (PID=31832) to work on /Users/user/Desktop/Learning/AIRFLOW-TUTORIAL/py_env/lib/python3.11/site-packages/airflow/example_dags/example_setup_teardown_taskflow.py
[2023-12-18T22:51:42.722+0100] {processor.py:829} INFO - Processing file /Users/user/Desktop/Learning/AIRFLOW-TUTORIAL/py_env/lib/python3.11/site-packages/airflow/example_dags/example_setup_teardown_taskflow.py for tasks to queue
[2023-12-18T22:51:42.723+0100] {logging_mixin.py:154} INFO - [2023-12-18T22:51:42.723+0100] {dagbag.py:536} INFO - Filling up the DagBag from /Users/user/Desktop/Learning/AIRFLOW-TUTORIAL/py_env/lib/python3.11/site-packages/airflow/example_dags/example_setup_teardown_taskflow.py
[2023-12-18T22:51:42.802+0100] {processor.py:839} INFO - DAG(s) dict_keys(['example_setup_teardown_taskflow']) retrieved from /Users/user/Desktop/Learning/AIRFLOW-TUTORIAL/py_env/lib/python3.11/site-packages/airflow/example_dags/example_setup_teardown_taskflow.py
[2023-12-18T22:51:43.082+0100] {logging_mixin.py:154} INFO - [2023-12-18T22:51:43.082+0100] {dag.py:2941} INFO - Sync 1 DAGs
[2023-12-18T22:51:43.107+0100] {logging_mixin.py:154} INFO - [2023-12-18T22:51:43.106+0100] {dag.py:3722} INFO - Setting next_dagrun for example_setup_teardown_taskflow to 2023-12-17T21:51:43.106560+00:00, run_after=2023-12-18T21:51:43.106560+00:00
[2023-12-18T22:51:43.129+0100] {processor.py:179} INFO - Processing /Users/user/Desktop/Learning/AIRFLOW-TUTORIAL/py_env/lib/python3.11/site-packages/airflow/example_dags/example_setup_teardown_taskflow.py took 0.414 seconds
[2023-12-18T22:53:35.100+0100] {processor.py:157} INFO - Started process (PID=32844) to work on /Users/user/Desktop/Learning/AIRFLOW-TUTORIAL/py_env/lib/python3.11/site-packages/airflow/example_dags/example_setup_teardown_taskflow.py
[2023-12-18T22:53:35.105+0100] {processor.py:829} INFO - Processing file /Users/user/Desktop/Learning/AIRFLOW-TUTORIAL/py_env/lib/python3.11/site-packages/airflow/example_dags/example_setup_teardown_taskflow.py for tasks to queue
[2023-12-18T22:53:35.105+0100] {logging_mixin.py:154} INFO - [2023-12-18T22:53:35.105+0100] {dagbag.py:536} INFO - Filling up the DagBag from /Users/user/Desktop/Learning/AIRFLOW-TUTORIAL/py_env/lib/python3.11/site-packages/airflow/example_dags/example_setup_teardown_taskflow.py
[2023-12-18T22:53:35.164+0100] {processor.py:839} INFO - DAG(s) dict_keys(['example_setup_teardown_taskflow']) retrieved from /Users/user/Desktop/Learning/AIRFLOW-TUTORIAL/py_env/lib/python3.11/site-packages/airflow/example_dags/example_setup_teardown_taskflow.py
[2023-12-18T22:53:35.340+0100] {logging_mixin.py:154} INFO - [2023-12-18T22:53:35.339+0100] {dag.py:2941} INFO - Sync 1 DAGs
[2023-12-18T22:53:35.355+0100] {logging_mixin.py:154} INFO - [2023-12-18T22:53:35.355+0100] {dag.py:3722} INFO - Setting next_dagrun for example_setup_teardown_taskflow to 2023-12-17T21:53:35.355312+00:00, run_after=2023-12-18T21:53:35.355312+00:00
[2023-12-18T22:53:35.373+0100] {processor.py:179} INFO - Processing /Users/user/Desktop/Learning/AIRFLOW-TUTORIAL/py_env/lib/python3.11/site-packages/airflow/example_dags/example_setup_teardown_taskflow.py took 0.274 seconds
[2023-12-18T22:55:23.287+0100] {processor.py:157} INFO - Started process (PID=33651) to work on /Users/user/Desktop/Learning/AIRFLOW-TUTORIAL/py_env/lib/python3.11/site-packages/airflow/example_dags/example_setup_teardown_taskflow.py
[2023-12-18T22:55:23.291+0100] {processor.py:829} INFO - Processing file /Users/user/Desktop/Learning/AIRFLOW-TUTORIAL/py_env/lib/python3.11/site-packages/airflow/example_dags/example_setup_teardown_taskflow.py for tasks to queue
[2023-12-18T22:55:23.292+0100] {logging_mixin.py:154} INFO - [2023-12-18T22:55:23.292+0100] {dagbag.py:536} INFO - Filling up the DagBag from /Users/user/Desktop/Learning/AIRFLOW-TUTORIAL/py_env/lib/python3.11/site-packages/airflow/example_dags/example_setup_teardown_taskflow.py
[2023-12-18T22:55:23.351+0100] {processor.py:839} INFO - DAG(s) dict_keys(['example_setup_teardown_taskflow']) retrieved from /Users/user/Desktop/Learning/AIRFLOW-TUTORIAL/py_env/lib/python3.11/site-packages/airflow/example_dags/example_setup_teardown_taskflow.py
[2023-12-18T22:55:23.556+0100] {logging_mixin.py:154} INFO - [2023-12-18T22:55:23.556+0100] {dag.py:2941} INFO - Sync 1 DAGs
[2023-12-18T22:55:23.577+0100] {logging_mixin.py:154} INFO - [2023-12-18T22:55:23.577+0100] {dag.py:3722} INFO - Setting next_dagrun for example_setup_teardown_taskflow to 2023-12-17T21:55:23.576954+00:00, run_after=2023-12-18T21:55:23.576954+00:00
[2023-12-18T22:55:23.598+0100] {processor.py:179} INFO - Processing /Users/user/Desktop/Learning/AIRFLOW-TUTORIAL/py_env/lib/python3.11/site-packages/airflow/example_dags/example_setup_teardown_taskflow.py took 0.312 seconds
[2023-12-18T22:57:02.692+0100] {processor.py:157} INFO - Started process (PID=34377) to work on /Users/user/Desktop/Learning/AIRFLOW-TUTORIAL/py_env/lib/python3.11/site-packages/airflow/example_dags/example_setup_teardown_taskflow.py
[2023-12-18T22:57:02.696+0100] {processor.py:829} INFO - Processing file /Users/user/Desktop/Learning/AIRFLOW-TUTORIAL/py_env/lib/python3.11/site-packages/airflow/example_dags/example_setup_teardown_taskflow.py for tasks to queue
[2023-12-18T22:57:02.697+0100] {logging_mixin.py:154} INFO - [2023-12-18T22:57:02.697+0100] {dagbag.py:536} INFO - Filling up the DagBag from /Users/user/Desktop/Learning/AIRFLOW-TUTORIAL/py_env/lib/python3.11/site-packages/airflow/example_dags/example_setup_teardown_taskflow.py
[2023-12-18T22:57:02.756+0100] {processor.py:839} INFO - DAG(s) dict_keys(['example_setup_teardown_taskflow']) retrieved from /Users/user/Desktop/Learning/AIRFLOW-TUTORIAL/py_env/lib/python3.11/site-packages/airflow/example_dags/example_setup_teardown_taskflow.py
[2023-12-18T22:57:02.926+0100] {logging_mixin.py:154} INFO - [2023-12-18T22:57:02.926+0100] {dag.py:2941} INFO - Sync 1 DAGs
[2023-12-18T22:57:02.943+0100] {logging_mixin.py:154} INFO - [2023-12-18T22:57:02.943+0100] {dag.py:3722} INFO - Setting next_dagrun for example_setup_teardown_taskflow to 2023-12-17T21:57:02.943071+00:00, run_after=2023-12-18T21:57:02.943071+00:00
[2023-12-18T22:57:02.965+0100] {processor.py:179} INFO - Processing /Users/user/Desktop/Learning/AIRFLOW-TUTORIAL/py_env/lib/python3.11/site-packages/airflow/example_dags/example_setup_teardown_taskflow.py took 0.274 seconds
[2023-12-18T22:58:51.722+0100] {processor.py:157} INFO - Started process (PID=35212) to work on /Users/user/Desktop/Learning/AIRFLOW-TUTORIAL/py_env/lib/python3.11/site-packages/airflow/example_dags/example_setup_teardown_taskflow.py
[2023-12-18T22:58:51.726+0100] {processor.py:829} INFO - Processing file /Users/user/Desktop/Learning/AIRFLOW-TUTORIAL/py_env/lib/python3.11/site-packages/airflow/example_dags/example_setup_teardown_taskflow.py for tasks to queue
[2023-12-18T22:58:51.727+0100] {logging_mixin.py:154} INFO - [2023-12-18T22:58:51.727+0100] {dagbag.py:536} INFO - Filling up the DagBag from /Users/user/Desktop/Learning/AIRFLOW-TUTORIAL/py_env/lib/python3.11/site-packages/airflow/example_dags/example_setup_teardown_taskflow.py
[2023-12-18T22:58:51.788+0100] {processor.py:839} INFO - DAG(s) dict_keys(['example_setup_teardown_taskflow']) retrieved from /Users/user/Desktop/Learning/AIRFLOW-TUTORIAL/py_env/lib/python3.11/site-packages/airflow/example_dags/example_setup_teardown_taskflow.py
[2023-12-18T22:58:51.981+0100] {logging_mixin.py:154} INFO - [2023-12-18T22:58:51.981+0100] {dag.py:2941} INFO - Sync 1 DAGs
[2023-12-18T22:58:51.997+0100] {logging_mixin.py:154} INFO - [2023-12-18T22:58:51.997+0100] {dag.py:3722} INFO - Setting next_dagrun for example_setup_teardown_taskflow to 2023-12-17T21:58:51.997114+00:00, run_after=2023-12-18T21:58:51.997114+00:00
[2023-12-18T22:58:52.019+0100] {processor.py:179} INFO - Processing /Users/user/Desktop/Learning/AIRFLOW-TUTORIAL/py_env/lib/python3.11/site-packages/airflow/example_dags/example_setup_teardown_taskflow.py took 0.298 seconds
[2023-12-18T23:00:32.042+0100] {processor.py:157} INFO - Started process (PID=35883) to work on /Users/user/Desktop/Learning/AIRFLOW-TUTORIAL/py_env/lib/python3.11/site-packages/airflow/example_dags/example_setup_teardown_taskflow.py
[2023-12-18T23:00:32.045+0100] {processor.py:829} INFO - Processing file /Users/user/Desktop/Learning/AIRFLOW-TUTORIAL/py_env/lib/python3.11/site-packages/airflow/example_dags/example_setup_teardown_taskflow.py for tasks to queue
[2023-12-18T23:00:32.046+0100] {logging_mixin.py:154} INFO - [2023-12-18T23:00:32.046+0100] {dagbag.py:536} INFO - Filling up the DagBag from /Users/user/Desktop/Learning/AIRFLOW-TUTORIAL/py_env/lib/python3.11/site-packages/airflow/example_dags/example_setup_teardown_taskflow.py
[2023-12-18T23:00:32.114+0100] {processor.py:839} INFO - DAG(s) dict_keys(['example_setup_teardown_taskflow']) retrieved from /Users/user/Desktop/Learning/AIRFLOW-TUTORIAL/py_env/lib/python3.11/site-packages/airflow/example_dags/example_setup_teardown_taskflow.py
[2023-12-18T23:00:32.359+0100] {logging_mixin.py:154} INFO - [2023-12-18T23:00:32.359+0100] {dag.py:2941} INFO - Sync 1 DAGs
[2023-12-18T23:00:32.375+0100] {logging_mixin.py:154} INFO - [2023-12-18T23:00:32.375+0100] {dag.py:3722} INFO - Setting next_dagrun for example_setup_teardown_taskflow to 2023-12-17T22:00:32.375319+00:00, run_after=2023-12-18T22:00:32.375319+00:00
[2023-12-18T23:00:32.393+0100] {processor.py:179} INFO - Processing /Users/user/Desktop/Learning/AIRFLOW-TUTORIAL/py_env/lib/python3.11/site-packages/airflow/example_dags/example_setup_teardown_taskflow.py took 0.353 seconds
[2023-12-18T23:02:18.329+0100] {processor.py:157} INFO - Started process (PID=36632) to work on /Users/user/Desktop/Learning/AIRFLOW-TUTORIAL/py_env/lib/python3.11/site-packages/airflow/example_dags/example_setup_teardown_taskflow.py
[2023-12-18T23:02:18.335+0100] {processor.py:829} INFO - Processing file /Users/user/Desktop/Learning/AIRFLOW-TUTORIAL/py_env/lib/python3.11/site-packages/airflow/example_dags/example_setup_teardown_taskflow.py for tasks to queue
[2023-12-18T23:02:18.336+0100] {logging_mixin.py:154} INFO - [2023-12-18T23:02:18.336+0100] {dagbag.py:536} INFO - Filling up the DagBag from /Users/user/Desktop/Learning/AIRFLOW-TUTORIAL/py_env/lib/python3.11/site-packages/airflow/example_dags/example_setup_teardown_taskflow.py
[2023-12-18T23:02:18.414+0100] {processor.py:839} INFO - DAG(s) dict_keys(['example_setup_teardown_taskflow']) retrieved from /Users/user/Desktop/Learning/AIRFLOW-TUTORIAL/py_env/lib/python3.11/site-packages/airflow/example_dags/example_setup_teardown_taskflow.py
[2023-12-18T23:02:18.642+0100] {logging_mixin.py:154} INFO - [2023-12-18T23:02:18.642+0100] {dag.py:2941} INFO - Sync 1 DAGs
[2023-12-18T23:02:18.661+0100] {logging_mixin.py:154} INFO - [2023-12-18T23:02:18.661+0100] {dag.py:3722} INFO - Setting next_dagrun for example_setup_teardown_taskflow to 2023-12-17T22:02:18.661080+00:00, run_after=2023-12-18T22:02:18.661080+00:00
[2023-12-18T23:02:18.683+0100] {processor.py:179} INFO - Processing /Users/user/Desktop/Learning/AIRFLOW-TUTORIAL/py_env/lib/python3.11/site-packages/airflow/example_dags/example_setup_teardown_taskflow.py took 0.356 seconds
[2023-12-18T23:05:15.378+0100] {processor.py:157} INFO - Started process (PID=37470) to work on /Users/user/Desktop/Learning/AIRFLOW-TUTORIAL/py_env/lib/python3.11/site-packages/airflow/example_dags/example_setup_teardown_taskflow.py
[2023-12-18T23:05:15.383+0100] {processor.py:829} INFO - Processing file /Users/user/Desktop/Learning/AIRFLOW-TUTORIAL/py_env/lib/python3.11/site-packages/airflow/example_dags/example_setup_teardown_taskflow.py for tasks to queue
[2023-12-18T23:05:15.384+0100] {logging_mixin.py:154} INFO - [2023-12-18T23:05:15.383+0100] {dagbag.py:536} INFO - Filling up the DagBag from /Users/user/Desktop/Learning/AIRFLOW-TUTORIAL/py_env/lib/python3.11/site-packages/airflow/example_dags/example_setup_teardown_taskflow.py
[2023-12-18T23:05:15.455+0100] {processor.py:839} INFO - DAG(s) dict_keys(['example_setup_teardown_taskflow']) retrieved from /Users/user/Desktop/Learning/AIRFLOW-TUTORIAL/py_env/lib/python3.11/site-packages/airflow/example_dags/example_setup_teardown_taskflow.py
[2023-12-18T23:05:15.667+0100] {logging_mixin.py:154} INFO - [2023-12-18T23:05:15.666+0100] {dag.py:2941} INFO - Sync 1 DAGs
[2023-12-18T23:05:15.690+0100] {logging_mixin.py:154} INFO - [2023-12-18T23:05:15.689+0100] {dag.py:3722} INFO - Setting next_dagrun for example_setup_teardown_taskflow to 2023-12-17T22:05:15.689590+00:00, run_after=2023-12-18T22:05:15.689590+00:00
[2023-12-18T23:05:15.713+0100] {processor.py:179} INFO - Processing /Users/user/Desktop/Learning/AIRFLOW-TUTORIAL/py_env/lib/python3.11/site-packages/airflow/example_dags/example_setup_teardown_taskflow.py took 0.336 seconds
[2023-12-18T23:07:36.778+0100] {processor.py:157} INFO - Started process (PID=38612) to work on /Users/user/Desktop/Learning/AIRFLOW-TUTORIAL/py_env/lib/python3.11/site-packages/airflow/example_dags/example_setup_teardown_taskflow.py
[2023-12-18T23:07:36.784+0100] {processor.py:829} INFO - Processing file /Users/user/Desktop/Learning/AIRFLOW-TUTORIAL/py_env/lib/python3.11/site-packages/airflow/example_dags/example_setup_teardown_taskflow.py for tasks to queue
[2023-12-18T23:07:36.785+0100] {logging_mixin.py:154} INFO - [2023-12-18T23:07:36.785+0100] {dagbag.py:536} INFO - Filling up the DagBag from /Users/user/Desktop/Learning/AIRFLOW-TUTORIAL/py_env/lib/python3.11/site-packages/airflow/example_dags/example_setup_teardown_taskflow.py
[2023-12-18T23:07:36.859+0100] {processor.py:839} INFO - DAG(s) dict_keys(['example_setup_teardown_taskflow']) retrieved from /Users/user/Desktop/Learning/AIRFLOW-TUTORIAL/py_env/lib/python3.11/site-packages/airflow/example_dags/example_setup_teardown_taskflow.py
[2023-12-18T23:07:37.085+0100] {logging_mixin.py:154} INFO - [2023-12-18T23:07:37.085+0100] {dag.py:2941} INFO - Sync 1 DAGs
[2023-12-18T23:07:37.110+0100] {logging_mixin.py:154} INFO - [2023-12-18T23:07:37.109+0100] {dag.py:3722} INFO - Setting next_dagrun for example_setup_teardown_taskflow to 2023-12-17T22:07:37.109643+00:00, run_after=2023-12-18T22:07:37.109643+00:00
[2023-12-18T23:07:37.134+0100] {processor.py:179} INFO - Processing /Users/user/Desktop/Learning/AIRFLOW-TUTORIAL/py_env/lib/python3.11/site-packages/airflow/example_dags/example_setup_teardown_taskflow.py took 0.357 seconds
