[2023-12-18T22:38:55.722+0100] {processor.py:157} INFO - Started process (PID=25504) to work on /Users/user/Desktop/Learning/AIRFLOW-TUTORIAL/py_env/lib/python3.11/site-packages/airflow/example_dags/example_dynamic_task_mapping.py
[2023-12-18T22:38:55.725+0100] {processor.py:829} INFO - Processing file /Users/user/Desktop/Learning/AIRFLOW-TUTORIAL/py_env/lib/python3.11/site-packages/airflow/example_dags/example_dynamic_task_mapping.py for tasks to queue
[2023-12-18T22:38:55.726+0100] {logging_mixin.py:154} INFO - [2023-12-18T22:38:55.726+0100] {dagbag.py:536} INFO - Filling up the DagBag from /Users/user/Desktop/Learning/AIRFLOW-TUTORIAL/py_env/lib/python3.11/site-packages/airflow/example_dags/example_dynamic_task_mapping.py
[2023-12-18T22:38:55.784+0100] {processor.py:839} INFO - DAG(s) dict_keys(['example_dynamic_task_mapping']) retrieved from /Users/user/Desktop/Learning/AIRFLOW-TUTORIAL/py_env/lib/python3.11/site-packages/airflow/example_dags/example_dynamic_task_mapping.py
[2023-12-18T22:38:56.513+0100] {logging_mixin.py:154} INFO - [2023-12-18T22:38:56.513+0100] {manager.py:499} INFO - Created Permission View: %s
[2023-12-18T22:38:56.524+0100] {logging_mixin.py:154} INFO - [2023-12-18T22:38:56.524+0100] {manager.py:499} INFO - Created Permission View: %s
[2023-12-18T22:38:56.533+0100] {logging_mixin.py:154} INFO - [2023-12-18T22:38:56.532+0100] {manager.py:499} INFO - Created Permission View: %s
[2023-12-18T22:38:56.533+0100] {logging_mixin.py:154} INFO - [2023-12-18T22:38:56.533+0100] {dag.py:2941} INFO - Sync 1 DAGs
[2023-12-18T22:38:56.546+0100] {logging_mixin.py:154} INFO - [2023-12-18T22:38:56.545+0100] {dag.py:2963} INFO - Creating ORM DAG for example_dynamic_task_mapping
[2023-12-18T22:38:56.555+0100] {logging_mixin.py:154} INFO - [2023-12-18T22:38:56.555+0100] {dag.py:3722} INFO - Setting next_dagrun for example_dynamic_task_mapping to 2022-03-04T00:00:00+00:00, run_after=2022-03-05T00:00:00+00:00
[2023-12-18T22:38:56.578+0100] {processor.py:179} INFO - Processing /Users/user/Desktop/Learning/AIRFLOW-TUTORIAL/py_env/lib/python3.11/site-packages/airflow/example_dags/example_dynamic_task_mapping.py took 0.857 seconds
[2023-12-18T22:41:02.300+0100] {processor.py:157} INFO - Started process (PID=26715) to work on /Users/user/Desktop/Learning/AIRFLOW-TUTORIAL/py_env/lib/python3.11/site-packages/airflow/example_dags/example_dynamic_task_mapping.py
[2023-12-18T22:41:02.303+0100] {processor.py:829} INFO - Processing file /Users/user/Desktop/Learning/AIRFLOW-TUTORIAL/py_env/lib/python3.11/site-packages/airflow/example_dags/example_dynamic_task_mapping.py for tasks to queue
[2023-12-18T22:41:02.304+0100] {logging_mixin.py:154} INFO - [2023-12-18T22:41:02.303+0100] {dagbag.py:536} INFO - Filling up the DagBag from /Users/user/Desktop/Learning/AIRFLOW-TUTORIAL/py_env/lib/python3.11/site-packages/airflow/example_dags/example_dynamic_task_mapping.py
[2023-12-18T22:41:02.354+0100] {processor.py:839} INFO - DAG(s) dict_keys(['example_dynamic_task_mapping']) retrieved from /Users/user/Desktop/Learning/AIRFLOW-TUTORIAL/py_env/lib/python3.11/site-packages/airflow/example_dags/example_dynamic_task_mapping.py
[2023-12-18T22:41:02.533+0100] {logging_mixin.py:154} INFO - [2023-12-18T22:41:02.533+0100] {dag.py:2941} INFO - Sync 1 DAGs
[2023-12-18T22:41:02.550+0100] {logging_mixin.py:154} INFO - [2023-12-18T22:41:02.549+0100] {dag.py:3722} INFO - Setting next_dagrun for example_dynamic_task_mapping to 2022-03-04T00:00:00+00:00, run_after=2022-03-05T00:00:00+00:00
[2023-12-18T22:41:02.566+0100] {processor.py:179} INFO - Processing /Users/user/Desktop/Learning/AIRFLOW-TUTORIAL/py_env/lib/python3.11/site-packages/airflow/example_dags/example_dynamic_task_mapping.py took 0.267 seconds
[2023-12-18T22:44:04.918+0100] {processor.py:157} INFO - Started process (PID=28149) to work on /Users/user/Desktop/Learning/AIRFLOW-TUTORIAL/py_env/lib/python3.11/site-packages/airflow/example_dags/example_dynamic_task_mapping.py
[2023-12-18T22:44:04.922+0100] {processor.py:829} INFO - Processing file /Users/user/Desktop/Learning/AIRFLOW-TUTORIAL/py_env/lib/python3.11/site-packages/airflow/example_dags/example_dynamic_task_mapping.py for tasks to queue
[2023-12-18T22:44:04.922+0100] {logging_mixin.py:154} INFO - [2023-12-18T22:44:04.922+0100] {dagbag.py:536} INFO - Filling up the DagBag from /Users/user/Desktop/Learning/AIRFLOW-TUTORIAL/py_env/lib/python3.11/site-packages/airflow/example_dags/example_dynamic_task_mapping.py
[2023-12-18T22:44:04.988+0100] {processor.py:839} INFO - DAG(s) dict_keys(['example_dynamic_task_mapping']) retrieved from /Users/user/Desktop/Learning/AIRFLOW-TUTORIAL/py_env/lib/python3.11/site-packages/airflow/example_dags/example_dynamic_task_mapping.py
[2023-12-18T22:44:05.168+0100] {logging_mixin.py:154} INFO - [2023-12-18T22:44:05.168+0100] {dag.py:2941} INFO - Sync 1 DAGs
[2023-12-18T22:44:05.185+0100] {logging_mixin.py:154} INFO - [2023-12-18T22:44:05.185+0100] {dag.py:3722} INFO - Setting next_dagrun for example_dynamic_task_mapping to 2022-03-04T00:00:00+00:00, run_after=2022-03-05T00:00:00+00:00
[2023-12-18T22:44:05.203+0100] {processor.py:179} INFO - Processing /Users/user/Desktop/Learning/AIRFLOW-TUTORIAL/py_env/lib/python3.11/site-packages/airflow/example_dags/example_dynamic_task_mapping.py took 0.286 seconds
[2023-12-18T22:47:22.584+0100] {processor.py:157} INFO - Started process (PID=29613) to work on /Users/user/Desktop/Learning/AIRFLOW-TUTORIAL/py_env/lib/python3.11/site-packages/airflow/example_dags/example_dynamic_task_mapping.py
[2023-12-18T22:47:22.589+0100] {processor.py:829} INFO - Processing file /Users/user/Desktop/Learning/AIRFLOW-TUTORIAL/py_env/lib/python3.11/site-packages/airflow/example_dags/example_dynamic_task_mapping.py for tasks to queue
[2023-12-18T22:47:22.590+0100] {logging_mixin.py:154} INFO - [2023-12-18T22:47:22.590+0100] {dagbag.py:536} INFO - Filling up the DagBag from /Users/user/Desktop/Learning/AIRFLOW-TUTORIAL/py_env/lib/python3.11/site-packages/airflow/example_dags/example_dynamic_task_mapping.py
[2023-12-18T22:47:22.657+0100] {processor.py:839} INFO - DAG(s) dict_keys(['example_dynamic_task_mapping']) retrieved from /Users/user/Desktop/Learning/AIRFLOW-TUTORIAL/py_env/lib/python3.11/site-packages/airflow/example_dags/example_dynamic_task_mapping.py
[2023-12-18T22:47:22.859+0100] {logging_mixin.py:154} INFO - [2023-12-18T22:47:22.859+0100] {dag.py:2941} INFO - Sync 1 DAGs
[2023-12-18T22:47:22.880+0100] {logging_mixin.py:154} INFO - [2023-12-18T22:47:22.880+0100] {dag.py:3722} INFO - Setting next_dagrun for example_dynamic_task_mapping to 2022-03-04T00:00:00+00:00, run_after=2022-03-05T00:00:00+00:00
[2023-12-18T22:47:22.903+0100] {processor.py:179} INFO - Processing /Users/user/Desktop/Learning/AIRFLOW-TUTORIAL/py_env/lib/python3.11/site-packages/airflow/example_dags/example_dynamic_task_mapping.py took 0.319 seconds
[2023-12-18T22:50:36.600+0100] {processor.py:157} INFO - Started process (PID=31323) to work on /Users/user/Desktop/Learning/AIRFLOW-TUTORIAL/py_env/lib/python3.11/site-packages/airflow/example_dags/example_dynamic_task_mapping.py
[2023-12-18T22:50:36.635+0100] {processor.py:829} INFO - Processing file /Users/user/Desktop/Learning/AIRFLOW-TUTORIAL/py_env/lib/python3.11/site-packages/airflow/example_dags/example_dynamic_task_mapping.py for tasks to queue
[2023-12-18T22:50:36.636+0100] {logging_mixin.py:154} INFO - [2023-12-18T22:50:36.636+0100] {dagbag.py:536} INFO - Filling up the DagBag from /Users/user/Desktop/Learning/AIRFLOW-TUTORIAL/py_env/lib/python3.11/site-packages/airflow/example_dags/example_dynamic_task_mapping.py
[2023-12-18T22:50:36.715+0100] {processor.py:839} INFO - DAG(s) dict_keys(['example_dynamic_task_mapping']) retrieved from /Users/user/Desktop/Learning/AIRFLOW-TUTORIAL/py_env/lib/python3.11/site-packages/airflow/example_dags/example_dynamic_task_mapping.py
[2023-12-18T22:50:36.921+0100] {logging_mixin.py:154} INFO - [2023-12-18T22:50:36.921+0100] {dag.py:2941} INFO - Sync 1 DAGs
[2023-12-18T22:50:36.942+0100] {logging_mixin.py:154} INFO - [2023-12-18T22:50:36.942+0100] {dag.py:3722} INFO - Setting next_dagrun for example_dynamic_task_mapping to 2022-03-04T00:00:00+00:00, run_after=2022-03-05T00:00:00+00:00
[2023-12-18T22:50:37.041+0100] {processor.py:179} INFO - Processing /Users/user/Desktop/Learning/AIRFLOW-TUTORIAL/py_env/lib/python3.11/site-packages/airflow/example_dags/example_dynamic_task_mapping.py took 0.442 seconds
[2023-12-18T22:54:19.824+0100] {processor.py:157} INFO - Started process (PID=33063) to work on /Users/user/Desktop/Learning/AIRFLOW-TUTORIAL/py_env/lib/python3.11/site-packages/airflow/example_dags/example_dynamic_task_mapping.py
[2023-12-18T22:54:19.830+0100] {processor.py:829} INFO - Processing file /Users/user/Desktop/Learning/AIRFLOW-TUTORIAL/py_env/lib/python3.11/site-packages/airflow/example_dags/example_dynamic_task_mapping.py for tasks to queue
[2023-12-18T22:54:19.831+0100] {logging_mixin.py:154} INFO - [2023-12-18T22:54:19.831+0100] {dagbag.py:536} INFO - Filling up the DagBag from /Users/user/Desktop/Learning/AIRFLOW-TUTORIAL/py_env/lib/python3.11/site-packages/airflow/example_dags/example_dynamic_task_mapping.py
[2023-12-18T22:54:19.913+0100] {processor.py:839} INFO - DAG(s) dict_keys(['example_dynamic_task_mapping']) retrieved from /Users/user/Desktop/Learning/AIRFLOW-TUTORIAL/py_env/lib/python3.11/site-packages/airflow/example_dags/example_dynamic_task_mapping.py
[2023-12-18T22:54:20.177+0100] {logging_mixin.py:154} INFO - [2023-12-18T22:54:20.176+0100] {dag.py:2941} INFO - Sync 1 DAGs
[2023-12-18T22:54:20.198+0100] {logging_mixin.py:154} INFO - [2023-12-18T22:54:20.198+0100] {dag.py:3722} INFO - Setting next_dagrun for example_dynamic_task_mapping to 2022-03-04T00:00:00+00:00, run_after=2022-03-05T00:00:00+00:00
[2023-12-18T22:54:20.220+0100] {processor.py:179} INFO - Processing /Users/user/Desktop/Learning/AIRFLOW-TUTORIAL/py_env/lib/python3.11/site-packages/airflow/example_dags/example_dynamic_task_mapping.py took 0.397 seconds
[2023-12-18T22:57:46.531+0100] {processor.py:157} INFO - Started process (PID=34708) to work on /Users/user/Desktop/Learning/AIRFLOW-TUTORIAL/py_env/lib/python3.11/site-packages/airflow/example_dags/example_dynamic_task_mapping.py
[2023-12-18T22:57:46.538+0100] {processor.py:829} INFO - Processing file /Users/user/Desktop/Learning/AIRFLOW-TUTORIAL/py_env/lib/python3.11/site-packages/airflow/example_dags/example_dynamic_task_mapping.py for tasks to queue
[2023-12-18T22:57:46.539+0100] {logging_mixin.py:154} INFO - [2023-12-18T22:57:46.539+0100] {dagbag.py:536} INFO - Filling up the DagBag from /Users/user/Desktop/Learning/AIRFLOW-TUTORIAL/py_env/lib/python3.11/site-packages/airflow/example_dags/example_dynamic_task_mapping.py
[2023-12-18T22:57:46.618+0100] {processor.py:839} INFO - DAG(s) dict_keys(['example_dynamic_task_mapping']) retrieved from /Users/user/Desktop/Learning/AIRFLOW-TUTORIAL/py_env/lib/python3.11/site-packages/airflow/example_dags/example_dynamic_task_mapping.py
[2023-12-18T22:57:46.961+0100] {logging_mixin.py:154} INFO - [2023-12-18T22:57:46.960+0100] {dag.py:2941} INFO - Sync 1 DAGs
[2023-12-18T22:57:46.996+0100] {logging_mixin.py:154} INFO - [2023-12-18T22:57:46.996+0100] {dag.py:3722} INFO - Setting next_dagrun for example_dynamic_task_mapping to 2022-03-04T00:00:00+00:00, run_after=2022-03-05T00:00:00+00:00
[2023-12-18T22:57:47.039+0100] {processor.py:179} INFO - Processing /Users/user/Desktop/Learning/AIRFLOW-TUTORIAL/py_env/lib/python3.11/site-packages/airflow/example_dags/example_dynamic_task_mapping.py took 0.509 seconds
[2023-12-18T23:01:16.683+0100] {processor.py:157} INFO - Started process (PID=36113) to work on /Users/user/Desktop/Learning/AIRFLOW-TUTORIAL/py_env/lib/python3.11/site-packages/airflow/example_dags/example_dynamic_task_mapping.py
[2023-12-18T23:01:16.687+0100] {processor.py:829} INFO - Processing file /Users/user/Desktop/Learning/AIRFLOW-TUTORIAL/py_env/lib/python3.11/site-packages/airflow/example_dags/example_dynamic_task_mapping.py for tasks to queue
[2023-12-18T23:01:16.687+0100] {logging_mixin.py:154} INFO - [2023-12-18T23:01:16.687+0100] {dagbag.py:536} INFO - Filling up the DagBag from /Users/user/Desktop/Learning/AIRFLOW-TUTORIAL/py_env/lib/python3.11/site-packages/airflow/example_dags/example_dynamic_task_mapping.py
[2023-12-18T23:01:16.762+0100] {processor.py:839} INFO - DAG(s) dict_keys(['example_dynamic_task_mapping']) retrieved from /Users/user/Desktop/Learning/AIRFLOW-TUTORIAL/py_env/lib/python3.11/site-packages/airflow/example_dags/example_dynamic_task_mapping.py
[2023-12-18T23:01:16.980+0100] {logging_mixin.py:154} INFO - [2023-12-18T23:01:16.979+0100] {dag.py:2941} INFO - Sync 1 DAGs
[2023-12-18T23:01:16.998+0100] {logging_mixin.py:154} INFO - [2023-12-18T23:01:16.998+0100] {dag.py:3722} INFO - Setting next_dagrun for example_dynamic_task_mapping to 2022-03-04T00:00:00+00:00, run_after=2022-03-05T00:00:00+00:00
[2023-12-18T23:01:17.021+0100] {processor.py:179} INFO - Processing /Users/user/Desktop/Learning/AIRFLOW-TUTORIAL/py_env/lib/python3.11/site-packages/airflow/example_dags/example_dynamic_task_mapping.py took 0.339 seconds
[2023-12-18T23:05:59.615+0100] {processor.py:157} INFO - Started process (PID=37892) to work on /Users/user/Desktop/Learning/AIRFLOW-TUTORIAL/py_env/lib/python3.11/site-packages/airflow/example_dags/example_dynamic_task_mapping.py
[2023-12-18T23:05:59.622+0100] {processor.py:829} INFO - Processing file /Users/user/Desktop/Learning/AIRFLOW-TUTORIAL/py_env/lib/python3.11/site-packages/airflow/example_dags/example_dynamic_task_mapping.py for tasks to queue
[2023-12-18T23:05:59.623+0100] {logging_mixin.py:154} INFO - [2023-12-18T23:05:59.623+0100] {dagbag.py:536} INFO - Filling up the DagBag from /Users/user/Desktop/Learning/AIRFLOW-TUTORIAL/py_env/lib/python3.11/site-packages/airflow/example_dags/example_dynamic_task_mapping.py
[2023-12-18T23:05:59.716+0100] {processor.py:839} INFO - DAG(s) dict_keys(['example_dynamic_task_mapping']) retrieved from /Users/user/Desktop/Learning/AIRFLOW-TUTORIAL/py_env/lib/python3.11/site-packages/airflow/example_dags/example_dynamic_task_mapping.py
[2023-12-18T23:06:00.041+0100] {logging_mixin.py:154} INFO - [2023-12-18T23:06:00.041+0100] {dag.py:2941} INFO - Sync 1 DAGs
[2023-12-18T23:06:00.063+0100] {logging_mixin.py:154} INFO - [2023-12-18T23:06:00.063+0100] {dag.py:3722} INFO - Setting next_dagrun for example_dynamic_task_mapping to 2022-03-04T00:00:00+00:00, run_after=2022-03-05T00:00:00+00:00
[2023-12-18T23:06:00.089+0100] {processor.py:179} INFO - Processing /Users/user/Desktop/Learning/AIRFLOW-TUTORIAL/py_env/lib/python3.11/site-packages/airflow/example_dags/example_dynamic_task_mapping.py took 0.475 seconds
[2023-12-18T23:08:18.014+0100] {processor.py:157} INFO - Started process (PID=39017) to work on /Users/user/Desktop/Learning/AIRFLOW-TUTORIAL/py_env/lib/python3.11/site-packages/airflow/example_dags/example_dynamic_task_mapping.py
[2023-12-18T23:08:18.020+0100] {processor.py:829} INFO - Processing file /Users/user/Desktop/Learning/AIRFLOW-TUTORIAL/py_env/lib/python3.11/site-packages/airflow/example_dags/example_dynamic_task_mapping.py for tasks to queue
[2023-12-18T23:08:18.020+0100] {logging_mixin.py:154} INFO - [2023-12-18T23:08:18.020+0100] {dagbag.py:536} INFO - Filling up the DagBag from /Users/user/Desktop/Learning/AIRFLOW-TUTORIAL/py_env/lib/python3.11/site-packages/airflow/example_dags/example_dynamic_task_mapping.py
[2023-12-18T23:08:18.085+0100] {processor.py:839} INFO - DAG(s) dict_keys(['example_dynamic_task_mapping']) retrieved from /Users/user/Desktop/Learning/AIRFLOW-TUTORIAL/py_env/lib/python3.11/site-packages/airflow/example_dags/example_dynamic_task_mapping.py
[2023-12-18T23:08:18.261+0100] {logging_mixin.py:154} INFO - [2023-12-18T23:08:18.260+0100] {dag.py:2941} INFO - Sync 1 DAGs
[2023-12-18T23:08:18.277+0100] {logging_mixin.py:154} INFO - [2023-12-18T23:08:18.277+0100] {dag.py:3722} INFO - Setting next_dagrun for example_dynamic_task_mapping to 2022-03-04T00:00:00+00:00, run_after=2022-03-05T00:00:00+00:00
[2023-12-18T23:08:18.296+0100] {processor.py:179} INFO - Processing /Users/user/Desktop/Learning/AIRFLOW-TUTORIAL/py_env/lib/python3.11/site-packages/airflow/example_dags/example_dynamic_task_mapping.py took 0.282 seconds
