[2023-12-18T22:37:51.390+0100] {processor.py:157} INFO - Started process (PID=25095) to work on /Users/user/Desktop/Learning/AIRFLOW-TUTORIAL/py_env/lib/python3.11/site-packages/airflow/example_dags/example_skip_dag.py
[2023-12-18T22:37:51.397+0100] {processor.py:829} INFO - Processing file /Users/user/Desktop/Learning/AIRFLOW-TUTORIAL/py_env/lib/python3.11/site-packages/airflow/example_dags/example_skip_dag.py for tasks to queue
[2023-12-18T22:37:51.398+0100] {logging_mixin.py:154} INFO - [2023-12-18T22:37:51.397+0100] {dagbag.py:536} INFO - Filling up the DagBag from /Users/user/Desktop/Learning/AIRFLOW-TUTORIAL/py_env/lib/python3.11/site-packages/airflow/example_dags/example_skip_dag.py
[2023-12-18T22:37:51.441+0100] {processor.py:839} INFO - DAG(s) dict_keys(['example_skip_dag']) retrieved from /Users/user/Desktop/Learning/AIRFLOW-TUTORIAL/py_env/lib/python3.11/site-packages/airflow/example_dags/example_skip_dag.py
[2023-12-18T22:37:52.452+0100] {logging_mixin.py:154} INFO - [2023-12-18T22:37:52.452+0100] {manager.py:499} INFO - Created Permission View: %s
[2023-12-18T22:37:52.465+0100] {logging_mixin.py:154} INFO - [2023-12-18T22:37:52.465+0100] {manager.py:499} INFO - Created Permission View: %s
[2023-12-18T22:37:52.474+0100] {logging_mixin.py:154} INFO - [2023-12-18T22:37:52.474+0100] {manager.py:499} INFO - Created Permission View: %s
[2023-12-18T22:37:52.475+0100] {logging_mixin.py:154} INFO - [2023-12-18T22:37:52.474+0100] {dag.py:2941} INFO - Sync 1 DAGs
[2023-12-18T22:37:52.492+0100] {logging_mixin.py:154} INFO - [2023-12-18T22:37:52.491+0100] {dag.py:2963} INFO - Creating ORM DAG for example_skip_dag
[2023-12-18T22:37:52.503+0100] {logging_mixin.py:154} INFO - [2023-12-18T22:37:52.503+0100] {dag.py:3722} INFO - Setting next_dagrun for example_skip_dag to 2023-12-17T21:37:52.502921+00:00, run_after=2023-12-18T21:37:52.502921+00:00
[2023-12-18T22:37:52.529+0100] {processor.py:179} INFO - Processing /Users/user/Desktop/Learning/AIRFLOW-TUTORIAL/py_env/lib/python3.11/site-packages/airflow/example_dags/example_skip_dag.py took 1.141 seconds
[2023-12-18T22:40:18.429+0100] {processor.py:157} INFO - Started process (PID=26303) to work on /Users/user/Desktop/Learning/AIRFLOW-TUTORIAL/py_env/lib/python3.11/site-packages/airflow/example_dags/example_skip_dag.py
[2023-12-18T22:40:18.435+0100] {processor.py:829} INFO - Processing file /Users/user/Desktop/Learning/AIRFLOW-TUTORIAL/py_env/lib/python3.11/site-packages/airflow/example_dags/example_skip_dag.py for tasks to queue
[2023-12-18T22:40:18.435+0100] {logging_mixin.py:154} INFO - [2023-12-18T22:40:18.435+0100] {dagbag.py:536} INFO - Filling up the DagBag from /Users/user/Desktop/Learning/AIRFLOW-TUTORIAL/py_env/lib/python3.11/site-packages/airflow/example_dags/example_skip_dag.py
[2023-12-18T22:40:18.465+0100] {processor.py:839} INFO - DAG(s) dict_keys(['example_skip_dag']) retrieved from /Users/user/Desktop/Learning/AIRFLOW-TUTORIAL/py_env/lib/python3.11/site-packages/airflow/example_dags/example_skip_dag.py
[2023-12-18T22:40:18.649+0100] {logging_mixin.py:154} INFO - [2023-12-18T22:40:18.648+0100] {dag.py:2941} INFO - Sync 1 DAGs
[2023-12-18T22:40:18.666+0100] {logging_mixin.py:154} INFO - [2023-12-18T22:40:18.666+0100] {dag.py:3722} INFO - Setting next_dagrun for example_skip_dag to 2023-12-17T21:40:18.666434+00:00, run_after=2023-12-18T21:40:18.666434+00:00
[2023-12-18T22:40:18.685+0100] {processor.py:179} INFO - Processing /Users/user/Desktop/Learning/AIRFLOW-TUTORIAL/py_env/lib/python3.11/site-packages/airflow/example_dags/example_skip_dag.py took 0.257 seconds
[2023-12-18T22:41:49.987+0100] {processor.py:157} INFO - Started process (PID=27045) to work on /Users/user/Desktop/Learning/AIRFLOW-TUTORIAL/py_env/lib/python3.11/site-packages/airflow/example_dags/example_skip_dag.py
[2023-12-18T22:41:49.993+0100] {processor.py:829} INFO - Processing file /Users/user/Desktop/Learning/AIRFLOW-TUTORIAL/py_env/lib/python3.11/site-packages/airflow/example_dags/example_skip_dag.py for tasks to queue
[2023-12-18T22:41:49.994+0100] {logging_mixin.py:154} INFO - [2023-12-18T22:41:49.994+0100] {dagbag.py:536} INFO - Filling up the DagBag from /Users/user/Desktop/Learning/AIRFLOW-TUTORIAL/py_env/lib/python3.11/site-packages/airflow/example_dags/example_skip_dag.py
[2023-12-18T22:41:50.036+0100] {processor.py:839} INFO - DAG(s) dict_keys(['example_skip_dag']) retrieved from /Users/user/Desktop/Learning/AIRFLOW-TUTORIAL/py_env/lib/python3.11/site-packages/airflow/example_dags/example_skip_dag.py
[2023-12-18T22:41:50.332+0100] {logging_mixin.py:154} INFO - [2023-12-18T22:41:50.332+0100] {dag.py:2941} INFO - Sync 1 DAGs
[2023-12-18T22:41:50.358+0100] {logging_mixin.py:154} INFO - [2023-12-18T22:41:50.358+0100] {dag.py:3722} INFO - Setting next_dagrun for example_skip_dag to 2023-12-17T21:41:50.358168+00:00, run_after=2023-12-18T21:41:50.358168+00:00
[2023-12-18T22:41:50.383+0100] {processor.py:179} INFO - Processing /Users/user/Desktop/Learning/AIRFLOW-TUTORIAL/py_env/lib/python3.11/site-packages/airflow/example_dags/example_skip_dag.py took 0.398 seconds
[2023-12-18T22:43:22.091+0100] {processor.py:157} INFO - Started process (PID=27759) to work on /Users/user/Desktop/Learning/AIRFLOW-TUTORIAL/py_env/lib/python3.11/site-packages/airflow/example_dags/example_skip_dag.py
[2023-12-18T22:43:22.096+0100] {processor.py:829} INFO - Processing file /Users/user/Desktop/Learning/AIRFLOW-TUTORIAL/py_env/lib/python3.11/site-packages/airflow/example_dags/example_skip_dag.py for tasks to queue
[2023-12-18T22:43:22.097+0100] {logging_mixin.py:154} INFO - [2023-12-18T22:43:22.097+0100] {dagbag.py:536} INFO - Filling up the DagBag from /Users/user/Desktop/Learning/AIRFLOW-TUTORIAL/py_env/lib/python3.11/site-packages/airflow/example_dags/example_skip_dag.py
[2023-12-18T22:43:22.129+0100] {processor.py:839} INFO - DAG(s) dict_keys(['example_skip_dag']) retrieved from /Users/user/Desktop/Learning/AIRFLOW-TUTORIAL/py_env/lib/python3.11/site-packages/airflow/example_dags/example_skip_dag.py
[2023-12-18T22:43:22.389+0100] {logging_mixin.py:154} INFO - [2023-12-18T22:43:22.388+0100] {dag.py:2941} INFO - Sync 1 DAGs
[2023-12-18T22:43:22.414+0100] {logging_mixin.py:154} INFO - [2023-12-18T22:43:22.414+0100] {dag.py:3722} INFO - Setting next_dagrun for example_skip_dag to 2023-12-17T21:43:22.414043+00:00, run_after=2023-12-18T21:43:22.414043+00:00
[2023-12-18T22:43:22.443+0100] {processor.py:179} INFO - Processing /Users/user/Desktop/Learning/AIRFLOW-TUTORIAL/py_env/lib/python3.11/site-packages/airflow/example_dags/example_skip_dag.py took 0.352 seconds
[2023-12-18T22:44:54.243+0100] {processor.py:157} INFO - Started process (PID=28558) to work on /Users/user/Desktop/Learning/AIRFLOW-TUTORIAL/py_env/lib/python3.11/site-packages/airflow/example_dags/example_skip_dag.py
[2023-12-18T22:44:54.247+0100] {processor.py:829} INFO - Processing file /Users/user/Desktop/Learning/AIRFLOW-TUTORIAL/py_env/lib/python3.11/site-packages/airflow/example_dags/example_skip_dag.py for tasks to queue
[2023-12-18T22:44:54.247+0100] {logging_mixin.py:154} INFO - [2023-12-18T22:44:54.247+0100] {dagbag.py:536} INFO - Filling up the DagBag from /Users/user/Desktop/Learning/AIRFLOW-TUTORIAL/py_env/lib/python3.11/site-packages/airflow/example_dags/example_skip_dag.py
[2023-12-18T22:44:54.275+0100] {processor.py:839} INFO - DAG(s) dict_keys(['example_skip_dag']) retrieved from /Users/user/Desktop/Learning/AIRFLOW-TUTORIAL/py_env/lib/python3.11/site-packages/airflow/example_dags/example_skip_dag.py
[2023-12-18T22:44:54.485+0100] {logging_mixin.py:154} INFO - [2023-12-18T22:44:54.484+0100] {dag.py:2941} INFO - Sync 1 DAGs
[2023-12-18T22:44:54.504+0100] {logging_mixin.py:154} INFO - [2023-12-18T22:44:54.503+0100] {dag.py:3722} INFO - Setting next_dagrun for example_skip_dag to 2023-12-17T21:44:54.503755+00:00, run_after=2023-12-18T21:44:54.503755+00:00
[2023-12-18T22:44:54.526+0100] {processor.py:179} INFO - Processing /Users/user/Desktop/Learning/AIRFLOW-TUTORIAL/py_env/lib/python3.11/site-packages/airflow/example_dags/example_skip_dag.py took 0.283 seconds
[2023-12-18T22:46:30.552+0100] {processor.py:157} INFO - Started process (PID=29290) to work on /Users/user/Desktop/Learning/AIRFLOW-TUTORIAL/py_env/lib/python3.11/site-packages/airflow/example_dags/example_skip_dag.py
[2023-12-18T22:46:30.556+0100] {processor.py:829} INFO - Processing file /Users/user/Desktop/Learning/AIRFLOW-TUTORIAL/py_env/lib/python3.11/site-packages/airflow/example_dags/example_skip_dag.py for tasks to queue
[2023-12-18T22:46:30.557+0100] {logging_mixin.py:154} INFO - [2023-12-18T22:46:30.557+0100] {dagbag.py:536} INFO - Filling up the DagBag from /Users/user/Desktop/Learning/AIRFLOW-TUTORIAL/py_env/lib/python3.11/site-packages/airflow/example_dags/example_skip_dag.py
[2023-12-18T22:46:30.588+0100] {processor.py:839} INFO - DAG(s) dict_keys(['example_skip_dag']) retrieved from /Users/user/Desktop/Learning/AIRFLOW-TUTORIAL/py_env/lib/python3.11/site-packages/airflow/example_dags/example_skip_dag.py
[2023-12-18T22:46:30.787+0100] {logging_mixin.py:154} INFO - [2023-12-18T22:46:30.786+0100] {dag.py:2941} INFO - Sync 1 DAGs
[2023-12-18T22:46:30.804+0100] {logging_mixin.py:154} INFO - [2023-12-18T22:46:30.804+0100] {dag.py:3722} INFO - Setting next_dagrun for example_skip_dag to 2023-12-17T21:46:30.804431+00:00, run_after=2023-12-18T21:46:30.804431+00:00
[2023-12-18T22:46:30.826+0100] {processor.py:179} INFO - Processing /Users/user/Desktop/Learning/AIRFLOW-TUTORIAL/py_env/lib/python3.11/site-packages/airflow/example_dags/example_skip_dag.py took 0.274 seconds
[2023-12-18T22:48:15.575+0100] {processor.py:157} INFO - Started process (PID=30108) to work on /Users/user/Desktop/Learning/AIRFLOW-TUTORIAL/py_env/lib/python3.11/site-packages/airflow/example_dags/example_skip_dag.py
[2023-12-18T22:48:15.579+0100] {processor.py:829} INFO - Processing file /Users/user/Desktop/Learning/AIRFLOW-TUTORIAL/py_env/lib/python3.11/site-packages/airflow/example_dags/example_skip_dag.py for tasks to queue
[2023-12-18T22:48:15.579+0100] {logging_mixin.py:154} INFO - [2023-12-18T22:48:15.579+0100] {dagbag.py:536} INFO - Filling up the DagBag from /Users/user/Desktop/Learning/AIRFLOW-TUTORIAL/py_env/lib/python3.11/site-packages/airflow/example_dags/example_skip_dag.py
[2023-12-18T22:48:15.606+0100] {processor.py:839} INFO - DAG(s) dict_keys(['example_skip_dag']) retrieved from /Users/user/Desktop/Learning/AIRFLOW-TUTORIAL/py_env/lib/python3.11/site-packages/airflow/example_dags/example_skip_dag.py
[2023-12-18T22:48:15.785+0100] {logging_mixin.py:154} INFO - [2023-12-18T22:48:15.785+0100] {dag.py:2941} INFO - Sync 1 DAGs
[2023-12-18T22:48:15.806+0100] {logging_mixin.py:154} INFO - [2023-12-18T22:48:15.806+0100] {dag.py:3722} INFO - Setting next_dagrun for example_skip_dag to 2023-12-17T21:48:15.805950+00:00, run_after=2023-12-18T21:48:15.805950+00:00
[2023-12-18T22:48:15.829+0100] {processor.py:179} INFO - Processing /Users/user/Desktop/Learning/AIRFLOW-TUTORIAL/py_env/lib/python3.11/site-packages/airflow/example_dags/example_skip_dag.py took 0.255 seconds
[2023-12-18T22:49:52.501+0100] {processor.py:157} INFO - Started process (PID=31003) to work on /Users/user/Desktop/Learning/AIRFLOW-TUTORIAL/py_env/lib/python3.11/site-packages/airflow/example_dags/example_skip_dag.py
[2023-12-18T22:49:52.505+0100] {processor.py:829} INFO - Processing file /Users/user/Desktop/Learning/AIRFLOW-TUTORIAL/py_env/lib/python3.11/site-packages/airflow/example_dags/example_skip_dag.py for tasks to queue
[2023-12-18T22:49:52.506+0100] {logging_mixin.py:154} INFO - [2023-12-18T22:49:52.506+0100] {dagbag.py:536} INFO - Filling up the DagBag from /Users/user/Desktop/Learning/AIRFLOW-TUTORIAL/py_env/lib/python3.11/site-packages/airflow/example_dags/example_skip_dag.py
[2023-12-18T22:49:52.534+0100] {processor.py:839} INFO - DAG(s) dict_keys(['example_skip_dag']) retrieved from /Users/user/Desktop/Learning/AIRFLOW-TUTORIAL/py_env/lib/python3.11/site-packages/airflow/example_dags/example_skip_dag.py
[2023-12-18T22:49:52.729+0100] {logging_mixin.py:154} INFO - [2023-12-18T22:49:52.728+0100] {dag.py:2941} INFO - Sync 1 DAGs
[2023-12-18T22:49:52.749+0100] {logging_mixin.py:154} INFO - [2023-12-18T22:49:52.749+0100] {dag.py:3722} INFO - Setting next_dagrun for example_skip_dag to 2023-12-17T21:49:52.749160+00:00, run_after=2023-12-18T21:49:52.749160+00:00
[2023-12-18T22:49:52.776+0100] {processor.py:179} INFO - Processing /Users/user/Desktop/Learning/AIRFLOW-TUTORIAL/py_env/lib/python3.11/site-packages/airflow/example_dags/example_skip_dag.py took 0.276 seconds
[2023-12-18T22:51:34.131+0100] {processor.py:157} INFO - Started process (PID=31737) to work on /Users/user/Desktop/Learning/AIRFLOW-TUTORIAL/py_env/lib/python3.11/site-packages/airflow/example_dags/example_skip_dag.py
[2023-12-18T22:51:34.135+0100] {processor.py:829} INFO - Processing file /Users/user/Desktop/Learning/AIRFLOW-TUTORIAL/py_env/lib/python3.11/site-packages/airflow/example_dags/example_skip_dag.py for tasks to queue
[2023-12-18T22:51:34.135+0100] {logging_mixin.py:154} INFO - [2023-12-18T22:51:34.135+0100] {dagbag.py:536} INFO - Filling up the DagBag from /Users/user/Desktop/Learning/AIRFLOW-TUTORIAL/py_env/lib/python3.11/site-packages/airflow/example_dags/example_skip_dag.py
[2023-12-18T22:51:34.165+0100] {processor.py:839} INFO - DAG(s) dict_keys(['example_skip_dag']) retrieved from /Users/user/Desktop/Learning/AIRFLOW-TUTORIAL/py_env/lib/python3.11/site-packages/airflow/example_dags/example_skip_dag.py
[2023-12-18T22:51:34.386+0100] {logging_mixin.py:154} INFO - [2023-12-18T22:51:34.386+0100] {dag.py:2941} INFO - Sync 1 DAGs
[2023-12-18T22:51:34.404+0100] {logging_mixin.py:154} INFO - [2023-12-18T22:51:34.404+0100] {dag.py:3722} INFO - Setting next_dagrun for example_skip_dag to 2023-12-17T21:51:34.404552+00:00, run_after=2023-12-18T21:51:34.404552+00:00
[2023-12-18T22:51:34.426+0100] {processor.py:179} INFO - Processing /Users/user/Desktop/Learning/AIRFLOW-TUTORIAL/py_env/lib/python3.11/site-packages/airflow/example_dags/example_skip_dag.py took 0.296 seconds
[2023-12-18T22:53:24.807+0100] {processor.py:157} INFO - Started process (PID=32737) to work on /Users/user/Desktop/Learning/AIRFLOW-TUTORIAL/py_env/lib/python3.11/site-packages/airflow/example_dags/example_skip_dag.py
[2023-12-18T22:53:24.813+0100] {processor.py:829} INFO - Processing file /Users/user/Desktop/Learning/AIRFLOW-TUTORIAL/py_env/lib/python3.11/site-packages/airflow/example_dags/example_skip_dag.py for tasks to queue
[2023-12-18T22:53:24.814+0100] {logging_mixin.py:154} INFO - [2023-12-18T22:53:24.813+0100] {dagbag.py:536} INFO - Filling up the DagBag from /Users/user/Desktop/Learning/AIRFLOW-TUTORIAL/py_env/lib/python3.11/site-packages/airflow/example_dags/example_skip_dag.py
[2023-12-18T22:53:24.849+0100] {processor.py:839} INFO - DAG(s) dict_keys(['example_skip_dag']) retrieved from /Users/user/Desktop/Learning/AIRFLOW-TUTORIAL/py_env/lib/python3.11/site-packages/airflow/example_dags/example_skip_dag.py
[2023-12-18T22:53:25.102+0100] {logging_mixin.py:154} INFO - [2023-12-18T22:53:25.102+0100] {dag.py:2941} INFO - Sync 1 DAGs
[2023-12-18T22:53:25.129+0100] {logging_mixin.py:154} INFO - [2023-12-18T22:53:25.128+0100] {dag.py:3722} INFO - Setting next_dagrun for example_skip_dag to 2023-12-17T21:53:25.128410+00:00, run_after=2023-12-18T21:53:25.128410+00:00
[2023-12-18T22:53:25.159+0100] {processor.py:179} INFO - Processing /Users/user/Desktop/Learning/AIRFLOW-TUTORIAL/py_env/lib/python3.11/site-packages/airflow/example_dags/example_skip_dag.py took 0.353 seconds
[2023-12-18T22:55:14.782+0100] {processor.py:157} INFO - Started process (PID=33557) to work on /Users/user/Desktop/Learning/AIRFLOW-TUTORIAL/py_env/lib/python3.11/site-packages/airflow/example_dags/example_skip_dag.py
[2023-12-18T22:55:14.787+0100] {processor.py:829} INFO - Processing file /Users/user/Desktop/Learning/AIRFLOW-TUTORIAL/py_env/lib/python3.11/site-packages/airflow/example_dags/example_skip_dag.py for tasks to queue
[2023-12-18T22:55:14.787+0100] {logging_mixin.py:154} INFO - [2023-12-18T22:55:14.787+0100] {dagbag.py:536} INFO - Filling up the DagBag from /Users/user/Desktop/Learning/AIRFLOW-TUTORIAL/py_env/lib/python3.11/site-packages/airflow/example_dags/example_skip_dag.py
[2023-12-18T22:55:14.814+0100] {processor.py:839} INFO - DAG(s) dict_keys(['example_skip_dag']) retrieved from /Users/user/Desktop/Learning/AIRFLOW-TUTORIAL/py_env/lib/python3.11/site-packages/airflow/example_dags/example_skip_dag.py
[2023-12-18T22:55:14.988+0100] {logging_mixin.py:154} INFO - [2023-12-18T22:55:14.987+0100] {dag.py:2941} INFO - Sync 1 DAGs
[2023-12-18T22:55:15.006+0100] {logging_mixin.py:154} INFO - [2023-12-18T22:55:15.006+0100] {dag.py:3722} INFO - Setting next_dagrun for example_skip_dag to 2023-12-17T21:55:15.006171+00:00, run_after=2023-12-18T21:55:15.006171+00:00
[2023-12-18T22:55:15.026+0100] {processor.py:179} INFO - Processing /Users/user/Desktop/Learning/AIRFLOW-TUTORIAL/py_env/lib/python3.11/site-packages/airflow/example_dags/example_skip_dag.py took 0.245 seconds
[2023-12-18T22:56:56.196+0100] {processor.py:157} INFO - Started process (PID=34371) to work on /Users/user/Desktop/Learning/AIRFLOW-TUTORIAL/py_env/lib/python3.11/site-packages/airflow/example_dags/example_skip_dag.py
[2023-12-18T22:56:56.201+0100] {processor.py:829} INFO - Processing file /Users/user/Desktop/Learning/AIRFLOW-TUTORIAL/py_env/lib/python3.11/site-packages/airflow/example_dags/example_skip_dag.py for tasks to queue
[2023-12-18T22:56:56.201+0100] {logging_mixin.py:154} INFO - [2023-12-18T22:56:56.201+0100] {dagbag.py:536} INFO - Filling up the DagBag from /Users/user/Desktop/Learning/AIRFLOW-TUTORIAL/py_env/lib/python3.11/site-packages/airflow/example_dags/example_skip_dag.py
[2023-12-18T22:56:56.225+0100] {processor.py:839} INFO - DAG(s) dict_keys(['example_skip_dag']) retrieved from /Users/user/Desktop/Learning/AIRFLOW-TUTORIAL/py_env/lib/python3.11/site-packages/airflow/example_dags/example_skip_dag.py
[2023-12-18T22:56:56.386+0100] {logging_mixin.py:154} INFO - [2023-12-18T22:56:56.386+0100] {dag.py:2941} INFO - Sync 1 DAGs
[2023-12-18T22:56:56.402+0100] {logging_mixin.py:154} INFO - [2023-12-18T22:56:56.401+0100] {dag.py:3722} INFO - Setting next_dagrun for example_skip_dag to 2023-12-17T21:56:56.401719+00:00, run_after=2023-12-18T21:56:56.401719+00:00
[2023-12-18T22:56:56.419+0100] {processor.py:179} INFO - Processing /Users/user/Desktop/Learning/AIRFLOW-TUTORIAL/py_env/lib/python3.11/site-packages/airflow/example_dags/example_skip_dag.py took 0.224 seconds
[2023-12-18T22:58:44.359+0100] {processor.py:157} INFO - Started process (PID=35209) to work on /Users/user/Desktop/Learning/AIRFLOW-TUTORIAL/py_env/lib/python3.11/site-packages/airflow/example_dags/example_skip_dag.py
[2023-12-18T22:58:44.364+0100] {processor.py:829} INFO - Processing file /Users/user/Desktop/Learning/AIRFLOW-TUTORIAL/py_env/lib/python3.11/site-packages/airflow/example_dags/example_skip_dag.py for tasks to queue
[2023-12-18T22:58:44.364+0100] {logging_mixin.py:154} INFO - [2023-12-18T22:58:44.364+0100] {dagbag.py:536} INFO - Filling up the DagBag from /Users/user/Desktop/Learning/AIRFLOW-TUTORIAL/py_env/lib/python3.11/site-packages/airflow/example_dags/example_skip_dag.py
[2023-12-18T22:58:44.391+0100] {processor.py:839} INFO - DAG(s) dict_keys(['example_skip_dag']) retrieved from /Users/user/Desktop/Learning/AIRFLOW-TUTORIAL/py_env/lib/python3.11/site-packages/airflow/example_dags/example_skip_dag.py
[2023-12-18T22:58:44.575+0100] {logging_mixin.py:154} INFO - [2023-12-18T22:58:44.575+0100] {dag.py:2941} INFO - Sync 1 DAGs
[2023-12-18T22:58:44.591+0100] {logging_mixin.py:154} INFO - [2023-12-18T22:58:44.591+0100] {dag.py:3722} INFO - Setting next_dagrun for example_skip_dag to 2023-12-17T21:58:44.591435+00:00, run_after=2023-12-18T21:58:44.591435+00:00
[2023-12-18T22:58:44.612+0100] {processor.py:179} INFO - Processing /Users/user/Desktop/Learning/AIRFLOW-TUTORIAL/py_env/lib/python3.11/site-packages/airflow/example_dags/example_skip_dag.py took 0.254 seconds
[2023-12-18T23:00:24.732+0100] {processor.py:157} INFO - Started process (PID=35865) to work on /Users/user/Desktop/Learning/AIRFLOW-TUTORIAL/py_env/lib/python3.11/site-packages/airflow/example_dags/example_skip_dag.py
[2023-12-18T23:00:24.736+0100] {processor.py:829} INFO - Processing file /Users/user/Desktop/Learning/AIRFLOW-TUTORIAL/py_env/lib/python3.11/site-packages/airflow/example_dags/example_skip_dag.py for tasks to queue
[2023-12-18T23:00:24.737+0100] {logging_mixin.py:154} INFO - [2023-12-18T23:00:24.736+0100] {dagbag.py:536} INFO - Filling up the DagBag from /Users/user/Desktop/Learning/AIRFLOW-TUTORIAL/py_env/lib/python3.11/site-packages/airflow/example_dags/example_skip_dag.py
[2023-12-18T23:00:24.762+0100] {processor.py:839} INFO - DAG(s) dict_keys(['example_skip_dag']) retrieved from /Users/user/Desktop/Learning/AIRFLOW-TUTORIAL/py_env/lib/python3.11/site-packages/airflow/example_dags/example_skip_dag.py
[2023-12-18T23:00:24.930+0100] {logging_mixin.py:154} INFO - [2023-12-18T23:00:24.930+0100] {dag.py:2941} INFO - Sync 1 DAGs
[2023-12-18T23:00:24.945+0100] {logging_mixin.py:154} INFO - [2023-12-18T23:00:24.945+0100] {dag.py:3722} INFO - Setting next_dagrun for example_skip_dag to 2023-12-17T22:00:24.945461+00:00, run_after=2023-12-18T22:00:24.945461+00:00
[2023-12-18T23:00:24.963+0100] {processor.py:179} INFO - Processing /Users/user/Desktop/Learning/AIRFLOW-TUTORIAL/py_env/lib/python3.11/site-packages/airflow/example_dags/example_skip_dag.py took 0.232 seconds
[2023-12-18T23:02:09.021+0100] {processor.py:157} INFO - Started process (PID=36611) to work on /Users/user/Desktop/Learning/AIRFLOW-TUTORIAL/py_env/lib/python3.11/site-packages/airflow/example_dags/example_skip_dag.py
[2023-12-18T23:02:09.025+0100] {processor.py:829} INFO - Processing file /Users/user/Desktop/Learning/AIRFLOW-TUTORIAL/py_env/lib/python3.11/site-packages/airflow/example_dags/example_skip_dag.py for tasks to queue
[2023-12-18T23:02:09.026+0100] {logging_mixin.py:154} INFO - [2023-12-18T23:02:09.026+0100] {dagbag.py:536} INFO - Filling up the DagBag from /Users/user/Desktop/Learning/AIRFLOW-TUTORIAL/py_env/lib/python3.11/site-packages/airflow/example_dags/example_skip_dag.py
[2023-12-18T23:02:09.056+0100] {processor.py:839} INFO - DAG(s) dict_keys(['example_skip_dag']) retrieved from /Users/user/Desktop/Learning/AIRFLOW-TUTORIAL/py_env/lib/python3.11/site-packages/airflow/example_dags/example_skip_dag.py
[2023-12-18T23:02:09.299+0100] {logging_mixin.py:154} INFO - [2023-12-18T23:02:09.299+0100] {dag.py:2941} INFO - Sync 1 DAGs
[2023-12-18T23:02:09.319+0100] {logging_mixin.py:154} INFO - [2023-12-18T23:02:09.318+0100] {dag.py:3722} INFO - Setting next_dagrun for example_skip_dag to 2023-12-17T22:02:09.318766+00:00, run_after=2023-12-18T22:02:09.318766+00:00
[2023-12-18T23:02:09.340+0100] {processor.py:179} INFO - Processing /Users/user/Desktop/Learning/AIRFLOW-TUTORIAL/py_env/lib/python3.11/site-packages/airflow/example_dags/example_skip_dag.py took 0.320 seconds
[2023-12-18T23:05:06.514+0100] {processor.py:157} INFO - Started process (PID=37465) to work on /Users/user/Desktop/Learning/AIRFLOW-TUTORIAL/py_env/lib/python3.11/site-packages/airflow/example_dags/example_skip_dag.py
[2023-12-18T23:05:06.521+0100] {processor.py:829} INFO - Processing file /Users/user/Desktop/Learning/AIRFLOW-TUTORIAL/py_env/lib/python3.11/site-packages/airflow/example_dags/example_skip_dag.py for tasks to queue
[2023-12-18T23:05:06.522+0100] {logging_mixin.py:154} INFO - [2023-12-18T23:05:06.522+0100] {dagbag.py:536} INFO - Filling up the DagBag from /Users/user/Desktop/Learning/AIRFLOW-TUTORIAL/py_env/lib/python3.11/site-packages/airflow/example_dags/example_skip_dag.py
[2023-12-18T23:05:06.565+0100] {processor.py:839} INFO - DAG(s) dict_keys(['example_skip_dag']) retrieved from /Users/user/Desktop/Learning/AIRFLOW-TUTORIAL/py_env/lib/python3.11/site-packages/airflow/example_dags/example_skip_dag.py
[2023-12-18T23:05:06.844+0100] {logging_mixin.py:154} INFO - [2023-12-18T23:05:06.843+0100] {dag.py:2941} INFO - Sync 1 DAGs
[2023-12-18T23:05:06.870+0100] {logging_mixin.py:154} INFO - [2023-12-18T23:05:06.869+0100] {dag.py:3722} INFO - Setting next_dagrun for example_skip_dag to 2023-12-17T22:05:06.869620+00:00, run_after=2023-12-18T22:05:06.869620+00:00
[2023-12-18T23:05:06.899+0100] {processor.py:179} INFO - Processing /Users/user/Desktop/Learning/AIRFLOW-TUTORIAL/py_env/lib/python3.11/site-packages/airflow/example_dags/example_skip_dag.py took 0.386 seconds
[2023-12-18T23:07:28.511+0100] {processor.py:157} INFO - Started process (PID=38505) to work on /Users/user/Desktop/Learning/AIRFLOW-TUTORIAL/py_env/lib/python3.11/site-packages/airflow/example_dags/example_skip_dag.py
[2023-12-18T23:07:28.516+0100] {processor.py:829} INFO - Processing file /Users/user/Desktop/Learning/AIRFLOW-TUTORIAL/py_env/lib/python3.11/site-packages/airflow/example_dags/example_skip_dag.py for tasks to queue
[2023-12-18T23:07:28.517+0100] {logging_mixin.py:154} INFO - [2023-12-18T23:07:28.517+0100] {dagbag.py:536} INFO - Filling up the DagBag from /Users/user/Desktop/Learning/AIRFLOW-TUTORIAL/py_env/lib/python3.11/site-packages/airflow/example_dags/example_skip_dag.py
[2023-12-18T23:07:28.550+0100] {processor.py:839} INFO - DAG(s) dict_keys(['example_skip_dag']) retrieved from /Users/user/Desktop/Learning/AIRFLOW-TUTORIAL/py_env/lib/python3.11/site-packages/airflow/example_dags/example_skip_dag.py
[2023-12-18T23:07:28.749+0100] {logging_mixin.py:154} INFO - [2023-12-18T23:07:28.748+0100] {dag.py:2941} INFO - Sync 1 DAGs
[2023-12-18T23:07:28.767+0100] {logging_mixin.py:154} INFO - [2023-12-18T23:07:28.767+0100] {dag.py:3722} INFO - Setting next_dagrun for example_skip_dag to 2023-12-17T22:07:28.767496+00:00, run_after=2023-12-18T22:07:28.767496+00:00
[2023-12-18T23:07:28.793+0100] {processor.py:179} INFO - Processing /Users/user/Desktop/Learning/AIRFLOW-TUTORIAL/py_env/lib/python3.11/site-packages/airflow/example_dags/example_skip_dag.py took 0.283 seconds
