[2023-12-18T22:37:46.814+0100] {processor.py:157} INFO - Started process (PID=25093) to work on /Users/user/Desktop/Learning/AIRFLOW-TUTORIAL/py_env/lib/python3.11/site-packages/airflow/example_dags/example_sla_dag.py
[2023-12-18T22:37:46.822+0100] {processor.py:829} INFO - Processing file /Users/user/Desktop/Learning/AIRFLOW-TUTORIAL/py_env/lib/python3.11/site-packages/airflow/example_dags/example_sla_dag.py for tasks to queue
[2023-12-18T22:37:46.823+0100] {logging_mixin.py:154} INFO - [2023-12-18T22:37:46.823+0100] {dagbag.py:536} INFO - Filling up the DagBag from /Users/user/Desktop/Learning/AIRFLOW-TUTORIAL/py_env/lib/python3.11/site-packages/airflow/example_dags/example_sla_dag.py
[2023-12-18T22:37:46.939+0100] {processor.py:839} INFO - DAG(s) dict_keys(['example_sla_dag']) retrieved from /Users/user/Desktop/Learning/AIRFLOW-TUTORIAL/py_env/lib/python3.11/site-packages/airflow/example_dags/example_sla_dag.py
[2023-12-18T22:37:47.951+0100] {logging_mixin.py:154} INFO - [2023-12-18T22:37:47.951+0100] {manager.py:499} INFO - Created Permission View: %s
[2023-12-18T22:37:47.968+0100] {logging_mixin.py:154} INFO - [2023-12-18T22:37:47.967+0100] {manager.py:499} INFO - Created Permission View: %s
[2023-12-18T22:37:47.979+0100] {logging_mixin.py:154} INFO - [2023-12-18T22:37:47.978+0100] {manager.py:499} INFO - Created Permission View: %s
[2023-12-18T22:37:47.979+0100] {logging_mixin.py:154} INFO - [2023-12-18T22:37:47.979+0100] {dag.py:2941} INFO - Sync 1 DAGs
[2023-12-18T22:37:47.999+0100] {logging_mixin.py:154} INFO - [2023-12-18T22:37:47.998+0100] {dag.py:2963} INFO - Creating ORM DAG for example_sla_dag
[2023-12-18T22:37:48.026+0100] {logging_mixin.py:154} INFO - [2023-12-18T22:37:48.025+0100] {dag.py:3722} INFO - Setting next_dagrun for example_sla_dag to 2023-12-18T21:34:00+00:00, run_after=2023-12-18T21:36:00+00:00
[2023-12-18T22:37:48.055+0100] {processor.py:179} INFO - Processing /Users/user/Desktop/Learning/AIRFLOW-TUTORIAL/py_env/lib/python3.11/site-packages/airflow/example_dags/example_sla_dag.py took 1.242 seconds
[2023-12-18T22:40:15.790+0100] {processor.py:157} INFO - Started process (PID=26302) to work on /Users/user/Desktop/Learning/AIRFLOW-TUTORIAL/py_env/lib/python3.11/site-packages/airflow/example_dags/example_sla_dag.py
[2023-12-18T22:40:15.795+0100] {processor.py:829} INFO - Processing file /Users/user/Desktop/Learning/AIRFLOW-TUTORIAL/py_env/lib/python3.11/site-packages/airflow/example_dags/example_sla_dag.py for tasks to queue
[2023-12-18T22:40:15.796+0100] {logging_mixin.py:154} INFO - [2023-12-18T22:40:15.796+0100] {dagbag.py:536} INFO - Filling up the DagBag from /Users/user/Desktop/Learning/AIRFLOW-TUTORIAL/py_env/lib/python3.11/site-packages/airflow/example_dags/example_sla_dag.py
[2023-12-18T22:40:15.861+0100] {processor.py:839} INFO - DAG(s) dict_keys(['example_sla_dag']) retrieved from /Users/user/Desktop/Learning/AIRFLOW-TUTORIAL/py_env/lib/python3.11/site-packages/airflow/example_dags/example_sla_dag.py
[2023-12-18T22:40:16.051+0100] {logging_mixin.py:154} INFO - [2023-12-18T22:40:16.050+0100] {dag.py:2941} INFO - Sync 1 DAGs
[2023-12-18T22:40:16.070+0100] {logging_mixin.py:154} INFO - [2023-12-18T22:40:16.070+0100] {dag.py:3722} INFO - Setting next_dagrun for example_sla_dag to 2023-12-18T21:38:00+00:00, run_after=2023-12-18T21:40:00+00:00
[2023-12-18T22:40:16.088+0100] {processor.py:179} INFO - Processing /Users/user/Desktop/Learning/AIRFLOW-TUTORIAL/py_env/lib/python3.11/site-packages/airflow/example_dags/example_sla_dag.py took 0.298 seconds
[2023-12-18T22:41:47.691+0100] {processor.py:157} INFO - Started process (PID=27038) to work on /Users/user/Desktop/Learning/AIRFLOW-TUTORIAL/py_env/lib/python3.11/site-packages/airflow/example_dags/example_sla_dag.py
[2023-12-18T22:41:47.704+0100] {processor.py:829} INFO - Processing file /Users/user/Desktop/Learning/AIRFLOW-TUTORIAL/py_env/lib/python3.11/site-packages/airflow/example_dags/example_sla_dag.py for tasks to queue
[2023-12-18T22:41:47.705+0100] {logging_mixin.py:154} INFO - [2023-12-18T22:41:47.704+0100] {dagbag.py:536} INFO - Filling up the DagBag from /Users/user/Desktop/Learning/AIRFLOW-TUTORIAL/py_env/lib/python3.11/site-packages/airflow/example_dags/example_sla_dag.py
[2023-12-18T22:41:47.769+0100] {processor.py:839} INFO - DAG(s) dict_keys(['example_sla_dag']) retrieved from /Users/user/Desktop/Learning/AIRFLOW-TUTORIAL/py_env/lib/python3.11/site-packages/airflow/example_dags/example_sla_dag.py
[2023-12-18T22:41:47.980+0100] {logging_mixin.py:154} INFO - [2023-12-18T22:41:47.979+0100] {dag.py:2941} INFO - Sync 1 DAGs
[2023-12-18T22:41:48.016+0100] {logging_mixin.py:154} INFO - [2023-12-18T22:41:48.016+0100] {dag.py:3722} INFO - Setting next_dagrun for example_sla_dag to 2023-12-18T21:38:00+00:00, run_after=2023-12-18T21:40:00+00:00
[2023-12-18T22:41:48.085+0100] {processor.py:179} INFO - Processing /Users/user/Desktop/Learning/AIRFLOW-TUTORIAL/py_env/lib/python3.11/site-packages/airflow/example_dags/example_sla_dag.py took 0.395 seconds
[2023-12-18T22:43:18.690+0100] {processor.py:157} INFO - Started process (PID=27667) to work on /Users/user/Desktop/Learning/AIRFLOW-TUTORIAL/py_env/lib/python3.11/site-packages/airflow/example_dags/example_sla_dag.py
[2023-12-18T22:43:18.695+0100] {processor.py:829} INFO - Processing file /Users/user/Desktop/Learning/AIRFLOW-TUTORIAL/py_env/lib/python3.11/site-packages/airflow/example_dags/example_sla_dag.py for tasks to queue
[2023-12-18T22:43:18.696+0100] {logging_mixin.py:154} INFO - [2023-12-18T22:43:18.696+0100] {dagbag.py:536} INFO - Filling up the DagBag from /Users/user/Desktop/Learning/AIRFLOW-TUTORIAL/py_env/lib/python3.11/site-packages/airflow/example_dags/example_sla_dag.py
[2023-12-18T22:43:18.777+0100] {processor.py:839} INFO - DAG(s) dict_keys(['example_sla_dag']) retrieved from /Users/user/Desktop/Learning/AIRFLOW-TUTORIAL/py_env/lib/python3.11/site-packages/airflow/example_dags/example_sla_dag.py
[2023-12-18T22:43:19.064+0100] {logging_mixin.py:154} INFO - [2023-12-18T22:43:19.064+0100] {dag.py:2941} INFO - Sync 1 DAGs
[2023-12-18T22:43:19.101+0100] {logging_mixin.py:154} INFO - [2023-12-18T22:43:19.101+0100] {dag.py:3722} INFO - Setting next_dagrun for example_sla_dag to 2023-12-18T21:40:00+00:00, run_after=2023-12-18T21:42:00+00:00
[2023-12-18T22:43:19.134+0100] {processor.py:179} INFO - Processing /Users/user/Desktop/Learning/AIRFLOW-TUTORIAL/py_env/lib/python3.11/site-packages/airflow/example_dags/example_sla_dag.py took 0.445 seconds
[2023-12-18T22:44:51.411+0100] {processor.py:157} INFO - Started process (PID=28552) to work on /Users/user/Desktop/Learning/AIRFLOW-TUTORIAL/py_env/lib/python3.11/site-packages/airflow/example_dags/example_sla_dag.py
[2023-12-18T22:44:51.415+0100] {processor.py:829} INFO - Processing file /Users/user/Desktop/Learning/AIRFLOW-TUTORIAL/py_env/lib/python3.11/site-packages/airflow/example_dags/example_sla_dag.py for tasks to queue
[2023-12-18T22:44:51.416+0100] {logging_mixin.py:154} INFO - [2023-12-18T22:44:51.415+0100] {dagbag.py:536} INFO - Filling up the DagBag from /Users/user/Desktop/Learning/AIRFLOW-TUTORIAL/py_env/lib/python3.11/site-packages/airflow/example_dags/example_sla_dag.py
[2023-12-18T22:44:51.475+0100] {processor.py:839} INFO - DAG(s) dict_keys(['example_sla_dag']) retrieved from /Users/user/Desktop/Learning/AIRFLOW-TUTORIAL/py_env/lib/python3.11/site-packages/airflow/example_dags/example_sla_dag.py
[2023-12-18T22:44:51.658+0100] {logging_mixin.py:154} INFO - [2023-12-18T22:44:51.657+0100] {dag.py:2941} INFO - Sync 1 DAGs
[2023-12-18T22:44:51.677+0100] {logging_mixin.py:154} INFO - [2023-12-18T22:44:51.677+0100] {dag.py:3722} INFO - Setting next_dagrun for example_sla_dag to 2023-12-18T21:42:00+00:00, run_after=2023-12-18T21:44:00+00:00
[2023-12-18T22:44:51.696+0100] {processor.py:179} INFO - Processing /Users/user/Desktop/Learning/AIRFLOW-TUTORIAL/py_env/lib/python3.11/site-packages/airflow/example_dags/example_sla_dag.py took 0.285 seconds
[2023-12-18T22:46:27.896+0100] {processor.py:157} INFO - Started process (PID=29281) to work on /Users/user/Desktop/Learning/AIRFLOW-TUTORIAL/py_env/lib/python3.11/site-packages/airflow/example_dags/example_sla_dag.py
[2023-12-18T22:46:27.901+0100] {processor.py:829} INFO - Processing file /Users/user/Desktop/Learning/AIRFLOW-TUTORIAL/py_env/lib/python3.11/site-packages/airflow/example_dags/example_sla_dag.py for tasks to queue
[2023-12-18T22:46:27.901+0100] {logging_mixin.py:154} INFO - [2023-12-18T22:46:27.901+0100] {dagbag.py:536} INFO - Filling up the DagBag from /Users/user/Desktop/Learning/AIRFLOW-TUTORIAL/py_env/lib/python3.11/site-packages/airflow/example_dags/example_sla_dag.py
[2023-12-18T22:46:27.964+0100] {processor.py:839} INFO - DAG(s) dict_keys(['example_sla_dag']) retrieved from /Users/user/Desktop/Learning/AIRFLOW-TUTORIAL/py_env/lib/python3.11/site-packages/airflow/example_dags/example_sla_dag.py
[2023-12-18T22:46:28.137+0100] {logging_mixin.py:154} INFO - [2023-12-18T22:46:28.137+0100] {dag.py:2941} INFO - Sync 1 DAGs
[2023-12-18T22:46:28.159+0100] {logging_mixin.py:154} INFO - [2023-12-18T22:46:28.159+0100] {dag.py:3722} INFO - Setting next_dagrun for example_sla_dag to 2023-12-18T21:44:00+00:00, run_after=2023-12-18T21:46:00+00:00
[2023-12-18T22:46:28.179+0100] {processor.py:179} INFO - Processing /Users/user/Desktop/Learning/AIRFLOW-TUTORIAL/py_env/lib/python3.11/site-packages/airflow/example_dags/example_sla_dag.py took 0.284 seconds
[2023-12-18T22:48:12.871+0100] {processor.py:157} INFO - Started process (PID=30107) to work on /Users/user/Desktop/Learning/AIRFLOW-TUTORIAL/py_env/lib/python3.11/site-packages/airflow/example_dags/example_sla_dag.py
[2023-12-18T22:48:12.875+0100] {processor.py:829} INFO - Processing file /Users/user/Desktop/Learning/AIRFLOW-TUTORIAL/py_env/lib/python3.11/site-packages/airflow/example_dags/example_sla_dag.py for tasks to queue
[2023-12-18T22:48:12.875+0100] {logging_mixin.py:154} INFO - [2023-12-18T22:48:12.875+0100] {dagbag.py:536} INFO - Filling up the DagBag from /Users/user/Desktop/Learning/AIRFLOW-TUTORIAL/py_env/lib/python3.11/site-packages/airflow/example_dags/example_sla_dag.py
[2023-12-18T22:48:12.935+0100] {processor.py:839} INFO - DAG(s) dict_keys(['example_sla_dag']) retrieved from /Users/user/Desktop/Learning/AIRFLOW-TUTORIAL/py_env/lib/python3.11/site-packages/airflow/example_dags/example_sla_dag.py
[2023-12-18T22:48:13.107+0100] {logging_mixin.py:154} INFO - [2023-12-18T22:48:13.107+0100] {dag.py:2941} INFO - Sync 1 DAGs
[2023-12-18T22:48:13.127+0100] {logging_mixin.py:154} INFO - [2023-12-18T22:48:13.126+0100] {dag.py:3722} INFO - Setting next_dagrun for example_sla_dag to 2023-12-18T21:46:00+00:00, run_after=2023-12-18T21:48:00+00:00
[2023-12-18T22:48:13.145+0100] {processor.py:179} INFO - Processing /Users/user/Desktop/Learning/AIRFLOW-TUTORIAL/py_env/lib/python3.11/site-packages/airflow/example_dags/example_sla_dag.py took 0.275 seconds
[2023-12-18T22:49:49.339+0100] {processor.py:157} INFO - Started process (PID=31002) to work on /Users/user/Desktop/Learning/AIRFLOW-TUTORIAL/py_env/lib/python3.11/site-packages/airflow/example_dags/example_sla_dag.py
[2023-12-18T22:49:49.344+0100] {processor.py:829} INFO - Processing file /Users/user/Desktop/Learning/AIRFLOW-TUTORIAL/py_env/lib/python3.11/site-packages/airflow/example_dags/example_sla_dag.py for tasks to queue
[2023-12-18T22:49:49.344+0100] {logging_mixin.py:154} INFO - [2023-12-18T22:49:49.344+0100] {dagbag.py:536} INFO - Filling up the DagBag from /Users/user/Desktop/Learning/AIRFLOW-TUTORIAL/py_env/lib/python3.11/site-packages/airflow/example_dags/example_sla_dag.py
[2023-12-18T22:49:49.403+0100] {processor.py:839} INFO - DAG(s) dict_keys(['example_sla_dag']) retrieved from /Users/user/Desktop/Learning/AIRFLOW-TUTORIAL/py_env/lib/python3.11/site-packages/airflow/example_dags/example_sla_dag.py
[2023-12-18T22:49:49.612+0100] {logging_mixin.py:154} INFO - [2023-12-18T22:49:49.611+0100] {dag.py:2941} INFO - Sync 1 DAGs
[2023-12-18T22:49:49.647+0100] {logging_mixin.py:154} INFO - [2023-12-18T22:49:49.647+0100] {dag.py:3722} INFO - Setting next_dagrun for example_sla_dag to 2023-12-18T21:46:00+00:00, run_after=2023-12-18T21:48:00+00:00
[2023-12-18T22:49:49.674+0100] {processor.py:179} INFO - Processing /Users/user/Desktop/Learning/AIRFLOW-TUTORIAL/py_env/lib/python3.11/site-packages/airflow/example_dags/example_sla_dag.py took 0.336 seconds
[2023-12-18T22:51:30.918+0100] {processor.py:157} INFO - Started process (PID=31731) to work on /Users/user/Desktop/Learning/AIRFLOW-TUTORIAL/py_env/lib/python3.11/site-packages/airflow/example_dags/example_sla_dag.py
[2023-12-18T22:51:30.924+0100] {processor.py:829} INFO - Processing file /Users/user/Desktop/Learning/AIRFLOW-TUTORIAL/py_env/lib/python3.11/site-packages/airflow/example_dags/example_sla_dag.py for tasks to queue
[2023-12-18T22:51:30.925+0100] {logging_mixin.py:154} INFO - [2023-12-18T22:51:30.925+0100] {dagbag.py:536} INFO - Filling up the DagBag from /Users/user/Desktop/Learning/AIRFLOW-TUTORIAL/py_env/lib/python3.11/site-packages/airflow/example_dags/example_sla_dag.py
[2023-12-18T22:51:31.013+0100] {processor.py:839} INFO - DAG(s) dict_keys(['example_sla_dag']) retrieved from /Users/user/Desktop/Learning/AIRFLOW-TUTORIAL/py_env/lib/python3.11/site-packages/airflow/example_dags/example_sla_dag.py
[2023-12-18T22:51:31.238+0100] {logging_mixin.py:154} INFO - [2023-12-18T22:51:31.238+0100] {dag.py:2941} INFO - Sync 1 DAGs
[2023-12-18T22:51:31.265+0100] {logging_mixin.py:154} INFO - [2023-12-18T22:51:31.264+0100] {dag.py:3722} INFO - Setting next_dagrun for example_sla_dag to 2023-12-18T21:48:00+00:00, run_after=2023-12-18T21:50:00+00:00
[2023-12-18T22:51:31.284+0100] {processor.py:179} INFO - Processing /Users/user/Desktop/Learning/AIRFLOW-TUTORIAL/py_env/lib/python3.11/site-packages/airflow/example_dags/example_sla_dag.py took 0.367 seconds
[2023-12-18T22:53:22.039+0100] {processor.py:157} INFO - Started process (PID=32736) to work on /Users/user/Desktop/Learning/AIRFLOW-TUTORIAL/py_env/lib/python3.11/site-packages/airflow/example_dags/example_sla_dag.py
[2023-12-18T22:53:22.043+0100] {processor.py:829} INFO - Processing file /Users/user/Desktop/Learning/AIRFLOW-TUTORIAL/py_env/lib/python3.11/site-packages/airflow/example_dags/example_sla_dag.py for tasks to queue
[2023-12-18T22:53:22.044+0100] {logging_mixin.py:154} INFO - [2023-12-18T22:53:22.044+0100] {dagbag.py:536} INFO - Filling up the DagBag from /Users/user/Desktop/Learning/AIRFLOW-TUTORIAL/py_env/lib/python3.11/site-packages/airflow/example_dags/example_sla_dag.py
[2023-12-18T22:53:22.104+0100] {processor.py:839} INFO - DAG(s) dict_keys(['example_sla_dag']) retrieved from /Users/user/Desktop/Learning/AIRFLOW-TUTORIAL/py_env/lib/python3.11/site-packages/airflow/example_dags/example_sla_dag.py
[2023-12-18T22:53:22.279+0100] {logging_mixin.py:154} INFO - [2023-12-18T22:53:22.279+0100] {dag.py:2941} INFO - Sync 1 DAGs
[2023-12-18T22:53:22.300+0100] {logging_mixin.py:154} INFO - [2023-12-18T22:53:22.300+0100] {dag.py:3722} INFO - Setting next_dagrun for example_sla_dag to 2023-12-18T21:50:00+00:00, run_after=2023-12-18T21:52:00+00:00
[2023-12-18T22:53:22.319+0100] {processor.py:179} INFO - Processing /Users/user/Desktop/Learning/AIRFLOW-TUTORIAL/py_env/lib/python3.11/site-packages/airflow/example_dags/example_sla_dag.py took 0.280 seconds
[2023-12-18T22:55:11.869+0100] {processor.py:157} INFO - Started process (PID=33556) to work on /Users/user/Desktop/Learning/AIRFLOW-TUTORIAL/py_env/lib/python3.11/site-packages/airflow/example_dags/example_sla_dag.py
[2023-12-18T22:55:11.876+0100] {processor.py:829} INFO - Processing file /Users/user/Desktop/Learning/AIRFLOW-TUTORIAL/py_env/lib/python3.11/site-packages/airflow/example_dags/example_sla_dag.py for tasks to queue
[2023-12-18T22:55:11.877+0100] {logging_mixin.py:154} INFO - [2023-12-18T22:55:11.877+0100] {dagbag.py:536} INFO - Filling up the DagBag from /Users/user/Desktop/Learning/AIRFLOW-TUTORIAL/py_env/lib/python3.11/site-packages/airflow/example_dags/example_sla_dag.py
[2023-12-18T22:55:11.975+0100] {processor.py:839} INFO - DAG(s) dict_keys(['example_sla_dag']) retrieved from /Users/user/Desktop/Learning/AIRFLOW-TUTORIAL/py_env/lib/python3.11/site-packages/airflow/example_dags/example_sla_dag.py
[2023-12-18T22:55:12.247+0100] {logging_mixin.py:154} INFO - [2023-12-18T22:55:12.246+0100] {dag.py:2941} INFO - Sync 1 DAGs
[2023-12-18T22:55:12.276+0100] {logging_mixin.py:154} INFO - [2023-12-18T22:55:12.276+0100] {dag.py:3722} INFO - Setting next_dagrun for example_sla_dag to 2023-12-18T21:52:00+00:00, run_after=2023-12-18T21:54:00+00:00
[2023-12-18T22:55:12.302+0100] {processor.py:179} INFO - Processing /Users/user/Desktop/Learning/AIRFLOW-TUTORIAL/py_env/lib/python3.11/site-packages/airflow/example_dags/example_sla_dag.py took 0.433 seconds
[2023-12-18T22:56:54.677+0100] {processor.py:157} INFO - Started process (PID=34370) to work on /Users/user/Desktop/Learning/AIRFLOW-TUTORIAL/py_env/lib/python3.11/site-packages/airflow/example_dags/example_sla_dag.py
[2023-12-18T22:56:54.680+0100] {processor.py:829} INFO - Processing file /Users/user/Desktop/Learning/AIRFLOW-TUTORIAL/py_env/lib/python3.11/site-packages/airflow/example_dags/example_sla_dag.py for tasks to queue
[2023-12-18T22:56:54.681+0100] {logging_mixin.py:154} INFO - [2023-12-18T22:56:54.681+0100] {dagbag.py:536} INFO - Filling up the DagBag from /Users/user/Desktop/Learning/AIRFLOW-TUTORIAL/py_env/lib/python3.11/site-packages/airflow/example_dags/example_sla_dag.py
[2023-12-18T22:56:54.731+0100] {processor.py:839} INFO - DAG(s) dict_keys(['example_sla_dag']) retrieved from /Users/user/Desktop/Learning/AIRFLOW-TUTORIAL/py_env/lib/python3.11/site-packages/airflow/example_dags/example_sla_dag.py
[2023-12-18T22:56:54.877+0100] {logging_mixin.py:154} INFO - [2023-12-18T22:56:54.877+0100] {dag.py:2941} INFO - Sync 1 DAGs
[2023-12-18T22:56:54.894+0100] {logging_mixin.py:154} INFO - [2023-12-18T22:56:54.893+0100] {dag.py:3722} INFO - Setting next_dagrun for example_sla_dag to 2023-12-18T21:54:00+00:00, run_after=2023-12-18T21:56:00+00:00
[2023-12-18T22:56:54.910+0100] {processor.py:179} INFO - Processing /Users/user/Desktop/Learning/AIRFLOW-TUTORIAL/py_env/lib/python3.11/site-packages/airflow/example_dags/example_sla_dag.py took 0.234 seconds
[2023-12-18T22:58:42.045+0100] {processor.py:157} INFO - Started process (PID=35112) to work on /Users/user/Desktop/Learning/AIRFLOW-TUTORIAL/py_env/lib/python3.11/site-packages/airflow/example_dags/example_sla_dag.py
[2023-12-18T22:58:42.049+0100] {processor.py:829} INFO - Processing file /Users/user/Desktop/Learning/AIRFLOW-TUTORIAL/py_env/lib/python3.11/site-packages/airflow/example_dags/example_sla_dag.py for tasks to queue
[2023-12-18T22:58:42.050+0100] {logging_mixin.py:154} INFO - [2023-12-18T22:58:42.050+0100] {dagbag.py:536} INFO - Filling up the DagBag from /Users/user/Desktop/Learning/AIRFLOW-TUTORIAL/py_env/lib/python3.11/site-packages/airflow/example_dags/example_sla_dag.py
[2023-12-18T22:58:42.107+0100] {processor.py:839} INFO - DAG(s) dict_keys(['example_sla_dag']) retrieved from /Users/user/Desktop/Learning/AIRFLOW-TUTORIAL/py_env/lib/python3.11/site-packages/airflow/example_dags/example_sla_dag.py
[2023-12-18T22:58:42.324+0100] {logging_mixin.py:154} INFO - [2023-12-18T22:58:42.323+0100] {dag.py:2941} INFO - Sync 1 DAGs
[2023-12-18T22:58:42.354+0100] {logging_mixin.py:154} INFO - [2023-12-18T22:58:42.353+0100] {dag.py:3722} INFO - Setting next_dagrun for example_sla_dag to 2023-12-18T21:56:00+00:00, run_after=2023-12-18T21:58:00+00:00
[2023-12-18T22:58:42.377+0100] {processor.py:179} INFO - Processing /Users/user/Desktop/Learning/AIRFLOW-TUTORIAL/py_env/lib/python3.11/site-packages/airflow/example_dags/example_sla_dag.py took 0.332 seconds
[2023-12-18T23:00:22.607+0100] {processor.py:157} INFO - Started process (PID=35773) to work on /Users/user/Desktop/Learning/AIRFLOW-TUTORIAL/py_env/lib/python3.11/site-packages/airflow/example_dags/example_sla_dag.py
[2023-12-18T23:00:22.611+0100] {processor.py:829} INFO - Processing file /Users/user/Desktop/Learning/AIRFLOW-TUTORIAL/py_env/lib/python3.11/site-packages/airflow/example_dags/example_sla_dag.py for tasks to queue
[2023-12-18T23:00:22.612+0100] {logging_mixin.py:154} INFO - [2023-12-18T23:00:22.612+0100] {dagbag.py:536} INFO - Filling up the DagBag from /Users/user/Desktop/Learning/AIRFLOW-TUTORIAL/py_env/lib/python3.11/site-packages/airflow/example_dags/example_sla_dag.py
[2023-12-18T23:00:22.673+0100] {processor.py:839} INFO - DAG(s) dict_keys(['example_sla_dag']) retrieved from /Users/user/Desktop/Learning/AIRFLOW-TUTORIAL/py_env/lib/python3.11/site-packages/airflow/example_dags/example_sla_dag.py
[2023-12-18T23:00:22.884+0100] {logging_mixin.py:154} INFO - [2023-12-18T23:00:22.884+0100] {dag.py:2941} INFO - Sync 1 DAGs
[2023-12-18T23:00:22.905+0100] {logging_mixin.py:154} INFO - [2023-12-18T23:00:22.905+0100] {dag.py:3722} INFO - Setting next_dagrun for example_sla_dag to 2023-12-18T21:58:00+00:00, run_after=2023-12-18T22:00:00+00:00
[2023-12-18T23:00:22.924+0100] {processor.py:179} INFO - Processing /Users/user/Desktop/Learning/AIRFLOW-TUTORIAL/py_env/lib/python3.11/site-packages/airflow/example_dags/example_sla_dag.py took 0.317 seconds
[2023-12-18T23:02:05.835+0100] {processor.py:157} INFO - Started process (PID=36518) to work on /Users/user/Desktop/Learning/AIRFLOW-TUTORIAL/py_env/lib/python3.11/site-packages/airflow/example_dags/example_sla_dag.py
[2023-12-18T23:02:05.840+0100] {processor.py:829} INFO - Processing file /Users/user/Desktop/Learning/AIRFLOW-TUTORIAL/py_env/lib/python3.11/site-packages/airflow/example_dags/example_sla_dag.py for tasks to queue
[2023-12-18T23:02:05.840+0100] {logging_mixin.py:154} INFO - [2023-12-18T23:02:05.840+0100] {dagbag.py:536} INFO - Filling up the DagBag from /Users/user/Desktop/Learning/AIRFLOW-TUTORIAL/py_env/lib/python3.11/site-packages/airflow/example_dags/example_sla_dag.py
[2023-12-18T23:02:05.897+0100] {processor.py:839} INFO - DAG(s) dict_keys(['example_sla_dag']) retrieved from /Users/user/Desktop/Learning/AIRFLOW-TUTORIAL/py_env/lib/python3.11/site-packages/airflow/example_dags/example_sla_dag.py
[2023-12-18T23:02:06.069+0100] {logging_mixin.py:154} INFO - [2023-12-18T23:02:06.069+0100] {dag.py:2941} INFO - Sync 1 DAGs
[2023-12-18T23:02:06.091+0100] {logging_mixin.py:154} INFO - [2023-12-18T23:02:06.091+0100] {dag.py:3722} INFO - Setting next_dagrun for example_sla_dag to 2023-12-18T22:00:00+00:00, run_after=2023-12-18T22:02:00+00:00
[2023-12-18T23:02:06.109+0100] {processor.py:179} INFO - Processing /Users/user/Desktop/Learning/AIRFLOW-TUTORIAL/py_env/lib/python3.11/site-packages/airflow/example_dags/example_sla_dag.py took 0.275 seconds
[2023-12-18T23:05:03.308+0100] {processor.py:157} INFO - Started process (PID=37375) to work on /Users/user/Desktop/Learning/AIRFLOW-TUTORIAL/py_env/lib/python3.11/site-packages/airflow/example_dags/example_sla_dag.py
[2023-12-18T23:05:03.316+0100] {processor.py:829} INFO - Processing file /Users/user/Desktop/Learning/AIRFLOW-TUTORIAL/py_env/lib/python3.11/site-packages/airflow/example_dags/example_sla_dag.py for tasks to queue
[2023-12-18T23:05:03.317+0100] {logging_mixin.py:154} INFO - [2023-12-18T23:05:03.317+0100] {dagbag.py:536} INFO - Filling up the DagBag from /Users/user/Desktop/Learning/AIRFLOW-TUTORIAL/py_env/lib/python3.11/site-packages/airflow/example_dags/example_sla_dag.py
[2023-12-18T23:05:03.457+0100] {processor.py:839} INFO - DAG(s) dict_keys(['example_sla_dag']) retrieved from /Users/user/Desktop/Learning/AIRFLOW-TUTORIAL/py_env/lib/python3.11/site-packages/airflow/example_dags/example_sla_dag.py
[2023-12-18T23:05:03.735+0100] {logging_mixin.py:154} INFO - [2023-12-18T23:05:03.734+0100] {dag.py:2941} INFO - Sync 1 DAGs
[2023-12-18T23:05:03.765+0100] {logging_mixin.py:154} INFO - [2023-12-18T23:05:03.765+0100] {dag.py:3722} INFO - Setting next_dagrun for example_sla_dag to 2023-12-18T22:02:00+00:00, run_after=2023-12-18T22:04:00+00:00
[2023-12-18T23:05:03.788+0100] {processor.py:179} INFO - Processing /Users/user/Desktop/Learning/AIRFLOW-TUTORIAL/py_env/lib/python3.11/site-packages/airflow/example_dags/example_sla_dag.py took 0.482 seconds
[2023-12-18T23:07:25.698+0100] {processor.py:157} INFO - Started process (PID=38504) to work on /Users/user/Desktop/Learning/AIRFLOW-TUTORIAL/py_env/lib/python3.11/site-packages/airflow/example_dags/example_sla_dag.py
[2023-12-18T23:07:25.703+0100] {processor.py:829} INFO - Processing file /Users/user/Desktop/Learning/AIRFLOW-TUTORIAL/py_env/lib/python3.11/site-packages/airflow/example_dags/example_sla_dag.py for tasks to queue
[2023-12-18T23:07:25.704+0100] {logging_mixin.py:154} INFO - [2023-12-18T23:07:25.704+0100] {dagbag.py:536} INFO - Filling up the DagBag from /Users/user/Desktop/Learning/AIRFLOW-TUTORIAL/py_env/lib/python3.11/site-packages/airflow/example_dags/example_sla_dag.py
[2023-12-18T23:07:25.771+0100] {processor.py:839} INFO - DAG(s) dict_keys(['example_sla_dag']) retrieved from /Users/user/Desktop/Learning/AIRFLOW-TUTORIAL/py_env/lib/python3.11/site-packages/airflow/example_dags/example_sla_dag.py
[2023-12-18T23:07:25.976+0100] {logging_mixin.py:154} INFO - [2023-12-18T23:07:25.975+0100] {dag.py:2941} INFO - Sync 1 DAGs
[2023-12-18T23:07:25.997+0100] {logging_mixin.py:154} INFO - [2023-12-18T23:07:25.997+0100] {dag.py:3722} INFO - Setting next_dagrun for example_sla_dag to 2023-12-18T22:04:00+00:00, run_after=2023-12-18T22:06:00+00:00
[2023-12-18T23:07:26.017+0100] {processor.py:179} INFO - Processing /Users/user/Desktop/Learning/AIRFLOW-TUTORIAL/py_env/lib/python3.11/site-packages/airflow/example_dags/example_sla_dag.py took 0.320 seconds
