[2023-12-18T22:37:00.001+0100] {processor.py:157} INFO - Started process (PID=24945) to work on /Users/user/Desktop/Learning/AIRFLOW-TUTORIAL/py_env/lib/python3.11/site-packages/airflow/example_dags/tutorial_taskflow_api_virtualenv.py
[2023-12-18T22:37:00.006+0100] {processor.py:829} INFO - Processing file /Users/user/Desktop/Learning/AIRFLOW-TUTORIAL/py_env/lib/python3.11/site-packages/airflow/example_dags/tutorial_taskflow_api_virtualenv.py for tasks to queue
[2023-12-18T22:37:00.006+0100] {logging_mixin.py:154} INFO - [2023-12-18T22:37:00.006+0100] {dagbag.py:536} INFO - Filling up the DagBag from /Users/user/Desktop/Learning/AIRFLOW-TUTORIAL/py_env/lib/python3.11/site-packages/airflow/example_dags/tutorial_taskflow_api_virtualenv.py
[2023-12-18T22:37:00.080+0100] {processor.py:839} INFO - DAG(s) dict_keys(['tutorial_taskflow_api_virtualenv']) retrieved from /Users/user/Desktop/Learning/AIRFLOW-TUTORIAL/py_env/lib/python3.11/site-packages/airflow/example_dags/tutorial_taskflow_api_virtualenv.py
[2023-12-18T22:37:01.011+0100] {logging_mixin.py:154} INFO - [2023-12-18T22:37:01.011+0100] {manager.py:499} INFO - Created Permission View: %s
[2023-12-18T22:37:01.020+0100] {logging_mixin.py:154} INFO - [2023-12-18T22:37:01.019+0100] {manager.py:499} INFO - Created Permission View: %s
[2023-12-18T22:37:01.027+0100] {logging_mixin.py:154} INFO - [2023-12-18T22:37:01.026+0100] {manager.py:499} INFO - Created Permission View: %s
[2023-12-18T22:37:01.027+0100] {logging_mixin.py:154} INFO - [2023-12-18T22:37:01.027+0100] {dag.py:2941} INFO - Sync 1 DAGs
[2023-12-18T22:37:01.037+0100] {logging_mixin.py:154} INFO - [2023-12-18T22:37:01.037+0100] {dag.py:2963} INFO - Creating ORM DAG for tutorial_taskflow_api_virtualenv
[2023-12-18T22:37:01.038+0100] {logging_mixin.py:154} INFO - [2023-12-18T22:37:01.038+0100] {dag.py:3722} INFO - Setting next_dagrun for tutorial_taskflow_api_virtualenv to None, run_after=None
[2023-12-18T22:37:01.060+0100] {processor.py:179} INFO - Processing /Users/user/Desktop/Learning/AIRFLOW-TUTORIAL/py_env/lib/python3.11/site-packages/airflow/example_dags/tutorial_taskflow_api_virtualenv.py took 1.061 seconds
[2023-12-18T22:39:42.099+0100] {processor.py:157} INFO - Started process (PID=26006) to work on /Users/user/Desktop/Learning/AIRFLOW-TUTORIAL/py_env/lib/python3.11/site-packages/airflow/example_dags/tutorial_taskflow_api_virtualenv.py
[2023-12-18T22:39:42.105+0100] {processor.py:829} INFO - Processing file /Users/user/Desktop/Learning/AIRFLOW-TUTORIAL/py_env/lib/python3.11/site-packages/airflow/example_dags/tutorial_taskflow_api_virtualenv.py for tasks to queue
[2023-12-18T22:39:42.106+0100] {logging_mixin.py:154} INFO - [2023-12-18T22:39:42.105+0100] {dagbag.py:536} INFO - Filling up the DagBag from /Users/user/Desktop/Learning/AIRFLOW-TUTORIAL/py_env/lib/python3.11/site-packages/airflow/example_dags/tutorial_taskflow_api_virtualenv.py
[2023-12-18T22:39:42.185+0100] {processor.py:839} INFO - DAG(s) dict_keys(['tutorial_taskflow_api_virtualenv']) retrieved from /Users/user/Desktop/Learning/AIRFLOW-TUTORIAL/py_env/lib/python3.11/site-packages/airflow/example_dags/tutorial_taskflow_api_virtualenv.py
[2023-12-18T22:39:42.428+0100] {logging_mixin.py:154} INFO - [2023-12-18T22:39:42.428+0100] {dag.py:2941} INFO - Sync 1 DAGs
[2023-12-18T22:39:42.441+0100] {logging_mixin.py:154} INFO - [2023-12-18T22:39:42.440+0100] {dag.py:3722} INFO - Setting next_dagrun for tutorial_taskflow_api_virtualenv to None, run_after=None
[2023-12-18T22:39:42.466+0100] {processor.py:179} INFO - Processing /Users/user/Desktop/Learning/AIRFLOW-TUTORIAL/py_env/lib/python3.11/site-packages/airflow/example_dags/tutorial_taskflow_api_virtualenv.py took 0.368 seconds
[2023-12-18T22:41:15.148+0100] {processor.py:157} INFO - Started process (PID=26812) to work on /Users/user/Desktop/Learning/AIRFLOW-TUTORIAL/py_env/lib/python3.11/site-packages/airflow/example_dags/tutorial_taskflow_api_virtualenv.py
[2023-12-18T22:41:15.152+0100] {processor.py:829} INFO - Processing file /Users/user/Desktop/Learning/AIRFLOW-TUTORIAL/py_env/lib/python3.11/site-packages/airflow/example_dags/tutorial_taskflow_api_virtualenv.py for tasks to queue
[2023-12-18T22:41:15.153+0100] {logging_mixin.py:154} INFO - [2023-12-18T22:41:15.153+0100] {dagbag.py:536} INFO - Filling up the DagBag from /Users/user/Desktop/Learning/AIRFLOW-TUTORIAL/py_env/lib/python3.11/site-packages/airflow/example_dags/tutorial_taskflow_api_virtualenv.py
[2023-12-18T22:41:15.206+0100] {processor.py:839} INFO - DAG(s) dict_keys(['tutorial_taskflow_api_virtualenv']) retrieved from /Users/user/Desktop/Learning/AIRFLOW-TUTORIAL/py_env/lib/python3.11/site-packages/airflow/example_dags/tutorial_taskflow_api_virtualenv.py
[2023-12-18T22:41:15.375+0100] {logging_mixin.py:154} INFO - [2023-12-18T22:41:15.375+0100] {dag.py:2941} INFO - Sync 1 DAGs
[2023-12-18T22:41:15.384+0100] {logging_mixin.py:154} INFO - [2023-12-18T22:41:15.384+0100] {dag.py:3722} INFO - Setting next_dagrun for tutorial_taskflow_api_virtualenv to None, run_after=None
[2023-12-18T22:41:15.402+0100] {processor.py:179} INFO - Processing /Users/user/Desktop/Learning/AIRFLOW-TUTORIAL/py_env/lib/python3.11/site-packages/airflow/example_dags/tutorial_taskflow_api_virtualenv.py took 0.255 seconds
[2023-12-18T22:42:41.438+0100] {processor.py:157} INFO - Started process (PID=27542) to work on /Users/user/Desktop/Learning/AIRFLOW-TUTORIAL/py_env/lib/python3.11/site-packages/airflow/example_dags/tutorial_taskflow_api_virtualenv.py
[2023-12-18T22:42:41.442+0100] {processor.py:829} INFO - Processing file /Users/user/Desktop/Learning/AIRFLOW-TUTORIAL/py_env/lib/python3.11/site-packages/airflow/example_dags/tutorial_taskflow_api_virtualenv.py for tasks to queue
[2023-12-18T22:42:41.442+0100] {logging_mixin.py:154} INFO - [2023-12-18T22:42:41.442+0100] {dagbag.py:536} INFO - Filling up the DagBag from /Users/user/Desktop/Learning/AIRFLOW-TUTORIAL/py_env/lib/python3.11/site-packages/airflow/example_dags/tutorial_taskflow_api_virtualenv.py
[2023-12-18T22:42:41.514+0100] {processor.py:839} INFO - DAG(s) dict_keys(['tutorial_taskflow_api_virtualenv']) retrieved from /Users/user/Desktop/Learning/AIRFLOW-TUTORIAL/py_env/lib/python3.11/site-packages/airflow/example_dags/tutorial_taskflow_api_virtualenv.py
[2023-12-18T22:42:41.703+0100] {logging_mixin.py:154} INFO - [2023-12-18T22:42:41.703+0100] {dag.py:2941} INFO - Sync 1 DAGs
[2023-12-18T22:42:41.713+0100] {logging_mixin.py:154} INFO - [2023-12-18T22:42:41.712+0100] {dag.py:3722} INFO - Setting next_dagrun for tutorial_taskflow_api_virtualenv to None, run_after=None
[2023-12-18T22:42:41.732+0100] {processor.py:179} INFO - Processing /Users/user/Desktop/Learning/AIRFLOW-TUTORIAL/py_env/lib/python3.11/site-packages/airflow/example_dags/tutorial_taskflow_api_virtualenv.py took 0.295 seconds
[2023-12-18T22:44:19.299+0100] {processor.py:157} INFO - Started process (PID=28251) to work on /Users/user/Desktop/Learning/AIRFLOW-TUTORIAL/py_env/lib/python3.11/site-packages/airflow/example_dags/tutorial_taskflow_api_virtualenv.py
[2023-12-18T22:44:19.303+0100] {processor.py:829} INFO - Processing file /Users/user/Desktop/Learning/AIRFLOW-TUTORIAL/py_env/lib/python3.11/site-packages/airflow/example_dags/tutorial_taskflow_api_virtualenv.py for tasks to queue
[2023-12-18T22:44:19.303+0100] {logging_mixin.py:154} INFO - [2023-12-18T22:44:19.303+0100] {dagbag.py:536} INFO - Filling up the DagBag from /Users/user/Desktop/Learning/AIRFLOW-TUTORIAL/py_env/lib/python3.11/site-packages/airflow/example_dags/tutorial_taskflow_api_virtualenv.py
[2023-12-18T22:44:19.359+0100] {processor.py:839} INFO - DAG(s) dict_keys(['tutorial_taskflow_api_virtualenv']) retrieved from /Users/user/Desktop/Learning/AIRFLOW-TUTORIAL/py_env/lib/python3.11/site-packages/airflow/example_dags/tutorial_taskflow_api_virtualenv.py
[2023-12-18T22:44:19.525+0100] {logging_mixin.py:154} INFO - [2023-12-18T22:44:19.524+0100] {dag.py:2941} INFO - Sync 1 DAGs
[2023-12-18T22:44:19.534+0100] {logging_mixin.py:154} INFO - [2023-12-18T22:44:19.534+0100] {dag.py:3722} INFO - Setting next_dagrun for tutorial_taskflow_api_virtualenv to None, run_after=None
[2023-12-18T22:44:19.552+0100] {processor.py:179} INFO - Processing /Users/user/Desktop/Learning/AIRFLOW-TUTORIAL/py_env/lib/python3.11/site-packages/airflow/example_dags/tutorial_taskflow_api_virtualenv.py took 0.254 seconds
[2023-12-18T22:45:56.626+0100] {processor.py:157} INFO - Started process (PID=28984) to work on /Users/user/Desktop/Learning/AIRFLOW-TUTORIAL/py_env/lib/python3.11/site-packages/airflow/example_dags/tutorial_taskflow_api_virtualenv.py
[2023-12-18T22:45:56.631+0100] {processor.py:829} INFO - Processing file /Users/user/Desktop/Learning/AIRFLOW-TUTORIAL/py_env/lib/python3.11/site-packages/airflow/example_dags/tutorial_taskflow_api_virtualenv.py for tasks to queue
[2023-12-18T22:45:56.631+0100] {logging_mixin.py:154} INFO - [2023-12-18T22:45:56.631+0100] {dagbag.py:536} INFO - Filling up the DagBag from /Users/user/Desktop/Learning/AIRFLOW-TUTORIAL/py_env/lib/python3.11/site-packages/airflow/example_dags/tutorial_taskflow_api_virtualenv.py
[2023-12-18T22:45:56.717+0100] {processor.py:839} INFO - DAG(s) dict_keys(['tutorial_taskflow_api_virtualenv']) retrieved from /Users/user/Desktop/Learning/AIRFLOW-TUTORIAL/py_env/lib/python3.11/site-packages/airflow/example_dags/tutorial_taskflow_api_virtualenv.py
[2023-12-18T22:45:56.927+0100] {logging_mixin.py:154} INFO - [2023-12-18T22:45:56.926+0100] {dag.py:2941} INFO - Sync 1 DAGs
[2023-12-18T22:45:56.938+0100] {logging_mixin.py:154} INFO - [2023-12-18T22:45:56.938+0100] {dag.py:3722} INFO - Setting next_dagrun for tutorial_taskflow_api_virtualenv to None, run_after=None
[2023-12-18T22:45:56.962+0100] {processor.py:179} INFO - Processing /Users/user/Desktop/Learning/AIRFLOW-TUTORIAL/py_env/lib/python3.11/site-packages/airflow/example_dags/tutorial_taskflow_api_virtualenv.py took 0.337 seconds
[2023-12-18T22:47:38.861+0100] {processor.py:157} INFO - Started process (PID=29746) to work on /Users/user/Desktop/Learning/AIRFLOW-TUTORIAL/py_env/lib/python3.11/site-packages/airflow/example_dags/tutorial_taskflow_api_virtualenv.py
[2023-12-18T22:47:38.865+0100] {processor.py:829} INFO - Processing file /Users/user/Desktop/Learning/AIRFLOW-TUTORIAL/py_env/lib/python3.11/site-packages/airflow/example_dags/tutorial_taskflow_api_virtualenv.py for tasks to queue
[2023-12-18T22:47:38.866+0100] {logging_mixin.py:154} INFO - [2023-12-18T22:47:38.866+0100] {dagbag.py:536} INFO - Filling up the DagBag from /Users/user/Desktop/Learning/AIRFLOW-TUTORIAL/py_env/lib/python3.11/site-packages/airflow/example_dags/tutorial_taskflow_api_virtualenv.py
[2023-12-18T22:47:38.935+0100] {processor.py:839} INFO - DAG(s) dict_keys(['tutorial_taskflow_api_virtualenv']) retrieved from /Users/user/Desktop/Learning/AIRFLOW-TUTORIAL/py_env/lib/python3.11/site-packages/airflow/example_dags/tutorial_taskflow_api_virtualenv.py
[2023-12-18T22:47:39.159+0100] {logging_mixin.py:154} INFO - [2023-12-18T22:47:39.158+0100] {dag.py:2941} INFO - Sync 1 DAGs
[2023-12-18T22:47:39.173+0100] {logging_mixin.py:154} INFO - [2023-12-18T22:47:39.173+0100] {dag.py:3722} INFO - Setting next_dagrun for tutorial_taskflow_api_virtualenv to None, run_after=None
[2023-12-18T22:47:39.200+0100] {processor.py:179} INFO - Processing /Users/user/Desktop/Learning/AIRFLOW-TUTORIAL/py_env/lib/python3.11/site-packages/airflow/example_dags/tutorial_taskflow_api_virtualenv.py took 0.339 seconds
[2023-12-18T22:49:15.974+0100] {processor.py:157} INFO - Started process (PID=30702) to work on /Users/user/Desktop/Learning/AIRFLOW-TUTORIAL/py_env/lib/python3.11/site-packages/airflow/example_dags/tutorial_taskflow_api_virtualenv.py
[2023-12-18T22:49:15.979+0100] {processor.py:829} INFO - Processing file /Users/user/Desktop/Learning/AIRFLOW-TUTORIAL/py_env/lib/python3.11/site-packages/airflow/example_dags/tutorial_taskflow_api_virtualenv.py for tasks to queue
[2023-12-18T22:49:15.980+0100] {logging_mixin.py:154} INFO - [2023-12-18T22:49:15.980+0100] {dagbag.py:536} INFO - Filling up the DagBag from /Users/user/Desktop/Learning/AIRFLOW-TUTORIAL/py_env/lib/python3.11/site-packages/airflow/example_dags/tutorial_taskflow_api_virtualenv.py
[2023-12-18T22:49:16.069+0100] {processor.py:839} INFO - DAG(s) dict_keys(['tutorial_taskflow_api_virtualenv']) retrieved from /Users/user/Desktop/Learning/AIRFLOW-TUTORIAL/py_env/lib/python3.11/site-packages/airflow/example_dags/tutorial_taskflow_api_virtualenv.py
[2023-12-18T22:49:16.252+0100] {logging_mixin.py:154} INFO - [2023-12-18T22:49:16.251+0100] {dag.py:2941} INFO - Sync 1 DAGs
[2023-12-18T22:49:16.260+0100] {logging_mixin.py:154} INFO - [2023-12-18T22:49:16.260+0100] {dag.py:3722} INFO - Setting next_dagrun for tutorial_taskflow_api_virtualenv to None, run_after=None
[2023-12-18T22:49:16.279+0100] {processor.py:179} INFO - Processing /Users/user/Desktop/Learning/AIRFLOW-TUTORIAL/py_env/lib/python3.11/site-packages/airflow/example_dags/tutorial_taskflow_api_virtualenv.py took 0.306 seconds
[2023-12-18T22:50:56.309+0100] {processor.py:157} INFO - Started process (PID=31339) to work on /Users/user/Desktop/Learning/AIRFLOW-TUTORIAL/py_env/lib/python3.11/site-packages/airflow/example_dags/tutorial_taskflow_api_virtualenv.py
[2023-12-18T22:50:56.313+0100] {processor.py:829} INFO - Processing file /Users/user/Desktop/Learning/AIRFLOW-TUTORIAL/py_env/lib/python3.11/site-packages/airflow/example_dags/tutorial_taskflow_api_virtualenv.py for tasks to queue
[2023-12-18T22:50:56.314+0100] {logging_mixin.py:154} INFO - [2023-12-18T22:50:56.314+0100] {dagbag.py:536} INFO - Filling up the DagBag from /Users/user/Desktop/Learning/AIRFLOW-TUTORIAL/py_env/lib/python3.11/site-packages/airflow/example_dags/tutorial_taskflow_api_virtualenv.py
[2023-12-18T22:50:56.409+0100] {processor.py:839} INFO - DAG(s) dict_keys(['tutorial_taskflow_api_virtualenv']) retrieved from /Users/user/Desktop/Learning/AIRFLOW-TUTORIAL/py_env/lib/python3.11/site-packages/airflow/example_dags/tutorial_taskflow_api_virtualenv.py
[2023-12-18T22:50:56.656+0100] {logging_mixin.py:154} INFO - [2023-12-18T22:50:56.656+0100] {dag.py:2941} INFO - Sync 1 DAGs
[2023-12-18T22:50:56.667+0100] {logging_mixin.py:154} INFO - [2023-12-18T22:50:56.667+0100] {dag.py:3722} INFO - Setting next_dagrun for tutorial_taskflow_api_virtualenv to None, run_after=None
[2023-12-18T22:50:56.691+0100] {processor.py:179} INFO - Processing /Users/user/Desktop/Learning/AIRFLOW-TUTORIAL/py_env/lib/python3.11/site-packages/airflow/example_dags/tutorial_taskflow_api_virtualenv.py took 0.383 seconds
[2023-12-18T22:52:46.420+0100] {processor.py:157} INFO - Started process (PID=32426) to work on /Users/user/Desktop/Learning/AIRFLOW-TUTORIAL/py_env/lib/python3.11/site-packages/airflow/example_dags/tutorial_taskflow_api_virtualenv.py
[2023-12-18T22:52:46.426+0100] {processor.py:829} INFO - Processing file /Users/user/Desktop/Learning/AIRFLOW-TUTORIAL/py_env/lib/python3.11/site-packages/airflow/example_dags/tutorial_taskflow_api_virtualenv.py for tasks to queue
[2023-12-18T22:52:46.427+0100] {logging_mixin.py:154} INFO - [2023-12-18T22:52:46.427+0100] {dagbag.py:536} INFO - Filling up the DagBag from /Users/user/Desktop/Learning/AIRFLOW-TUTORIAL/py_env/lib/python3.11/site-packages/airflow/example_dags/tutorial_taskflow_api_virtualenv.py
[2023-12-18T22:52:46.535+0100] {processor.py:839} INFO - DAG(s) dict_keys(['tutorial_taskflow_api_virtualenv']) retrieved from /Users/user/Desktop/Learning/AIRFLOW-TUTORIAL/py_env/lib/python3.11/site-packages/airflow/example_dags/tutorial_taskflow_api_virtualenv.py
[2023-12-18T22:52:46.849+0100] {logging_mixin.py:154} INFO - [2023-12-18T22:52:46.849+0100] {dag.py:2941} INFO - Sync 1 DAGs
[2023-12-18T22:52:46.865+0100] {logging_mixin.py:154} INFO - [2023-12-18T22:52:46.865+0100] {dag.py:3722} INFO - Setting next_dagrun for tutorial_taskflow_api_virtualenv to None, run_after=None
[2023-12-18T22:52:46.899+0100] {processor.py:179} INFO - Processing /Users/user/Desktop/Learning/AIRFLOW-TUTORIAL/py_env/lib/python3.11/site-packages/airflow/example_dags/tutorial_taskflow_api_virtualenv.py took 0.480 seconds
[2023-12-18T22:54:37.182+0100] {processor.py:157} INFO - Started process (PID=33260) to work on /Users/user/Desktop/Learning/AIRFLOW-TUTORIAL/py_env/lib/python3.11/site-packages/airflow/example_dags/tutorial_taskflow_api_virtualenv.py
[2023-12-18T22:54:37.190+0100] {processor.py:829} INFO - Processing file /Users/user/Desktop/Learning/AIRFLOW-TUTORIAL/py_env/lib/python3.11/site-packages/airflow/example_dags/tutorial_taskflow_api_virtualenv.py for tasks to queue
[2023-12-18T22:54:37.191+0100] {logging_mixin.py:154} INFO - [2023-12-18T22:54:37.191+0100] {dagbag.py:536} INFO - Filling up the DagBag from /Users/user/Desktop/Learning/AIRFLOW-TUTORIAL/py_env/lib/python3.11/site-packages/airflow/example_dags/tutorial_taskflow_api_virtualenv.py
[2023-12-18T22:54:37.380+0100] {processor.py:839} INFO - DAG(s) dict_keys(['tutorial_taskflow_api_virtualenv']) retrieved from /Users/user/Desktop/Learning/AIRFLOW-TUTORIAL/py_env/lib/python3.11/site-packages/airflow/example_dags/tutorial_taskflow_api_virtualenv.py
[2023-12-18T22:54:37.801+0100] {logging_mixin.py:154} INFO - [2023-12-18T22:54:37.800+0100] {dag.py:2941} INFO - Sync 1 DAGs
[2023-12-18T22:54:37.814+0100] {logging_mixin.py:154} INFO - [2023-12-18T22:54:37.814+0100] {dag.py:3722} INFO - Setting next_dagrun for tutorial_taskflow_api_virtualenv to None, run_after=None
[2023-12-18T22:54:37.843+0100] {processor.py:179} INFO - Processing /Users/user/Desktop/Learning/AIRFLOW-TUTORIAL/py_env/lib/python3.11/site-packages/airflow/example_dags/tutorial_taskflow_api_virtualenv.py took 0.662 seconds
[2023-12-18T22:56:24.909+0100] {processor.py:157} INFO - Started process (PID=34071) to work on /Users/user/Desktop/Learning/AIRFLOW-TUTORIAL/py_env/lib/python3.11/site-packages/airflow/example_dags/tutorial_taskflow_api_virtualenv.py
[2023-12-18T22:56:24.914+0100] {processor.py:829} INFO - Processing file /Users/user/Desktop/Learning/AIRFLOW-TUTORIAL/py_env/lib/python3.11/site-packages/airflow/example_dags/tutorial_taskflow_api_virtualenv.py for tasks to queue
[2023-12-18T22:56:24.914+0100] {logging_mixin.py:154} INFO - [2023-12-18T22:56:24.914+0100] {dagbag.py:536} INFO - Filling up the DagBag from /Users/user/Desktop/Learning/AIRFLOW-TUTORIAL/py_env/lib/python3.11/site-packages/airflow/example_dags/tutorial_taskflow_api_virtualenv.py
[2023-12-18T22:56:25.007+0100] {processor.py:839} INFO - DAG(s) dict_keys(['tutorial_taskflow_api_virtualenv']) retrieved from /Users/user/Desktop/Learning/AIRFLOW-TUTORIAL/py_env/lib/python3.11/site-packages/airflow/example_dags/tutorial_taskflow_api_virtualenv.py
[2023-12-18T22:56:25.224+0100] {logging_mixin.py:154} INFO - [2023-12-18T22:56:25.224+0100] {dag.py:2941} INFO - Sync 1 DAGs
[2023-12-18T22:56:25.234+0100] {logging_mixin.py:154} INFO - [2023-12-18T22:56:25.234+0100] {dag.py:3722} INFO - Setting next_dagrun for tutorial_taskflow_api_virtualenv to None, run_after=None
[2023-12-18T22:56:25.257+0100] {processor.py:179} INFO - Processing /Users/user/Desktop/Learning/AIRFLOW-TUTORIAL/py_env/lib/python3.11/site-packages/airflow/example_dags/tutorial_taskflow_api_virtualenv.py took 0.349 seconds
[2023-12-18T22:58:05.926+0100] {processor.py:157} INFO - Started process (PID=34808) to work on /Users/user/Desktop/Learning/AIRFLOW-TUTORIAL/py_env/lib/python3.11/site-packages/airflow/example_dags/tutorial_taskflow_api_virtualenv.py
[2023-12-18T22:58:05.931+0100] {processor.py:829} INFO - Processing file /Users/user/Desktop/Learning/AIRFLOW-TUTORIAL/py_env/lib/python3.11/site-packages/airflow/example_dags/tutorial_taskflow_api_virtualenv.py for tasks to queue
[2023-12-18T22:58:05.932+0100] {logging_mixin.py:154} INFO - [2023-12-18T22:58:05.932+0100] {dagbag.py:536} INFO - Filling up the DagBag from /Users/user/Desktop/Learning/AIRFLOW-TUTORIAL/py_env/lib/python3.11/site-packages/airflow/example_dags/tutorial_taskflow_api_virtualenv.py
[2023-12-18T22:58:06.039+0100] {processor.py:839} INFO - DAG(s) dict_keys(['tutorial_taskflow_api_virtualenv']) retrieved from /Users/user/Desktop/Learning/AIRFLOW-TUTORIAL/py_env/lib/python3.11/site-packages/airflow/example_dags/tutorial_taskflow_api_virtualenv.py
[2023-12-18T22:58:06.333+0100] {logging_mixin.py:154} INFO - [2023-12-18T22:58:06.333+0100] {dag.py:2941} INFO - Sync 1 DAGs
[2023-12-18T22:58:06.343+0100] {logging_mixin.py:154} INFO - [2023-12-18T22:58:06.343+0100] {dag.py:3722} INFO - Setting next_dagrun for tutorial_taskflow_api_virtualenv to None, run_after=None
[2023-12-18T22:58:06.365+0100] {processor.py:179} INFO - Processing /Users/user/Desktop/Learning/AIRFLOW-TUTORIAL/py_env/lib/python3.11/site-packages/airflow/example_dags/tutorial_taskflow_api_virtualenv.py took 0.439 seconds
[2023-12-18T22:59:50.867+0100] {processor.py:157} INFO - Started process (PID=35655) to work on /Users/user/Desktop/Learning/AIRFLOW-TUTORIAL/py_env/lib/python3.11/site-packages/airflow/example_dags/tutorial_taskflow_api_virtualenv.py
[2023-12-18T22:59:50.875+0100] {processor.py:829} INFO - Processing file /Users/user/Desktop/Learning/AIRFLOW-TUTORIAL/py_env/lib/python3.11/site-packages/airflow/example_dags/tutorial_taskflow_api_virtualenv.py for tasks to queue
[2023-12-18T22:59:50.876+0100] {logging_mixin.py:154} INFO - [2023-12-18T22:59:50.876+0100] {dagbag.py:536} INFO - Filling up the DagBag from /Users/user/Desktop/Learning/AIRFLOW-TUTORIAL/py_env/lib/python3.11/site-packages/airflow/example_dags/tutorial_taskflow_api_virtualenv.py
[2023-12-18T22:59:51.019+0100] {processor.py:839} INFO - DAG(s) dict_keys(['tutorial_taskflow_api_virtualenv']) retrieved from /Users/user/Desktop/Learning/AIRFLOW-TUTORIAL/py_env/lib/python3.11/site-packages/airflow/example_dags/tutorial_taskflow_api_virtualenv.py
[2023-12-18T22:59:51.373+0100] {logging_mixin.py:154} INFO - [2023-12-18T22:59:51.373+0100] {dag.py:2941} INFO - Sync 1 DAGs
[2023-12-18T22:59:51.387+0100] {logging_mixin.py:154} INFO - [2023-12-18T22:59:51.387+0100] {dag.py:3722} INFO - Setting next_dagrun for tutorial_taskflow_api_virtualenv to None, run_after=None
[2023-12-18T22:59:51.421+0100] {processor.py:179} INFO - Processing /Users/user/Desktop/Learning/AIRFLOW-TUTORIAL/py_env/lib/python3.11/site-packages/airflow/example_dags/tutorial_taskflow_api_virtualenv.py took 0.555 seconds
[2023-12-18T23:01:32.758+0100] {processor.py:157} INFO - Started process (PID=36220) to work on /Users/user/Desktop/Learning/AIRFLOW-TUTORIAL/py_env/lib/python3.11/site-packages/airflow/example_dags/tutorial_taskflow_api_virtualenv.py
[2023-12-18T23:01:32.762+0100] {processor.py:829} INFO - Processing file /Users/user/Desktop/Learning/AIRFLOW-TUTORIAL/py_env/lib/python3.11/site-packages/airflow/example_dags/tutorial_taskflow_api_virtualenv.py for tasks to queue
[2023-12-18T23:01:32.762+0100] {logging_mixin.py:154} INFO - [2023-12-18T23:01:32.762+0100] {dagbag.py:536} INFO - Filling up the DagBag from /Users/user/Desktop/Learning/AIRFLOW-TUTORIAL/py_env/lib/python3.11/site-packages/airflow/example_dags/tutorial_taskflow_api_virtualenv.py
[2023-12-18T23:01:32.823+0100] {processor.py:839} INFO - DAG(s) dict_keys(['tutorial_taskflow_api_virtualenv']) retrieved from /Users/user/Desktop/Learning/AIRFLOW-TUTORIAL/py_env/lib/python3.11/site-packages/airflow/example_dags/tutorial_taskflow_api_virtualenv.py
[2023-12-18T23:01:32.994+0100] {logging_mixin.py:154} INFO - [2023-12-18T23:01:32.994+0100] {dag.py:2941} INFO - Sync 1 DAGs
[2023-12-18T23:01:33.005+0100] {logging_mixin.py:154} INFO - [2023-12-18T23:01:33.005+0100] {dag.py:3722} INFO - Setting next_dagrun for tutorial_taskflow_api_virtualenv to None, run_after=None
[2023-12-18T23:01:33.026+0100] {processor.py:179} INFO - Processing /Users/user/Desktop/Learning/AIRFLOW-TUTORIAL/py_env/lib/python3.11/site-packages/airflow/example_dags/tutorial_taskflow_api_virtualenv.py took 0.269 seconds
[2023-12-18T23:03:21.816+0100] {processor.py:157} INFO - Started process (PID=37055) to work on /Users/user/Desktop/Learning/AIRFLOW-TUTORIAL/py_env/lib/python3.11/site-packages/airflow/example_dags/tutorial_taskflow_api_virtualenv.py
[2023-12-18T23:03:21.820+0100] {processor.py:829} INFO - Processing file /Users/user/Desktop/Learning/AIRFLOW-TUTORIAL/py_env/lib/python3.11/site-packages/airflow/example_dags/tutorial_taskflow_api_virtualenv.py for tasks to queue
[2023-12-18T23:03:21.821+0100] {logging_mixin.py:154} INFO - [2023-12-18T23:03:21.820+0100] {dagbag.py:536} INFO - Filling up the DagBag from /Users/user/Desktop/Learning/AIRFLOW-TUTORIAL/py_env/lib/python3.11/site-packages/airflow/example_dags/tutorial_taskflow_api_virtualenv.py
[2023-12-18T23:03:21.893+0100] {processor.py:839} INFO - DAG(s) dict_keys(['tutorial_taskflow_api_virtualenv']) retrieved from /Users/user/Desktop/Learning/AIRFLOW-TUTORIAL/py_env/lib/python3.11/site-packages/airflow/example_dags/tutorial_taskflow_api_virtualenv.py
[2023-12-18T23:03:22.204+0100] {logging_mixin.py:154} INFO - [2023-12-18T23:03:22.204+0100] {dag.py:2941} INFO - Sync 1 DAGs
[2023-12-18T23:03:22.227+0100] {logging_mixin.py:154} INFO - [2023-12-18T23:03:22.227+0100] {dag.py:3722} INFO - Setting next_dagrun for tutorial_taskflow_api_virtualenv to None, run_after=None
[2023-12-18T23:03:22.266+0100] {processor.py:179} INFO - Processing /Users/user/Desktop/Learning/AIRFLOW-TUTORIAL/py_env/lib/python3.11/site-packages/airflow/example_dags/tutorial_taskflow_api_virtualenv.py took 0.451 seconds
[2023-12-18T23:04:20.561+0100] {processor.py:157} INFO - Started process (PID=37332) to work on /Users/user/Desktop/Learning/AIRFLOW-TUTORIAL/py_env/lib/python3.11/site-packages/airflow/example_dags/tutorial_taskflow_api_virtualenv.py
[2023-12-18T23:04:20.565+0100] {processor.py:829} INFO - Processing file /Users/user/Desktop/Learning/AIRFLOW-TUTORIAL/py_env/lib/python3.11/site-packages/airflow/example_dags/tutorial_taskflow_api_virtualenv.py for tasks to queue
[2023-12-18T23:04:20.567+0100] {logging_mixin.py:154} INFO - [2023-12-18T23:04:20.566+0100] {dagbag.py:536} INFO - Filling up the DagBag from /Users/user/Desktop/Learning/AIRFLOW-TUTORIAL/py_env/lib/python3.11/site-packages/airflow/example_dags/tutorial_taskflow_api_virtualenv.py
[2023-12-18T23:04:20.653+0100] {processor.py:839} INFO - DAG(s) dict_keys(['tutorial_taskflow_api_virtualenv']) retrieved from /Users/user/Desktop/Learning/AIRFLOW-TUTORIAL/py_env/lib/python3.11/site-packages/airflow/example_dags/tutorial_taskflow_api_virtualenv.py
[2023-12-18T23:04:20.923+0100] {logging_mixin.py:154} INFO - [2023-12-18T23:04:20.923+0100] {dag.py:2941} INFO - Sync 1 DAGs
[2023-12-18T23:04:20.937+0100] {logging_mixin.py:154} INFO - [2023-12-18T23:04:20.937+0100] {dag.py:3722} INFO - Setting next_dagrun for tutorial_taskflow_api_virtualenv to None, run_after=None
[2023-12-18T23:04:20.966+0100] {processor.py:179} INFO - Processing /Users/user/Desktop/Learning/AIRFLOW-TUTORIAL/py_env/lib/python3.11/site-packages/airflow/example_dags/tutorial_taskflow_api_virtualenv.py took 0.406 seconds
[2023-12-18T23:06:48.053+0100] {processor.py:157} INFO - Started process (PID=38210) to work on /Users/user/Desktop/Learning/AIRFLOW-TUTORIAL/py_env/lib/python3.11/site-packages/airflow/example_dags/tutorial_taskflow_api_virtualenv.py
[2023-12-18T23:06:48.058+0100] {processor.py:829} INFO - Processing file /Users/user/Desktop/Learning/AIRFLOW-TUTORIAL/py_env/lib/python3.11/site-packages/airflow/example_dags/tutorial_taskflow_api_virtualenv.py for tasks to queue
[2023-12-18T23:06:48.059+0100] {logging_mixin.py:154} INFO - [2023-12-18T23:06:48.059+0100] {dagbag.py:536} INFO - Filling up the DagBag from /Users/user/Desktop/Learning/AIRFLOW-TUTORIAL/py_env/lib/python3.11/site-packages/airflow/example_dags/tutorial_taskflow_api_virtualenv.py
[2023-12-18T23:06:48.150+0100] {processor.py:839} INFO - DAG(s) dict_keys(['tutorial_taskflow_api_virtualenv']) retrieved from /Users/user/Desktop/Learning/AIRFLOW-TUTORIAL/py_env/lib/python3.11/site-packages/airflow/example_dags/tutorial_taskflow_api_virtualenv.py
[2023-12-18T23:06:48.491+0100] {logging_mixin.py:154} INFO - [2023-12-18T23:06:48.490+0100] {dag.py:2941} INFO - Sync 1 DAGs
[2023-12-18T23:06:48.513+0100] {logging_mixin.py:154} INFO - [2023-12-18T23:06:48.512+0100] {dag.py:3722} INFO - Setting next_dagrun for tutorial_taskflow_api_virtualenv to None, run_after=None
[2023-12-18T23:06:48.644+0100] {processor.py:179} INFO - Processing /Users/user/Desktop/Learning/AIRFLOW-TUTORIAL/py_env/lib/python3.11/site-packages/airflow/example_dags/tutorial_taskflow_api_virtualenv.py took 0.593 seconds
