[2023-12-18T22:37:10.892+0100] {processor.py:157} INFO - Started process (PID=24950) to work on /Users/user/Desktop/Learning/AIRFLOW-TUTORIAL/py_env/lib/python3.11/site-packages/airflow/example_dags/tutorial.py
[2023-12-18T22:37:10.895+0100] {processor.py:829} INFO - Processing file /Users/user/Desktop/Learning/AIRFLOW-TUTORIAL/py_env/lib/python3.11/site-packages/airflow/example_dags/tutorial.py for tasks to queue
[2023-12-18T22:37:10.896+0100] {logging_mixin.py:154} INFO - [2023-12-18T22:37:10.896+0100] {dagbag.py:536} INFO - Filling up the DagBag from /Users/user/Desktop/Learning/AIRFLOW-TUTORIAL/py_env/lib/python3.11/site-packages/airflow/example_dags/tutorial.py
[2023-12-18T22:37:10.928+0100] {processor.py:839} INFO - DAG(s) dict_keys(['tutorial']) retrieved from /Users/user/Desktop/Learning/AIRFLOW-TUTORIAL/py_env/lib/python3.11/site-packages/airflow/example_dags/tutorial.py
[2023-12-18T22:37:11.674+0100] {logging_mixin.py:154} INFO - [2023-12-18T22:37:11.674+0100] {manager.py:499} INFO - Created Permission View: %s
[2023-12-18T22:37:11.683+0100] {logging_mixin.py:154} INFO - [2023-12-18T22:37:11.683+0100] {manager.py:499} INFO - Created Permission View: %s
[2023-12-18T22:37:11.690+0100] {logging_mixin.py:154} INFO - [2023-12-18T22:37:11.689+0100] {manager.py:499} INFO - Created Permission View: %s
[2023-12-18T22:37:11.690+0100] {logging_mixin.py:154} INFO - [2023-12-18T22:37:11.690+0100] {dag.py:2941} INFO - Sync 1 DAGs
[2023-12-18T22:37:11.700+0100] {logging_mixin.py:154} INFO - [2023-12-18T22:37:11.700+0100] {dag.py:2963} INFO - Creating ORM DAG for tutorial
[2023-12-18T22:37:11.708+0100] {logging_mixin.py:154} INFO - [2023-12-18T22:37:11.708+0100] {dag.py:3722} INFO - Setting next_dagrun for tutorial to 2023-12-17T21:37:11.707360+00:00, run_after=2023-12-18T21:37:11.707360+00:00
[2023-12-18T22:37:11.724+0100] {processor.py:179} INFO - Processing /Users/user/Desktop/Learning/AIRFLOW-TUTORIAL/py_env/lib/python3.11/site-packages/airflow/example_dags/tutorial.py took 0.833 seconds
[2023-12-18T22:39:50.494+0100] {processor.py:157} INFO - Started process (PID=26014) to work on /Users/user/Desktop/Learning/AIRFLOW-TUTORIAL/py_env/lib/python3.11/site-packages/airflow/example_dags/tutorial.py
[2023-12-18T22:39:50.498+0100] {processor.py:829} INFO - Processing file /Users/user/Desktop/Learning/AIRFLOW-TUTORIAL/py_env/lib/python3.11/site-packages/airflow/example_dags/tutorial.py for tasks to queue
[2023-12-18T22:39:50.498+0100] {logging_mixin.py:154} INFO - [2023-12-18T22:39:50.498+0100] {dagbag.py:536} INFO - Filling up the DagBag from /Users/user/Desktop/Learning/AIRFLOW-TUTORIAL/py_env/lib/python3.11/site-packages/airflow/example_dags/tutorial.py
[2023-12-18T22:39:50.528+0100] {processor.py:839} INFO - DAG(s) dict_keys(['tutorial']) retrieved from /Users/user/Desktop/Learning/AIRFLOW-TUTORIAL/py_env/lib/python3.11/site-packages/airflow/example_dags/tutorial.py
[2023-12-18T22:39:50.722+0100] {logging_mixin.py:154} INFO - [2023-12-18T22:39:50.722+0100] {dag.py:2941} INFO - Sync 1 DAGs
[2023-12-18T22:39:50.741+0100] {logging_mixin.py:154} INFO - [2023-12-18T22:39:50.741+0100] {dag.py:3722} INFO - Setting next_dagrun for tutorial to 2023-12-17T21:39:50.741066+00:00, run_after=2023-12-18T21:39:50.741066+00:00
[2023-12-18T22:39:50.766+0100] {processor.py:179} INFO - Processing /Users/user/Desktop/Learning/AIRFLOW-TUTORIAL/py_env/lib/python3.11/site-packages/airflow/example_dags/tutorial.py took 0.273 seconds
[2023-12-18T22:41:21.616+0100] {processor.py:157} INFO - Started process (PID=26911) to work on /Users/user/Desktop/Learning/AIRFLOW-TUTORIAL/py_env/lib/python3.11/site-packages/airflow/example_dags/tutorial.py
[2023-12-18T22:41:21.621+0100] {processor.py:829} INFO - Processing file /Users/user/Desktop/Learning/AIRFLOW-TUTORIAL/py_env/lib/python3.11/site-packages/airflow/example_dags/tutorial.py for tasks to queue
[2023-12-18T22:41:21.621+0100] {logging_mixin.py:154} INFO - [2023-12-18T22:41:21.621+0100] {dagbag.py:536} INFO - Filling up the DagBag from /Users/user/Desktop/Learning/AIRFLOW-TUTORIAL/py_env/lib/python3.11/site-packages/airflow/example_dags/tutorial.py
[2023-12-18T22:41:21.648+0100] {processor.py:839} INFO - DAG(s) dict_keys(['tutorial']) retrieved from /Users/user/Desktop/Learning/AIRFLOW-TUTORIAL/py_env/lib/python3.11/site-packages/airflow/example_dags/tutorial.py
[2023-12-18T22:41:21.822+0100] {logging_mixin.py:154} INFO - [2023-12-18T22:41:21.821+0100] {dag.py:2941} INFO - Sync 1 DAGs
[2023-12-18T22:41:21.839+0100] {logging_mixin.py:154} INFO - [2023-12-18T22:41:21.838+0100] {dag.py:3722} INFO - Setting next_dagrun for tutorial to 2023-12-17T21:41:21.838640+00:00, run_after=2023-12-18T21:41:21.838640+00:00
[2023-12-18T22:41:21.862+0100] {processor.py:179} INFO - Processing /Users/user/Desktop/Learning/AIRFLOW-TUTORIAL/py_env/lib/python3.11/site-packages/airflow/example_dags/tutorial.py took 0.246 seconds
[2023-12-18T22:42:50.804+0100] {processor.py:157} INFO - Started process (PID=27636) to work on /Users/user/Desktop/Learning/AIRFLOW-TUTORIAL/py_env/lib/python3.11/site-packages/airflow/example_dags/tutorial.py
[2023-12-18T22:42:50.870+0100] {processor.py:829} INFO - Processing file /Users/user/Desktop/Learning/AIRFLOW-TUTORIAL/py_env/lib/python3.11/site-packages/airflow/example_dags/tutorial.py for tasks to queue
[2023-12-18T22:42:50.872+0100] {logging_mixin.py:154} INFO - [2023-12-18T22:42:50.872+0100] {dagbag.py:536} INFO - Filling up the DagBag from /Users/user/Desktop/Learning/AIRFLOW-TUTORIAL/py_env/lib/python3.11/site-packages/airflow/example_dags/tutorial.py
[2023-12-18T22:42:50.939+0100] {processor.py:839} INFO - DAG(s) dict_keys(['tutorial']) retrieved from /Users/user/Desktop/Learning/AIRFLOW-TUTORIAL/py_env/lib/python3.11/site-packages/airflow/example_dags/tutorial.py
[2023-12-18T22:42:51.277+0100] {logging_mixin.py:154} INFO - [2023-12-18T22:42:51.276+0100] {dag.py:2941} INFO - Sync 1 DAGs
[2023-12-18T22:42:51.306+0100] {logging_mixin.py:154} INFO - [2023-12-18T22:42:51.305+0100] {dag.py:3722} INFO - Setting next_dagrun for tutorial to 2023-12-17T21:42:51.305520+00:00, run_after=2023-12-18T21:42:51.305520+00:00
[2023-12-18T22:42:51.340+0100] {processor.py:179} INFO - Processing /Users/user/Desktop/Learning/AIRFLOW-TUTORIAL/py_env/lib/python3.11/site-packages/airflow/example_dags/tutorial.py took 0.537 seconds
[2023-12-18T22:44:27.132+0100] {processor.py:157} INFO - Started process (PID=28346) to work on /Users/user/Desktop/Learning/AIRFLOW-TUTORIAL/py_env/lib/python3.11/site-packages/airflow/example_dags/tutorial.py
[2023-12-18T22:44:27.137+0100] {processor.py:829} INFO - Processing file /Users/user/Desktop/Learning/AIRFLOW-TUTORIAL/py_env/lib/python3.11/site-packages/airflow/example_dags/tutorial.py for tasks to queue
[2023-12-18T22:44:27.138+0100] {logging_mixin.py:154} INFO - [2023-12-18T22:44:27.138+0100] {dagbag.py:536} INFO - Filling up the DagBag from /Users/user/Desktop/Learning/AIRFLOW-TUTORIAL/py_env/lib/python3.11/site-packages/airflow/example_dags/tutorial.py
[2023-12-18T22:44:27.170+0100] {processor.py:839} INFO - DAG(s) dict_keys(['tutorial']) retrieved from /Users/user/Desktop/Learning/AIRFLOW-TUTORIAL/py_env/lib/python3.11/site-packages/airflow/example_dags/tutorial.py
[2023-12-18T22:44:27.380+0100] {logging_mixin.py:154} INFO - [2023-12-18T22:44:27.379+0100] {dag.py:2941} INFO - Sync 1 DAGs
[2023-12-18T22:44:27.398+0100] {logging_mixin.py:154} INFO - [2023-12-18T22:44:27.398+0100] {dag.py:3722} INFO - Setting next_dagrun for tutorial to 2023-12-17T21:44:27.398448+00:00, run_after=2023-12-18T21:44:27.398448+00:00
[2023-12-18T22:44:27.420+0100] {processor.py:179} INFO - Processing /Users/user/Desktop/Learning/AIRFLOW-TUTORIAL/py_env/lib/python3.11/site-packages/airflow/example_dags/tutorial.py took 0.289 seconds
[2023-12-18T22:46:04.472+0100] {processor.py:157} INFO - Started process (PID=29084) to work on /Users/user/Desktop/Learning/AIRFLOW-TUTORIAL/py_env/lib/python3.11/site-packages/airflow/example_dags/tutorial.py
[2023-12-18T22:46:04.476+0100] {processor.py:829} INFO - Processing file /Users/user/Desktop/Learning/AIRFLOW-TUTORIAL/py_env/lib/python3.11/site-packages/airflow/example_dags/tutorial.py for tasks to queue
[2023-12-18T22:46:04.476+0100] {logging_mixin.py:154} INFO - [2023-12-18T22:46:04.476+0100] {dagbag.py:536} INFO - Filling up the DagBag from /Users/user/Desktop/Learning/AIRFLOW-TUTORIAL/py_env/lib/python3.11/site-packages/airflow/example_dags/tutorial.py
[2023-12-18T22:46:04.507+0100] {processor.py:839} INFO - DAG(s) dict_keys(['tutorial']) retrieved from /Users/user/Desktop/Learning/AIRFLOW-TUTORIAL/py_env/lib/python3.11/site-packages/airflow/example_dags/tutorial.py
[2023-12-18T22:46:04.687+0100] {logging_mixin.py:154} INFO - [2023-12-18T22:46:04.687+0100] {dag.py:2941} INFO - Sync 1 DAGs
[2023-12-18T22:46:04.706+0100] {logging_mixin.py:154} INFO - [2023-12-18T22:46:04.706+0100] {dag.py:3722} INFO - Setting next_dagrun for tutorial to 2023-12-17T21:46:04.706518+00:00, run_after=2023-12-18T21:46:04.706518+00:00
[2023-12-18T22:46:04.730+0100] {processor.py:179} INFO - Processing /Users/user/Desktop/Learning/AIRFLOW-TUTORIAL/py_env/lib/python3.11/site-packages/airflow/example_dags/tutorial.py took 0.259 seconds
[2023-12-18T22:47:47.154+0100] {processor.py:157} INFO - Started process (PID=29818) to work on /Users/user/Desktop/Learning/AIRFLOW-TUTORIAL/py_env/lib/python3.11/site-packages/airflow/example_dags/tutorial.py
[2023-12-18T22:47:47.159+0100] {processor.py:829} INFO - Processing file /Users/user/Desktop/Learning/AIRFLOW-TUTORIAL/py_env/lib/python3.11/site-packages/airflow/example_dags/tutorial.py for tasks to queue
[2023-12-18T22:47:47.160+0100] {logging_mixin.py:154} INFO - [2023-12-18T22:47:47.159+0100] {dagbag.py:536} INFO - Filling up the DagBag from /Users/user/Desktop/Learning/AIRFLOW-TUTORIAL/py_env/lib/python3.11/site-packages/airflow/example_dags/tutorial.py
[2023-12-18T22:47:47.193+0100] {processor.py:839} INFO - DAG(s) dict_keys(['tutorial']) retrieved from /Users/user/Desktop/Learning/AIRFLOW-TUTORIAL/py_env/lib/python3.11/site-packages/airflow/example_dags/tutorial.py
[2023-12-18T22:47:47.387+0100] {logging_mixin.py:154} INFO - [2023-12-18T22:47:47.386+0100] {dag.py:2941} INFO - Sync 1 DAGs
[2023-12-18T22:47:47.403+0100] {logging_mixin.py:154} INFO - [2023-12-18T22:47:47.403+0100] {dag.py:3722} INFO - Setting next_dagrun for tutorial to 2023-12-17T21:47:47.403055+00:00, run_after=2023-12-18T21:47:47.403055+00:00
[2023-12-18T22:47:47.425+0100] {processor.py:179} INFO - Processing /Users/user/Desktop/Learning/AIRFLOW-TUTORIAL/py_env/lib/python3.11/site-packages/airflow/example_dags/tutorial.py took 0.272 seconds
[2023-12-18T22:49:24.701+0100] {processor.py:157} INFO - Started process (PID=30705) to work on /Users/user/Desktop/Learning/AIRFLOW-TUTORIAL/py_env/lib/python3.11/site-packages/airflow/example_dags/tutorial.py
[2023-12-18T22:49:24.706+0100] {processor.py:829} INFO - Processing file /Users/user/Desktop/Learning/AIRFLOW-TUTORIAL/py_env/lib/python3.11/site-packages/airflow/example_dags/tutorial.py for tasks to queue
[2023-12-18T22:49:24.706+0100] {logging_mixin.py:154} INFO - [2023-12-18T22:49:24.706+0100] {dagbag.py:536} INFO - Filling up the DagBag from /Users/user/Desktop/Learning/AIRFLOW-TUTORIAL/py_env/lib/python3.11/site-packages/airflow/example_dags/tutorial.py
[2023-12-18T22:49:24.740+0100] {processor.py:839} INFO - DAG(s) dict_keys(['tutorial']) retrieved from /Users/user/Desktop/Learning/AIRFLOW-TUTORIAL/py_env/lib/python3.11/site-packages/airflow/example_dags/tutorial.py
[2023-12-18T22:49:24.950+0100] {logging_mixin.py:154} INFO - [2023-12-18T22:49:24.950+0100] {dag.py:2941} INFO - Sync 1 DAGs
[2023-12-18T22:49:24.970+0100] {logging_mixin.py:154} INFO - [2023-12-18T22:49:24.970+0100] {dag.py:3722} INFO - Setting next_dagrun for tutorial to 2023-12-17T21:49:24.970527+00:00, run_after=2023-12-18T21:49:24.970527+00:00
[2023-12-18T22:49:24.994+0100] {processor.py:179} INFO - Processing /Users/user/Desktop/Learning/AIRFLOW-TUTORIAL/py_env/lib/python3.11/site-packages/airflow/example_dags/tutorial.py took 0.294 seconds
[2023-12-18T22:51:05.693+0100] {processor.py:157} INFO - Started process (PID=31437) to work on /Users/user/Desktop/Learning/AIRFLOW-TUTORIAL/py_env/lib/python3.11/site-packages/airflow/example_dags/tutorial.py
[2023-12-18T22:51:05.698+0100] {processor.py:829} INFO - Processing file /Users/user/Desktop/Learning/AIRFLOW-TUTORIAL/py_env/lib/python3.11/site-packages/airflow/example_dags/tutorial.py for tasks to queue
[2023-12-18T22:51:05.698+0100] {logging_mixin.py:154} INFO - [2023-12-18T22:51:05.698+0100] {dagbag.py:536} INFO - Filling up the DagBag from /Users/user/Desktop/Learning/AIRFLOW-TUTORIAL/py_env/lib/python3.11/site-packages/airflow/example_dags/tutorial.py
[2023-12-18T22:51:05.737+0100] {processor.py:839} INFO - DAG(s) dict_keys(['tutorial']) retrieved from /Users/user/Desktop/Learning/AIRFLOW-TUTORIAL/py_env/lib/python3.11/site-packages/airflow/example_dags/tutorial.py
[2023-12-18T22:51:05.980+0100] {logging_mixin.py:154} INFO - [2023-12-18T22:51:05.980+0100] {dag.py:2941} INFO - Sync 1 DAGs
[2023-12-18T22:51:06.004+0100] {logging_mixin.py:154} INFO - [2023-12-18T22:51:06.003+0100] {dag.py:3722} INFO - Setting next_dagrun for tutorial to 2023-12-17T21:51:06.003723+00:00, run_after=2023-12-18T21:51:06.003723+00:00
[2023-12-18T22:51:06.029+0100] {processor.py:179} INFO - Processing /Users/user/Desktop/Learning/AIRFLOW-TUTORIAL/py_env/lib/python3.11/site-packages/airflow/example_dags/tutorial.py took 0.338 seconds
[2023-12-18T22:52:55.120+0100] {processor.py:157} INFO - Started process (PID=32528) to work on /Users/user/Desktop/Learning/AIRFLOW-TUTORIAL/py_env/lib/python3.11/site-packages/airflow/example_dags/tutorial.py
[2023-12-18T22:52:55.124+0100] {processor.py:829} INFO - Processing file /Users/user/Desktop/Learning/AIRFLOW-TUTORIAL/py_env/lib/python3.11/site-packages/airflow/example_dags/tutorial.py for tasks to queue
[2023-12-18T22:52:55.125+0100] {logging_mixin.py:154} INFO - [2023-12-18T22:52:55.125+0100] {dagbag.py:536} INFO - Filling up the DagBag from /Users/user/Desktop/Learning/AIRFLOW-TUTORIAL/py_env/lib/python3.11/site-packages/airflow/example_dags/tutorial.py
[2023-12-18T22:52:55.161+0100] {processor.py:839} INFO - DAG(s) dict_keys(['tutorial']) retrieved from /Users/user/Desktop/Learning/AIRFLOW-TUTORIAL/py_env/lib/python3.11/site-packages/airflow/example_dags/tutorial.py
[2023-12-18T22:52:55.391+0100] {logging_mixin.py:154} INFO - [2023-12-18T22:52:55.391+0100] {dag.py:2941} INFO - Sync 1 DAGs
[2023-12-18T22:52:55.421+0100] {logging_mixin.py:154} INFO - [2023-12-18T22:52:55.420+0100] {dag.py:3722} INFO - Setting next_dagrun for tutorial to 2023-12-17T21:52:55.420365+00:00, run_after=2023-12-18T21:52:55.420365+00:00
[2023-12-18T22:52:55.469+0100] {processor.py:179} INFO - Processing /Users/user/Desktop/Learning/AIRFLOW-TUTORIAL/py_env/lib/python3.11/site-packages/airflow/example_dags/tutorial.py took 0.350 seconds
[2023-12-18T22:54:46.082+0100] {processor.py:157} INFO - Started process (PID=33359) to work on /Users/user/Desktop/Learning/AIRFLOW-TUTORIAL/py_env/lib/python3.11/site-packages/airflow/example_dags/tutorial.py
[2023-12-18T22:54:46.088+0100] {processor.py:829} INFO - Processing file /Users/user/Desktop/Learning/AIRFLOW-TUTORIAL/py_env/lib/python3.11/site-packages/airflow/example_dags/tutorial.py for tasks to queue
[2023-12-18T22:54:46.089+0100] {logging_mixin.py:154} INFO - [2023-12-18T22:54:46.089+0100] {dagbag.py:536} INFO - Filling up the DagBag from /Users/user/Desktop/Learning/AIRFLOW-TUTORIAL/py_env/lib/python3.11/site-packages/airflow/example_dags/tutorial.py
[2023-12-18T22:54:46.122+0100] {processor.py:839} INFO - DAG(s) dict_keys(['tutorial']) retrieved from /Users/user/Desktop/Learning/AIRFLOW-TUTORIAL/py_env/lib/python3.11/site-packages/airflow/example_dags/tutorial.py
[2023-12-18T22:54:46.374+0100] {logging_mixin.py:154} INFO - [2023-12-18T22:54:46.374+0100] {dag.py:2941} INFO - Sync 1 DAGs
[2023-12-18T22:54:46.391+0100] {logging_mixin.py:154} INFO - [2023-12-18T22:54:46.390+0100] {dag.py:3722} INFO - Setting next_dagrun for tutorial to 2023-12-17T21:54:46.390754+00:00, run_after=2023-12-18T21:54:46.390754+00:00
[2023-12-18T22:54:46.412+0100] {processor.py:179} INFO - Processing /Users/user/Desktop/Learning/AIRFLOW-TUTORIAL/py_env/lib/python3.11/site-packages/airflow/example_dags/tutorial.py took 0.332 seconds
[2023-12-18T22:56:33.143+0100] {processor.py:157} INFO - Started process (PID=34174) to work on /Users/user/Desktop/Learning/AIRFLOW-TUTORIAL/py_env/lib/python3.11/site-packages/airflow/example_dags/tutorial.py
[2023-12-18T22:56:33.147+0100] {processor.py:829} INFO - Processing file /Users/user/Desktop/Learning/AIRFLOW-TUTORIAL/py_env/lib/python3.11/site-packages/airflow/example_dags/tutorial.py for tasks to queue
[2023-12-18T22:56:33.147+0100] {logging_mixin.py:154} INFO - [2023-12-18T22:56:33.147+0100] {dagbag.py:536} INFO - Filling up the DagBag from /Users/user/Desktop/Learning/AIRFLOW-TUTORIAL/py_env/lib/python3.11/site-packages/airflow/example_dags/tutorial.py
[2023-12-18T22:56:33.174+0100] {processor.py:839} INFO - DAG(s) dict_keys(['tutorial']) retrieved from /Users/user/Desktop/Learning/AIRFLOW-TUTORIAL/py_env/lib/python3.11/site-packages/airflow/example_dags/tutorial.py
[2023-12-18T22:56:33.350+0100] {logging_mixin.py:154} INFO - [2023-12-18T22:56:33.350+0100] {dag.py:2941} INFO - Sync 1 DAGs
[2023-12-18T22:56:33.366+0100] {logging_mixin.py:154} INFO - [2023-12-18T22:56:33.366+0100] {dag.py:3722} INFO - Setting next_dagrun for tutorial to 2023-12-17T21:56:33.366223+00:00, run_after=2023-12-18T21:56:33.366223+00:00
[2023-12-18T22:56:33.387+0100] {processor.py:179} INFO - Processing /Users/user/Desktop/Learning/AIRFLOW-TUTORIAL/py_env/lib/python3.11/site-packages/airflow/example_dags/tutorial.py took 0.245 seconds
[2023-12-18T22:58:15.189+0100] {processor.py:157} INFO - Started process (PID=34907) to work on /Users/user/Desktop/Learning/AIRFLOW-TUTORIAL/py_env/lib/python3.11/site-packages/airflow/example_dags/tutorial.py
[2023-12-18T22:58:15.194+0100] {processor.py:829} INFO - Processing file /Users/user/Desktop/Learning/AIRFLOW-TUTORIAL/py_env/lib/python3.11/site-packages/airflow/example_dags/tutorial.py for tasks to queue
[2023-12-18T22:58:15.194+0100] {logging_mixin.py:154} INFO - [2023-12-18T22:58:15.194+0100] {dagbag.py:536} INFO - Filling up the DagBag from /Users/user/Desktop/Learning/AIRFLOW-TUTORIAL/py_env/lib/python3.11/site-packages/airflow/example_dags/tutorial.py
[2023-12-18T22:58:15.227+0100] {processor.py:839} INFO - DAG(s) dict_keys(['tutorial']) retrieved from /Users/user/Desktop/Learning/AIRFLOW-TUTORIAL/py_env/lib/python3.11/site-packages/airflow/example_dags/tutorial.py
[2023-12-18T22:58:15.499+0100] {logging_mixin.py:154} INFO - [2023-12-18T22:58:15.499+0100] {dag.py:2941} INFO - Sync 1 DAGs
[2023-12-18T22:58:15.516+0100] {logging_mixin.py:154} INFO - [2023-12-18T22:58:15.516+0100] {dag.py:3722} INFO - Setting next_dagrun for tutorial to 2023-12-17T21:58:15.516490+00:00, run_after=2023-12-18T21:58:15.516490+00:00
[2023-12-18T22:58:15.537+0100] {processor.py:179} INFO - Processing /Users/user/Desktop/Learning/AIRFLOW-TUTORIAL/py_env/lib/python3.11/site-packages/airflow/example_dags/tutorial.py took 0.348 seconds
[2023-12-18T22:59:59.943+0100] {processor.py:157} INFO - Started process (PID=35667) to work on /Users/user/Desktop/Learning/AIRFLOW-TUTORIAL/py_env/lib/python3.11/site-packages/airflow/example_dags/tutorial.py
[2023-12-18T22:59:59.976+0100] {processor.py:829} INFO - Processing file /Users/user/Desktop/Learning/AIRFLOW-TUTORIAL/py_env/lib/python3.11/site-packages/airflow/example_dags/tutorial.py for tasks to queue
[2023-12-18T22:59:59.977+0100] {logging_mixin.py:154} INFO - [2023-12-18T22:59:59.977+0100] {dagbag.py:536} INFO - Filling up the DagBag from /Users/user/Desktop/Learning/AIRFLOW-TUTORIAL/py_env/lib/python3.11/site-packages/airflow/example_dags/tutorial.py
[2023-12-18T23:00:00.018+0100] {processor.py:839} INFO - DAG(s) dict_keys(['tutorial']) retrieved from /Users/user/Desktop/Learning/AIRFLOW-TUTORIAL/py_env/lib/python3.11/site-packages/airflow/example_dags/tutorial.py
[2023-12-18T23:00:00.239+0100] {logging_mixin.py:154} INFO - [2023-12-18T23:00:00.238+0100] {dag.py:2941} INFO - Sync 1 DAGs
[2023-12-18T23:00:00.272+0100] {logging_mixin.py:154} INFO - [2023-12-18T23:00:00.271+0100] {dag.py:3722} INFO - Setting next_dagrun for tutorial to 2023-12-17T22:00:00.271706+00:00, run_after=2023-12-18T22:00:00.271706+00:00
[2023-12-18T23:00:00.320+0100] {processor.py:179} INFO - Processing /Users/user/Desktop/Learning/AIRFLOW-TUTORIAL/py_env/lib/python3.11/site-packages/airflow/example_dags/tutorial.py took 0.378 seconds
[2023-12-18T23:01:40.552+0100] {processor.py:157} INFO - Started process (PID=36314) to work on /Users/user/Desktop/Learning/AIRFLOW-TUTORIAL/py_env/lib/python3.11/site-packages/airflow/example_dags/tutorial.py
[2023-12-18T23:01:40.558+0100] {processor.py:829} INFO - Processing file /Users/user/Desktop/Learning/AIRFLOW-TUTORIAL/py_env/lib/python3.11/site-packages/airflow/example_dags/tutorial.py for tasks to queue
[2023-12-18T23:01:40.559+0100] {logging_mixin.py:154} INFO - [2023-12-18T23:01:40.559+0100] {dagbag.py:536} INFO - Filling up the DagBag from /Users/user/Desktop/Learning/AIRFLOW-TUTORIAL/py_env/lib/python3.11/site-packages/airflow/example_dags/tutorial.py
[2023-12-18T23:01:40.585+0100] {processor.py:839} INFO - DAG(s) dict_keys(['tutorial']) retrieved from /Users/user/Desktop/Learning/AIRFLOW-TUTORIAL/py_env/lib/python3.11/site-packages/airflow/example_dags/tutorial.py
[2023-12-18T23:01:40.751+0100] {logging_mixin.py:154} INFO - [2023-12-18T23:01:40.751+0100] {dag.py:2941} INFO - Sync 1 DAGs
[2023-12-18T23:01:40.766+0100] {logging_mixin.py:154} INFO - [2023-12-18T23:01:40.766+0100] {dag.py:3722} INFO - Setting next_dagrun for tutorial to 2023-12-17T22:01:40.766434+00:00, run_after=2023-12-18T22:01:40.766434+00:00
[2023-12-18T23:01:40.786+0100] {processor.py:179} INFO - Processing /Users/user/Desktop/Learning/AIRFLOW-TUTORIAL/py_env/lib/python3.11/site-packages/airflow/example_dags/tutorial.py took 0.235 seconds
[2023-12-18T23:03:31.581+0100] {processor.py:157} INFO - Started process (PID=37080) to work on /Users/user/Desktop/Learning/AIRFLOW-TUTORIAL/py_env/lib/python3.11/site-packages/airflow/example_dags/tutorial.py
[2023-12-18T23:03:31.586+0100] {processor.py:829} INFO - Processing file /Users/user/Desktop/Learning/AIRFLOW-TUTORIAL/py_env/lib/python3.11/site-packages/airflow/example_dags/tutorial.py for tasks to queue
[2023-12-18T23:03:31.587+0100] {logging_mixin.py:154} INFO - [2023-12-18T23:03:31.587+0100] {dagbag.py:536} INFO - Filling up the DagBag from /Users/user/Desktop/Learning/AIRFLOW-TUTORIAL/py_env/lib/python3.11/site-packages/airflow/example_dags/tutorial.py
[2023-12-18T23:03:31.633+0100] {processor.py:839} INFO - DAG(s) dict_keys(['tutorial']) retrieved from /Users/user/Desktop/Learning/AIRFLOW-TUTORIAL/py_env/lib/python3.11/site-packages/airflow/example_dags/tutorial.py
[2023-12-18T23:03:31.916+0100] {logging_mixin.py:154} INFO - [2023-12-18T23:03:31.916+0100] {dag.py:2941} INFO - Sync 1 DAGs
[2023-12-18T23:03:31.942+0100] {logging_mixin.py:154} INFO - [2023-12-18T23:03:31.942+0100] {dag.py:3722} INFO - Setting next_dagrun for tutorial to 2023-12-17T22:03:31.941796+00:00, run_after=2023-12-18T22:03:31.941796+00:00
[2023-12-18T23:03:31.967+0100] {processor.py:179} INFO - Processing /Users/user/Desktop/Learning/AIRFLOW-TUTORIAL/py_env/lib/python3.11/site-packages/airflow/example_dags/tutorial.py took 0.387 seconds
[2023-12-18T23:04:29.814+0100] {processor.py:157} INFO - Started process (PID=37335) to work on /Users/user/Desktop/Learning/AIRFLOW-TUTORIAL/py_env/lib/python3.11/site-packages/airflow/example_dags/tutorial.py
[2023-12-18T23:04:29.820+0100] {processor.py:829} INFO - Processing file /Users/user/Desktop/Learning/AIRFLOW-TUTORIAL/py_env/lib/python3.11/site-packages/airflow/example_dags/tutorial.py for tasks to queue
[2023-12-18T23:04:29.821+0100] {logging_mixin.py:154} INFO - [2023-12-18T23:04:29.821+0100] {dagbag.py:536} INFO - Filling up the DagBag from /Users/user/Desktop/Learning/AIRFLOW-TUTORIAL/py_env/lib/python3.11/site-packages/airflow/example_dags/tutorial.py
[2023-12-18T23:04:29.865+0100] {processor.py:839} INFO - DAG(s) dict_keys(['tutorial']) retrieved from /Users/user/Desktop/Learning/AIRFLOW-TUTORIAL/py_env/lib/python3.11/site-packages/airflow/example_dags/tutorial.py
[2023-12-18T23:04:30.154+0100] {logging_mixin.py:154} INFO - [2023-12-18T23:04:30.154+0100] {dag.py:2941} INFO - Sync 1 DAGs
[2023-12-18T23:04:30.179+0100] {logging_mixin.py:154} INFO - [2023-12-18T23:04:30.179+0100] {dag.py:3722} INFO - Setting next_dagrun for tutorial to 2023-12-17T22:04:30.179414+00:00, run_after=2023-12-18T22:04:30.179414+00:00
[2023-12-18T23:04:30.206+0100] {processor.py:179} INFO - Processing /Users/user/Desktop/Learning/AIRFLOW-TUTORIAL/py_env/lib/python3.11/site-packages/airflow/example_dags/tutorial.py took 0.394 seconds
[2023-12-18T23:06:59.276+0100] {processor.py:157} INFO - Started process (PID=38215) to work on /Users/user/Desktop/Learning/AIRFLOW-TUTORIAL/py_env/lib/python3.11/site-packages/airflow/example_dags/tutorial.py
[2023-12-18T23:06:59.281+0100] {processor.py:829} INFO - Processing file /Users/user/Desktop/Learning/AIRFLOW-TUTORIAL/py_env/lib/python3.11/site-packages/airflow/example_dags/tutorial.py for tasks to queue
[2023-12-18T23:06:59.282+0100] {logging_mixin.py:154} INFO - [2023-12-18T23:06:59.282+0100] {dagbag.py:536} INFO - Filling up the DagBag from /Users/user/Desktop/Learning/AIRFLOW-TUTORIAL/py_env/lib/python3.11/site-packages/airflow/example_dags/tutorial.py
[2023-12-18T23:06:59.322+0100] {processor.py:839} INFO - DAG(s) dict_keys(['tutorial']) retrieved from /Users/user/Desktop/Learning/AIRFLOW-TUTORIAL/py_env/lib/python3.11/site-packages/airflow/example_dags/tutorial.py
[2023-12-18T23:06:59.644+0100] {logging_mixin.py:154} INFO - [2023-12-18T23:06:59.643+0100] {dag.py:2941} INFO - Sync 1 DAGs
[2023-12-18T23:06:59.687+0100] {logging_mixin.py:154} INFO - [2023-12-18T23:06:59.687+0100] {dag.py:3722} INFO - Setting next_dagrun for tutorial to 2023-12-17T22:06:59.686714+00:00, run_after=2023-12-18T22:06:59.686714+00:00
[2023-12-18T23:06:59.722+0100] {processor.py:179} INFO - Processing /Users/user/Desktop/Learning/AIRFLOW-TUTORIAL/py_env/lib/python3.11/site-packages/airflow/example_dags/tutorial.py took 0.447 seconds
