[2023-12-18T22:37:03.598+0100] {processor.py:157} INFO - Started process (PID=24946) to work on /Users/user/Desktop/Learning/AIRFLOW-TUTORIAL/py_env/lib/python3.11/site-packages/airflow/example_dags/tutorial_taskflow_api.py
[2023-12-18T22:37:03.603+0100] {processor.py:829} INFO - Processing file /Users/user/Desktop/Learning/AIRFLOW-TUTORIAL/py_env/lib/python3.11/site-packages/airflow/example_dags/tutorial_taskflow_api.py for tasks to queue
[2023-12-18T22:37:03.603+0100] {logging_mixin.py:154} INFO - [2023-12-18T22:37:03.603+0100] {dagbag.py:536} INFO - Filling up the DagBag from /Users/user/Desktop/Learning/AIRFLOW-TUTORIAL/py_env/lib/python3.11/site-packages/airflow/example_dags/tutorial_taskflow_api.py
[2023-12-18T22:37:03.669+0100] {processor.py:839} INFO - DAG(s) dict_keys(['tutorial_taskflow_api']) retrieved from /Users/user/Desktop/Learning/AIRFLOW-TUTORIAL/py_env/lib/python3.11/site-packages/airflow/example_dags/tutorial_taskflow_api.py
[2023-12-18T22:37:04.426+0100] {logging_mixin.py:154} INFO - [2023-12-18T22:37:04.426+0100] {manager.py:499} INFO - Created Permission View: %s
[2023-12-18T22:37:04.443+0100] {logging_mixin.py:154} INFO - [2023-12-18T22:37:04.442+0100] {manager.py:499} INFO - Created Permission View: %s
[2023-12-18T22:37:04.451+0100] {logging_mixin.py:154} INFO - [2023-12-18T22:37:04.450+0100] {manager.py:499} INFO - Created Permission View: %s
[2023-12-18T22:37:04.451+0100] {logging_mixin.py:154} INFO - [2023-12-18T22:37:04.451+0100] {dag.py:2941} INFO - Sync 1 DAGs
[2023-12-18T22:37:04.459+0100] {logging_mixin.py:154} INFO - [2023-12-18T22:37:04.459+0100] {dag.py:2963} INFO - Creating ORM DAG for tutorial_taskflow_api
[2023-12-18T22:37:04.460+0100] {logging_mixin.py:154} INFO - [2023-12-18T22:37:04.460+0100] {dag.py:3722} INFO - Setting next_dagrun for tutorial_taskflow_api to None, run_after=None
[2023-12-18T22:37:04.480+0100] {processor.py:179} INFO - Processing /Users/user/Desktop/Learning/AIRFLOW-TUTORIAL/py_env/lib/python3.11/site-packages/airflow/example_dags/tutorial_taskflow_api.py took 0.883 seconds
[2023-12-18T22:39:44.878+0100] {processor.py:157} INFO - Started process (PID=26012) to work on /Users/user/Desktop/Learning/AIRFLOW-TUTORIAL/py_env/lib/python3.11/site-packages/airflow/example_dags/tutorial_taskflow_api.py
[2023-12-18T22:39:44.882+0100] {processor.py:829} INFO - Processing file /Users/user/Desktop/Learning/AIRFLOW-TUTORIAL/py_env/lib/python3.11/site-packages/airflow/example_dags/tutorial_taskflow_api.py for tasks to queue
[2023-12-18T22:39:44.883+0100] {logging_mixin.py:154} INFO - [2023-12-18T22:39:44.883+0100] {dagbag.py:536} INFO - Filling up the DagBag from /Users/user/Desktop/Learning/AIRFLOW-TUTORIAL/py_env/lib/python3.11/site-packages/airflow/example_dags/tutorial_taskflow_api.py
[2023-12-18T22:39:44.940+0100] {processor.py:839} INFO - DAG(s) dict_keys(['tutorial_taskflow_api']) retrieved from /Users/user/Desktop/Learning/AIRFLOW-TUTORIAL/py_env/lib/python3.11/site-packages/airflow/example_dags/tutorial_taskflow_api.py
[2023-12-18T22:39:45.114+0100] {logging_mixin.py:154} INFO - [2023-12-18T22:39:45.114+0100] {dag.py:2941} INFO - Sync 1 DAGs
[2023-12-18T22:39:45.124+0100] {logging_mixin.py:154} INFO - [2023-12-18T22:39:45.123+0100] {dag.py:3722} INFO - Setting next_dagrun for tutorial_taskflow_api to None, run_after=None
[2023-12-18T22:39:45.143+0100] {processor.py:179} INFO - Processing /Users/user/Desktop/Learning/AIRFLOW-TUTORIAL/py_env/lib/python3.11/site-packages/airflow/example_dags/tutorial_taskflow_api.py took 0.266 seconds
[2023-12-18T22:41:17.154+0100] {processor.py:157} INFO - Started process (PID=26904) to work on /Users/user/Desktop/Learning/AIRFLOW-TUTORIAL/py_env/lib/python3.11/site-packages/airflow/example_dags/tutorial_taskflow_api.py
[2023-12-18T22:41:17.158+0100] {processor.py:829} INFO - Processing file /Users/user/Desktop/Learning/AIRFLOW-TUTORIAL/py_env/lib/python3.11/site-packages/airflow/example_dags/tutorial_taskflow_api.py for tasks to queue
[2023-12-18T22:41:17.158+0100] {logging_mixin.py:154} INFO - [2023-12-18T22:41:17.158+0100] {dagbag.py:536} INFO - Filling up the DagBag from /Users/user/Desktop/Learning/AIRFLOW-TUTORIAL/py_env/lib/python3.11/site-packages/airflow/example_dags/tutorial_taskflow_api.py
[2023-12-18T22:41:17.213+0100] {processor.py:839} INFO - DAG(s) dict_keys(['tutorial_taskflow_api']) retrieved from /Users/user/Desktop/Learning/AIRFLOW-TUTORIAL/py_env/lib/python3.11/site-packages/airflow/example_dags/tutorial_taskflow_api.py
[2023-12-18T22:41:17.376+0100] {logging_mixin.py:154} INFO - [2023-12-18T22:41:17.376+0100] {dag.py:2941} INFO - Sync 1 DAGs
[2023-12-18T22:41:17.386+0100] {logging_mixin.py:154} INFO - [2023-12-18T22:41:17.386+0100] {dag.py:3722} INFO - Setting next_dagrun for tutorial_taskflow_api to None, run_after=None
[2023-12-18T22:41:17.404+0100] {processor.py:179} INFO - Processing /Users/user/Desktop/Learning/AIRFLOW-TUTORIAL/py_env/lib/python3.11/site-packages/airflow/example_dags/tutorial_taskflow_api.py took 0.251 seconds
[2023-12-18T22:42:44.148+0100] {processor.py:157} INFO - Started process (PID=27543) to work on /Users/user/Desktop/Learning/AIRFLOW-TUTORIAL/py_env/lib/python3.11/site-packages/airflow/example_dags/tutorial_taskflow_api.py
[2023-12-18T22:42:44.155+0100] {processor.py:829} INFO - Processing file /Users/user/Desktop/Learning/AIRFLOW-TUTORIAL/py_env/lib/python3.11/site-packages/airflow/example_dags/tutorial_taskflow_api.py for tasks to queue
[2023-12-18T22:42:44.156+0100] {logging_mixin.py:154} INFO - [2023-12-18T22:42:44.155+0100] {dagbag.py:536} INFO - Filling up the DagBag from /Users/user/Desktop/Learning/AIRFLOW-TUTORIAL/py_env/lib/python3.11/site-packages/airflow/example_dags/tutorial_taskflow_api.py
[2023-12-18T22:42:44.222+0100] {processor.py:839} INFO - DAG(s) dict_keys(['tutorial_taskflow_api']) retrieved from /Users/user/Desktop/Learning/AIRFLOW-TUTORIAL/py_env/lib/python3.11/site-packages/airflow/example_dags/tutorial_taskflow_api.py
[2023-12-18T22:42:44.409+0100] {logging_mixin.py:154} INFO - [2023-12-18T22:42:44.409+0100] {dag.py:2941} INFO - Sync 1 DAGs
[2023-12-18T22:42:44.419+0100] {logging_mixin.py:154} INFO - [2023-12-18T22:42:44.419+0100] {dag.py:3722} INFO - Setting next_dagrun for tutorial_taskflow_api to None, run_after=None
[2023-12-18T22:42:44.439+0100] {processor.py:179} INFO - Processing /Users/user/Desktop/Learning/AIRFLOW-TUTORIAL/py_env/lib/python3.11/site-packages/airflow/example_dags/tutorial_taskflow_api.py took 0.292 seconds
[2023-12-18T22:44:21.910+0100] {processor.py:157} INFO - Started process (PID=28252) to work on /Users/user/Desktop/Learning/AIRFLOW-TUTORIAL/py_env/lib/python3.11/site-packages/airflow/example_dags/tutorial_taskflow_api.py
[2023-12-18T22:44:21.914+0100] {processor.py:829} INFO - Processing file /Users/user/Desktop/Learning/AIRFLOW-TUTORIAL/py_env/lib/python3.11/site-packages/airflow/example_dags/tutorial_taskflow_api.py for tasks to queue
[2023-12-18T22:44:21.915+0100] {logging_mixin.py:154} INFO - [2023-12-18T22:44:21.915+0100] {dagbag.py:536} INFO - Filling up the DagBag from /Users/user/Desktop/Learning/AIRFLOW-TUTORIAL/py_env/lib/python3.11/site-packages/airflow/example_dags/tutorial_taskflow_api.py
[2023-12-18T22:44:21.981+0100] {processor.py:839} INFO - DAG(s) dict_keys(['tutorial_taskflow_api']) retrieved from /Users/user/Desktop/Learning/AIRFLOW-TUTORIAL/py_env/lib/python3.11/site-packages/airflow/example_dags/tutorial_taskflow_api.py
[2023-12-18T22:44:22.189+0100] {logging_mixin.py:154} INFO - [2023-12-18T22:44:22.189+0100] {dag.py:2941} INFO - Sync 1 DAGs
[2023-12-18T22:44:22.200+0100] {logging_mixin.py:154} INFO - [2023-12-18T22:44:22.200+0100] {dag.py:3722} INFO - Setting next_dagrun for tutorial_taskflow_api to None, run_after=None
[2023-12-18T22:44:22.219+0100] {processor.py:179} INFO - Processing /Users/user/Desktop/Learning/AIRFLOW-TUTORIAL/py_env/lib/python3.11/site-packages/airflow/example_dags/tutorial_taskflow_api.py took 0.310 seconds
[2023-12-18T22:45:58.766+0100] {processor.py:157} INFO - Started process (PID=28986) to work on /Users/user/Desktop/Learning/AIRFLOW-TUTORIAL/py_env/lib/python3.11/site-packages/airflow/example_dags/tutorial_taskflow_api.py
[2023-12-18T22:45:58.773+0100] {processor.py:829} INFO - Processing file /Users/user/Desktop/Learning/AIRFLOW-TUTORIAL/py_env/lib/python3.11/site-packages/airflow/example_dags/tutorial_taskflow_api.py for tasks to queue
[2023-12-18T22:45:58.774+0100] {logging_mixin.py:154} INFO - [2023-12-18T22:45:58.774+0100] {dagbag.py:536} INFO - Filling up the DagBag from /Users/user/Desktop/Learning/AIRFLOW-TUTORIAL/py_env/lib/python3.11/site-packages/airflow/example_dags/tutorial_taskflow_api.py
[2023-12-18T22:45:58.855+0100] {processor.py:839} INFO - DAG(s) dict_keys(['tutorial_taskflow_api']) retrieved from /Users/user/Desktop/Learning/AIRFLOW-TUTORIAL/py_env/lib/python3.11/site-packages/airflow/example_dags/tutorial_taskflow_api.py
[2023-12-18T22:45:59.090+0100] {logging_mixin.py:154} INFO - [2023-12-18T22:45:59.090+0100] {dag.py:2941} INFO - Sync 1 DAGs
[2023-12-18T22:45:59.105+0100] {logging_mixin.py:154} INFO - [2023-12-18T22:45:59.105+0100] {dag.py:3722} INFO - Setting next_dagrun for tutorial_taskflow_api to None, run_after=None
[2023-12-18T22:45:59.136+0100] {processor.py:179} INFO - Processing /Users/user/Desktop/Learning/AIRFLOW-TUTORIAL/py_env/lib/python3.11/site-packages/airflow/example_dags/tutorial_taskflow_api.py took 0.371 seconds
[2023-12-18T22:47:41.788+0100] {processor.py:157} INFO - Started process (PID=29816) to work on /Users/user/Desktop/Learning/AIRFLOW-TUTORIAL/py_env/lib/python3.11/site-packages/airflow/example_dags/tutorial_taskflow_api.py
[2023-12-18T22:47:41.793+0100] {processor.py:829} INFO - Processing file /Users/user/Desktop/Learning/AIRFLOW-TUTORIAL/py_env/lib/python3.11/site-packages/airflow/example_dags/tutorial_taskflow_api.py for tasks to queue
[2023-12-18T22:47:41.794+0100] {logging_mixin.py:154} INFO - [2023-12-18T22:47:41.794+0100] {dagbag.py:536} INFO - Filling up the DagBag from /Users/user/Desktop/Learning/AIRFLOW-TUTORIAL/py_env/lib/python3.11/site-packages/airflow/example_dags/tutorial_taskflow_api.py
[2023-12-18T22:47:41.869+0100] {processor.py:839} INFO - DAG(s) dict_keys(['tutorial_taskflow_api']) retrieved from /Users/user/Desktop/Learning/AIRFLOW-TUTORIAL/py_env/lib/python3.11/site-packages/airflow/example_dags/tutorial_taskflow_api.py
[2023-12-18T22:47:42.092+0100] {logging_mixin.py:154} INFO - [2023-12-18T22:47:42.092+0100] {dag.py:2941} INFO - Sync 1 DAGs
[2023-12-18T22:47:42.103+0100] {logging_mixin.py:154} INFO - [2023-12-18T22:47:42.103+0100] {dag.py:3722} INFO - Setting next_dagrun for tutorial_taskflow_api to None, run_after=None
[2023-12-18T22:47:42.127+0100] {processor.py:179} INFO - Processing /Users/user/Desktop/Learning/AIRFLOW-TUTORIAL/py_env/lib/python3.11/site-packages/airflow/example_dags/tutorial_taskflow_api.py took 0.340 seconds
[2023-12-18T22:49:18.885+0100] {processor.py:157} INFO - Started process (PID=30703) to work on /Users/user/Desktop/Learning/AIRFLOW-TUTORIAL/py_env/lib/python3.11/site-packages/airflow/example_dags/tutorial_taskflow_api.py
[2023-12-18T22:49:18.889+0100] {processor.py:829} INFO - Processing file /Users/user/Desktop/Learning/AIRFLOW-TUTORIAL/py_env/lib/python3.11/site-packages/airflow/example_dags/tutorial_taskflow_api.py for tasks to queue
[2023-12-18T22:49:18.890+0100] {logging_mixin.py:154} INFO - [2023-12-18T22:49:18.890+0100] {dagbag.py:536} INFO - Filling up the DagBag from /Users/user/Desktop/Learning/AIRFLOW-TUTORIAL/py_env/lib/python3.11/site-packages/airflow/example_dags/tutorial_taskflow_api.py
[2023-12-18T22:49:18.966+0100] {processor.py:839} INFO - DAG(s) dict_keys(['tutorial_taskflow_api']) retrieved from /Users/user/Desktop/Learning/AIRFLOW-TUTORIAL/py_env/lib/python3.11/site-packages/airflow/example_dags/tutorial_taskflow_api.py
[2023-12-18T22:49:19.304+0100] {logging_mixin.py:154} INFO - [2023-12-18T22:49:19.303+0100] {dag.py:2941} INFO - Sync 1 DAGs
[2023-12-18T22:49:19.314+0100] {logging_mixin.py:154} INFO - [2023-12-18T22:49:19.314+0100] {dag.py:3722} INFO - Setting next_dagrun for tutorial_taskflow_api to None, run_after=None
[2023-12-18T22:49:19.334+0100] {processor.py:179} INFO - Processing /Users/user/Desktop/Learning/AIRFLOW-TUTORIAL/py_env/lib/python3.11/site-packages/airflow/example_dags/tutorial_taskflow_api.py took 0.450 seconds
[2023-12-18T22:50:59.369+0100] {processor.py:157} INFO - Started process (PID=31432) to work on /Users/user/Desktop/Learning/AIRFLOW-TUTORIAL/py_env/lib/python3.11/site-packages/airflow/example_dags/tutorial_taskflow_api.py
[2023-12-18T22:50:59.373+0100] {processor.py:829} INFO - Processing file /Users/user/Desktop/Learning/AIRFLOW-TUTORIAL/py_env/lib/python3.11/site-packages/airflow/example_dags/tutorial_taskflow_api.py for tasks to queue
[2023-12-18T22:50:59.374+0100] {logging_mixin.py:154} INFO - [2023-12-18T22:50:59.374+0100] {dagbag.py:536} INFO - Filling up the DagBag from /Users/user/Desktop/Learning/AIRFLOW-TUTORIAL/py_env/lib/python3.11/site-packages/airflow/example_dags/tutorial_taskflow_api.py
[2023-12-18T22:50:59.434+0100] {processor.py:839} INFO - DAG(s) dict_keys(['tutorial_taskflow_api']) retrieved from /Users/user/Desktop/Learning/AIRFLOW-TUTORIAL/py_env/lib/python3.11/site-packages/airflow/example_dags/tutorial_taskflow_api.py
[2023-12-18T22:50:59.610+0100] {logging_mixin.py:154} INFO - [2023-12-18T22:50:59.610+0100] {dag.py:2941} INFO - Sync 1 DAGs
[2023-12-18T22:50:59.620+0100] {logging_mixin.py:154} INFO - [2023-12-18T22:50:59.620+0100] {dag.py:3722} INFO - Setting next_dagrun for tutorial_taskflow_api to None, run_after=None
[2023-12-18T22:50:59.639+0100] {processor.py:179} INFO - Processing /Users/user/Desktop/Learning/AIRFLOW-TUTORIAL/py_env/lib/python3.11/site-packages/airflow/example_dags/tutorial_taskflow_api.py took 0.271 seconds
[2023-12-18T22:52:49.967+0100] {processor.py:157} INFO - Started process (PID=32431) to work on /Users/user/Desktop/Learning/AIRFLOW-TUTORIAL/py_env/lib/python3.11/site-packages/airflow/example_dags/tutorial_taskflow_api.py
[2023-12-18T22:52:49.974+0100] {processor.py:829} INFO - Processing file /Users/user/Desktop/Learning/AIRFLOW-TUTORIAL/py_env/lib/python3.11/site-packages/airflow/example_dags/tutorial_taskflow_api.py for tasks to queue
[2023-12-18T22:52:49.975+0100] {logging_mixin.py:154} INFO - [2023-12-18T22:52:49.975+0100] {dagbag.py:536} INFO - Filling up the DagBag from /Users/user/Desktop/Learning/AIRFLOW-TUTORIAL/py_env/lib/python3.11/site-packages/airflow/example_dags/tutorial_taskflow_api.py
[2023-12-18T22:52:50.059+0100] {processor.py:839} INFO - DAG(s) dict_keys(['tutorial_taskflow_api']) retrieved from /Users/user/Desktop/Learning/AIRFLOW-TUTORIAL/py_env/lib/python3.11/site-packages/airflow/example_dags/tutorial_taskflow_api.py
[2023-12-18T22:52:50.377+0100] {logging_mixin.py:154} INFO - [2023-12-18T22:52:50.377+0100] {dag.py:2941} INFO - Sync 1 DAGs
[2023-12-18T22:52:50.389+0100] {logging_mixin.py:154} INFO - [2023-12-18T22:52:50.388+0100] {dag.py:3722} INFO - Setting next_dagrun for tutorial_taskflow_api to None, run_after=None
[2023-12-18T22:52:50.409+0100] {processor.py:179} INFO - Processing /Users/user/Desktop/Learning/AIRFLOW-TUTORIAL/py_env/lib/python3.11/site-packages/airflow/example_dags/tutorial_taskflow_api.py took 0.443 seconds
[2023-12-18T22:54:40.396+0100] {processor.py:157} INFO - Started process (PID=33261) to work on /Users/user/Desktop/Learning/AIRFLOW-TUTORIAL/py_env/lib/python3.11/site-packages/airflow/example_dags/tutorial_taskflow_api.py
[2023-12-18T22:54:40.400+0100] {processor.py:829} INFO - Processing file /Users/user/Desktop/Learning/AIRFLOW-TUTORIAL/py_env/lib/python3.11/site-packages/airflow/example_dags/tutorial_taskflow_api.py for tasks to queue
[2023-12-18T22:54:40.401+0100] {logging_mixin.py:154} INFO - [2023-12-18T22:54:40.401+0100] {dagbag.py:536} INFO - Filling up the DagBag from /Users/user/Desktop/Learning/AIRFLOW-TUTORIAL/py_env/lib/python3.11/site-packages/airflow/example_dags/tutorial_taskflow_api.py
[2023-12-18T22:54:40.462+0100] {processor.py:839} INFO - DAG(s) dict_keys(['tutorial_taskflow_api']) retrieved from /Users/user/Desktop/Learning/AIRFLOW-TUTORIAL/py_env/lib/python3.11/site-packages/airflow/example_dags/tutorial_taskflow_api.py
[2023-12-18T22:54:40.657+0100] {logging_mixin.py:154} INFO - [2023-12-18T22:54:40.657+0100] {dag.py:2941} INFO - Sync 1 DAGs
[2023-12-18T22:54:40.667+0100] {logging_mixin.py:154} INFO - [2023-12-18T22:54:40.667+0100] {dag.py:3722} INFO - Setting next_dagrun for tutorial_taskflow_api to None, run_after=None
[2023-12-18T22:54:40.691+0100] {processor.py:179} INFO - Processing /Users/user/Desktop/Learning/AIRFLOW-TUTORIAL/py_env/lib/python3.11/site-packages/airflow/example_dags/tutorial_taskflow_api.py took 0.296 seconds
[2023-12-18T22:56:27.855+0100] {processor.py:157} INFO - Started process (PID=34072) to work on /Users/user/Desktop/Learning/AIRFLOW-TUTORIAL/py_env/lib/python3.11/site-packages/airflow/example_dags/tutorial_taskflow_api.py
[2023-12-18T22:56:27.859+0100] {processor.py:829} INFO - Processing file /Users/user/Desktop/Learning/AIRFLOW-TUTORIAL/py_env/lib/python3.11/site-packages/airflow/example_dags/tutorial_taskflow_api.py for tasks to queue
[2023-12-18T22:56:27.860+0100] {logging_mixin.py:154} INFO - [2023-12-18T22:56:27.859+0100] {dagbag.py:536} INFO - Filling up the DagBag from /Users/user/Desktop/Learning/AIRFLOW-TUTORIAL/py_env/lib/python3.11/site-packages/airflow/example_dags/tutorial_taskflow_api.py
[2023-12-18T22:56:27.921+0100] {processor.py:839} INFO - DAG(s) dict_keys(['tutorial_taskflow_api']) retrieved from /Users/user/Desktop/Learning/AIRFLOW-TUTORIAL/py_env/lib/python3.11/site-packages/airflow/example_dags/tutorial_taskflow_api.py
[2023-12-18T22:56:28.103+0100] {logging_mixin.py:154} INFO - [2023-12-18T22:56:28.103+0100] {dag.py:2941} INFO - Sync 1 DAGs
[2023-12-18T22:56:28.112+0100] {logging_mixin.py:154} INFO - [2023-12-18T22:56:28.112+0100] {dag.py:3722} INFO - Setting next_dagrun for tutorial_taskflow_api to None, run_after=None
[2023-12-18T22:56:28.131+0100] {processor.py:179} INFO - Processing /Users/user/Desktop/Learning/AIRFLOW-TUTORIAL/py_env/lib/python3.11/site-packages/airflow/example_dags/tutorial_taskflow_api.py took 0.277 seconds
[2023-12-18T22:58:08.869+0100] {processor.py:157} INFO - Started process (PID=34809) to work on /Users/user/Desktop/Learning/AIRFLOW-TUTORIAL/py_env/lib/python3.11/site-packages/airflow/example_dags/tutorial_taskflow_api.py
[2023-12-18T22:58:08.873+0100] {processor.py:829} INFO - Processing file /Users/user/Desktop/Learning/AIRFLOW-TUTORIAL/py_env/lib/python3.11/site-packages/airflow/example_dags/tutorial_taskflow_api.py for tasks to queue
[2023-12-18T22:58:08.873+0100] {logging_mixin.py:154} INFO - [2023-12-18T22:58:08.873+0100] {dagbag.py:536} INFO - Filling up the DagBag from /Users/user/Desktop/Learning/AIRFLOW-TUTORIAL/py_env/lib/python3.11/site-packages/airflow/example_dags/tutorial_taskflow_api.py
[2023-12-18T22:58:08.939+0100] {processor.py:839} INFO - DAG(s) dict_keys(['tutorial_taskflow_api']) retrieved from /Users/user/Desktop/Learning/AIRFLOW-TUTORIAL/py_env/lib/python3.11/site-packages/airflow/example_dags/tutorial_taskflow_api.py
[2023-12-18T22:58:09.304+0100] {logging_mixin.py:154} INFO - [2023-12-18T22:58:09.303+0100] {dag.py:2941} INFO - Sync 1 DAGs
[2023-12-18T22:58:09.315+0100] {logging_mixin.py:154} INFO - [2023-12-18T22:58:09.314+0100] {dag.py:3722} INFO - Setting next_dagrun for tutorial_taskflow_api to None, run_after=None
[2023-12-18T22:58:09.338+0100] {processor.py:179} INFO - Processing /Users/user/Desktop/Learning/AIRFLOW-TUTORIAL/py_env/lib/python3.11/site-packages/airflow/example_dags/tutorial_taskflow_api.py took 0.470 seconds
[2023-12-18T22:59:53.684+0100] {processor.py:157} INFO - Started process (PID=35658) to work on /Users/user/Desktop/Learning/AIRFLOW-TUTORIAL/py_env/lib/python3.11/site-packages/airflow/example_dags/tutorial_taskflow_api.py
[2023-12-18T22:59:53.695+0100] {processor.py:829} INFO - Processing file /Users/user/Desktop/Learning/AIRFLOW-TUTORIAL/py_env/lib/python3.11/site-packages/airflow/example_dags/tutorial_taskflow_api.py for tasks to queue
[2023-12-18T22:59:53.713+0100] {logging_mixin.py:154} INFO - [2023-12-18T22:59:53.713+0100] {dagbag.py:536} INFO - Filling up the DagBag from /Users/user/Desktop/Learning/AIRFLOW-TUTORIAL/py_env/lib/python3.11/site-packages/airflow/example_dags/tutorial_taskflow_api.py
[2023-12-18T22:59:53.801+0100] {processor.py:839} INFO - DAG(s) dict_keys(['tutorial_taskflow_api']) retrieved from /Users/user/Desktop/Learning/AIRFLOW-TUTORIAL/py_env/lib/python3.11/site-packages/airflow/example_dags/tutorial_taskflow_api.py
[2023-12-18T22:59:54.041+0100] {logging_mixin.py:154} INFO - [2023-12-18T22:59:54.041+0100] {dag.py:2941} INFO - Sync 1 DAGs
[2023-12-18T22:59:54.070+0100] {logging_mixin.py:154} INFO - [2023-12-18T22:59:54.070+0100] {dag.py:3722} INFO - Setting next_dagrun for tutorial_taskflow_api to None, run_after=None
[2023-12-18T22:59:54.166+0100] {processor.py:179} INFO - Processing /Users/user/Desktop/Learning/AIRFLOW-TUTORIAL/py_env/lib/python3.11/site-packages/airflow/example_dags/tutorial_taskflow_api.py took 0.483 seconds
[2023-12-18T23:01:35.474+0100] {processor.py:157} INFO - Started process (PID=36221) to work on /Users/user/Desktop/Learning/AIRFLOW-TUTORIAL/py_env/lib/python3.11/site-packages/airflow/example_dags/tutorial_taskflow_api.py
[2023-12-18T23:01:35.478+0100] {processor.py:829} INFO - Processing file /Users/user/Desktop/Learning/AIRFLOW-TUTORIAL/py_env/lib/python3.11/site-packages/airflow/example_dags/tutorial_taskflow_api.py for tasks to queue
[2023-12-18T23:01:35.478+0100] {logging_mixin.py:154} INFO - [2023-12-18T23:01:35.478+0100] {dagbag.py:536} INFO - Filling up the DagBag from /Users/user/Desktop/Learning/AIRFLOW-TUTORIAL/py_env/lib/python3.11/site-packages/airflow/example_dags/tutorial_taskflow_api.py
[2023-12-18T23:01:35.536+0100] {processor.py:839} INFO - DAG(s) dict_keys(['tutorial_taskflow_api']) retrieved from /Users/user/Desktop/Learning/AIRFLOW-TUTORIAL/py_env/lib/python3.11/site-packages/airflow/example_dags/tutorial_taskflow_api.py
[2023-12-18T23:01:35.713+0100] {logging_mixin.py:154} INFO - [2023-12-18T23:01:35.713+0100] {dag.py:2941} INFO - Sync 1 DAGs
[2023-12-18T23:01:35.723+0100] {logging_mixin.py:154} INFO - [2023-12-18T23:01:35.723+0100] {dag.py:3722} INFO - Setting next_dagrun for tutorial_taskflow_api to None, run_after=None
[2023-12-18T23:01:35.742+0100] {processor.py:179} INFO - Processing /Users/user/Desktop/Learning/AIRFLOW-TUTORIAL/py_env/lib/python3.11/site-packages/airflow/example_dags/tutorial_taskflow_api.py took 0.269 seconds
[2023-12-18T23:03:25.240+0100] {processor.py:157} INFO - Started process (PID=37071) to work on /Users/user/Desktop/Learning/AIRFLOW-TUTORIAL/py_env/lib/python3.11/site-packages/airflow/example_dags/tutorial_taskflow_api.py
[2023-12-18T23:03:25.247+0100] {processor.py:829} INFO - Processing file /Users/user/Desktop/Learning/AIRFLOW-TUTORIAL/py_env/lib/python3.11/site-packages/airflow/example_dags/tutorial_taskflow_api.py for tasks to queue
[2023-12-18T23:03:25.248+0100] {logging_mixin.py:154} INFO - [2023-12-18T23:03:25.247+0100] {dagbag.py:536} INFO - Filling up the DagBag from /Users/user/Desktop/Learning/AIRFLOW-TUTORIAL/py_env/lib/python3.11/site-packages/airflow/example_dags/tutorial_taskflow_api.py
[2023-12-18T23:03:25.333+0100] {processor.py:839} INFO - DAG(s) dict_keys(['tutorial_taskflow_api']) retrieved from /Users/user/Desktop/Learning/AIRFLOW-TUTORIAL/py_env/lib/python3.11/site-packages/airflow/example_dags/tutorial_taskflow_api.py
[2023-12-18T23:03:25.598+0100] {logging_mixin.py:154} INFO - [2023-12-18T23:03:25.597+0100] {dag.py:2941} INFO - Sync 1 DAGs
[2023-12-18T23:03:25.610+0100] {logging_mixin.py:154} INFO - [2023-12-18T23:03:25.610+0100] {dag.py:3722} INFO - Setting next_dagrun for tutorial_taskflow_api to None, run_after=None
[2023-12-18T23:03:25.634+0100] {processor.py:179} INFO - Processing /Users/user/Desktop/Learning/AIRFLOW-TUTORIAL/py_env/lib/python3.11/site-packages/airflow/example_dags/tutorial_taskflow_api.py took 0.395 seconds
[2023-12-18T23:04:23.796+0100] {processor.py:157} INFO - Started process (PID=37333) to work on /Users/user/Desktop/Learning/AIRFLOW-TUTORIAL/py_env/lib/python3.11/site-packages/airflow/example_dags/tutorial_taskflow_api.py
[2023-12-18T23:04:23.800+0100] {processor.py:829} INFO - Processing file /Users/user/Desktop/Learning/AIRFLOW-TUTORIAL/py_env/lib/python3.11/site-packages/airflow/example_dags/tutorial_taskflow_api.py for tasks to queue
[2023-12-18T23:04:23.801+0100] {logging_mixin.py:154} INFO - [2023-12-18T23:04:23.801+0100] {dagbag.py:536} INFO - Filling up the DagBag from /Users/user/Desktop/Learning/AIRFLOW-TUTORIAL/py_env/lib/python3.11/site-packages/airflow/example_dags/tutorial_taskflow_api.py
[2023-12-18T23:04:23.869+0100] {processor.py:839} INFO - DAG(s) dict_keys(['tutorial_taskflow_api']) retrieved from /Users/user/Desktop/Learning/AIRFLOW-TUTORIAL/py_env/lib/python3.11/site-packages/airflow/example_dags/tutorial_taskflow_api.py
[2023-12-18T23:04:24.051+0100] {logging_mixin.py:154} INFO - [2023-12-18T23:04:24.051+0100] {dag.py:2941} INFO - Sync 1 DAGs
[2023-12-18T23:04:24.061+0100] {logging_mixin.py:154} INFO - [2023-12-18T23:04:24.061+0100] {dag.py:3722} INFO - Setting next_dagrun for tutorial_taskflow_api to None, run_after=None
[2023-12-18T23:04:24.083+0100] {processor.py:179} INFO - Processing /Users/user/Desktop/Learning/AIRFLOW-TUTORIAL/py_env/lib/python3.11/site-packages/airflow/example_dags/tutorial_taskflow_api.py took 0.288 seconds
[2023-12-18T23:06:51.927+0100] {processor.py:157} INFO - Started process (PID=38212) to work on /Users/user/Desktop/Learning/AIRFLOW-TUTORIAL/py_env/lib/python3.11/site-packages/airflow/example_dags/tutorial_taskflow_api.py
[2023-12-18T23:06:51.935+0100] {processor.py:829} INFO - Processing file /Users/user/Desktop/Learning/AIRFLOW-TUTORIAL/py_env/lib/python3.11/site-packages/airflow/example_dags/tutorial_taskflow_api.py for tasks to queue
[2023-12-18T23:06:51.936+0100] {logging_mixin.py:154} INFO - [2023-12-18T23:06:51.935+0100] {dagbag.py:536} INFO - Filling up the DagBag from /Users/user/Desktop/Learning/AIRFLOW-TUTORIAL/py_env/lib/python3.11/site-packages/airflow/example_dags/tutorial_taskflow_api.py
[2023-12-18T23:06:52.041+0100] {processor.py:839} INFO - DAG(s) dict_keys(['tutorial_taskflow_api']) retrieved from /Users/user/Desktop/Learning/AIRFLOW-TUTORIAL/py_env/lib/python3.11/site-packages/airflow/example_dags/tutorial_taskflow_api.py
[2023-12-18T23:06:52.348+0100] {logging_mixin.py:154} INFO - [2023-12-18T23:06:52.348+0100] {dag.py:2941} INFO - Sync 1 DAGs
[2023-12-18T23:06:52.365+0100] {logging_mixin.py:154} INFO - [2023-12-18T23:06:52.364+0100] {dag.py:3722} INFO - Setting next_dagrun for tutorial_taskflow_api to None, run_after=None
[2023-12-18T23:06:52.395+0100] {processor.py:179} INFO - Processing /Users/user/Desktop/Learning/AIRFLOW-TUTORIAL/py_env/lib/python3.11/site-packages/airflow/example_dags/tutorial_taskflow_api.py took 0.469 seconds
