[2023-12-18T22:37:07.404+0100] {processor.py:157} INFO - Started process (PID=24947) to work on /Users/user/Desktop/Learning/AIRFLOW-TUTORIAL/py_env/lib/python3.11/site-packages/airflow/example_dags/tutorial_dag.py
[2023-12-18T22:37:07.410+0100] {processor.py:829} INFO - Processing file /Users/user/Desktop/Learning/AIRFLOW-TUTORIAL/py_env/lib/python3.11/site-packages/airflow/example_dags/tutorial_dag.py for tasks to queue
[2023-12-18T22:37:07.411+0100] {logging_mixin.py:154} INFO - [2023-12-18T22:37:07.410+0100] {dagbag.py:536} INFO - Filling up the DagBag from /Users/user/Desktop/Learning/AIRFLOW-TUTORIAL/py_env/lib/python3.11/site-packages/airflow/example_dags/tutorial_dag.py
[2023-12-18T22:37:07.467+0100] {processor.py:839} INFO - DAG(s) dict_keys(['tutorial_dag']) retrieved from /Users/user/Desktop/Learning/AIRFLOW-TUTORIAL/py_env/lib/python3.11/site-packages/airflow/example_dags/tutorial_dag.py
[2023-12-18T22:37:08.294+0100] {logging_mixin.py:154} INFO - [2023-12-18T22:37:08.294+0100] {manager.py:499} INFO - Created Permission View: %s
[2023-12-18T22:37:08.308+0100] {logging_mixin.py:154} INFO - [2023-12-18T22:37:08.308+0100] {manager.py:499} INFO - Created Permission View: %s
[2023-12-18T22:37:08.322+0100] {logging_mixin.py:154} INFO - [2023-12-18T22:37:08.321+0100] {manager.py:499} INFO - Created Permission View: %s
[2023-12-18T22:37:08.322+0100] {logging_mixin.py:154} INFO - [2023-12-18T22:37:08.322+0100] {dag.py:2941} INFO - Sync 1 DAGs
[2023-12-18T22:37:08.340+0100] {logging_mixin.py:154} INFO - [2023-12-18T22:37:08.339+0100] {dag.py:2963} INFO - Creating ORM DAG for tutorial_dag
[2023-12-18T22:37:08.340+0100] {logging_mixin.py:154} INFO - [2023-12-18T22:37:08.340+0100] {dag.py:3722} INFO - Setting next_dagrun for tutorial_dag to None, run_after=None
[2023-12-18T22:37:08.366+0100] {processor.py:179} INFO - Processing /Users/user/Desktop/Learning/AIRFLOW-TUTORIAL/py_env/lib/python3.11/site-packages/airflow/example_dags/tutorial_dag.py took 0.963 seconds
[2023-12-18T22:39:47.733+0100] {processor.py:157} INFO - Started process (PID=26013) to work on /Users/user/Desktop/Learning/AIRFLOW-TUTORIAL/py_env/lib/python3.11/site-packages/airflow/example_dags/tutorial_dag.py
[2023-12-18T22:39:47.739+0100] {processor.py:829} INFO - Processing file /Users/user/Desktop/Learning/AIRFLOW-TUTORIAL/py_env/lib/python3.11/site-packages/airflow/example_dags/tutorial_dag.py for tasks to queue
[2023-12-18T22:39:47.739+0100] {logging_mixin.py:154} INFO - [2023-12-18T22:39:47.739+0100] {dagbag.py:536} INFO - Filling up the DagBag from /Users/user/Desktop/Learning/AIRFLOW-TUTORIAL/py_env/lib/python3.11/site-packages/airflow/example_dags/tutorial_dag.py
[2023-12-18T22:39:47.787+0100] {processor.py:839} INFO - DAG(s) dict_keys(['tutorial_dag']) retrieved from /Users/user/Desktop/Learning/AIRFLOW-TUTORIAL/py_env/lib/python3.11/site-packages/airflow/example_dags/tutorial_dag.py
[2023-12-18T22:39:47.986+0100] {logging_mixin.py:154} INFO - [2023-12-18T22:39:47.986+0100] {dag.py:2941} INFO - Sync 1 DAGs
[2023-12-18T22:39:47.997+0100] {logging_mixin.py:154} INFO - [2023-12-18T22:39:47.997+0100] {dag.py:3722} INFO - Setting next_dagrun for tutorial_dag to None, run_after=None
[2023-12-18T22:39:48.019+0100] {processor.py:179} INFO - Processing /Users/user/Desktop/Learning/AIRFLOW-TUTORIAL/py_env/lib/python3.11/site-packages/airflow/example_dags/tutorial_dag.py took 0.287 seconds
[2023-12-18T22:41:19.743+0100] {processor.py:157} INFO - Started process (PID=26910) to work on /Users/user/Desktop/Learning/AIRFLOW-TUTORIAL/py_env/lib/python3.11/site-packages/airflow/example_dags/tutorial_dag.py
[2023-12-18T22:41:19.746+0100] {processor.py:829} INFO - Processing file /Users/user/Desktop/Learning/AIRFLOW-TUTORIAL/py_env/lib/python3.11/site-packages/airflow/example_dags/tutorial_dag.py for tasks to queue
[2023-12-18T22:41:19.747+0100] {logging_mixin.py:154} INFO - [2023-12-18T22:41:19.747+0100] {dagbag.py:536} INFO - Filling up the DagBag from /Users/user/Desktop/Learning/AIRFLOW-TUTORIAL/py_env/lib/python3.11/site-packages/airflow/example_dags/tutorial_dag.py
[2023-12-18T22:41:19.787+0100] {processor.py:839} INFO - DAG(s) dict_keys(['tutorial_dag']) retrieved from /Users/user/Desktop/Learning/AIRFLOW-TUTORIAL/py_env/lib/python3.11/site-packages/airflow/example_dags/tutorial_dag.py
[2023-12-18T22:41:19.970+0100] {logging_mixin.py:154} INFO - [2023-12-18T22:41:19.970+0100] {dag.py:2941} INFO - Sync 1 DAGs
[2023-12-18T22:41:19.982+0100] {logging_mixin.py:154} INFO - [2023-12-18T22:41:19.982+0100] {dag.py:3722} INFO - Setting next_dagrun for tutorial_dag to None, run_after=None
[2023-12-18T22:41:20.002+0100] {processor.py:179} INFO - Processing /Users/user/Desktop/Learning/AIRFLOW-TUTORIAL/py_env/lib/python3.11/site-packages/airflow/example_dags/tutorial_dag.py took 0.259 seconds
[2023-12-18T22:42:47.093+0100] {processor.py:157} INFO - Started process (PID=27544) to work on /Users/user/Desktop/Learning/AIRFLOW-TUTORIAL/py_env/lib/python3.11/site-packages/airflow/example_dags/tutorial_dag.py
[2023-12-18T22:42:47.097+0100] {processor.py:829} INFO - Processing file /Users/user/Desktop/Learning/AIRFLOW-TUTORIAL/py_env/lib/python3.11/site-packages/airflow/example_dags/tutorial_dag.py for tasks to queue
[2023-12-18T22:42:47.097+0100] {logging_mixin.py:154} INFO - [2023-12-18T22:42:47.097+0100] {dagbag.py:536} INFO - Filling up the DagBag from /Users/user/Desktop/Learning/AIRFLOW-TUTORIAL/py_env/lib/python3.11/site-packages/airflow/example_dags/tutorial_dag.py
[2023-12-18T22:42:47.147+0100] {processor.py:839} INFO - DAG(s) dict_keys(['tutorial_dag']) retrieved from /Users/user/Desktop/Learning/AIRFLOW-TUTORIAL/py_env/lib/python3.11/site-packages/airflow/example_dags/tutorial_dag.py
[2023-12-18T22:42:47.415+0100] {logging_mixin.py:154} INFO - [2023-12-18T22:42:47.414+0100] {dag.py:2941} INFO - Sync 1 DAGs
[2023-12-18T22:42:47.427+0100] {logging_mixin.py:154} INFO - [2023-12-18T22:42:47.427+0100] {dag.py:3722} INFO - Setting next_dagrun for tutorial_dag to None, run_after=None
[2023-12-18T22:42:47.450+0100] {processor.py:179} INFO - Processing /Users/user/Desktop/Learning/AIRFLOW-TUTORIAL/py_env/lib/python3.11/site-packages/airflow/example_dags/tutorial_dag.py took 0.358 seconds
[2023-12-18T22:44:24.491+0100] {processor.py:157} INFO - Started process (PID=28253) to work on /Users/user/Desktop/Learning/AIRFLOW-TUTORIAL/py_env/lib/python3.11/site-packages/airflow/example_dags/tutorial_dag.py
[2023-12-18T22:44:24.495+0100] {processor.py:829} INFO - Processing file /Users/user/Desktop/Learning/AIRFLOW-TUTORIAL/py_env/lib/python3.11/site-packages/airflow/example_dags/tutorial_dag.py for tasks to queue
[2023-12-18T22:44:24.495+0100] {logging_mixin.py:154} INFO - [2023-12-18T22:44:24.495+0100] {dagbag.py:536} INFO - Filling up the DagBag from /Users/user/Desktop/Learning/AIRFLOW-TUTORIAL/py_env/lib/python3.11/site-packages/airflow/example_dags/tutorial_dag.py
[2023-12-18T22:44:24.534+0100] {processor.py:839} INFO - DAG(s) dict_keys(['tutorial_dag']) retrieved from /Users/user/Desktop/Learning/AIRFLOW-TUTORIAL/py_env/lib/python3.11/site-packages/airflow/example_dags/tutorial_dag.py
[2023-12-18T22:44:24.711+0100] {logging_mixin.py:154} INFO - [2023-12-18T22:44:24.710+0100] {dag.py:2941} INFO - Sync 1 DAGs
[2023-12-18T22:44:24.722+0100] {logging_mixin.py:154} INFO - [2023-12-18T22:44:24.722+0100] {dag.py:3722} INFO - Setting next_dagrun for tutorial_dag to None, run_after=None
[2023-12-18T22:44:24.741+0100] {processor.py:179} INFO - Processing /Users/user/Desktop/Learning/AIRFLOW-TUTORIAL/py_env/lib/python3.11/site-packages/airflow/example_dags/tutorial_dag.py took 0.251 seconds
[2023-12-18T22:46:01.738+0100] {processor.py:157} INFO - Started process (PID=29083) to work on /Users/user/Desktop/Learning/AIRFLOW-TUTORIAL/py_env/lib/python3.11/site-packages/airflow/example_dags/tutorial_dag.py
[2023-12-18T22:46:01.742+0100] {processor.py:829} INFO - Processing file /Users/user/Desktop/Learning/AIRFLOW-TUTORIAL/py_env/lib/python3.11/site-packages/airflow/example_dags/tutorial_dag.py for tasks to queue
[2023-12-18T22:46:01.742+0100] {logging_mixin.py:154} INFO - [2023-12-18T22:46:01.742+0100] {dagbag.py:536} INFO - Filling up the DagBag from /Users/user/Desktop/Learning/AIRFLOW-TUTORIAL/py_env/lib/python3.11/site-packages/airflow/example_dags/tutorial_dag.py
[2023-12-18T22:46:01.783+0100] {processor.py:839} INFO - DAG(s) dict_keys(['tutorial_dag']) retrieved from /Users/user/Desktop/Learning/AIRFLOW-TUTORIAL/py_env/lib/python3.11/site-packages/airflow/example_dags/tutorial_dag.py
[2023-12-18T22:46:01.969+0100] {logging_mixin.py:154} INFO - [2023-12-18T22:46:01.969+0100] {dag.py:2941} INFO - Sync 1 DAGs
[2023-12-18T22:46:01.980+0100] {logging_mixin.py:154} INFO - [2023-12-18T22:46:01.980+0100] {dag.py:3722} INFO - Setting next_dagrun for tutorial_dag to None, run_after=None
[2023-12-18T22:46:02.000+0100] {processor.py:179} INFO - Processing /Users/user/Desktop/Learning/AIRFLOW-TUTORIAL/py_env/lib/python3.11/site-packages/airflow/example_dags/tutorial_dag.py took 0.262 seconds
[2023-12-18T22:47:44.460+0100] {processor.py:157} INFO - Started process (PID=29817) to work on /Users/user/Desktop/Learning/AIRFLOW-TUTORIAL/py_env/lib/python3.11/site-packages/airflow/example_dags/tutorial_dag.py
[2023-12-18T22:47:44.464+0100] {processor.py:829} INFO - Processing file /Users/user/Desktop/Learning/AIRFLOW-TUTORIAL/py_env/lib/python3.11/site-packages/airflow/example_dags/tutorial_dag.py for tasks to queue
[2023-12-18T22:47:44.464+0100] {logging_mixin.py:154} INFO - [2023-12-18T22:47:44.464+0100] {dagbag.py:536} INFO - Filling up the DagBag from /Users/user/Desktop/Learning/AIRFLOW-TUTORIAL/py_env/lib/python3.11/site-packages/airflow/example_dags/tutorial_dag.py
[2023-12-18T22:47:44.504+0100] {processor.py:839} INFO - DAG(s) dict_keys(['tutorial_dag']) retrieved from /Users/user/Desktop/Learning/AIRFLOW-TUTORIAL/py_env/lib/python3.11/site-packages/airflow/example_dags/tutorial_dag.py
[2023-12-18T22:47:44.680+0100] {logging_mixin.py:154} INFO - [2023-12-18T22:47:44.680+0100] {dag.py:2941} INFO - Sync 1 DAGs
[2023-12-18T22:47:44.690+0100] {logging_mixin.py:154} INFO - [2023-12-18T22:47:44.690+0100] {dag.py:3722} INFO - Setting next_dagrun for tutorial_dag to None, run_after=None
[2023-12-18T22:47:44.710+0100] {processor.py:179} INFO - Processing /Users/user/Desktop/Learning/AIRFLOW-TUTORIAL/py_env/lib/python3.11/site-packages/airflow/example_dags/tutorial_dag.py took 0.251 seconds
[2023-12-18T22:49:21.792+0100] {processor.py:157} INFO - Started process (PID=30704) to work on /Users/user/Desktop/Learning/AIRFLOW-TUTORIAL/py_env/lib/python3.11/site-packages/airflow/example_dags/tutorial_dag.py
[2023-12-18T22:49:21.796+0100] {processor.py:829} INFO - Processing file /Users/user/Desktop/Learning/AIRFLOW-TUTORIAL/py_env/lib/python3.11/site-packages/airflow/example_dags/tutorial_dag.py for tasks to queue
[2023-12-18T22:49:21.797+0100] {logging_mixin.py:154} INFO - [2023-12-18T22:49:21.797+0100] {dagbag.py:536} INFO - Filling up the DagBag from /Users/user/Desktop/Learning/AIRFLOW-TUTORIAL/py_env/lib/python3.11/site-packages/airflow/example_dags/tutorial_dag.py
[2023-12-18T22:49:21.840+0100] {processor.py:839} INFO - DAG(s) dict_keys(['tutorial_dag']) retrieved from /Users/user/Desktop/Learning/AIRFLOW-TUTORIAL/py_env/lib/python3.11/site-packages/airflow/example_dags/tutorial_dag.py
[2023-12-18T22:49:22.067+0100] {logging_mixin.py:154} INFO - [2023-12-18T22:49:22.067+0100] {dag.py:2941} INFO - Sync 1 DAGs
[2023-12-18T22:49:22.093+0100] {logging_mixin.py:154} INFO - [2023-12-18T22:49:22.093+0100] {dag.py:3722} INFO - Setting next_dagrun for tutorial_dag to None, run_after=None
[2023-12-18T22:49:22.127+0100] {processor.py:179} INFO - Processing /Users/user/Desktop/Learning/AIRFLOW-TUTORIAL/py_env/lib/python3.11/site-packages/airflow/example_dags/tutorial_dag.py took 0.336 seconds
[2023-12-18T22:51:02.391+0100] {processor.py:157} INFO - Started process (PID=31435) to work on /Users/user/Desktop/Learning/AIRFLOW-TUTORIAL/py_env/lib/python3.11/site-packages/airflow/example_dags/tutorial_dag.py
[2023-12-18T22:51:02.395+0100] {processor.py:829} INFO - Processing file /Users/user/Desktop/Learning/AIRFLOW-TUTORIAL/py_env/lib/python3.11/site-packages/airflow/example_dags/tutorial_dag.py for tasks to queue
[2023-12-18T22:51:02.396+0100] {logging_mixin.py:154} INFO - [2023-12-18T22:51:02.396+0100] {dagbag.py:536} INFO - Filling up the DagBag from /Users/user/Desktop/Learning/AIRFLOW-TUTORIAL/py_env/lib/python3.11/site-packages/airflow/example_dags/tutorial_dag.py
[2023-12-18T22:51:02.456+0100] {processor.py:839} INFO - DAG(s) dict_keys(['tutorial_dag']) retrieved from /Users/user/Desktop/Learning/AIRFLOW-TUTORIAL/py_env/lib/python3.11/site-packages/airflow/example_dags/tutorial_dag.py
[2023-12-18T22:51:02.720+0100] {logging_mixin.py:154} INFO - [2023-12-18T22:51:02.720+0100] {dag.py:2941} INFO - Sync 1 DAGs
[2023-12-18T22:51:02.731+0100] {logging_mixin.py:154} INFO - [2023-12-18T22:51:02.731+0100] {dag.py:3722} INFO - Setting next_dagrun for tutorial_dag to None, run_after=None
[2023-12-18T22:51:02.756+0100] {processor.py:179} INFO - Processing /Users/user/Desktop/Learning/AIRFLOW-TUTORIAL/py_env/lib/python3.11/site-packages/airflow/example_dags/tutorial_dag.py took 0.366 seconds
[2023-12-18T22:52:53.127+0100] {processor.py:157} INFO - Started process (PID=32432) to work on /Users/user/Desktop/Learning/AIRFLOW-TUTORIAL/py_env/lib/python3.11/site-packages/airflow/example_dags/tutorial_dag.py
[2023-12-18T22:52:53.133+0100] {processor.py:829} INFO - Processing file /Users/user/Desktop/Learning/AIRFLOW-TUTORIAL/py_env/lib/python3.11/site-packages/airflow/example_dags/tutorial_dag.py for tasks to queue
[2023-12-18T22:52:53.133+0100] {logging_mixin.py:154} INFO - [2023-12-18T22:52:53.133+0100] {dagbag.py:536} INFO - Filling up the DagBag from /Users/user/Desktop/Learning/AIRFLOW-TUTORIAL/py_env/lib/python3.11/site-packages/airflow/example_dags/tutorial_dag.py
[2023-12-18T22:52:53.201+0100] {processor.py:839} INFO - DAG(s) dict_keys(['tutorial_dag']) retrieved from /Users/user/Desktop/Learning/AIRFLOW-TUTORIAL/py_env/lib/python3.11/site-packages/airflow/example_dags/tutorial_dag.py
[2023-12-18T22:52:53.426+0100] {logging_mixin.py:154} INFO - [2023-12-18T22:52:53.426+0100] {dag.py:2941} INFO - Sync 1 DAGs
[2023-12-18T22:52:53.438+0100] {logging_mixin.py:154} INFO - [2023-12-18T22:52:53.438+0100] {dag.py:3722} INFO - Setting next_dagrun for tutorial_dag to None, run_after=None
[2023-12-18T22:52:53.464+0100] {processor.py:179} INFO - Processing /Users/user/Desktop/Learning/AIRFLOW-TUTORIAL/py_env/lib/python3.11/site-packages/airflow/example_dags/tutorial_dag.py took 0.337 seconds
[2023-12-18T22:54:43.233+0100] {processor.py:157} INFO - Started process (PID=33267) to work on /Users/user/Desktop/Learning/AIRFLOW-TUTORIAL/py_env/lib/python3.11/site-packages/airflow/example_dags/tutorial_dag.py
[2023-12-18T22:54:43.238+0100] {processor.py:829} INFO - Processing file /Users/user/Desktop/Learning/AIRFLOW-TUTORIAL/py_env/lib/python3.11/site-packages/airflow/example_dags/tutorial_dag.py for tasks to queue
[2023-12-18T22:54:43.238+0100] {logging_mixin.py:154} INFO - [2023-12-18T22:54:43.238+0100] {dagbag.py:536} INFO - Filling up the DagBag from /Users/user/Desktop/Learning/AIRFLOW-TUTORIAL/py_env/lib/python3.11/site-packages/airflow/example_dags/tutorial_dag.py
[2023-12-18T22:54:43.280+0100] {processor.py:839} INFO - DAG(s) dict_keys(['tutorial_dag']) retrieved from /Users/user/Desktop/Learning/AIRFLOW-TUTORIAL/py_env/lib/python3.11/site-packages/airflow/example_dags/tutorial_dag.py
[2023-12-18T22:54:43.495+0100] {logging_mixin.py:154} INFO - [2023-12-18T22:54:43.494+0100] {dag.py:2941} INFO - Sync 1 DAGs
[2023-12-18T22:54:43.509+0100] {logging_mixin.py:154} INFO - [2023-12-18T22:54:43.509+0100] {dag.py:3722} INFO - Setting next_dagrun for tutorial_dag to None, run_after=None
[2023-12-18T22:54:43.532+0100] {processor.py:179} INFO - Processing /Users/user/Desktop/Learning/AIRFLOW-TUTORIAL/py_env/lib/python3.11/site-packages/airflow/example_dags/tutorial_dag.py took 0.299 seconds
[2023-12-18T22:56:30.580+0100] {processor.py:157} INFO - Started process (PID=34082) to work on /Users/user/Desktop/Learning/AIRFLOW-TUTORIAL/py_env/lib/python3.11/site-packages/airflow/example_dags/tutorial_dag.py
[2023-12-18T22:56:30.585+0100] {processor.py:829} INFO - Processing file /Users/user/Desktop/Learning/AIRFLOW-TUTORIAL/py_env/lib/python3.11/site-packages/airflow/example_dags/tutorial_dag.py for tasks to queue
[2023-12-18T22:56:30.586+0100] {logging_mixin.py:154} INFO - [2023-12-18T22:56:30.586+0100] {dagbag.py:536} INFO - Filling up the DagBag from /Users/user/Desktop/Learning/AIRFLOW-TUTORIAL/py_env/lib/python3.11/site-packages/airflow/example_dags/tutorial_dag.py
[2023-12-18T22:56:30.629+0100] {processor.py:839} INFO - DAG(s) dict_keys(['tutorial_dag']) retrieved from /Users/user/Desktop/Learning/AIRFLOW-TUTORIAL/py_env/lib/python3.11/site-packages/airflow/example_dags/tutorial_dag.py
[2023-12-18T22:56:30.832+0100] {logging_mixin.py:154} INFO - [2023-12-18T22:56:30.832+0100] {dag.py:2941} INFO - Sync 1 DAGs
[2023-12-18T22:56:30.843+0100] {logging_mixin.py:154} INFO - [2023-12-18T22:56:30.843+0100] {dag.py:3722} INFO - Setting next_dagrun for tutorial_dag to None, run_after=None
[2023-12-18T22:56:30.864+0100] {processor.py:179} INFO - Processing /Users/user/Desktop/Learning/AIRFLOW-TUTORIAL/py_env/lib/python3.11/site-packages/airflow/example_dags/tutorial_dag.py took 0.284 seconds
[2023-12-18T22:58:12.054+0100] {processor.py:157} INFO - Started process (PID=34810) to work on /Users/user/Desktop/Learning/AIRFLOW-TUTORIAL/py_env/lib/python3.11/site-packages/airflow/example_dags/tutorial_dag.py
[2023-12-18T22:58:12.059+0100] {processor.py:829} INFO - Processing file /Users/user/Desktop/Learning/AIRFLOW-TUTORIAL/py_env/lib/python3.11/site-packages/airflow/example_dags/tutorial_dag.py for tasks to queue
[2023-12-18T22:58:12.059+0100] {logging_mixin.py:154} INFO - [2023-12-18T22:58:12.059+0100] {dagbag.py:536} INFO - Filling up the DagBag from /Users/user/Desktop/Learning/AIRFLOW-TUTORIAL/py_env/lib/python3.11/site-packages/airflow/example_dags/tutorial_dag.py
[2023-12-18T22:58:12.110+0100] {processor.py:839} INFO - DAG(s) dict_keys(['tutorial_dag']) retrieved from /Users/user/Desktop/Learning/AIRFLOW-TUTORIAL/py_env/lib/python3.11/site-packages/airflow/example_dags/tutorial_dag.py
[2023-12-18T22:58:12.325+0100] {logging_mixin.py:154} INFO - [2023-12-18T22:58:12.325+0100] {dag.py:2941} INFO - Sync 1 DAGs
[2023-12-18T22:58:12.338+0100] {logging_mixin.py:154} INFO - [2023-12-18T22:58:12.338+0100] {dag.py:3722} INFO - Setting next_dagrun for tutorial_dag to None, run_after=None
[2023-12-18T22:58:12.359+0100] {processor.py:179} INFO - Processing /Users/user/Desktop/Learning/AIRFLOW-TUTORIAL/py_env/lib/python3.11/site-packages/airflow/example_dags/tutorial_dag.py took 0.305 seconds
[2023-12-18T22:59:56.884+0100] {processor.py:157} INFO - Started process (PID=35664) to work on /Users/user/Desktop/Learning/AIRFLOW-TUTORIAL/py_env/lib/python3.11/site-packages/airflow/example_dags/tutorial_dag.py
[2023-12-18T22:59:56.912+0100] {processor.py:829} INFO - Processing file /Users/user/Desktop/Learning/AIRFLOW-TUTORIAL/py_env/lib/python3.11/site-packages/airflow/example_dags/tutorial_dag.py for tasks to queue
[2023-12-18T22:59:56.913+0100] {logging_mixin.py:154} INFO - [2023-12-18T22:59:56.913+0100] {dagbag.py:536} INFO - Filling up the DagBag from /Users/user/Desktop/Learning/AIRFLOW-TUTORIAL/py_env/lib/python3.11/site-packages/airflow/example_dags/tutorial_dag.py
[2023-12-18T22:59:56.968+0100] {processor.py:839} INFO - DAG(s) dict_keys(['tutorial_dag']) retrieved from /Users/user/Desktop/Learning/AIRFLOW-TUTORIAL/py_env/lib/python3.11/site-packages/airflow/example_dags/tutorial_dag.py
[2023-12-18T22:59:57.188+0100] {logging_mixin.py:154} INFO - [2023-12-18T22:59:57.188+0100] {dag.py:2941} INFO - Sync 1 DAGs
[2023-12-18T22:59:57.221+0100] {logging_mixin.py:154} INFO - [2023-12-18T22:59:57.220+0100] {dag.py:3722} INFO - Setting next_dagrun for tutorial_dag to None, run_after=None
[2023-12-18T22:59:57.358+0100] {processor.py:179} INFO - Processing /Users/user/Desktop/Learning/AIRFLOW-TUTORIAL/py_env/lib/python3.11/site-packages/airflow/example_dags/tutorial_dag.py took 0.474 seconds
[2023-12-18T23:01:38.023+0100] {processor.py:157} INFO - Started process (PID=36313) to work on /Users/user/Desktop/Learning/AIRFLOW-TUTORIAL/py_env/lib/python3.11/site-packages/airflow/example_dags/tutorial_dag.py
[2023-12-18T23:01:38.028+0100] {processor.py:829} INFO - Processing file /Users/user/Desktop/Learning/AIRFLOW-TUTORIAL/py_env/lib/python3.11/site-packages/airflow/example_dags/tutorial_dag.py for tasks to queue
[2023-12-18T23:01:38.029+0100] {logging_mixin.py:154} INFO - [2023-12-18T23:01:38.028+0100] {dagbag.py:536} INFO - Filling up the DagBag from /Users/user/Desktop/Learning/AIRFLOW-TUTORIAL/py_env/lib/python3.11/site-packages/airflow/example_dags/tutorial_dag.py
[2023-12-18T23:01:38.070+0100] {processor.py:839} INFO - DAG(s) dict_keys(['tutorial_dag']) retrieved from /Users/user/Desktop/Learning/AIRFLOW-TUTORIAL/py_env/lib/python3.11/site-packages/airflow/example_dags/tutorial_dag.py
[2023-12-18T23:01:38.265+0100] {logging_mixin.py:154} INFO - [2023-12-18T23:01:38.265+0100] {dag.py:2941} INFO - Sync 1 DAGs
[2023-12-18T23:01:38.278+0100] {logging_mixin.py:154} INFO - [2023-12-18T23:01:38.277+0100] {dag.py:3722} INFO - Setting next_dagrun for tutorial_dag to None, run_after=None
[2023-12-18T23:01:38.299+0100] {processor.py:179} INFO - Processing /Users/user/Desktop/Learning/AIRFLOW-TUTORIAL/py_env/lib/python3.11/site-packages/airflow/example_dags/tutorial_dag.py took 0.277 seconds
[2023-12-18T23:03:28.349+0100] {processor.py:157} INFO - Started process (PID=37074) to work on /Users/user/Desktop/Learning/AIRFLOW-TUTORIAL/py_env/lib/python3.11/site-packages/airflow/example_dags/tutorial_dag.py
[2023-12-18T23:03:28.354+0100] {processor.py:829} INFO - Processing file /Users/user/Desktop/Learning/AIRFLOW-TUTORIAL/py_env/lib/python3.11/site-packages/airflow/example_dags/tutorial_dag.py for tasks to queue
[2023-12-18T23:03:28.355+0100] {logging_mixin.py:154} INFO - [2023-12-18T23:03:28.355+0100] {dagbag.py:536} INFO - Filling up the DagBag from /Users/user/Desktop/Learning/AIRFLOW-TUTORIAL/py_env/lib/python3.11/site-packages/airflow/example_dags/tutorial_dag.py
[2023-12-18T23:03:28.406+0100] {processor.py:839} INFO - DAG(s) dict_keys(['tutorial_dag']) retrieved from /Users/user/Desktop/Learning/AIRFLOW-TUTORIAL/py_env/lib/python3.11/site-packages/airflow/example_dags/tutorial_dag.py
[2023-12-18T23:03:28.642+0100] {logging_mixin.py:154} INFO - [2023-12-18T23:03:28.642+0100] {dag.py:2941} INFO - Sync 1 DAGs
[2023-12-18T23:03:28.658+0100] {logging_mixin.py:154} INFO - [2023-12-18T23:03:28.658+0100] {dag.py:3722} INFO - Setting next_dagrun for tutorial_dag to None, run_after=None
[2023-12-18T23:03:28.688+0100] {processor.py:179} INFO - Processing /Users/user/Desktop/Learning/AIRFLOW-TUTORIAL/py_env/lib/python3.11/site-packages/airflow/example_dags/tutorial_dag.py took 0.339 seconds
[2023-12-18T23:04:26.964+0100] {processor.py:157} INFO - Started process (PID=37334) to work on /Users/user/Desktop/Learning/AIRFLOW-TUTORIAL/py_env/lib/python3.11/site-packages/airflow/example_dags/tutorial_dag.py
[2023-12-18T23:04:26.971+0100] {processor.py:829} INFO - Processing file /Users/user/Desktop/Learning/AIRFLOW-TUTORIAL/py_env/lib/python3.11/site-packages/airflow/example_dags/tutorial_dag.py for tasks to queue
[2023-12-18T23:04:26.972+0100] {logging_mixin.py:154} INFO - [2023-12-18T23:04:26.972+0100] {dagbag.py:536} INFO - Filling up the DagBag from /Users/user/Desktop/Learning/AIRFLOW-TUTORIAL/py_env/lib/python3.11/site-packages/airflow/example_dags/tutorial_dag.py
[2023-12-18T23:04:27.036+0100] {processor.py:839} INFO - DAG(s) dict_keys(['tutorial_dag']) retrieved from /Users/user/Desktop/Learning/AIRFLOW-TUTORIAL/py_env/lib/python3.11/site-packages/airflow/example_dags/tutorial_dag.py
[2023-12-18T23:04:27.286+0100] {logging_mixin.py:154} INFO - [2023-12-18T23:04:27.285+0100] {dag.py:2941} INFO - Sync 1 DAGs
[2023-12-18T23:04:27.301+0100] {logging_mixin.py:154} INFO - [2023-12-18T23:04:27.301+0100] {dag.py:3722} INFO - Setting next_dagrun for tutorial_dag to None, run_after=None
[2023-12-18T23:04:27.329+0100] {processor.py:179} INFO - Processing /Users/user/Desktop/Learning/AIRFLOW-TUTORIAL/py_env/lib/python3.11/site-packages/airflow/example_dags/tutorial_dag.py took 0.366 seconds
[2023-12-18T23:06:55.678+0100] {processor.py:157} INFO - Started process (PID=38214) to work on /Users/user/Desktop/Learning/AIRFLOW-TUTORIAL/py_env/lib/python3.11/site-packages/airflow/example_dags/tutorial_dag.py
[2023-12-18T23:06:55.693+0100] {processor.py:829} INFO - Processing file /Users/user/Desktop/Learning/AIRFLOW-TUTORIAL/py_env/lib/python3.11/site-packages/airflow/example_dags/tutorial_dag.py for tasks to queue
[2023-12-18T23:06:55.694+0100] {logging_mixin.py:154} INFO - [2023-12-18T23:06:55.693+0100] {dagbag.py:536} INFO - Filling up the DagBag from /Users/user/Desktop/Learning/AIRFLOW-TUTORIAL/py_env/lib/python3.11/site-packages/airflow/example_dags/tutorial_dag.py
[2023-12-18T23:06:55.777+0100] {processor.py:839} INFO - DAG(s) dict_keys(['tutorial_dag']) retrieved from /Users/user/Desktop/Learning/AIRFLOW-TUTORIAL/py_env/lib/python3.11/site-packages/airflow/example_dags/tutorial_dag.py
[2023-12-18T23:06:56.102+0100] {logging_mixin.py:154} INFO - [2023-12-18T23:06:56.102+0100] {dag.py:2941} INFO - Sync 1 DAGs
[2023-12-18T23:06:56.125+0100] {logging_mixin.py:154} INFO - [2023-12-18T23:06:56.125+0100] {dag.py:3722} INFO - Setting next_dagrun for tutorial_dag to None, run_after=None
[2023-12-18T23:06:56.164+0100] {processor.py:179} INFO - Processing /Users/user/Desktop/Learning/AIRFLOW-TUTORIAL/py_env/lib/python3.11/site-packages/airflow/example_dags/tutorial_dag.py took 0.487 seconds
