[2023-12-29T19:21:16.266+0100] {taskinstance.py:1159} INFO - Dependencies all met for dep_context=non-requeueable deps ti=<TaskInstance: our_first_dag_v4.third_task scheduled__2023-01-23T00:00:00+00:00 [queued]>
[2023-12-29T19:21:16.275+0100] {taskinstance.py:1159} INFO - Dependencies all met for dep_context=requeueable deps ti=<TaskInstance: our_first_dag_v4.third_task scheduled__2023-01-23T00:00:00+00:00 [queued]>
[2023-12-29T19:21:16.276+0100] {taskinstance.py:1361} INFO - Starting attempt 6 of 6
[2023-12-29T19:21:16.291+0100] {taskinstance.py:1382} INFO - Executing <Task(BashOperator): third_task> on 2023-01-23 00:00:00+00:00
[2023-12-29T19:21:16.294+0100] {standard_task_runner.py:57} INFO - Started process 63889 to run task
[2023-12-29T19:21:16.302+0100] {standard_task_runner.py:84} INFO - Running: ['airflow', 'tasks', 'run', 'our_first_dag_v4', 'third_task', 'scheduled__2023-01-23T00:00:00+00:00', '--job-id', '10585', '--raw', '--subdir', '/Users/user/Desktop/Learning/AIRFLOW-TUTORIAL/methode-1/dags/our_first_dag.py', '--cfg-path', '/var/folders/gn/cr4yj18d1tv34pkws9v_kq1r0000gn/T/tmpyxj2r4ji']
[2023-12-29T19:21:16.305+0100] {standard_task_runner.py:85} INFO - Job 10585: Subtask third_task
[2023-12-29T19:21:16.364+0100] {task_command.py:416} INFO - Running <TaskInstance: our_first_dag_v4.third_task scheduled__2023-01-23T00:00:00+00:00 [running]> on host macbook-pro-de-user.local
[2023-12-29T19:21:16.929+0100] {taskinstance.py:1662} INFO - Exporting env vars: AIRFLOW_CTX_DAG_OWNER='aida' AIRFLOW_CTX_DAG_ID='our_first_dag_v4' AIRFLOW_CTX_TASK_ID='third_task' AIRFLOW_CTX_EXECUTION_DATE='2023-01-23T00:00:00+00:00' AIRFLOW_CTX_TRY_NUMBER='6' AIRFLOW_CTX_DAG_RUN_ID='scheduled__2023-01-23T00:00:00+00:00'
[2023-12-29T19:21:16.931+0100] {subprocess.py:63} INFO - Tmp dir root location: /var/folders/gn/cr4yj18d1tv34pkws9v_kq1r0000gn/T
[2023-12-29T19:21:16.931+0100] {subprocess.py:75} INFO - Running command: ['/bin/bash', '-c', 'I am task 3 and I will be running after the task 2!']
[2023-12-29T19:21:16.939+0100] {subprocess.py:86} INFO - Output:
[2023-12-29T19:21:16.942+0100] {subprocess.py:93} INFO - /bin/bash: I: command not found
[2023-12-29T19:21:16.943+0100] {subprocess.py:97} INFO - Command exited with return code 127
[2023-12-29T19:21:16.952+0100] {taskinstance.py:1937} ERROR - Task failed with exception
Traceback (most recent call last):
  File "/Users/user/Desktop/Learning/AIRFLOW-TUTORIAL/py_env/lib/python3.11/site-packages/airflow/operators/bash.py", line 210, in execute
    raise AirflowException(
airflow.exceptions.AirflowException: Bash command failed. The command returned a non-zero exit code 127.
[2023-12-29T19:21:16.956+0100] {taskinstance.py:1400} INFO - Marking task as FAILED. dag_id=our_first_dag_v4, task_id=third_task, execution_date=20230123T000000, start_date=20231229T182116, end_date=20231229T182116
[2023-12-29T19:21:16.966+0100] {standard_task_runner.py:104} ERROR - Failed to execute job 10585 for task third_task (Bash command failed. The command returned a non-zero exit code 127.; 63889)
[2023-12-29T19:21:17.012+0100] {local_task_job_runner.py:228} INFO - Task exited with return code 1
[2023-12-29T19:21:17.027+0100] {taskinstance.py:2778} INFO - 0 downstream tasks scheduled from follow-on schedule check
