[2023-12-29T14:23:46.090+0100] {taskinstance.py:1159} INFO - Dependencies all met for dep_context=non-requeueable deps ti=<TaskInstance: our_first_dag_v4.third_task scheduled__2022-08-24T00:00:00+00:00 [queued]>
[2023-12-29T14:23:46.101+0100] {taskinstance.py:1159} INFO - Dependencies all met for dep_context=requeueable deps ti=<TaskInstance: our_first_dag_v4.third_task scheduled__2022-08-24T00:00:00+00:00 [queued]>
[2023-12-29T14:23:46.101+0100] {taskinstance.py:1361} INFO - Starting attempt 1 of 6
[2023-12-29T14:23:46.116+0100] {taskinstance.py:1382} INFO - Executing <Task(BashOperator): third_task> on 2022-08-24 00:00:00+00:00
[2023-12-29T14:23:46.119+0100] {standard_task_runner.py:57} INFO - Started process 69426 to run task
[2023-12-29T14:23:46.126+0100] {standard_task_runner.py:84} INFO - Running: ['airflow', 'tasks', 'run', 'our_first_dag_v4', 'third_task', 'scheduled__2022-08-24T00:00:00+00:00', '--job-id', '7469', '--raw', '--subdir', '/Users/user/Desktop/Learning/AIRFLOW-TUTORIAL/methode-1/dags/our_first_dag.py', '--cfg-path', '/var/folders/gn/cr4yj18d1tv34pkws9v_kq1r0000gn/T/tmp6gd_ydih']
[2023-12-29T14:23:46.130+0100] {standard_task_runner.py:85} INFO - Job 7469: Subtask third_task
[2023-12-29T14:23:46.192+0100] {task_command.py:416} INFO - Running <TaskInstance: our_first_dag_v4.third_task scheduled__2022-08-24T00:00:00+00:00 [running]> on host macbook-pro-de-user.local
[2023-12-29T14:23:46.738+0100] {taskinstance.py:1662} INFO - Exporting env vars: AIRFLOW_CTX_DAG_OWNER='aida' AIRFLOW_CTX_DAG_ID='our_first_dag_v4' AIRFLOW_CTX_TASK_ID='third_task' AIRFLOW_CTX_EXECUTION_DATE='2022-08-24T00:00:00+00:00' AIRFLOW_CTX_TRY_NUMBER='1' AIRFLOW_CTX_DAG_RUN_ID='scheduled__2022-08-24T00:00:00+00:00'
[2023-12-29T14:23:46.740+0100] {subprocess.py:63} INFO - Tmp dir root location: /var/folders/gn/cr4yj18d1tv34pkws9v_kq1r0000gn/T
[2023-12-29T14:23:46.741+0100] {subprocess.py:75} INFO - Running command: ['/bin/bash', '-c', 'I am task 3 and I will be running after the task 2!']
[2023-12-29T14:23:46.748+0100] {subprocess.py:86} INFO - Output:
[2023-12-29T14:23:46.751+0100] {subprocess.py:93} INFO - /bin/bash: I: command not found
[2023-12-29T14:23:46.751+0100] {subprocess.py:97} INFO - Command exited with return code 127
[2023-12-29T14:23:46.762+0100] {taskinstance.py:1937} ERROR - Task failed with exception
Traceback (most recent call last):
  File "/Users/user/Desktop/Learning/AIRFLOW-TUTORIAL/py_env/lib/python3.11/site-packages/airflow/operators/bash.py", line 210, in execute
    raise AirflowException(
airflow.exceptions.AirflowException: Bash command failed. The command returned a non-zero exit code 127.
[2023-12-29T14:23:46.766+0100] {taskinstance.py:1400} INFO - Marking task as UP_FOR_RETRY. dag_id=our_first_dag_v4, task_id=third_task, execution_date=20220824T000000, start_date=20231229T132346, end_date=20231229T132346
[2023-12-29T14:23:46.777+0100] {standard_task_runner.py:104} ERROR - Failed to execute job 7469 for task third_task (Bash command failed. The command returned a non-zero exit code 127.; 69426)
[2023-12-29T14:23:46.814+0100] {local_task_job_runner.py:228} INFO - Task exited with return code 1
[2023-12-29T14:23:46.831+0100] {taskinstance.py:2778} INFO - 0 downstream tasks scheduled from follow-on schedule check
