[2024-01-01T14:47:01.290+0100] {taskinstance.py:1159} INFO - Dependencies all met for dep_context=non-requeueable deps ti=<TaskInstance: our_first_dag_v4.third_task scheduled__2023-03-15T00:00:00+00:00 [queued]>
[2024-01-01T14:47:01.299+0100] {taskinstance.py:1159} INFO - Dependencies all met for dep_context=requeueable deps ti=<TaskInstance: our_first_dag_v4.third_task scheduled__2023-03-15T00:00:00+00:00 [queued]>
[2024-01-01T14:47:01.299+0100] {taskinstance.py:1361} INFO - Starting attempt 6 of 6
[2024-01-01T14:47:01.311+0100] {taskinstance.py:1382} INFO - Executing <Task(BashOperator): third_task> on 2023-03-15 00:00:00+00:00
[2024-01-01T14:47:01.314+0100] {standard_task_runner.py:57} INFO - Started process 92889 to run task
[2024-01-01T14:47:01.321+0100] {standard_task_runner.py:84} INFO - Running: ['airflow', 'tasks', 'run', 'our_first_dag_v4', 'third_task', 'scheduled__2023-03-15T00:00:00+00:00', '--job-id', '11461', '--raw', '--subdir', '/Users/user/Desktop/Learning/AIRFLOW-TUTORIAL/methode-1/dags/our_first_dag.py', '--cfg-path', '/var/folders/gn/cr4yj18d1tv34pkws9v_kq1r0000gn/T/tmp7kh_ez9z']
[2024-01-01T14:47:01.324+0100] {standard_task_runner.py:85} INFO - Job 11461: Subtask third_task
[2024-01-01T14:47:01.385+0100] {task_command.py:416} INFO - Running <TaskInstance: our_first_dag_v4.third_task scheduled__2023-03-15T00:00:00+00:00 [running]> on host macbook-pro-de-user.local
[2024-01-01T14:47:01.998+0100] {taskinstance.py:1662} INFO - Exporting env vars: AIRFLOW_CTX_DAG_OWNER='aida' AIRFLOW_CTX_DAG_ID='our_first_dag_v4' AIRFLOW_CTX_TASK_ID='third_task' AIRFLOW_CTX_EXECUTION_DATE='2023-03-15T00:00:00+00:00' AIRFLOW_CTX_TRY_NUMBER='6' AIRFLOW_CTX_DAG_RUN_ID='scheduled__2023-03-15T00:00:00+00:00'
[2024-01-01T14:47:01.999+0100] {subprocess.py:63} INFO - Tmp dir root location: /var/folders/gn/cr4yj18d1tv34pkws9v_kq1r0000gn/T
[2024-01-01T14:47:02.000+0100] {subprocess.py:75} INFO - Running command: ['/bin/bash', '-c', 'I am task 3 and I will be running after the task 2!']
[2024-01-01T14:47:02.010+0100] {subprocess.py:86} INFO - Output:
[2024-01-01T14:47:02.013+0100] {subprocess.py:93} INFO - /bin/bash: I: command not found
[2024-01-01T14:47:02.014+0100] {subprocess.py:97} INFO - Command exited with return code 127
[2024-01-01T14:47:02.024+0100] {taskinstance.py:1937} ERROR - Task failed with exception
Traceback (most recent call last):
  File "/Users/user/Desktop/Learning/AIRFLOW-TUTORIAL/py_env/lib/python3.11/site-packages/airflow/operators/bash.py", line 210, in execute
    raise AirflowException(
airflow.exceptions.AirflowException: Bash command failed. The command returned a non-zero exit code 127.
[2024-01-01T14:47:02.029+0100] {taskinstance.py:1400} INFO - Marking task as FAILED. dag_id=our_first_dag_v4, task_id=third_task, execution_date=20230315T000000, start_date=20240101T134701, end_date=20240101T134702
[2024-01-01T14:47:02.041+0100] {standard_task_runner.py:104} ERROR - Failed to execute job 11461 for task third_task (Bash command failed. The command returned a non-zero exit code 127.; 92889)
[2024-01-01T14:47:02.081+0100] {local_task_job_runner.py:228} INFO - Task exited with return code 1
[2024-01-01T14:47:02.101+0100] {taskinstance.py:2778} INFO - 0 downstream tasks scheduled from follow-on schedule check
