[2023-12-28T17:45:58.747+0100] {taskinstance.py:1159} INFO - Dependencies all met for dep_context=non-requeueable deps ti=<TaskInstance: first_dag_with_python_operator_v05.greet scheduled__2021-09-17T00:00:00+00:00 [queued]>
[2023-12-28T17:45:58.754+0100] {taskinstance.py:1159} INFO - Dependencies all met for dep_context=requeueable deps ti=<TaskInstance: first_dag_with_python_operator_v05.greet scheduled__2021-09-17T00:00:00+00:00 [queued]>
[2023-12-28T17:45:58.754+0100] {taskinstance.py:1361} INFO - Starting attempt 1 of 1
[2023-12-28T17:45:58.766+0100] {taskinstance.py:1382} INFO - Executing <Task(PythonOperator): greet> on 2021-09-17 00:00:00+00:00
[2023-12-28T17:45:58.768+0100] {standard_task_runner.py:57} INFO - Started process 86377 to run task
[2023-12-28T17:45:58.774+0100] {standard_task_runner.py:84} INFO - Running: ['airflow', 'tasks', 'run', 'first_dag_with_python_operator_v05', 'greet', 'scheduled__2021-09-17T00:00:00+00:00', '--job-id', '1402', '--raw', '--subdir', '/Users/user/Desktop/Learning/AIRFLOW-TUTORIAL/methode-1/dags/first_dag_with_python_operator.py', '--cfg-path', '/var/folders/gn/cr4yj18d1tv34pkws9v_kq1r0000gn/T/tmp54doj9bz']
[2023-12-28T17:45:58.777+0100] {standard_task_runner.py:85} INFO - Job 1402: Subtask greet
[2023-12-28T17:45:58.818+0100] {task_command.py:416} INFO - Running <TaskInstance: first_dag_with_python_operator_v05.greet scheduled__2021-09-17T00:00:00+00:00 [running]> on host macbook-pro-de-user.local
[2023-12-28T17:45:59.304+0100] {taskinstance.py:1662} INFO - Exporting env vars: AIRFLOW_CTX_DAG_OWNER='aidasow' AIRFLOW_CTX_DAG_ID='first_dag_with_python_operator_v05' AIRFLOW_CTX_TASK_ID='greet' AIRFLOW_CTX_EXECUTION_DATE='2021-09-17T00:00:00+00:00' AIRFLOW_CTX_TRY_NUMBER='1' AIRFLOW_CTX_DAG_RUN_ID='scheduled__2021-09-17T00:00:00+00:00'
[2023-12-28T17:45:59.305+0100] {taskinstance.py:1937} ERROR - Task failed with exception
Traceback (most recent call last):
  File "/Users/user/Desktop/Learning/AIRFLOW-TUTORIAL/py_env/lib/python3.11/site-packages/airflow/operators/python.py", line 192, in execute
    return_value = self.execute_callable()
                   ^^^^^^^^^^^^^^^^^^^^^^^
  File "/Users/user/Desktop/Learning/AIRFLOW-TUTORIAL/py_env/lib/python3.11/site-packages/airflow/operators/python.py", line 209, in execute_callable
    return self.python_callable(*self.op_args, **self.op_kwargs)
           ^^^^^^^^^^^^^^^^^^^^^^^^^^^^^^^^^^^^^^^^^^^^^^^^^^^^^
TypeError: greet() missing 1 required positional argument: 'age'
[2023-12-28T17:45:59.309+0100] {taskinstance.py:1400} INFO - Marking task as FAILED. dag_id=first_dag_with_python_operator_v05, task_id=greet, execution_date=20210917T000000, start_date=20231228T164558, end_date=20231228T164559
[2023-12-28T17:45:59.317+0100] {standard_task_runner.py:104} ERROR - Failed to execute job 1402 for task greet (greet() missing 1 required positional argument: 'age'; 86377)
[2023-12-28T17:45:59.348+0100] {local_task_job_runner.py:228} INFO - Task exited with return code 1
[2023-12-28T17:45:59.363+0100] {taskinstance.py:2778} INFO - 0 downstream tasks scheduled from follow-on schedule check
