[2024-01-01T15:11:45.125+0100] {taskinstance.py:1159} INFO - Dependencies all met for dep_context=non-requeueable deps ti=<TaskInstance: our_first_dag_v4.third_task scheduled__2023-04-23T00:00:00+00:00 [queued]>
[2024-01-01T15:11:45.143+0100] {taskinstance.py:1159} INFO - Dependencies all met for dep_context=requeueable deps ti=<TaskInstance: our_first_dag_v4.third_task scheduled__2023-04-23T00:00:00+00:00 [queued]>
[2024-01-01T15:11:45.143+0100] {taskinstance.py:1361} INFO - Starting attempt 2 of 6
[2024-01-01T15:11:45.156+0100] {taskinstance.py:1382} INFO - Executing <Task(BashOperator): third_task> on 2023-04-23 00:00:00+00:00
[2024-01-01T15:11:45.158+0100] {standard_task_runner.py:57} INFO - Started process 6024 to run task
[2024-01-01T15:11:45.165+0100] {standard_task_runner.py:84} INFO - Running: ['airflow', 'tasks', 'run', 'our_first_dag_v4', 'third_task', 'scheduled__2023-04-23T00:00:00+00:00', '--job-id', '11746', '--raw', '--subdir', '/Users/user/Desktop/Learning/AIRFLOW-TUTORIAL/methode-1/dags/our_first_dag.py', '--cfg-path', '/var/folders/gn/cr4yj18d1tv34pkws9v_kq1r0000gn/T/tmpn7u9ve74']
[2024-01-01T15:11:45.168+0100] {standard_task_runner.py:85} INFO - Job 11746: Subtask third_task
[2024-01-01T15:11:45.235+0100] {task_command.py:416} INFO - Running <TaskInstance: our_first_dag_v4.third_task scheduled__2023-04-23T00:00:00+00:00 [running]> on host macbook-pro-de-user.local
[2024-01-01T15:11:45.802+0100] {taskinstance.py:1662} INFO - Exporting env vars: AIRFLOW_CTX_DAG_OWNER='aida' AIRFLOW_CTX_DAG_ID='our_first_dag_v4' AIRFLOW_CTX_TASK_ID='third_task' AIRFLOW_CTX_EXECUTION_DATE='2023-04-23T00:00:00+00:00' AIRFLOW_CTX_TRY_NUMBER='2' AIRFLOW_CTX_DAG_RUN_ID='scheduled__2023-04-23T00:00:00+00:00'
[2024-01-01T15:11:45.803+0100] {subprocess.py:63} INFO - Tmp dir root location: /var/folders/gn/cr4yj18d1tv34pkws9v_kq1r0000gn/T
[2024-01-01T15:11:45.804+0100] {subprocess.py:75} INFO - Running command: ['/bin/bash', '-c', 'I am task 3 and I will be running after the task 2!']
[2024-01-01T15:11:45.813+0100] {subprocess.py:86} INFO - Output:
[2024-01-01T15:11:45.816+0100] {subprocess.py:93} INFO - /bin/bash: I: command not found
[2024-01-01T15:11:45.817+0100] {subprocess.py:97} INFO - Command exited with return code 127
[2024-01-01T15:11:45.828+0100] {taskinstance.py:1937} ERROR - Task failed with exception
Traceback (most recent call last):
  File "/Users/user/Desktop/Learning/AIRFLOW-TUTORIAL/py_env/lib/python3.11/site-packages/airflow/operators/bash.py", line 210, in execute
    raise AirflowException(
airflow.exceptions.AirflowException: Bash command failed. The command returned a non-zero exit code 127.
[2024-01-01T15:11:45.833+0100] {taskinstance.py:1400} INFO - Marking task as UP_FOR_RETRY. dag_id=our_first_dag_v4, task_id=third_task, execution_date=20230423T000000, start_date=20240101T141145, end_date=20240101T141145
[2024-01-01T15:11:45.845+0100] {standard_task_runner.py:104} ERROR - Failed to execute job 11746 for task third_task (Bash command failed. The command returned a non-zero exit code 127.; 6024)
[2024-01-01T15:11:45.887+0100] {local_task_job_runner.py:228} INFO - Task exited with return code 1
[2024-01-01T15:11:45.907+0100] {taskinstance.py:2778} INFO - 0 downstream tasks scheduled from follow-on schedule check
