[2024-01-04T01:27:17.198+0100] {taskinstance.py:1159} INFO - Dependencies all met for dep_context=non-requeueable deps ti=<TaskInstance: dag_hook_v01.task1 manual__2024-01-04T00:19:30.091320+00:00 [queued]>
[2024-01-04T01:27:17.242+0100] {taskinstance.py:1159} INFO - Dependencies all met for dep_context=requeueable deps ti=<TaskInstance: dag_hook_v01.task1 manual__2024-01-04T00:19:30.091320+00:00 [queued]>
[2024-01-04T01:27:17.243+0100] {taskinstance.py:1361} INFO - Starting attempt 1 of 6
[2024-01-04T01:27:17.305+0100] {taskinstance.py:1382} INFO - Executing <Task(PythonOperator): task1> on 2024-01-04 00:19:30.091320+00:00
[2024-01-04T01:27:17.312+0100] {standard_task_runner.py:57} INFO - Started process 1738 to run task
[2024-01-04T01:27:17.319+0100] {standard_task_runner.py:84} INFO - Running: ['airflow', 'tasks', 'run', 'dag_hook_v01', 'task1', 'manual__2024-01-04T00:19:30.091320+00:00', '--job-id', '15273', '--raw', '--subdir', '/Users/user/Desktop/Learning/AIRFLOW-TUTORIAL/methode-1/dags/dag_hook.py', '--cfg-path', '/var/folders/gn/cr4yj18d1tv34pkws9v_kq1r0000gn/T/tmpqhilcrm4']
[2024-01-04T01:27:17.325+0100] {standard_task_runner.py:85} INFO - Job 15273: Subtask task1
[2024-01-04T01:27:17.453+0100] {task_command.py:416} INFO - Running <TaskInstance: dag_hook_v01.task1 manual__2024-01-04T00:19:30.091320+00:00 [running]> on host macbook-pro-de-user.local
[2024-01-04T01:27:21.274+0100] {taskinstance.py:1662} INFO - Exporting env vars: AIRFLOW_CTX_DAG_OWNER='aida' AIRFLOW_CTX_DAG_ID='dag_hook_v01' AIRFLOW_CTX_TASK_ID='task1' AIRFLOW_CTX_EXECUTION_DATE='2024-01-04T00:19:30.091320+00:00' AIRFLOW_CTX_TRY_NUMBER='1' AIRFLOW_CTX_DAG_RUN_ID='manual__2024-01-04T00:19:30.091320+00:00'
[2024-01-04T01:27:21.305+0100] {base.py:73} INFO - Using connection ID 'postgres_localhost' for task execution.
[2024-01-04T01:27:21.403+0100] {taskinstance.py:1937} ERROR - Task failed with exception
Traceback (most recent call last):
  File "/Users/user/Desktop/Learning/AIRFLOW-TUTORIAL/py_env/lib/python3.11/site-packages/airflow/operators/python.py", line 192, in execute
    return_value = self.execute_callable()
                   ^^^^^^^^^^^^^^^^^^^^^^^
  File "/Users/user/Desktop/Learning/AIRFLOW-TUTORIAL/py_env/lib/python3.11/site-packages/airflow/operators/python.py", line 209, in execute_callable
    return self.python_callable(*self.op_args, **self.op_kwargs)
           ^^^^^^^^^^^^^^^^^^^^^^^^^^^^^^^^^^^^^^^^^^^^^^^^^^^^^
  File "/Users/user/Desktop/Learning/AIRFLOW-TUTORIAL/methode-1/dags/dag_hook.py", line 26, in postgres_to_s3
    logging.log("Saved data into text file get_orders.txt")
TypeError: log() missing 1 required positional argument: 'msg'
[2024-01-04T01:27:21.570+0100] {taskinstance.py:1400} INFO - Marking task as UP_FOR_RETRY. dag_id=dag_hook_v01, task_id=task1, execution_date=20240104T001930, start_date=20240104T002717, end_date=20240104T002721
[2024-01-04T01:27:21.587+0100] {standard_task_runner.py:104} ERROR - Failed to execute job 15273 for task task1 (log() missing 1 required positional argument: 'msg'; 1738)
[2024-01-04T01:27:21.812+0100] {local_task_job_runner.py:228} INFO - Task exited with return code 1
[2024-01-04T01:27:21.836+0100] {taskinstance.py:2778} INFO - 0 downstream tasks scheduled from follow-on schedule check
