[2024-01-01T15:46:40.922+0100] {taskinstance.py:1159} INFO - Dependencies all met for dep_context=non-requeueable deps ti=<TaskInstance: our_first_dag_v4.third_task scheduled__2023-06-09T00:00:00+00:00 [queued]>
[2024-01-01T15:46:40.929+0100] {taskinstance.py:1159} INFO - Dependencies all met for dep_context=requeueable deps ti=<TaskInstance: our_first_dag_v4.third_task scheduled__2023-06-09T00:00:00+00:00 [queued]>
[2024-01-01T15:46:40.929+0100] {taskinstance.py:1361} INFO - Starting attempt 3 of 6
[2024-01-01T15:46:40.938+0100] {taskinstance.py:1382} INFO - Executing <Task(BashOperator): third_task> on 2023-06-09 00:00:00+00:00
[2024-01-01T15:46:40.940+0100] {standard_task_runner.py:57} INFO - Started process 25520 to run task
[2024-01-01T15:46:40.945+0100] {standard_task_runner.py:84} INFO - Running: ['airflow', 'tasks', 'run', 'our_first_dag_v4', 'third_task', 'scheduled__2023-06-09T00:00:00+00:00', '--job-id', '12145', '--raw', '--subdir', '/Users/user/Desktop/Learning/AIRFLOW-TUTORIAL/methode-1/dags/our_first_dag.py', '--cfg-path', '/var/folders/gn/cr4yj18d1tv34pkws9v_kq1r0000gn/T/tmp1_ugfs89']
[2024-01-01T15:46:40.947+0100] {standard_task_runner.py:85} INFO - Job 12145: Subtask third_task
[2024-01-01T15:46:40.986+0100] {task_command.py:416} INFO - Running <TaskInstance: our_first_dag_v4.third_task scheduled__2023-06-09T00:00:00+00:00 [running]> on host macbook-pro-de-user.local
[2024-01-01T15:46:41.371+0100] {taskinstance.py:1662} INFO - Exporting env vars: AIRFLOW_CTX_DAG_OWNER='aida' AIRFLOW_CTX_DAG_ID='our_first_dag_v4' AIRFLOW_CTX_TASK_ID='third_task' AIRFLOW_CTX_EXECUTION_DATE='2023-06-09T00:00:00+00:00' AIRFLOW_CTX_TRY_NUMBER='3' AIRFLOW_CTX_DAG_RUN_ID='scheduled__2023-06-09T00:00:00+00:00'
[2024-01-01T15:46:41.372+0100] {subprocess.py:63} INFO - Tmp dir root location: /var/folders/gn/cr4yj18d1tv34pkws9v_kq1r0000gn/T
[2024-01-01T15:46:41.372+0100] {subprocess.py:75} INFO - Running command: ['/bin/bash', '-c', 'I am task 3 and I will be running after the task 2!']
[2024-01-01T15:46:41.379+0100] {subprocess.py:86} INFO - Output:
[2024-01-01T15:46:41.381+0100] {subprocess.py:93} INFO - /bin/bash: I: command not found
[2024-01-01T15:46:41.382+0100] {subprocess.py:97} INFO - Command exited with return code 127
[2024-01-01T15:46:41.389+0100] {taskinstance.py:1937} ERROR - Task failed with exception
Traceback (most recent call last):
  File "/Users/user/Desktop/Learning/AIRFLOW-TUTORIAL/py_env/lib/python3.11/site-packages/airflow/operators/bash.py", line 210, in execute
    raise AirflowException(
airflow.exceptions.AirflowException: Bash command failed. The command returned a non-zero exit code 127.
[2024-01-01T15:46:41.392+0100] {taskinstance.py:1400} INFO - Marking task as UP_FOR_RETRY. dag_id=our_first_dag_v4, task_id=third_task, execution_date=20230609T000000, start_date=20240101T144640, end_date=20240101T144641
[2024-01-01T15:46:41.400+0100] {standard_task_runner.py:104} ERROR - Failed to execute job 12145 for task third_task (Bash command failed. The command returned a non-zero exit code 127.; 25520)
[2024-01-01T15:46:41.420+0100] {local_task_job_runner.py:228} INFO - Task exited with return code 1
[2024-01-01T15:46:41.434+0100] {taskinstance.py:2778} INFO - 0 downstream tasks scheduled from follow-on schedule check
